
Initial statistics: 60 variables; iteration 0; function evaluation 0; phase 1
Function value 1.8481345e+03; maximum gradient component mag -4.9907e+04
Var    Value     Gradient |Var    Value     Gradient |Var    Value     Gradient
  1 -0.32528 -4.99067e+04 |  2 -0.03910 -2.39402e+03 |  3  0.00000 -9.36218e-01
  4  0.00000 -5.00216e-01 |  5  0.00000 -7.58484e-01 |  6  0.00000 -1.14810e+00
  7  0.00000 -1.73135e+00 |  8  0.00000 -2.58969e+00 |  9  0.00000 -3.85907e+00
 10  0.00000 -5.70455e+00 | 11  0.00000 -8.37965e+00 | 12  0.00000 -1.22130e+01
 13  0.00000 -1.76071e+01 | 14  0.00000 -2.50099e+01 | 15  0.00000 -3.51777e+01
 16  0.00000 -4.90248e+01 | 17  0.00000 -6.76271e+01 | 18  0.00000 -9.23504e+01
 19  0.00000 -1.24890e+02 | 20  0.00000 -1.67299e+02 | 21  0.00000 -2.23292e+02
 22  0.00000 -2.99440e+02 | 23  0.00000  2.96511e+03 | 24  0.00000  2.80347e+03
 25  0.00000  2.70710e+03 | 26  0.00000  2.74233e+03 | 27  0.00000  2.60607e+03
 28  0.00000  1.79805e+03 | 29  0.00000  1.97616e+03 | 30  0.00000  1.57925e+03
 31  0.00000  2.16633e+03 | 32  0.00000  2.66896e+03 | 33  0.00000  2.83799e+03
 34  0.00000  2.22745e+03 | 35  0.00000  1.26020e+03 | 36  0.00000  7.91769e+02
 37  0.00000  3.39093e+02 | 38  0.00000 -1.67143e+02 | 39  0.00000  2.83258e+02
 40  0.00000  9.66147e+02 | 41  0.00000  1.03323e+03 | 42  0.00000  6.01575e+02
 43  0.00000  6.26599e+02 | 44  0.00000  5.01692e+02 | 45  0.00000 -6.68839e+01
 46  0.00000  7.09232e+01 | 47  0.00000  7.34254e+02 | 48  0.00000  7.33235e+02
 49  0.00000  5.76766e+02 | 50  0.00000  2.29503e+02 | 51  0.00000 -7.27816e+02
 52  0.00000 -1.52040e+03 | 53  0.00000 -1.94738e+03 | 54  0.00000 -2.78568e+03
 55  0.00000 -2.36757e+03 | 56  0.00000 -2.41698e+03 | 57  0.00000 -4.31374e+03
 58  0.00000 -9.22530e+03 | 59  0.00000 -9.56024e+03 | 60  0.00000 -2.72738e+03

Intermediate statistics: 60 variables; iteration 20; function evaluation 33; phase 1
Function value 2.0215568e+02; maximum gradient component mag 1.2422e+03
Var    Value     Gradient |Var    Value     Gradient |Var    Value     Gradient
  1 -0.30966  1.24218e+03 |  2 -0.02966  5.65560e+02 |  3 -0.00097  1.66423e-01
  4 -0.00052  8.94222e-02 |  5 -0.00079  1.35498e-01 |  6 -0.00120  2.04873e-01
  7 -0.00182  3.08276e-01 |  8 -0.00275  4.60083e-01 |  9 -0.00411  6.80435e-01
 10 -0.00611  9.95167e-01 | 11 -0.00895  1.43401e+00 | 12 -0.01297  2.03115e+00
 13 -0.01830  2.80844e+00 | 14 -0.02493  3.77913e+00 | 15 -0.03263  4.99198e+00
 16 -0.04014  6.55469e+00 | 17 -0.04503  8.73053e+00 | 18 -0.04354  1.20291e+01
 19 -0.03286  1.70826e+01 | 20 -0.01551  2.41911e+01 | 21  0.00435  3.32416e+01
 22  0.03599  4.50116e+01 | 23  0.09046  2.28793e+01 | 24  0.07516  2.87581e+01
 25  0.03124  3.54093e+01 | 26 -0.04215  6.67588e+01 | 27 -0.05696  1.15240e+02
 28  0.08964  2.00901e+02 | 29 -0.01268  1.65134e+02 | 30  0.08890  1.20103e+02
 31 -0.00792  5.54509e+01 | 32 -0.09397  1.04082e+00 | 33 -0.29312 -8.10020e+01
 34 -0.06387  5.42627e+01 | 35  0.03774  1.00870e+02 | 36  0.02599  1.49138e+02
 37  0.04324  2.02246e+02 | 38  0.12127  2.83221e+02 | 39  0.02296  1.72399e+02
 40 -0.05062  7.54856e+01 | 41 -0.06554 -5.02539e+00 | 42  0.04582 -7.96920e+01
 43 -0.00680 -3.14761e+01 | 44 -0.05207 -3.35196e+01 | 45  0.07483 -6.21658e+01
 46  0.05279 -5.87436e+01 | 47 -0.08899 -1.05530e+02 | 48 -0.02549 -9.58292e+01
 49 -0.04902 -1.18736e+02 | 50 -0.10571 -1.49329e+02 | 51  0.01247 -1.22938e+02
 52  0.03826 -1.05776e+02 | 53 -0.02554 -4.01141e+01 | 54  0.12918 -6.05682e+01
 55 -0.06063 -8.64475e+01 | 56  0.10016 -9.87927e+01 | 57  0.07515 -1.46491e+02
 58 -0.03908 -1.09332e+02 | 59  0.19915 -1.05520e+02 | 60 -0.22310 -1.06628e+02
60 variables; iteration 40; function evaluation 54; phase 1
Function value 1.8273269e+02; maximum gradient component mag 4.4648e+02
Var    Value     Gradient |Var    Value     Gradient |Var    Value     Gradient
  1 -0.31351  4.46476e+02 |  2 -0.03983  1.69295e+02 |  3  0.01000  1.61670e+00
  4  0.00546  8.75538e-01 |  5  0.00812  1.30986e+00 |  6  0.01199  1.95165e+00
  7  0.01746  2.87724e+00 |  8  0.02492  4.18425e+00 |  9  0.03413  5.90098e+00
 10  0.04443  8.04713e+00 | 11  0.05297  1.03245e+01 | 12  0.05517  1.21306e+01
 13  0.04494  1.22761e+01 | 14  0.01912  9.70041e+00 | 15 -0.01992  4.44377e+00
 16 -0.05843 -9.55727e-01 | 17 -0.06804 -9.97816e-01 | 18 -0.02885  9.45041e+00
 19  0.02382  2.48965e+01 | 20  0.04737  3.14022e+01 | 21  0.03023  2.24234e+01
 22 -0.05531 -2.16076e+00 | 23  0.09870  2.97371e+00 | 24  0.06796  8.83268e+00
 25  0.05922  4.18774e+01 | 26 -0.07561  1.61223e+01 | 27 -0.09892  2.76654e+01
 28  0.09514  6.16284e+01 | 29 -0.05605  5.50126e+01 | 30  0.10484  9.70866e+01
 31 -0.01100  4.45243e+01 | 32 -0.09720  9.28779e+00 | 33 -0.25554 -2.95579e+01
 34 -0.08100  5.41416e+00 | 35  0.04359  2.17109e+01 | 36  0.02322  4.28996e+01
 37  0.02805  4.08178e+01 | 38  0.12308  1.68267e+01 | 39  0.01775  4.94964e+01
 40 -0.07652  5.09986e+00 | 41 -0.06377  2.31283e+00 | 42  0.05490 -2.04312e+01
 43 -0.00288  3.04042e+01 | 44 -0.04790  1.56854e+01 | 45  0.07332 -5.21328e+01
 46  0.05182 -2.26198e+01 | 47 -0.07244 -3.62477e+01 | 48 -0.03995 -5.79613e+01
 49 -0.03762  2.15777e+00 | 50 -0.07604 -7.36502e+00 | 51  0.00870 -2.33736e+01
 52  0.04746 -8.11363e+00 | 53 -0.04331 -3.89767e+01 | 54  0.12808 -4.48171e+01
 55 -0.03464 -1.13144e+01 | 56  0.09459 -3.82367e+01 | 57  0.08878 -5.24656e+01
 58 -0.04395 -5.92828e+01 | 59  0.19076 -7.26497e+01 | 60 -0.19167 -5.42203e+01
60 variables; iteration 60; function evaluation 86; phase 1
Function value 1.7183949e+02; maximum gradient component mag -9.6342e+01
Var    Value     Gradient |Var    Value     Gradient |Var    Value     Gradient
  1 -0.31969 -9.63415e+01 |  2 -0.03931 -2.86616e+00 |  3 -0.00001  1.70689e-01
  4  0.00279  4.83947e-01 |  5  0.00136  3.31748e-01 |  6 -0.00196 -6.34341e-02
  7 -0.00635 -5.78127e-01 |  8 -0.00798 -6.52007e-01 |  9 -0.00414  1.36893e-01
 10 -0.00475  4.03460e-01 | 11 -0.01662 -8.76542e-01 | 12 -0.01434  1.65762e-01
 13 -0.02443 -5.03635e-01 | 14 -0.03070 -3.73233e-01 | 15 -0.03554  2.05998e-01
 16 -0.04951 -8.73687e-01 | 17 -0.04994  1.86258e-01 | 18 -0.05261 -1.95983e-01
 19 -0.04671 -5.30478e-01 | 20 -0.03607 -1.00300e+00 | 21 -0.02169 -4.52342e-01
 22  0.00250 -4.27059e-01 | 23  0.11702  6.45774e+00 | 24  0.07379  7.41088e+00
 25  0.05467  6.13488e+00 | 26 -0.08426  6.35463e+00 | 27 -0.12805  5.56165e+00
 28  0.10571  8.91918e+00 | 29 -0.10055  9.58833e+00 | 30  0.11421  1.09976e+01
 31 -0.01820  4.87675e+00 | 32 -0.10004  4.34267e+00 | 33 -0.23724  4.00307e+00
 34 -0.08655  3.97271e+00 | 35  0.05039  3.95383e+00 | 36  0.02048  1.56856e+00
 37  0.01537  2.69471e+00 | 38  0.13826  3.30844e+00 | 39 -0.00068  1.66619e+00
 40 -0.07426  1.63238e-01 | 41 -0.07765  6.99695e-01 | 42  0.06878  2.13118e+00
 43 -0.01276 -5.87001e-01 | 44 -0.06699 -2.41855e-01 | 45  0.08571  7.54456e-02
 46  0.05014 -7.97835e-01 | 47 -0.07210  2.91752e-01 | 48 -0.02571  5.85625e-02
 49 -0.04528 -1.86318e+00 | 50 -0.07994 -2.64294e+00 | 51  0.01396 -2.33973e+00
 52  0.04654 -4.14325e+00 | 53 -0.04197 -5.12034e+00 | 54  0.13539 -6.82426e+00
 55 -0.06652 -6.02825e+00 | 56  0.10176 -6.04274e+00 | 57  0.09099 -9.89221e+00
 58 -0.04963 -2.18623e+01 | 59  0.20027 -2.24387e+01 | 60 -0.11591 -7.16816e+00
Maximum number of function evaluations exceeded

 - final statistics:
60 variables; iteration 68; function evaluation 100
Function value 1.7174e+02; maximum gradient component mag -1.1626e+02
Exit code = 3;  converg criter 1.0000e+01
Var    Value     Gradient |Var    Value     Gradient |Var    Value     Gradient
  1 -0.32021 -1.16256e+02 |  2 -0.03936 -5.64603e+00 |  3 -0.00093  3.95464e-02
  4 -0.00267 -2.82877e-01 |  5 -0.00069  4.18660e-02 |  6 -0.00199 -6.96189e-02
  7 -0.00220  8.42061e-03 |  8 -0.00126  3.05829e-01 |  9 -0.00522 -2.52642e-02
 10 -0.00850 -1.58264e-01 | 11 -0.00772  4.56389e-01 | 12 -0.01515  2.26628e-02
 13 -0.02174 -8.99607e-02 | 14 -0.02566  4.54315e-01 | 15 -0.03829 -3.22845e-01
 16 -0.04356  1.90258e-01 | 17 -0.05233 -3.28722e-01 | 18 -0.05265 -2.50455e-01
 19 -0.04566 -3.65220e-01 | 20 -0.03349 -5.63105e-01 | 21 -0.02323 -6.91266e-01
 22  0.00195 -4.92816e-01 | 23  0.12068  7.02764e+00 | 24  0.06810  6.84270e+00
 25  0.05829  6.18932e+00 | 26 -0.08698  5.61176e+00 | 27 -0.12916  4.71948e+00
 28  0.10668  2.35266e+00 | 29 -0.10952  1.82780e+00 | 30  0.11482  4.00388e-02
 31 -0.01786  4.24770e+00 | 32 -0.09968  4.56740e+00 | 33 -0.23833  4.29457e+00
 34 -0.08632  3.91247e+00 | 35  0.05037  2.13402e+00 | 36  0.02152  2.57931e+00
 37  0.01425  3.62117e-01 | 38  0.13880 -5.69735e-01 | 39 -0.00169  1.87679e-01
 40 -0.07258  2.46569e+00 | 41 -0.07742  1.94280e+00 | 42  0.06848  3.02492e-01
 43 -0.01172  1.89268e+00 | 44 -0.06704  1.18197e+00 | 45  0.08575  3.31492e-01
 46  0.05058  1.32718e+00 | 47 -0.07228  1.18823e+00 | 48 -0.02572  1.16797e+00
 49 -0.04469  1.34394e+00 | 50 -0.07935  1.43474e-01 | 51  0.01386 -1.88826e+00
 52  0.04675 -2.86610e+00 | 53 -0.04176 -3.41076e+00 | 54  0.13555 -4.15544e+00
 55 -0.06588 -3.74478e+00 | 56  0.10198 -2.74942e+00 | 57  0.09094 -6.80923e+00
 58 -0.04617 -1.79278e+01 | 59  0.20037 -1.94679e+01 | 60 -0.11441 -5.42844e+00

Initial statistics: 65 variables; iteration 0; function evaluation 0; phase 2
Function value 1.7174477e+02; maximum gradient component mag 1.1088e+03
Var    Value     Gradient |Var    Value     Gradient |Var    Value     Gradient
  1 -0.38041 -5.20359e+01 |  2  0.29696 -1.65390e+02 |  3  0.11318  3.24592e+02
  4 -0.56978  1.10883e+03 |  5 -0.49467  9.59867e+02 |  6 -0.32021 -1.16256e+02
  7 -0.03936 -5.64603e+00 |  8 -0.00093  3.95464e-02 |  9 -0.00267 -2.82877e-01
 10 -0.00069  4.18660e-02 | 11 -0.00199 -6.96189e-02 | 12 -0.00220  8.42061e-03
 13 -0.00126  3.05829e-01 | 14 -0.00522 -2.52642e-02 | 15 -0.00850 -1.58264e-01
 16 -0.00772  4.56389e-01 | 17 -0.01515  2.26628e-02 | 18 -0.02174 -8.99607e-02
 19 -0.02566  4.54315e-01 | 20 -0.03829 -3.22845e-01 | 21 -0.04356  1.90258e-01
 22 -0.05233 -3.28722e-01 | 23 -0.05265 -2.50455e-01 | 24 -0.04566 -3.65220e-01
 25 -0.03349 -5.63105e-01 | 26 -0.02323 -6.91266e-01 | 27  0.00195 -4.92816e-01
 28  0.12068  7.01053e+00 | 29  0.06810  6.82538e+00 | 30  0.05829  6.17196e+00
 31 -0.08698  5.59450e+00 | 32 -0.12916  4.70241e+00 | 33  0.10668  2.33548e+00
 34 -0.10953  1.81063e+00 | 35  0.11482  2.28951e-02 | 36 -0.01786  4.23028e+00
 37 -0.09968  4.55018e+00 | 38 -0.23833  4.27834e+00 | 39 -0.08632  3.89520e+00
 40  0.05037  2.11664e+00 | 41  0.02152  2.56189e+00 | 42  0.01425  3.44695e-01
 43  0.13880 -5.86749e-01 | 44 -0.00169  1.70253e-01 | 45 -0.07258  2.44838e+00
 46 -0.07742  1.92550e+00 | 47  0.06848  2.85167e-01 | 48 -0.01172  1.87525e+00
 49 -0.06704  1.16464e+00 | 50  0.08575  3.14224e-01 | 51  0.05058  1.30981e+00
 52 -0.07228  1.17091e+00 | 53 -0.02572  1.15056e+00 | 54 -0.04469  1.32656e+00
 55 -0.07935  1.26183e-01 | 56  0.01386 -1.90569e+00 | 57  0.04675 -2.88348e+00
 58 -0.04176 -3.42815e+00 | 59  0.13555 -4.17247e+00 | 60 -0.06588 -3.76212e+00
 61  0.10198 -2.76662e+00 | 62  0.09094 -6.82648e+00 | 63 -0.04617 -1.79452e+01
 64  0.20037 -1.94844e+01 | 65 -0.11441 -5.44559e+00 |

Intermediate statistics: 65 variables; iteration 20; function evaluation 24; phase 2
Function value 1.5986131e+02; maximum gradient component mag -1.0830e+02
Var    Value     Gradient |Var    Value     Gradient |Var    Value     Gradient
  1 -0.24580  1.21873e+01 |  2  0.34202 -1.08303e+02 |  3  0.13290  8.44214e+00
  4 -0.56459  2.96902e+01 |  5 -0.50681  4.09215e+01 |  6 -0.28205 -6.29117e+01
  7 -0.04077 -8.14510e+01 |  8 -0.00094 -2.55254e-02 |  9 -0.00092 -6.92700e-02
 10 -0.00079 -1.73027e-02 | 11 -0.00138 -4.97161e-02 | 12 -0.00195 -5.27789e-02
 13 -0.00260 -2.47602e-02 | 14 -0.00450 -1.17492e-01 | 15 -0.00684 -1.86395e-01
 16 -0.00926 -1.49164e-01 | 17 -0.01404 -2.96620e-01 | 18 -0.01979 -4.06022e-01
 19 -0.02635 -4.45461e-01 | 20 -0.03496 -6.49744e-01 | 21 -0.04291 -7.26598e-01
 22 -0.04960 -9.27516e-01 | 23 -0.05101 -1.16892e+00 | 24 -0.04459 -1.64176e+00
 25 -0.03298 -2.41323e+00 | 26 -0.02318 -3.29781e+00 | 27  0.00013 -4.93300e+00
 28  0.11138 -2.32818e+01 | 29  0.07099 -1.46046e+01 | 30  0.06247 -4.19911e+00
 31 -0.09301 -2.03785e-01 | 32 -0.13525 -6.36000e+00 | 33  0.09811 -4.24549e+01
 34 -0.11070  3.86597e+00 | 35  0.11676  4.96823e+01 | 36 -0.01711  2.18076e+01
 37 -0.09892  1.96187e+00 | 38 -0.23737 -9.64686e-01 | 39 -0.08978 -9.60044e+00
 40  0.04147 -5.16150e+01 | 41  0.01684 -2.21400e+01 | 42  0.01217 -6.97112e+00
 43  0.13647  8.34615e+00 | 44  0.00195  6.18440e+00 | 45 -0.07161 -7.86496e-01
 46 -0.07788 -1.28772e+01 | 47  0.05987 -6.94080e+01 | 48 -0.01289 -3.47471e+01
 49 -0.07138 -2.06340e+01 | 50  0.08078 -4.19369e+01 | 51  0.05000 -1.56927e+01
 52 -0.07286 -2.58978e+00 | 53 -0.02775 -3.45020e-01 | 54 -0.04801 -1.14709e+00
 55 -0.08275 -2.06823e-01 | 56  0.00775  7.04297e+00 | 57  0.04269  2.11181e+01
 58 -0.04535  1.52366e+01 | 59  0.13189  8.77894e+01 | 60 -0.06382  9.88976e+00
 61  0.09750  4.64059e+01 | 62  0.08801  3.72506e+01 | 63 -0.04254 -7.83942e+00
 64  0.20003  3.14432e+00 | 65 -0.03131 -1.15681e+00 |
65 variables; iteration 40; function evaluation 45; phase 2
Function value 1.5606248e+02; maximum gradient component mag 5.9922e+01
Var    Value     Gradient |Var    Value     Gradient |Var    Value     Gradient
  1 -0.24454 -1.13406e+01 |  2  0.39490 -1.55845e+01 |  3  0.12396  1.91784e+01
  4 -0.55949  5.99225e+01 |  5 -0.51322  5.67719e+01 |  6 -0.27820  3.09693e+01
  7 -0.03911 -7.59584e+00 |  8 -0.00092 -1.42196e-02 |  9 -0.00029  2.49142e-02
 10 -0.00080 -1.24583e-02 | 11 -0.00114 -4.23592e-03 | 12 -0.00183 -1.77209e-02
 13 -0.00301 -5.57527e-02 | 14 -0.00418 -3.02492e-02 | 15 -0.00618 -2.85005e-02
 16 -0.00951 -9.39503e-02 | 17 -0.01343 -7.01922e-02 | 18 -0.01894 -8.02956e-02
 19 -0.02576 -8.21956e-02 | 20 -0.03412 -1.38853e-01 | 21 -0.04180 -2.29976e-02
 22 -0.04790  9.64018e-02 | 23 -0.04667  7.06629e-01 | 24 -0.03474  1.81201e+00
 25 -0.01642  2.73839e+00 | 26 -0.01159  9.31172e-01 | 27 -0.01681 -4.00403e+00
 28  0.10609 -6.35643e+00 | 29  0.08788  3.19519e+00 | 30  0.05496  5.05088e-01
 31 -0.11118 -1.21163e+01 | 32 -0.12687  1.28141e+00 | 33  0.10066  1.68920e-01
 34 -0.12446 -4.08872e+00 | 35  0.11396  2.18432e+00 | 36 -0.02589  5.71033e-01
 37 -0.09016  7.21928e+00 | 38 -0.24545 -5.91430e+00 | 39 -0.09240 -1.67263e+00
 40  0.04442 -3.92485e-01 | 41  0.01564  3.50956e+00 | 42  0.01582  7.96652e+00
 43  0.13078  5.70572e+00 | 44  0.01116  2.71976e+01 | 45 -0.07930 -6.19152e+00
 46 -0.08832 -1.62958e+01 | 47  0.06468  3.08572e+00 | 48 -0.01164  6.27429e+00
 49 -0.07216 -4.02918e+00 | 50  0.08113 -5.42944e-01 | 51  0.04874  1.26155e+00
 52 -0.07136  1.58119e+00 | 53 -0.02993 -4.97549e+00 | 54 -0.05333 -8.58237e+00
 55 -0.07412  1.92596e+01 | 56  0.00424 -6.41174e+00 | 57  0.03993 -3.34770e+00
 58 -0.03840  1.65008e+01 | 59  0.12608  2.94074e+00 | 60 -0.05791 -2.32268e+00
 61  0.09305  8.78608e-02 | 62  0.08223  1.26202e+00 | 63 -0.02493 -3.78014e+00
 64  0.19176 -1.53402e+01 | 65  0.00234 -3.41172e-01 |

 - final statistics:
65 variables; iteration 49; function evaluation 58
Function value 1.5517e+02; maximum gradient component mag 5.2823e+00
Exit code = 1;  converg criter 1.0000e+01
Var    Value     Gradient |Var    Value     Gradient |Var    Value     Gradient
  1 -0.23976  8.48720e-01 |  2  0.40376 -4.98277e+00 |  3  0.10698 -1.04490e+00
  4 -0.55032 -1.32823e+00 |  5 -0.51857  5.28230e+00 |  6 -0.27675 -3.66061e+00
  7 -0.03876 -3.84961e+00 |  8 -0.00082 -2.40511e-03 |  9 -0.00046 -6.89229e-05
 10 -0.00071 -1.39861e-03 | 11 -0.00110 -1.15640e-03 | 12 -0.00169 -2.03427e-03
 13 -0.00263 -6.45434e-03 | 14 -0.00394 -1.87058e-03 | 15 -0.00591  2.35805e-03
 16 -0.00893 -2.05665e-02 | 17 -0.01289 -3.78516e-03 | 18 -0.01833 -4.52286e-03
 19 -0.02527 -2.52198e-02 | 20 -0.03380 -1.14237e-01 | 21 -0.04219 -1.43839e-01
 22 -0.05039 -4.76068e-01 | 23 -0.05364 -8.55743e-01 | 24 -0.04790 -1.06291e+00
 25 -0.02951  2.32612e-02 | 26 -0.01709  2.98193e-01 | 27 -0.00185 -1.16439e+00
 28  0.11392 -1.98991e+00 | 29  0.07935  7.45790e-02 | 30  0.05195 -2.51266e+00
 31 -0.09714 -2.95426e+00 | 32 -0.13214 -4.56396e-01 | 33  0.09990 -2.87952e+00
 34 -0.11741  2.92074e+00 | 35  0.11323 -2.90392e+00 | 36 -0.02477 -5.19175e-01
 37 -0.09493 -1.87777e-01 | 38 -0.23454  7.59335e-01 | 39 -0.09313  6.63207e-01
 40  0.04478  2.15450e+00 | 41  0.01569  6.34526e-01 | 42  0.01250  1.03300e+00
 43  0.13367 -7.72654e-01 | 44  0.00155  3.88317e+00 | 45 -0.07901 -4.37451e+00
 46 -0.07527  1.42152e+00 | 47  0.06246  1.59165e+00 | 48 -0.01288  2.71874e+00
 49 -0.06969  4.27878e-01 | 50  0.08102  3.17084e+00 | 51  0.04840  6.13521e-01
 52 -0.07188  2.20411e+00 | 53 -0.03000 -1.15465e+00 | 54 -0.04896 -8.54095e-02
 55 -0.08300  1.72412e+00 | 56  0.00628  2.97680e-01 | 57  0.04082 -5.70018e-01
 58 -0.04510  9.38177e-01 | 59  0.12671 -2.83924e+00 | 60 -0.06002 -2.47594e+00
 61  0.09309 -6.46096e-03 | 62  0.08044  3.72365e-01 | 63 -0.02234  2.84394e+00
 64  0.19519 -2.93462e+00 | 65 -0.01005  2.94094e-01 |

Initial statistics: 73 variables; iteration 0; function evaluation 0; phase 3
Function value 1.5516865e+02; maximum gradient component mag 4.1023e+02
Var    Value     Gradient |Var    Value     Gradient |Var    Value     Gradient
  1 -0.23976  8.48720e-01 |  2  0.40376 -4.98277e+00 |  3  0.10698 -1.04490e+00
  4 -0.55032 -1.32823e+00 |  5 -0.51857  5.28230e+00 |  6 -0.27675 -3.66061e+00
  7 -0.03876 -3.84961e+00 |  8 -0.00082 -2.40511e-03 |  9 -0.00046 -6.89229e-05
 10 -0.00071 -1.39861e-03 | 11 -0.00110 -1.15640e-03 | 12 -0.00169 -2.03427e-03
 13 -0.00263 -6.45434e-03 | 14 -0.00394 -1.87058e-03 | 15 -0.00591  2.35805e-03
 16 -0.00893 -2.05665e-02 | 17 -0.01289 -3.78516e-03 | 18 -0.01833 -4.52286e-03
 19 -0.02527 -2.52198e-02 | 20 -0.03380 -1.14237e-01 | 21 -0.04219 -1.43839e-01
 22 -0.05039 -4.76068e-01 | 23 -0.05364 -8.55743e-01 | 24 -0.04790 -1.06291e+00
 25 -0.02951  2.32612e-02 | 26 -0.01709  2.98193e-01 | 27 -0.00185 -1.16439e+00
 28  0.11392 -2.01299e+00 | 29  0.07935  5.13018e-02 | 30  0.05195 -2.53604e+00
 31 -0.09714 -2.97744e+00 | 32 -0.13215 -4.79352e-01 | 33  0.09990 -2.90269e+00
 34 -0.11741  2.89768e+00 | 35  0.11323 -2.92701e+00 | 36 -0.02477 -5.42616e-01
 37 -0.09493 -2.10976e-01 | 38 -0.23454  7.37450e-01 | 39 -0.09314  6.39998e-01
 40  0.04478  2.13110e+00 | 41  0.01568  6.11074e-01 | 42  0.01250  1.00954e+00
 43  0.13367 -7.95598e-01 | 44  0.00155  3.85971e+00 | 45 -0.07901 -4.39779e+00
 46 -0.07528  1.39823e+00 | 47  0.06246  1.56831e+00 | 48 -0.01288  2.69529e+00
 49 -0.06969  4.04560e-01 | 50  0.08102  3.14757e+00 | 51  0.04840  5.90130e-01
 52 -0.07188  2.18080e+00 | 53 -0.03000 -1.17808e+00 | 54 -0.04896 -1.08799e-01
 55 -0.08300  1.70086e+00 | 56  0.00628  2.74222e-01 | 57  0.04082 -5.93429e-01
 58 -0.04510  9.14776e-01 | 59  0.12671 -2.86224e+00 | 60 -0.06002 -2.49929e+00
 61  0.09309 -2.96699e-02 | 62  0.08044  3.49093e-01 | 63 -0.02234  2.82050e+00
 64  0.19519 -2.95699e+00 | 65 -0.01005  2.70638e-01 | 66  0.65940  4.99571e+01
 67  0.11821 -1.57488e-02 | 68  0.41078 -3.58584e+02 | 69 -0.09439 -6.29275e-04
 70  0.11191 -2.02772e-02 | 71 -0.34908  4.10235e+02 | 72  0.26198  1.36675e-03
 73 -0.20514 -1.66018e+02 |

Intermediate statistics: 73 variables; iteration 20; function evaluation 24; phase 3
Function value 1.5392015e+02; maximum gradient component mag -2.7722e+02
Var    Value     Gradient |Var    Value     Gradient |Var    Value     Gradient
  1 -0.28046  5.13992e+01 |  2  0.41136 -7.69312e+00 |  3  0.07245 -9.24079e+01
  4 -0.52961 -2.77223e+02 |  5 -0.52857 -1.99052e+02 |  6 -0.28970 -1.56822e+02
  7 -0.04158 -3.31722e+01 |  8 -0.00082 -3.64622e-03 |  9 -0.00046 -2.40564e-03
 10 -0.00071 -4.10533e-03 | 11 -0.00110 -6.58672e-03 | 12 -0.00169 -1.06993e-02
 13 -0.00260 -1.75143e-02 | 14 -0.00394 -2.71012e-02 | 15 -0.00594 -4.22114e-02
 16 -0.00882 -6.76945e-02 | 17 -0.01287 -1.00795e-01 | 18 -0.01830 -1.48904e-01
 19 -0.02512 -2.12893e-01 | 20 -0.03317 -2.92100e-01 | 21 -0.04156 -3.86723e-01
 22 -0.04827 -4.84942e-01 | 23 -0.05005 -6.24302e-01 | 24 -0.04386 -8.99925e-01
 25 -0.03274 -1.38439e+00 | 26 -0.02354 -1.85130e+00 | 27 -0.00069 -2.66379e+00
 28  0.10948 -4.63305e+00 | 29  0.07448 -2.86497e+00 | 30  0.05650 -1.85140e+00
 31 -0.08832  6.08589e+00 | 32 -0.13601  6.08148e+00 | 33  0.10194 -1.64720e+00
 34 -0.13000  4.73244e+00 | 35  0.11532 -1.79864e+01 | 36 -0.02478 -4.18188e+00
 37 -0.09181  5.38437e-01 | 38 -0.23474  6.10504e+00 | 39 -0.09576  4.53111e+00
 40  0.04529 -4.68495e-01 | 41  0.01677 -4.91815e+00 | 42  0.01143 -1.01198e+01
 43  0.13421 -5.16469e+01 | 44  0.00244 -1.75267e+01 | 45 -0.07489 -4.69212e+00
 46 -0.07812 -4.47614e+00 | 47  0.06236 -2.46488e+01 | 48 -0.01171 -9.14088e+00
 49 -0.06827  1.64491e-01 | 50  0.07954 -1.25309e+01 | 51  0.05119 -1.46835e+01
 52 -0.07508  7.75907e-02 | 53 -0.02781 -1.67777e+00 | 54 -0.04928  4.19934e-01
 55 -0.08163  4.57223e+00 | 56  0.00439  5.83922e+00 | 57  0.04389 -2.95483e-01
 58 -0.04757  6.85854e+00 | 59  0.12764  7.96944e+00 | 60 -0.05593  1.00082e+01
 61  0.09178  1.23168e+01 | 62  0.08416  1.54995e+01 | 63 -0.02869  9.96985e+00
 64  0.19466  1.12724e+01 | 65 -0.01070  9.40881e+00 | 66  0.61004 -3.71245e+01
 67  0.11936 -2.58697e-01 | 68  0.40801  2.07215e+02 | 69 -0.09437 -3.80576e-03
 70  0.11208 -7.64012e-02 | 71 -0.35666 -1.63548e+01 | 72  0.26197  1.35384e-03
 73 -0.21974  5.70535e+00 |
73 variables; iteration 40; function evaluation 44; phase 3
Function value 1.5377053e+02; maximum gradient component mag -1.3706e+02
Var    Value     Gradient |Var    Value     Gradient |Var    Value     Gradient
  1 -0.28404  1.98840e+01 |  2  0.41113 -3.80370e+00 |  3  0.06822 -4.32579e+01
  4 -0.52742 -1.37056e+02 |  5 -0.52987 -1.03042e+02 |  6 -0.28965 -5.76142e+01
  7 -0.04122 -1.03349e+01 |  8 -0.00075  1.20539e-02 |  9 -0.00043  5.72892e-03
 10 -0.00066  7.86562e-03 | 11 -0.00103  1.12566e-02 | 12 -0.00159  1.56110e-02
 13 -0.00246  2.08303e-02 | 14 -0.00373  2.88527e-02 | 15 -0.00565  3.79506e-02
 16 -0.00844  4.35157e-02 | 17 -0.01240  5.10213e-02 | 18 -0.01776  4.88294e-02
 19 -0.02455  3.20303e-02 | 20 -0.03266 -7.58535e-04 | 21 -0.04126 -6.66060e-02
 22 -0.04816 -1.21539e-01 | 23 -0.04993 -1.49704e-01 | 24 -0.04290 -8.89303e-02
 25 -0.03069 -1.29689e-01 | 26 -0.02104 -2.71411e-01 | 27 -0.00589 -1.68217e+00
 28  0.11272 -8.48963e-01 | 29  0.07118 -2.66325e-01 | 30  0.05861  5.44202e-01
 31 -0.09218  1.89135e+00 | 32 -0.13310  4.35331e+00 | 33  0.10084 -2.99303e+00
 34 -0.12722  2.70805e+00 | 35  0.11480 -6.20307e+00 | 36 -0.02434 -1.33608e-01
 37 -0.09124  2.05359e+00 | 38 -0.23628  1.88096e+00 | 39 -0.09505  2.50641e+00
 40  0.04432 -3.04548e+00 | 41  0.01620 -3.25522e+00 | 42  0.01187 -2.37767e+00
 43  0.13450 -1.53207e+01 | 44  0.00280 -5.28497e+00 | 45 -0.07488 -1.26832e+00
 46 -0.07815 -1.83285e+00 | 47  0.06280 -6.38996e+00 | 48 -0.01168 -2.40866e+00
 49 -0.06843  1.25006e-01 | 50  0.07896 -5.24112e+00 | 51  0.05172 -3.29618e+00
 52 -0.07458 -1.54632e-01 | 53 -0.02921 -3.58583e+00 | 54 -0.04773  4.63602e+00
 55 -0.08129  4.38335e+00 | 56  0.00326  6.86182e-03 | 57  0.04429  1.12571e+00
 58 -0.04760  2.56917e+00 | 59  0.12738  1.13503e+00 | 60 -0.05739  3.20375e+00
 61  0.09220  5.29822e+00 | 62  0.08296  4.74869e+00 | 63 -0.02849  3.86772e+00
 64  0.19455  4.75012e+00 | 65 -0.00891  4.25599e+00 | 66  0.61385 -1.49457e+01
 67  0.12366 -2.04972e-02 | 68  0.40845  9.83399e+01 | 69 -0.09402 -2.01821e-03
 70  0.13565 -3.72462e-02 | 71 -0.35614 -1.25287e+01 | 72  0.26074  1.35429e-03
 73 -0.21855  4.43090e+00 |
73 variables; iteration 60; function evaluation 72; phase 3
Function value 1.5365535e+02; maximum gradient component mag -4.3888e+01
Var    Value     Gradient |Var    Value     Gradient |Var    Value     Gradient
  1 -0.28427  4.95874e+00 |  2  0.41127 -1.02964e+00 |  3  0.04746 -1.40574e+01
  4 -0.51456 -4.38882e+01 |  5 -0.53606 -3.43262e+01 |  6 -0.28923 -1.60001e+01
  7 -0.04153 -7.19161e-01 |  8 -0.00088 -8.11163e-03 |  9 -0.00049 -4.35267e-03
 10 -0.00075 -5.95368e-03 | 11 -0.00115 -7.94148e-03 | 12 -0.00175 -9.21700e-03
 13 -0.00263 -7.15548e-03 | 14 -0.00387  4.41148e-03 | 15 -0.00563  3.48081e-02
 16 -0.00818  7.44036e-02 | 17 -0.01220  7.09206e-02 | 18 -0.01857 -9.16977e-02
 19 -0.02621 -2.51707e-01 | 20 -0.03176  1.58262e-01 | 21 -0.03798  5.64278e-01
 22 -0.04776  3.32536e-02 | 23 -0.04929  1.24955e-01 | 24 -0.04385 -2.27750e-02
 25 -0.02883  5.68252e-01 | 26 -0.02260  2.32099e-02 | 27 -0.00346 -5.99873e-01
 28  0.10961  5.68676e-01 | 29  0.07251  6.08355e-01 | 30  0.05876  1.37213e+00
 31 -0.08958  1.36115e+00 | 32 -0.13386  1.77025e+00 | 33  0.10056 -7.54515e-01
 34 -0.12617  1.35527e+00 | 35  0.11449 -1.06563e+00 | 36 -0.02356  2.39194e-01
 37 -0.09126  8.01877e-01 | 38 -0.23348  1.26504e+00 | 39 -0.09532  7.93017e-01
 40  0.04391 -2.27093e+00 | 41  0.01609 -1.86300e+00 | 42  0.01251  1.44811e+00
 43  0.13424 -1.98697e+00 | 44  0.00300 -4.66060e-01 | 45 -0.07431  7.58714e-01
 46 -0.07740  6.49937e-02 | 47  0.06234 -7.23573e-01 | 48 -0.01143 -2.06147e-01
 49 -0.06809  3.72411e-01 | 50  0.07862 -1.50790e+00 | 51  0.05160  2.08531e-01
 52 -0.07416  6.79211e-01 | 53 -0.02832 -6.07237e-01 | 54 -0.04835  1.95174e+00
 55 -0.08216  5.57485e-01 | 56  0.00332 -1.39935e+00 | 57  0.04403 -7.98401e-01
 58 -0.04751  3.85925e-01 | 59  0.12717 -7.60935e-01 | 60 -0.05612  1.22587e+00
 61  0.09154 -2.10850e-02 | 62  0.08288  5.80020e-01 | 63 -0.02865  7.10249e-01
 64  0.19441  1.35471e+00 | 65 -0.01305  1.16302e+00 | 66  0.60411 -4.92421e+00
 67  0.13704 -3.73412e-03 | 68  0.40758  2.98638e+01 | 69 -0.08936 -9.45736e-04
 70  0.20900 -1.04214e-02 | 71 -0.35633  1.95398e+01 | 72  0.25519  1.32356e-03
 73 -0.21939 -6.76690e+00 |

 - final statistics:
73 variables; iteration 79; function evaluation 98
Function value 1.5364e+02; maximum gradient component mag -7.6574e-01
Exit code = 1;  converg criter 1.0000e+00
Var    Value     Gradient |Var    Value     Gradient |Var    Value     Gradient
  1 -0.28176  1.01569e-01 |  2  0.41106 -3.33083e-02 |  3  0.03897 -2.68294e-01
  4 -0.50887 -7.65741e-01 |  5 -0.53871 -5.66333e-01 |  6 -0.28858 -2.15693e-01
  7 -0.04168 -8.90644e-02 |  8 -0.00088 -9.91396e-03 |  9 -0.00040  7.20833e-03
 10 -0.00075 -7.23855e-03 | 11 -0.00107  2.13705e-03 | 12 -0.00152  2.05542e-02
 13 -0.00269 -1.99654e-02 | 14 -0.00378  1.06698e-02 | 15 -0.00585 -7.26422e-03
 16 -0.00854  7.87446e-03 | 17 -0.01258 -5.34940e-03 | 18 -0.01779  8.86120e-03
 19 -0.02456 -4.94285e-03 | 20 -0.03243  1.05185e-02 | 21 -0.04089  2.21095e-04
 22 -0.04784 -3.41911e-03 | 23 -0.04989 -3.13724e-03 | 24 -0.04365 -5.19193e-03
 25 -0.03193 -2.20194e-04 | 26 -0.02317 -3.32581e-03 | 27 -0.00045 -1.28368e-02
 28  0.10721 -2.80815e-02 | 29  0.07421 -1.10266e-02 | 30  0.05841 -2.90295e-03
 31 -0.08845  1.76120e-02 | 32 -0.13451  1.89490e-02 | 33  0.10053 -1.99535e-02
 34 -0.12646  7.67528e-03 | 35  0.11437 -3.38010e-02 | 36 -0.02309 -1.46122e-02
 37 -0.09086  1.33848e-02 | 38 -0.23357  1.18717e-02 | 39 -0.09545  4.12964e-03
 40  0.04373 -1.24572e-02 | 41  0.01669 -2.02902e-02 | 42  0.01158 -3.94931e-03
 43  0.13415 -7.78660e-02 | 44  0.00333 -2.59187e-02 | 45 -0.07467 -2.24501e-03
 46 -0.07694 -8.88890e-03 | 47  0.06192 -2.85136e-02 | 48 -0.01116 -1.78808e-03
 49 -0.06813 -7.65363e-03 | 50  0.07847 -1.17522e-02 | 51  0.05149 -1.48898e-02
 52 -0.07428  1.71070e-03 | 53 -0.02792  2.67371e-03 | 54 -0.04899  2.00962e-02
 55 -0.08211  1.69251e-02 | 56  0.00328  1.99879e-02 | 57  0.04395  7.26966e-03
 58 -0.04758  1.37544e-02 | 59  0.12704  3.15832e-02 | 60 -0.05622  2.04885e-02
 61  0.09156  2.45372e-02 | 62  0.08279  2.39815e-02 | 63 -0.02811  1.45394e-02
 64  0.19399  2.08404e-02 | 65 -0.01169  1.43559e-02 | 66  0.60063 -1.06258e-01
 67  0.13467 -1.59836e-03 | 68  0.40728  4.71128e-01 | 69 -0.08678 -5.24508e-04
 70  0.27794 -2.97139e-03 | 71 -0.35666 -4.38206e-01 | 72  0.24294  1.25084e-03
 73 -0.22029  1.92313e-01 |

 - final statistics:
74 variables; iteration 0; function evaluation 0
Function value 1.5364e+02; maximum gradient component mag -7.6574e-01
Exit code = 0;  converg criter 1.0000e+00
Var    Value     Gradient |Var    Value     Gradient |Var    Value     Gradient
  1 -0.28176  1.01569e-01 |  2  0.41106 -3.33083e-02 |  3  0.03897 -2.68294e-01
  4 -0.50887 -7.65741e-01 |  5 -0.53871 -5.66333e-01 |  6 -0.28858 -2.15693e-01
  7 -0.04168 -8.90644e-02 |  8 -0.00088 -9.91396e-03 |  9 -0.00040  7.20833e-03
 10 -0.00075 -7.23855e-03 | 11 -0.00107  2.13705e-03 | 12 -0.00152  2.05542e-02
 13 -0.00269 -1.99654e-02 | 14 -0.00378  1.06698e-02 | 15 -0.00585 -7.26422e-03
 16 -0.00854  7.87446e-03 | 17 -0.01258 -5.34940e-03 | 18 -0.01779  8.86120e-03
 19 -0.02456 -4.94285e-03 | 20 -0.03243  1.05185e-02 | 21 -0.04089  2.21095e-04
 22 -0.04784 -3.41911e-03 | 23 -0.04989 -3.13724e-03 | 24 -0.04365 -5.19193e-03
 25 -0.03193 -2.20194e-04 | 26 -0.02317 -3.32581e-03 | 27 -0.00045 -1.28368e-02
 28  0.10721 -2.75765e-02 | 29  0.07421 -1.05178e-02 | 30  0.05841 -2.39287e-03
 31 -0.08845  1.81193e-02 | 32 -0.13451  1.94499e-02 | 33  0.10053 -1.94476e-02
 34 -0.12646  8.17745e-03 | 35  0.11437 -3.32970e-02 | 36 -0.02309 -1.41003e-02
 37 -0.09086  1.38918e-02 | 38 -0.23357  1.23499e-02 | 39 -0.09545  4.63613e-03
 40  0.04373 -1.19462e-02 | 41  0.01669 -1.97782e-02 | 42  0.01158 -3.43716e-03
 43  0.13415 -7.73651e-02 | 44  0.00333 -2.54065e-02 | 45 -0.07467 -1.73630e-03
 46 -0.07694 -8.38040e-03 | 47  0.06192 -2.80038e-02 | 48 -0.01116 -1.27592e-03
 49 -0.06813 -7.14433e-03 | 50  0.07847 -1.12438e-02 | 51  0.05149 -1.43792e-02
 52 -0.07428  2.21945e-03 | 53 -0.02792  3.18545e-03 | 54 -0.04899  2.06069e-02
 55 -0.08211  1.74331e-02 | 56  0.00328  2.05001e-02 | 57  0.04395  7.78068e-03
 58 -0.04758  1.42652e-02 | 59  0.12704  3.20852e-02 | 60 -0.05622  2.09988e-02
 61  0.09156  2.50442e-02 | 62  0.08279  2.44894e-02 | 63 -0.02811  1.50511e-02
 64  0.19399  2.13290e-02 | 65 -0.01169  1.48681e-02 | 66  0.60063 -1.06258e-01
 67  0.13467 -1.59836e-03 | 68  0.40728  4.71128e-01 | 69 -0.08678 -5.24508e-04
 70  0.27794 -2.97139e-03 | 71 -0.35666 -4.38206e-01 | 72  0.24294  1.25084e-03
 73 -0.22029  1.92313e-01 | 74  0.88668  1.74498e-02 |

 - final statistics:
74 variables; iteration 0; function evaluation 0
Function value 1.5364e+02; maximum gradient component mag -7.6574e-01
Exit code = 0;  converg criter 1.0000e+00
Var    Value     Gradient |Var    Value     Gradient |Var    Value     Gradient
  1 -0.28176  1.01569e-01 |  2  0.41106 -3.33083e-02 |  3  0.03897 -2.68294e-01
  4 -0.50887 -7.65741e-01 |  5 -0.53871 -5.66333e-01 |  6 -0.28858 -2.15693e-01
  7 -0.04168 -8.90644e-02 |  8 -0.00088 -9.91396e-03 |  9 -0.00040  7.20833e-03
 10 -0.00075 -7.23855e-03 | 11 -0.00107  2.13705e-03 | 12 -0.00152  2.05542e-02
 13 -0.00269 -1.99654e-02 | 14 -0.00378  1.06698e-02 | 15 -0.00585 -7.26422e-03
 16 -0.00854  7.87446e-03 | 17 -0.01258 -5.34940e-03 | 18 -0.01779  8.86120e-03
 19 -0.02456 -4.94285e-03 | 20 -0.03243  1.05185e-02 | 21 -0.04089  2.21095e-04
 22 -0.04784 -3.41911e-03 | 23 -0.04989 -3.13724e-03 | 24 -0.04365 -5.19193e-03
 25 -0.03193 -2.20194e-04 | 26 -0.02317 -3.32581e-03 | 27 -0.00045 -1.28368e-02
 28  0.10721 -2.75765e-02 | 29  0.07421 -1.05178e-02 | 30  0.05841 -2.39287e-03
 31 -0.08845  1.81193e-02 | 32 -0.13451  1.94499e-02 | 33  0.10053 -1.94476e-02
 34 -0.12646  8.17745e-03 | 35  0.11437 -3.32970e-02 | 36 -0.02309 -1.41003e-02
 37 -0.09086  1.38918e-02 | 38 -0.23357  1.23499e-02 | 39 -0.09545  4.63613e-03
 40  0.04373 -1.19462e-02 | 41  0.01669 -1.97782e-02 | 42  0.01158 -3.43716e-03
 43  0.13415 -7.73651e-02 | 44  0.00333 -2.54065e-02 | 45 -0.07467 -1.73630e-03
 46 -0.07694 -8.38040e-03 | 47  0.06192 -2.80038e-02 | 48 -0.01116 -1.27592e-03
 49 -0.06813 -7.14433e-03 | 50  0.07847 -1.12438e-02 | 51  0.05149 -1.43792e-02
 52 -0.07428  2.21945e-03 | 53 -0.02792  3.18545e-03 | 54 -0.04899  2.06069e-02
 55 -0.08211  1.74331e-02 | 56  0.00328  2.05001e-02 | 57  0.04395  7.78068e-03
 58 -0.04758  1.42652e-02 | 59  0.12704  3.20852e-02 | 60 -0.05622  2.09988e-02
 61  0.09156  2.50442e-02 | 62  0.08279  2.44894e-02 | 63 -0.02811  1.50511e-02
 64  0.19399  2.13290e-02 | 65 -0.01169  1.48681e-02 | 66  0.60063 -1.06258e-01
 67  0.13467 -1.59836e-03 | 68  0.40728  4.71128e-01 | 69 -0.08678 -5.24508e-04
 70  0.27794 -2.97139e-03 | 71 -0.35666 -4.38206e-01 | 72  0.24294  1.25084e-03
 73 -0.22029  1.92313e-01 | 74  0.88668  1.74498e-02 |

Initial statistics: 76 variables; iteration 0; function evaluation 0; phase 6
Function value 1.5363647e+02; maximum gradient component mag 8.5762e+00
Var    Value     Gradient |Var    Value     Gradient |Var    Value     Gradient
  1 -0.28176  1.01569e-01 |  2  0.41106 -3.33083e-02 |  3  0.03897 -2.68294e-01
  4 -0.50887 -7.65741e-01 |  5 -0.53871 -5.66333e-01 |  6 -0.28858 -2.15693e-01
  7 -0.04168 -8.90644e-02 |  8 -0.00088 -9.91396e-03 |  9 -0.00040  7.20833e-03
 10 -0.00075 -7.23855e-03 | 11 -0.00107  2.13705e-03 | 12 -0.00152  2.05542e-02
 13 -0.00269 -1.99654e-02 | 14 -0.00378  1.06698e-02 | 15 -0.00585 -7.26422e-03
 16 -0.00854  7.87446e-03 | 17 -0.01258 -5.34940e-03 | 18 -0.01779  8.86120e-03
 19 -0.02456 -4.94285e-03 | 20 -0.03243  1.05185e-02 | 21 -0.04089  2.21095e-04
 22 -0.04784 -3.41911e-03 | 23 -0.04989 -3.13724e-03 | 24 -0.04365 -5.19193e-03
 25 -0.03193 -2.20194e-04 | 26 -0.02317 -3.32581e-03 | 27 -0.00045 -1.28368e-02
 28  0.10721 -2.75765e-02 | 29  0.07421 -1.05178e-02 | 30  0.05841 -2.39287e-03
 31 -0.08845  1.81193e-02 | 32 -0.13451  1.94499e-02 | 33  0.10053 -1.94476e-02
 34 -0.12646  8.17745e-03 | 35  0.11437 -3.32970e-02 | 36 -0.02309 -1.41003e-02
 37 -0.09086  1.38918e-02 | 38 -0.23357  1.23499e-02 | 39 -0.09545  4.63613e-03
 40  0.04373 -1.19462e-02 | 41  0.01669 -1.97782e-02 | 42  0.01158 -3.43716e-03
 43  0.13415 -7.73651e-02 | 44  0.00333 -2.54065e-02 | 45 -0.07467 -1.73630e-03
 46 -0.07694 -8.38040e-03 | 47  0.06192 -2.80038e-02 | 48 -0.01116 -1.27592e-03
 49 -0.06813 -7.14433e-03 | 50  0.07847 -1.12438e-02 | 51  0.05149 -1.43792e-02
 52 -0.07428  2.21945e-03 | 53 -0.02792  3.18545e-03 | 54 -0.04899  2.06069e-02
 55 -0.08211  1.74331e-02 | 56  0.00328  2.05001e-02 | 57  0.04395  7.78068e-03
 58 -0.04758  1.42652e-02 | 59  0.12704  3.20852e-02 | 60 -0.05622  2.09988e-02
 61  0.09156  2.50442e-02 | 62  0.08279  2.44894e-02 | 63 -0.02811  1.50511e-02
 64  0.19399  2.13290e-02 | 65 -0.01169  1.48681e-02 | 66 -0.61351 -1.68372e-01
 67  0.11808  8.57621e+00 | 68  0.60063 -1.06258e-01 | 69  0.13467 -1.59836e-03
 70  0.40728  4.71128e-01 | 71 -0.08678 -5.24508e-04 | 72  0.27794 -2.97139e-03
 73 -0.35666 -4.38206e-01 | 74  0.24294  1.25084e-03 | 75 -0.22029  1.92313e-01
 76  0.88668  1.74498e-02 |

Intermediate statistics: 76 variables; iteration 20; function evaluation 24; phase 6
Function value 1.5318554e+02; maximum gradient component mag -1.2390e+02
Var    Value     Gradient |Var    Value     Gradient |Var    Value     Gradient
  1 -0.19404  2.46570e+01 |  2  0.41086 -3.69302e+00 |  3  0.03411 -4.74333e+01
  4 -0.51139 -1.23897e+02 |  5 -0.53534 -8.57349e+01 |  6 -0.24926 -8.21947e+01
  7 -0.03874 -1.01886e+01 |  8 -0.00071 -8.49952e-03 |  9 -0.00046 -1.21351e-02
 10 -0.00062 -6.36895e-03 | 11 -0.00102 -1.75907e-02 | 12 -0.00165 -3.68634e-02
 13 -0.00231 -2.14517e-02 | 14 -0.00368 -5.52382e-02 | 15 -0.00543 -6.30225e-02
 16 -0.00813 -9.64342e-02 | 17 -0.01180 -1.17309e-01 | 18 -0.01686 -1.56674e-01
 19 -0.02309 -1.75166e-01 | 20 -0.03060 -1.97537e-01 | 21 -0.03835 -1.81644e-01
 22 -0.04454 -1.37225e-01 | 23 -0.04588 -7.76529e-02 | 24 -0.03915 -6.04482e-02
 25 -0.02731 -1.44553e-01 | 26 -0.01824 -3.17265e-01 | 27  0.00401 -9.05654e-01
 28  0.11529  4.18081e-02 | 29  0.07075  1.77419e+00 | 30  0.06454  5.46061e+00
 31 -0.09176  4.72620e+00 | 32 -0.13633  2.85258e+00 | 33  0.10081 -6.06968e+00
 34 -0.12425  6.09079e+00 | 35  0.11568  3.47056e+00 | 36 -0.02077  8.54944e+00
 37 -0.08890  7.47126e+00 | 38 -0.23297  6.15037e+00 | 39 -0.09578  2.32577e+00
 40  0.04364 -6.09867e+00 | 41  0.01579 -4.31459e+00 | 42  0.01050 -4.05191e+00
 43  0.13428 -1.93163e+01 | 44  0.00222 -4.35963e+00 | 45 -0.07495  2.97885e-01
 46 -0.07801 -2.54379e-01 | 47  0.06166 -1.25832e+01 | 48 -0.01240 -4.15682e+00
 49 -0.06978  1.52054e+00 | 50  0.07892  3.00821e-01 | 51  0.05104  3.00157e+00
 52 -0.07446  5.18098e+00 | 53 -0.02873  2.51672e+00 | 54 -0.04850  5.60726e+00
 55 -0.08215  4.44224e+00 | 56  0.00251 -6.21407e+00 | 57  0.04227 -9.04180e+00
 58 -0.04834  3.24165e+00 | 59  0.12675  7.75476e+00 | 60 -0.05589  9.00869e+00
 61  0.09139  1.04315e+01 | 62  0.08341  1.42185e+01 | 63 -0.02814  7.95402e+00
 64  0.19274  5.47569e+00 | 65 -0.01158  7.10646e+00 | 66 -0.62846 -2.02762e+00
 67  0.02132 -6.29194e+00 | 68  0.59739 -1.79624e+01 | 69  0.13473 -3.14071e-03
 70  0.40695  1.02990e+02 | 71 -0.08676 -5.55729e-04 | 72  0.27804 -4.25497e-03
 73 -0.35780  1.16414e+02 | 74  0.24291  1.23533e-03 | 75 -0.22496 -3.90979e+01
 76  0.88615  1.73635e-02 |
76 variables; iteration 40; function evaluation 46; phase 6
Function value 1.5307770e+02; maximum gradient component mag -7.5453e+01
Var    Value     Gradient |Var    Value     Gradient |Var    Value     Gradient
  1 -0.17174  1.34807e+01 |  2  0.41092 -2.75216e+00 |  3  0.03235 -2.86002e+01
  4 -0.51108 -7.54529e+01 |  5 -0.53550 -5.42623e+01 |  6 -0.23775 -3.95526e+01
  7 -0.04025 -3.88515e+00 |  8 -0.00034  3.11505e-02 |  9 -0.00008  3.49509e-02
 10 -0.00034  2.35555e-02 | 11 -0.00042  5.34683e-02 | 12 -0.00053  1.01344e-01
 13 -0.00142  7.34091e-02 | 14 -0.00195  1.47493e-01 | 15 -0.00343  1.64806e-01
 16 -0.00546  2.09901e-01 | 17 -0.00884  2.13240e-01 | 18 -0.01366  1.86218e-01
 19 -0.02012  1.07693e-01 | 20 -0.02812 -2.42708e-02 | 21 -0.03641 -1.33517e-01
 22 -0.04306 -2.03587e-01 | 23 -0.04490 -2.74272e-01 | 24 -0.03900 -4.24849e-01
 25 -0.02680 -3.53738e-01 | 26 -0.01394  3.89437e-01 | 27  0.01091  6.70117e-01
 28  0.11795  6.94769e-01 | 29  0.07444  8.16542e-01 | 30  0.06038  1.23473e+00
 31 -0.08904  2.86437e+00 | 32 -0.13423  2.43640e+00 | 33  0.10081 -1.63040e+00
 34 -0.12411  2.93367e+00 | 35  0.11537 -3.09254e+00 | 36 -0.02213  6.18005e-01
 37 -0.08875  2.61801e+00 | 38 -0.23353  1.99693e+00 | 39 -0.09633 -7.80742e-01
 40  0.04332 -3.05947e+00 | 41  0.01531 -9.01961e-01 | 42  0.01098 -7.68096e-01
 43  0.13306 -1.16887e+01 | 44  0.00330 -9.93453e-02 | 45 -0.07524  1.15080e+00
 46 -0.07807  2.26891e-01 | 47  0.06161 -4.58124e+00 | 48 -0.01312 -3.89774e+00
 49 -0.07022 -7.27020e-01 | 50  0.07820 -2.24605e+00 | 51  0.05031 -1.68533e+00
 52 -0.07556  6.31548e-01 | 53 -0.02909 -3.57940e-01 | 54 -0.04877  2.80279e+00
 55 -0.08438 -1.18824e+00 | 56  0.00297 -1.09740e-01 | 57  0.04211 -1.46371e+00
 58 -0.04761  4.26682e+00 | 59  0.12561  8.32608e-01 | 60 -0.05735  3.24288e+00
 61  0.09142  3.59254e+00 | 62  0.08131  2.52821e+00 | 63 -0.02853  3.58082e+00
 64  0.19336  4.24510e+00 | 65 -0.00688  3.42765e+00 | 66 -0.62121  7.66512e-01
 67 -0.00607 -1.95398e+00 | 68  0.59652 -9.50688e+00 | 69  0.13725 -1.42874e-03
 70  0.40673  5.44885e+01 | 71 -0.08628 -6.84478e-04 | 72  0.28129 -3.74069e-03
 73 -0.36014 -3.49208e+00 | 74  0.24180  1.22724e-03 | 75 -0.23212  1.13526e+00
 76  0.87068  1.52387e-02 |
76 variables; iteration 60; function evaluation 76; phase 6
Function value 1.5302495e+02; maximum gradient component mag -1.0074e+01
Var    Value     Gradient |Var    Value     Gradient |Var    Value     Gradient
  1 -0.15465  1.77088e+00 |  2  0.41096 -5.08066e-01 |  3  0.02658 -3.79214e+00
  4 -0.50790 -1.00741e+01 |  5 -0.53689 -7.64176e+00 |  6 -0.22905 -5.84267e+00
  7 -0.03885 -3.97030e-01 |  8 -0.00071 -1.99131e-02 |  9 -0.00047 -1.90519e-02
 10 -0.00062 -1.45900e-02 | 11 -0.00103 -3.10166e-02 | 12 -0.00162 -5.16387e-02
 13 -0.00241 -6.45306e-02 | 14 -0.00357 -8.08610e-02 | 15 -0.00535 -1.08598e-01
 16 -0.00733 -5.96532e-02 | 17 -0.01041 -1.61787e-02 | 18 -0.01456  5.62681e-02
 19 -0.02112 -3.92594e-02 | 20 -0.02847 -6.05069e-02 | 21 -0.03563  4.22424e-02
 22 -0.04237 -1.48455e-02 | 23 -0.04406 -1.31600e-02 | 24 -0.03699  9.37230e-02
 25 -0.02609 -5.93892e-02 | 26 -0.01687  7.09654e-02 | 27  0.00423 -1.26138e-02
 28  0.11986  1.43438e-01 | 29  0.07485  1.18195e-01 | 30  0.06101  9.39767e-02
 31 -0.08945  3.04038e-01 | 32 -0.13381  3.21035e-01 | 33  0.10106 -1.73780e-01
 34 -0.12459  2.21388e-01 | 35  0.11559 -9.88216e-01 | 36 -0.02146 -1.11793e-02
 37 -0.08915 -2.02013e-05 | 38 -0.23306  2.07322e-01 | 39 -0.09520  3.04026e-01
 40  0.04320 -1.12345e-01 | 41  0.01526 -2.14641e-01 | 42  0.01020 -4.84421e-01
 43  0.13367 -1.11112e+00 | 44  0.00214 -4.93840e-01 | 45 -0.07537 -7.65398e-02
 46 -0.07755  8.12732e-02 | 47  0.06130 -2.78810e-01 | 48 -0.01247 -4.28630e-02
 49 -0.06975  1.41255e-01 | 50  0.07786 -1.22704e+00 | 51  0.05015 -9.63568e-01
 52 -0.07547 -8.56917e-03 | 53 -0.02866  9.08513e-02 | 54 -0.04989 -1.57573e-02
 55 -0.08314  3.06934e-01 | 56  0.00276  3.42499e-01 | 57  0.04229 -3.36863e-02
 58 -0.04864  8.34789e-02 | 59  0.12567 -6.78555e-01 | 60 -0.05792  8.02380e-02
 61  0.09132 -1.57572e-01 | 62  0.08146  7.03809e-02 | 63 -0.02899  2.46851e-01
 64  0.19294  3.55997e-01 | 65 -0.00939  3.53879e-01 | 66 -0.62930  2.31263e-02
 67 -0.02947 -4.91202e-01 | 68  0.59171 -1.22724e+00 | 69  0.15345  1.50097e-03
 70  0.40619  5.93778e+00 | 71 -0.08372 -3.64486e-04 | 72  0.29106 -1.69698e-03
 73 -0.36043  2.29970e+00 | 74  0.23792  1.19830e-03 | 75 -0.23339 -7.00707e-01
 76  0.82636  1.12176e-02 |
76 variables; iteration 80; function evaluation 112; phase 6
Function value 1.5302199e+02; maximum gradient component mag -1.0270e+00
Var    Value     Gradient |Var    Value     Gradient |Var    Value     Gradient
  1 -0.15064 -1.44378e-01 |  2  0.41111  1.07192e-01 |  3  0.02579  3.22219e-01
  4 -0.50746  8.09102e-01 |  5 -0.53704  6.24616e-01 |  6 -0.22723  5.65517e-01
  7 -0.03871 -2.70549e-02 |  8 -0.00057 -1.32141e-03 |  9 -0.00031  2.73851e-03
 10 -0.00052 -6.93792e-04 | 11 -0.00082 -2.67734e-03 | 12 -0.00124  9.56215e-04
 13 -0.00188  9.48924e-03 | 14 -0.00305 -7.65895e-03 | 15 -0.00458  3.32356e-06
 16 -0.00682  1.21700e-02 | 17 -0.01027 -1.01913e-03 | 18 -0.01468  3.01642e-02
 19 -0.02091 -1.45462e-02 | 20 -0.02803  3.29658e-03 | 21 -0.03591 -2.06330e-02
 22 -0.04222 -1.03892e-03 | 23 -0.04397 -6.35035e-03 | 24 -0.03744  5.36781e-03
 25 -0.02589 -3.05517e-02 | 26 -0.01720  2.15309e-02 | 27  0.00410 -1.27638e-02
 28  0.11991 -2.91801e-02 | 29  0.07503 -1.53428e-02 | 30  0.06119  1.11471e-03
 31 -0.08949 -6.37387e-02 | 32 -0.13383 -2.04814e-02 | 33  0.10104 -3.68892e-03
 34 -0.12456 -1.62174e-02 | 35  0.11566  8.04835e-02 | 36 -0.02143 -2.71950e-02
 37 -0.08895  3.36941e-02 | 38 -0.23299 -2.71872e-02 | 39 -0.09529 -4.16805e-02
 40  0.04315  1.30986e-02 | 41  0.01515 -1.83001e-02 | 42  0.01041  1.91842e-01
 43  0.13356  4.14291e-02 | 44  0.00229  1.26788e-01 | 45 -0.07533  5.47465e-02
 46 -0.07764 -1.87042e-02 | 47  0.06125  2.52791e-02 | 48 -0.01251 -9.37312e-02
 49 -0.06986  6.03645e-02 | 50  0.07789  1.40937e-01 | 51  0.05019  1.22379e-01
 52 -0.07546 -1.45893e-02 | 53 -0.02874 -2.31639e-02 | 54 -0.04983  3.65706e-02
 55 -0.08326 -4.19150e-02 | 56  0.00266 -5.54375e-02 | 57  0.04225  3.09028e-02
 58 -0.04870 -7.10510e-02 | 59  0.12563  1.20110e-01 | 60 -0.05783  3.08918e-02
 61  0.09132  3.19299e-02 | 62  0.08143  2.22403e-02 | 63 -0.02900 -6.78240e-02
 64  0.19285 -4.28688e-02 | 65 -0.00944 -1.26632e-02 | 66 -0.63019 -1.22437e-02
 67 -0.03369  6.55773e-02 | 68  0.59112  2.58804e-02 | 69  0.15310  1.08803e-03
 70  0.40613 -4.09106e-01 | 71 -0.06449 -2.82511e-04 | 72  0.35757  7.36749e-04
 73 -0.36082 -1.02700e+00 | 74  0.18227 -5.41489e-03 | 75 -0.23472  3.41817e-01
 76  0.38506 -2.01349e-03 |
76 variables; iteration 100; function evaluation 138; phase 6
Function value 1.5302167e+02; maximum gradient component mag -1.8102e+00
Var    Value     Gradient |Var    Value     Gradient |Var    Value     Gradient
  1 -0.15104 -7.40649e-02 |  2  0.41105 -8.85448e-03 |  3  0.02588  1.04266e-02
  4 -0.50752  2.12200e-02 |  5 -0.53700  2.66145e-03 |  6 -0.22742  4.20596e-01
  7 -0.03872  2.49132e-02 |  8 -0.00057 -6.02702e-04 |  9 -0.00033 -2.59200e-04
 10 -0.00050  1.78392e-03 | 11 -0.00080 -3.82040e-04 | 12 -0.00125  1.82494e-04
 13 -0.00195 -4.51474e-04 | 14 -0.00299  1.48943e-04 | 15 -0.00458  3.52898e-04
 16 -0.00691 -7.54284e-04 | 17 -0.01027  2.86230e-04 | 18 -0.01489 -1.07354e-03
 19 -0.02082  4.81255e-04 | 20 -0.02805  6.24158e-04 | 21 -0.03580  1.19333e-03
 22 -0.04223  1.32037e-04 | 23 -0.04394  4.28227e-04 | 24 -0.03748 -3.72906e-04
 25 -0.02571  2.01763e-03 | 26 -0.01734 -3.76130e-04 | 27  0.00419  3.05841e-03
 28  0.11992 -1.08571e-02 | 29  0.07504 -1.20802e-02 | 30  0.06112 -1.19159e-02
 31 -0.08942 -1.32663e-02 | 32 -0.13384 -1.31293e-02 | 33  0.10105  3.11779e-02
 34 -0.12456 -1.62506e-02 | 35  0.11565  3.44390e-02 | 36 -0.02142 -5.51111e-03
 37 -0.08900 -2.03417e-02 | 38 -0.23298 -2.31181e-02 | 39 -0.09527 -8.45398e-03
 40  0.04316  3.43337e-02 | 41  0.01520  1.75528e-02 | 42  0.01031 -6.07780e-03
 43  0.13360  4.48417e-02 | 44  0.00223 -1.95216e-02 | 45 -0.07535 -2.03503e-02
 46 -0.07760 -1.47112e-02 | 47  0.06124  1.77248e-02 | 48 -0.01245 -1.98310e-03
 49 -0.06992 -1.36348e-02 | 50  0.07790  2.55134e-02 | 51  0.05018 -1.02376e-02
 52 -0.07545 -1.42309e-02 | 53 -0.02872 -3.26336e-03 | 54 -0.04985 -3.63995e-03
 55 -0.08324 -2.43034e-03 | 56  0.00269  3.39077e-02 | 57  0.04225  1.75429e-02
 58 -0.04866  1.08701e-03 | 59  0.12564  5.19846e-02 | 60 -0.05787 -1.73376e-02
 61  0.09133  6.27645e-03 | 62  0.08142 -1.06293e-02 | 63 -0.02894 -1.92665e-02
 64  0.19286 -1.25382e-02 | 65 -0.00956 -2.99988e-02 | 66 -0.63007  4.92788e-03
 67 -0.03328  9.57972e-02 | 68  0.59129  9.05956e-03 | 69  0.14959  5.09074e-04
 70  0.40615 -3.65095e-02 | 71  0.03050  2.24077e-04 | 72  0.30810 -1.01082e-03
 73 -0.36258 -1.81020e+00 | 74  0.25985 -2.85530e-04 | 75 -0.24048  5.56765e-01
 76  0.35392 -3.45955e-05 |
76 variables; iteration 120; function evaluation 159; phase 6
Function value 1.5302157e+02; maximum gradient component mag -1.3613e+00
Var    Value     Gradient |Var    Value     Gradient |Var    Value     Gradient
  1 -0.15107 -6.18847e-02 |  2  0.41105 -3.12772e-03 |  3  0.02588  2.93584e-02
  4 -0.50752  7.14913e-02 |  5 -0.53700  4.42439e-02 |  6 -0.22743  3.21744e-01
  7 -0.03872  1.47266e-02 |  8 -0.00057 -5.50105e-04 |  9 -0.00033 -3.72760e-04
 10 -0.00051  6.14632e-04 | 11 -0.00080 -3.77830e-04 | 12 -0.00125 -8.91135e-05
 13 -0.00195 -1.44427e-04 | 14 -0.00299 -1.25880e-04 | 15 -0.00458 -2.48661e-04
 16 -0.00691 -4.64002e-04 | 17 -0.01027  4.40360e-04 | 18 -0.01488  5.21158e-06
 19 -0.02083 -2.68989e-05 | 20 -0.02805  2.48795e-04 | 21 -0.03580  6.76673e-04
 22 -0.04223 -7.46357e-05 | 23 -0.04394  7.27217e-04 | 24 -0.03748  2.19370e-04
 25 -0.02571  1.95610e-03 | 26 -0.01734  3.20753e-04 | 27  0.00419  2.24573e-03
 28  0.11992 -1.05466e-02 | 29  0.07503 -1.14208e-02 | 30  0.06113 -1.01271e-02
 31 -0.08943 -1.51892e-02 | 32 -0.13384 -1.34176e-02 | 33  0.10105  2.07179e-02
 34 -0.12456 -1.17799e-02 | 35  0.11565  2.49201e-02 | 36 -0.02142 -4.29527e-03
 37 -0.08899 -1.28495e-02 | 38 -0.23298 -1.64656e-02 | 39 -0.09527 -3.21038e-03
 40  0.04316  2.47520e-02 | 41  0.01520  1.13448e-02 | 42  0.01032 -2.23625e-04
 43  0.13360  3.67977e-02 | 44  0.00224 -1.09514e-02 | 45 -0.07535 -1.26571e-02
 46 -0.07760 -1.02684e-02 | 47  0.06124  1.54620e-02 | 48 -0.01245 -1.16045e-03
 49 -0.06992 -9.56928e-03 | 50  0.07790  2.21964e-02 | 51  0.05018 -2.66562e-03
 52 -0.07545 -1.07269e-02 | 53 -0.02872 -3.65268e-03 | 54 -0.04984 -2.68994e-03
 55 -0.08324 -3.11932e-03 | 56  0.00269  2.37752e-02 | 57  0.04225  1.29385e-02
 58 -0.04866  7.58697e-04 | 59  0.12564  3.79552e-02 | 60 -0.05786 -1.21645e-02
 61  0.09133  3.66044e-03 | 62  0.08142 -9.03497e-03 | 63 -0.02894 -1.43637e-02
 64  0.19286 -7.16202e-03 | 65 -0.00957 -2.31297e-02 | 66 -0.63008  1.22316e-03
 67 -0.03326  6.89088e-02 | 68  0.59129  1.53691e-02 | 69  0.18709  6.71538e-04
 70  0.40615 -7.02729e-02 | 71  0.08356  3.42816e-04 | 72  0.33289  5.62994e-05
 73 -0.36506 -1.36129e+00 | 74  0.27242  8.19316e-05 | 75 -0.24911  3.90302e-01
 76  0.35059  8.70155e-05 |
76 variables; iteration 140; function evaluation 182; phase 6
Function value 1.5302148e+02; maximum gradient component mag -7.8297e-01
Var    Value     Gradient |Var    Value     Gradient |Var    Value     Gradient
  1 -0.15108 -3.63678e-02 |  2  0.41105 -3.76651e-05 |  3  0.02588  1.98505e-02
  4 -0.50753  4.84062e-02 |  5 -0.53700  3.24011e-02 |  6 -0.22743  1.86022e-01
  7 -0.03872  6.68577e-03 |  8 -0.00056  1.14892e-04 |  9 -0.00033  7.26348e-05
 10 -0.00051 -5.25565e-05 | 11 -0.00080  5.52916e-05 | 12 -0.00125 -4.32538e-05
 13 -0.00195 -9.56684e-05 | 14 -0.00299 -2.53220e-05 | 15 -0.00458  3.52420e-05
 16 -0.00690  6.86153e-05 | 17 -0.01027 -2.11944e-04 | 18 -0.01488  2.24814e-04
 19 -0.02083 -2.95474e-04 | 20 -0.02805  3.72410e-04 | 21 -0.03581 -2.38154e-06
 22 -0.04223  2.10048e-04 | 23 -0.04394  3.28289e-04 | 24 -0.03748  5.17514e-04
 25 -0.02572  6.03733e-04 | 26 -0.01733  7.91161e-04 | 27  0.00419  1.07584e-03
 28  0.11992 -6.30145e-03 | 29  0.07503 -6.75594e-03 | 30  0.06113 -5.11640e-03
 31 -0.08943 -1.00101e-02 | 32 -0.13384 -8.64777e-03 | 33  0.10105  1.18310e-02
 34 -0.12456 -6.51264e-03 | 35  0.11565  1.52422e-02 | 36 -0.02142 -2.59030e-03
 37 -0.08899 -5.94347e-03 | 38 -0.23298 -9.18347e-03 | 39 -0.09527 -1.85289e-03
 40  0.04316  1.38269e-02 | 41  0.01520  5.46538e-03 | 42  0.01032  3.50066e-03
 43  0.13360  2.01275e-02 | 44  0.00224 -3.78935e-03 | 45 -0.07534 -6.03167e-03
 46 -0.07760 -6.07617e-03 | 47  0.06124  8.43464e-03 | 48 -0.01245 -2.36471e-03
 49 -0.06992 -4.44614e-03 | 50  0.07790  1.38716e-02 | 51  0.05018  4.15807e-04
 52 -0.07545 -6.15279e-03 | 53 -0.02872 -2.91967e-03 | 54 -0.04984 -8.16951e-04
 55 -0.08324 -2.60196e-03 | 56  0.00269  1.18729e-02 | 57  0.04225  7.53135e-03
 58 -0.04866 -5.50651e-04 | 59  0.12564  2.25898e-02 | 60 -0.05786 -6.06617e-03
 61  0.09133  2.79670e-03 | 62  0.08142 -4.69877e-03 | 63 -0.02894 -8.82718e-03
 64  0.19286 -3.90279e-03 | 65 -0.00956 -1.28947e-02 | 66 -0.63009 -5.97036e-04
 67 -0.03326  3.93336e-02 | 68  0.59129  8.46588e-03 | 69  0.15055  2.53353e-05
 70  0.40615 -4.22777e-02 | 71 -0.03098 -1.00344e-04 | 72  0.33410  5.20783e-05
 73 -0.36623 -7.82967e-01 | 74  0.27013 -3.47483e-05 | 75 -0.25336  2.19466e-01
 76  0.34907 -1.52214e-05 |
76 variables; iteration 160; function evaluation 204; phase 6
Function value 1.5302143e+02; maximum gradient component mag -1.3408e+00
Var    Value     Gradient |Var    Value     Gradient |Var    Value     Gradient
  1 -0.15110 -5.46336e-02 |  2  0.41105 -2.35967e-03 |  3  0.02589  2.48045e-02
  4 -0.50753  5.93860e-02 |  5 -0.53700  3.66801e-02 |  6 -0.22744  2.84671e-01
  7 -0.03872  1.15228e-02 |  8 -0.00056 -2.02269e-04 |  9 -0.00033  3.16168e-05
 10 -0.00051  5.78116e-04 | 11 -0.00080 -7.85183e-05 | 12 -0.00125  1.01118e-04
 13 -0.00195 -4.16756e-05 | 14 -0.00299 -1.11386e-05 | 15 -0.00458  3.07777e-04
 16 -0.00690 -2.57614e-04 | 17 -0.01027  1.12528e-04 | 18 -0.01489 -4.51663e-04
 19 -0.02083  2.14923e-04 | 20 -0.02805  2.60109e-04 | 21 -0.03581  4.84548e-04
 22 -0.04223  3.47986e-04 | 23 -0.04394  3.64377e-04 | 24 -0.03748  3.96905e-04
 25 -0.02572  1.10632e-03 | 26 -0.01734  6.85791e-04 | 27  0.00419  1.87045e-03
 28  0.11992 -9.45113e-03 | 29  0.07503 -1.02007e-02 | 30  0.06113 -8.66967e-03
 31 -0.08943 -1.38549e-02 | 32 -0.13384 -1.22554e-02 | 33  0.10105  1.83593e-02
 34 -0.12456 -1.02318e-02 | 35  0.11565  2.21588e-02 | 36 -0.02142 -3.87577e-03
 37 -0.08899 -1.08367e-02 | 38 -0.23298 -1.45378e-02 | 39 -0.09527 -2.74669e-03
 40  0.04316  2.18204e-02 | 41  0.01520  9.63316e-03 | 42  0.01032  9.84482e-04
 43  0.13360  3.18528e-02 | 44  0.00224 -8.89727e-03 | 45 -0.07534 -1.07258e-02
 46 -0.07760 -9.25025e-03 | 47  0.06124  1.33526e-02 | 48 -0.01245 -1.83692e-03
 49 -0.06992 -7.87955e-03 | 50  0.07790  1.94910e-02 | 51  0.05018 -2.20058e-03
 52 -0.07545 -9.62271e-03 | 53 -0.02872 -3.49076e-03 | 54 -0.04984 -2.22472e-03
 55 -0.08324 -2.92272e-03 | 56  0.00269  2.06744e-02 | 57  0.04225  1.15354e-02
 58 -0.04866  1.93522e-04 | 59  0.12564  3.38337e-02 | 60 -0.05786 -1.02803e-02
 61  0.09133  3.40787e-03 | 62  0.08142 -7.66436e-03 | 63 -0.02894 -1.29723e-02
 64  0.19286 -6.19505e-03 | 65 -0.00956 -2.02172e-02 | 66 -0.63008  2.29816e-04
 67 -0.03325  6.12788e-02 | 68  0.59129  1.26727e-02 | 69  0.14963 -7.14574e-05
 70  0.40615 -5.95584e-02 | 71 -0.01388 -1.52626e-05 | 72  0.33188 -4.23144e-05
 73 -0.36882 -1.34078e+00 | 74  0.27324  6.47407e-05 | 75 -0.26335  3.36823e-01
 76  0.34972  5.30503e-05 |
76 variables; iteration 180; function evaluation 226; phase 6
Function value 1.5302142e+02; maximum gradient component mag 2.2466e-02
Var    Value     Gradient |Var    Value     Gradient |Var    Value     Gradient
  1 -0.15111  8.71268e-04 |  2  0.41105 -2.68625e-05 |  3  0.02589 -4.17463e-04
  4 -0.50753 -9.86628e-04 |  5 -0.53700 -6.58039e-04 |  6 -0.22744 -4.58321e-03
  7 -0.03872 -1.60411e-04 |  8 -0.00056 -8.27587e-06 |  9 -0.00033 -1.08522e-07
 10 -0.00051  1.62775e-05 | 11 -0.00080 -3.79679e-06 | 12 -0.00125  2.33580e-06
 13 -0.00195 -2.28708e-07 | 14 -0.00299 -2.55452e-06 | 15 -0.00458  7.69114e-06
 16 -0.00690 -1.14616e-05 | 17 -0.01027  4.48332e-06 | 18 -0.01488 -1.88494e-05
 19 -0.02083  3.79452e-06 | 20 -0.02806 -2.02100e-06 | 21 -0.03581  6.69964e-06
 22 -0.04223 -3.64169e-06 | 23 -0.04394 -5.70159e-06 | 24 -0.03748 -1.36692e-05
 25 -0.02572 -6.88111e-09 | 26 -0.01734 -3.02653e-05 | 27  0.00419 -2.12403e-05
 28  0.11992  1.48154e-04 | 29  0.07503  1.55274e-04 | 30  0.06113  1.02936e-04
 31 -0.08943  2.50247e-04 | 32 -0.13384  1.98448e-04 | 33  0.10105 -3.06339e-04
 34 -0.12456  1.56150e-04 | 35  0.11565 -4.13845e-04 | 36 -0.02142  6.57267e-05
 37 -0.08899  1.22531e-04 | 38 -0.23298  2.26581e-04 | 39 -0.09527  6.34134e-05
 40  0.04316 -3.36475e-04 | 41  0.01520 -1.15697e-04 | 42  0.01032 -1.60687e-04
 43  0.13360 -4.50600e-04 | 44  0.00224  5.01992e-05 | 45 -0.07534  1.27598e-04
 46 -0.07760  1.57926e-04 | 47  0.06124 -1.87714e-04 | 48 -0.01245  1.13893e-04
 49 -0.06992  8.15226e-05 | 50  0.07790 -3.55845e-04 | 51  0.05018 -3.04311e-05
 52 -0.07545  1.57689e-04 | 53 -0.02872  8.45946e-05 | 54 -0.04984  3.06808e-06
 55 -0.08324  7.80481e-05 | 56  0.00269 -2.58711e-04 | 57  0.04225 -1.89071e-04
 58 -0.04866  4.67100e-05 | 59  0.12564 -5.87006e-04 | 60 -0.05786  1.28711e-04
 61  0.09133 -9.31909e-05 | 62  0.08142  9.18692e-05 | 63 -0.02894  2.37080e-04
 64  0.19286  1.08377e-04 | 65 -0.00956  3.05907e-04 | 66 -0.63009  1.69779e-05
 67 -0.03324 -9.90553e-04 | 68  0.59129 -1.34455e-04 | 69  0.14963  1.47379e-06
 70  0.40615  8.14672e-04 | 71 -0.01146 -1.47528e-06 | 72  0.33314 -2.50980e-06
 73 -0.37015  2.24661e-02 | 74  0.27205  9.65752e-07 | 75 -0.26881 -5.30122e-03
 76  0.34913  7.58896e-07 |
  ic > imax  in fminim is answer attained ?
Var    Value     Gradient |Var    Value     Gradient |Var    Value     Gradient
  1 -0.15111  5.15445e-06 |  2  0.41105 -1.78649e-07 |  3  0.02588 -1.81962e-06
  4 -0.50753 -3.67681e-06 |  5 -0.53700 -2.09188e-06 |  6 -0.22744 -2.80082e-05
  7 -0.03872 -7.79547e-07 |  8 -0.00056 -4.40857e-08 |  9 -0.00033  1.56332e-08
 10 -0.00051  1.98209e-07 | 11 -0.00080 -2.20400e-08 | 12 -0.00125  1.00861e-08
 13 -0.00195 -7.05265e-08 | 14 -0.00299 -1.74027e-08 | 15 -0.00458  7.35172e-08
 16 -0.00690 -9.15021e-08 | 17 -0.01027 -7.06343e-08 | 18 -0.01488 -1.01731e-07
 19 -0.02083 -1.24229e-07 | 20 -0.02806  1.28009e-07 | 21 -0.03581  3.14619e-08
 22 -0.04223 -1.29678e-08 | 23 -0.04394 -7.64447e-09 | 24 -0.03748 -6.15719e-08
 25 -0.02572  9.17306e-08 | 26 -0.01734 -2.55850e-07 | 27  0.00419 -1.09556e-07
 28  0.11992  1.03547e-06 | 29  0.07503  1.04175e-06 | 30  0.06113  6.48531e-07
 31 -0.08943  1.68614e-06 | 32 -0.13384  1.20017e-06 | 33  0.10105 -1.83361e-06
 34 -0.12456  9.08147e-07 | 35  0.11565 -2.45200e-06 | 36 -0.02142  4.47190e-07
 37 -0.08899  6.67033e-07 | 38 -0.23298  1.38347e-06 | 39 -0.09527  2.98594e-07
 40  0.04316 -2.10350e-06 | 41  0.01520 -6.28469e-07 | 42  0.01032 -1.20653e-06
 43  0.13360 -2.51787e-06 | 44  0.00224  2.60684e-07 | 45 -0.07534  6.90501e-07
 46 -0.07760  9.99420e-07 | 47  0.06124 -1.12503e-06 | 48 -0.01245  8.96151e-07
 49 -0.06992  3.61540e-07 | 50  0.07790 -2.15462e-06 | 51  0.05018 -1.22457e-07
 52 -0.07545  1.03599e-06 | 53 -0.02872  5.66384e-07 | 54 -0.04984 -9.83694e-09
 55 -0.08324  4.78509e-07 | 56  0.00269 -1.65391e-06 | 57  0.04225 -1.22546e-06
 58 -0.04866  3.56002e-07 | 59  0.12564 -3.76187e-06 | 60 -0.05786  6.56361e-07
 61  0.09133 -6.31003e-07 | 62  0.08142  4.48944e-07 | 63 -0.02894  1.48489e-06
 64  0.19286  5.78510e-07 | 65 -0.00956  1.84325e-06 | 66 -0.63009  1.26122e-07
 67 -0.03324 -6.26798e-06 | 68  0.59129 -4.59261e-07 | 69  0.14960  1.31640e-07
 70  0.40615  3.84551e-06 | 71 -0.01111  1.61594e-08 | 72  0.33323  2.44357e-08
 73 -0.37018  1.44221e-04 | 74  0.27203  2.04875e-08 | 75 -0.26893 -3.43917e-05
 76  0.34912  2.17877e-08 |
Function minimizer not making progress ... is minimum attained?
Minimprove criterion = 0.0000e+00

 - final statistics:
76 variables; iteration 186; function evaluation 262
Function value 1.5302e+02; maximum gradient component mag 1.4422e-04
Exit code = 1;  converg criter 1.0000e-04
Var    Value     Gradient |Var    Value     Gradient |Var    Value     Gradient
  1 -0.15111  5.15445e-06 |  2  0.41105 -1.78649e-07 |  3  0.02588 -1.81962e-06
  4 -0.50753 -3.67681e-06 |  5 -0.53700 -2.09188e-06 |  6 -0.22744 -2.80082e-05
  7 -0.03872 -7.79547e-07 |  8 -0.00056 -4.40857e-08 |  9 -0.00033  1.56332e-08
 10 -0.00051  1.98209e-07 | 11 -0.00080 -2.20400e-08 | 12 -0.00125  1.00861e-08
 13 -0.00195 -7.05265e-08 | 14 -0.00299 -1.74027e-08 | 15 -0.00458  7.35172e-08
 16 -0.00690 -9.15021e-08 | 17 -0.01027 -7.06343e-08 | 18 -0.01488 -1.01731e-07
 19 -0.02083 -1.24229e-07 | 20 -0.02806  1.28009e-07 | 21 -0.03581  3.14619e-08
 22 -0.04223 -1.29678e-08 | 23 -0.04394 -7.64447e-09 | 24 -0.03748 -6.15719e-08
 25 -0.02572  9.17306e-08 | 26 -0.01734 -2.55850e-07 | 27  0.00419 -1.09556e-07
 28  0.11992  1.03547e-06 | 29  0.07503  1.04175e-06 | 30  0.06113  6.48531e-07
 31 -0.08943  1.68614e-06 | 32 -0.13384  1.20017e-06 | 33  0.10105 -1.83361e-06
 34 -0.12456  9.08147e-07 | 35  0.11565 -2.45200e-06 | 36 -0.02142  4.47190e-07
 37 -0.08899  6.67033e-07 | 38 -0.23298  1.38347e-06 | 39 -0.09527  2.98594e-07
 40  0.04316 -2.10350e-06 | 41  0.01520 -6.28469e-07 | 42  0.01032 -1.20653e-06
 43  0.13360 -2.51787e-06 | 44  0.00224  2.60684e-07 | 45 -0.07534  6.90501e-07
 46 -0.07760  9.99420e-07 | 47  0.06124 -1.12503e-06 | 48 -0.01245  8.96151e-07
 49 -0.06992  3.61540e-07 | 50  0.07790 -2.15462e-06 | 51  0.05018 -1.22457e-07
 52 -0.07545  1.03599e-06 | 53 -0.02872  5.66384e-07 | 54 -0.04984 -9.83694e-09
 55 -0.08324  4.78509e-07 | 56  0.00269 -1.65391e-06 | 57  0.04225 -1.22546e-06
 58 -0.04866  3.56002e-07 | 59  0.12564 -3.76187e-06 | 60 -0.05786  6.56361e-07
 61  0.09133 -6.31003e-07 | 62  0.08142  4.48944e-07 | 63 -0.02894  1.48489e-06
 64  0.19286  5.78510e-07 | 65 -0.00956  1.84325e-06 | 66 -0.63009  1.26122e-07
 67 -0.03324 -6.26798e-06 | 68  0.59129 -4.59261e-07 | 69  0.14960  1.31640e-07
 70  0.40615  3.84551e-06 | 71 -0.01111  1.61594e-08 | 72  0.33323  2.44357e-08
 73 -0.37018  1.44221e-04 | 74  0.27203  2.04875e-08 | 75 -0.26893 -3.43917e-05
 76  0.34912  2.17877e-08 |
Estimating row 1 out of 76 for hessian
Estimating row 2 out of 76 for hessian
Estimating row 3 out of 76 for hessian
Estimating row 4 out of 76 for hessian
Estimating row 5 out of 76 for hessian
Estimating row 6 out of 76 for hessian
Estimating row 7 out of 76 for hessian
Estimating row 8 out of 76 for hessian
Estimating row 9 out of 76 for hessian
Estimating row 10 out of 76 for hessian
Estimating row 11 out of 76 for hessian
Estimating row 12 out of 76 for hessian
Estimating row 13 out of 76 for hessian
Estimating row 14 out of 76 for hessian
Estimating row 15 out of 76 for hessian
Estimating row 16 out of 76 for hessian
Estimating row 17 out of 76 for hessian
Estimating row 18 out of 76 for hessian
Estimating row 19 out of 76 for hessian
Estimating row 20 out of 76 for hessian
Estimating row 21 out of 76 for hessian
Estimating row 22 out of 76 for hessian
Estimating row 23 out of 76 for hessian
Estimating row 24 out of 76 for hessian
Estimating row 25 out of 76 for hessian
Estimating row 26 out of 76 for hessian
Estimating row 27 out of 76 for hessian
Estimating row 28 out of 76 for hessian
Estimating row 29 out of 76 for hessian
Estimating row 30 out of 76 for hessian
Estimating row 31 out of 76 for hessian
Estimating row 32 out of 76 for hessian
Estimating row 33 out of 76 for hessian
Estimating row 34 out of 76 for hessian
Estimating row 35 out of 76 for hessian
Estimating row 36 out of 76 for hessian
Estimating row 37 out of 76 for hessian
Estimating row 38 out of 76 for hessian
Estimating row 39 out of 76 for hessian
Estimating row 40 out of 76 for hessian
Estimating row 41 out of 76 for hessian
Estimating row 42 out of 76 for hessian
Estimating row 43 out of 76 for hessian
Estimating row 44 out of 76 for hessian
Estimating row 45 out of 76 for hessian
Estimating row 46 out of 76 for hessian
Estimating row 47 out of 76 for hessian
Estimating row 48 out of 76 for hessian
Estimating row 49 out of 76 for hessian
Estimating row 50 out of 76 for hessian
Estimating row 51 out of 76 for hessian
Estimating row 52 out of 76 for hessian
Estimating row 53 out of 76 for hessian
Estimating row 54 out of 76 for hessian
Estimating row 55 out of 76 for hessian
Estimating row 56 out of 76 for hessian
Estimating row 57 out of 76 for hessian
Estimating row 58 out of 76 for hessian
Estimating row 59 out of 76 for hessian
Estimating row 60 out of 76 for hessian
Estimating row 61 out of 76 for hessian
Estimating row 62 out of 76 for hessian
Estimating row 63 out of 76 for hessian
Estimating row 64 out of 76 for hessian
Estimating row 65 out of 76 for hessian
Estimating row 66 out of 76 for hessian
Estimating row 67 out of 76 for hessian
Estimating row 68 out of 76 for hessian
Estimating row 69 out of 76 for hessian
Estimating row 70 out of 76 for hessian
Estimating row 71 out of 76 for hessian
Estimating row 72 out of 76 for hessian
Estimating row 73 out of 76 for hessian
Estimating row 74 out of 76 for hessian
Estimating row 75 out of 76 for hessian
Estimating row 76 out of 76 for hessian
size of file gradfil1.tmp = 0
size of file gradfil2.tmp = 0
size of file varssave.tmp = 0
size of file cmpdiff.tmp = 0
