
Initial statistics: 66 variables; iteration 0; function evaluation 0; phase 1
Function value 1.4441204e+06; maximum gradient component mag -1.4227e+05
Var    Value     Gradient |Var    Value     Gradient |Var    Value     Gradient
  1 -0.24637 -1.42266e+05 |  2 -0.08327 -9.31298e+04 |  3 -0.02790 -1.21627e+03
  4  0.02253 -6.37004e+02 |  5  0.00852 -7.75769e+02 |  6 -0.03133 -7.72834e+02
  7 -0.04030 -9.74575e+02 |  8  0.03322 -2.33400e+03 |  9  0.00856 -1.96442e+03
 10  0.05131 -3.11997e+03 | 11 -0.05173 -1.53935e+03 | 12  0.03528 -3.10396e+03
 13 -0.04323 -1.74746e+03 | 14  0.03323 -3.35223e+03 | 15  0.02790 -3.23104e+03
 16 -0.03995 -2.06542e+03 | 17 -0.03887 -2.22486e+03 | 18 -0.05101 -2.13479e+03
 19 -0.02328 -2.79675e+03 | 20  0.03315 -4.52883e+03 | 21 -0.00838 -3.34297e+03
 22  0.03819 -4.86124e+03 | 23 -0.00549 -5.41303e+03 | 24 -0.04563 -2.04874e+03
 25  0.03263 -1.07076e+04 | 26 -0.05064 -1.94267e+03 | 27  0.02236 -9.31524e+03
 28  0.00174 -5.97092e+03 | 29 -0.03880 -1.95563e+03 | 30  0.00896 -5.72083e+03
 31  0.02295 -6.45578e+03 | 32 -0.04807 -1.30015e+02 | 33  0.00898 -4.08935e+03
 34 -0.04499  3.77999e+02 | 35 -0.00672 -2.03105e+03 | 36  0.01378 -3.13283e+03
 37 -0.01821 -3.66051e+02 | 38  0.04934 -5.45774e+03 | 39  0.00720 -1.42973e+03
 40  0.03178 -2.59282e+03 | 41 -0.00535  2.34334e+02 | 42  0.00103 -2.79032e+02
 43  0.01719 -1.30594e+03 | 44  0.02500 -1.50726e+03 | 45  0.04222 -2.86731e+03
 46  0.00058  4.16001e+02 | 47  0.04424 -2.14233e+03 | 48 -0.02476  2.11384e+03
 49 -0.04177  2.78729e+03 | 50 -0.01149  1.65125e+03 | 51 -0.04431  2.90000e+03
 52 -0.04913  3.37104e+03 | 53  0.03628  3.94751e+02 | 54  0.01408  1.76151e+03
 55 -0.00841  3.55751e+03 | 56  0.03470  2.35706e+03 | 57  0.02585  3.09811e+03
 58 -0.01947  4.65405e+03 | 59  0.01323  3.87417e+03 | 60  0.01300  4.97942e+03
 61  0.02051  5.19004e+03 | 62 -0.03844  6.28872e+03 | 63  0.03822  6.07023e+03
 64  0.00022  6.39543e+03 | 65 -0.01226  7.24260e+03 | 66 -0.01224  7.15589e+03

Intermediate statistics: 66 variables; iteration 20; function evaluation 50; phase 1
Function value 1.0598562e+06; maximum gradient component mag -2.2320e+04
Var    Value     Gradient |Var    Value     Gradient |Var    Value     Gradient
  1  1.67490 -2.23199e+04 |  2  1.03293 -7.29164e+03 |  3  1.52581  1.32784e+04
  4  1.86587  5.87142e+02 |  5 -0.22986 -7.65095e+01 |  6 -0.55750 -4.91691e+01
  7 -1.52062  5.72428e+01 |  8 -3.40135 -2.07497e+03 |  9 -1.28537  3.52893e+01
 10  0.86086  4.22492e+03 | 11 -2.28907 -1.10090e+03 | 12  2.44536  4.10867e+01
 13  1.25900 -3.87633e+03 | 14 -1.05471  7.56233e+00 | 15  2.82134  2.34059e+01
 16  1.22678 -1.43327e+04 | 17  1.31710 -1.35099e+04 | 18  1.63949 -3.65596e+03
 19  0.44013  3.85545e+03 | 20  0.96386  4.71251e+02 | 21  1.04967  1.96256e+03
 22 -1.37464  4.53339e+01 | 23  1.87166 -1.90025e+02 | 24  0.36826  1.87350e+02
 25  2.73807 -3.79639e+01 | 26  0.32160  1.90341e+02 | 27  2.67258 -4.87026e+01
 28  2.04318 -1.69697e+02 | 29  0.34875  1.86312e+02 | 30  1.97166 -1.79611e+02
 31  2.19848 -1.41794e+02 | 32 -0.36242  1.08162e+02 | 33  1.38458 -1.26060e+02
 34 -0.50937  7.84243e+01 | 35  0.40757  1.67361e+02 | 36  0.93378  1.88518e+01
 37 -0.22373  1.36473e+02 | 38  1.36485  2.29726e+01 | 39  0.61128  5.56283e+01
 40  0.75746  6.65953e+01 | 41 -0.33531  1.13083e+02 | 42  0.48543 -5.31480e+01
 43  0.99370  3.53908e+00 | 44  0.38524  1.41720e+02 | 45  1.17381  4.88728e+01
 46 -0.16787  1.26494e+02 | 47  0.73124 -5.37300e+01 | 48 -0.79806  2.79371e+01
 49 -0.87301  1.68282e+01 | 50 -0.61491  5.13844e+01 | 51 -0.87296  1.56858e+01
 52 -0.90973  1.11901e+01 | 53  1.13034 -5.94876e+01 | 54 -0.23176  7.00563e+01
 55 -0.91475  1.09373e+01 | 56 -0.36162 -1.27685e+02 | 57 -0.51873 -1.33856e+02
 58 -1.32416  5.31335e+01 | 59 -0.26702 -1.02348e+03 | 60 -1.46036  6.85545e+01
 61 -1.49684  5.46274e+01 | 62 -2.56342  6.24432e+01 | 63 -1.77497 -9.90923e+01
 64 -2.82669 -6.59243e+00 | 65 -2.39987 -1.16066e+02 | 66 -2.65429 -6.29576e+01
66 variables; iteration 40; function evaluation 92; phase 1
Function value 1.0508307e+06; maximum gradient component mag -3.9533e+04
Var    Value     Gradient |Var    Value     Gradient |Var    Value     Gradient
  1  1.62788 -3.95325e+04 |  2  1.02702 -1.05234e+04 |  3  1.32672 -4.73094e+03
  4  0.85463  1.30776e+03 |  5  0.44817  1.19176e+03 |  6  0.08040  1.60579e+02
  7 -0.04233  7.20227e+01 |  8 -3.73909  1.02512e+03 |  9 -1.65834  2.85429e+01
 10  0.85311  5.22718e+03 | 11 -2.16536 -6.23475e+02 | 12  2.44603  3.93608e+01
 13  1.27930 -3.77910e+03 | 14 -0.97179 -3.91373e+00 | 15  2.81104  2.47607e+01
 16  0.77932  7.50175e+03 | 17  1.99934 -1.19530e+02 | 18  2.13211 -1.53602e+01
 19 -0.05962  7.27137e+01 | 20  1.02689 -1.83478e+03 | 21  0.84553  4.41276e+03
 22 -2.89076  1.92417e+03 | 23  4.31502  8.58534e+00 | 24 -0.70169 -5.03206e+01
 25 -6.23074  1.05504e+00 | 26 -2.42491 -1.59544e+01 | 27  9.26047 -1.31954e+01
 28  3.13775 -2.55308e+01 | 29 -1.17809  3.24548e+01 | 30  3.68195 -6.56411e+01
 31  2.19535  5.63829e+01 | 32 -0.00781 -3.38921e+01 | 33  7.08794 -1.65446e+01
 34  1.03375  1.96946e+00 | 35  6.63551  5.78912e+01 | 36  5.48398  6.33694e+01
 37 -0.36937 -6.82785e+01 | 38 -8.25889 -6.63568e+01 | 39  6.57180  6.37959e+01
 40  2.78994  3.77543e+01 | 41 -0.78425 -3.87025e+01 | 42  5.84071  2.48555e+02
 43  5.86877  1.16162e+02 | 44  0.51135 -1.57217e+02 | 45  1.17903  9.38726e+01
 46 -3.30851 -2.39923e+02 | 47  3.99978 -1.64624e+02 | 48 -4.55772 -6.91392e+01
 49 -8.31860 -8.22520e+01 | 50 -11.28633 -4.01991e+01 | 51 -5.05853  1.13874e+01
 52  0.78060  8.78462e+01 | 53  4.98317  8.97994e+00 | 54  6.20480  1.16825e+02
 55  1.33601 -2.41226e+01 | 56 -4.41962 -7.97589e+01 | 57  6.11477  2.75720e+02
 58  0.78189 -1.13050e+02 | 59  0.91594 -9.27276e+01 | 60  6.33313  7.75652e+01
 61  4.07583 -4.09363e+02 | 62 -6.81186  1.67988e+01 | 63  6.23027  1.46571e+02
 64 -1.33218  1.59819e+02 | 65 -8.64265 -1.08638e+02 | 66 -11.34663 -5.57628e+01
Maximum number of function evaluations exceeded

 - final statistics:
66 variables; iteration 44; function evaluation 100
Function value 1.0503e+06; maximum gradient component mag -3.9229e+04
Exit code = 3;  converg criter 1.0000e+01
Var    Value     Gradient |Var    Value     Gradient |Var    Value     Gradient
  1  1.62623 -3.92292e+04 |  2  1.02611 -1.01448e+04 |  3  1.33527 -4.64310e+03
  4  0.63972  1.61902e+03 |  5  0.47337  1.31825e+03 |  6  0.41436  1.35188e+03
  7  0.30842  1.01638e+03 |  8 -3.79503  7.01747e+02 |  9 -1.96704 -1.14952e+02
 10  0.86248  4.90456e+03 | 11 -2.14136 -5.14060e+02 | 12  2.41785  3.76954e+01
 13  1.28306 -3.51919e+03 | 14 -0.92581 -1.02203e+01 | 15  2.77266  2.90144e+01
 16  0.77539  7.24207e+03 | 17  2.05174 -6.44380e+01 | 18  2.17387  1.58197e+00
 19 -0.07354  6.01312e+01 | 20  1.03384 -2.36574e+03 | 21  0.81636  5.29181e+03
 22 -3.01401 -2.25472e+02 | 23  4.50696  1.56330e+01 | 24 -0.75453 -4.61731e+01
 25 -7.49543  1.43471e+01 | 26 -3.32936  1.40121e+01 | 27 10.09082  5.26730e+01
 28  3.29276 -5.32888e+01 | 29 -1.56364  7.48754e+01 | 30  3.95278 -4.72331e+01
 31  2.02455  4.43215e+01 | 32  0.15551 -2.05789e+01 | 33  7.71610 -7.11716e+01
 34  1.35949  1.71562e+01 | 35  7.46790 -7.13745e+01 | 36  5.66928  5.96180e+01
 37 -0.23069 -6.94585e+01 | 38 -8.00614 -7.43615e+01 | 39  6.64383  6.17136e+01
 40  3.10854 -2.17644e+01 | 41 -0.61006 -6.57645e+01 | 42  6.36543  8.18180e+01
 43  6.43506  7.74776e+01 | 44  0.42678 -2.22171e+02 | 45  0.68048 -1.86157e+02
 46 -3.12979 -6.54591e+01 | 47  4.55301 -2.04407e+02 | 48 -4.79181 -4.07242e+01
 49 -9.30777  5.67918e+01 | 50 -11.71702 -4.05728e+02 | 51 -5.40985  7.29599e+01
 52  0.69246 -5.87914e+01 | 53  5.98470  1.93432e+02 | 54  7.34028 -7.22201e+01
 55  1.49532  2.02698e+02 | 56 -4.71976 -5.36452e+01 | 57  5.70819  3.72521e+02
 58  1.00436 -2.68743e-02 | 59  0.79299 -2.44298e+02 | 60  6.98478  3.12413e+00
 61  5.04274 -1.82385e+01 | 62 -6.77503 -9.40471e+01 | 63  5.51512  3.44490e+02
 64 -0.41222 -1.84196e+02 | 65 -9.20248  6.21211e+01 | 66 -11.68085 -2.10009e+02

Initial statistics: 71 variables; iteration 0; function evaluation 0; phase 2
Function value 1.0503247e+06; maximum gradient component mag -7.1714e+06
Var    Value     Gradient |Var    Value     Gradient |Var    Value     Gradient
  1 -0.80875  1.51914e+04 |  2  0.24326 -7.99506e+05 |  3  0.11805 -1.38908e+06
  4 -0.86370 -7.17137e+06 |  5 -0.84538 -8.73061e+05 |  6  0.37377  3.92252e+04
  7  0.97389  1.01480e+04 |  8  0.66473  4.64316e+03 |  9  0.63972  1.61904e+03
 10  0.47337  1.31826e+03 | 11  0.41436  1.35190e+03 | 12  0.30842  1.01639e+03
 13  0.20497  7.01756e+02 | 14 -0.03296  1.14954e+02 | 15  0.86248  4.90465e+03
 16  0.14136  5.14073e+02 | 17 -0.41785 -3.76952e+01 | 18  0.71694  3.51951e+03
 19 -0.92581 -1.02203e+01 | 20 -0.77266 -2.90144e+01 | 21  0.77539  7.24281e+03
 22 -0.05174  6.44555e+01 | 23 -0.17387 -1.57322e+00 | 24 -0.07354  6.01574e+01
 25  0.96616  2.36623e+03 | 26  0.81636  5.29468e+03 | 27  0.98599 -2.25108e+02
 28  0.51435  1.11847e+02 | 29 -0.74121  6.62033e+00 | 30  0.51193  1.10960e+02
 31  0.68118  8.05801e+01 | 32 -0.08563  8.55191e+01 | 33 -0.69587  8.94048e+00
 34 -0.42975  3.34070e+01 | 35 -0.04207  9.19475e+01 | 36 -0.01940  9.51131e+01
 37  0.16081  1.14547e+02 | 38 -0.27822  5.49277e+01 | 39  0.65023  5.60920e+01
 40 -0.52448  2.24701e+01 | 41  0.33665  6.11041e+01 | 42 -0.22520  6.11884e+01
 43 -0.00100  6.50984e+01 | 44 -0.63426  1.26247e+01 | 45 -0.86448  2.37299e+00
 46 -0.60120  1.47292e+01 | 47 -0.35933  3.55403e+01 | 48 -0.42846  3.09602e+01
 49  0.43337 -1.11854e+02 | 50  0.69134 -1.14992e+02 | 51  0.89869 -2.89481e+01
 52  0.56102 -1.12312e+02 | 53 -0.77636  4.38198e+00 | 54 -0.68135  8.31723e+00
 55  0.28869 -2.78589e+02 | 56 -0.58166  1.09617e+01 | 57  0.70371  6.31122e+00
 58  0.02044 -5.40038e+01 | 59 -0.64976 -1.19528e+00 | 60  0.51205 -1.03296e+02
 61 -0.70794  6.02860e+00 | 62  0.29756 -2.49628e+02 | 63  0.98727  2.31603e+00
 64  0.80973 -1.85668e+02 | 65 -0.91763  1.13835e+00 | 66  0.98727  7.82290e+00
 67  0.79039  1.33192e+02 | 68  0.49202 -2.40739e+02 | 69 -0.40580 -7.35130e+01
 70 -0.78168 -1.99155e+01 | 71  0.32503 -8.71756e+01 |

Intermediate statistics: 71 variables; iteration 20; function evaluation 44; phase 2
Function value 1.7203949e+04; maximum gradient component mag -2.9594e+05
Var    Value     Gradient |Var    Value     Gradient |Var    Value     Gradient
  1  1.49438  3.33680e+03 |  2 -0.63393 -1.33035e+03 |  3  1.63581  2.75345e+04
  4 -0.93628 -2.95940e+05 |  5  0.09187 -6.76405e+04 |  6 -2.14387 -2.00432e+04
  7 -0.40800 -5.38610e+04 |  8  0.31441 -1.60406e+01 |  9  0.44466 -6.09861e+00
 10  0.30005 -4.10516e-02 | 11  0.24224 -9.02126e+00 | 12  0.17262 -1.60606e+01
 13  0.10980 -2.38956e+01 | 14 -0.03439 -2.47838e+01 | 15 -0.13563 -3.21664e+01
 16  0.03714 -7.81680e+01 | 17 -0.33853 -4.52230e+01 | 18 -0.32890 -4.82240e+01
 19 -0.90526 -1.32224e+01 | 20 -0.71520 -3.58901e+01 | 21 -1.86554  1.36123e+02
 22 -0.06505 -2.54909e+02 | 23 -0.13130 -1.70861e+02 | 24 -0.01986 -3.22713e+02
 25  0.95815 -2.09148e+03 | 26 -0.08045 -3.95529e+01 | 27  2.21792  2.87472e+01
 28  0.11937 -8.69604e+02 | 29  0.21732  1.61131e+03 | 30  0.04886 -3.32605e+02
 31  0.03843  3.25359e+02 | 32 -0.07297 -1.00767e+03 | 33  0.00184 -1.43058e+02
 34  0.01729  2.22521e+02 | 35 -0.04998 -8.72069e+02 | 36 -0.05987 -7.53963e+02
 37 -0.11971 -8.56848e+02 | 38 -0.04478  2.21672e+02 | 39 -0.02090  2.98130e+02
 40  0.05831  1.57031e+03 | 41  0.00801 -1.26248e+02 | 42  0.03293 -7.30545e+01
 43 -0.00187 -6.14096e+02 | 44 -0.05464 -7.83146e+02 | 45  0.13481  3.90741e+03
 46 -0.00317  4.47658e+01 | 47  0.01439 -1.43764e+02 | 48  0.14630  4.19999e+03
 49 -0.06492 -1.09988e+03 | 50 -0.04970 -1.85713e+03 | 51 -0.42125 -1.75605e+03
 52 -0.28692 -1.95947e+03 | 53  0.02497  9.07569e+01 | 54 -0.09928 -1.26964e+03
 55 -0.99822 -6.09683e+00 | 56  0.00599  3.90216e+01 | 57 -0.02767 -3.72358e+02
 58  0.00384 -3.65650e+02 | 59 -0.00966 -8.84016e+02 | 60 -0.03572 -1.20278e+03
 61  0.12034  8.06694e+02 | 62 -0.22115 -1.82512e+03 | 63  0.24429  4.16399e+03
 64 -0.16721 -2.02129e+03 | 65  0.21216  5.63312e+03 | 66 -0.41397 -1.64525e+03
 67 -0.13788 -1.63413e+03 | 68  0.10207 -2.83004e+02 | 69  0.34206 -2.27105e+02
 70  0.47153  3.68666e+03 | 71  1.25996  7.50809e+02 |
71 variables; iteration 40; function evaluation 78; phase 2
Function value 1.2645975e+04; maximum gradient component mag -3.3283e+04
Var    Value     Gradient |Var    Value     Gradient |Var    Value     Gradient
  1  1.86647  4.16934e+03 |  2 -0.52826 -8.19345e+02 |  3  1.61914  2.72673e+03
  4 -0.95201 -3.32835e+04 |  5  0.12330 -4.66998e+03 |  6 -1.99329 -2.01976e+04
  7 -0.35060 -5.97624e+02 |  8 -0.57692 -4.30973e+01 |  9 -0.58041 -4.29784e+01
 10 -0.64810 -3.96687e+01 | 11 -0.63828 -4.02643e+01 | 12 -0.50182 -4.43863e+01
 13 -0.31385 -3.70108e+01 | 14  0.12096  1.64703e+01 | 15 -6.01630 -2.27676e+00
 16 -0.13901 -1.87703e+01 | 17  0.55936  4.40834e+01 | 18  2.50842  4.43710e+01
 19 -0.51849 -4.43115e+01 | 20  0.16028  2.15895e+01 | 21 -3.22083  3.10925e+01
 22  0.73084  3.72068e+01 | 23  0.76183  3.58290e+01 | 24  1.25748 -4.06467e+01
 25  0.54963  5.38284e+01 | 26 -0.10560 -1.42085e+01 | 27  3.05093 -7.07085e+00
 28  0.17680  3.67920e+02 | 29  0.22660  1.82913e+03 | 30  0.02743  1.35173e+02
 31  0.05260  8.81959e+02 | 32  0.09629  1.44623e+03 | 33 -0.00869  8.27321e+01
 34 -0.00211  1.51354e+02 | 35  0.05033  4.92839e+02 | 36 -0.09734 -4.57634e+02
 37 -0.02080  3.09989e+02 | 38  0.06790  9.93699e+02 | 39  0.05851 -3.00537e+02
 40 -0.10609 -1.13064e+03 | 41 -0.08333 -1.52348e+03 | 42 -0.00063 -2.16674e+03
 43  0.05932 -2.02525e+03 | 44  0.03262 -4.83710e+02 | 45  0.00159  1.49936e+01
 46 -0.01514  2.05237e+02 | 47  0.00892 -1.03128e+02 | 48 -0.25773 -7.46178e+02
 49  0.07909  1.36832e+03 | 50  0.07104  7.65088e+02 | 51  0.13509  2.33772e+03
 52 -1.53394  6.75735e+02 | 53  0.00460  4.26412e+02 | 54 -1.82473  5.07492e+02
 55 -2.12477 -5.22011e+03 | 56  0.00112  6.31532e+02 | 57 -0.00302  4.52059e+02
 58  0.05039  8.53137e+02 | 59  0.05058  5.12217e+02 | 60  0.09558  8.50110e+02
 61 -0.19287 -8.27915e+02 | 62  0.21478  3.19377e+03 | 63 -0.08932 -8.31674e+02
 64 -0.05979 -1.05554e+03 | 65  0.23302  6.09655e+03 | 66 -1.25026  3.54253e+02
 67 -0.16171 -7.07796e+02 | 68  0.03249 -2.64114e+02 | 69  0.19764  7.93060e+02
 70  0.06496  9.00520e+01 | 71  1.07817  1.09826e+02 |
Maximum number of function evaluations exceeded

 - final statistics:
71 variables; iteration 59; function evaluation 100
Function value 1.1816e+04; maximum gradient component mag 7.3999e+04
Exit code = 3;  converg criter 1.0000e+01
Var    Value     Gradient |Var    Value     Gradient |Var    Value     Gradient
  1  1.85782  5.05840e+03 |  2 -0.57446 -9.62147e+02 |  3  1.61965 -5.13501e+03
  4 -0.94844  7.39990e+04 |  5  0.12106  1.33553e+04 |  6 -1.97999 -2.14009e+04
  7 -0.35170 -6.74266e+02 |  8 -2.46006 -4.40787e+01 |  9 -1.32153  3.75910e+01
 10 -1.87951  1.64030e+01 | 11 -1.52696  4.42278e+01 | 12 -0.11644 -1.58761e+01
 13  0.11410  1.55822e+01 | 14  0.11362  1.55272e+01 | 15 -5.47839  4.42846e+01
 16  0.30605  3.65699e+01 | 17  1.30170 -3.71319e+01 | 18  2.93673  8.76414e+00
 19  0.38532  4.23276e+01 | 20  0.70516  3.84414e+01 | 21 -3.19993  2.96771e+01
 22  0.38963  4.36086e+01 | 23  0.37322  4.30797e+01 | 24 -0.35487 -3.98399e+01
 25  0.58799  5.22820e+01 | 26 -0.09935 -1.34112e+01 | 27  3.02529 -3.52260e+00
 28  0.12378 -1.54893e+02 | 29  0.22160  1.62288e+03 | 30  0.05175  2.00068e+02
 31  0.10057  1.55473e+03 | 32  0.06103  8.16036e+02 | 33 -0.00203  2.84999e+01
 34 -0.03425 -1.49304e+02 | 35  0.05095  7.56163e+02 | 36 -0.00670  2.91120e+02
 37 -0.07239  6.41711e+01 | 38 -0.04065  4.11590e+02 | 39  0.03024  9.24843e+02
 40  0.03166  2.94693e+02 | 41 -0.05080 -6.75053e+02 | 42 -0.02253 -7.96962e+02
 43  0.03842 -3.76309e+02 | 44  0.01766  2.26056e+02 | 45  0.01136  2.95062e+02
 46 -0.00839  2.88498e+01 | 47 -0.02284 -6.94953e+02 | 48 -0.28925 -9.25803e+02
 49  0.06470  8.07324e+02 | 50  0.07626  5.76441e+02 | 51  0.10854  1.44542e+03
 52 -1.76882  8.46038e+02 | 53  0.02389  5.24889e+02 | 54 -1.86908  5.19078e+02
 55 -2.05409 -2.17663e+03 | 56 -0.04786 -2.94552e+02 | 57 -0.01169  7.97376e+01
 58  0.09064  1.33656e+03 | 59  0.04365  1.95473e+02 | 60  0.08754  4.30452e+02
 61 -0.26825 -9.70789e+02 | 62  0.23764  3.77649e+03 | 63 -0.15343 -1.03856e+03
 64 -0.14132 -1.46268e+03 | 65  0.18871  4.00608e+03 | 66 -1.25282  4.12345e+02
 67 -0.00371 -1.27404e+02 | 68  0.08873  2.21616e+02 | 69  0.15351  2.46564e+02
 70 -0.04905 -6.50494e+02 | 71  0.90767 -1.55623e+02 |

Initial statistics: 80 variables; iteration 0; function evaluation 0; phase 3
Function value 1.1758976e+04; maximum gradient component mag -7.7058e+04
Var    Value     Gradient |Var    Value     Gradient |Var    Value     Gradient
  1  0.14218 -5.05840e+03 |  2 -0.57446 -9.62147e+02 |  3  0.38035  5.13501e+03
  4 -0.94844  7.39990e+04 |  5  0.12106  1.33553e+04 |  6 -0.02001  2.14009e+04
  7 -0.35170 -6.74266e+02 |  8  0.46006  4.40787e+01 |  9 -0.67847 -3.75910e+01
 10 -0.12049 -1.64030e+01 | 11 -0.47304 -4.42278e+01 | 12 -0.11644 -1.58761e+01
 13  0.11410  1.55822e+01 | 14  0.11362  1.55272e+01 | 15 -0.52161 -4.42846e+01
 16  0.30605  3.65699e+01 | 17  0.69830  3.71319e+01 | 18 -0.93673 -8.76414e+00
 19  0.38532  4.23276e+01 | 20  0.70516  3.84414e+01 | 21  0.80007  2.96771e+01
 22  0.38963  4.36086e+01 | 23  0.37322  4.30797e+01 | 24 -0.35487 -3.98399e+01
 25  0.58799  5.22820e+01 | 26 -0.09935 -1.34112e+01 | 27 -0.97471 -3.52260e+00
 28  0.11403 -4.19858e+02 | 29  0.21143  1.37795e+03 | 30  0.04213 -6.79358e+01
 31  0.09088  1.29224e+03 | 32  0.05141  5.49189e+02 | 33 -0.01162 -2.40276e+02
 34 -0.04385 -4.17344e+02 | 35  0.04134  4.88743e+02 | 36 -0.01629  2.23126e+01
 37 -0.08205 -2.02534e+02 | 38 -0.05026  1.43167e+02 | 39  0.02065  6.56726e+02
 40  0.02207  2.62266e+01 | 41 -0.06043 -9.41766e+02 | 42 -0.03212 -1.06492e+03
 43  0.02882 -6.45150e+02 | 44  0.00807 -4.26695e+01 | 45  0.00177  2.62932e+01
 46 -0.01798 -2.39868e+02 | 47 -0.03244 -9.62965e+02 | 48 -0.29996 -1.15759e+03
 49  0.05507  5.40666e+02 | 50  0.06661  3.10080e+02 | 51  0.09883  1.18346e+03
 52 -0.24147 -1.09044e+03 | 53  0.01429  2.56378e+02 | 54 -0.14073 -7.79623e+02
 55  0.04447  1.91103e+03 | 56 -0.05748 -5.61905e+02 | 57 -0.02128 -1.88959e+02
 58  0.08096  1.07267e+03 | 59  0.03405 -7.27788e+01 | 60  0.07787  1.64499e+02
 61 -0.27880 -1.20690e+03 | 62  0.22738  3.54800e+03 | 63 -0.16332 -1.29449e+03
 64 -0.15116 -1.71867e+03 | 65  0.17871  3.76652e+03 | 66 -0.77325 -4.65490e+02
 67 -0.01330 -3.96136e+02 | 68  0.07906 -4.46831e+01 | 69  0.14365 -1.45278e+01
 70 -0.05867 -9.17336e+02 | 71  0.85576 -3.02276e+02 | 72  0.89180  2.87989e+03
 73 -0.30229  9.28497e+00 | 74  0.30528 -7.70584e+04 | 75 -0.27913  1.16810e+00
 76  0.19114 -5.32839e+01 | 77 -0.29066  1.78048e+03 | 78  0.81417  2.03448e-01
 79 -0.23577 -8.67009e+02 | 80  0.26837  2.12923e+02 |

Intermediate statistics: 80 variables; iteration 20; function evaluation 35; phase 3
Function value 4.2957436e+03; maximum gradient component mag -8.9522e+04
Var    Value     Gradient |Var    Value     Gradient |Var    Value     Gradient
  1 -0.00094 -2.64509e+03 |  2 -0.01409  1.01575e+03 |  3  0.63037 -4.59320e+03
  4 -0.90370 -8.95217e+04 |  5 -0.19615 -3.19065e+04 |  6 -0.11432  1.51058e+04
  7  0.06061  4.28197e+03 |  8  0.34209  4.54672e+01 |  9 -0.57635 -4.31124e+01
 10 -0.07889 -1.06144e+01 | 11 -0.35653 -3.99070e+01 | 12 -0.07628 -9.86726e+00
 13  0.07353  1.34577e+01 | 14  0.07269  1.47827e+01 | 15 -0.40412 -4.22250e+01
 16  0.20140  5.29151e+01 | 17  0.50706  2.65014e+02 | 18 -0.91232 -1.20595e+01
 19  0.22668  1.29734e+02 | 20  0.37051  3.95145e+02 | 21  0.34832  4.98596e+02
 22  0.15621  2.11915e+02 | 23  0.11766  2.30748e+02 | 24 -0.25559 -1.49793e+01
 25  0.10628  4.50659e+02 | 26 -0.10616  1.08842e+02 | 27 -0.96493 -4.71911e+00
 28  0.07947 -3.42820e+02 | 29  0.11655  1.43205e+02 | 30 -0.16420 -6.63624e+02
 31 -0.10220 -4.44538e+02 | 32  0.04856  6.10467e+02 | 33  0.10539  1.55832e+03
 34  0.09986  1.73057e+03 | 35  0.11579  2.14299e+03 | 36  0.08237  1.71666e+03
 37 -0.03063  4.40838e+02 | 38 -0.17743 -4.96245e+02 | 39 -0.02731 -2.04286e+02
 40 -0.04706 -7.05824e+02 | 41  0.04143 -3.38256e+02 | 42  0.14005  2.69717e+02
 43  0.11733 -3.03515e+02 | 44 -0.45139 -7.47458e+02 | 45 -0.07107 -7.31064e+02
 46  0.04583  1.00203e+02 | 47  0.16406  1.32543e+03 | 48 -0.01286 -2.57862e+02
 49  0.03363 -2.47985e+02 | 50  0.08931 -7.06812e+02 | 51  0.02472 -9.50063e+02
 52 -0.03844 -9.45744e+02 | 53 -0.03087 -9.73241e+02 | 54 -0.05284 -9.45005e+02
 55 -0.09334 -8.01461e+02 | 56  0.02324 -6.45250e+02 | 57  0.02461  2.52561e+00
 58  0.12300  1.44650e+03 | 59  0.11915  7.57965e+02 | 60  0.08988  4.73237e+02
 61  0.04099 -3.11770e+02 | 62  0.11701  4.70354e+02 | 63  0.11812  5.33933e+02
 64  0.16015  1.58887e+03 | 65  0.02704  1.14853e+02 | 66 -0.53070 -7.03737e+02
 67 -0.10855 -6.65502e+02 | 68  0.09022 -1.52406e+02 | 69 -0.51465 -7.49053e+02
 70 -0.31323 -8.40345e+02 | 71  0.39390  1.88337e+02 | 72  1.27407  1.27028e+03
 73 -0.30715 -2.03470e-01 | 74  0.39409  1.12989e+04 | 75 -0.27848 -1.02375e-02
 76  0.37081 -8.03530e+00 | 77 -0.62214 -3.15605e+03 | 78  0.81391  5.37305e-01
 79 -0.43354  8.94069e+02 | 80  0.22679  2.21985e+02 |
80 variables; iteration 40; function evaluation 75; phase 3
Function value 2.9045754e+03; maximum gradient component mag -9.4423e+04
Var    Value     Gradient |Var    Value     Gradient |Var    Value     Gradient
  1 -0.66168  6.28634e+02 |  2 -0.00735 -1.84178e+02 |  3  0.54116 -6.03405e+03
  4 -0.90031 -9.44232e+04 |  5 -0.20635 -3.56843e+04 |  6 -0.36890  3.74399e+02
  7  0.13343  5.49997e+03 |  8 -0.33819 -3.87434e+01 |  9  0.11831  1.66157e+01
 10  0.14617  2.04949e+01 | 11  0.35261  4.38001e+01 | 12  0.15365  2.21019e+01
 13 -0.14941 -1.98949e+01 | 14 -0.15695 -2.11902e+01 | 15  0.51737 -3.05662e-01
 16 -0.36698 -4.08543e+01 | 17 -0.35459 -4.03238e+01 | 18 -0.63342 -4.06413e+01
 19 -0.45047 -4.43444e+01 | 20 -0.40325 -4.32759e+01 | 21 -0.26649 -3.60215e+01
 22 -0.36752 -4.20669e+01 | 23 -0.28666 -3.66914e+01 | 24 -0.16896 -2.27919e+01
 25  0.24499  1.88379e+02 | 26 -0.40304 -3.94793e+01 | 27 -0.85159 -1.96987e+01
 28 -0.03051  3.38882e+02 | 29  0.27624  8.17869e+02 | 30 -0.01147  4.41809e+02
 31  0.04845  7.33561e+02 | 32  0.06519  6.91903e+02 | 33  0.08953  4.54518e+02
 34  0.02266  4.36706e+02 | 35  0.14448  6.99751e+02 | 36  0.06605  6.67158e+02
 37  0.04243  8.59337e+02 | 38 -0.44359  2.06586e+02 | 39  0.08632  6.37355e+02
 40 -0.00287  2.06359e+02 | 41  0.18659  4.43872e+02 | 42 -0.04052  1.95236e+02
 43  0.25059 -4.05975e+02 | 44 -0.72107  8.22570e+01 | 45  0.16220  8.87564e+01
 46 -0.16540  2.10774e+02 | 47  0.13561 -4.70406e+02 | 48 -0.04433  1.19787e+02
 49  0.15877 -2.36997e+02 | 50 -0.17920  5.92447e+01 | 51  0.20353 -2.58700e+02
 52  0.05875  1.85870e+02 | 53  0.00734  7.35472e+01 | 54  0.11415 -1.53595e+02
 55 -0.15764  1.27524e+01 | 56 -0.04014 -4.32301e+02 | 57  0.12785 -2.59696e+02
 58 -0.01104  2.38709e+02 | 59  0.28945  1.53534e+03 | 60 -0.26863  2.47019e+02
 61  0.17667  5.02729e+02 | 62  0.19169  6.50331e+02 | 63  0.17504  3.78035e+02
 64  0.09211 -2.48789e+02 | 65  0.14192  6.91081e+02 | 66 -0.24770  4.10599e+00
 67 -0.39279  6.42301e+01 | 68  0.09206  4.19151e+02 | 69 -2.24274 -6.97212e+02
 70 -1.21997 -7.52612e+01 | 71 -0.01322  1.42005e+02 | 72  1.25157  2.05863e+03
 73 -0.13736 -2.40637e-02 | 74  0.39542  1.84430e+04 | 75 -0.24306 -1.65009e-03
 76  1.50687  7.16383e-01 | 77 -0.71387 -1.54490e+03 | 78  0.80881  1.79161e+01
 79 -0.56683  2.24655e+02 | 80 -0.12161  6.70538e+03 |
Maximum number of function evaluations exceeded

 - final statistics:
80 variables; iteration 58; function evaluation 100
Function value 2.6470e+03; maximum gradient component mag -7.3928e+04
Exit code = 3;  converg criter 1.0000e+00
Var    Value     Gradient |Var    Value     Gradient |Var    Value     Gradient
  1 -0.66127  2.33222e+02 |  2  0.03536 -3.00582e+02 |  3  0.53905 -4.76075e+03
  4 -0.90392 -7.39281e+04 |  5 -0.18934 -2.65359e+04 |  6 -0.35226  1.13911e+03
  7  0.12681  8.29541e+03 |  8 -1.68846  3.65832e+01 |  9  0.17886  2.86615e+01
 10  0.07389  1.34815e+01 | 11  0.22785  4.31239e+01 | 12  0.07930  1.76997e+01
 13 -0.11194 -1.31926e+01 | 14 -0.13232 -1.58013e+01 | 15  0.54391  2.66700e+02
 16 -1.51488  4.41401e+01 | 17  0.00238  1.17205e+01 | 18  0.29122  1.52328e+02
 19 -1.83442  1.73891e+01 | 20 -0.09667 -2.98930e+00 | 21 -0.13801 -8.51726e+00
 22 -0.28046 -2.95480e+01 | 23 -0.19427 -1.12380e+01 | 24 -0.14428  1.32016e+01
 25  0.16518  5.66749e+02 | 26 -0.05780  1.40948e+02 | 27 -0.03056  2.77077e+02
 28  0.12478  4.16537e+02 | 29  0.29574  1.22974e+03 | 30 -0.14755  2.51626e+02
 31  0.09608  1.02591e+03 | 32  0.10075  1.01673e+03 | 33  0.13524  9.86067e+02
 34  0.04303  6.00092e+02 | 35  0.11465  7.28786e+02 | 36  0.07295  6.75877e+02
 37 -0.04205  4.72551e+02 | 38 -0.52962  1.01512e+02 | 39  0.08932  6.44219e+02
 40 -0.03799  6.52373e+01 | 41  0.16329  2.85715e+02 | 42  0.00721  4.72248e+01
 43  0.20387 -5.57863e+02 | 44 -0.73685  3.65646e+01 | 45  0.20968  6.88001e+02
 46 -0.13841  1.52391e+02 | 47  0.10885 -3.37084e+02 | 48  0.00775 -1.13177e+01
 49  0.13993 -5.07091e+02 | 50 -0.10116 -2.57243e+02 | 51  0.11325 -9.41691e+02
 52  0.01761 -2.24998e+02 | 53 -0.04620 -1.61317e+02 | 54  0.07508 -3.71214e+02
 55 -0.03919 -1.97869e+02 | 56 -0.04142 -4.54868e+02 | 57  0.13704  2.19310e+01
 58 -0.01810  2.08601e+02 | 59  0.29023  1.62491e+03 | 60 -0.23772  1.51243e+02
 61  0.11678 -3.31067e+01 | 62  0.17315 -3.74984e+00 | 63  0.09606 -1.95922e+02
 64  0.11923 -4.89843e+02 | 65  0.11910  2.90037e+02 | 66 -0.33422 -7.93640e+01
 67 -0.36652 -1.65949e+01 | 68  0.14527  7.21632e+02 | 69 -2.21631 -5.14587e+02
 70 -0.71384  5.04550e+01 | 71 -0.03805  1.59968e+01 | 72  1.22240  1.66650e+03
 73  1.97553  1.31784e+02 | 74  0.39461  1.59135e+04 | 75 -0.05744 -4.92864e+00
 76  3.29578 -1.50537e-02 | 77 -0.67806 -7.26595e+02 | 78  0.59551  2.06034e+02
 79 -0.54775  1.20671e+01 | 80 -0.11451  9.04445e+03 |

Initial statistics: 80 variables; iteration 0; function evaluation 0; phase 4
Function value 2.6156685e+03; maximum gradient component mag -7.3928e+04
Var    Value     Gradient |Var    Value     Gradient |Var    Value     Gradient
  1 -0.66127  2.33222e+02 |  2  0.03536 -3.00582e+02 |  3  0.53905 -4.76075e+03
  4 -0.90392 -7.39281e+04 |  5 -0.18934 -2.65359e+04 |  6 -0.35226  1.13911e+03
  7  0.12681  8.29541e+03 |  8 -0.31154 -3.65832e+01 |  9  0.17886  2.86615e+01
 10  0.07389  1.34815e+01 | 11  0.22785  4.31239e+01 | 12  0.07930  1.76997e+01
 13 -0.11194 -1.31926e+01 | 14 -0.13232 -1.58013e+01 | 15  0.54391  2.66700e+02
 16 -0.48512 -4.41401e+01 | 17  0.00238  1.17205e+01 | 18  0.29122  1.52328e+02
 19 -0.16558 -1.73891e+01 | 20 -0.09667 -2.98930e+00 | 21 -0.13801 -8.51726e+00
 22 -0.28046 -2.95480e+01 | 23 -0.19427 -1.12380e+01 | 24 -0.14428  1.32016e+01
 25  0.16518  5.66749e+02 | 26 -0.05780  1.40948e+02 | 27 -0.03056  2.77077e+02
 28  0.11752  2.21005e+02 | 29  0.28779  1.05757e+03 | 30 -0.15488  5.69670e+01
 31  0.08887  8.29713e+02 | 32  0.09354  8.20816e+02 | 33  0.12796  7.92616e+02
 34  0.03589  4.00984e+02 | 35  0.10741  5.33241e+02 | 36  0.06578  4.77933e+02
 37 -0.04920  2.72923e+02 | 38 -0.54030 -3.24602e+01 | 39  0.08213  4.47023e+02
 40 -0.04513 -1.34152e+02 | 41  0.15593  9.26830e+01 | 42  0.00008 -1.52616e+02
 43  0.19638 -7.50413e+02 | 44 -0.75519 -4.08205e+01 | 45  0.20216  5.00878e+02
 46 -0.14572 -4.26369e+01 | 47  0.10162 -5.35025e+02 | 48  0.00063 -2.11162e+02
 49  0.13264 -7.03877e+02 | 50 -0.10839 -4.53712e+02 | 51  0.10602 -1.14063e+03
 52  0.01048 -4.24870e+02 | 53 -0.05334 -3.60318e+02 | 54  0.06791 -5.70393e+02
 55 -0.04633 -3.97034e+02 | 56 -0.04857 -6.53769e+02 | 57  0.12975 -1.73722e+02
 58 -0.02523  8.83461e+00 | 59  0.28232  1.45418e+03 | 60 -0.24539 -3.46623e+01
 61  0.10953 -2.30067e+02 | 62  0.16576 -1.96869e+02 | 63  0.08885 -3.94147e+02
 64  0.11199 -6.87628e+02 | 65  0.11186  9.38767e+01 | 66 -0.34249 -2.50375e+02
 67 -0.37505 -1.82603e+02 | 68  0.13796  5.28339e+02 | 69  0.20877  3.27513e+02
 70 -0.73071 -3.43690e+01 | 71 -0.04519 -1.83355e+02 | 72  0.77760 -1.66650e+03
 73  0.02447 -1.31784e+02 | 74  0.39461  1.59135e+04 | 75 -0.05744 -4.92864e+00
 76 -0.70422 -1.50537e-02 | 77 -0.67806 -7.26595e+02 | 78  0.59551  2.06034e+02
 79 -0.54775  1.20671e+01 | 80 -0.11451  9.04445e+03 |

Intermediate statistics: 80 variables; iteration 20; function evaluation 26; phase 4
Function value 9.2012147e+02; maximum gradient component mag -2.9810e+04
Var    Value     Gradient |Var    Value     Gradient |Var    Value     Gradient
  1 -0.95328 -1.67373e+01 |  2  0.51819  4.89466e+02 |  3  0.65316 -1.67579e+03
  4 -0.88294 -2.98096e+04 |  5 -0.22029 -1.13157e+04 |  6 -0.40338  2.41471e+03
  7  0.04059  1.05836e+03 |  8 -0.10551 -1.41579e+01 |  9  0.04525  6.69363e+00
 10  0.01586  2.63639e+00 | 11  0.04956  7.60485e+00 | 12  0.01245  2.46509e+00
 13 -0.03311 -3.94996e+00 | 14 -0.03874 -5.06111e+00 | 15 -0.20658 -2.68126e+01
 16 -0.21673 -2.80099e+01 | 17 -0.01588 -2.89624e+00 | 18 -0.20681 -2.70153e+01
 19 -0.05060 -7.45045e+00 | 20 -0.03626 -5.64171e+00 | 21 -0.04505 -5.77151e+00
 22 -0.08987 -1.13336e+01 | 23 -0.05590 -3.60831e+00 | 24 -0.03724  4.87572e+00
 25  0.15849  1.02050e+02 | 26  0.00784  4.60114e+01 | 27  0.03091  9.61942e+01
 28  0.08089 -4.87118e+01 | 29  0.13732  1.42795e+02 | 30 -0.12803 -1.33562e+02
 31  0.02253  1.49429e+02 | 32 -0.22361 -1.79218e+02 | 33  0.18635  1.17385e+03
 34 -0.29456 -1.91005e+02 | 35  0.13675  4.72681e+02 | 36  0.00184  8.58219e+01
 37 -0.05069  2.91709e+01 | 38 -0.20352 -1.25883e+02 | 39 -0.20440 -2.09005e+02
 40  0.08824  9.61981e+01 | 41  0.03888 -2.65906e-02 | 42  0.01419  1.94233e+01
 43  0.25001  1.80067e+03 | 44 -0.29646 -2.38087e+02 | 45  0.04140  1.37150e+02
 46 -0.08404 -1.26674e+02 | 47  0.09296 -1.24168e+02 | 48 -0.00549 -2.09559e+02
 49 -0.07124 -1.94129e+02 | 50  0.12733 -4.65746e+01 | 51  0.10542 -1.24944e+02
 52 -0.14806 -2.66192e+02 | 53  0.03447 -2.55954e+02 | 54 -0.13587 -3.52842e+02
 55 -0.04172 -3.01868e+02 | 56  0.01750 -3.60555e+02 | 57  0.08259 -2.68584e+02
 58 -0.01318 -1.99331e+02 | 59  0.15779 -1.29967e+02 | 60  0.01566 -9.06449e+01
 61  0.11956 -4.37070e+01 | 62  0.14705  5.37002e+01 | 63  0.06206 -1.63867e+02
 64  0.15407 -1.67825e+01 | 65 -0.04838 -1.31104e+02 | 66  0.01192  1.08516e+02
 67 -0.07808 -1.19102e+02 | 68 -0.03228 -1.59475e+02 | 69  0.16077 -4.98506e+01
 70 -0.35033 -2.46729e+02 | 71  0.05542 -1.61934e+02 | 72  0.84332 -3.81366e+02
 73  0.47672  2.84523e-03 | 74  0.40184  3.78730e+03 | 75 -0.03379 -3.93551e-04
 76 -0.70411 -6.26661e-03 | 77 -0.38245 -1.26600e+03 | 78  0.70918  1.04014e+01
 79 -0.09203  6.35380e+02 | 80 -0.02557  2.91546e+03 |
80 variables; iteration 40; function evaluation 48; phase 4
Function value 7.7253797e+02; maximum gradient component mag -1.2805e+04
Var    Value     Gradient |Var    Value     Gradient |Var    Value     Gradient
  1 -0.79819  1.09522e+00 |  2  0.26876 -8.24825e+00 |  3  0.74399 -6.04810e+02
  4 -0.87328 -1.28054e+04 |  5 -0.22419 -4.17929e+03 |  6 -0.45235  5.44365e+02
  7  0.04519  2.44373e+03 |  8 -0.13375 -1.75055e+01 |  9  0.06692  1.05017e+01
 10  0.02382  4.52709e+00 | 11  0.10426  1.73530e+01 | 12  0.02711  6.13098e+00
 13 -0.07567 -9.02096e+00 | 14 -0.09366 -1.14170e+01 | 15 -1.97265  7.34716e-01
 16 -0.19766 -2.49075e+01 | 17 -0.03692 -9.00196e-01 | 18 -0.40395 -4.20831e+01
 19 -0.17621 -2.11136e+01 | 20 -0.13657 -1.46722e+01 | 21 -0.17611 -1.96992e+01
 22 -0.28131 -3.23479e+01 | 23 -0.21578 -2.35247e+01 | 24 -0.14818 -1.02467e+01
 25  0.15989  1.59781e+02 | 26 -0.02616  4.09425e+01 | 27  0.00101  7.66322e+01
 28  0.09512  2.28850e+02 | 29  0.12804  3.30486e+02 | 30 -0.10961  1.42199e+02
 31  0.03741  3.52418e+02 | 32 -0.12050  1.69220e+02 | 33  0.18003  9.72935e+02
 34 -0.17286  1.14547e+02 | 35  0.14285  4.70438e+02 | 36  0.01435  2.62794e+02
 37 -0.04788  2.32437e+02 | 38 -0.28779  8.55241e+01 | 39 -0.12834  1.03297e+02
 40  0.11197  5.31590e+02 | 41  0.08158  3.40280e+02 | 42 -0.00109  1.25071e+02
 43  0.21759  5.24741e+02 | 44 -0.12449  3.55618e+01 | 45  0.05253  3.07512e+02
 46 -0.05009  1.28232e+02 | 47  0.07817 -2.00714e+00 | 48  0.06966  9.31105e+01
 49 -0.04950  3.66251e+01 | 50  0.09582 -2.95234e+02 | 51  0.08605 -2.42021e+02
 52 -0.03786  4.88884e+01 | 53  0.05532  4.54802e+01 | 54 -0.34277 -4.27275e+01
 55  0.05891  1.32854e+02 | 56 -0.05237 -1.91674e+02 | 57  0.10447 -1.47419e+02
 58 -0.02822 -1.67761e+01 | 59  0.17253 -2.76301e+02 | 60 -0.09071  2.98109e+01
 61  0.13245 -2.18834e+01 | 62  0.15067  1.20097e+02 | 63  0.08064  9.90418e+01
 64  0.19178  1.21625e+02 | 65 -0.65560 -5.80411e+00 | 66  0.01440  2.30188e+02
 67 -0.03509  1.95571e+02 | 68 -0.01359  6.54799e+01 | 69  0.13175 -1.18198e+02
 70 -0.08003  6.83176e+01 | 71  0.01889  1.14979e+01 | 72  0.84740 -2.84821e+02
 73  1.68335 -5.60852e-03 | 74  0.40658  2.26881e+03 | 75  0.05629  1.97714e-03
 76 -0.70344 -6.25350e-03 | 77 -0.52918 -4.83379e+02 | 78  1.43543 -1.23455e+01
 79 -0.20025  1.99249e+02 | 80  0.05823  4.83851e+02 |
80 variables; iteration 60; function evaluation 86; phase 4
Function value 5.8911086e+02; maximum gradient component mag -1.0521e+04
Var    Value     Gradient |Var    Value     Gradient |Var    Value     Gradient
  1 -0.98275  7.26853e+00 |  2  0.31212  2.23842e+02 |  3  0.69001 -6.13496e+02
  4 -0.86715 -1.05209e+04 |  5 -0.23762 -3.59428e+03 |  6 -0.40474 -4.52424e+02
  7  0.03532  2.38655e+03 |  8 -0.19229 -2.48625e+01 |  9  0.10358  1.57205e+01
 10  0.03914  6.75909e+00 | 11  0.11822  1.94728e+01 | 12  0.03430  7.27166e+00
 13 -0.04115 -3.79783e+00 | 14 -0.04839 -4.44251e+00 | 15 -1.90160  1.15102e+01
 16 -0.33571 -3.82301e+01 | 17 -0.00739  5.64729e+00 | 18  0.32603  1.29611e+02
 19 -0.04240  2.14648e+00 | 20 -0.03813  4.89356e+00 | 21 -0.04477  5.67907e+00
 22  0.01475  2.50319e+01 | 23 -0.05236  9.02821e+00 | 24 -0.05710  1.09908e+01
 25  0.16227  1.43140e+02 | 26 -0.00164  4.19611e+01 | 27  0.05090  8.51977e+01
 28  0.10469  1.74098e+02 | 29  0.12003  2.11379e+02 | 30 -0.07442  9.83672e+01
 31 -0.05913  1.08705e+02 | 32 -0.08758  1.50545e+02 | 33  0.13637  3.14497e+02
 34 -0.07622  1.16981e+02 | 35  0.11254 -4.08114e+01 | 36  0.00219  6.34303e+01
 37 -0.07339  6.94366e+01 | 38 -0.36546  2.30350e+01 | 39 -0.10473  5.69489e+01
 40  0.07124  1.08407e+02 | 41  0.07089  1.63424e+02 | 42 -0.03341  3.30852e+01
 43  0.20279  3.81964e+02 | 44 -0.05239  4.03874e+01 | 45  0.02242  2.20500e+02
 46 -0.07673  9.51860e+01 | 47  0.10483  9.58011e+01 | 48  0.01668 -4.65900e+01
 49 -0.24734 -1.55106e+01 | 50  0.13455 -9.95135e+01 | 51  0.05047 -1.94271e+02
 52 -0.05723 -1.52044e+01 | 53  0.01121 -4.89697e+01 | 54 -0.11605 -8.34921e+01
 55 -0.00449  6.49862e+01 | 56  0.04006 -4.93332e+01 | 57  0.03922 -2.69208e+02
 58 -0.03234 -2.96448e+01 | 59  0.18042 -9.70654e-01 | 60 -0.01976  1.11016e+00
 61  0.05665 -2.35357e+02 | 62  0.15182 -1.35298e+02 | 63  0.05623 -1.18289e+02
 64  0.15746 -3.71541e+02 | 65 -0.26875 -1.04725e+02 | 66 -0.01866  3.98093e+00
 67 -0.05612  7.26952e+01 | 68 -0.04475  1.92780e+00 | 69  0.14983 -7.53404e+00
 70 -0.15018  4.63444e+00 | 71  0.03486  4.43248e+01 | 72  0.93968 -9.98187e+01
 73  2.07097  2.07404e+01 | 74  0.41033  2.17402e+03 | 75  1.25640  2.45902e-01
 76 -0.69539 -7.23682e-03 | 77 -0.50632 -4.98776e+02 | 78  1.66993 -3.01057e+02
 79 -0.19118  1.61562e+02 | 80  0.00031  7.25125e+02 |
Maximum number of function evaluations exceeded

 - final statistics:
80 variables; iteration 72; function evaluation 100
Function value 5.0655e+02; maximum gradient component mag -8.9035e+03
Exit code = 3;  converg criter 1.0000e+00
Var    Value     Gradient |Var    Value     Gradient |Var    Value     Gradient
  1 -1.01864 -1.16902e+01 |  2  0.30006  1.82547e+02 |  3  0.69053 -5.36694e+02
  4 -0.86266 -8.90349e+03 |  5 -0.24199 -2.81768e+03 |  6 -0.39801 -7.79451e+02
  7  0.02219  9.76660e+02 |  8 -0.02584 -2.85601e+00 |  9 -0.02422 -3.05560e+00
 10 -0.01882 -2.15544e+00 | 11 -0.07268 -9.61918e+00 | 12 -0.03902 -4.63641e+00
 13  0.02114  4.72223e+00 | 14  0.02312  5.36715e+00 | 15 -1.87605  1.60040e+01
 16 -0.00387  1.99855e+00 | 17 -0.04243 -3.48637e+00 | 18  0.19815  4.43492e+01
 19  0.01940  8.53682e+00 | 20 -0.02470  1.37938e+00 | 21 -0.02813  1.59712e+00
 22  0.04622  1.73324e+01 | 23 -0.07540 -5.82244e+00 | 24 -0.11756 -1.25166e+01
 25  0.19546  6.50606e+01 | 26 -0.03492  2.08347e+00 | 27  0.07319  2.78834e+01
 28  0.04921  8.25899e+01 | 29  0.13697  1.14086e+02 | 30 -0.04434  6.59907e+01
 31 -0.06673  5.06326e+01 | 32 -0.15854  4.05360e+01 | 33  0.12044  7.86829e+01
 34 -0.02869  1.36932e+02 | 35  0.12081 -1.05766e+02 | 36 -0.02171 -2.03767e+01
 37 -0.07974  1.91117e+01 | 38 -0.30692  2.34217e+01 | 39 -0.07382  6.47902e+01
 40  0.04782 -6.94109e+01 | 41  0.05531  6.09248e+01 | 42  0.01072  5.16004e+01
 43  0.19064  2.84719e+02 | 44 -0.03847  2.25807e+01 | 45 -0.00234  1.63695e+02
 46 -0.06701  1.08495e+02 | 47  0.11121  2.41788e+02 | 48  0.00743 -2.84051e+01
 49 -0.34741 -2.68248e+01 | 50  0.13861  1.20627e+02 | 51  0.06177 -1.18237e+02
 52 -0.11527 -4.79774e+01 | 53  0.00682 -7.59783e+01 | 54 -0.10252 -8.91878e+01
 55 -0.02056  3.41044e+01 | 56  0.03588 -4.56547e+01 | 57  0.03716 -2.52452e+02
 58 -0.02733 -1.41073e+01 | 59  0.17647  2.20340e+01 | 60 -0.04896 -1.37935e+01
 61  0.06354 -2.52317e+02 | 62  0.14556 -1.69766e+02 | 63  0.04686 -1.63072e+02
 64  0.14516 -3.86520e+02 | 65 -0.12804 -1.07781e+02 | 66 -0.03188 -2.94045e+01
 67 -0.06784  5.06994e+01 | 68 -0.02227  2.98658e+01 | 69  0.13699 -2.12452e+01
 70 -0.12019  1.66343e+01 | 71  0.05261  9.41625e+01 | 72  0.96621 -4.36800e+01
 73  2.09069  4.43126e+01 | 74  0.41287  1.51143e+03 | 75  1.50263  1.04880e+01
 76 -0.69069 -9.38539e-03 | 77 -0.51748 -5.02460e+02 | 78  1.66707 -1.16941e+02
 79 -0.20106  1.46291e+02 | 80  0.00100  2.85506e+02 |

Initial statistics: 80 variables; iteration 0; function evaluation 0; phase 5
Function value 5.0655194e+02; maximum gradient component mag -8.9035e+03
Var    Value     Gradient |Var    Value     Gradient |Var    Value     Gradient
  1 -0.98136  1.16902e+01 |  2  0.30006  1.82547e+02 |  3  0.69053 -5.36694e+02
  4 -0.86266 -8.90349e+03 |  5 -0.24199 -2.81768e+03 |  6 -0.39801 -7.79451e+02
  7  0.02219  9.76660e+02 |  8 -0.02584 -2.85601e+00 |  9 -0.02422 -3.05560e+00
 10 -0.01882 -2.15544e+00 | 11 -0.07268 -9.61918e+00 | 12 -0.03902 -4.63641e+00
 13  0.02114  4.72223e+00 | 14  0.02312  5.36715e+00 | 15 -0.12395 -1.60040e+01
 16 -0.00387  1.99855e+00 | 17 -0.04243 -3.48637e+00 | 18  0.19815  4.43492e+01
 19  0.01940  8.53682e+00 | 20 -0.02470  1.37938e+00 | 21 -0.02813  1.59712e+00
 22  0.04622  1.73324e+01 | 23 -0.07540 -5.82244e+00 | 24 -0.11756 -1.25166e+01
 25  0.19546  6.50606e+01 | 26 -0.03492  2.08347e+00 | 27  0.07319  2.78834e+01
 28  0.04926  8.38621e+01 | 29  0.13702  1.15331e+02 | 30 -0.04429  6.72645e+01
 31 -0.06669  5.19025e+01 | 32 -0.15850  4.17739e+01 | 33  0.12049  7.99355e+01
 34 -0.02864  1.38208e+02 | 35  0.12085 -1.04511e+02 | 36 -0.02167 -1.91010e+01
 37 -0.07969  2.03784e+01 | 38 -0.30687  2.45538e+01 | 39 -0.07378  6.60587e+01
 40  0.04787 -6.81377e+01 | 41  0.05536  6.21961e+01 | 42  0.01076  5.28767e+01
 43  0.19068  2.85932e+02 | 44 -0.03843  2.38550e+01 | 45 -0.00229  1.64972e+02
 46 -0.06697  1.09766e+02 | 47  0.11125  2.43042e+02 | 48  0.00747 -2.71287e+01
 49 -0.34735 -2.57350e+01 | 50  0.13866  1.21871e+02 | 51  0.06182 -1.16966e+02
 52 -0.11523 -4.67224e+01 | 53  0.00686 -7.47018e+01 | 54 -0.10247 -8.79288e+01
 55 -0.02051  3.53804e+01 | 56  0.03592 -4.43801e+01 | 57  0.03721 -2.51177e+02
 58 -0.02729 -1.28320e+01 | 59  0.17652  2.32613e+01 | 60 -0.04891 -1.25209e+01
 61  0.06359 -2.51045e+02 | 62  0.14561 -1.68520e+02 | 63  0.04691 -1.61798e+02
 64  0.14521 -3.85270e+02 | 65 -0.12800 -1.06532e+02 | 66 -0.03184 -2.81297e+01
 67 -0.06779  5.19691e+01 | 68 -0.02222  3.11416e+01 | 69  0.13703 -1.99978e+01
 70 -0.12014  1.78884e+01 | 71  0.05266  9.54341e+01 | 72  0.96621 -4.36800e+01
 73 -0.09069 -4.43126e+01 | 74  0.41287  1.51143e+03 | 75  0.49737 -1.04880e+01
 76 -0.69069 -9.38539e-03 | 77 -0.51748 -5.02460e+02 | 78  0.33293  1.16941e+02
 79 -0.20106  1.46291e+02 | 80  0.00100  2.85506e+02 |

Intermediate statistics: 80 variables; iteration 20; function evaluation 28; phase 5
Function value 3.2800442e+02; maximum gradient component mag -4.6215e+03
Var    Value     Gradient |Var    Value     Gradient |Var    Value     Gradient
  1 -0.98120  2.06553e+00 |  2  0.27866  2.78085e+02 |  3  0.73250 -2.53259e+02
  4 -0.83103 -4.62151e+03 |  5 -0.30477 -1.87452e+03 |  6 -0.33958  1.49336e+02
  7  0.00383  5.20472e+02 |  8 -0.01475 -1.24043e+00 |  9 -0.01228 -1.36129e+00
 10 -0.01039 -9.49133e-01 | 11 -0.03515 -4.31431e+00 | 12 -0.02101 -2.01860e+00
 13  0.00319  1.98815e+00 | 14  0.00196  2.16513e+00 | 15 -0.06209 -7.12450e+00
 16 -0.01398  6.27730e-01 | 17 -0.03182 -1.57206e+00 | 18  0.03313  1.03882e+01
 19 -0.01689  2.18466e+00 | 20 -0.03386 -2.73452e-01 | 21 -0.03612 -4.56685e-01
 22 -0.01310  3.30560e+00 | 23 -0.04808 -3.62232e+00 | 24 -0.05996 -6.73608e+00
 25  0.12979  1.78629e+01 | 26  0.00633 -1.82533e+00 | 27  0.13250  5.22443e+00
 28  0.07804 -2.40183e+01 | 29  0.12802 -1.08175e+01 | 30 -0.02492 -2.35536e+01
 31 -0.08594 -1.86618e+01 | 32 -0.13147 -1.10533e+01 | 33  0.11206  5.87110e+01
 34 -0.09933  4.23403e+00 | 35  0.11924 -3.68694e+01 | 36 -0.02633 -3.65289e+01
 37 -0.10267 -3.78547e+01 | 38 -0.24220 -2.24832e+01 | 39 -0.10532 -8.59442e+00
 40  0.04959  1.74352e+01 | 41  0.02211  2.45157e+01 | 42  0.00924  5.04538e+00
 43  0.15321  9.09343e+01 | 44  0.00963 -2.71007e+01 | 45 -0.06902 -1.71084e+01
 46 -0.06976 -1.68633e+00 | 47  0.07900  1.07323e+02 | 48 -0.00924  2.32056e+01
 49 -0.06623  2.23825e+01 | 50  0.09826  1.15088e+02 | 51  0.05119 -6.04971e+01
 52 -0.05755 -3.32384e+01 | 53 -0.04783 -9.67764e+01 | 54 -0.03050 -2.97226e+01
 55 -0.08403 -5.81054e+01 | 56  0.01533 -6.56573e+01 | 57  0.04145 -1.69095e+02
 58 -0.04102 -5.74955e+01 | 59  0.13669 -7.69884e+01 | 60 -0.06642 -4.45754e+01
 61  0.10940 -5.25010e+01 | 62  0.09602 -8.43925e+01 | 63  0.07147 -1.99200e+01
 64  0.13227 -1.44239e+02 | 65 -0.06030 -4.10460e+01 | 66 -0.04869 -4.53892e+01
 67 -0.10010 -2.51651e+01 | 68 -0.03434 -1.53133e+01 | 69  0.12467 -1.91142e+01
 70 -0.09717 -2.72886e+01 | 71  0.02672  2.78359e+00 | 72  0.97040 -1.30965e+01
 73  0.00435 -3.75106e+00 | 74  0.41618  1.03438e+02 | 75  0.51018 -9.25001e-02
 76 -0.69065 -6.26657e-03 | 77 -0.51735 -9.10957e+02 | 78  0.26514  4.25303e+01
 79 -0.18391  4.38203e+02 | 80  0.01033  5.32227e+01 |
80 variables; iteration 40; function evaluation 49; phase 5
Function value 2.9060327e+02; maximum gradient component mag -5.5019e+03
Var    Value     Gradient |Var    Value     Gradient |Var    Value     Gradient
  1 -0.97165  9.06349e+00 |  2  0.25940 -7.46542e+01 |  3  0.72020 -3.16917e+02
  4 -0.80744 -5.50191e+03 |  5 -0.33885 -2.79378e+03 |  6 -0.34194 -4.28190e+02
  7 -0.00926 -1.11091e+02 |  8  0.00895  2.17715e+00 |  9  0.02006  3.21971e+00
 10  0.01081  2.05907e+00 | 11  0.05567  8.82325e+00 | 12  0.01656  3.44794e+00
 13 -0.02994 -3.05710e+00 | 14 -0.03197 -3.05929e+00 | 15  0.02315  6.05030e+00
 16 -0.02713 -1.45106e+00 | 17 -0.02586 -5.90384e-01 | 18 -0.03242 -1.04289e+00
 19 -0.03923 -1.64921e+00 | 20 -0.04411 -2.08897e+00 | 21 -0.04714 -2.63419e+00
 22 -0.04647 -3.13913e+00 | 23 -0.04751 -4.74995e+00 | 24 -0.03721 -5.44520e+00
 25  0.04152  7.74798e-01 | 26  0.02790 -3.79936e+00 | 27  0.13408 -1.67031e+00
 28  0.08494  3.16161e+01 | 29  0.14158  6.74970e+01 | 30  0.00752  5.71080e+01
 31 -0.09048  4.91092e+01 | 32 -0.12823  3.36987e+01 | 33  0.10676  3.55223e+01
 34 -0.08596  5.15926e+01 | 35  0.12186  5.35573e+01 | 36 -0.01762  3.89170e+01
 37 -0.12075  7.47136e+00 | 38 -0.23034  2.92690e+01 | 39 -0.11671 -3.28213e+00
 40  0.05933 -8.55600e+00 | 41  0.00726 -2.72464e+01 | 42  0.01817 -8.50937e+00
 43  0.14785 -5.18932e+01 | 44  0.01980 -4.51102e+00 | 45 -0.08470 -2.74805e+01
 46 -0.10210 -3.33154e+01 | 47  0.07847 -6.42260e+01 | 48 -0.01877 -6.84767e+00
 49 -0.05684  3.06174e+01 | 50  0.09283 -1.44535e+01 | 51  0.04876 -4.31129e+01
 52 -0.06749  1.93787e+01 | 53 -0.01555  4.20702e+01 | 54 -0.02570  3.41886e+01
 55 -0.10624 -5.06906e+01 | 56  0.01222 -7.82551e+01 | 57  0.05835 -1.77645e+01
 58 -0.04218 -1.77893e+01 | 59  0.13665 -1.06957e+02 | 60 -0.06858 -4.85350e+00
 61  0.10653 -4.36443e+01 | 62  0.10285 -2.44561e+01 | 63  0.05203 -4.40710e+01
 64  0.13817 -6.88248e+00 | 65 -0.06156  2.48062e+01 | 66 -0.05694 -1.21517e+01
 67 -0.08525  5.27048e+01 | 68 -0.01808  5.30534e+01 | 69  0.12100  7.80462e-01
 70 -0.10867  2.00554e+01 | 71  0.04786  7.17574e+01 | 72  0.97150 -2.04754e+01
 73  0.10381 -1.32026e-01 | 74  0.42400  1.71170e+03 | 75  0.33373 -9.00394e-03
 76 -0.68398 -6.49604e-03 | 77 -0.50004  2.69845e+01 | 78  0.24329 -7.46630e+01
 79 -0.17100 -3.61482e+01 | 80  0.03862 -8.05523e+01 |
80 variables; iteration 60; function evaluation 74; phase 5
Function value 2.7505342e+02; maximum gradient component mag -3.9729e+03
Var    Value     Gradient |Var    Value     Gradient |Var    Value     Gradient
  1 -0.97932  7.85305e+00 |  2  0.28095 -1.22208e+02 |  3  0.74964 -2.09949e+02
  4 -0.79865 -3.97292e+03 |  5 -0.35002 -1.94571e+03 |  6 -0.35937 -7.27648e+02
  7 -0.01097 -2.10389e+02 |  8 -0.00780 -2.31370e-01 |  9  0.00524  1.11599e+00
 10 -0.00092  3.91498e-01 | 11  0.00426  1.36400e+00 | 12 -0.00930 -3.22150e-01
 13 -0.00828  2.25112e-01 | 14 -0.00934  4.74827e-01 | 15 -0.02808 -1.86351e+00
 16 -0.02082 -1.71441e-01 | 17 -0.02649 -3.00774e-01 | 18 -0.01118  3.15795e+00
 19 -0.04336 -1.68384e+00 | 20 -0.04467 -1.31242e+00 | 21 -0.04785 -1.70307e+00
 22 -0.04916 -2.38150e+00 | 23 -0.02494  1.96823e-01 | 24  0.01558  3.16033e+00
 25 -0.06330 -1.09456e+01 | 26  0.01380 -6.65662e+00 | 27  0.11596 -1.06030e+01
 28  0.09921  3.78934e+01 | 29  0.13681  4.48004e+01 | 30 -0.03329  4.88053e+01
 31 -0.06478  6.36718e+01 | 32 -0.12834  5.15970e+01 | 33  0.11311  2.59642e+01
 34 -0.11889  4.52682e+01 | 35  0.12423  9.18069e+00 | 36 -0.02332  4.28275e+01
 37 -0.10329  3.93348e+01 | 38 -0.25978  3.82727e+01 | 39 -0.10057  3.23953e+01
 40  0.05507 -3.37890e+01 | 41  0.00973 -1.98374e+01 | 42  0.03213  4.01499e+00
 43  0.13800 -1.48883e+02 | 44  0.02303 -1.41820e+01 | 45 -0.09406  1.21527e+01
 46 -0.04528  3.10667e+01 | 47  0.06492 -9.30670e+01 | 48 -0.01393 -2.47649e+01
 49 -0.05613  1.65069e+01 | 50  0.07913 -1.00434e+02 | 51  0.06604 -6.46684e+00
 52 -0.08238  3.00675e+01 | 53 -0.00816  5.29955e+01 | 54 -0.05831 -1.85637e+00
 55 -0.06468  3.06322e+01 | 56  0.01178 -2.28898e+01 | 57  0.05874 -1.03774e+01
 58 -0.04431 -3.27020e+00 | 59  0.13650 -1.09743e+02 | 60 -0.05807  2.38864e+01
 61  0.10418 -1.52945e+01 | 62  0.10705  1.36150e+01 | 63  0.05614  3.80140e+00
 64  0.14068  2.14934e+01 | 65 -0.07575  1.43887e+01 | 66 -0.03916  5.15214e+01
 67 -0.11385  1.03917e+01 | 68 -0.03657  2.09378e+01 | 69  0.12538  1.49740e+01
 70 -0.09239  6.06347e+01 | 71  0.04370  8.76150e+01 | 72  0.96280 -2.34078e+01
 73 -0.05461 -1.94722e+01 | 74  0.42538  1.61507e+03 | 75  1.12165  4.08638e-02
 76 -0.67428 -8.70218e-03 | 77 -0.48890  3.08228e+02 | 78  0.23634 -2.11141e+02
 79 -0.15477 -1.83979e+02 | 80  0.06195 -2.18710e+02 |
Maximum number of function evaluations exceeded

 - final statistics:
80 variables; iteration 80; function evaluation 100
Function value 2.5865e+02; maximum gradient component mag -1.3662e+03
Exit code = 3;  converg criter 1.0000e+00
Var    Value     Gradient |Var    Value     Gradient |Var    Value     Gradient
  1 -0.96273  3.86809e+00 |  2  0.28141 -4.66119e+01 |  3  0.74932 -7.54819e+01
  4 -0.77718 -1.36622e+03 |  5 -0.37918 -6.31800e+02 |  6 -0.37727 -3.57210e+02
  7 -0.01249 -8.76720e+01 |  8 -0.01212 -6.47458e-01 |  9  0.05444  8.27338e+00
 10  0.00530  1.43198e+00 | 11  0.02126  4.07309e+00 | 12 -0.01237 -5.24539e-01
 13  0.02422  5.61489e+00 | 14  0.04976  1.05663e+01 | 15  0.00215  3.71476e+00
 16 -0.00853  2.90577e+00 | 17  0.01047  7.71754e+00 | 18 -0.06703 -5.00354e+00
 19 -0.03434  1.98264e+00 | 20 -0.06804 -3.36992e+00 | 21 -0.00558  9.91192e+00
 22 -0.04750  8.02058e-01 | 23 -0.09895 -9.73180e+00 | 24 -0.07746 -8.34294e+00
 25 -0.11290 -1.53638e+01 | 26 -0.00177 -2.40739e+00 | 27  0.06942  3.29286e+00
 28  0.15712  2.73570e+01 | 29  0.09327  3.28467e+01 | 30  0.00594  2.30162e+01
 31 -0.08803  2.16345e+01 | 32 -0.11958  2.99736e+01 | 33  0.11503  1.89040e+01
 34 -0.13357  1.28647e+01 | 35  0.12593  6.94267e+00 | 36 -0.03877  1.66872e+00
 37 -0.09671  1.76509e+01 | 38 -0.28065 -1.01301e-01 | 39 -0.10376  1.81106e+00
 40  0.05696 -1.79999e+01 | 41  0.01783 -1.90507e+01 | 42  0.01355 -3.09623e+01
 43  0.13752 -1.44993e+02 | 44  0.02220 -2.83792e+01 | 45 -0.08431 -1.08125e+01
 46 -0.07343 -9.27363e+00 | 47  0.07329 -5.46799e+01 | 48 -0.01718 -1.66104e+01
 49 -0.04520  1.40811e+01 | 50  0.07482 -9.09113e+01 | 51  0.06608 -1.68346e+01
 52 -0.07474 -2.38882e-01 | 53 -0.03451 -3.28021e+01 | 54 -0.03801  8.62852e+00
 55 -0.07256  5.55041e+00 | 56  0.01355 -7.67876e+00 | 57  0.05666  2.34391e+00
 58 -0.03330  2.00445e+01 | 59  0.13620 -1.86515e+01 | 60 -0.04925  2.02129e+01
 61  0.10299  7.56809e+00 | 62  0.10606  8.43052e+00 | 63  0.06174  2.09180e+01
 64  0.13491 -6.83884e-01 | 65 -0.05546  3.49886e+01 | 66 -0.04856  8.30385e+00
 67 -0.08888  4.10098e+01 | 68 -0.03303  2.48344e+01 | 69  0.12831  2.45352e+01
 70 -0.10731  1.80579e+00 | 71  0.00917 -2.10647e+01 | 72  1.00870  1.21042e+00
 73  0.06568 -2.97502e-01 | 74  0.42399  5.06221e+02 | 75  0.32373 -4.59174e-02
 76 -0.63255 -8.74888e-03 | 77 -0.49909  1.01985e+02 | 78  0.24958 -1.43098e+02
 79 -0.15549 -3.58098e+01 | 80  0.07386 -1.61043e+02 |

Initial statistics: 82 variables; iteration 0; function evaluation 0; phase 6
Function value 2.5864295e+02; maximum gradient component mag -1.3662e+03
Var    Value     Gradient |Var    Value     Gradient |Var    Value     Gradient
  1 -0.96273  3.86809e+00 |  2  0.28141 -4.66119e+01 |  3  0.74932 -7.54819e+01
  4 -0.77718 -1.36622e+03 |  5 -0.37918 -6.31800e+02 |  6 -0.37727 -3.57210e+02
  7 -0.01249 -8.76720e+01 |  8 -0.01212 -6.47458e-01 |  9  0.05444  8.27338e+00
 10  0.00530  1.43198e+00 | 11  0.02126  4.07309e+00 | 12 -0.01237 -5.24539e-01
 13  0.02422  5.61489e+00 | 14  0.04976  1.05663e+01 | 15  0.00215  3.71476e+00
 16 -0.00853  2.90577e+00 | 17  0.01047  7.71754e+00 | 18 -0.06703 -5.00354e+00
 19 -0.03434  1.98264e+00 | 20 -0.06804 -3.36992e+00 | 21 -0.00558  9.91192e+00
 22 -0.04750  8.02058e-01 | 23 -0.09895 -9.73180e+00 | 24 -0.07746 -8.34294e+00
 25 -0.11290 -1.53638e+01 | 26 -0.00177 -2.40739e+00 | 27  0.06942  3.29286e+00
 28  0.15719  2.92199e+01 | 29  0.09334  3.47475e+01 | 30  0.00601  2.49380e+01
 31 -0.08796  2.35385e+01 | 32 -0.11951  3.18624e+01 | 33  0.11510  2.07942e+01
 34 -0.13350  1.47448e+01 | 35  0.12600  8.82691e+00 | 36 -0.03871  3.58710e+00
 37 -0.09664  1.95510e+01 | 38 -0.28057  1.63696e+00 | 39 -0.10369  3.70758e+00
 40  0.05703 -1.60855e+01 | 41  0.01790 -1.71295e+01 | 42  0.01362 -2.90407e+01
 43  0.13759 -1.43112e+02 | 44  0.02227 -2.64584e+01 | 45 -0.08424 -8.90755e+00
 46 -0.07336 -7.36458e+00 | 47  0.07335 -5.27701e+01 | 48 -0.01711 -1.46893e+01
 49 -0.04513  1.59983e+01 | 50  0.07489 -8.90015e+01 | 51  0.06615 -1.49229e+01
 52 -0.07467  1.66983e+00 | 53 -0.03444 -3.08832e+01 | 54 -0.03794  1.05471e+01
 55 -0.07249  7.45995e+00 | 56  0.01362 -5.75726e+00 | 57  0.05673  4.25818e+00
 58 -0.03323  2.19639e+01 | 59  0.13627 -1.67730e+01 | 60 -0.04918  2.21293e+01
 61  0.10306  9.46475e+00 | 62  0.10613  1.03256e+01 | 63  0.06181  2.28306e+01
 64  0.13498  1.19501e+00 | 65 -0.05539  3.69036e+01 | 66 -0.04849  1.02203e+01
 67 -0.08881  4.29137e+01 | 68 -0.03296  2.67539e+01 | 69  0.12838  2.64176e+01
 70 -0.10724  3.70054e+00 | 71  0.00924 -1.91430e+01 | 72 -0.69452 -5.86699e+01
 73  0.12808 -9.63129e+01 | 74  0.99130 -1.21042e+00 | 75  0.06568 -2.97502e-01
 76  0.42399  5.06221e+02 | 77  0.32373 -4.59174e-02 | 78 -0.63255 -8.74888e-03
 79 -0.49909  1.01985e+02 | 80  0.24958 -1.43098e+02 | 81 -0.15549 -3.58098e+01
 82  0.07386 -1.61043e+02 |

Intermediate statistics: 82 variables; iteration 20; function evaluation 24; phase 6
Function value 2.4599239e+02; maximum gradient component mag -2.3675e+03
Var    Value     Gradient |Var    Value     Gradient |Var    Value     Gradient
  1 -0.95838  1.60581e+01 |  2  0.27260  1.80592e+00 |  3  0.75946 -1.27280e+02
  4 -0.76104 -2.36748e+03 |  5 -0.39477 -1.34352e+03 |  6 -0.41596 -6.46011e+02
  7 -0.02518 -5.40271e+02 |  8 -0.00876 -4.74727e-01 |  9  0.02164  3.40940e+00
 10 -0.00002  4.77320e-01 | 11  0.00562  1.50587e+00 | 12 -0.00972 -4.42315e-01
 13  0.00320  1.87088e+00 | 14  0.01015  3.46967e+00 | 15 -0.01142  7.94592e-01
 16 -0.01941  2.94836e-01 | 17 -0.01835  1.49966e+00 | 18 -0.04916 -2.73158e+00
 19 -0.04419 -8.13837e-01 | 20 -0.05943 -2.58847e+00 | 21 -0.04837  1.06414e-01
 22 -0.06010 -2.21811e+00 | 23 -0.07074 -5.39341e+00 | 24 -0.05693 -5.78603e+00
 25 -0.05820 -9.45403e+00 | 26 -0.01300 -8.27638e+00 | 27  0.02457 -1.14170e+01
 28  0.14226 -1.52058e+01 | 29  0.07566  5.94001e+00 | 30  0.03181  1.61985e+01
 31 -0.09357  2.77364e+01 | 32 -0.12764  4.14841e+01 | 33  0.12079  1.46453e+02
 34 -0.12556  4.59243e+01 | 35  0.12576  1.08245e+02 | 36 -0.03322  3.65813e+01
 37 -0.10426  3.40666e+01 | 38 -0.25334  2.80452e+01 | 39 -0.09968  3.67692e+01
 40  0.05672  4.16697e+01 | 41  0.01893  9.93454e+00 | 42  0.01208 -1.34504e+01
 43  0.14202 -1.45529e+02 | 44  0.00549 -5.30911e+01 | 45 -0.07295 -6.22591e+00
 46 -0.07452 -7.77102e+00 | 47  0.06948 -9.21003e+01 | 48 -0.00591 -3.20962e+01
 49 -0.07339 -7.79650e+00 | 50  0.08692 -9.65651e+01 | 51  0.05662 -8.07070e+01
 52 -0.07135 -2.14379e-01 | 53 -0.02766 -1.95554e+01 | 54 -0.04016  9.73988e+00
 55 -0.07314  1.83034e+01 | 56  0.01738  2.39698e+01 | 57  0.05537 -2.03334e+01
 58 -0.03685  4.26889e-01 | 59  0.13333 -1.62694e+02 | 60 -0.05503 -6.76123e+00
 61  0.10176 -8.46885e+01 | 62  0.10370 -7.17654e+01 | 63  0.06271 -1.38965e+01
 64  0.13283 -8.30847e+01 | 65 -0.06088  1.97166e+01 | 66 -0.04711  1.01779e+01
 67 -0.09400  3.70862e+01 | 68 -0.03042  4.03114e+01 | 69  0.12555  4.32206e+01
 70 -0.10651  2.28221e+01 | 71  0.02046  2.70166e+01 | 72 -0.66565 -1.47488e+02
 73  0.29486 -6.24573e+01 | 74  0.98929 -2.47833e+00 | 75  0.05818 -6.57011e+00
 76  0.42349  7.39263e+02 | 77  0.32325 -1.08472e+00 | 78 -0.63249 -1.05427e-02
 79 -0.50543 -1.69822e+02 | 80  0.24867 -1.81676e+02 | 81 -0.15964  1.12633e+02
 82  0.08277 -2.01263e+02 |
82 variables; iteration 40; function evaluation 44; phase 6
Function value 2.3901188e+02; maximum gradient component mag -2.0963e+03
Var    Value     Gradient |Var    Value     Gradient |Var    Value     Gradient
  1 -0.96537  1.08707e+01 |  2  0.27421 -4.03020e+01 |  3  0.77273 -1.06156e+02
  4 -0.74942 -2.09632e+03 |  5 -0.40990 -1.33763e+03 |  6 -0.42941 -5.48135e+02
  7 -0.03428 -3.54058e+02 |  8 -0.00557 -1.54899e-01 |  9 -0.00991 -1.12812e+00
 10 -0.00463 -2.54454e-01 | 11 -0.00728 -4.53382e-01 | 12 -0.00736 -2.12090e-01
 13 -0.01035 -3.01956e-01 | 14 -0.01142 -5.99994e-03 | 15 -0.01775 -3.49711e-01
 16 -0.02366 -4.97787e-01 | 17 -0.02944 -4.25272e-01 | 18 -0.04070 -1.20293e+00
 19 -0.04681 -1.02263e+00 | 20 -0.05364 -9.92454e-01 | 21 -0.06752 -2.59559e+00
 22 -0.06314 -1.25152e+00 | 23 -0.05450 -3.42788e-03 | 24 -0.04217  7.13998e-01
 25 -0.02588  1.39955e+00 | 26 -0.00708  2.82667e+00 | 27 -0.01155  2.67706e-01
 28  0.18192  6.31127e+01 | 29  0.04174  4.37777e+01 | 30  0.03525  4.46073e+01
 31 -0.07761  4.70293e+01 | 32 -0.14878  2.25053e+01 | 33  0.11358  5.39675e+01
 34 -0.11555  4.00449e+01 | 35  0.12073  4.82713e+01 | 36 -0.02562  4.11858e+01
 37 -0.10759  2.73686e+01 | 38 -0.26600  1.77077e+01 | 39 -0.10331  1.34810e+01
 40  0.05961 -1.53688e+00 | 41  0.01096 -4.14023e+01 | 42  0.00562 -4.15554e+01
 43  0.14408 -1.17806e+02 | 44  0.01231 -1.99385e+01 | 45 -0.07873  6.27184e+00
 46 -0.05935  1.07177e+01 | 47  0.06626 -7.95758e+01 | 48 -0.00268 -1.66766e+01
 49 -0.06934  1.84357e+00 | 50  0.08862 -7.56012e+01 | 51  0.05781 -6.50896e+01
 52 -0.08412 -5.10123e+00 | 53 -0.00988  2.17111e+01 | 54 -0.04836 -7.19667e+00
 55 -0.07646 -2.11719e+00 | 56  0.01651 -1.34577e+01 | 57  0.05418 -4.33393e+01
 58 -0.04507 -1.44264e+01 | 59  0.13698 -8.82447e+01 | 60 -0.03865  2.31837e+01
 61  0.10185 -2.85386e+01 | 62  0.10691 -2.72242e+01 | 63  0.06032 -2.31559e+00
 64  0.13592 -2.51036e+01 | 65 -0.06596  1.48796e+01 | 66 -0.04805  8.53759e+00
 67 -0.08941  4.14882e+01 | 68 -0.03302  2.29740e+01 | 69  0.12287  1.12289e+01
 70 -0.10772  2.11501e+01 | 71  0.02242  2.17504e+01 | 72 -0.62233 -8.96991e+01
 73  0.34821 -4.03929e+01 | 74  0.98918 -2.36881e+00 | 75  0.01504 -6.42170e+00
 76  0.42319  7.32770e+02 | 77  0.46141 -4.67168e-01 | 78 -0.62317 -1.27940e-02
 79 -0.50415  6.74745e+01 | 80  0.26936 -7.47870e+01 | 81 -0.16704 -3.79067e+01
 82  0.07603 -9.81771e+01 |
82 variables; iteration 60; function evaluation 67; phase 6
Function value 2.3507552e+02; maximum gradient component mag -1.3545e+03
Var    Value     Gradient |Var    Value     Gradient |Var    Value     Gradient
  1 -0.95469  1.07721e+01 |  2  0.26776 -6.94194e+01 |  3  0.76433 -7.16935e+01
  4 -0.74311 -1.35446e+03 |  5 -0.41590 -8.52024e+02 |  6 -0.43479 -4.56927e+02
  7 -0.03114 -1.35417e+02 |  8 -0.00649 -2.93370e-01 |  9 -0.00731 -7.67382e-01
 10 -0.00317 -5.19503e-02 | 11 -0.00146  3.81279e-01 | 12 -0.00798 -3.05197e-01
 13 -0.00033  1.18042e+00 | 14  0.00133  1.92413e+00 | 15 -0.01348  3.00911e-01
 16 -0.02117 -1.12973e-01 | 17 -0.03726 -1.74978e+00 | 18 -0.02398  1.71771e+00
 19 -0.04647 -1.00262e+00 | 20 -0.04775  4.66661e-02 | 21 -0.08619 -6.20180e+00
 22 -0.07334 -3.59748e+00 | 23 -0.06236 -2.40621e+00 | 24 -0.06321 -4.79613e+00
 25 -0.05648 -6.52843e+00 | 26 -0.02869 -4.99787e+00 | 27 -0.02242 -6.94961e+00
 28  0.17193  1.17015e+01 | 29  0.03739  2.20828e+01 | 30  0.04991  2.30098e+01
 31 -0.09470  2.82531e+01 | 32 -0.13491  2.02911e+01 | 33  0.11119 -3.35467e+01
 34 -0.12324  1.64236e+01 | 35  0.11788 -4.86757e+01 | 36 -0.02633  1.50685e+01
 37 -0.10837  1.80753e+01 | 38 -0.24059  2.46360e+01 | 39 -0.10277  3.80874e+00
 40  0.05472 -3.49401e+01 | 41  0.01609 -2.63674e+01 | 42  0.01469 -1.98769e+01
 43  0.14106 -9.80968e+01 | 44  0.01411 -1.15763e+01 | 45 -0.08104  4.58506e+00
 46 -0.06714  1.13940e+01 | 47  0.07151 -3.11166e+01 | 48 -0.00411 -1.90076e+00
 49 -0.07614  6.54427e-01 | 50  0.09010 -4.28454e+01 | 51  0.05731 -2.94482e+01
 52 -0.07272  9.96078e+00 | 53 -0.01973  8.47175e+00 | 54 -0.04385  8.90676e-01
 55 -0.07813 -1.00449e+00 | 56  0.01487 -1.07733e+01 | 57  0.05426 -1.28935e+01
 58 -0.04209  6.52620e+00 | 59  0.14014 -1.77943e+01 | 60 -0.05773  1.90433e+01
 61  0.10504  8.13095e+00 | 62  0.10791  1.16615e+01 | 63  0.06028  1.54455e+01
 64  0.13541  5.99239e+00 | 65 -0.06350  2.49308e+01 | 66 -0.04526  2.10430e+01
 67 -0.09765  2.46709e+01 | 68 -0.03118  2.15013e+01 | 69  0.12163  1.09016e+01
 70 -0.10210  2.66425e+01 | 71  0.02495  2.38273e+01 | 72 -0.62343 -3.21071e+01
 73  0.36808 -5.18004e+01 | 74  0.98229 -2.69640e+00 | 75  0.03873 -8.25673e+00
 76  0.42318  5.20488e+02 | 77  0.25804 -2.70236e+00 | 78 -0.60891 -1.60391e-02
 79 -0.50845  1.57463e+02 | 80  0.26431 -7.59493e+01 | 81 -0.17450 -9.83993e+01
 82  0.09148 -9.47193e+01 |
82 variables; iteration 80; function evaluation 96; phase 6
Function value 2.3218597e+02; maximum gradient component mag -5.1523e+02
Var    Value     Gradient |Var    Value     Gradient |Var    Value     Gradient
  1 -0.94912  5.19186e+00 |  2  0.26773 -2.21009e+01 |  3  0.74592 -2.79035e+01
  4 -0.72840 -5.15225e+02 |  5 -0.43103 -3.59771e+02 |  6 -0.44706 -2.16112e+02
  7 -0.04096 -3.36069e+01 |  8 -0.00085  3.20154e-01 |  9 -0.00282 -2.10754e-01
 10 -0.00895 -9.84385e-01 | 11 -0.02044 -2.48659e+00 | 12 -0.00861 -6.13247e-01
 13 -0.00412  3.10371e-01 | 14 -0.00718  2.42051e-01 | 15 -0.00916  4.94149e-01
 16 -0.02700 -1.56621e+00 | 17 -0.03318 -1.65906e+00 | 18 -0.03618 -1.08001e+00
 19 -0.03838 -1.64569e-01 | 20 -0.05008 -9.21056e-01 | 21 -0.04853  5.79256e-01
 22 -0.04677  1.57124e+00 | 23 -0.06282 -2.10996e+00 | 24 -0.03944  2.31825e-01
 25 -0.03469 -2.00650e+00 | 26 -0.02378 -3.13167e+00 | 27 -0.01042 -5.26484e+00
 28  0.16771 -1.91363e+01 | 29 -0.00427 -2.50331e+00 | 30  0.06816 -4.69967e+00
 31 -0.11176  6.41370e+00 | 32 -0.12846  9.28472e+00 | 33  0.11219 -2.68263e+01
 34 -0.12092  7.04848e+00 | 35  0.11866 -4.03606e+01 | 36 -0.03373 -6.51998e+00
 37 -0.10805  5.01535e+00 | 38 -0.24097  1.15594e+01 | 39 -0.09515  7.09599e+00
 40  0.05313 -1.15647e+01 | 41  0.02059 -1.06474e+00 | 42  0.01482 -8.96491e-01
 43  0.14212 -3.07325e+01 | 44  0.01035 -4.42875e+00 | 45 -0.07441  5.37932e+00
 46 -0.07205  5.20345e+00 | 47  0.07242 -1.29906e+01 | 48 -0.00828 -6.14495e-01
 49 -0.06322  6.57983e+00 | 50  0.08775 -1.45286e+01 | 51  0.05967 -6.27324e+00
 52 -0.06943  8.43745e+00 | 53 -0.02325  9.21886e-02 | 54 -0.04248  5.41212e+00
 55 -0.07253  7.92765e+00 | 56  0.01325 -1.88132e+00 | 57  0.05482 -2.77894e+00
 58 -0.03778  9.18200e+00 | 59  0.13900 -1.20773e+01 | 60 -0.05136  1.01987e+01
 61  0.10301 -1.59153e+00 | 62  0.10934  3.47478e+00 | 63  0.05960  6.45467e+00
 64  0.13500  1.61227e+00 | 65 -0.06301  1.31628e+01 | 66 -0.04389  1.20954e+01
 67 -0.09758  1.20706e+01 | 68 -0.03030  1.25341e+01 | 69  0.12107  1.00613e+01
 70 -0.09752  1.70062e+01 | 71  0.02655  1.56393e+01 | 72 -0.57241  1.85302e-02
 73  0.39442 -2.57520e+01 | 74  0.93185 -2.30389e+00 | 75  0.00918 -5.41182e-01
 76  0.42264  2.53756e+02 | 77  0.34800 -6.39779e-03 | 78 -0.46635 -5.03284e-02
 79 -0.50984  3.66567e+01 | 80  0.25309 -4.21569e+01 | 81 -0.17282 -2.26139e+01
 82  0.12858 -4.74909e+01 |
82 variables; iteration 100; function evaluation 123; phase 6
Function value 2.3043666e+02; maximum gradient component mag -6.5946e+01
Var    Value     Gradient |Var    Value     Gradient |Var    Value     Gradient
  1 -0.88569 -3.19419e+00 |  2  0.26708 -9.67763e+00 |  3  0.70855 -2.15884e+00
  4 -0.71988 -6.59462e+01 |  5 -0.43758 -2.52285e+01 |  6 -0.44130 -2.28496e+01
  7 -0.04852  4.08576e+01 |  8  0.00013  3.44253e-01 |  9 -0.00825 -1.01783e+00
 10 -0.00104  7.02211e-02 | 11 -0.00208  3.49802e-02 | 12  0.02873  4.62161e+00
 13  0.00995  2.18204e+00 | 14 -0.01015 -4.17714e-01 | 15 -0.01469 -6.24546e-01
 16 -0.03373 -2.90866e+00 | 17 -0.00760  2.12016e+00 | 18 -0.04321 -2.64613e+00
 19 -0.04352 -1.47931e+00 | 20 -0.03982  6.31925e-01 | 21 -0.05432 -7.70122e-01
 22 -0.04613  1.67511e+00 | 23 -0.05630 -6.31154e-01 | 24 -0.04010  7.00957e-01
 25 -0.03071 -2.64981e-01 | 26 -0.02770 -1.70072e+00 | 27 -0.00994 -1.28990e+00
 28  0.15936  1.25413e+01 | 29  0.03574  6.33379e+00 | 30  0.05778  1.60482e+01
 31 -0.09824  6.81729e+00 | 32 -0.13036  3.85043e+00 | 33  0.11232  6.11327e+00
 34 -0.12153  2.31940e+00 | 35  0.11770  2.11362e+00 | 36 -0.03021  5.24634e+00
 37 -0.11075  1.71686e+00 | 38 -0.23979  2.98294e+00 | 39 -0.09622  1.82432e+00
 40  0.05290 -1.69127e+00 | 41  0.02068  6.55821e-01 | 42  0.01434 -8.51343e-01
 43  0.14102 -6.07721e+00 | 44  0.00959 -3.13568e+00 | 45 -0.07485  1.96397e+00
 46 -0.07340 -2.24072e-01 | 47  0.07094 -2.89887e+00 | 48 -0.00602  9.07046e-01
 49 -0.06783 -3.87963e+00 | 50  0.08729 -3.43090e+00 | 51  0.05890 -5.23119e+00
 52 -0.07188 -8.84919e-01 | 53 -0.02247 -1.75925e+00 | 54 -0.04468 -2.93122e+00
 55 -0.07316 -1.61545e+00 | 56  0.01147 -6.63783e+00 | 57  0.05506 -6.21920e+00
 58 -0.03992 -1.82743e+00 | 59  0.13860 -8.53894e+00 | 60 -0.05401 -6.73639e-01
 61  0.10175 -2.74462e+00 | 62  0.10910 -2.40794e+00 | 63  0.05798 -1.40233e+00
 64  0.13384 -2.55219e+00 | 65 -0.06459  9.07297e-02 | 66 -0.04432  1.05926e-01
 67 -0.09875 -9.42675e-01 | 68 -0.03166 -4.52889e-01 | 69  0.11977 -3.38702e+00
 70 -0.09862  1.63225e+00 | 71  0.02543  1.51706e+00 | 72 -0.53587  1.43776e+01
 73  0.35865 -7.38818e+00 | 74  0.78870  5.35262e+00 | 75  0.00424  5.48870e+00
 76  0.41691 -2.73612e+01 | 77  0.38022  1.43065e+00 | 78 -1.27146  1.03284e-02
 79 -0.51478  2.63073e+01 | 80  0.26464 -4.61757e+00 | 81 -0.17770 -1.70576e+01
 82  0.16732 -5.59626e+00 |
82 variables; iteration 120; function evaluation 149; phase 6
Function value 2.2861149e+02; maximum gradient component mag -1.8539e+02
Var    Value     Gradient |Var    Value     Gradient |Var    Value     Gradient
  1 -0.69061  9.62330e+00 |  2  0.26786 -1.11626e+01 |  3  0.58327 -1.34505e+01
  4 -0.69698 -1.85389e+02 |  5 -0.45007 -1.41102e+02 |  6 -0.42079 -9.80337e+01
  7 -0.03788  3.12901e+00 |  8 -0.00164  2.10945e-01 |  9 -0.00262 -1.76253e-01
 10  0.00035  3.36522e-01 | 11 -0.00191  1.52467e-01 | 12 -0.00488 -7.98969e-02
 13 -0.01560 -1.36726e+00 | 14 -0.00642  3.61757e-01 | 15 -0.01628 -5.79609e-01
 16 -0.01937 -3.32940e-01 | 17 -0.02866 -8.56827e-01 | 18 -0.03304 -4.13906e-01
 19 -0.03985 -1.93253e-01 | 20 -0.05148 -7.94744e-01 | 21 -0.05402  1.64375e-01
 22 -0.06154 -4.05156e-01 | 23 -0.06081 -4.92679e-01 | 24 -0.05101 -5.04632e-01
 25 -0.03865 -1.54063e+00 | 26 -0.01440 -1.58211e+00 | 27  0.03767 -2.70531e+00
 28  0.06442 -1.15610e+01 | 29  0.13647 -1.19273e+01 | 30  0.00004 -9.93600e+00
 31 -0.07617  3.21846e-01 | 32 -0.12886  3.69989e+00 | 33  0.11241 -2.00032e+01
 34 -0.11960  2.79794e+00 | 35  0.11901 -1.88389e+01 | 36 -0.02932 -2.43575e+00
 37 -0.10531  3.07600e+00 | 38 -0.23908  4.85303e+00 | 39 -0.09439  2.83857e+00
 40  0.05266 -6.92590e+00 | 41  0.02126 -1.65857e+00 | 42  0.01609  5.28486e-02
 43  0.14034 -1.25114e+01 | 44  0.01211 -4.04596e-02 | 45 -0.07649  3.23280e+00
 46 -0.07204  3.64102e+00 | 47  0.07059 -2.65541e+00 | 48 -0.00737  1.12884e+00
 49 -0.06134  4.46207e+00 | 50  0.08540 -5.21849e+00 | 51  0.06011 -6.90418e-01
 52 -0.07034  4.96349e+00 | 53 -0.02287  1.83421e+00 | 54 -0.04372  4.20398e+00
 55 -0.07299  4.66798e+00 | 56  0.01081  8.51283e-01 | 57  0.05484 -3.16034e-02
 58 -0.03952  5.01245e+00 | 59  0.13774 -3.61831e+00 | 60 -0.05081  5.61749e+00
 61  0.10038  1.00836e+00 | 62  0.10970  2.89743e+00 | 63  0.05817  4.32281e+00
 64  0.13383  3.11330e+00 | 65 -0.06353  7.04472e+00 | 66 -0.04379  6.49081e+00
 67 -0.09744  6.32365e+00 | 68 -0.03101  6.56571e+00 | 69  0.11940  5.76161e+00
 70 -0.09717  8.12362e+00 | 71  0.02570  7.63164e+00 | 72 -0.60433  2.10784e+00
 73  0.31826 -1.27257e+01 | 74  0.72536 -1.20277e+01 | 75  0.07149 -3.56148e+00
 76  0.41324  8.77032e+01 | 77 -0.20512 -6.09990e-02 | 78 -1.95433  2.66331e-01
 79 -0.51247  2.11348e+01 | 80  0.25333 -2.02440e+00 | 81 -0.17518 -1.10313e+01
 82  0.27857 -2.10655e+00 |
82 variables; iteration 140; function evaluation 173; phase 6
Function value 2.2559811e+02; maximum gradient component mag -3.2258e+02
Var    Value     Gradient |Var    Value     Gradient |Var    Value     Gradient
  1 -0.43176  2.26877e+01 |  2  0.26482 -9.24682e+00 |  3  0.45157 -3.81628e+01
  4 -0.67683 -3.22580e+02 |  5 -0.45605 -2.40804e+02 |  6 -0.34276 -8.37535e+01
  7 -0.04044 -1.79005e+01 |  8 -0.00296 -2.12810e-01 |  9  0.00146  3.06028e-01
 10 -0.00107  4.97587e-03 | 11 -0.00045  1.74284e-01 | 12 -0.00120  1.90376e-01
 13 -0.00153  3.26868e-01 | 14 -0.00615 -7.47415e-02 | 15 -0.00780  7.03693e-02
 16 -0.01098  1.44366e-01 | 17 -0.01603  1.33609e-01 | 18 -0.02292  7.66416e-03
 19 -0.03066 -7.93954e-02 | 20 -0.03846 -6.34283e-02 | 21 -0.04847 -5.61807e-01
 22 -0.05308 -5.28644e-01 | 23 -0.05136 -3.25155e-01 | 24 -0.04416 -5.85705e-01
 25 -0.03150 -8.15637e-01 | 26 -0.02163 -1.11868e+00 | 27 -0.00770 -1.97682e+00
 28  0.15634  4.31212e+00 | 29  0.05322  3.30576e+00 | 30  0.05988  6.61617e+00
 31 -0.09487  6.20125e+00 | 32 -0.12971  3.80509e+00 | 33  0.11230  6.83941e-01
 34 -0.11561  3.86075e+00 | 35  0.11916 -6.56384e+00 | 36 -0.02486  2.82025e+00
 37 -0.10324  3.26243e+00 | 38 -0.23588  4.56537e+00 | 39 -0.09360  2.31344e+00
 40  0.05166 -2.86564e+00 | 41  0.01919 -2.71207e+00 | 42  0.01441 -2.50792e+00
 43  0.13893 -1.64821e+01 | 44  0.00905 -2.70824e+00 | 45 -0.07657  8.69233e-01
 46 -0.07308  8.71365e-01 | 47  0.06858 -9.00618e+00 | 48 -0.00909 -1.83980e+00
 49 -0.06484  1.10633e+00 | 50  0.08484 -6.23032e+00 | 51  0.05688 -5.52432e+00
 52 -0.07262  1.04235e+00 | 53 -0.02391  1.70831e-01 | 54 -0.04596 -5.00251e-01
 55 -0.07604  2.30755e-01 | 56  0.00979 -2.63154e+00 | 57  0.05098 -4.99493e+00
 58 -0.04230  2.08421e-01 | 59  0.13462 -1.02085e+01 | 60 -0.05456  2.13042e+00
 61  0.09852 -2.84644e+00 | 62  0.10631 -2.00859e+00 | 63  0.05737  1.60824e+00
 64  0.13248 -5.07770e-01 | 65 -0.06542  3.57929e+00 | 66 -0.04579  3.40003e+00
 67 -0.09823  4.53011e+00 | 68 -0.03132  4.16480e+00 | 69  0.11825  3.27414e+00
 70 -0.10133  4.27175e+00 | 71  0.02431  4.37756e+00 | 72 -0.59121 -2.84226e+00
 73  0.16663 -5.27559e+00 | 74  0.70879 -2.18478e+01 | 75  0.07055  3.02413e+00
 76  0.41198  1.57531e+02 | 77 -1.99393  1.50477e-02 | 78 -1.99376 -1.32556e-01
 79 -0.50628  7.90537e+00 | 80  0.23185 -7.75004e-01 | 81 -0.17150 -4.48029e+00
 82  0.39619 -6.22736e-01 |
82 variables; iteration 160; function evaluation 197; phase 6
Function value 2.2348423e+02; maximum gradient component mag 1.5483e+02
Var    Value     Gradient |Var    Value     Gradient |Var    Value     Gradient
  1 -0.45599 -2.41973e+01 |  2  0.26693  9.69752e+00 |  3  0.20962  4.52679e+01
  4 -0.60864  1.54831e+02 |  5 -0.48055  1.26845e+02 |  6 -0.35076  7.67589e+01
  7 -0.04298 -1.11988e+01 |  8 -0.00231 -1.40121e-01 |  9 -0.00024  5.97983e-02
 10 -0.00309 -2.90796e-01 | 11 -0.00322 -2.33742e-01 | 12 -0.00304 -9.51429e-02
 13  0.00304  9.50109e-01 | 14 -0.00800 -3.87512e-01 | 15 -0.00533  3.75515e-01
 16 -0.01011  1.93196e-01 | 17 -0.01427  3.02724e-01 | 18 -0.02135  1.36644e-01
 19 -0.03033 -1.59609e-01 | 20 -0.03641  1.89036e-01 | 21 -0.04788 -5.04036e-01
 22 -0.05200 -2.79322e-01 | 23 -0.05206 -3.25673e-01 | 24 -0.04436 -4.47100e-01
 25 -0.02896 -1.28056e-01 | 26 -0.02155 -6.47868e-01 | 27 -0.00239 -9.42507e-01
 28  0.14551 -8.20280e+00 | 29  0.03979 -1.15666e+01 | 30  0.07044 -8.00080e+00
 31 -0.09284 -6.36575e+00 | 32 -0.12708 -5.87181e+00 | 33  0.11108 -4.34240e+00
 34 -0.11368 -4.54839e+00 | 35  0.11798 -1.53966e+00 | 36 -0.02272 -3.07547e+00
 37 -0.09943 -4.36933e+00 | 38 -0.23353 -4.19795e+00 | 39 -0.09209 -3.07032e+00
 40  0.05032  2.84022e+00 | 41  0.02037  8.63596e-01 | 42  0.01456  8.83717e-01
 43  0.13820  1.23185e+01 | 44  0.00888  2.00553e+00 | 45 -0.07531 -1.08543e+00
 46 -0.07282 -8.53850e-01 | 47  0.06803  8.05918e+00 | 48 -0.00853  2.43288e+00
 49 -0.06410 -3.92826e-01 | 50  0.08363  1.13933e+01 | 51  0.05655  7.53660e+00
 52 -0.07237 -7.21794e-01 | 53 -0.02348  2.64326e+00 | 54 -0.04573  1.13607e+00
 55 -0.07588  1.81859e-01 | 56  0.00910  5.57390e+00 | 57  0.05124  7.67335e+00
 58 -0.04226  1.71389e-01 | 59  0.13442  1.44666e+01 | 60 -0.05361 -1.20472e+00
 61  0.09795  5.85817e+00 | 62  0.10644  3.99160e+00 | 63  0.05673  3.89569e-01
 64  0.13212  3.41177e+00 | 65 -0.06539 -3.56506e+00 | 66 -0.04537 -2.94636e+00
 67 -0.09810 -3.45653e+00 | 68 -0.03156 -3.42602e+00 | 69  0.11773 -1.79666e+00
 70 -0.10124 -5.34651e+00 | 71  0.02429 -4.84821e+00 | 72 -0.58829  3.90345e-01
 73  0.18598  5.37959e+00 | 74  0.70038  1.67057e+01 | 75  0.05111 -2.60936e+00
 76  0.41333 -8.58401e+01 | 77 -3.73599 -1.07506e+00 | 78 -0.57398 -7.76382e-03
 79 -0.50563 -1.34719e+01 | 80  0.22277 -1.72295e-02 | 81 -0.17068  7.51105e+00
 82  0.72778 -2.17558e-04 |
82 variables; iteration 180; function evaluation 218; phase 6
Function value 2.2233674e+02; maximum gradient component mag 2.1575e+01
Var    Value     Gradient |Var    Value     Gradient |Var    Value     Gradient
  1 -0.33970  1.55712e+00 |  2  0.26617  7.79613e-01 |  3  0.10933 -1.55655e+00
  4 -0.56479 -1.33029e+01 |  5 -0.49803 -9.15677e+00 |  6 -0.30912 -1.29231e+00
  7 -0.04016 -9.13301e+00 |  8 -0.00134 -4.43119e-02 |  9 -0.00047  1.32278e-02
 10 -0.00123 -5.21215e-02 | 11 -0.00181 -7.07800e-02 | 12 -0.00156  6.04501e-02
 13 -0.00076  3.21180e-01 | 14 -0.00519 -9.92320e-02 | 15 -0.00611  8.47014e-02
 16 -0.01003 -4.00751e-02 | 17 -0.01321  1.30339e-01 | 18 -0.01961 -1.45829e-02
 19 -0.02686 -9.57955e-02 | 20 -0.03358  8.75839e-02 | 21 -0.04325 -2.56993e-01
 22 -0.04833 -1.36915e-01 | 23 -0.04874 -1.42207e-01 | 24 -0.04107 -2.10285e-01
 25 -0.02702 -1.21302e-01 | 26 -0.01839 -4.10685e-01 | 27  0.00433 -5.30842e-01
 28  0.13455 -3.80937e+00 | 29  0.06081 -4.52224e+00 | 30  0.07047 -2.93965e+00
 31 -0.08823 -1.25970e+00 | 32 -0.12551 -1.04068e+00 | 33  0.10999 -3.79369e+00
 34 -0.11005 -5.55733e-01 | 35  0.11784 -3.95265e+00 | 36 -0.01920 -1.11851e+00
 37 -0.09519 -8.07412e-01 | 38 -0.23156 -3.76863e-01 | 39 -0.09087 -6.43965e-01
 40  0.04849 -1.20091e+00 | 41  0.01993 -9.68779e-01 | 42  0.01393 -8.63096e-01
 43  0.13718 -1.46106e+00 | 44  0.00768 -3.70887e-01 | 45 -0.07423 -4.90516e-02
 46 -0.07351 -6.31410e-02 | 47  0.06649  5.74814e-01 | 48 -0.00909  5.70291e-01
 49 -0.06462  4.44325e-01 | 50  0.08229  2.10655e+00 | 51  0.05512  1.72716e+00
 52 -0.07238  6.62190e-01 | 53 -0.02440  1.21597e+00 | 54 -0.04629  1.00417e+00
 55 -0.07743  8.09625e-01 | 56  0.00780  2.01701e+00 | 57  0.04905  2.30997e+00
 58 -0.04348  8.97873e-01 | 59  0.13223  3.80029e+00 | 60 -0.05404  6.52882e-01
 61  0.09642  2.43805e+00 | 62  0.10472  2.02949e+00 | 63  0.05631  1.35880e+00
 64  0.13150  1.99494e+00 | 65 -0.06584  4.23774e-01 | 66 -0.04616  5.94411e-01
 67 -0.09854  5.75477e-01 | 68 -0.03177  4.96367e-01 | 69  0.11676  1.03452e+00
 70 -0.10273 -1.34914e-01 | 71  0.02370  9.94683e-02 | 72 -0.60957 -8.30411e-01
 73  0.11045  7.42460e-02 | 74  0.66084 -8.05381e-01 | 75  0.03311 -4.03707e-01
 76  0.41077  2.15755e+01 | 77 -4.73704 -7.16774e-03 | 78  1.67057  5.49152e-02
 79 -0.50126 -2.51952e+00 | 80  0.23326 -1.08839e-02 | 81 -0.16803  1.50409e+00
 82  0.95320  4.16062e-02 |
82 variables; iteration 200; function evaluation 241; phase 6
Function value 2.2228554e+02; maximum gradient component mag -4.8484e+00
Var    Value     Gradient |Var    Value     Gradient |Var    Value     Gradient
  1 -0.34089  2.69103e-01 |  2  0.26641 -9.25238e-02 |  3  0.09290 -7.94562e-01
  4 -0.55616 -4.84844e+00 |  5 -0.50174 -3.65511e+00 |  6 -0.30907 -1.14265e+00
  7 -0.03962 -1.71528e-01 |  8 -0.00107 -1.35742e-03 |  9 -0.00058  9.01729e-05
 10 -0.00090 -2.90209e-03 | 11 -0.00136 -2.60417e-03 | 12 -0.00201  3.84848e-03
 13 -0.00299  1.36284e-02 | 14 -0.00463 -4.19750e-03 | 15 -0.00679  5.95524e-03
 16 -0.00993  3.14209e-03 | 17 -0.01424  8.40011e-03 | 18 -0.01984 -1.20097e-03
 19 -0.02670 -2.44453e-03 | 20 -0.03455  4.91483e-03 | 21 -0.04257 -1.26868e-02
 22 -0.04852 -1.20064e-02 | 23 -0.04915 -9.25859e-03 | 24 -0.04141 -1.44840e-02
 25 -0.02812 -1.24505e-02 | 26 -0.01797 -2.09091e-02 | 27  0.00552 -1.91807e-02
 28  0.12778 -1.38948e-01 | 29  0.07128  6.74208e-03 | 30  0.06712 -1.02607e-01
 31 -0.08553  3.20596e-02 | 32 -0.12521  3.37740e-02 | 33  0.10972 -9.34904e-02
 34 -0.10998  5.45603e-02 | 35  0.11764 -8.73211e-02 | 36 -0.01898  4.48671e-02
 37 -0.09481  4.69904e-02 | 38 -0.23105  6.11990e-02 | 39 -0.09086  9.77096e-03
 40  0.04818 -1.04002e-01 | 41  0.01999 -5.15741e-02 | 42  0.01391 -7.96027e-02
 43  0.13698 -2.64112e-01 | 44  0.00763 -5.79589e-02 | 45 -0.07423  2.77917e-02
 46 -0.07351  1.30515e-02 | 47  0.06619 -1.38552e-01 | 48 -0.00911 -1.72519e-02
 49 -0.06456  8.15206e-03 | 50  0.08192 -9.95760e-02 | 51  0.05495 -4.62503e-02
 52 -0.07245  4.25307e-02 | 53 -0.02455  2.49859e-02 | 54 -0.04642  1.82822e-02
 55 -0.07754  2.10902e-02 | 56  0.00747  1.07493e-02 | 57  0.04893 -1.69161e-02
 58 -0.04359  3.67592e-02 | 59  0.13196 -6.32430e-02 | 60 -0.05379  5.47050e-02
 61  0.09607  1.48391e-02 | 62  0.10460  3.04153e-02 | 63  0.05608  7.37342e-02
 64  0.13134  7.13733e-02 | 65 -0.06594  7.50461e-02 | 66 -0.04624  8.10948e-02
 67 -0.09875  9.21852e-02 | 68 -0.03196  8.35016e-02 | 69  0.11653  8.60282e-02
 70 -0.10266  7.02715e-02 | 71  0.02354  7.11291e-02 | 72 -0.61375 -4.51113e-02
 73  0.11089 -9.74147e-04 | 74  0.65230 -1.47315e-01 | 75  0.02366 -5.09611e-03
 76  0.41009  1.24391e+00 | 77 -4.96377 -5.48011e-02 | 78  1.50042  5.96511e-03
 79 -0.50124 -4.81224e-02 | 80  0.27530 -3.29416e-03 | 81 -0.16802  4.12261e-02
 82  0.96121  5.08151e-02 |
82 variables; iteration 220; function evaluation 264; phase 6
Function value 2.2227412e+02; maximum gradient component mag -3.9846e-01
Var    Value     Gradient |Var    Value     Gradient |Var    Value     Gradient
  1 -0.33712  1.41360e-02 |  2  0.26641 -5.44076e-03 |  3  0.08756 -3.03558e-02
  4 -0.55336 -3.98462e-01 |  5 -0.50290 -2.92762e-01 |  6 -0.30760 -7.12390e-02
  7 -0.03961 -4.73345e-02 |  8 -0.00104  3.08474e-04 |  9 -0.00057 -1.77944e-04
 10 -0.00087  2.88331e-04 | 11 -0.00132  1.18946e-04 | 12 -0.00201  3.41832e-05
 13 -0.00306 -1.09634e-03 | 14 -0.00455  3.48190e-04 | 15 -0.00676 -4.46901e-04
 16 -0.00986 -4.29413e-04 | 17 -0.01418 -3.04557e-04 | 18 -0.01969 -6.58720e-04
 19 -0.02651 -1.50603e-04 | 20 -0.03439 -4.31014e-04 | 21 -0.04232  2.91636e-05
 22 -0.04830 -4.09399e-04 | 23 -0.04898 -5.73122e-04 | 24 -0.04124 -6.65132e-04
 25 -0.02802 -1.64200e-03 | 26 -0.01796 -1.55287e-03 | 27  0.00534 -1.80787e-03
 28  0.12778 -1.19945e-02 | 29  0.07093 -9.13062e-03 | 30  0.06762 -6.73974e-03
 31 -0.08544  7.70143e-04 | 32 -0.12511  3.20216e-03 | 33  0.10966 -1.28151e-02
 34 -0.10982  2.40727e-03 | 35  0.11762 -1.04641e-02 | 36 -0.01880 -8.16271e-04
 37 -0.09460  1.09944e-03 | 38 -0.23092  2.55539e-03 | 39 -0.09080 -5.72541e-04
 40  0.04810 -1.10406e-02 | 41  0.01999 -6.29315e-03 | 42  0.01391 -4.04410e-03
 43  0.13694 -1.75510e-02 | 44  0.00762 -4.16911e-03 | 45 -0.07417  1.61285e-03
 46 -0.07352  1.15171e-03 | 47  0.06612 -5.93239e-03 | 48 -0.00911 -1.23458e-03
 49 -0.06456  7.89813e-04 | 50  0.08185 -6.72971e-03 | 51  0.05490 -5.54717e-04
 52 -0.07245  3.29997e-03 | 53 -0.02457  1.99805e-03 | 54 -0.04644  2.98346e-03
 55 -0.07758  3.51672e-03 | 56  0.00740  2.22072e-03 | 57  0.04886  2.35924e-03
 58 -0.04364  4.48330e-03 | 59  0.13187  1.64934e-03 | 60 -0.05377  5.04269e-03
 61  0.09600  4.96616e-03 | 62  0.10454  7.13124e-03 | 63  0.05605  7.12706e-03
 64  0.13132  1.02699e-02 | 65 -0.06596  6.49995e-03 | 66 -0.04626  6.81948e-03
 67 -0.09877  5.80674e-03 | 68 -0.03198  6.11040e-03 | 69  0.11649  7.39313e-03
 70 -0.10272  5.59652e-03 | 71  0.02352  5.02453e-03 | 72 -0.61418 -8.75062e-03
 73  0.10809  2.79694e-03 | 74  0.65038 -2.14907e-02 | 75  0.00386 -1.50822e-01
 76  0.40997  1.36453e-01 | 77 -4.36778 -2.16717e-03 | 78  1.39792  1.60327e-03
 79 -0.50109 -2.47595e-03 | 80  0.46818  2.48918e-03 | 81 -0.16793  1.53385e-03
 82  0.78612  7.48051e-03 |
82 variables; iteration 240; function evaluation 284; phase 6
Function value 2.2227355e+02; maximum gradient component mag 1.9123e-01
Var    Value     Gradient |Var    Value     Gradient |Var    Value     Gradient
  1 -0.33671 -1.30861e-02 |  2  0.26641  4.11927e-03 |  3  0.08690  2.23112e-02
  4 -0.55302  4.45082e-02 |  5 -0.50303  7.27516e-02 |  6 -0.30743  2.65320e-02
  7 -0.03961  2.26659e-02 |  8 -0.00104 -2.99139e-04 |  9 -0.00057  4.22050e-04
 10 -0.00087  7.10495e-05 | 11 -0.00132  6.39397e-04 | 12 -0.00201 -2.86901e-04
 13 -0.00306 -1.91149e-03 | 14 -0.00455  4.17364e-04 | 15 -0.00676 -3.25247e-04
 16 -0.00985  5.80920e-04 | 17 -0.01417 -1.38840e-03 | 18 -0.01967  1.03768e-03
 19 -0.02649  7.17644e-04 | 20 -0.03438 -7.56211e-04 | 21 -0.04229  1.96271e-03
 22 -0.04827  1.37142e-03 | 23 -0.04896  1.39245e-03 | 24 -0.04123  1.54874e-03
 25 -0.02801  2.26926e-03 | 26 -0.01796  3.51642e-03 | 27  0.00530  2.82473e-03
 28  0.12776  4.49355e-02 | 29  0.07093  3.10956e-02 | 30  0.06766  3.32901e-02
 31 -0.08541  8.21268e-03 | 32 -0.12510  6.04351e-03 | 33  0.10966  3.29017e-02
 34 -0.10979  4.03606e-03 | 35  0.11762  1.22024e-02 | 36 -0.01877  3.23428e-03
 37 -0.09458 -1.03671e-03 | 38 -0.23091 -9.32735e-04 | 39 -0.09080  1.21170e-03
 40  0.04809  6.56617e-03 | 41  0.01999 -5.76459e-04 | 42  0.01391 -1.08373e-03
 43  0.13693 -1.06286e-03 | 44  0.00761 -5.01754e-03 | 45 -0.07417  1.27492e-03
 46 -0.07352 -5.71963e-05 | 47  0.06611 -3.47760e-06 | 48 -0.00911 -3.64360e-03
 49 -0.06456 -3.10987e-03 | 50  0.08184 -4.29366e-03 | 51  0.05490 -1.21376e-02
 52 -0.07245 -6.32041e-03 | 53 -0.02457 -7.37030e-03 | 54 -0.04644 -8.44523e-03
 55 -0.07759 -5.97937e-03 | 56  0.00739 -7.49222e-03 | 57  0.04885 -1.24343e-02
 58 -0.04365 -5.60482e-03 | 59  0.13186 -1.64404e-02 | 60 -0.05377 -5.98517e-03
 61  0.09599 -1.13452e-02 | 62  0.10453 -1.17233e-02 | 63  0.05605 -8.90334e-03
 64  0.13132 -1.33447e-02 | 65 -0.06596 -5.61694e-03 | 66 -0.04627 -5.95540e-03
 67 -0.09878 -5.34748e-03 | 68 -0.03198 -3.70426e-03 | 69  0.11648 -5.62369e-03
 70 -0.10273 -1.75416e-03 | 71  0.02351 -3.11741e-03 | 72 -0.61425 -1.78818e-03
 73  0.10776  4.88972e-03 | 74  0.65015 -2.00949e-02 | 75  0.00322 -1.61537e-02
 76  0.40996  1.91225e-01 | 77 -4.05641 -5.54982e-04 | 78  1.37255 -3.08140e-04
 79 -0.50107  1.71892e-03 | 80  0.56768  3.70950e-03 | 81 -0.16792  1.04654e-03
 82  0.68892  2.19823e-03 |
82 variables; iteration 260; function evaluation 311; phase 6
Function value 2.2227276e+02; maximum gradient component mag -8.1190e-02
Var    Value     Gradient |Var    Value     Gradient |Var    Value     Gradient
  1 -0.33682  6.98360e-03 |  2  0.26641 -5.85243e-03 |  3  0.08701 -6.17569e-03
  4 -0.55307 -8.11898e-02 |  5 -0.50302 -5.07183e-02 |  6 -0.30748 -4.68850e-02
  7 -0.03961 -2.45950e-02 |  8 -0.00104  3.38639e-05 |  9 -0.00057  1.75669e-05
 10 -0.00087  8.63717e-05 | 11 -0.00132  1.35276e-04 | 12 -0.00201 -1.86123e-04
 13 -0.00305 -7.49160e-04 | 14 -0.00455  1.36583e-04 | 15 -0.00676 -2.55415e-04
 16 -0.00985 -1.98113e-05 | 17 -0.01417 -5.37484e-04 | 18 -0.01967  1.05210e-04
 19 -0.02650  2.37601e-05 | 20 -0.03438 -3.95146e-04 | 21 -0.04230  2.26221e-04
 22 -0.04828  5.89880e-05 | 23 -0.04897  7.24145e-05 | 24 -0.04123  1.40355e-05
 25 -0.02801 -7.02501e-05 | 26 -0.01796  5.76426e-05 | 27  0.00533 -3.99374e-04
 28  0.12774  1.48825e-03 | 29  0.07095  3.92755e-03 | 30  0.06764  3.00234e-03
 31 -0.08541  2.92743e-03 | 32 -0.12510  2.95030e-03 | 33  0.10966 -2.72505e-03
 34 -0.10980  1.50844e-03 | 35  0.11762 -8.29101e-03 | 36 -0.01878 -1.99467e-03
 37 -0.09458  5.94560e-04 | 38 -0.23091  2.04207e-03 | 39 -0.09080  1.51596e-03
 40  0.04809 -3.21360e-03 | 41  0.01999 -2.26195e-03 | 42  0.01391 -1.31808e-03
 43  0.13693 -8.76559e-03 | 44  0.00761 -1.35710e-03 | 45 -0.07417  3.19519e-04
 46 -0.07352  1.18224e-03 | 47  0.06611 -1.71945e-03 | 48 -0.00911 -5.82017e-05
 49 -0.06456  2.08403e-03 | 50  0.08184 -1.99372e-03 | 51  0.05490 -2.30159e-03
 52 -0.07245  7.47536e-04 | 53 -0.02457 -1.39037e-04 | 54 -0.04644  6.71325e-04
 55 -0.07759  1.57501e-03 | 56  0.00740 -5.57304e-04 | 57  0.04885 -1.34525e-03
 58 -0.04365  1.25434e-03 | 59  0.13186 -2.75650e-03 | 60 -0.05377  1.74523e-03
 61  0.09599 -3.15912e-04 | 62  0.10453 -2.92334e-04 | 63  0.05605  5.27122e-04
 64  0.13132 -5.50309e-04 | 65 -0.06596  2.13205e-03 | 66 -0.04627  1.80177e-03
 67 -0.09877  1.74129e-03 | 68 -0.03198  2.25269e-03 | 69  0.11649  1.57130e-03
 70 -0.10273  3.15729e-03 | 71  0.02351  2.99368e-03 | 72 -0.61423 -3.35569e-03
 73  0.10787 -6.38466e-03 | 74  0.65018 -4.78715e-03 | 75  0.06181 -6.31979e-03
 76  0.40996  6.49392e-02 | 77 -4.21708 -1.11902e-03 | 78  1.57289  4.77943e-04
 79 -0.50108  1.42229e-02 | 80  0.59195  4.03888e-03 | 81 -0.16792 -7.54217e-03
 82  0.65952  2.87847e-04 |
82 variables; iteration 280; function evaluation 336; phase 6
Function value 2.2227238e+02; maximum gradient component mag -5.9313e-01
Var    Value     Gradient |Var    Value     Gradient |Var    Value     Gradient
  1 -0.33662  3.21978e-02 |  2  0.26641  8.68005e-03 |  3  0.08695 -1.72090e-01
  4 -0.55304 -5.93134e-01 |  5 -0.50303 -5.10851e-01 |  6 -0.30741  8.37009e-03
  7 -0.03960  1.44428e-02 |  8 -0.00104 -1.25913e-04 |  9 -0.00057 -5.62181e-04
 10 -0.00087 -9.14792e-05 | 11 -0.00133 -3.68196e-04 | 12 -0.00200  1.38324e-03
 13 -0.00302  3.46149e-03 | 14 -0.00455 -3.68256e-04 | 15 -0.00675  9.01137e-04
 16 -0.00986 -1.38690e-03 | 17 -0.01414  3.77880e-03 | 18 -0.01968 -1.59733e-03
 19 -0.02650 -6.89833e-04 | 20 -0.03436  2.83836e-03 | 21 -0.04232 -3.47630e-03
 22 -0.04829 -1.90031e-03 | 23 -0.04897 -6.12557e-04 | 24 -0.04124 -8.79677e-04
 25 -0.02802 -1.27908e-03 | 26 -0.01798 -3.34484e-03 | 27  0.00536 -1.38118e-04
 28  0.12773 -2.66979e-02 | 29  0.07095 -2.04840e-02 | 30  0.06765 -1.79687e-02
 31 -0.08542 -5.38819e-03 | 32 -0.12510 -5.38098e-03 | 33  0.10966 -3.94840e-03
 34 -0.10979  2.80039e-03 | 35  0.11762  2.77626e-02 | 36 -0.01877  1.50376e-02
 37 -0.09458  7.04799e-03 | 38 -0.23091 -2.19927e-03 | 39 -0.09080 -6.47906e-03
 40  0.04809 -1.40544e-02 | 41  0.01999 -4.99623e-03 | 42  0.01391 -1.14684e-02
 43  0.13693 -1.31097e-02 | 44  0.00761 -5.07706e-03 | 45 -0.07416  1.41180e-05
 46 -0.07353 -7.33665e-03 | 47  0.06611 -2.15339e-02 | 48 -0.00911 -6.42922e-03
 49 -0.06456 -7.32364e-03 | 50  0.08184 -1.31288e-02 | 51  0.05490  3.56962e-03
 52 -0.07245  3.56360e-03 | 53 -0.02457  2.83742e-03 | 54 -0.04644  3.79908e-03
 55 -0.07759 -1.37856e-03 | 56  0.00740  2.92899e-03 | 57  0.04885  2.76196e-03
 58 -0.04365  1.77697e-03 | 59  0.13186  4.97213e-03 | 60 -0.05377  2.69376e-03
 61  0.09599  6.44133e-03 | 62  0.10453  1.05250e-02 | 63  0.05605  1.27305e-02
 64  0.13132  2.09332e-02 | 65 -0.06596  6.40417e-03 | 66 -0.04627  8.14438e-03
 67 -0.09877  7.76230e-03 | 68 -0.03198  5.59300e-03 | 69  0.11648  1.08232e-02
 70 -0.10273 -5.59390e-04 | 71  0.02351  1.44671e-03 | 72 -0.61429 -2.46297e-03
 73  0.10774  3.79137e-02 | 74  0.65014 -1.55769e-02 | 75  0.06934 -4.58868e-03
 76  0.40995 -5.31322e-02 | 77 -3.78277  2.19853e-04 | 78  1.62361 -2.73861e-04
 79 -0.50107 -8.70597e-02 | 80  0.51115  2.94982e-03 | 81 -0.16792  5.08639e-02
 82  0.71624  3.68165e-03 |
82 variables; iteration 300; function evaluation 359; phase 6
Function value 2.2227209e+02; maximum gradient component mag -6.4652e-02
Var    Value     Gradient |Var    Value     Gradient |Var    Value     Gradient
  1 -0.33669  3.67693e-03 |  2  0.26641  7.10141e-04 |  3  0.08689 -1.46576e-02
  4 -0.55301 -6.46518e-02 |  5 -0.50304 -4.93113e-02 |  6 -0.30743 -2.30676e-03
  7 -0.03960  3.64239e-03 |  8 -0.00104  6.50485e-06 |  9 -0.00057 -2.85737e-05
 10 -0.00087  1.88554e-05 | 11 -0.00132 -9.90246e-06 | 12 -0.00201  1.17433e-04
 13 -0.00304  1.16217e-04 | 14 -0.00455  6.21460e-07 | 15 -0.00675  5.26329e-05
 16 -0.00985 -8.67318e-05 | 17 -0.01416  1.63033e-04 | 18 -0.01967 -5.52786e-05
 19 -0.02649  5.82672e-07 | 20 -0.03437  2.06002e-04 | 21 -0.04230 -5.32803e-05
 22 -0.04828  3.07847e-05 | 23 -0.04897  7.75008e-05 | 24 -0.04123  8.60876e-05
 25 -0.02801  1.32630e-04 | 26 -0.01797  1.09564e-04 | 27  0.00533  4.71745e-04
 28  0.12774  2.71699e-03 | 29  0.07095  1.76833e-03 | 30  0.06765  1.85611e-03
 31 -0.08541  8.50319e-04 | 32 -0.12510  3.23156e-04 | 33  0.10966  2.92339e-03
 34 -0.10979  9.42126e-04 | 35  0.11762  3.48307e-03 | 36 -0.01877  9.68367e-04
 37 -0.09458  4.73511e-04 | 38 -0.23090  1.06485e-04 | 39 -0.09080 -3.66601e-04
 40  0.04809 -1.19583e-03 | 41  0.01999 -1.68026e-03 | 42  0.01391 -1.30240e-03
 43  0.13693 -2.32926e-03 | 44  0.00761 -1.39309e-03 | 45 -0.07417 -1.56860e-04
 46 -0.07352 -7.33166e-04 | 47  0.06611 -1.96844e-03 | 48 -0.00911 -8.69042e-04
 49 -0.06456  2.92360e-04 | 50  0.08184 -1.15205e-03 | 51  0.05490 -1.50228e-03
 52 -0.07245 -9.03374e-05 | 53 -0.02457 -6.87615e-04 | 54 -0.04644 -5.44812e-04
 55 -0.07759 -5.23976e-04 | 56  0.00739 -6.06959e-04 | 57  0.04885 -1.16812e-03
 58 -0.04365 -4.94881e-04 | 59  0.13186 -1.84522e-03 | 60 -0.05377 -3.62381e-04
 61  0.09599 -5.44749e-04 | 62  0.10453 -4.23972e-04 | 63  0.05605  5.11107e-04
 64  0.13132  8.39067e-04 | 65 -0.06596  3.87952e-04 | 66 -0.04627  4.76736e-04
 67 -0.09877  4.78604e-04 | 68 -0.03198  4.77587e-04 | 69  0.11648  8.15768e-04
 70 -0.10273  2.76757e-04 | 71  0.02351  2.06527e-04 | 72 -0.61426 -3.84691e-04
 73  0.10777  3.65482e-03 | 74  0.65014 -3.11139e-03 | 75  0.11832  8.32086e-04
 76  0.40996  2.38957e-02 | 77 -4.00051  1.07566e-04 | 78  1.70066 -3.26473e-05
 79 -0.50107 -6.07609e-03 | 80  0.51253  2.95744e-03 | 81 -0.16792  3.87604e-03
 82  0.71058  3.36624e-03 |
82 variables; iteration 320; function evaluation 379; phase 6
Function value 2.2227180e+02; maximum gradient component mag 1.0775e-03
Var    Value     Gradient |Var    Value     Gradient |Var    Value     Gradient
  1 -0.33670  8.93579e-05 |  2  0.26641 -4.21808e-05 |  3  0.08685 -2.65366e-04
  4 -0.55298 -6.79388e-04 |  5 -0.50305 -3.89538e-04 |  6 -0.30743 -2.63654e-04
  7 -0.03960 -2.91002e-04 |  8 -0.00104 -3.41857e-07 |  9 -0.00057  1.02043e-06
 10 -0.00087  1.00596e-06 | 11 -0.00132  2.69361e-06 | 12 -0.00201 -3.36047e-06
 13 -0.00305 -1.73830e-05 | 14 -0.00455  4.06817e-06 | 15 -0.00675 -3.54419e-06
 16 -0.00985 -4.54950e-08 | 17 -0.01416 -9.13004e-06 | 18 -0.01967  2.97629e-06
 19 -0.02649  2.62354e-06 | 20 -0.03437 -6.06060e-06 | 21 -0.04230  1.11201e-05
 22 -0.04828  5.62096e-06 | 23 -0.04897  3.39789e-06 | 24 -0.04123  2.71699e-06
 25 -0.02801  6.11273e-07 | 26 -0.01797  8.48691e-06 | 27  0.00533  6.66125e-06
 28  0.12773  1.17295e-04 | 29  0.07095  1.10713e-04 | 30  0.06765  1.29396e-04
 31 -0.08541  4.29020e-05 | 32 -0.12510  9.79597e-06 | 33  0.10966  6.15493e-05
 34 -0.10979  2.39390e-05 | 35  0.11762 -1.09227e-05 | 36 -0.01877 -2.29330e-05
 37 -0.09458  4.50289e-05 | 38 -0.23090  3.31659e-05 | 39 -0.09079  4.70316e-05
 40  0.04809  2.08187e-06 | 41  0.01999  2.39704e-05 | 42  0.01391 -5.30723e-05
 43  0.13693 -7.19058e-05 | 44  0.00761 -2.98791e-05 | 45 -0.07417 -2.60596e-06
 46 -0.07352 -8.49177e-06 | 47  0.06611 -1.07654e-05 | 48 -0.00911  7.44908e-06
 49 -0.06456  3.43987e-05 | 50  0.08184  8.76888e-07 | 51  0.05490 -3.17513e-05
 52 -0.07245  1.99893e-06 | 53 -0.02457 -2.63176e-05 | 54 -0.04644 -1.72060e-05
 55 -0.07759 -1.26110e-06 | 56  0.00739 -3.92509e-05 | 57  0.04885 -4.54710e-05
 58 -0.04365 -3.27771e-05 | 59  0.13186 -9.61027e-05 | 60 -0.05377 -3.32148e-05
 61  0.09599 -3.83616e-05 | 62  0.10453 -3.07417e-05 | 63  0.05605 -2.01213e-05
 64  0.13132 -2.90469e-05 | 65 -0.06596  8.34590e-07 | 66 -0.04627  2.47946e-07
 67 -0.09877  3.74230e-07 | 68 -0.03198 -8.32114e-07 | 69  0.11648 -5.32089e-06
 70 -0.10273  1.82910e-05 | 71  0.02351  7.91620e-06 | 72 -0.61426 -6.42765e-05
 73  0.10779 -7.10454e-06 | 74  0.65012 -1.16551e-04 | 75  0.11815  2.71922e-06
 76  0.40996  1.07755e-03 | 77 -4.01890  7.84600e-08 | 78  1.70229  1.45488e-07
 79 -0.50107  8.37299e-05 | 80  0.39218 -2.44952e-07 | 81 -0.16792 -4.75737e-05
 82  0.67180 -1.10037e-08 |

 - final statistics:
82 variables; iteration 321; function evaluation 380
Function value 2.2227e+02; maximum gradient component mag -6.0718e-05
Exit code = 1;  converg criter 1.0000e-04
Var    Value     Gradient |Var    Value     Gradient |Var    Value     Gradient
  1 -0.33670  1.62431e-05 |  2  0.26641 -4.44323e-06 |  3  0.08685 -1.98178e-05
  4 -0.55298 -4.53407e-05 |  5 -0.50305 -2.19222e-05 |  6 -0.30743 -6.07177e-05
  7 -0.03960 -1.41612e-05 |  8 -0.00104  3.60892e-07 |  9 -0.00057 -3.58178e-07
 10 -0.00087  5.39392e-07 | 11 -0.00132  1.32646e-08 | 12 -0.00201 -2.35073e-07
 13 -0.00305 -6.92380e-07 | 14 -0.00455  1.96466e-07 | 15 -0.00675 -5.94663e-07
 16 -0.00985 -4.64874e-07 | 17 -0.01416 -1.12406e-06 | 18 -0.01967 -1.65931e-07
 19 -0.02649 -2.73644e-07 | 20 -0.03437 -5.98599e-07 | 21 -0.04230  4.50437e-07
 22 -0.04828  3.22793e-07 | 23 -0.04897 -4.78503e-07 | 24 -0.04123 -2.12344e-07
 25 -0.02801 -2.28904e-07 | 26 -0.01797 -7.39541e-07 | 27  0.00533 -2.46243e-06
 28  0.12773 -1.32092e-05 | 29  0.07095 -4.54604e-06 | 30  0.06765 -9.20117e-06
 31 -0.08541  1.00902e-06 | 32 -0.12510  3.91907e-06 | 33  0.10966 -1.98290e-05
 34 -0.10979 -3.56172e-06 | 35  0.11762 -2.95741e-05 | 36 -0.01877 -6.47545e-06
 37 -0.09458 -1.23446e-05 | 38 -0.23090 -1.58462e-06 | 39 -0.09079 -7.59963e-06
 40  0.04809 -1.31700e-05 | 41  0.01999 -1.88625e-05 | 42  0.01391  3.11315e-06
 43  0.13693 -8.32588e-06 | 44  0.00761 -1.47667e-06 | 45 -0.07417 -2.41204e-06
 46 -0.07352  4.41685e-06 | 47  0.06611  2.48363e-06 | 48 -0.00911  4.82536e-06
 49 -0.06456  1.63382e-05 | 50  0.08184  1.49429e-05 | 51  0.05490  2.97811e-06
 52 -0.07245  3.70151e-06 | 53 -0.02457  2.65119e-06 | 54 -0.04644  3.16912e-06
 55 -0.07759  3.83070e-06 | 56  0.00739  6.36122e-06 | 57  0.04885  5.70505e-06
 58 -0.04365  7.14884e-06 | 59  0.13186  1.20865e-05 | 60 -0.05377  7.01976e-06
 61  0.09599  8.51833e-06 | 62  0.10453  4.11874e-06 | 63  0.05605  5.68324e-06
 64  0.13132  7.79228e-06 | 65 -0.06596  5.51171e-06 | 66 -0.04627  4.57728e-06
 67 -0.09877  3.35541e-06 | 68 -0.03198  5.10163e-06 | 69  0.11648  4.08763e-06
 70 -0.10273  5.11341e-06 | 71  0.02351  5.26482e-06 | 72 -0.61426  4.69744e-06
 73  0.10779 -1.17729e-05 | 74  0.65012  2.99608e-06 | 75  0.11815 -3.50647e-07
 76  0.40996 -4.89173e-06 | 77 -4.01891 -5.50772e-09 | 78  1.70229  8.79741e-09
 79 -0.50107  1.38833e-05 | 80  0.39218 -6.54536e-08 | 81 -0.16792 -7.56054e-06
 82  0.67180  4.94648e-09 |
Estimating row 1 out of 82 for hessian
Estimating row 2 out of 82 for hessian
Estimating row 3 out of 82 for hessian
Estimating row 4 out of 82 for hessian
Estimating row 5 out of 82 for hessian
Estimating row 6 out of 82 for hessian
Estimating row 7 out of 82 for hessian
Estimating row 8 out of 82 for hessian
Estimating row 9 out of 82 for hessian
Estimating row 10 out of 82 for hessian
Estimating row 11 out of 82 for hessian
Estimating row 12 out of 82 for hessian
Estimating row 13 out of 82 for hessian
Estimating row 14 out of 82 for hessian
Estimating row 15 out of 82 for hessian
Estimating row 16 out of 82 for hessian
Estimating row 17 out of 82 for hessian
Estimating row 18 out of 82 for hessian
Estimating row 19 out of 82 for hessian
Estimating row 20 out of 82 for hessian
Estimating row 21 out of 82 for hessian
Estimating row 22 out of 82 for hessian
Estimating row 23 out of 82 for hessian
Estimating row 24 out of 82 for hessian
Estimating row 25 out of 82 for hessian
Estimating row 26 out of 82 for hessian
Estimating row 27 out of 82 for hessian
Estimating row 28 out of 82 for hessian
Estimating row 29 out of 82 for hessian
Estimating row 30 out of 82 for hessian
Estimating row 31 out of 82 for hessian
Estimating row 32 out of 82 for hessian
Estimating row 33 out of 82 for hessian
Estimating row 34 out of 82 for hessian
Estimating row 35 out of 82 for hessian
Estimating row 36 out of 82 for hessian
Estimating row 37 out of 82 for hessian
Estimating row 38 out of 82 for hessian
Estimating row 39 out of 82 for hessian
Estimating row 40 out of 82 for hessian
Estimating row 41 out of 82 for hessian
Estimating row 42 out of 82 for hessian
Estimating row 43 out of 82 for hessian
Estimating row 44 out of 82 for hessian
Estimating row 45 out of 82 for hessian
Estimating row 46 out of 82 for hessian
Estimating row 47 out of 82 for hessian
Estimating row 48 out of 82 for hessian
Estimating row 49 out of 82 for hessian
Estimating row 50 out of 82 for hessian
Estimating row 51 out of 82 for hessian
Estimating row 52 out of 82 for hessian
Estimating row 53 out of 82 for hessian
Estimating row 54 out of 82 for hessian
Estimating row 55 out of 82 for hessian
Estimating row 56 out of 82 for hessian
Estimating row 57 out of 82 for hessian
Estimating row 58 out of 82 for hessian
Estimating row 59 out of 82 for hessian
Estimating row 60 out of 82 for hessian
Estimating row 61 out of 82 for hessian
Estimating row 62 out of 82 for hessian
Estimating row 63 out of 82 for hessian
Estimating row 64 out of 82 for hessian
Estimating row 65 out of 82 for hessian
Estimating row 66 out of 82 for hessian
Estimating row 67 out of 82 for hessian
Estimating row 68 out of 82 for hessian
Estimating row 69 out of 82 for hessian
Estimating row 70 out of 82 for hessian
Estimating row 71 out of 82 for hessian
Estimating row 72 out of 82 for hessian
Estimating row 73 out of 82 for hessian
Estimating row 74 out of 82 for hessian
Estimating row 75 out of 82 for hessian
Estimating row 76 out of 82 for hessian
Estimating row 77 out of 82 for hessian
Estimating row 78 out of 82 for hessian
Estimating row 79 out of 82 for hessian
Estimating row 80 out of 82 for hessian
Estimating row 81 out of 82 for hessian
Estimating row 82 out of 82 for hessian
size of file gradfil1.tmp = 0
size of file gradfil2.tmp = 0
size of file varssave.tmp = 0
size of file cmpdiff.tmp = 0
