
Initial statistics: 62 variables; iteration 0; function evaluation 0; phase 1
Function value 7.5401301e+03; maximum gradient component mag 1.1147e+04
Var    Value     Gradient |Var    Value     Gradient |Var    Value     Gradient
  1 -0.22384  7.98452e+03 |  2 -0.04727  1.11474e+04 |  3  0.04596  6.88002e+00
  4 -0.04499 -6.13066e+00 |  5  0.00464  9.17383e-01 |  6 -0.04274 -5.66325e+00
  7 -0.02800 -3.42846e+00 |  8  0.01098  2.49231e+00 |  9 -0.00334  8.24165e-01
 10  0.03756  7.88734e+00 | 11  0.03527  8.82782e+00 | 12  0.03621  1.09523e+01
 13 -0.04926 -2.38178e+00 | 14 -0.04530  4.81970e-01 | 15  0.00024  1.43072e+01
 16  0.01072  2.42141e+01 | 17  0.04703  5.05589e+01 | 18  0.01857  5.39475e+01
 19  0.02823  8.40145e+01 | 20  0.02006  1.10320e+02 | 21  0.04241  1.81528e+02
 22 -0.05130  1.07312e+02 | 23  0.03009  2.93130e+02 | 24 -0.04206  1.02793e+02
 25  0.00248  4.97456e+02 | 26  0.05033  4.77682e+02 | 27  0.00007  2.43476e+02
 28  0.02603  4.98207e+02 | 29 -0.00724 -3.53759e+01 | 30  0.02207  5.82214e+02
 31 -0.02033 -6.95654e+01 | 32  0.04019  1.31215e+03 | 33  0.02712  1.29537e+03
 34 -0.00383  7.16261e+02 | 35 -0.01054  4.20141e+01 | 36  0.02497  7.01213e+01
 37  0.04555  1.20256e+02 | 38 -0.01591 -4.81600e+02 | 39 -0.02450 -8.36795e+01
 40  0.00825  3.93447e+02 | 41 -0.03012  1.30637e+02 | 42  0.02595  3.37305e+02
 43 -0.04054 -1.05940e+02 | 44 -0.03920 -3.17197e+02 | 45 -0.01287 -4.75652e+02
 46  0.01432 -9.89179e+00 | 47 -0.01841 -4.89521e+01 | 48  0.03590  8.81152e+02
 49  0.03259  1.03776e+03 | 50 -0.03642  3.59372e+02 | 51  0.02774  4.51856e+02
 52  0.00222 -1.28044e+02 | 53 -0.03436 -6.20787e+02 | 54  0.01074 -9.41734e+02
 55 -0.03927 -9.34863e+02 | 56 -0.01455 -1.21149e+03 | 57 -0.01791 -1.34959e+03
 58 -0.02656 -1.31225e+03 | 59 -0.01155 -1.24262e+03 | 60  0.01276 -2.44692e+02
 61  0.01496 -2.07419e+01 | 62 -0.00816 -2.12941e+02 |

Intermediate statistics: 62 variables; iteration 20; function evaluation 27; phase 1
Function value 6.8279997e+03; maximum gradient component mag 1.0803e+04
Var    Value     Gradient |Var    Value     Gradient |Var    Value     Gradient
  1 -0.26921  6.86357e+03 |  2 -0.04400  1.08028e+04 |  3 -0.02055 -2.63007e+00
  4  0.02304  3.37578e+00 |  5 -0.00128  2.81215e-02 |  6  0.02212  3.45402e+00
  7  0.01531  2.66314e+00 |  8 -0.00147  4.91230e-01 |  9  0.00628  1.98739e+00
 10 -0.00506  8.19482e-01 | 11  0.00194  2.68796e+00 | 12  0.01069  5.37050e+00
 13  0.02755  1.03796e+01 | 14  0.02726  1.34210e+01 | 15  0.03527  1.99843e+01
 16  0.04423  2.98857e+01 | 17  0.06368  4.92202e+01 | 18  0.02585  4.76463e+01
 19  0.01484  6.07916e+01 | 20  0.02404  9.42433e+01 | 21  0.10840  2.56902e+02
 22  0.01475  1.65065e+02 | 23 -0.05231 -1.89600e+01 | 24 -0.13229 -1.14628e+02
 25 -0.07000  7.80799e+01 | 26  0.08389  5.35963e+02 | 27  0.02549  2.75074e+02
 28  0.03581  3.82339e+02 | 29  0.04226  2.42489e+02 | 30  0.02803  4.13188e+02
 31  0.01565  7.23134e+01 | 32  0.00509  3.43921e+02 | 33 -0.02485  3.24431e+02
 34 -0.04911  1.24376e+02 | 35  0.01327  8.09880e+00 | 36  0.05081  1.11688e+02
 37  0.05136  6.00877e+01 | 38  0.05418 -1.41453e+02 | 39 -0.01004 -3.83361e+01
 40 -0.01556  5.44835e+01 | 41 -0.02993  9.10792e+00 | 42  0.02661  1.68860e+02
 43 -0.02298 -3.89845e+01 | 44 -0.00778 -7.70473e+01 | 45  0.03808 -5.50816e+01
 46  0.02125  1.00908e+01 | 47 -0.00332 -4.87957e+01 | 48 -0.00040  1.48294e+02
 49 -0.00661  2.03570e+02 | 50 -0.07161 -7.70330e+01 | 51  0.00590  7.58588e+01
 52  0.01288  5.82939e+01 | 53  0.02005 -4.26347e+01 | 54  0.08529  2.29830e+02
 55  0.04676  9.96150e-01 | 56  0.08014 -6.97832e+01 | 57  0.09529 -7.87932e+01
 58  0.10169 -1.95368e+02 | 59  0.11408 -2.38251e+02 | 60  0.02795 -2.04507e+02
 61 -0.00941 -9.94300e+01 | 62 -0.58880 -2.10735e+02 |
62 variables; iteration 40; function evaluation 51; phase 1
Function value 6.3018897e+03; maximum gradient component mag 3.4526e+03
Var    Value     Gradient |Var    Value     Gradient |Var    Value     Gradient
  1 -0.29966  2.91976e+03 |  2 -0.10630  3.45264e+03 |  3  0.06398  9.00485e+00
  4 -0.06418 -8.86307e+00 |  5  0.00562  8.51519e-01 |  6 -0.06183 -8.50712e+00
  7 -0.04057 -5.53431e+00 |  8  0.01259  1.99985e+00 |  9 -0.00810 -8.16811e-01
 10  0.04509  6.97527e+00 | 11  0.03741  6.20458e+00 | 12  0.03171  5.84723e+00
 13 -0.09739 -1.26083e+01 | 14 -0.09125 -1.13749e+01 | 15 -0.01340  1.33394e+00
 16  0.00620  6.32913e+00 | 17  0.01473  1.05661e+01 | 18  0.02998  1.80702e+01
 19  0.17770  8.37800e+01 | 20  0.14233  8.54466e+01 | 21  0.20056  1.60834e+02
 22  0.06363  7.16997e+01 | 23 -0.12037 -4.23458e+01 | 24 -0.08487  4.24022e+01
 25 -0.08867  6.76449e+01 | 26  0.08232  1.67008e+02 | 27  0.05496  2.98684e+02
 28  0.00504 -1.88192e+00 | 29  0.06790  2.47596e+02 | 30  0.01724  1.68615e+02
 31  0.02231 -1.05209e+01 | 32 -0.00327  1.30002e+02 | 33 -0.02986  2.20610e+02
 34 -0.06777  2.11987e+01 | 35  0.00865 -1.04697e+02 | 36  0.06799  1.55593e+02
 37  0.05238  1.82711e+01 | 38  0.06703 -1.18342e+02 | 39  0.00072  3.72493e+01
 40 -0.01647  8.84064e+01 | 41 -0.00277  1.77910e+02 | 42  0.01550  4.54878e+01
 43 -0.02234 -6.40946e+01 | 44 -0.01743 -1.43077e+02 | 45  0.05097 -1.88574e+01
 46  0.01852 -2.97127e+01 | 47  0.00271 -3.72777e+01 | 48 -0.01810 -4.17240e+01
 49 -0.01290  9.81033e+01 | 50 -0.04524  9.26409e+01 | 51  0.01484  8.50181e+01
 52  0.00057 -7.21431e+01 | 53  0.04744  9.60508e+01 | 54  0.07479  1.16259e+01
 55  0.04204 -5.51109e+01 | 56  0.09146 -5.32971e+00 | 57  0.08435 -1.44764e+02
 58  0.10719 -9.36471e+01 | 59  0.11183 -1.76572e+02 | 60 -0.02166 -2.38952e+02
 61 -0.04268 -5.04424e+00 | 62 -0.56183 -1.29737e+02 |
62 variables; iteration 60; function evaluation 87; phase 1
Function value 6.1549052e+03; maximum gradient component mag -2.1499e+02
Var    Value     Gradient |Var    Value     Gradient |Var    Value     Gradient
  1 -0.33073  1.33901e+02 |  2 -0.13636 -2.14991e+02 |  3  0.01604  2.29272e+00
  4 -0.00600 -8.12158e-01 |  5 -0.00052 -3.49748e-02 |  6 -0.01911 -2.61444e+00
  7 -0.00100 -5.41137e-02 |  8  0.00158  3.50181e-01 |  9 -0.00199 -8.79909e-02
 10 -0.00804 -8.50467e-01 | 11 -0.02105 -2.56777e+00 | 12  0.00522  1.39708e+00
 13 -0.03699 -4.44204e+00 | 14  0.03902  7.29387e+00 | 15 -0.02576 -1.95472e+00
 16 -0.00287  2.42384e+00 | 17  0.00543  5.07459e+00 | 18  0.03822  1.32028e+01
 19  0.07567  2.50377e+01 | 20  0.05784  2.48831e+01 | 21  0.07859  3.03629e+01
 22  0.05682  2.71474e+01 | 23 -0.15158 -2.12315e+00 | 24 -0.20846 -2.26744e+01
 25 -0.15761  9.89601e+00 | 26  0.12280  3.33303e+00 | 27  0.03924 -1.42578e+01
 28  0.03912  1.75940e+01 | 29  0.07020 -9.65370e+00 | 30  0.01024 -1.12188e+01
 31  0.04062 -1.55549e+01 | 32 -0.00609 -2.63449e+01 | 33 -0.07158 -4.27870e+01
 34 -0.07684 -2.20627e+01 | 35  0.03971 -2.17484e+01 | 36  0.05476 -3.48907e+01
 37  0.05819 -6.67894e+00 | 38  0.09987 -8.55375e+00 | 39 -0.00684 -1.80353e+01
 40 -0.03156 -4.45904e+01 | 41 -0.03627 -4.99141e+01 | 42  0.02048 -2.56235e+01
 43 -0.01540 -4.10549e+01 | 44  0.00250 -4.13723e+01 | 45  0.05901 -1.59656e+01
 46  0.02393 -3.00025e+01 | 47  0.00938 -2.72608e+01 | 48 -0.00957 -3.50895e+01
 49 -0.02034 -3.82579e+01 | 50 -0.05909 -4.45138e+01 | 51  0.01314 -4.04452e+01
 52  0.01889 -2.68292e+01 | 53  0.04273 -2.61814e+01 | 54  0.08210 -2.94884e+01
 55  0.04985 -3.45586e+01 | 56  0.08798 -4.21078e+01 | 57  0.10169 -6.06481e+00
 58  0.10932 -3.79563e+01 | 59  0.12207 -2.52422e+01 | 60  0.01052 -3.55368e+01
 61 -0.20421 -7.46266e+01 | 62 -0.32864 -5.31506e+01 |
Maximum number of function evaluations exceeded

 - final statistics:
62 variables; iteration 68; function evaluation 100
Function value 6.1451e+03; maximum gradient component mag -4.9715e+01
Exit code = 3;  converg criter 1.0000e+01
Var    Value     Gradient |Var    Value     Gradient |Var    Value     Gradient
  1 -0.33365  3.05116e+01 |  2 -0.13223  1.44584e+00 |  3  0.00133  2.41509e-01
  4 -0.01222 -1.67836e+00 |  5 -0.00016  1.84386e-02 |  6 -0.00184 -1.95124e-01
  7 -0.00006  8.47847e-02 |  8 -0.00530 -6.04848e-01 |  9  0.01117  1.78529e+00
 10 -0.01817 -2.26156e+00 | 11  0.00226  7.89344e-01 | 12 -0.00071  5.91271e-01
 13 -0.00776 -1.25598e-01 | 14 -0.00218  1.15272e+00 | 15 -0.01359  3.47153e-02
 16 -0.01295  9.82433e-01 | 17 -0.01779  1.34113e+00 | 18 -0.01403  3.56176e+00
 19 -0.02470  3.47850e+00 | 20 -0.02137  6.03747e+00 | 21 -0.00236  6.53388e+00
 22 -0.00417  6.81598e+00 | 23 -0.19421 -2.92439e+00 | 24 -0.23236 -1.23964e+01
 25 -0.20374  6.01831e-01 | 26  0.13784 -5.38647e+00 | 27  0.04439 -2.16601e+01
 28  0.03854 -4.98898e-01 | 29  0.07357 -8.76895e+00 | 30  0.01070 -7.56985e+00
 31  0.04203 -8.50724e+00 | 32 -0.00433 -9.95797e+00 | 33 -0.06957 -2.14832e+01
 34 -0.07927 -1.13826e+01 | 35  0.04142 -8.31501e+00 | 36  0.05772 -1.38207e+01
 37  0.05705 -7.44562e+00 | 38  0.10120 -8.46925e+00 | 39 -0.00811 -6.73810e+00
 40 -0.02771 -1.16301e+01 | 41 -0.03271 -1.61850e+01 | 42  0.02043 -6.23177e+00
 43 -0.01229 -6.55248e+00 | 44  0.00562 -5.42581e+00 | 45  0.05914 -1.76798e+00
 46  0.02549 -6.20901e+00 | 47  0.00998 -6.88583e+00 | 48 -0.00775 -5.82691e+00
 49 -0.01857 -7.20204e+00 | 50 -0.05640 -9.88685e+00 | 51  0.01580 -4.29193e+00
 52  0.01969 -4.01380e+00 | 53  0.04412 -1.12998e+00 | 54  0.08338 -4.80855e+00
 55  0.05183 -3.92139e+00 | 56  0.09119 -6.30397e+00 | 57  0.10009 -5.13764e+00
 58  0.11259 -1.76381e+00 | 59  0.12362  4.29215e-01 | 60  0.01231 -8.25414e+00
 61 -0.20523 -4.97152e+01 | 62 -0.25672 -1.36857e+01 |

Initial statistics: 67 variables; iteration 0; function evaluation 0; phase 2
Function value 6.1450103e+03; maximum gradient component mag 2.3243e+04
Var    Value     Gradient |Var    Value     Gradient |Var    Value     Gradient
  1 -0.60718 -4.48787e+02 |  2  0.78785 -1.29092e+03 |  3  0.13324  9.90295e+03
  4 -0.33183  1.64680e+04 |  5 -0.33454  2.32429e+04 |  6 -0.33365  3.05116e+01
  7 -0.13223  1.44584e+00 |  8  0.00133  2.41509e-01 |  9 -0.01222 -1.67836e+00
 10 -0.00016  1.84386e-02 | 11 -0.00184 -1.95124e-01 | 12 -0.00006  8.47847e-02
 13 -0.00530 -6.04848e-01 | 14  0.01117  1.78529e+00 | 15 -0.01817 -2.26156e+00
 16  0.00226  7.89344e-01 | 17 -0.00071  5.91271e-01 | 18 -0.00776 -1.25598e-01
 19 -0.00218  1.15272e+00 | 20 -0.01359  3.47153e-02 | 21 -0.01295  9.82433e-01
 22 -0.01779  1.34113e+00 | 23 -0.01403  3.56176e+00 | 24 -0.02470  3.47850e+00
 25 -0.02137  6.03747e+00 | 26 -0.00236  6.53388e+00 | 27 -0.00417  6.81598e+00
 28 -0.19392  5.35077e+00 | 29 -0.23206 -4.29369e+00 | 30 -0.20345  8.83763e+00
 31  0.13813  3.08561e+00 | 32  0.04467 -1.30059e+01 | 33  0.03882  8.15992e+00
 34  0.07385 -1.51870e-01 | 35  0.01099  1.10384e+00 | 36  0.04231  1.48789e-01
 37 -0.00405 -1.28325e+00 | 38 -0.06928 -1.28606e+01 | 39 -0.07898 -2.77502e+00
 40  0.04170  3.41564e-01 | 41  0.05801 -5.18120e+00 | 42  0.05734  1.19445e+00
 43  0.10148  9.62984e-02 | 44 -0.00783  1.93614e+00 | 45 -0.02742 -2.96342e+00
 46 -0.03243 -7.52166e+00 | 47  0.02071  2.43866e+00 | 48 -0.01201  2.12085e+00
 49  0.00590  3.24877e+00 | 50  0.05943  6.86925e+00 | 51  0.02577  2.45892e+00
 52  0.01026  1.78802e+00 | 53 -0.00747  2.84739e+00 | 54 -0.01829  1.46922e+00
 55 -0.05612 -1.24599e+00 | 56  0.01608  4.38028e+00 | 57  0.01997  4.65692e+00
 58  0.04440  7.52390e+00 | 59  0.08366  3.79187e+00 | 60  0.05211  4.72463e+00
 61  0.09147  2.28198e+00 | 62  0.10037  3.43006e+00 | 63  0.11288  6.77526e+00
 64  0.12391  8.94032e+00 | 65  0.01259  4.19162e-01 | 66 -0.20494 -4.14936e+01
 67 -0.25642 -5.70777e+00 |

Intermediate statistics: 67 variables; iteration 20; function evaluation 39; phase 2
Function value 3.1811633e+03; maximum gradient component mag 5.1497e+03
Var    Value     Gradient |Var    Value     Gradient |Var    Value     Gradient
  1 -0.61842  1.81773e+02 |  2  0.92237 -2.19202e+02 |  3 -0.07120  9.94783e+02
  4 -0.64943  2.45644e+03 |  5 -0.18073  2.11876e+03 |  6 -0.29750 -4.64451e+02
  7 -0.02727  5.14965e+03 |  8  0.00063  2.57751e-01 |  9 -0.00083 -3.06252e-02
 10  0.00035  1.77109e-01 | 11  0.00038  2.43431e-01 | 12  0.00079  3.96397e-01
 13  0.00062  5.10862e-01 | 14  0.00295  1.04672e+00 | 15  0.00037  9.67676e-01
 16  0.00401  1.93658e+00 | 17  0.00524  2.76408e+00 | 18  0.00605  3.79051e+00
 19  0.00985  5.71754e+00 | 20  0.01032  7.61642e+00 | 21  0.01394  1.09026e+01
 22  0.01600  1.48332e+01 | 23  0.02099  2.06824e+01 | 24  0.01844  2.53914e+01
 25  0.02202  3.23540e+01 | 26  0.03334  4.16721e+01 | 27  0.00579  3.70029e+01
 28 -0.08203  1.15139e+02 | 29 -0.08991  1.09840e+02 | 30 -0.08971  1.24693e+02
 31  0.13055  4.52813e+02 | 32  0.00316  1.72299e+02 | 33  0.00765  3.70726e+01
 34  0.08212 -5.11694e+01 | 35  0.04734  2.58991e+01 | 36  0.05698 -5.28469e+01
 37 -0.01898 -6.61224e+00 | 38 -0.18514  8.57463e+00 | 39 -0.04510  3.11255e+01
 40  0.05916 -2.27637e+02 | 41  0.04271 -2.51791e+02 | 42  0.09631 -1.45765e+02
 43  0.14607 -2.62194e+02 | 44 -0.00408  1.11179e+00 | 45  0.03320  8.89604e+01
 46 -0.16401  1.52198e+01 | 47  0.10169 -5.16777e+01 | 48 -0.07745 -5.30618e+01
 49  0.05016  7.07257e+01 | 50  0.11266  6.18893e+01 | 51  0.07898  8.93208e+01
 52 -0.01660  2.52303e+01 | 53  0.01630  7.00590e+01 | 54 -0.11095 -1.03634e+02
 55 -0.08316 -6.72604e+01 | 56  0.04897 -1.70161e+02 | 57  0.01177 -1.84111e+02
 58  0.04673 -1.79477e+02 | 59  0.13261 -1.71627e+02 | 60  0.01396 -2.58370e+01
 61  0.13450  4.52861e+01 | 62  0.10072  7.65512e+01 | 63  0.08904  8.30487e+01
 64  0.07843  1.04891e+02 | 65 -0.29654 -3.31897e+00 | 66 -0.18942  9.07897e+01
 67 -0.29153  8.09949e+01 |
67 variables; iteration 40; function evaluation 64; phase 2
Function value 2.9887300e+03; maximum gradient component mag 1.0304e+03
Var    Value     Gradient |Var    Value     Gradient |Var    Value     Gradient
  1 -0.78386  1.41715e+02 |  2  0.94052 -1.39878e+02 |  3 -0.06759  3.97432e+02
  4 -0.61375  1.03038e+03 |  5 -0.24437  8.86258e+02 |  6 -0.29955 -7.44864e+02
  7 -0.08250  4.87129e+01 |  8  0.00754  1.16947e+00 |  9 -0.10643 -1.45436e+01
 10 -0.00425 -5.16610e-01 | 11 -0.01982 -2.66281e+00 | 12 -0.00664 -7.64339e-01
 13 -0.05270 -7.14997e+00 | 14  0.07513  1.10292e+01 | 15 -0.16300 -2.16055e+01
 16 -0.01052 -7.71640e-01 | 17 -0.04180 -5.03298e+00 | 18 -0.09688 -1.25949e+01
 19 -0.06744 -8.08372e+00 | 20 -0.12182 -1.54585e+01 | 21 -0.08390 -9.49918e+00
 22 -0.03855 -1.40781e+00 | 23  0.02190  1.12842e+01 | 24  0.05175  1.99974e+01
 25  0.06051  2.42304e+01 | 26  0.07418  2.89653e+01 | 27  0.05235  2.69613e+01
 28 -0.04158  9.35351e+01 | 29  0.00876  1.09907e+02 | 30 -0.07372  8.24235e+01
 31  0.10094  2.38676e+02 | 32  0.01228  1.74616e+02 | 33  0.01386  5.66315e+01
 34  0.07758  5.35794e+01 | 35  0.06941  1.98263e+02 | 36  0.04048 -9.03750e+00
 37 -0.02744  1.73470e+01 | 38 -0.18513  9.29515e-01 | 39 -0.07867  2.33949e+01
 40  0.06956 -2.81647e+00 | 41  0.07071 -4.18236e+01 | 42  0.06899 -3.96972e+01
 43  0.15800 -5.97415e+01 | 44 -0.07654 -3.97905e+01 | 45  0.03542  1.12630e+02
 46 -0.16448 -4.51460e+00 | 47  0.08212  3.01463e+01 | 48  0.02458  5.78745e+01
 49 -0.01128  7.03309e+00 | 50  0.11666 -1.12622e+01 | 51  0.04033 -8.96080e+01
 52 -0.02054 -4.99564e+01 | 53 -0.02042  4.16105e-01 | 54 -0.04948 -3.29966e+01
 55 -0.10175 -4.45179e+01 | 56  0.07052 -1.81719e+01 | 57 -0.03220 -2.32491e+02
 58  0.05557 -1.45894e+02 | 59  0.13637 -1.45012e+02 | 60 -0.00917 -6.20408e+01
 61  0.13239 -4.42892e+01 | 62  0.08146 -7.36150e+01 | 63  0.07044 -4.66308e+01
 64  0.06998  5.87570e+01 | 65 -0.22333  4.95264e+00 | 66 -0.19900  5.16678e+01
 67 -0.30227  4.65488e+01 |
67 variables; iteration 60; function evaluation 89; phase 2
Function value 2.9388568e+03; maximum gradient component mag -5.7876e+02
Var    Value     Gradient |Var    Value     Gradient |Var    Value     Gradient
  1 -0.80290  1.33898e+02 |  2  0.98282 -3.64375e+01 |  3 -0.04734 -8.46473e+01
  4 -0.61810 -1.08447e+02 |  5 -0.26402 -1.49536e+02 |  6 -0.27481 -5.78762e+02
  7 -0.08592 -6.88403e+01 |  8  0.00256  4.51067e-01 |  9 -0.00364 -4.64207e-01
 10 -0.00191 -2.01967e-01 | 11 -0.00781 -9.98260e-01 | 12 -0.00283 -2.55736e-01
 13 -0.01669 -2.14274e+00 | 14  0.02239  3.47767e+00 | 15  0.00908  1.73138e+00
 16 -0.00055  5.38597e-01 | 17  0.00715  1.92832e+00 | 18  0.02914  5.60523e+00
 19  0.02078  4.89793e+00 | 20  0.02700  6.61369e+00 | 21 -0.05530 -5.68089e+00
 22 -0.04386 -3.28787e+00 | 23  0.08552  2.11922e+01 | 24 -0.09350 -1.02458e+01
 25  0.05527  1.60814e+01 | 26  0.03184  1.06205e+01 | 27  0.07329  2.30241e+01
 28 -0.07259  4.94967e+01 | 29  0.00147  6.24831e+01 | 30 -0.02756  6.51137e+01
 31  0.08212  1.39075e+02 | 32 -0.03009  7.15556e+01 | 33  0.02731  8.27426e+01
 34  0.07349  4.22300e+01 | 35  0.04030  6.35049e+01 | 36  0.04628  3.55552e+01
 37 -0.04321  2.48523e+01 | 38 -0.15122  3.21712e+01 | 39 -0.08621  1.98150e+01
 40  0.05986 -3.52909e+00 | 41  0.07401 -1.47429e+01 | 42  0.05781 -6.63663e+01
 43  0.14253 -1.22608e+02 | 44 -0.02145 -3.00252e+01 | 45 -0.01849  1.23577e+01
 46 -0.10153 -1.68455e+01 | 47  0.07125 -5.15424e+01 | 48  0.01314 -2.41548e+01
 49 -0.02960 -5.53821e+01 | 50  0.10168 -1.06185e+02 | 51  0.04513 -5.76978e+01
 52 -0.02282 -3.35927e+01 | 53 -0.04408 -2.98623e+01 | 54 -0.05432 -2.23652e+01
 55 -0.08444 -9.99133e+00 | 56  0.03243 -6.46086e+01 | 57  0.02928 -1.20502e+01
 58  0.04109 -4.72442e+01 | 59  0.12015 -5.53313e+01 | 60  0.02673 -2.64617e+00
 61  0.10999 -1.00163e+01 | 62  0.08705  8.41310e-01 | 63  0.06969  6.70864e+00
 64  0.05089  1.48817e+01 | 65 -0.15909  6.26957e+01 | 66 -0.19835  3.78560e+01
 67 -0.26857  4.24943e+01 |
Maximum number of function evaluations exceeded

 - final statistics:
67 variables; iteration 67; function evaluation 100
Function value 2.9279e+03; maximum gradient component mag -4.9184e+02
Exit code = 3;  converg criter 1.0000e+01
Var    Value     Gradient |Var    Value     Gradient |Var    Value     Gradient
  1 -0.87488  8.14868e+01 |  2  1.00123  2.51086e+00 |  3 -0.06304 -2.73453e+02
  4 -0.61169 -4.91842e+02 |  5 -0.26950 -4.40845e+02 |  6 -0.27354 -4.27746e+02
  7 -0.08316  4.78063e+01 |  8 -0.00037 -1.20029e-02 |  9  0.01475  2.07822e+00
 10 -0.00113 -1.28551e-01 | 11 -0.00238 -2.88436e-01 | 12 -0.00066 -2.59834e-02
 13  0.00196  3.73607e-01 | 14 -0.01370 -1.78384e+00 | 15  0.01030  1.65447e+00
 16 -0.00186  2.03732e-02 | 17 -0.00625 -4.90881e-01 | 18 -0.00443 -8.38884e-02
 19 -0.00665 -2.17080e-01 | 20  0.00484  1.68811e+00 | 21  0.01171  2.98096e+00
 22  0.00131  1.59936e+00 | 23 -0.01825 -1.40276e+00 | 24  0.00682  1.61708e+00
 25  0.00483 -3.48919e-01 | 26  0.00482 -2.60692e+00 | 27  0.02223  2.54007e+00
 28 -0.06866  2.40725e+01 | 29  0.03618  2.81338e+01 | 30 -0.02867  2.68450e+01
 31  0.06857  1.64652e+01 | 32 -0.03766  1.90183e+01 | 33  0.02426  2.12533e+01
 34  0.07665 -2.15401e+00 | 35  0.03185 -9.06901e+00 | 36  0.04526 -2.28324e+00
 37 -0.04346  1.13774e+01 | 38 -0.15619  1.86889e+01 | 39 -0.08234  1.15551e+01
 40  0.05818 -2.40905e+01 | 41  0.06867 -2.45823e+01 | 42  0.06652 -3.02798e+01
 43  0.14017 -5.63569e+01 | 44 -0.00170  4.35926e-01 | 45 -0.05502 -1.56169e+00
 46 -0.05298  1.43920e+01 | 47  0.06168 -4.46145e+01 | 48  0.01478 -1.07045e+01
 49 -0.02308 -3.54407e+01 | 50  0.09824 -7.68077e+01 | 51  0.04364 -3.19290e+01
 52 -0.01802  1.37948e+00 | 53 -0.04506 -5.91646e+00 | 54 -0.05192  2.65229e+00
 55 -0.08526  2.05735e+00 | 56  0.03127 -3.91791e+01 | 57  0.02607  3.88555e-01
 58  0.04630 -5.63683e+00 | 59  0.11773 -2.32677e+01 | 60  0.03253  1.50132e+01
 61  0.10472 -2.65356e+00 | 62  0.08847  2.09190e+01 | 63  0.07000  2.75327e+01
 64  0.05204  3.23214e+01 | 65 -0.18663  2.11236e+01 | 66 -0.19493  3.10805e+01
 67 -0.28764  2.56354e+01 |

Initial statistics: 76 variables; iteration 0; function evaluation 0; phase 3
Function value 2.9279209e+03; maximum gradient component mag 6.7589e+03
Var    Value     Gradient |Var    Value     Gradient |Var    Value     Gradient
  1 -0.87488  8.14868e+01 |  2  0.99877 -2.51086e+00 |  3 -0.06304 -2.73453e+02
  4 -0.61169 -4.91842e+02 |  5 -0.26950 -4.40845e+02 |  6 -0.27354 -4.27746e+02
  7 -0.08316  4.78063e+01 |  8 -0.00037 -1.20029e-02 |  9  0.01475  2.07822e+00
 10 -0.00113 -1.28551e-01 | 11 -0.00238 -2.88436e-01 | 12 -0.00066 -2.59834e-02
 13  0.00196  3.73607e-01 | 14 -0.01370 -1.78384e+00 | 15  0.01030  1.65447e+00
 16 -0.00186  2.03732e-02 | 17 -0.00625 -4.90881e-01 | 18 -0.00443 -8.38884e-02
 19 -0.00665 -2.17080e-01 | 20  0.00484  1.68811e+00 | 21  0.01171  2.98096e+00
 22  0.00131  1.59936e+00 | 23 -0.01825 -1.40276e+00 | 24  0.00682  1.61708e+00
 25  0.00483 -3.48919e-01 | 26  0.00482 -2.60692e+00 | 27  0.02223  2.54007e+00
 28 -0.06862  2.53361e+01 | 29  0.03622  2.94023e+01 | 30 -0.02863  2.81145e+01
 31  0.06861  1.77285e+01 | 32 -0.03762  2.02869e+01 | 33  0.02430  2.25230e+01
 34  0.07669 -8.92449e-01 | 35  0.03190 -7.79982e+00 | 36  0.04530 -1.01570e+00
 37 -0.04341  1.26452e+01 | 38 -0.15614  1.99219e+01 | 39 -0.08230  1.28153e+01
 40  0.05822 -2.28249e+01 | 41  0.06871 -2.33187e+01 | 42  0.06656 -2.90158e+01
 43  0.14022 -5.51160e+01 | 44 -0.00166  1.70667e+00 | 45 -0.05497 -2.95680e-01
 46 -0.05293  1.56584e+01 | 47  0.06172 -4.33495e+01 | 48  0.01482 -9.43411e+00
 49 -0.02304 -3.41708e+01 | 50  0.09828 -7.55513e+01 | 51  0.04368 -3.06611e+01
 52 -0.01798  2.64973e+00 | 53 -0.04502 -4.64892e+00 | 54 -0.05188  3.91884e+00
 55 -0.08521  3.31675e+00 | 56  0.03131 -3.79098e+01 | 57  0.02611  1.65824e+00
 58  0.04634 -4.36942e+00 | 59  0.11777 -2.20183e+01 | 60  0.03258  1.62822e+01
 61  0.10476 -1.39994e+00 | 62  0.08851  2.21773e+01 | 63  0.07004  2.87955e+01
 64  0.05208  3.35877e+01 | 65 -0.18658  2.23406e+01 | 66 -0.19489  3.22928e+01
 67 -0.28759  2.67796e+01 | 68  0.34007 -7.07336e+02 | 69 -0.36558 -2.44418e+01
 70  0.81954  8.29547e+02 | 71 -0.88203 -1.67497e-02 | 72  0.19196 -4.67330e+02
 73 -0.25507  6.75891e+03 | 74  0.24282  1.17908e+01 | 75 -0.15498 -6.10871e+03
 76  0.31511  2.07871e+01 |

Intermediate statistics: 76 variables; iteration 20; function evaluation 30; phase 3
Function value 9.4965413e+02; maximum gradient component mag 7.7217e+03
Var    Value     Gradient |Var    Value     Gradient |Var    Value     Gradient
  1 -1.49526 -4.57221e+01 |  2  0.99553  3.39263e+00 |  3  0.13375  1.13191e+02
  4 -0.43814 -6.94916e+02 |  5 -0.65402 -1.01898e+03 |  6 -0.39891  1.97054e+02
  7 -0.07770 -1.84067e+03 |  8 -0.00002  1.79351e-01 |  9  0.00019  1.19197e-01
 10 -0.00007  1.29142e-01 | 11 -0.00014  1.87739e-01 | 12 -0.00020  2.80151e-01
 13 -0.00030  4.14352e-01 | 14 -0.00077  5.65810e-01 | 15 -0.00072  8.90144e-01
 16 -0.00147  1.23546e+00 | 17 -0.00241  1.73949e+00 | 18 -0.00368  2.40470e+00
 19 -0.00560  3.23530e+00 | 20 -0.00817  4.24786e+00 | 21 -0.01194  5.24411e+00
 22 -0.01647  5.97529e+00 | 23 -0.02058  6.00156e+00 | 24 -0.02543  4.34291e+00
 25 -0.02830  2.34338e+00 | 26 -0.03123  1.93902e+00 | 27 -0.06915 -4.81209e+00
 28  0.06159  1.32242e+02 | 29  0.14704  2.11307e+02 | 30  0.08446  2.09458e+02
 31  0.05163  2.47718e+02 | 32 -0.19006  5.46851e+01 | 33  0.14488  3.47631e+02
 34 -0.03360  1.38061e+02 | 35  0.12351  7.94853e+01 | 36  0.03928  1.31944e+02
 37 -0.00819  1.59737e+02 | 38 -0.18629  4.03192e+01 | 39 -0.32293 -2.47011e+01
 40  0.07290  2.57464e+02 | 41  0.06662  3.92681e+02 | 42  0.09556  4.97575e+02
 43  0.12981  3.56955e+02 | 44  0.11905  4.75251e+02 | 45 -0.05583  1.27329e+02
 46 -0.09173  6.53828e+01 | 47  0.08842  1.36560e+02 | 48  0.05412  1.71714e+02
 49 -0.05455  5.58350e+01 | 50  0.08739  1.86313e+01 | 51  0.11327  1.31903e+02
 52 -0.04535  4.27183e+01 | 53 -0.00707 -3.68781e+01 | 54 -0.03480 -5.74594e+01
 55 -0.05273 -4.38894e+01 | 56 -0.02790 -1.53317e+02 | 57  0.11418 -5.51358e+01
 58 -0.43007 -8.11228e+01 | 59  0.19728 -1.54748e+02 | 60 -0.32043 -1.47856e+00
 61  0.06355 -2.38600e+02 | 62  0.17980  1.35250e+02 | 63  0.05884  1.14627e+02
 64  0.19047  4.59986e+02 | 65 -0.00128  1.67728e+02 | 66 -0.10927  3.11581e+01
 67 -0.21419  5.29886e+01 | 68  0.31631 -2.28227e+03 | 69 -0.53523 -1.47855e-01
 70  0.40811  7.72174e+03 | 71 -0.88189 -1.67295e-02 | 72  1.84902  5.15371e+02
 73 -0.02154 -3.62589e+02 | 74  0.19189  9.76743e-04 | 75  0.32480  4.00330e+02
 76  0.47924  2.94310e-03 |
76 variables; iteration 40; function evaluation 67; phase 3
Function value 8.3765065e+02; maximum gradient component mag 4.4387e+03
Var    Value     Gradient |Var    Value     Gradient |Var    Value     Gradient
  1 -1.61891 -3.94903e+02 |  2  0.57205  1.09579e+02 |  3  0.13855  6.99620e+01
  4 -0.39676 -6.39677e+02 |  5 -0.70954 -8.69249e+02 |  6 -0.40211 -1.64943e+03
  7 -0.07744 -2.63773e+03 |  8  0.00057  1.47853e-01 |  9 -0.03345 -4.62787e+00
 10  0.00209  3.47598e-01 | 11  0.00452  7.17680e-01 | 12  0.00008  1.39816e-01
 13 -0.00669 -7.47313e-01 | 14  0.02630  4.02613e+00 | 15 -0.02861 -3.62607e+00
 16 -0.00582 -1.64006e-01 | 17 -0.00234  6.73510e-01 | 18 -0.01445 -6.74609e-01
 19 -0.02169 -1.19231e+00 | 20 -0.05941 -6.34418e+00 | 21 -0.09216 -1.08021e+01
 22 -0.09229 -1.07674e+01 | 23 -0.06747 -8.52527e+00 | 24 -0.13388 -2.04206e+01
 25 -0.13388 -2.41444e+01 | 26 -0.18021 -2.85324e+01 | 27 -0.36578 -4.13171e+01
 28  0.10892  2.72681e+02 | 29  0.14352  3.25038e+02 | 30  0.13060  4.02108e+02
 31  0.00765  3.67338e+02 | 32 -0.15207  2.68340e+02 | 33  0.16932  4.90775e+02
 34 -0.02644  3.65271e+02 | 35  0.14577  1.66444e+02 | 36  0.01742  2.64871e+02
 37 -0.00678  3.26140e+02 | 38 -0.13938  2.05135e+02 | 39 -0.56752  1.21622e+02
 40  0.10298  2.95117e+02 | 41  0.06839  3.41838e+02 | 42  0.07971  2.88859e+02
 43  0.13647 -3.77858e+01 | 44  0.09555  7.33339e+01 | 45 -0.28980  1.90504e+02
 46  0.01830  2.52667e+02 | 47  0.07738  2.75680e+02 | 48  0.09268  4.96942e+02
 49 -0.06275  2.93823e+02 | 50  0.13728  2.60790e+02 | 51  0.06423  2.86937e+01
 52 -0.02094  1.81604e+02 | 53  0.01264  8.83980e+01 | 54 -0.07467  9.23490e+01
 55  0.00664  1.57386e+02 | 56  0.00585 -1.89454e+01 | 57  0.09952 -3.23188e+02
 58 -0.68444  6.39298e+01 | 59  0.20285 -3.87606e+02 | 60 -0.23067  1.98175e+02
 61  0.12613 -2.02934e+02 | 62  0.10920 -1.49558e+02 | 63  0.08305  2.39496e+02
 64  0.22805  7.25288e+02 | 65  0.05020  4.44387e+02 | 66 -0.03233  2.92280e+02
 67 -0.15917  2.78715e+02 | 68  0.32615 -1.61959e+03 | 69 -1.57664  4.74264e-01
 70  0.37568  4.43867e+03 | 71 -0.81788 -1.06785e-02 | 72  1.86761  5.34555e+02
 73 -0.03557  2.18872e+02 | 74 -0.66239 -5.35772e-03 | 75  0.33085  6.82878e+01
 76  2.42566  2.48194e-03 |
76 variables; iteration 60; function evaluation 89; phase 3
Function value 5.2800197e+02; maximum gradient component mag 1.6850e+03
Var    Value     Gradient |Var    Value     Gradient |Var    Value     Gradient
  1 -1.40946  3.86301e+02 |  2  0.42821  3.68681e+02 |  3  0.15903  5.22232e+02
  4 -0.53034  1.36151e+03 |  5 -0.57576  6.30172e+02 |  6 -0.32311  1.68500e+03
  7 -0.05084  9.94524e+02 |  8 -0.02742 -3.37503e+00 |  9  0.50349  5.11491e+01
 10 -0.03746 -4.90874e+00 | 11 -0.06913 -9.21671e+00 | 12 -0.02698 -3.04072e+00
 13  0.02796  5.51518e+00 | 14 -0.31699 -3.70970e+01 | 15  0.14592  2.80284e+01
 16 -0.03716 -2.19630e+00 | 17 -0.06059 -4.86687e+00 | 18 -0.05013 -1.60961e+00
 19 -0.06304 -2.12129e+00 | 20 -0.07551 -2.43921e+00 | 21 -0.19041 -2.09000e+01
 22 -0.11931 -7.39876e+00 | 23 -0.13221 -8.75204e+00 | 24 -0.05019  1.23308e+01
 25 -0.04485  1.62823e+01 | 26 -0.56994 -4.28137e+01 | 27  0.15945  1.89458e+02
 28  0.14515  3.23073e+02 | 29  0.10534  2.76678e+02 | 30  0.05678  1.85630e+02
 31 -0.09352 -1.16177e+01 | 32 -0.14711 -7.75734e+01 | 33  0.09864  2.08532e+02
 34  0.02192  3.12589e+02 | 35  0.08825  3.24176e+02 | 36  0.03001  3.63306e+02
 37 -0.11262  5.88160e-01 | 38 -0.26888 -1.07670e+02 | 39 -0.18891 -1.64639e+02
 40  0.08388  1.94901e+02 | 41 -0.01685 -6.18987e+01 | 42  0.06745  5.53772e+01
 43  0.10741 -1.91760e+02 | 44 -0.05183 -1.24265e+02 | 45  0.00211  1.50394e+02
 46 -0.03078  6.40752e+01 | 47  0.04606 -6.82424e+01 | 48 -0.02010 -2.08103e+01
 49 -0.01789  8.65305e+01 | 50  0.11087  2.85251e+02 | 51 -0.00686 -1.90474e+02
 52 -0.04704 -4.55012e+01 | 53  0.00236 -2.48374e+01 | 54 -0.24559 -2.33215e+02
 55 -0.00594  9.99636e+01 | 56  0.04429  1.15057e+02 | 57  0.00628 -2.28438e+02
 58 -0.03278 -1.37246e+02 | 59  0.14918 -6.92773e+01 | 60 -0.29971 -1.43834e+02
 61  0.14918  1.27242e+02 | 62  0.06842 -2.55135e+02 | 63  0.04624 -1.84245e+02
 64  0.11438 -2.81223e+02 | 65 -0.01076 -3.96393e+01 | 66 -0.20145 -1.80750e+02
 67  0.24430  1.74289e+01 | 68  0.32394 -3.41312e+02 | 69 -0.99844 -2.96476e-01
 70  0.35239 -3.84522e+02 | 71  1.12945 -2.28600e-01 | 72  1.83763 -2.12286e+01
 73 -0.13415 -3.74837e+02 | 74 -6.68119 -5.73882e-03 | 75  0.18886  5.64700e+02
 76  1.08316 -2.77953e-02 |
Maximum number of function evaluations exceeded

 - final statistics:
76 variables; iteration 70; function evaluation 100
Function value 3.7711e+02; maximum gradient component mag 1.0790e+03
Exit code = 3;  converg criter 1.0000e+00
Var    Value     Gradient |Var    Value     Gradient |Var    Value     Gradient
  1 -1.36079  8.26063e+00 |  2  0.39824  1.35932e+02 |  3  0.15226  1.93369e+01
  4 -0.56667 -2.20766e+02 |  5 -0.52640 -2.64794e+02 |  6 -0.32277 -4.26464e+02
  7 -0.04798  1.07900e+03 |  8 -0.00999 -1.08651e+00 |  9 -0.03542 -4.80511e+00
 10 -0.01556 -1.95329e+00 | 11 -0.03012 -3.91011e+00 | 12 -0.00896 -7.53627e-01
 13  0.00195  1.06880e+00 | 14 -0.21046 -2.70415e+01 | 15 -0.07344 -9.21102e+00
 16 -0.00908  1.00193e+00 | 17 -0.00191  3.19403e+00 | 18 -0.02583  4.37774e-01
 19 -0.04371 -1.21938e+00 | 20 -0.01442  6.32226e+00 | 21 -0.02289  7.09036e+00
 22  0.03023  2.38918e+01 | 23 -0.13697 -1.23584e+01 | 24  0.07940  4.73327e+01
 25 -0.01316  1.52647e+01 | 26  0.04182  2.84873e+01 | 27  0.10228  3.76492e+01
 28  0.05489  1.09971e+02 | 29  0.11923  1.46992e+02 | 30  0.01788  1.06438e+02
 31 -0.07893  9.57104e+01 | 32 -0.08188  1.05742e+02 | 33  0.09375 -2.17547e+01
 34 -0.02619  1.44848e+02 | 35  0.08540  6.19143e+01 | 36  0.03345  3.21091e+02
 37 -0.12413  9.71626e+01 | 38 -0.25607  5.52654e+01 | 39 -0.13355  1.12958e+01
 40  0.07174  5.06773e+01 | 41 -0.00494 -2.14810e+01 | 42  0.04017 -3.09897e+00
 43  0.13282 -2.41881e+02 | 44 -0.07235 -4.22185e+01 | 45 -0.04925  7.47670e+01
 46 -0.02966  1.26166e+02 | 47  0.05976 -2.17488e+01 | 48 -0.02762  3.62734e+01
 49 -0.03454  9.22856e+01 | 50  0.10054  2.10164e+00 | 51 -0.00704 -1.55487e+02
 52 -0.04375  2.23728e+00 | 53 -0.04823 -7.23714e+01 | 54 -0.09378 -7.43345e+01
 55 -0.03908  7.38406e+01 | 56  0.02842 -2.06285e+01 | 57  0.00722 -1.25134e+02
 58  0.01024  1.15793e+02 | 59  0.14707  8.06118e+01 | 60 -0.19873  2.42635e+01
 61  0.13043  1.12450e+02 | 62  0.07164 -1.15889e+02 | 63  0.05074 -2.21154e+01
 64  0.11413 -1.01795e+02 | 65 -0.02378  1.23224e+02 | 66  0.02853  1.19515e+02
 67  0.01245  9.22839e+01 | 68  0.32390 -4.73410e+02 | 69 -1.00436  3.21627e-01
 70  0.34900 -4.92396e+02 | 71  0.99764  3.45395e-01 | 72  1.79286 -2.32253e+00
 73 -0.16964  2.86638e+02 | 74 -7.02550  7.74314e-02 | 75  0.14226 -7.70049e+01
 76  1.13553 -1.42977e-02 |

Initial statistics: 76 variables; iteration 0; function evaluation 0; phase 4
Function value 3.7636885e+02; maximum gradient component mag 1.0790e+03
Var    Value     Gradient |Var    Value     Gradient |Var    Value     Gradient
  1 -0.63921 -8.26063e+00 |  2  0.39824  1.35932e+02 |  3  0.15226  1.93369e+01
  4 -0.56667 -2.20766e+02 |  5 -0.52640 -2.64794e+02 |  6 -0.32277 -4.26464e+02
  7 -0.04798  1.07900e+03 |  8 -0.00999 -1.08651e+00 |  9 -0.03542 -4.80511e+00
 10 -0.01556 -1.95329e+00 | 11 -0.03012 -3.91011e+00 | 12 -0.00896 -7.53627e-01
 13  0.00195  1.06880e+00 | 14 -0.21046 -2.70415e+01 | 15 -0.07344 -9.21102e+00
 16 -0.00908  1.00193e+00 | 17 -0.00191  3.19403e+00 | 18 -0.02583  4.37774e-01
 19 -0.04371 -1.21938e+00 | 20 -0.01442  6.32226e+00 | 21 -0.02289  7.09036e+00
 22  0.03023  2.38918e+01 | 23 -0.13697 -1.23584e+01 | 24  0.07940  4.73327e+01
 25 -0.01316  1.52647e+01 | 26  0.04182  2.84873e+01 | 27  0.10228  3.76492e+01
 28  0.05379  7.62748e+01 | 29  0.11812  1.13788e+02 | 30  0.01678  7.26216e+01
 31 -0.08004  6.21236e+01 | 32 -0.08299  7.21726e+01 | 33  0.09264 -5.52357e+01
 34 -0.02728  1.11036e+02 | 35  0.08429  2.83919e+01 | 36  0.03235  2.87331e+02
 37 -0.12525  6.39484e+01 | 38 -0.25726  2.41133e+01 | 39 -0.13467 -2.17872e+01
 40  0.07064  1.70622e+01 | 41 -0.00604 -5.53121e+01 | 42  0.03907 -3.68686e+01
 43  0.13170 -2.75083e+02 | 44 -0.07345 -7.58182e+01 | 45 -0.05035  4.10296e+01
 46 -0.03076  9.23618e+01 | 47  0.05865 -5.54418e+01 | 48 -0.02872  2.47205e+00
 49 -0.03564  5.84969e+01 | 50  0.09943 -3.13190e+01 | 51 -0.00813 -1.89314e+02
 52 -0.04485 -3.15121e+01 | 53 -0.04933 -1.06093e+02 | 54 -0.09489 -1.07773e+02
 55 -0.04018  4.00670e+01 | 56  0.02733 -5.44319e+01 | 57  0.00612 -1.58967e+02
 58  0.00914  8.19669e+01 | 59  0.14594  4.76973e+01 | 60 -0.19988 -7.92973e+00
 61  0.12931  7.93531e+01 | 62  0.07054 -1.49537e+02 | 63  0.04964 -5.58487e+01
 64  0.11301 -1.35129e+02 | 65 -0.02487  8.94089e+01 | 66  0.02743  8.57226e+01
 67  0.01135  5.84593e+01 | 68  0.32390 -4.73410e+02 | 69 -0.99564 -3.21627e-01
 70  0.34900 -4.92396e+02 | 71  0.99764  3.45395e-01 | 72  0.20714  2.32253e+00
 73 -0.16964  2.86638e+02 | 74  0.97450  7.74314e-02 | 75  0.14226 -7.70049e+01
 76  0.86447  1.42977e-02 |

Intermediate statistics: 76 variables; iteration 20; function evaluation 28; phase 4
Function value 2.6207713e+02; maximum gradient component mag -2.0193e+03
Var    Value     Gradient |Var    Value     Gradient |Var    Value     Gradient
  1 -0.32302  6.36109e+01 |  2  0.27940  1.25257e+02 |  3  0.16463 -5.16685e+02
  4 -0.57702 -2.01935e+03 |  5 -0.50041 -1.57217e+03 |  6 -0.27116  1.24766e+02
  7 -0.05649 -3.86248e+02 |  8 -0.00317 -3.60609e-01 |  9 -0.00832 -1.11652e+00
 10 -0.00417 -5.12982e-01 | 11 -0.00768 -9.69215e-01 | 12 -0.00364 -3.45975e-01
 13 -0.00219 -5.38805e-02 | 14 -0.05265 -7.05106e+00 | 15 -0.02021 -2.31044e+00
 16 -0.00978 -5.39020e-01 | 17 -0.01208 -4.73863e-01 | 18 -0.02002 -1.13908e+00
 19 -0.02747 -1.62021e+00 | 20 -0.03082 -1.35519e+00 | 21 -0.03849 -1.80919e+00
 22 -0.04495 -2.37569e+00 | 23 -0.05370 -4.12140e+00 | 24 -0.04334 -4.04730e+00
 25 -0.02903 -4.48218e+00 | 26 -0.01309 -4.59448e+00 | 27  0.03020 -5.52887e+00
 28  0.11438 -8.83827e+01 | 29  0.05943 -7.21556e+01 | 30  0.06766 -6.04087e+01
 31 -0.08647 -3.58450e+01 | 32 -0.12772 -5.18113e+01 | 33  0.08892 -1.72348e+02
 34 -0.06946 -2.93600e+00 | 35  0.10440  1.30507e+02 | 36  0.03253  2.97528e+02
 37 -0.10914  4.26231e+01 | 38 -0.24094 -1.36992e+01 | 39 -0.10225  7.24456e+00
 40  0.06081  1.83981e+02 | 41  0.01559  1.61903e+01 | 42  0.02268 -4.27144e+01
 43  0.11758 -2.03560e+02 | 44  0.01143 -4.18215e+01 | 45 -0.08131 -2.05437e+01
 46 -0.05184  2.76172e+01 | 47  0.06546  5.01115e+01 | 48 -0.01603  1.30141e+01
 49 -0.05091  2.83032e+01 | 50  0.09311  4.53544e+01 | 51  0.03171 -1.57708e+02
 52 -0.09821 -1.25387e+02 | 53 -0.03918 -1.46135e+02 | 54 -0.05764 -1.12651e+02
 55 -0.08031 -6.77179e+01 | 56  0.01287 -1.08945e+02 | 57  0.01381 -1.68398e+02
 58 -0.01121  8.10324e+01 | 59  0.14216  3.13049e+02 | 60 -0.07163  4.16866e+00
 61  0.11107  7.74466e+01 | 62  0.07275 -1.54039e+02 | 63  0.04962 -8.15813e+01
 64  0.11193 -1.51160e+02 | 65 -0.07687 -2.65243e+01 | 66 -0.02191 -2.21220e+01
 67 -0.03842 -3.62778e+01 | 68  0.36198 -5.82291e+02 | 69 -0.99335 -2.54137e-01
 70  0.36082  1.95950e+02 | 71  0.99500  2.99523e-01 | 72  0.18857 -5.36649e+00
 73 -0.44484 -4.47674e+02 | 74  0.97391  7.57313e-02 | 75 -0.10558  3.58495e+02
 76  0.86435  1.61997e-02 |
76 variables; iteration 40; function evaluation 51; phase 4
Function value 2.0658424e+02; maximum gradient component mag -1.7783e+03
Var    Value     Gradient |Var    Value     Gradient |Var    Value     Gradient
  1 -0.28576  1.17518e+02 |  2  0.26840  5.21945e+01 |  3  0.13564 -4.96904e+02
  4 -0.56597 -1.77835e+03 |  5 -0.50243 -1.41098e+03 |  6 -0.27109 -1.15082e+02
  7 -0.05048 -2.12222e+02 |  8  0.00091  2.38154e-01 |  9  0.00589  8.84104e-01
 10  0.00200  3.72134e-01 | 11  0.00376  6.69254e-01 | 12 -0.00023  1.83090e-01
 13 -0.00247 -2.03345e-02 | 14  0.01949  3.30025e+00 | 15 -0.00297  3.28799e-01
 16 -0.00775 -3.96285e-03 | 17 -0.01107  2.68407e-02 | 18 -0.01915 -5.21202e-01
 19 -0.02948 -1.28106e+00 | 20 -0.03246 -7.13871e-01 | 21 -0.04393 -1.59711e+00
 22 -0.05467 -2.78459e+00 | 23 -0.08275 -7.86255e+00 | 24 -0.08498 -9.71443e+00
 25 -0.08141 -1.06477e+01 | 26 -0.03385 -2.81382e+00 | 27 -0.00874  1.71683e+00
 28  0.15581  4.13162e+01 | 29  0.06353  1.35512e+01 | 30  0.03711  9.68699e+00
 31 -0.03837  6.29998e+01 | 32 -0.11966  2.09042e+01 | 33  0.10556  1.81337e+01
 34 -0.11897 -6.35131e+00 | 35  0.11241  5.06458e+01 | 36  0.00910  1.06031e+02
 37 -0.11474  9.47569e-01 | 38 -0.23836  2.79035e-01 | 39 -0.09673  9.77794e-01
 40  0.05358  3.88691e+01 | 41  0.01247 -3.53003e+01 | 42  0.01571 -4.96728e+01
 43  0.13081 -1.63583e+02 | 44  0.01145 -4.68566e+01 | 45 -0.09526 -3.65571e+01
 46 -0.05904 -1.08836e+01 | 47  0.06181 -7.43535e+01 | 48 -0.01318 -4.20712e+01
 49 -0.06598 -2.26444e+01 | 50  0.08072 -7.23933e+01 | 51  0.04986 -4.31642e+01
 52 -0.06522 -7.68476e+00 | 53 -0.03531 -3.96260e+01 | 54 -0.04499 -2.64486e+01
 55 -0.09560 -3.64046e+01 | 56  0.01419  9.80756e+00 | 57  0.03998 -1.97038e+00
 58 -0.03381  3.85208e+01 | 59  0.13667  9.70648e+01 | 60 -0.09589 -1.52836e+01
 61  0.10583  4.95658e+01 | 62  0.09692  4.12425e+00 | 63  0.05323  1.66013e+01
 64  0.12641 -5.34648e+00 | 65 -0.09537 -7.72960e+00 | 66 -0.03644  3.30292e+00
 67 -0.01829  1.90376e+00 | 68  0.46884 -5.24065e+02 | 69 -0.82633 -1.27649e-02
 70  0.38865  1.46204e+03 | 71  0.81212 -4.03391e-01 | 72  0.06847 -1.61987e+01
 73 -0.46803 -3.22872e+02 | 74  0.91545  2.34917e-02 | 75 -0.12776  2.46890e+02
 76  0.85279  1.41846e-02 |
76 variables; iteration 60; function evaluation 75; phase 4
Function value 1.8715268e+02; maximum gradient component mag 3.4447e+02
Var    Value     Gradient |Var    Value     Gradient |Var    Value     Gradient
  1 -0.29837  3.53067e+01 |  2  0.26146 -2.53781e+00 |  3  0.12797 -6.59356e+01
  4 -0.56472 -2.85708e+02 |  5 -0.50064 -2.18445e+02 |  6 -0.27808 -1.33562e+02
  7 -0.04762 -1.77583e+01 |  8  0.00044  1.67962e-01 |  9  0.00360  5.61553e-01
 10  0.00105  2.37076e-01 | 11  0.00163  3.67438e-01 | 12 -0.00067  1.19218e-01
 13 -0.00181  7.18855e-02 | 14  0.00021  5.32166e-01 | 15 -0.00998 -6.83503e-01
 16 -0.00824 -6.70113e-02 | 17 -0.01250 -1.71350e-01 | 18 -0.01363  3.77208e-01
 19 -0.00360  3.03070e+00 | 20 -0.02804  1.44786e-01 | 21 -0.02874  1.29554e+00
 22 -0.04553 -7.87684e-01 | 23 -0.05923 -3.25570e+00 | 24 -0.06229 -5.07740e+00
 25 -0.03260 -2.08464e+00 | 26  0.00171  2.27575e+00 | 27  0.00072 -1.26932e+00
 28  0.13383 -5.76371e-01 | 29  0.05594 -1.56656e+00 | 30  0.07185 -2.44876e+00
 31 -0.09205  5.09137e+00 | 32 -0.12529  4.61099e+00 | 33  0.10819  1.10654e+00
 34 -0.10239  8.05345e+00 | 35  0.11470 -5.53143e+00 | 36 -0.01531  1.09275e+01
 37 -0.09580  7.14046e+00 | 38 -0.24924  7.27530e-02 | 39 -0.08637  4.56200e+00
 40  0.04339 -3.51518e+01 | 41  0.01845 -1.98427e+01 | 42  0.01235 -1.33120e+01
 43  0.13667 -4.36456e+01 | 44 -0.00187 -1.14611e+01 | 45 -0.06723 -4.48884e-02
 46 -0.08923 -1.31653e+01 | 47  0.06628 -2.92968e+01 | 48 -0.01367 -1.28351e+01
 49 -0.07003 -7.90587e+00 | 50  0.08084 -2.36088e+01 | 51  0.05179  3.31227e+00
 52 -0.07548  3.68835e+00 | 53 -0.02622  1.03782e+01 | 54 -0.04830  9.18033e+00
 55 -0.07941  1.48476e+01 | 56  0.00857  1.70372e+01 | 57  0.04577  2.53359e+01
 58 -0.04141  1.51968e+01 | 59  0.13099  1.81966e+01 | 60 -0.05815  7.99482e+00
 61  0.09655  1.00843e+01 | 62  0.10422  1.97385e+01 | 63  0.05323  1.78482e+01
 64  0.13047  1.33673e+01 | 65 -0.08446  1.16835e+01 | 66 -0.02928  1.63740e+01
 67 -0.01464  1.07837e+01 | 68  0.52528 -1.51196e+02 | 69 -0.74335 -7.44660e-03
 70  0.39566  3.44469e+02 | 71  0.94069  3.12430e-02 | 72  0.16472 -5.58194e-01
 73 -0.48344 -2.17198e+01 | 74  0.86177  1.42300e-02 | 75 -0.14998  2.03168e+01
 76  0.82548  9.87186e-03 |
Maximum number of function evaluations exceeded

 - final statistics:
76 variables; iteration 75; function evaluation 100
Function value 1.8301e+02; maximum gradient component mag -1.1635e+02
Exit code = 3;  converg criter 1.0000e+00
Var    Value     Gradient |Var    Value     Gradient |Var    Value     Gradient
  1 -0.30149  1.74096e+01 |  2  0.25961 -1.36752e+01 |  3  0.09850 -2.31330e+01
  4 -0.56036 -8.47890e+01 |  5 -0.49908 -6.24733e+01 |  6 -0.27962 -1.16350e+02
  7 -0.04447 -1.16971e+01 |  8 -0.00181 -1.42199e-01 |  9  0.00295  4.75153e-01
 10 -0.00166 -1.37463e-01 | 11 -0.00394 -4.06753e-01 | 12 -0.00245 -1.19828e-01
 13 -0.00245  1.73272e-04 | 14 -0.00715 -4.93790e-01 | 15 -0.00209  5.05855e-01
 16 -0.00830 -1.36975e-02 | 17 -0.01529 -5.06576e-01 | 18 -0.00660  1.62359e+00
 19 -0.02884 -9.61169e-01 | 20 -0.02676  5.86401e-01 | 21 -0.03985 -4.30377e-01
 22 -0.04092  3.69326e-01 | 23 -0.04110  3.86891e-01 | 24 -0.04245 -1.29606e+00
 25 -0.01964  3.63138e-01 | 26 -0.01075  3.18848e-01 | 27 -0.01183 -2.56284e+00
 28  0.14564  5.32634e+00 | 29  0.04263  2.32128e+00 | 30  0.07389  5.53363e+00
 31 -0.09342  6.63811e+00 | 32 -0.12347  5.23472e+00 | 33  0.10770 -6.31622e+00
 34 -0.10823  1.67791e+00 | 35  0.11626 -7.28079e+00 | 36 -0.02419 -9.17090e+00
 37 -0.09695  2.44356e+00 | 38 -0.23533  5.02103e+00 | 39 -0.08873  5.03133e+00
 40  0.04628 -6.02901e+00 | 41  0.01911 -2.26345e+00 | 42  0.01116 -5.43156e+00
 43  0.13548 -1.57043e+01 | 44  0.00152  4.65265e+00 | 45 -0.07407  5.01808e+00
 46 -0.07756  2.87596e+00 | 47  0.06524 -4.68801e+00 | 48 -0.01319  1.41884e+00
 49 -0.06695  1.49095e+00 | 50  0.08098 -1.49329e+01 | 51  0.05009 -2.65614e+00
 52 -0.07431  1.28941e+00 | 53 -0.02762  2.86049e-01 | 54 -0.04741  5.40281e-01
 55 -0.08253 -2.29532e+00 | 56  0.00851 -6.21801e+00 | 57  0.04538  9.41389e-01
 58 -0.04390 -8.88002e-01 | 59  0.13039 -1.06692e+01 | 60 -0.05624  4.68176e+00
 61  0.09699 -1.38698e+00 | 62  0.10314 -7.62367e-02 | 63  0.05217  4.33205e+00
 64  0.13054  1.49658e+00 | 65 -0.08615  6.91759e+00 | 66 -0.03685  7.16627e+00
 67 -0.00828  9.01057e+00 | 68  0.60888 -1.51003e+01 | 69 -0.63828 -4.84828e-03
 70  0.40634  3.49378e+01 | 71  0.77266 -7.94261e-03 | 72  0.17159 -8.12996e-01
 73 -0.49245  4.88667e+01 | 74  0.72239  6.70411e-03 | 75 -0.16421 -4.52438e+01
 76  0.73673  3.66927e-03 |

Initial statistics: 76 variables; iteration 0; function evaluation 0; phase 5
Function value 1.8301132e+02; maximum gradient component mag -1.1635e+02
Var    Value     Gradient |Var    Value     Gradient |Var    Value     Gradient
  1 -0.30149  1.74096e+01 |  2  0.25961 -1.36752e+01 |  3  0.09850 -2.31330e+01
  4 -0.56036 -8.47890e+01 |  5 -0.49908 -6.24733e+01 |  6 -0.27962 -1.16350e+02
  7 -0.04447 -1.16971e+01 |  8 -0.00181 -1.42199e-01 |  9  0.00295  4.75153e-01
 10 -0.00166 -1.37463e-01 | 11 -0.00394 -4.06753e-01 | 12 -0.00245 -1.19828e-01
 13 -0.00245  1.73272e-04 | 14 -0.00715 -4.93790e-01 | 15 -0.00209  5.05855e-01
 16 -0.00830 -1.36975e-02 | 17 -0.01529 -5.06576e-01 | 18 -0.00660  1.62359e+00
 19 -0.02884 -9.61169e-01 | 20 -0.02676  5.86401e-01 | 21 -0.03985 -4.30377e-01
 22 -0.04092  3.69326e-01 | 23 -0.04110  3.86891e-01 | 24 -0.04245 -1.29606e+00
 25 -0.01964  3.63138e-01 | 26 -0.01075  3.18848e-01 | 27 -0.01183 -2.56284e+00
 28  0.14564  5.43935e+00 | 29  0.04264  2.43706e+00 | 30  0.07389  5.64889e+00
 31 -0.09341  6.75291e+00 | 32 -0.12346  5.34859e+00 | 33  0.10771 -6.20184e+00
 34 -0.10823  1.79228e+00 | 35  0.11626 -7.16667e+00 | 36 -0.02419 -9.05494e+00
 37 -0.09695  2.55826e+00 | 38 -0.23532  5.12925e+00 | 39 -0.08873  5.14625e+00
 40  0.04628 -5.91327e+00 | 41  0.01911 -2.14746e+00 | 42  0.01116 -5.31553e+00
 43  0.13548 -1.55908e+01 | 44  0.00153  4.76869e+00 | 45 -0.07407  5.13334e+00
 46 -0.07756  2.99115e+00 | 47  0.06524 -4.57258e+00 | 48 -0.01318  1.53486e+00
 49 -0.06694  1.60635e+00 | 50  0.08099 -1.48178e+01 | 51  0.05010 -2.54046e+00
 52 -0.07431  1.40466e+00 | 53 -0.02762  4.01980e-01 | 54 -0.04741  6.55999e-01
 55 -0.08252 -2.18025e+00 | 56  0.00851 -6.10198e+00 | 57  0.04538  1.05713e+00
 58 -0.04390 -7.72238e-01 | 59  0.13039 -1.05556e+01 | 60 -0.05623  4.79735e+00
 61  0.09699 -1.27229e+00 | 62  0.10315  3.82835e-02 | 63  0.05218  4.44770e+00
 64  0.13054  1.61019e+00 | 65 -0.08615  7.03257e+00 | 66 -0.03684  7.28211e+00
 67 -0.00828  9.12660e+00 | 68  0.60888 -1.51003e+01 | 69 -0.63828 -4.84828e-03
 70  0.40634  3.49378e+01 | 71  0.77266 -7.94261e-03 | 72  0.17159 -8.12996e-01
 73 -0.49245  4.88667e+01 | 74  0.72239  6.70411e-03 | 75 -0.16421 -4.52438e+01
 76  0.73673  3.66927e-03 |

Intermediate statistics: 76 variables; iteration 20; function evaluation 21; phase 5
Function value 1.8231337e+02; maximum gradient component mag -1.6333e+02
Var    Value     Gradient |Var    Value     Gradient |Var    Value     Gradient
  1 -0.23349  2.34015e+01 |  2  0.25901 -1.29340e+01 |  3  0.07903 -5.20212e+01
  4 -0.54583 -1.63328e+02 |  5 -0.50623 -1.33666e+02 |  6 -0.26180 -7.48548e+01
  7 -0.04388 -1.53086e+01 |  8 -0.00076 -1.74074e-02 |  9 -0.00032  5.84503e-03
 10 -0.00067 -1.36939e-02 | 11 -0.00106 -2.47409e-02 | 12 -0.00154 -2.42330e-02
 13 -0.00234 -3.12294e-02 | 14 -0.00360 -5.05687e-02 | 15 -0.00534 -5.89520e-02
 16 -0.00795 -8.30974e-02 | 17 -0.01157 -9.98900e-02 | 18 -0.01688 -2.03805e-01
 19 -0.02222 -1.07676e-01 | 20 -0.03008 -2.34624e-01 | 21 -0.03694 -1.42310e-01
 22 -0.04314 -2.17566e-01 | 23 -0.04375 -1.92168e-01 | 24 -0.03495 -1.13965e-02
 25 -0.02286 -2.41419e-01 | 26 -0.01438 -2.96138e-01 | 27  0.00402 -5.82906e-01
 28  0.13082  1.44908e+00 | 29  0.06614  2.11236e+00 | 30  0.06923  5.26226e+00
 31 -0.09054  4.01535e+00 | 32 -0.12141  2.87301e+00 | 33  0.10637  5.99965e+00
 34 -0.10098  1.22541e+00 | 35  0.11399  4.07413e-01 | 36 -0.01939 -2.49788e+00
 37 -0.09648  1.09890e+00 | 38 -0.23323  1.86837e+00 | 39 -0.08870  1.66891e+00
 40  0.04588  4.57755e+00 | 41  0.01822  5.39196e-01 | 42  0.01252 -2.74282e+00
 43  0.13486 -9.73897e+00 | 44 -0.00154  6.15376e-01 | 45 -0.07208  1.07691e+00
 46 -0.07778 -5.74578e-01 | 47  0.06434 -7.71851e+00 | 48 -0.01389 -4.84042e+00
 49 -0.06718 -6.17574e+00 | 50  0.08033 -3.43113e+01 | 51  0.04773 -1.87197e+01
 52 -0.07226 -4.34598e+00 | 53 -0.02862 -6.21372e+00 | 54 -0.04803 -6.81160e+00
 55 -0.08294 -5.91953e+00 | 56  0.00833 -1.38486e+01 | 57  0.04202 -6.53652e+00
 58 -0.04208 -5.61002e-01 | 59  0.12919 -1.71566e+00 | 60 -0.05528  1.25301e+00
 61  0.09587 -4.63883e+00 | 62  0.10117 -4.06870e+00 | 63  0.05274  1.49446e+00
 64  0.12867  3.72635e+00 | 65 -0.08796  2.24514e+00 | 66 -0.03541  2.40284e+00
 67 -0.01797  2.36198e+00 | 68  0.61627 -2.01470e+01 | 69 -0.63823 -4.90966e-03
 70  0.40749  1.18326e+02 | 71  0.77271 -1.14457e-02 | 72  0.17888 -9.89430e-01
 73 -0.48193  3.97873e+01 | 74  0.72232  6.71181e-03 | 75 -0.15432 -3.23545e+01
 76  0.73668  4.50887e-03 |
76 variables; iteration 40; function evaluation 43; phase 5
Function value 1.8226972e+02; maximum gradient component mag -1.4661e+02
Var    Value     Gradient |Var    Value     Gradient |Var    Value     Gradient
  1 -0.23248  2.01368e+01 |  2  0.25914 -1.10519e+01 |  3  0.08161 -4.53855e+01
  4 -0.54722 -1.46611e+02 |  5 -0.50558 -1.20461e+02 |  6 -0.26162 -6.31622e+01
  7 -0.04397 -1.74546e+01 |  8 -0.00086 -3.20806e-02 |  9 -0.00028  1.18964e-02
 10 -0.00075 -2.53086e-02 | 11 -0.00121 -4.59704e-02 | 12 -0.00168 -4.43572e-02
 13 -0.00252 -5.68666e-02 | 14 -0.00388 -9.17890e-02 | 15 -0.00568 -1.08010e-01
 16 -0.00839 -1.49715e-01 | 17 -0.01204 -1.73044e-01 | 18 -0.01800 -3.82434e-01
 19 -0.02248 -1.56528e-01 | 20 -0.03093 -3.90684e-01 | 21 -0.03710 -1.88659e-01
 22 -0.04354 -3.20377e-01 | 23 -0.04407 -3.00804e-01 | 24 -0.03435  3.32662e-03
 25 -0.02368 -5.45530e-01 | 26 -0.01604 -7.96228e-01 | 27  0.00101 -1.20508e+00
 28  0.12979  9.20248e-01 | 29  0.07099  2.11676e+00 | 30  0.06602  2.57200e+00
 31 -0.08866  3.45640e+00 | 32 -0.12149  2.54105e+00 | 33  0.10647  8.16650e+00
 34 -0.10032  1.80836e+00 | 35  0.11386  2.99928e+00 | 36 -0.01868 -9.35004e-02
 37 -0.09675  1.24481e+00 | 38 -0.23347  1.51925e+00 | 39 -0.08884  1.88486e+00
 40  0.04616  6.98532e+00 | 41  0.01788 -2.50321e-01 | 42  0.01227 -3.40274e+00
 43  0.13502 -8.39312e+00 | 44 -0.00154 -1.77057e-02 | 45 -0.07285 -5.49686e-01
 46 -0.07783 -1.29911e+00 | 47  0.06436 -6.27920e+00 | 48 -0.01358 -3.52810e+00
 49 -0.06743 -6.04751e+00 | 50  0.08024 -3.15624e+01 | 51  0.04833 -1.38071e+01
 52 -0.07257 -3.84899e+00 | 53 -0.02847 -4.74198e+00 | 54 -0.04769 -5.42394e+00
 55 -0.08363 -6.79852e+00 | 56  0.00847 -1.19572e+01 | 57  0.04225 -4.15589e+00
 58 -0.04261 -1.68895e+00 | 59  0.12917 -1.50266e+00 | 60 -0.05530  1.17108e+00
 61  0.09607 -3.09368e+00 | 62  0.10122 -3.44795e+00 | 63  0.05312  1.48684e+00
 64  0.12787 -2.91559e+00 | 65 -0.08831  1.13184e+00 | 66 -0.03577  1.60725e+00
 67 -0.01873  1.75488e+00 | 68  0.61570 -1.82433e+01 | 69 -0.63757 -4.89653e-03
 70  0.40737  1.02459e+02 | 71  0.77286  2.31063e-03 | 72  0.25391 -3.06493e-01
 73 -0.48110  3.21887e+01 | 74  0.72140  6.68666e-03 | 75 -0.15293 -2.52170e+01
 76  0.73600  4.52402e-03 |
76 variables; iteration 60; function evaluation 70; phase 5
Function value 1.8214852e+02; maximum gradient component mag -2.2924e+01
Var    Value     Gradient |Var    Value     Gradient |Var    Value     Gradient
  1 -0.23385  3.94330e+00 |  2  0.25898 -1.80760e+00 |  3  0.06736 -7.80188e+00
  4 -0.53995 -2.29239e+01 |  5 -0.50809 -1.75466e+01 |  6 -0.26154 -1.29636e+01
  7 -0.04417 -4.76943e+00 |  8 -0.00055  9.69604e-03 |  9 -0.00080 -6.11827e-02
 10 -0.00048  1.10981e-02 | 11 -0.00058  4.12693e-02 | 12 -0.00128  9.67651e-03
 13 -0.00208  1.93360e-03 | 14 -0.00294  3.76264e-02 | 15 -0.00492 -5.85276e-03
 16 -0.00746 -2.29184e-02 | 17 -0.01134 -8.24055e-02 | 18 -0.01614 -1.10854e-01
 19 -0.02131  9.71663e-03 | 20 -0.02833  2.69404e-02 | 21 -0.03626 -5.96469e-02
 22 -0.04217 -7.11151e-02 | 23 -0.04341 -1.51829e-01 | 24 -0.03516 -5.85882e-02
 25 -0.02225 -1.39293e-01 | 26 -0.01300 -6.00324e-02 | 27  0.00654 -2.42301e-01
 28  0.12700 -2.24403e-01 | 29  0.07117  1.74334e-01 | 30  0.06670 -5.75903e-01
 31 -0.08925  2.07577e-01 | 32 -0.12121  6.29508e-01 | 33  0.10565 -1.63030e+00
 34 -0.09918  3.79887e-01 | 35  0.11327 -2.06084e+00 | 36 -0.01771 -2.07303e-01
 37 -0.09639  3.11966e-01 | 38 -0.23293  6.17448e-01 | 39 -0.08869  8.56624e-02
 40  0.04488 -1.33055e+00 | 41  0.01795 -6.90936e-01 | 42  0.01305 -2.13931e-01
 43  0.13474 -2.42408e+00 | 44 -0.00205 -2.09961e-02 | 45 -0.07297 -8.48694e-02
 46 -0.07733  2.81536e-01 | 47  0.06377 -8.87238e-01 | 48 -0.01397  1.39364e-01
 49 -0.06724  1.47635e-01 | 50  0.08159 -2.49304e-01 | 51  0.04780 -5.94414e-02
 52 -0.07178  7.19055e-01 | 53 -0.02882  3.91575e-01 | 54 -0.04788  4.71595e-01
 55 -0.08263  6.55851e-01 | 56  0.00881  1.20557e-01 | 57  0.04162 -1.62200e-01
 58 -0.04211  4.34541e-01 | 59  0.12864 -2.83119e-01 | 60 -0.05560  5.43791e-01
 61  0.09608  4.99394e-01 | 62  0.10169  7.40715e-01 | 63  0.05257  8.32204e-01
 64  0.12837  1.06899e+00 | 65 -0.08752  1.16643e+00 | 66 -0.03554  8.94890e-01
 67 -0.01685  8.87735e-01 | 68  0.61484 -2.10345e+00 | 69 -0.62071 -4.60875e-03
 70  0.40740  1.11606e+01 | 71  0.74321  4.16994e-03 | 72  0.30655 -1.26030e-01
 73 -0.48002  2.51882e+00 | 74  0.69824  6.08912e-03 | 75 -0.15043 -1.50789e+00
 76  0.71955  3.89626e-03 |
Maximum number of function evaluations exceeded

 - final statistics:
76 variables; iteration 79; function evaluation 100
Function value 1.8214e+02; maximum gradient component mag 3.6121e+00
Exit code = 3;  converg criter 1.0000e+00
Var    Value     Gradient |Var    Value     Gradient |Var    Value     Gradient
  1 -0.23338 -6.32902e-01 |  2  0.25909  3.31989e-01 |  3  0.06393  1.16349e+00
  4 -0.53795  3.61212e+00 |  5 -0.50892  2.90309e+00 |  6 -0.26145  2.08580e+00
  7 -0.04422  4.58800e-01 |  8 -0.00073 -1.49980e-02 |  9 -0.00019  2.38643e-02
 10 -0.00066 -1.49555e-02 | 11 -0.00101 -2.03944e-02 | 12 -0.00096  5.56871e-02
 13 -0.00132  1.09522e-01 | 14 -0.00278  6.05203e-02 | 15 -0.00645 -2.26859e-01
 16 -0.00801 -1.03118e-01 | 17 -0.01035  6.98561e-02 | 18 -0.01578 -5.18171e-02
 19 -0.02135  8.42262e-03 | 20 -0.02882 -4.81739e-02 | 21 -0.03647 -7.99501e-02
 22 -0.04174  3.67861e-02 | 23 -0.04287 -1.55239e-03 | 24 -0.03533 -9.85664e-03
 25 -0.02186  4.42604e-02 | 26 -0.01352  3.59211e-02 | 27  0.00691  6.51199e-02
 28  0.12716  9.07947e-02 | 29  0.06998  5.43075e-03 | 30  0.06753  1.28513e-01
 31 -0.08898 -2.34636e-02 | 32 -0.12136 -8.17477e-02 | 33  0.10567  2.73447e-01
 34 -0.09920 -8.74494e-02 | 35  0.11328  3.20064e-01 | 36 -0.01757  2.18752e-02
 37 -0.09627 -4.93088e-02 | 38 -0.23291 -1.04479e-01 | 39 -0.08862 -2.04833e-02
 40  0.04488  1.72677e-01 | 41  0.01806  8.42316e-02 | 42  0.01293  2.96329e-02
 43  0.13482  3.25223e-01 | 44 -0.00226 -5.60512e-04 | 45 -0.07256 -8.85531e-03
 46 -0.07749 -3.62422e-02 | 47  0.06381  1.58369e-01 | 48 -0.01408 -3.18254e-02
 49 -0.06688  6.35779e-02 | 50  0.08148  1.55011e-01 | 51  0.04788  6.35131e-02
 52 -0.07189 -1.02287e-01 | 53 -0.02876 -5.71313e-02 | 54 -0.04786 -6.27398e-02
 55 -0.08269 -7.59759e-02 | 56  0.00879  3.37515e-02 | 57  0.04166  6.46677e-02
 58 -0.04209 -5.31290e-02 | 59  0.12861  3.50674e-02 | 60 -0.05540 -1.02147e-01
 61  0.09604 -5.17037e-02 | 62  0.10170 -9.50551e-02 | 63  0.05259 -1.40080e-01
 64  0.12833 -1.68455e-01 | 65 -0.08783 -1.65991e-01 | 66 -0.03563 -1.65456e-01
 67 -0.01719 -1.46437e-01 | 68  0.61387  3.73021e-01 | 69 -0.51343 -3.26633e-03
 70  0.40735 -2.01297e+00 | 71  0.59898  3.27334e-03 | 72  0.50917 -5.17130e-03
 73 -0.47991 -5.44630e-01 | 74  0.56081  3.54336e-03 | 75 -0.15034  3.40167e-01
 76  0.64451 -8.35421e-04 |

Initial statistics: 78 variables; iteration 0; function evaluation 0; phase 6
Function value 1.8213735e+02; maximum gradient component mag 5.1994e+00
Var    Value     Gradient |Var    Value     Gradient |Var    Value     Gradient
  1 -0.23338 -6.32902e-01 |  2  0.25909  3.31989e-01 |  3  0.06393  1.16349e+00
  4 -0.53795  3.61212e+00 |  5 -0.50892  2.90309e+00 |  6 -0.26145  2.08580e+00
  7 -0.04422  4.58800e-01 |  8 -0.00073 -1.49980e-02 |  9 -0.00019  2.38643e-02
 10 -0.00066 -1.49555e-02 | 11 -0.00101 -2.03944e-02 | 12 -0.00096  5.56871e-02
 13 -0.00132  1.09522e-01 | 14 -0.00278  6.05203e-02 | 15 -0.00645 -2.26859e-01
 16 -0.00801 -1.03118e-01 | 17 -0.01035  6.98561e-02 | 18 -0.01578 -5.18171e-02
 19 -0.02135  8.42262e-03 | 20 -0.02882 -4.81739e-02 | 21 -0.03647 -7.99501e-02
 22 -0.04174  3.67861e-02 | 23 -0.04287 -1.55239e-03 | 24 -0.03533 -9.85664e-03
 25 -0.02186  4.42604e-02 | 26 -0.01352  3.59211e-02 | 27  0.00691  6.51199e-02
 28  0.12716  8.59741e-02 | 29  0.06998  5.42119e-04 | 30  0.06753  1.23622e-01
 31 -0.08898 -2.83340e-02 | 32 -0.12136 -8.65769e-02 | 33  0.10567  2.68596e-01
 34 -0.09920 -9.23081e-02 | 35  0.11328  3.15224e-01 | 36 -0.01757  1.69588e-02
 37 -0.09627 -5.41710e-02 | 38 -0.23291 -1.09072e-01 | 39 -0.08862 -2.53540e-02
 40  0.04488  1.67771e-01 | 41  0.01806  7.93152e-02 | 42  0.01293  2.47156e-02
 43  0.13482  3.20414e-01 | 44 -0.00226 -5.47880e-03 | 45 -0.07256 -1.37417e-02
 46 -0.07749 -4.11241e-02 | 47  0.06381  1.53476e-01 | 48 -0.01408 -3.67425e-02
 49 -0.06688  5.86867e-02 | 50  0.08148  1.50133e-01 | 51  0.04788  5.86087e-02
 52 -0.07189 -1.07174e-01 | 53 -0.02876 -6.20446e-02 | 54 -0.04786 -6.76443e-02
 55 -0.08269 -8.08528e-02 | 56  0.00879  2.88337e-02 | 57  0.04166  5.97599e-02
 58 -0.04209 -5.80365e-02 | 59  0.12861  3.02491e-02 | 60 -0.05540 -1.07046e-01
 61  0.09604 -5.65661e-02 | 62  0.10170 -9.99108e-02 | 63  0.05259 -1.44982e-01
 64  0.12833 -1.73273e-01 | 65 -0.08783 -1.70862e-01 | 66 -0.03563 -1.70366e-01
 67 -0.01719 -1.51353e-01 | 68 -0.60415  5.19942e+00 | 69  0.05786  9.83593e-01
 70  0.61387  3.73021e-01 | 71 -0.51343 -3.26633e-03 | 72  0.40735 -2.01297e+00
 73  0.59898  3.27334e-03 | 74  0.50917 -5.17130e-03 | 75 -0.47991 -5.44630e-01
 76  0.56081  3.54336e-03 | 77 -0.15034  3.40167e-01 | 78  0.64451 -8.35421e-04

Intermediate statistics: 78 variables; iteration 20; function evaluation 26; phase 6
Function value 1.8208832e+02; maximum gradient component mag -1.6472e+01
Var    Value     Gradient |Var    Value     Gradient |Var    Value     Gradient
  1 -0.23092 -2.05727e+00 |  2  0.25888  2.35213e+00 |  3  0.06230 -1.89770e+00
  4 -0.53766 -6.94898e+00 |  5 -0.50882 -6.28965e+00 |  6 -0.25938  1.41521e+01
  7 -0.04117 -1.64716e+01 |  8 -0.00074 -3.84558e-03 |  9 -0.00035  7.50954e-03
 10 -0.00066 -4.10708e-03 | 11 -0.00101 -5.61080e-03 | 12 -0.00138  1.74080e-02
 13 -0.00208  3.35681e-02 | 14 -0.00338  1.86953e-02 | 15 -0.00578 -6.69114e-02
 16 -0.00811 -3.14068e-02 | 17 -0.01149  1.58371e-02 | 18 -0.01660 -2.46898e-02
 19 -0.02273 -1.71961e-02 | 20 -0.03025 -4.72630e-02 | 21 -0.03805 -7.54774e-02
 22 -0.04404 -6.88467e-02 | 23 -0.04530 -1.11142e-01 | 24 -0.03812 -1.56738e-01
 25 -0.02528 -1.88403e-01 | 26 -0.01652 -2.09973e-01 | 27  0.00531 -2.56014e-01
 28  0.12504 -3.00228e+00 | 29  0.07141 -3.08842e+00 | 30  0.06638 -3.66958e+00
 31 -0.08826 -1.84095e+00 | 32 -0.12113 -1.72344e+00 | 33  0.10540 -5.22829e+00
 34 -0.09927 -2.04404e+00 | 35  0.11333 -9.37096e-01 | 36 -0.01755 -8.86102e-01
 37 -0.09626 -1.00303e+00 | 38 -0.23281 -1.20358e+00 | 39 -0.08857 -3.38275e-01
 40  0.04499  2.40655e+00 | 41  0.01816  1.27207e+00 | 42  0.01304  2.62124e-01
 43  0.13473  9.14032e-01 | 44 -0.00232 -8.38512e-01 | 45 -0.07268 -1.19974e+00
 46 -0.07742 -1.31659e+00 | 47  0.06373 -1.76033e+00 | 48 -0.01413 -2.00012e+00
 49 -0.06725 -2.38512e+00 | 50  0.08123 -4.08673e+00 | 51  0.04772 -1.70618e+00
 52 -0.07186 -7.41405e-01 | 53 -0.02869  2.42060e-01 | 54 -0.04786  4.11403e-02
 55 -0.08271 -3.24322e-01 | 56  0.00871  1.31339e+00 | 57  0.04170  4.17173e+00
 58 -0.04190  2.55102e+00 | 59  0.12904  1.45295e+01 | 60 -0.05548  9.54581e-01
 61  0.09602  2.69218e+00 | 62  0.10161  3.25337e-01 | 63  0.05261 -5.12276e-01
 64  0.12838 -2.46634e-01 | 65 -0.08775 -1.49589e+00 | 66 -0.03564 -1.67684e+00
 67 -0.01652 -1.57538e+00 | 68 -0.61950 -1.44378e+00 | 69  0.05140  3.88704e+00
 70  0.61252 -1.18829e+00 | 71 -0.51340 -3.26755e-03 | 72  0.40733  1.34943e+01
 73  0.59895  3.15615e-03 | 74  0.50923 -5.88145e-03 | 75 -0.47995 -9.58812e+00
 76  0.56077  3.56082e-03 | 77 -0.15032  6.02921e+00 | 78  0.64452 -4.34781e-04
78 variables; iteration 40; function evaluation 46; phase 6
Function value 1.8208175e+02; maximum gradient component mag -1.6667e+01
Var    Value     Gradient |Var    Value     Gradient |Var    Value     Gradient
  1 -0.21806 -3.97676e-01 |  2  0.25893  2.46414e+00 |  3  0.06133 -3.76286e+00
  4 -0.53735 -1.20479e+01 |  5 -0.50882 -9.70801e+00 |  6 -0.25410  9.76674e+00
  7 -0.04095 -1.66665e+01 |  8 -0.00069 -7.99446e-05 |  9 -0.00032  9.37652e-03
 10 -0.00062 -1.26515e-03 | 11 -0.00095 -1.46127e-03 | 12 -0.00130  2.30735e-02
 13 -0.00196  4.12818e-02 | 14 -0.00322  2.95563e-02 | 15 -0.00553 -4.99563e-02
 16 -0.00781 -1.20358e-02 | 17 -0.01114  3.46478e-02 | 18 -0.01619 -5.28599e-03
 19 -0.02231 -4.54877e-03 | 20 -0.02982 -4.30961e-02 | 21 -0.03762 -7.78924e-02
 22 -0.04355 -6.12210e-02 | 23 -0.04468 -7.34232e-02 | 24 -0.03730 -7.15048e-02
 25 -0.02433 -6.87040e-02 | 26 -0.01565 -9.51480e-02 | 27  0.00564 -2.14592e-01
 28  0.12596 -2.59890e+00 | 29  0.07118 -2.62453e+00 | 30  0.06723 -2.93794e+00
 31 -0.08910 -1.93013e+00 | 32 -0.12130 -1.72520e+00 | 33  0.10545 -4.52902e+00
 34 -0.09877 -1.56228e+00 | 35  0.11329 -1.62863e+00 | 36 -0.01714 -3.37443e-01
 37 -0.09606 -7.43116e-01 | 38 -0.23262 -8.85690e-01 | 39 -0.08856 -3.84353e-01
 40  0.04483  1.29470e+00 | 41  0.01795  6.34393e-01 | 42  0.01308  1.99096e-01
 43  0.13456  1.08429e-01 | 44 -0.00222  8.62965e-03 | 45 -0.07238 -2.41412e-02
 46 -0.07723 -3.04347e-01 | 47  0.06363 -1.31881e+00 | 48 -0.01431 -2.07909e+00
 49 -0.06721 -2.16256e+00 | 50  0.08108 -4.89368e+00 | 51  0.04770 -1.52457e+00
 52 -0.07185 -3.49030e-01 | 53 -0.02875  5.77345e-01 | 54 -0.04783  3.98030e-01
 55 -0.08293 -3.66475e-01 | 56  0.00861  1.06015e+00 | 57  0.04150  4.03475e+00
 58 -0.04193  2.73200e+00 | 59  0.12882  1.31863e+01 | 60 -0.05560  7.92547e-01
 61  0.09579  1.63025e+00 | 62  0.10157  7.55225e-01 | 63  0.05267 -3.22984e-01
 64  0.12797 -2.30612e+00 | 65 -0.08785 -1.19586e+00 | 66 -0.03568 -1.33370e+00
 67 -0.01636 -1.24742e+00 | 68 -0.62051 -1.63745e+00 | 69  0.04012  3.11139e+00
 70  0.61179 -1.71117e+00 | 71 -0.51311 -3.26473e-03 | 72  0.40722  1.54499e+01
 73  0.59866  3.13162e-03 | 74  0.50975 -5.98870e-03 | 75 -0.47948 -8.18372e+00
 76  0.56046  3.54208e-03 | 77 -0.15007  5.12804e+00 | 78  0.64460 -7.47667e-04
78 variables; iteration 60; function evaluation 76; phase 6
Function value 1.8206505e+02; maximum gradient component mag -4.9785e-01
Var    Value     Gradient |Var    Value     Gradient |Var    Value     Gradient
  1 -0.21730  7.10729e-02 |  2  0.25897 -9.77934e-02 |  3  0.05932 -1.01840e-01
  4 -0.53663 -1.91765e-01 |  5 -0.50900 -1.10393e-01 |  6 -0.25324 -4.97853e-01
  7 -0.03913  3.03153e-01 |  8 -0.00074  6.21009e-04 |  9 -0.00042  3.41068e-04
 10 -0.00065  4.66785e-04 | 11 -0.00100  7.29464e-04 | 12 -0.00154  1.08141e-03
 13 -0.00238  1.44285e-03 | 14 -0.00361  2.03778e-03 | 15 -0.00544  4.01611e-03
 16 -0.00809  2.14813e-03 | 17 -0.01190 -3.69931e-03 | 18 -0.01688 -9.91056e-03
 19 -0.02316 -9.52226e-03 | 20 -0.03055  1.94542e-03 | 21 -0.03831  4.41743e-03
 22 -0.04462 -1.47776e-02 | 23 -0.04586 -1.27707e-02 | 24 -0.03872 -2.72171e-03
 25 -0.02609  2.05273e-03 | 26 -0.01734 -1.85220e-03 | 27  0.00494 -1.43808e-02
 28  0.12469  6.51843e-02 | 29  0.07252  4.17564e-02 | 30  0.06698  6.06533e-02
 31 -0.08866  7.64387e-02 | 32 -0.12118  1.06383e-01 | 33  0.10564  1.35500e-01
 34 -0.09874  1.01873e-01 | 35  0.11336  5.55682e-02 | 36 -0.01736 -8.19132e-03
 37 -0.09602  2.96082e-02 | 38 -0.23258  8.11349e-02 | 39 -0.08862  3.08695e-02
 40  0.04478 -5.03099e-02 | 41  0.01789 -2.69339e-02 | 42  0.01282 -1.22069e-02
 43  0.13474 -5.17381e-02 | 44 -0.00239 -2.75635e-02 | 45 -0.07267  1.03842e-03
 46 -0.07751  6.62493e-03 | 47  0.06373  2.79901e-02 | 48 -0.01425 -6.33530e-03
 49 -0.06704  1.69098e-01 | 50  0.08139  1.05332e-01 | 51  0.04768  4.05838e-02
 52 -0.07201 -4.19957e-03 | 53 -0.02888 -4.31427e-02 | 54 -0.04797  3.18887e-03
 55 -0.08281 -5.59485e-04 | 56  0.00870 -4.66545e-02 | 57  0.04144 -1.24217e-01
 58 -0.04220 -9.10885e-02 | 59  0.12835 -4.21942e-01 | 60 -0.05547  6.89942e-02
 61  0.09589 -7.20709e-02 | 62  0.10151 -2.17386e-02 | 63  0.05256  2.34166e-02
 64  0.12831  6.34398e-02 | 65 -0.08773  6.27930e-02 | 66 -0.03548  3.23798e-02
 67 -0.01574  4.48531e-02 | 68 -0.62784  9.27788e-02 | 69  0.03625 -1.17124e-01
 70  0.61102  5.06038e-02 | 71 -0.50585 -3.19020e-03 | 72  0.40709 -3.61919e-01
 73  0.59157  3.13594e-03 | 74  0.52172 -4.45923e-03 | 75 -0.47964  2.81063e-01
 76  0.55263  3.41270e-03 | 77 -0.15025 -1.46896e-01 | 78  0.64682 -8.83274e-04
78 variables; iteration 80; function evaluation 112; phase 6
Function value 1.8206392e+02; maximum gradient component mag -5.1762e-01
Var    Value     Gradient |Var    Value     Gradient |Var    Value     Gradient
  1 -0.21734  1.04570e-01 |  2  0.25897 -8.77129e-02 |  3  0.05939 -1.87596e-01
  4 -0.53666 -4.98141e-01 |  5 -0.50899 -3.67002e-01 |  6 -0.25324 -5.17618e-01
  7 -0.03914 -2.59430e-01 |  8 -0.00063  1.61021e-02 |  9 -0.00041  1.46154e-03
 10 -0.00055  1.40538e-02 | 11 -0.00100  1.41761e-03 | 12 -0.00178 -3.18174e-02
 13 -0.00248 -1.31268e-02 | 14 -0.00362 -1.29718e-04 | 15 -0.00525  3.07556e-02
 16 -0.00825 -2.03134e-02 | 17 -0.01164  3.65441e-02 | 18 -0.01678  6.27749e-03
 19 -0.02332 -3.71997e-02 | 20 -0.03048  1.37298e-02 | 21 -0.03834 -3.28910e-04
 22 -0.04461 -1.45754e-02 | 23 -0.04570  1.73524e-02 | 24 -0.03890 -3.51877e-02
 25 -0.02607  6.08328e-03 | 26 -0.01711  3.58994e-02 | 27  0.00489 -2.30042e-02
 28  0.12461  5.45970e-02 | 29  0.07263  5.96199e-02 | 30  0.06692  5.11172e-02
 31 -0.08865  6.90335e-02 | 32 -0.12120  8.81025e-02 | 33  0.10564  1.11467e-01
 34 -0.09875  8.53521e-02 | 35  0.11335  4.47347e-02 | 36 -0.01736 -4.51222e-03
 37 -0.09603  2.44332e-02 | 38 -0.23260  6.65885e-02 | 39 -0.08863  2.43189e-02
 40  0.04478 -4.46546e-02 | 41  0.01788 -2.48297e-02 | 42  0.01282 -1.24640e-02
 43  0.13473 -5.06271e-02 | 44 -0.00239 -2.54318e-02 | 45 -0.07268 -2.67899e-03
 46 -0.07751  2.05020e-03 | 47  0.06372  1.07223e-02 | 48 -0.01425 -1.23694e-02
 49 -0.06707  1.31402e-01 | 50  0.08138  7.04771e-02 | 51  0.04767  2.38527e-02
 52 -0.07201 -5.17504e-03 | 53 -0.02888 -3.78731e-02 | 54 -0.04798 -6.33893e-04
 55 -0.08281 -2.78445e-03 | 56  0.00870 -4.22893e-02 | 57  0.04144 -1.07715e-01
 58 -0.04220 -7.47948e-02 | 59  0.12835 -3.48127e-01 | 60 -0.05549  5.58244e-02
 61  0.09589 -5.96348e-02 | 62  0.10150 -1.63178e-02 | 63  0.05255  2.16411e-02
 64  0.12830  5.42877e-02 | 65 -0.08774  5.08251e-02 | 66 -0.03548  2.72263e-02
 67 -0.01544  8.12977e-02 | 68 -0.62783 -4.04030e-02 | 69  0.03633 -8.85449e-02
 70  0.61104  3.53069e-02 | 71 -0.29783 -1.25630e-03 | 72  0.40709 -1.92780e-01
 73  0.38700  2.86090e-03 | 74  0.68623  3.91338e-03 | 75 -0.47965  2.11588e-01
 76  0.35188 -1.84864e-03 | 77 -0.15026 -1.09595e-01 | 78  0.68185 -1.34942e-04
78 variables; iteration 100; function evaluation 159; phase 6
Function value 1.8154236e+02; maximum gradient component mag 4.5084e+00
Var    Value     Gradient |Var    Value     Gradient |Var    Value     Gradient
  1 -0.20841 -7.25167e-01 |  2  0.25901  2.55068e-01 |  3  0.05543  1.63593e+00
  4 -0.53104  4.50844e+00 |  5 -0.51254  3.38866e+00 |  6 -0.24804  2.23397e+00
  7 -0.03949  8.08303e-01 |  8 -0.00062  1.65898e-02 |  9 -0.00040  1.54546e-03
 10 -0.00085 -2.92135e-02 | 11 -0.00105 -8.56948e-03 | 12 -0.00148  6.89237e-03
 13 -0.00230  4.82972e-03 | 14 -0.00354  7.76159e-05 | 15 -0.00540 -9.85028e-03
 16 -0.00791 -1.72218e-04 | 17 -0.01170 -1.80584e-02 | 18 -0.01631  1.44268e-02
 19 -0.02260 -3.25602e-03 | 20 -0.02998  5.42169e-03 | 21 -0.03793 -7.45072e-04
 22 -0.04444  5.47839e-03 | 23 -0.04620 -8.94509e-04 | 24 -0.03939  1.61577e-02
 25 -0.02705  4.97517e-03 | 26 -0.01862  1.82762e-03 | 27  0.00392  2.86581e-02
 28  0.12242 -3.25393e-02 | 29  0.07436 -6.90955e-02 | 30  0.06796 -6.02606e-02
 31 -0.08805 -1.20846e-01 | 32 -0.12100 -1.19246e-01 | 33  0.10557  5.44427e-02
 34 -0.09819 -9.96797e-02 | 35  0.11356  1.61290e-01 | 36 -0.01660 -1.36112e-02
 37 -0.09551 -7.07209e-02 | 38 -0.23234 -1.11720e-01 | 39 -0.08859 -5.14943e-02
 40  0.04444  1.45567e-01 | 41  0.01799  9.38964e-02 | 42  0.01287  8.58621e-02
 43  0.13469  4.48606e-01 | 44 -0.00225  7.98238e-02 | 45 -0.07259 -1.19338e-02
 46 -0.07779 -2.05914e-02 | 47  0.06332  1.99132e-01 | 48 -0.01402  4.39794e-02
 49 -0.06719 -4.36568e-02 | 50  0.08108  1.87286e-01 | 51  0.04772  1.03017e-01
 52 -0.07192 -4.53525e-02 | 53 -0.02900 -1.45667e-03 | 54 -0.04819 -2.42281e-02
 55 -0.08302 -4.52751e-02 | 56  0.00830  4.15881e-02 | 57  0.04123  7.09163e-02
 58 -0.04241 -3.92064e-02 | 59  0.12800  1.66683e-01 | 60 -0.05546 -1.03251e-01
 61  0.09554 -5.11054e-02 | 62  0.10138 -1.02356e-01 | 63  0.05260 -1.32288e-01
 64  0.12816 -1.32848e-01 | 65 -0.08796 -1.44381e-01 | 66 -0.03563 -1.41291e-01
 67 -0.01582 -1.54472e-01 | 68 -0.61905  1.65150e-01 | 69  0.02293  1.65419e-01
 70  0.62306  3.20515e-01 | 71 -0.29399 -9.18051e-03 | 72  0.40859 -2.02732e+00
 73 -0.23639 -4.04044e-03 | 74  0.14579  6.82867e-02 | 75 -0.47942 -2.99408e-01
 76  1.57626 -1.81598e-03 | 77 -0.15013  1.75954e-01 | 78  0.78481  7.24752e-03
78 variables; iteration 120; function evaluation 189; phase 6
Function value 1.8153544e+02; maximum gradient component mag -4.3972e-01
Var    Value     Gradient |Var    Value     Gradient |Var    Value     Gradient
  1 -0.20866  7.11995e-02 |  2  0.25902 -2.58984e-02 |  3  0.05573 -1.61445e-01
  4 -0.53110 -4.39716e-01 |  5 -0.51257 -3.24169e-01 |  6 -0.24809 -2.21073e-01
  7 -0.03951 -1.11496e-01 |  8 -0.00074 -2.28236e-04 |  9 -0.00042 -1.41396e-04
 10 -0.00064 -5.72527e-05 | 11 -0.00099 -1.56660e-04 | 12 -0.00153 -6.96219e-04
 13 -0.00234 -1.60942e-04 | 14 -0.00354 -2.01772e-04 | 15 -0.00533  6.83112e-04
 16 -0.00792 -1.23287e-03 | 17 -0.01158 -1.15196e-03 | 18 -0.01637  3.70739e-03
 19 -0.02259 -3.90520e-03 | 20 -0.02999  1.83620e-03 | 21 -0.03792 -8.32989e-04
 22 -0.04448 -1.03682e-03 | 23 -0.04620  2.45721e-04 | 24 -0.03949 -9.58268e-04
 25 -0.02708 -1.29331e-03 | 26 -0.01860 -6.16417e-04 | 27  0.00382 -1.55648e-03
 28  0.12234  6.77745e-03 | 29  0.07444  7.23787e-03 | 30  0.06795  7.36296e-03
 31 -0.08804  1.24309e-02 | 32 -0.12099  1.38747e-02 | 33  0.10557 -2.11528e-03
 34 -0.09819  1.15061e-02 | 35  0.11356 -1.63959e-02 | 36 -0.01661 -8.98102e-04
 37 -0.09551  5.67204e-03 | 38 -0.23233  1.20769e-02 | 39 -0.08860  4.62159e-03
 40  0.04443 -1.56705e-02 | 41  0.01800 -1.06548e-02 | 42  0.01286 -9.51738e-03
 43  0.13469 -4.40261e-02 | 44 -0.00225 -8.62729e-03 | 45 -0.07260  8.74486e-04
 46 -0.07780  1.89220e-03 | 47  0.06331 -1.60364e-02 | 48 -0.01402 -4.22437e-03
 49 -0.06718  9.60450e-03 | 50  0.08107 -1.19655e-02 | 51  0.04772 -6.72288e-03
 52 -0.07193  4.17632e-03 | 53 -0.02901 -1.88106e-04 | 54 -0.04820  2.95918e-03
 55 -0.08303  4.66561e-03 | 56  0.00829 -3.53997e-03 | 57  0.04123 -8.77856e-03
 58 -0.04242  1.54424e-03 | 59  0.12799 -2.56380e-02 | 60 -0.05544  1.17664e-02
 61  0.09553  3.65616e-03 | 62  0.10138  9.42149e-03 | 63  0.05260  1.30032e-02
 64  0.12815  1.47678e-02 | 65 -0.08795  1.44965e-02 | 66 -0.03563  1.34213e-02
 67 -0.01574  1.49680e-02 | 68 -0.61894 -2.38893e-02 | 69  0.02303 -1.68298e-02
 70  0.62273 -3.21751e-02 | 71 -0.27412  4.44066e-03 | 72  0.40855  2.30697e-01
 73 -0.18386 -4.92709e-05 | 74  0.14375 -8.91667e-03 | 75 -0.47943  3.45544e-02
 76  1.61406  1.15826e-04 | 77 -0.15013 -1.95690e-02 | 78  0.67777  2.24442e-04
78 variables; iteration 140; function evaluation 214; phase 6
Function value 1.8153523e+02; maximum gradient component mag -8.2937e-02
Var    Value     Gradient |Var    Value     Gradient |Var    Value     Gradient
  1 -0.20861  1.58160e-02 |  2  0.25902 -7.91475e-03 |  3  0.05568 -3.25010e-02
  4 -0.53107 -8.29373e-02 |  5 -0.51258 -5.89223e-02 |  6 -0.24807 -5.78840e-02
  7 -0.03951 -2.68969e-02 |  8 -0.00075 -3.66085e-04 |  9 -0.00042 -2.04252e-04
 10 -0.00064 -2.35252e-05 | 11 -0.00099 -1.63018e-04 | 12 -0.00153 -5.13026e-04
 13 -0.00234 -7.41106e-05 | 14 -0.00354 -1.59372e-04 | 15 -0.00533  5.63047e-04
 16 -0.00791 -1.08427e-03 | 17 -0.01158 -1.39391e-03 | 18 -0.01637  3.50447e-03
 19 -0.02259 -3.40313e-03 | 20 -0.02999  1.74954e-03 | 21 -0.03792 -6.53046e-04
 22 -0.04447 -6.55037e-04 | 23 -0.04620  3.32806e-04 | 24 -0.03949 -3.45323e-04
 25 -0.02708 -8.39885e-04 | 26 -0.01860 -1.98466e-04 | 27  0.00382 -3.84334e-04
 28  0.12233  2.17858e-03 | 29  0.07444  1.55721e-03 | 30  0.06795  1.93236e-03
 31 -0.08804  3.79546e-03 | 32 -0.12099  4.96687e-03 | 33  0.10557  4.44143e-06
 34 -0.09818  4.19991e-03 | 35  0.11356 -5.20401e-03 | 36 -0.01660 -1.45292e-03
 37 -0.09551  9.08925e-04 | 38 -0.23233  3.99460e-03 | 39 -0.08860  8.99226e-04
 40  0.04443 -5.21341e-03 | 41  0.01800 -3.07783e-03 | 42  0.01286 -2.32520e-03
 43  0.13469 -9.78688e-03 | 44 -0.00225 -2.18813e-03 | 45 -0.07259  3.65680e-04
 46 -0.07780  7.22838e-04 | 47  0.06331 -1.26306e-03 | 48 -0.01402 -3.71101e-04
 49 -0.06718  6.51127e-03 | 50  0.08107  1.38185e-03 | 51  0.04772  7.98908e-04
 52 -0.07193  1.17190e-03 | 53 -0.02901 -3.59433e-04 | 54 -0.04820  1.25189e-03
 55 -0.08303  1.34966e-03 | 56  0.00829 -7.05583e-04 | 57  0.04123 -3.12524e-03
 58 -0.04242 -9.30097e-04 | 59  0.12799 -1.27914e-02 | 60 -0.05544  4.33065e-03
 61  0.09553 -9.07561e-04 | 62  0.10138  9.15411e-04 | 63  0.05260  2.85934e-03
 64  0.12815  4.30138e-03 | 65 -0.08795  4.30745e-03 | 66 -0.03563  3.46049e-03
 67 -0.01574  4.58002e-03 | 68 -0.61894 -5.31283e-03 | 69  0.02298 -7.34583e-03
 70  0.62269  2.79681e-02 | 71 -0.33452  5.41680e-03 | 72  0.40855  1.74451e-02
 73 -0.07771  4.34895e-03 | 74  0.14372  4.85491e-03 | 75 -0.47942  1.56499e-02
 76  1.61015  1.94432e-05 | 77 -0.15013 -8.53311e-03 | 78  0.67379 -2.03424e-05
  ic > imax  in fminim is answer attained ?
Var    Value     Gradient |Var    Value     Gradient |Var    Value     Gradient
  1 -0.20860  2.60590e-05 |  2  0.25902 -9.48777e-06 |  3  0.05568 -6.11951e-05
  4 -0.53107 -1.63160e-04 |  5 -0.51258 -1.22274e-04 |  6 -0.24807 -7.86520e-05
  7 -0.03951 -2.24715e-05 |  8 -0.00074 -1.73095e-07 |  9 -0.00042 -5.24103e-08
 10 -0.00064  5.27984e-11 | 11 -0.00099 -5.50324e-08 | 12 -0.00152 -1.20137e-07
 13 -0.00234 -2.35712e-08 | 14 -0.00354 -2.98142e-08 | 15 -0.00533  4.04393e-08
 16 -0.00791 -1.76847e-07 | 17 -0.01158 -2.48147e-07 | 18 -0.01639  5.98737e-07
 19 -0.02257 -7.66311e-07 | 20 -0.03000  2.50618e-07 | 21 -0.03792 -2.42065e-07
 22 -0.04447 -3.01575e-07 | 23 -0.04620 -1.92337e-07 | 24 -0.03949 -3.30545e-07
 25 -0.02707 -5.27079e-07 | 26 -0.01860 -5.62001e-07 | 27  0.00382 -6.30300e-07
 28  0.12233  2.19750e-06 | 29  0.07445  3.38456e-06 | 30  0.06795  3.65700e-06
 31 -0.08804  4.79833e-06 | 32 -0.12099  4.65774e-06 | 33  0.10557  8.80585e-08
 34 -0.09818  3.93738e-06 | 35  0.11356 -4.17752e-06 | 36 -0.01660  9.55373e-07
 37 -0.09551  2.62940e-06 | 38 -0.23233  4.07403e-06 | 39 -0.08859  1.80062e-06
 40  0.04443 -5.15703e-06 | 41  0.01800 -3.46332e-06 | 42  0.01286 -3.31607e-06
 43  0.13469 -1.64643e-05 | 44 -0.00225 -3.08878e-06 | 45 -0.07259  2.03911e-07
 46 -0.07780  4.88029e-07 | 47  0.06331 -7.21748e-06 | 48 -0.01402 -1.56074e-06
 49 -0.06718  1.83655e-06 | 50  0.08107 -6.06784e-06 | 51  0.04772 -3.43051e-06
 52 -0.07193  1.49323e-06 | 53 -0.02901 -2.14178e-07 | 54 -0.04820  4.90568e-07
 55 -0.08303  1.35287e-06 | 56  0.00829 -2.15327e-06 | 57  0.04123 -3.58379e-06
 58 -0.04242  7.19919e-07 | 59  0.12799 -8.77043e-06 | 60 -0.05544  3.32249e-06
 61  0.09553  1.26568e-06 | 62  0.10138  3.56990e-06 | 63  0.05260  4.78148e-06
 64  0.12815  5.11086e-06 | 65 -0.08795  5.12189e-06 | 66 -0.03563  5.04209e-06
 67 -0.01575  5.20420e-06 | 68 -0.61894 -3.82503e-06 | 69  0.02298 -5.84755e-06
 70  0.62272 -2.46239e-05 | 71 -0.36428 -6.95686e-07 | 72  0.40855  1.00184e-04
 73 -0.06201 -1.28145e-06 | 74  0.14370 -8.46790e-06 | 75 -0.47942  1.16526e-05
 76  1.60976  1.37157e-08 | 77 -0.15013 -6.84498e-06 | 78  0.67395  1.27943e-08
Function minimizer not making progress ... is minimum attained?
Minimprove criterion = 0.0000e+00

 - final statistics:
78 variables; iteration 151; function evaluation 255
Function value 1.8154e+02; maximum gradient component mag -1.6316e-04
Exit code = 1;  converg criter 1.0000e-04
Var    Value     Gradient |Var    Value     Gradient |Var    Value     Gradient
  1 -0.20860  2.60590e-05 |  2  0.25902 -9.48777e-06 |  3  0.05568 -6.11951e-05
  4 -0.53107 -1.63160e-04 |  5 -0.51258 -1.22274e-04 |  6 -0.24807 -7.86520e-05
  7 -0.03951 -2.24715e-05 |  8 -0.00074 -1.73095e-07 |  9 -0.00042 -5.24103e-08
 10 -0.00064  5.27984e-11 | 11 -0.00099 -5.50324e-08 | 12 -0.00152 -1.20137e-07
 13 -0.00234 -2.35712e-08 | 14 -0.00354 -2.98142e-08 | 15 -0.00533  4.04393e-08
 16 -0.00791 -1.76847e-07 | 17 -0.01158 -2.48147e-07 | 18 -0.01639  5.98737e-07
 19 -0.02257 -7.66311e-07 | 20 -0.03000  2.50618e-07 | 21 -0.03792 -2.42065e-07
 22 -0.04447 -3.01575e-07 | 23 -0.04620 -1.92337e-07 | 24 -0.03949 -3.30545e-07
 25 -0.02707 -5.27079e-07 | 26 -0.01860 -5.62001e-07 | 27  0.00382 -6.30300e-07
 28  0.12233  2.19750e-06 | 29  0.07445  3.38456e-06 | 30  0.06795  3.65700e-06
 31 -0.08804  4.79833e-06 | 32 -0.12099  4.65774e-06 | 33  0.10557  8.80585e-08
 34 -0.09818  3.93738e-06 | 35  0.11356 -4.17752e-06 | 36 -0.01660  9.55373e-07
 37 -0.09551  2.62940e-06 | 38 -0.23233  4.07403e-06 | 39 -0.08859  1.80062e-06
 40  0.04443 -5.15703e-06 | 41  0.01800 -3.46332e-06 | 42  0.01286 -3.31607e-06
 43  0.13469 -1.64643e-05 | 44 -0.00225 -3.08878e-06 | 45 -0.07259  2.03911e-07
 46 -0.07780  4.88029e-07 | 47  0.06331 -7.21748e-06 | 48 -0.01402 -1.56074e-06
 49 -0.06718  1.83655e-06 | 50  0.08107 -6.06784e-06 | 51  0.04772 -3.43051e-06
 52 -0.07193  1.49323e-06 | 53 -0.02901 -2.14178e-07 | 54 -0.04820  4.90568e-07
 55 -0.08303  1.35287e-06 | 56  0.00829 -2.15327e-06 | 57  0.04123 -3.58379e-06
 58 -0.04242  7.19919e-07 | 59  0.12799 -8.77043e-06 | 60 -0.05544  3.32249e-06
 61  0.09553  1.26568e-06 | 62  0.10138  3.56990e-06 | 63  0.05260  4.78148e-06
 64  0.12815  5.11086e-06 | 65 -0.08795  5.12189e-06 | 66 -0.03563  5.04209e-06
 67 -0.01575  5.20420e-06 | 68 -0.61894 -3.82503e-06 | 69  0.02298 -5.84755e-06
 70  0.62272 -2.46239e-05 | 71 -0.36428 -6.95686e-07 | 72  0.40855  1.00184e-04
 73 -0.06201 -1.28145e-06 | 74  0.14370 -8.46790e-06 | 75 -0.47942  1.16526e-05
 76  1.60976  1.37157e-08 | 77 -0.15013 -6.84498e-06 | 78  0.67395  1.27943e-08
Estimating row 1 out of 78 for hessian
Estimating row 2 out of 78 for hessian
Estimating row 3 out of 78 for hessian
Estimating row 4 out of 78 for hessian
Estimating row 5 out of 78 for hessian
Estimating row 6 out of 78 for hessian
Estimating row 7 out of 78 for hessian
Estimating row 8 out of 78 for hessian
Estimating row 9 out of 78 for hessian
Estimating row 10 out of 78 for hessian
Estimating row 11 out of 78 for hessian
Estimating row 12 out of 78 for hessian
Estimating row 13 out of 78 for hessian
Estimating row 14 out of 78 for hessian
Estimating row 15 out of 78 for hessian
Estimating row 16 out of 78 for hessian
Estimating row 17 out of 78 for hessian
Estimating row 18 out of 78 for hessian
Estimating row 19 out of 78 for hessian
Estimating row 20 out of 78 for hessian
Estimating row 21 out of 78 for hessian
Estimating row 22 out of 78 for hessian
Estimating row 23 out of 78 for hessian
Estimating row 24 out of 78 for hessian
Estimating row 25 out of 78 for hessian
Estimating row 26 out of 78 for hessian
Estimating row 27 out of 78 for hessian
Estimating row 28 out of 78 for hessian
Estimating row 29 out of 78 for hessian
Estimating row 30 out of 78 for hessian
Estimating row 31 out of 78 for hessian
Estimating row 32 out of 78 for hessian
Estimating row 33 out of 78 for hessian
Estimating row 34 out of 78 for hessian
Estimating row 35 out of 78 for hessian
Estimating row 36 out of 78 for hessian
Estimating row 37 out of 78 for hessian
Estimating row 38 out of 78 for hessian
Estimating row 39 out of 78 for hessian
Estimating row 40 out of 78 for hessian
Estimating row 41 out of 78 for hessian
Estimating row 42 out of 78 for hessian
Estimating row 43 out of 78 for hessian
Estimating row 44 out of 78 for hessian
Estimating row 45 out of 78 for hessian
Estimating row 46 out of 78 for hessian
Estimating row 47 out of 78 for hessian
Estimating row 48 out of 78 for hessian
Estimating row 49 out of 78 for hessian
Estimating row 50 out of 78 for hessian
Estimating row 51 out of 78 for hessian
Estimating row 52 out of 78 for hessian
Estimating row 53 out of 78 for hessian
Estimating row 54 out of 78 for hessian
Estimating row 55 out of 78 for hessian
Estimating row 56 out of 78 for hessian
Estimating row 57 out of 78 for hessian
Estimating row 58 out of 78 for hessian
Estimating row 59 out of 78 for hessian
Estimating row 60 out of 78 for hessian
Estimating row 61 out of 78 for hessian
Estimating row 62 out of 78 for hessian
Estimating row 63 out of 78 for hessian
Estimating row 64 out of 78 for hessian
Estimating row 65 out of 78 for hessian
Estimating row 66 out of 78 for hessian
Estimating row 67 out of 78 for hessian
Estimating row 68 out of 78 for hessian
Estimating row 69 out of 78 for hessian
Estimating row 70 out of 78 for hessian
Estimating row 71 out of 78 for hessian
Estimating row 72 out of 78 for hessian
Estimating row 73 out of 78 for hessian
Estimating row 74 out of 78 for hessian
Estimating row 75 out of 78 for hessian
Estimating row 76 out of 78 for hessian
Estimating row 77 out of 78 for hessian
Estimating row 78 out of 78 for hessian
size of file gradfil1.tmp = 0
size of file gradfil2.tmp = 0
size of file varssave.tmp = 0
size of file cmpdiff.tmp = 0
