
Initial statistics: 66 variables; iteration 0; function evaluation 0; phase 1
Function value 2.8189109e+03; maximum gradient component mag -5.7072e+04
Var    Value     Gradient |Var    Value     Gradient |Var    Value     Gradient
  1 -0.32528 -5.70716e+04 |  2 -0.03910 -2.46126e+03 |  3  0.00000 -9.68807e-01
  4  0.00000 -5.17633e-01 |  5  0.00000 -7.84914e-01 |  6  0.00000 -1.18816e+00
  7  0.00000 -1.79187e+00 |  8  0.00000 -2.68055e+00 |  9  0.00000 -3.99490e+00
 10  0.00000 -5.90613e+00 | 11  0.00000 -8.67663e+00 | 12  0.00000 -1.26473e+01
 13  0.00000 -1.82345e+01 | 14  0.00000 -2.59013e+01 | 15  0.00000 -3.64276e+01
 16  0.00000 -5.07503e+01 | 17  0.00000 -6.99598e+01 | 18  0.00000 -9.54223e+01
 19  0.00000 -1.28826e+02 | 20  0.00000 -1.72234e+02 | 21  0.00000 -2.29398e+02
 22  0.00000 -3.06914e+02 | 23  0.00000  2.95120e+03 | 24  0.00000  2.78622e+03
 25  0.00000  2.68600e+03 | 26  0.00000  2.71683e+03 | 27  0.00000  2.57548e+03
 28  0.00000  1.76165e+03 | 29  0.00000  1.93332e+03 | 30  0.00000  1.52939e+03
 31  0.00000  2.10865e+03 | 32  0.00000  2.60197e+03 | 33  0.00000  2.76058e+03
 34  0.00000  2.13816e+03 | 35  0.00000  1.15746e+03 | 36  0.00000  6.75495e+02
 37  0.00000  2.10239e+02 | 38  0.00000 -3.08078e+02 | 39  0.00000  1.30228e+02
 40  0.00000  7.99599e+02 | 41  0.00000  8.49420e+02 | 42  0.00000  3.97952e+02
 43  0.00000  4.00981e+02 | 44  0.00000  2.52176e+02 | 45  0.00000 -3.41158e+02
 46  0.00000 -2.29343e+02 | 47  0.00000  4.06002e+02 | 48  0.00000  3.72620e+02
 49  0.00000  1.76049e+02 | 50  0.00000 -2.19530e+02 | 51  0.00000 -1.23069e+03
 52  0.00000 -2.07995e+03 | 53  0.00000 -2.56086e+03 | 54  0.00000 -3.44517e+03
 55  0.00000 -3.05254e+03 | 56  0.00000 -3.09840e+03 | 57  0.00000 -5.09493e+03
 58  0.00000 -1.03862e+04 | 59  0.00000 -1.22070e+04 | 60  0.00000 -5.56674e+03
 61  0.00000  2.83961e+02 | 62  0.00000  2.49288e+03 | 63  0.00000  2.76042e+03
 64  0.00000  2.79151e+03 | 65  0.00000  3.63384e+03 | 66  0.00000  3.48030e+03

Intermediate statistics: 66 variables; iteration 20; function evaluation 32; phase 1
Function value 2.9254810e+02; maximum gradient component mag 1.7412e+03
Var    Value     Gradient |Var    Value     Gradient |Var    Value     Gradient
  1 -0.31405  1.74116e+03 |  2 -0.04666 -7.10835e+01 |  3 -0.00078  9.88512e-02
  4 -0.00042  5.29254e-02 |  5 -0.00063  7.99064e-02 |  6 -0.00096  1.20500e-01
  7 -0.00146  1.80852e-01 |  8 -0.00221  2.69633e-01 |  9 -0.00331  3.96685e-01
 10 -0.00494  5.77549e-01 | 11 -0.00727  8.25334e-01 | 12 -0.01061  1.15574e+00
 13 -0.01516  1.56723e+00 | 14 -0.02100  2.03912e+00 | 15 -0.02813  2.54148e+00
 16 -0.03576  3.02789e+00 | 17 -0.04203  3.47941e+00 | 18 -0.04368  3.96661e+00
 19 -0.03755  4.69311e+00 | 20 -0.02466  6.16995e+00 | 21 -0.00794  9.37103e+00
 22  0.02310  1.48501e+01 | 23  0.09799 -4.79742e+01 | 24  0.08873 -2.41826e+01
 25  0.04360 -2.13150e+01 | 26 -0.06368 -3.76122e+01 | 27 -0.09843 -3.02812e+01
 28  0.09895  1.22742e+02 | 29 -0.06016  2.04630e+01 | 30  0.11607  2.94196e+02
 31 -0.00340  5.89275e+01 | 32 -0.10482 -7.01710e+01 | 33 -0.41569 -1.29617e+02
 34 -0.07021 -3.38572e+01 | 35  0.04908  5.04650e+01 | 36  0.02187  1.11565e+01
 37  0.02722  5.22206e+00 | 38  0.12800  4.52186e+01 | 39  0.01093 -1.09132e+01
 40 -0.06625 -5.23733e+01 | 41 -0.06551 -8.53774e+01 | 42  0.04789 -1.90634e+02
 43 -0.01275 -1.16670e+02 | 44 -0.04943 -8.68458e+01 | 45  0.07161 -1.49631e+02
 46  0.03940 -9.29345e+01 | 47 -0.05142 -7.82106e+00 | 48 -0.02845  1.71576e+01
 49 -0.04226  4.63054e+01 | 50 -0.05526  9.82749e+01 | 51  0.01120  1.60680e+02
 52  0.04752  2.92707e+02 | 53  0.02893  4.01622e+02 | 54  0.10663  3.64877e+02
 55  0.05301  3.85595e+02 | 56  0.09852  2.70184e+02 | 57  0.10122  1.67055e+01
 58  0.04002 -1.58101e+02 | 59  0.12529 -2.75050e+02 | 60 -0.21606 -2.72351e+02
 61 -0.03849 -1.04995e+02 | 62 -0.07174 -5.42226e+01 | 63 -0.01615 -8.36511e+01
 64  0.10659 -1.51955e+02 | 65 -0.09546 -9.67956e+01 | 66  0.04073 -9.29763e+01
66 variables; iteration 40; function evaluation 54; phase 1
Function value 2.4659097e+02; maximum gradient component mag -2.6602e+02
Var    Value     Gradient |Var    Value     Gradient |Var    Value     Gradient
  1 -0.32461  2.18368e+02 |  2 -0.03602  1.37329e+02 |  3 -0.00279 -1.95194e-01
  4 -0.00152 -1.07335e-01 |  5 -0.00228 -1.59548e-01 |  6 -0.00339 -2.35481e-01
  7 -0.00501 -3.42916e-01 |  8 -0.00732 -4.91952e-01 |  9 -0.01046 -6.83735e-01
 10 -0.01471 -9.28593e-01 | 11 -0.02014 -1.21335e+00 | 12 -0.02692 -1.52160e+00
 13 -0.03468 -1.78804e+00 | 14 -0.04311 -1.96797e+00 | 15 -0.05280 -2.18719e+00
 16 -0.06432 -2.71069e+00 | 17 -0.07348 -3.04755e+00 | 18 -0.06703 -9.41906e-01
 19 -0.03488  5.81157e+00 | 20  0.00827  1.51681e+01 | 21  0.02914  1.88131e+01
 22  0.04835  1.66887e+01 | 23  0.09889  5.68563e+00 | 24  0.07883  1.99818e+00
 25  0.05752  4.34813e+00 | 26 -0.08706 -6.02145e+00 | 27 -0.10496  1.37342e+01
 28  0.10509  2.66772e+01 | 29 -0.07439  1.60704e+01 | 30  0.11269 -2.17141e+01
 31 -0.01135 -3.54072e+01 | 32 -0.10385 -6.26192e+01 | 33 -0.37036 -6.07926e+01
 34 -0.08989 -7.43986e+01 | 35  0.05036 -6.74737e+01 | 36  0.02152 -1.28770e+01
 37  0.02487  1.81358e+01 | 38  0.13796  5.91875e+01 | 39  0.01795  2.17100e+01
 40 -0.11890 -4.78109e+01 | 41 -0.05793  1.16260e+00 | 42  0.06980  4.94861e+01
 43 -0.01151  2.53162e+01 | 44 -0.05198  3.09999e+01 | 45  0.08790  8.54098e+01
 46  0.05500  4.51284e+01 | 47 -0.07453 -1.60973e+01 | 48 -0.02856 -2.00136e+01
 49 -0.04213 -2.30919e+00 | 50 -0.07376 -2.01863e+00 | 51  0.00911 -1.73163e+01
 52  0.04778  4.80816e+01 | 53 -0.00620  9.96145e+01 | 54  0.11872  6.32188e+01
 55  0.01441  1.34920e+02 | 56  0.09560  1.11033e+02 | 57  0.11909  4.78969e+01
 58  0.02591 -1.66672e+02 | 59  0.12257 -2.66019e+02 | 60 -0.10134 -1.13969e+02
 61 -0.04036 -3.55656e+01 | 62 -0.08582 -8.25207e+00 | 63 -0.01438  1.80993e+01
 64  0.12769  5.92412e+01 | 65 -0.09211 -2.38412e-01 | 66  0.02052 -4.47958e+01
66 variables; iteration 60; function evaluation 82; phase 1
Function value 2.2832670e+02; maximum gradient component mag -3.4664e+02
Var    Value     Gradient |Var    Value     Gradient |Var    Value     Gradient
  1 -0.32653 -3.46639e+02 |  2 -0.03964 -6.06508e+01 |  3 -0.00269 -2.21683e-01
  4 -0.00167 -1.50588e-01 |  5 -0.00231 -1.96427e-01 |  6 -0.00302 -2.31456e-01
  7 -0.00361 -2.17279e-01 |  8 -0.00374 -8.69694e-02 |  9 -0.00317  2.14153e-01
 10 -0.00270  6.13541e-01 | 11 -0.00427  8.55277e-01 | 12 -0.00729  1.07523e+00
 13 -0.01060  1.47858e+00 | 14 -0.02213  7.25873e-01 | 15 -0.05111 -2.95581e+00
 16 -0.03932  4.01670e-01 | 17 -0.06235 -2.92036e+00 | 18 -0.05354 -1.43332e+00
 19 -0.04289 -1.31894e+00 | 20 -0.04626 -4.51548e+00 | 21 -0.01435 -1.88711e+00
 22 -0.00975 -5.04208e+00 | 23  0.12104  4.21260e+00 | 24  0.07842  7.03895e+00
 25  0.05591 -8.10934e-01 | 26 -0.08711  5.75060e+00 | 27 -0.13797  2.86976e+00
 28  0.11020 -3.39299e+00 | 29 -0.11236  8.55947e+00 | 30  0.11880  2.48867e+00
 31 -0.01678  6.52081e+00 | 32 -0.09702  7.77907e+00 | 33 -0.25258  4.99418e+00
 34 -0.08479  4.46210e+00 | 35  0.05317 -9.68397e-01 | 36  0.02283  2.95063e+00
 37  0.01614  6.03024e+00 | 38  0.14281  1.45125e+00 | 39 -0.00162 -1.92620e-01
 40 -0.07037  1.43523e+00 | 41 -0.08453 -3.45909e+00 | 42  0.07361 -9.89875e+00
 43 -0.01196 -1.01388e+01 | 44 -0.07194 -7.68768e+00 | 45  0.08886 -1.89036e+01
 46  0.05360 -1.02935e+01 | 47 -0.07888 -9.32846e+00 | 48 -0.02179 -3.30104e+00
 49 -0.04196 -4.67331e+00 | 50 -0.08580 -1.64535e+01 | 51  0.01799 -2.86998e+00
 52  0.05014 -1.93085e+00 | 53 -0.04818 -1.22403e+01 | 54  0.13831  1.52170e+01
 55 -0.05161  2.17529e+01 | 56  0.09997  1.64854e+01 | 57  0.10772  3.35292e+00
 58  0.05218 -3.96497e+01 | 59  0.13101 -6.01419e+01 | 60 -0.07853 -2.35648e+01
 61 -0.04198  7.63334e+00 | 62 -0.09247  1.14470e+01 | 63 -0.02209  1.58293e+01
 64  0.12209  2.01512e+01 | 65 -0.10377  1.86801e+01 | 66  0.03699  1.98602e+01
Maximum number of function evaluations exceeded

 - final statistics:
66 variables; iteration 72; function evaluation 100
Function value 2.2736e+02; maximum gradient component mag -2.2660e+02
Exit code = 3;  converg criter 1.0000e+01
Var    Value     Gradient |Var    Value     Gradient |Var    Value     Gradient
  1 -0.32415 -2.26596e+02 |  2 -0.03880 -7.77571e+00 |  3  0.00282  5.71088e-01
  4  0.00183  3.47396e-01 |  5  0.00266  5.13626e-01 |  6  0.00230  5.39448e-01
  7  0.00016  3.38961e-01 |  8 -0.00211  1.79772e-01 |  9 -0.01148 -9.42909e-01
 10 -0.01607 -1.28177e+00 | 11 -0.00727  5.14302e-01 | 12 -0.00639  1.38654e+00
 13 -0.03677 -2.53181e+00 | 14 -0.02144  1.15882e+00 | 15 -0.03735 -1.84061e-01
 16 -0.04690 -4.81436e-01 | 17 -0.05145 -2.16200e-01 | 18 -0.05343 -4.70512e-01
 19 -0.04745 -7.61473e-01 | 20 -0.02999 -1.07007e-02 | 21 -0.02461 -9.71361e-01
 22 -0.00370 -1.28454e+00 | 23  0.12661  1.19277e+01 | 24  0.06291  1.07913e+01
 25  0.06250  1.05315e+01 | 26 -0.08802  9.92038e+00 | 27 -0.12698  1.03253e+01
 28  0.10819  3.97422e+00 | 29 -0.11102  4.68983e+00 | 30  0.11671  1.74936e+00
 31 -0.01702  6.49866e+00 | 32 -0.09818  7.79888e+00 | 33 -0.24016  7.04217e+00
 34 -0.08516  6.65249e+00 | 35  0.05216  3.67354e+00 | 36  0.02260  1.51371e+00
 37  0.01401 -1.24558e+00 | 38  0.14106 -3.37012e+00 | 39 -0.00126 -6.23118e-01
 40 -0.07245  2.12933e+00 | 41 -0.07758  2.92011e+00 | 42  0.07072  2.45938e+00
 43 -0.01048  2.42745e+00 | 44 -0.06844  6.90061e-01 | 45  0.08785 -1.09996e+00
 46  0.05141 -1.50946e+00 | 47 -0.07141  3.12021e+00 | 48 -0.02414  3.13382e+00
 49 -0.04344  3.12700e+00 | 50 -0.07784  2.62717e+00 | 51  0.01482 -4.41064e+00
 52  0.04901 -5.55036e+00 | 53 -0.04615 -1.32159e+01 | 54  0.13844 -1.09352e+01
 55 -0.07277 -6.48247e+00 | 56  0.10163 -8.93111e+00 | 57  0.10446 -2.12965e+01
 58  0.05226 -4.46594e+01 | 59  0.13120 -4.77486e+01 | 60 -0.07668 -2.23169e+01
 61 -0.04376  1.72708e+00 | 62 -0.09057  1.19930e+01 | 63 -0.02242  1.19126e+01
 64  0.12059  1.24568e+01 | 65 -0.10238  1.44274e+01 | 66  0.03658  1.41175e+01

Initial statistics: 71 variables; iteration 0; function evaluation 0; phase 2
Function value 2.2736168e+02; maximum gradient component mag 8.3605e+02
Var    Value     Gradient |Var    Value     Gradient |Var    Value     Gradient
  1 -0.38041 -1.27824e+01 |  2  0.29696 -1.70027e+02 |  3  0.11318  2.47876e+02
  4 -0.56978  8.36049e+02 |  5 -0.49467  7.59495e+02 |  6 -0.32415 -2.26561e+02
  7 -0.03880 -7.87776e+00 |  8  0.00282  5.67284e-01 |  9  0.00183  3.47792e-01
 10  0.00266  5.11753e-01 | 11  0.00230  5.34689e-01 | 12  0.00016  3.41023e-01
 13 -0.00211  1.81226e-01 | 14 -0.01148 -9.36176e-01 | 15 -0.01607 -1.27946e+00
 16 -0.00727  5.14206e-01 | 17 -0.00639  1.37957e+00 | 18 -0.03677 -2.52425e+00
 19 -0.02144  1.15007e+00 | 20 -0.03735 -1.92072e-01 | 21 -0.04690 -4.80995e-01
 22 -0.05145 -2.18540e-01 | 23 -0.05343 -4.70917e-01 | 24 -0.04745 -7.65804e-01
 25 -0.02999 -2.09764e-02 | 26 -0.02461 -9.72843e-01 | 27 -0.00370 -1.29510e+00
 28  0.12662  1.19837e+01 | 29  0.06291  1.08807e+01 | 30  0.06250  1.06231e+01
 31 -0.08801  1.00559e+01 | 32 -0.12698  1.04655e+01 | 33  0.10820  4.05392e+00
 34 -0.11102  4.85986e+00 | 35  0.11672  1.84925e+00 | 36 -0.01701  6.63951e+00
 37 -0.09818  7.94595e+00 | 38 -0.24016  7.24288e+00 | 39 -0.08515  6.82773e+00
 40  0.05217  3.83890e+00 | 41  0.02260  1.68242e+00 | 42  0.01402 -1.05927e+00
 43  0.14106 -3.17432e+00 | 44 -0.00125 -4.35176e-01 | 45 -0.07244  2.30908e+00
 46 -0.07757  3.08046e+00 | 47  0.07073  2.60778e+00 | 48 -0.01047  2.59540e+00
 49 -0.06843  8.75070e-01 | 50  0.08785 -8.89716e-01 | 51  0.05142 -1.29553e+00
 52 -0.07140  3.27503e+00 | 53 -0.02413  3.27121e+00 | 54 -0.04343  3.24786e+00
 55 -0.07784  2.76326e+00 | 56  0.01482 -4.24400e+00 | 57  0.04901 -5.40031e+00
 58 -0.04614 -1.30143e+01 | 59  0.13845 -1.07951e+01 | 60 -0.07276 -6.35111e+00
 61  0.10163 -8.74036e+00 | 62  0.10447 -2.10196e+01 | 63  0.05226 -4.43561e+01
 64  0.13120 -4.75592e+01 | 65 -0.07667 -2.21944e+01 | 66 -0.04376  1.87082e+00
 67 -0.09056  1.21174e+01 | 68 -0.02241  1.20696e+01 | 69  0.12059  1.26067e+01
 70 -0.10237  1.45697e+01 | 71  0.03659  1.42735e+01 |

Intermediate statistics: 71 variables; iteration 20; function evaluation 26; phase 2
Function value 2.1558381e+02; maximum gradient component mag -6.2539e+02
Var    Value     Gradient |Var    Value     Gradient |Var    Value     Gradient
  1 -0.26360  1.31965e+02 |  2  0.39403 -5.46186e+00 |  3  0.06026  1.20767e+01
  4 -0.52980  9.15356e+01 |  5 -0.52136  1.61803e+02 |  6 -0.29677 -6.25388e+02
  7 -0.03917 -2.85657e+01 |  8 -0.00080  6.32465e-04 |  9 -0.00042  4.65694e-03
 10 -0.00065  6.34009e-03 | 11 -0.00110 -3.60713e-03 | 12 -0.00187 -2.95234e-02
 13 -0.00296 -5.90617e-02 | 14 -0.00478 -1.33150e-01 | 15 -0.00700 -1.73290e-01
 16 -0.00973 -1.67172e-01 | 17 -0.01408 -2.28325e-01 | 18 -0.01955 -2.59859e-01
 19 -0.02692 -3.84004e-01 | 20 -0.03459 -3.57760e-01 | 21 -0.04254 -3.12337e-01
 22 -0.04885 -2.46817e-01 | 23 -0.04979 -8.52990e-02 | 24 -0.04267  5.51786e-02
 25 -0.03051  1.58701e-01 | 26 -0.02031  5.36997e-01 | 27  0.00212  8.99191e-01
 28  0.11936  3.32917e+01 | 29  0.07179  2.83296e+01 | 30  0.06290  2.27283e+01
 31 -0.08892  2.30386e+01 | 32 -0.12791  2.72723e+01 | 33  0.10364  1.35819e+01
 34 -0.11246  3.22089e+01 | 35  0.11919  4.05896e+01 | 36 -0.01854  2.48768e+01
 37 -0.09234  1.94090e+01 | 38 -0.23028  2.80166e+01 | 39 -0.08698  2.87958e+01
 40  0.04948  1.08951e+01 | 41  0.02011 -3.63521e+00 | 42  0.01569 -1.57872e+01
 43  0.13398 -1.16785e+02 | 44  0.00342 -1.72098e+01 | 45 -0.06975  8.62797e+00
 46 -0.07361  9.67704e+00 | 47  0.06423 -4.63930e+01 | 48 -0.01059 -1.47234e+01
 49 -0.06491  3.51554e+00 | 50  0.08277 -4.76609e+01 | 51  0.05238 -2.43930e+01
 52 -0.06902  1.18995e+01 | 53 -0.02531  1.74249e+00 | 54 -0.04502  1.09738e+00
 55 -0.07899  6.47812e+00 | 56  0.01086 -1.95281e+01 | 57  0.04481 -4.41022e+01
 58 -0.03991 -8.55353e+00 | 59  0.12772 -1.43070e+02 | 60 -0.04700 -4.00806e+00
 61  0.09374 -8.48162e+01 | 62  0.09731 -9.58760e+01 | 63  0.05774 -4.57025e+01
 64  0.12741 -9.43316e+01 | 65 -0.06553  9.40153e+00 | 66 -0.04706  2.71923e+00
 67 -0.09560  1.52494e+01 | 68 -0.02622  1.79239e+01 | 69  0.11759  1.60072e+01
 70 -0.10540  3.06658e+01 | 71  0.03091  2.91888e+01 |
71 variables; iteration 40; function evaluation 49; phase 2
Function value 2.1318851e+02; maximum gradient component mag -6.9598e+01
Var    Value     Gradient |Var    Value     Gradient |Var    Value     Gradient
  1 -0.27327  1.48961e+01 |  2  0.40024 -5.42608e+00 |  3  0.06388  8.03257e+00
  4 -0.53101  3.19805e+01 |  5 -0.52493  4.76715e+01 |  6 -0.29652 -6.95984e+01
  7 -0.03779 -4.92607e+00 |  8  0.00015  1.41820e-01 |  9  0.00019  9.32758e-02
 10  0.00023  1.35925e-01 | 11 -0.00023  1.28838e-01 | 12 -0.00141  4.96784e-02
 13 -0.00286 -2.34036e-02 | 14 -0.00653 -3.53336e-01 | 15 -0.00908 -4.32319e-01
 16 -0.00964 -8.81721e-02 | 17 -0.01380 -9.42701e-02 | 18 -0.01850  3.12621e-02
 19 -0.02814 -4.28672e-01 | 20 -0.03309  1.02058e-01 | 21 -0.03925  5.11359e-01
 22 -0.04680  3.36652e-01 | 23 -0.04779  3.77958e-01 | 24 -0.04162  7.19246e-02
 25 -0.03829 -1.75993e+00 | 26 -0.03477 -2.71955e+00 | 27 -0.01808 -2.66487e+00
 28  0.12329  1.00337e+01 | 29  0.08190  8.38882e+00 | 30  0.04951  2.30977e+00
 31 -0.07530  1.07059e+01 | 32 -0.13159  1.91341e+00 | 33  0.10533  7.73012e+00
 34 -0.12148  1.13246e+00 | 35  0.11858  1.29568e+01 | 36 -0.02128  2.52355e+00
 37 -0.09052  1.41054e+00 | 38 -0.23580  3.83812e-01 | 39 -0.08732  2.60155e+00
 40  0.04782 -2.17005e+00 | 41  0.02249  9.07660e+00 | 42  0.01680  4.19609e+00
 43  0.13741 -1.38138e+01 | 44  0.00101 -2.27888e+00 | 45 -0.06741  4.06365e+00
 46 -0.07623  5.56782e-01 | 47  0.06753 -3.84897e+00 | 48 -0.01183 -4.02041e+00
 49 -0.06203  1.54395e+00 | 50  0.08353 -1.01967e+01 | 51  0.05309 -1.59633e+00
 52 -0.06985 -8.17289e-01 | 53 -0.02618 -5.48268e+00 | 54 -0.04466 -1.92541e+00
 55 -0.07879  9.42450e-01 | 56  0.01191 -8.47463e-01 | 57  0.04524 -1.07567e+01
 58 -0.04221 -6.30220e+00 | 59  0.13223 -1.73317e+01 | 60 -0.05432 -2.39134e+00
 61  0.09659 -1.11677e+01 | 62  0.10242 -8.66937e+00 | 63  0.05840 -7.85976e+00
 64  0.12959 -1.40599e+01 | 65 -0.06575  1.79327e+00 | 66 -0.04708 -7.75024e-01
 67 -0.09544  2.17056e+00 | 68 -0.02608  2.97042e+00 | 69  0.11697  3.49274e+00
 70 -0.10553  4.25050e+00 | 71  0.03167  5.07739e+00 |
71 variables; iteration 60; function evaluation 75; phase 2
Function value 2.1292715e+02; maximum gradient component mag -3.8561e+01
Var    Value     Gradient |Var    Value     Gradient |Var    Value     Gradient
  1 -0.27590  1.02763e+01 |  2  0.40347 -3.88406e+00 |  3  0.06020 -7.65072e+00
  4 -0.52810 -2.03936e+01 |  5 -0.52780 -5.89684e+00 |  6 -0.29710 -3.85612e+01
  7 -0.03777 -6.09179e+00 |  8 -0.00003  1.15196e-01 |  9 -0.00005  6.01198e-02
 10 -0.00003  9.94541e-02 | 11 -0.00027  1.22272e-01 | 12 -0.00109  9.26740e-02
 13 -0.00235  4.72637e-02 | 14 -0.00745 -4.89496e-01 | 15 -0.01191 -8.49438e-01
 16 -0.00863  5.47171e-02 | 17 -0.01227  1.29790e-01 | 18 -0.01123  1.18077e+00
 19 -0.03211 -1.10905e+00 | 20 -0.02937  7.25539e-01 | 21 -0.04338 -2.93883e-01
 22 -0.05066 -4.48003e-01 | 23 -0.04778  3.55971e-01 | 24 -0.04389 -2.63544e-01
 25 -0.02912  9.26401e-02 | 26 -0.02352 -6.96629e-01 | 27 -0.00708 -1.55470e+00
 28  0.12153  2.16578e+00 | 29  0.07513  1.56196e+00 | 30  0.05758 -3.16163e-01
 31 -0.08558  3.32011e+00 | 32 -0.12868  6.12208e-01 | 33  0.10515 -5.68245e-01
 34 -0.11856  4.93830e-01 | 35  0.11794  8.10058e-01 | 36 -0.02120  3.61486e-01
 37 -0.09066  4.82966e-01 | 38 -0.23235  6.89357e-01 | 39 -0.08780  9.60785e-01
 40  0.04872 -1.86510e+00 | 41  0.02157  2.99119e+00 | 42  0.01552  5.67851e-02
 43  0.13838 -5.52589e+00 | 44  0.00147 -9.66184e-01 | 45 -0.07025  4.80068e-01
 46 -0.07356  1.42532e+00 | 47  0.06725 -1.79308e+00 | 48 -0.01067 -1.19038e+00
 49 -0.06337  1.02741e+00 | 50  0.08444 -3.37220e+00 | 51  0.05248 -4.57878e-01
 52 -0.06978 -2.95912e-01 | 53 -0.02524 -1.27110e+00 | 54 -0.04458 -2.14116e-01
 55 -0.07890  8.39008e-01 | 56  0.01185  3.97880e-01 | 57  0.04545 -3.86112e+00
 58 -0.04024  3.88910e-02 | 59  0.13219 -5.58368e+00 | 60 -0.05385 -3.42845e-01
 61  0.09722 -2.16726e+00 | 62  0.10242 -1.98901e+00 | 63  0.05901 -1.51059e+00
 64  0.12991 -3.75280e+00 | 65 -0.06583  2.09801e+00 | 66 -0.04682  5.87685e-01
 67 -0.09537  1.89285e+00 | 68 -0.02614  2.00648e+00 | 69  0.11704  2.34750e+00
 70 -0.10738  4.19930e-01 | 71  0.03209  3.97667e+00 |
Maximum number of function evaluations exceeded

 - final statistics:
71 variables; iteration 76; function evaluation 100
Function value 2.1287e+02; maximum gradient component mag -1.6240e+01
Exit code = 3;  converg criter 1.0000e+01
Var    Value     Gradient |Var    Value     Gradient |Var    Value     Gradient
  1 -0.27699  2.39015e+00 |  2  0.40653 -5.16122e-01 |  3  0.05443 -5.28826e+00
  4 -0.52410 -1.62400e+01 |  5 -0.53069 -1.21041e+01 |  6 -0.29714 -7.23806e+00
  7 -0.03763 -8.33566e-01 |  8 -0.00096 -1.30277e-02 |  9 -0.00052 -1.28194e-02
 10 -0.00084 -1.46202e-02 | 11 -0.00120 -4.20237e-03 | 12 -0.00167  9.99563e-03
 13 -0.00262  6.99419e-03 | 14 -0.00410 -8.85837e-03 | 15 -0.00597  2.25161e-02
 16 -0.00857  8.09981e-02 | 17 -0.01352 -6.36324e-02 | 18 -0.01887 -3.05670e-02
 19 -0.02596 -8.44797e-02 | 20 -0.03397 -6.18583e-02 | 21 -0.04204 -2.22459e-03
 22 -0.04870 -1.83251e-02 | 23 -0.05003 -1.70510e-03 | 24 -0.04327 -5.99729e-02
 25 -0.03091 -5.44415e-02 | 26 -0.02097 -3.90446e-02 | 27  0.00283 -6.70836e-02
 28  0.11887 -9.10998e-02 | 29  0.07385  1.34522e-01 | 30  0.06063  1.71034e-01
 31 -0.09005  3.24330e-01 | 32 -0.12676  3.30867e-01 | 33  0.10496 -3.94592e-01
 34 -0.11682  3.27000e-01 | 35  0.11753 -6.17730e-01 | 36 -0.02118  1.53578e-01
 37 -0.09068  1.67935e-01 | 38 -0.23039  3.57550e-01 | 39 -0.08807  2.36970e-01
 40  0.04915 -4.27664e-01 | 41  0.02052 -3.21518e-01 | 42  0.01582 -2.22445e-01
 43  0.13839 -1.27447e+00 | 44  0.00146 -1.63016e-01 | 45 -0.06992  7.31511e-02
 46 -0.07395  7.82782e-02 | 47  0.06719 -6.39120e-01 | 48 -0.01023 -3.95462e-02
 49 -0.06401  9.89111e-02 | 50  0.08471 -6.02260e-01 | 51  0.05198 -3.33817e-01
 52 -0.06925  1.78919e-01 | 53 -0.02506  5.54382e-02 | 54 -0.04456  7.98746e-02
 55 -0.07894  1.54531e-01 | 56  0.01153 -1.74648e-01 | 57  0.04577 -2.84636e-01
 58 -0.04028  1.26988e-01 | 59  0.13210 -7.03473e-01 | 60 -0.05288  2.58796e-01
 61  0.09710 -9.49883e-03 | 62  0.10244  1.89136e-02 | 63  0.05912  1.36587e-01
 64  0.13002  1.32719e-01 | 65 -0.06624  4.03670e-01 | 66 -0.04665  3.97186e-01
 67 -0.09551  4.05174e-01 | 68 -0.02618  3.95571e-01 | 69  0.11689  3.57305e-01
 70 -0.10581  4.69456e-01 | 71  0.03123  4.12428e-01 |

Initial statistics: 79 variables; iteration 0; function evaluation 0; phase 3
Function value 2.1286536e+02; maximum gradient component mag 1.2398e+03
Var    Value     Gradient |Var    Value     Gradient |Var    Value     Gradient
  1 -0.27699  2.29110e+00 |  2  0.40653 -4.89097e-01 |  3  0.05443 -5.09307e+00
  4 -0.52410 -1.56566e+01 |  5 -0.53069 -1.16938e+01 |  6 -0.29714 -6.92635e+00
  7 -0.03763 -8.00180e-01 |  8 -0.00096 -1.47639e-02 |  9 -0.00052 -5.91568e-03
 10 -0.00084 -1.35946e-02 | 11 -0.00120 -7.89335e-03 | 12 -0.00167  1.26296e-02
 13 -0.00262  1.03666e-02 | 14 -0.00410 -3.96635e-03 | 15 -0.00597  2.15386e-02
 16 -0.00857  7.11001e-02 | 17 -0.01352 -5.25712e-02 | 18 -0.01887 -2.93822e-02
 19 -0.02596 -6.67351e-02 | 20 -0.03397 -5.49380e-02 | 21 -0.04204 -4.49728e-03
 22 -0.04870 -1.74883e-02 | 23 -0.05003 -6.67379e-03 | 24 -0.04327 -5.49706e-02
 25 -0.03091 -5.11551e-02 | 26 -0.02097 -3.74486e-02 | 27  0.00283 -6.38146e-02
 28  0.11887 -1.01121e-01 | 29  0.07385  1.19742e-01 | 30  0.06063  1.58128e-01
 31 -0.09005  3.01096e-01 | 32 -0.12676  3.15012e-01 | 33  0.10496 -3.90263e-01
 34 -0.11682  3.09481e-01 | 35  0.11753 -6.08584e-01 | 36 -0.02118  1.41876e-01
 37 -0.09068  1.58131e-01 | 38 -0.23040  3.42044e-01 | 39 -0.08807  2.24104e-01
 40  0.04915 -4.13627e-01 | 41  0.02052 -3.20625e-01 | 42  0.01582 -2.17650e-01
 43  0.13839 -1.22253e+00 | 44  0.00146 -1.56865e-01 | 45 -0.06992  6.75016e-02
 46 -0.07395  7.07976e-02 | 47  0.06719 -6.16174e-01 | 48 -0.01023 -3.85762e-02
 49 -0.06401  9.17179e-02 | 50  0.08471 -5.76513e-01 | 51  0.05198 -3.22126e-01
 52 -0.06925  1.72022e-01 | 53 -0.02506  5.48653e-02 | 54 -0.04456  7.50342e-02
 55 -0.07894  1.44865e-01 | 56  0.01153 -1.71293e-01 | 57  0.04577 -2.66570e-01
 58 -0.04028  1.20931e-01 | 59  0.13210 -6.71701e-01 | 60 -0.05288  2.52232e-01
 61  0.09710 -7.93813e-03 | 62  0.10244  1.88771e-02 | 63  0.05912  1.33795e-01
 64  0.13002  1.33624e-01 | 65 -0.06624  3.83043e-01 | 66 -0.04665  3.79447e-01
 67 -0.09551  3.84694e-01 | 68 -0.02618  3.75256e-01 | 69  0.11689  3.37573e-01
 70 -0.10581  4.50278e-01 | 71  0.03123  3.87241e-01 | 72  0.65940 -8.77207e+00
 73  0.11821 -3.60795e-02 | 74  0.41078  1.68294e+02 | 75 -0.09439 -1.51772e-03
 76  0.11191 -8.82810e-02 | 77 -0.34908  1.23981e+03 | 78  0.26198  1.36243e-03
 79 -0.20514 -5.01100e+02 |

Intermediate statistics: 79 variables; iteration 20; function evaluation 27; phase 3
Function value 2.1014067e+02; maximum gradient component mag 3.1972e+02
Var    Value     Gradient |Var    Value     Gradient |Var    Value     Gradient
  1 -0.34764  1.74360e+01 |  2  0.41284 -8.91798e+00 |  3  0.05506 -6.31950e+01
  4 -0.52617 -1.93446e+02 |  5 -0.52999 -1.56394e+02 |  6 -0.32027 -1.54219e+01
  7 -0.03861 -1.65426e+01 |  8 -0.00095  9.71936e-03 |  9 -0.00052  4.72173e-03
 10 -0.00082  4.98188e-03 | 11 -0.00122  1.07522e-02 | 12 -0.00182  2.27269e-02
 13 -0.00279  2.89066e-02 | 14 -0.00426  3.26314e-02 | 15 -0.00632  5.05354e-02
 16 -0.00923  7.50574e-02 | 17 -0.01371  4.70013e-02 | 18 -0.01929  5.66349e-02
 19 -0.02634  3.84750e-02 | 20 -0.03454  1.37718e-02 | 21 -0.04295 -3.25703e-02
 22 -0.04966 -1.28501e-01 | 23 -0.05116 -2.58668e-01 | 24 -0.04432 -4.29592e-01
 25 -0.03204 -6.17997e-01 | 26 -0.02202 -8.34071e-01 | 27  0.00196 -1.06689e+00
 28  0.11923 -2.62425e+00 | 29  0.07526 -1.21214e+00 | 30  0.06046 -1.91110e+00
 31 -0.08480  8.67117e-01 | 32 -0.13259  8.48760e-01 | 33  0.10712 -6.07137e+00
 34 -0.13122 -1.04901e+00 | 35  0.12006 -1.66574e+01 | 36 -0.02239 -4.03006e+00
 37 -0.08879 -2.67163e+00 | 38 -0.22940  5.19493e-01 | 39 -0.09339  1.18731e-02
 40  0.04999 -1.80713e+00 | 41  0.02033 -3.76185e+00 | 42  0.01415 -4.36441e+00
 43  0.13830 -8.29780e+00 | 44  0.01122 -1.47271e-01 | 45 -0.07325  3.23611e+00
 46 -0.07091  5.95450e+00 | 47  0.06802  1.92003e+01 | 48 -0.00571  8.95832e+00
 49 -0.06390  2.31133e+00 | 50  0.08066  6.40533e-01 | 51  0.06041  2.02241e+01
 52 -0.07086  7.75978e+00 | 53 -0.02294  1.81783e+00 | 54 -0.04551 -1.40233e+00
 55 -0.07712 -4.26175e+00 | 56  0.00471 -4.72800e+00 | 57  0.05380  2.36183e+01
 58 -0.04391  1.12585e+01 | 59  0.13420  3.29157e+01 | 60 -0.05214  5.60731e+00
 61  0.09755  4.06518e+00 | 62  0.10621 -5.07256e+00 | 63  0.05540 -9.90102e+00
 64  0.13285 -1.96125e+01 | 65 -0.06475 -3.06229e+00 | 66 -0.04550 -5.35189e+00
 67 -0.09922 -2.73070e+00 | 68 -0.03298 -2.29481e+00 | 69  0.11791 -2.49132e+00
 70 -0.10037  3.46448e-01 | 71  0.02289  4.26730e-01 | 72  0.64252 -3.88263e+01
 73  0.11877 -7.39335e-02 | 74  0.40951  3.19715e+02 | 75 -0.09438 -1.54145e-03
 76  0.11244 -8.77418e-02 | 77 -0.36015 -2.80243e+00 | 78  0.26197  1.34881e-03
 79 -0.22443  1.53450e+00 |
79 variables; iteration 40; function evaluation 48; phase 3
Function value 2.0984562e+02; maximum gradient component mag 8.3410e+01
Var    Value     Gradient |Var    Value     Gradient |Var    Value     Gradient
  1 -0.36155  6.86398e+00 |  2  0.41521 -1.49487e+00 |  3  0.05430 -2.00973e+01
  4 -0.52680 -6.06991e+01 |  5 -0.52934 -4.88915e+01 |  6 -0.32415 -1.32483e+01
  7 -0.03851 -2.10166e+00 |  8 -0.00125 -2.24651e-02 |  9 -0.00068 -1.16888e-02
 10 -0.00101 -1.58592e-02 | 11 -0.00154 -2.32256e-02 | 12 -0.00232 -3.30402e-02
 13 -0.00343 -4.05699e-02 | 14 -0.00501 -4.44366e-02 | 15 -0.00724 -3.99036e-02
 16 -0.01023 -1.26656e-02 | 17 -0.01440  2.56711e-02 | 18 -0.01965  1.11337e-01
 19 -0.02623  2.05327e-01 | 20 -0.03399  2.97280e-01 | 21 -0.04217  3.48633e-01
 22 -0.04865  3.70208e-01 | 23 -0.04940  4.96406e-01 | 24 -0.04084  8.29267e-01
 25 -0.02708  1.07118e+00 | 26 -0.01951  4.58663e-01 | 27 -0.00339 -7.96920e-01
 28  0.12285  4.54856e-01 | 29  0.06768 -2.13322e-01 | 30  0.06360  2.01346e+00
 31 -0.08492  2.38142e+00 | 32 -0.13222  1.97662e+00 | 33  0.10705 -1.26792e+00
 34 -0.13252 -3.06906e-01 | 35  0.12073 -2.84963e+00 | 36 -0.02360 -1.79425e+00
 37 -0.08797  8.39706e-02 | 38 -0.23102  2.21278e-01 | 39 -0.09232  3.80299e+00
 40  0.04944 -6.58052e-01 | 41  0.02080 -1.00746e+00 | 42  0.01396 -2.82394e+00
 43  0.13833 -6.09506e+00 | 44  0.01139 -2.25064e+00 | 45 -0.07329  6.68842e-01
 46 -0.07278 -7.17800e-01 | 47  0.06711  1.23037e+00 | 48 -0.00597  1.43588e+00
 49 -0.06341  4.29228e-01 | 50  0.08113 -4.07454e+00 | 51  0.05890  2.12798e+00
 52 -0.07184  2.11357e+00 | 53 -0.02306 -1.23935e+00 | 54 -0.04480  1.15384e+00
 55 -0.07569 -9.05727e-01 | 56  0.00556 -3.30812e+00 | 57  0.05282  3.98182e+00
 58 -0.04497  1.31938e+00 | 59  0.13355  4.37165e+00 | 60 -0.05299  7.62189e-01
 61  0.09766  1.35039e+00 | 62  0.10643 -1.10685e+00 | 63  0.05618 -1.12058e+00
 64  0.13354 -3.33007e+00 | 65 -0.06390  1.11825e+00 | 66 -0.04508 -6.50320e-01
 67 -0.09809  2.27231e+00 | 68 -0.03220  2.72496e+00 | 69  0.11795  1.11932e+00
 70 -0.09718  2.67758e+00 | 71  0.02111 -2.59330e+00 | 72  0.64181 -9.79629e+00
 73  0.14195 -2.47984e-02 | 74  0.40876  8.34103e+01 | 75 -0.09300 -2.01323e-03
 76  0.17341 -2.14630e-02 | 77 -0.36040 -1.16374e+01 | 78  0.26085  1.33881e-03
 79 -0.22405  4.35453e+00 |
79 variables; iteration 60; function evaluation 76; phase 3
Function value 2.0980352e+02; maximum gradient component mag -1.5608e+01
Var    Value     Gradient |Var    Value     Gradient |Var    Value     Gradient
  1 -0.36441  3.55462e+00 |  2  0.41503  5.82756e-02 |  3  0.05403 -5.31762e+00
  4 -0.52673 -1.56079e+01 |  5 -0.52923 -1.19414e+01 |  6 -0.32490 -1.21957e+01
  7 -0.03843 -2.14018e+00 |  8 -0.00114 -5.65839e-03 |  9 -0.00062 -2.80522e-03
 10 -0.00093 -3.85927e-03 | 11 -0.00142 -6.07146e-03 | 12 -0.00216 -9.62315e-03
 13 -0.00325 -1.31204e-02 | 14 -0.00483 -1.69117e-02 | 15 -0.00713 -2.21339e-02
 16 -0.01034 -2.54862e-02 | 17 -0.01472 -2.15345e-02 | 18 -0.02042 -9.77378e-03
 19 -0.02739  9.87379e-03 | 20 -0.03552  2.20228e-02 | 21 -0.04399 -8.12186e-03
 22 -0.05080 -9.30943e-02 | 23 -0.05240 -1.97846e-01 | 24 -0.04521 -2.15190e-01
 25 -0.03184 -8.24769e-02 | 26 -0.02101 -5.39491e-02 | 27  0.00355 -9.26374e-02
 28  0.11970 -5.16932e-01 | 29  0.07235 -4.76526e-01 | 30  0.06157 -4.80999e-01
 31 -0.08451  5.82780e-01 | 32 -0.13371 -5.01337e-02 | 33  0.10715 -1.34476e+00
 34 -0.13044  9.67787e-01 | 35  0.12048 -1.47143e+00 | 36 -0.02236  8.10081e-01
 37 -0.08881 -6.70503e-01 | 38 -0.22955  4.93642e-01 | 39 -0.09386  6.97125e-01
 40  0.04971 -1.21547e+00 | 41  0.02019 -9.47071e-01 | 42  0.01521  9.61305e-01
 43  0.13812 -5.70221e-01 | 44  0.01207  1.34247e-01 | 45 -0.07457  3.31068e-01
 46 -0.07166  2.39509e-01 | 47  0.06669 -3.90228e-01 | 48 -0.00587  5.42629e-01
 49 -0.06411  1.09277e-01 | 50  0.08176  1.55884e-01 | 51  0.05840  1.14876e-01
 52 -0.07245  8.39547e-01 | 53 -0.02254 -1.17550e-01 | 54 -0.04518  7.53342e-01
 55 -0.07568 -3.26834e-01 | 56  0.00641  2.85346e-01 | 57  0.05220 -4.95937e-01
 58 -0.04468  3.44347e-01 | 59  0.13347 -8.85821e-01 | 60 -0.05362 -7.83818e-01
 61  0.09765 -7.52957e-02 | 62  0.10651 -4.80825e-01 | 63  0.05639  3.55708e-01
 64  0.13375 -4.74533e-01 | 65 -0.06406  7.92241e-01 | 66 -0.04479  6.45708e-02
 67 -0.09812  1.60623e+00 | 68 -0.03330 -3.14767e-01 | 69  0.11809 -2.99747e-01
 70 -0.09893  4.77370e-01 | 71  0.02277  8.05664e-01 | 72  0.63880 -2.10130e+00
 73  0.17745  1.75332e-03 | 74  0.40828  1.33052e+01 | 75 -0.09143 -3.23860e-04
 76  0.19345 -1.57998e-02 | 77 -0.36027  1.07848e+01 | 78  0.25940  1.32829e-03
 79 -0.22356 -2.80706e+00 |
Maximum number of function evaluations exceeded

 - final statistics:
79 variables; iteration 75; function evaluation 100
Function value 2.0980e+02; maximum gradient component mag -7.7506e+00
Exit code = 3;  converg criter 1.0000e+00
Var    Value     Gradient |Var    Value     Gradient |Var    Value     Gradient
  1 -0.36619 -4.22202e-01 |  2  0.41470  1.86725e-02 |  3  0.05335  2.16756e-01
  4 -0.52649  5.50976e-01 |  5 -0.52927  2.90372e-01 |  6 -0.32525  2.17369e+00
  7 -0.03844  6.53189e-02 |  8 -0.00113 -1.62069e-03 |  9 -0.00054  9.20145e-03
 10 -0.00090  3.14252e-03 | 11 -0.00146 -9.08057e-03 | 12 -0.00230 -2.72231e-02
 13 -0.00337 -2.70782e-02 | 14 -0.00472  3.71831e-03 | 15 -0.00685  3.04828e-02
 16 -0.01018  3.59623e-03 | 17 -0.01449  2.88037e-02 | 18 -0.02054 -6.59637e-03
 19 -0.02727  5.12156e-02 | 20 -0.03585 -8.84703e-03 | 21 -0.04434 -3.90092e-02
 22 -0.05051  5.76000e-03 | 23 -0.05184 -2.54851e-02 | 24 -0.04434  3.22001e-02
 25 -0.03196  3.84591e-04 | 26 -0.02145 -4.05213e-03 | 27  0.00296  3.16317e-02
 28  0.11987 -4.60817e-02 | 29  0.07228 -7.38167e-02 | 30  0.06177  5.22110e-04
 31 -0.08502 -9.42372e-02 | 32 -0.13316 -9.61583e-02 | 33  0.10718  1.08029e-01
 34 -0.13131 -7.91070e-02 | 35  0.12058  8.98830e-02 | 36 -0.02292 -2.20510e-02
 37 -0.08819 -5.17013e-02 | 38 -0.22958 -1.00918e-01 | 39 -0.09418 -2.56028e-02
 40  0.04977  2.71599e-01 | 41  0.02052  8.68494e-02 | 42  0.01467 -2.28937e-02
 43  0.13815  7.03363e-02 | 44  0.01209 -1.16002e-02 | 45 -0.07459 -5.20739e-02
 46 -0.07162 -7.88197e-02 | 47  0.06673  5.40218e-02 | 48 -0.00610 -1.19577e-02
 49 -0.06373 -7.52168e-02 | 50  0.08160  1.06795e-02 | 51  0.05848  9.01881e-02
 52 -0.07280 -4.14773e-02 | 53 -0.02231  8.83560e-03 | 54 -0.04551  1.10235e-02
 55 -0.07528 -7.21709e-03 | 56  0.00623  9.05291e-02 | 57  0.05231  2.62357e-01
 58 -0.04470 -1.54856e-02 | 59  0.13333  2.97112e-01 | 60 -0.05235 -6.18877e-02
 61  0.09736  5.83861e-02 | 62  0.10665  3.28837e-02 | 63  0.05626 -8.35992e-02
 64  0.13380  3.27961e-02 | 65 -0.06417 -9.84136e-02 | 66 -0.04463 -6.81217e-02
 67 -0.09873 -9.98054e-02 | 68 -0.03296 -8.17498e-02 | 69  0.11811  9.23987e-02
 70 -0.09869 -1.30247e-01 | 71  0.02262 -1.54495e-01 | 72  0.63867  5.08254e-02
 73  0.15269  2.57388e-03 | 74  0.40827 -4.03368e-01 | 75 -0.09134 -2.23687e-04
 76  0.24287 -5.60240e-03 | 77 -0.36048 -7.75064e+00 | 78  0.25275  1.28938e-03
 79 -0.22409  3.11147e+00 |

Initial statistics: 80 variables; iteration 0; function evaluation 0; phase 4
Function value 2.0979832e+02; maximum gradient component mag -7.5087e+00
Var    Value     Gradient |Var    Value     Gradient |Var    Value     Gradient
  1 -0.36619 -4.24238e-01 |  2  0.41470  2.04018e-02 |  3  0.05335  2.43960e-01
  4 -0.52649  6.25491e-01 |  5 -0.52927  3.46843e-01 |  6 -0.32525  2.14885e+00
  7 -0.03844  6.63965e-02 |  8 -0.00113 -2.94536e-03 |  9 -0.00054  8.28898e-03
 10 -0.00090  2.11095e-03 | 11 -0.00146 -1.00816e-02 | 12 -0.00230 -2.73126e-02
 13 -0.00337 -2.57596e-02 | 14 -0.00472  3.78337e-03 | 15 -0.00685  2.68239e-02
 16 -0.01018  7.56673e-03 | 17 -0.01449  2.80033e-02 | 18 -0.02054 -1.02062e-02
 19 -0.02727  5.33538e-02 | 20 -0.03585 -7.43954e-03 | 21 -0.04434 -3.71199e-02
 22 -0.05051  9.43749e-03 | 23 -0.05184 -2.57810e-02 | 24 -0.04434  3.20097e-02
 25 -0.03196  8.71840e-04 | 26 -0.02145 -2.41925e-03 | 27  0.00296  3.35458e-02
 28  0.11987 -4.24321e-02 | 29  0.07228 -7.06260e-02 | 30  0.06177  7.05482e-05
 31 -0.08502 -9.26000e-02 | 32 -0.13316 -9.26751e-02 | 33  0.10718  1.06880e-01
 34 -0.13131 -7.69861e-02 | 35  0.12058  1.01662e-01 | 36 -0.02292 -1.73772e-02
 37 -0.08819 -5.03438e-02 | 38 -0.22958 -9.90091e-02 | 39 -0.09418 -2.64084e-02
 40  0.04977  2.55930e-01 | 41  0.02052  8.37521e-02 | 42  0.01467 -1.65005e-02
 43  0.13815  9.34578e-02 | 44  0.01209 -8.83400e-03 | 45 -0.07459 -4.84419e-02
 46 -0.07162 -7.40184e-02 | 47  0.06673  6.01855e-02 | 48 -0.00610 -1.04007e-02
 49 -0.06373 -7.13477e-02 | 50  0.08160  2.52801e-02 | 51  0.05848  9.51827e-02
 52 -0.07280 -3.79261e-02 | 53 -0.02231  1.08195e-02 | 54 -0.04551  1.14084e-02
 55 -0.07528 -8.44083e-03 | 56  0.00623  9.18173e-02 | 57  0.05231  2.54947e-01
 58 -0.04470 -1.18341e-02 | 59  0.13333  2.91538e-01 | 60 -0.05235 -6.10012e-02
 61  0.09736  5.04821e-02 | 62  0.10665  2.20409e-02 | 63  0.05626 -8.63277e-02
 64  0.13380  1.75748e-02 | 65 -0.06417 -1.00639e-01 | 66 -0.04463 -7.15743e-02
 67 -0.09873 -1.00274e-01 | 68 -0.03296 -8.64033e-02 | 69  0.11811  6.94558e-02
 70 -0.09869 -1.28693e-01 | 71  0.02262 -1.49588e-01 | 72  0.63867  6.45091e-02
 73  0.15269  2.19861e-03 | 74  0.40827 -4.77030e-01 | 75 -0.09134 -2.76965e-04
 76  0.24287 -5.35029e-03 | 77 -0.36048 -7.50870e+00 | 78  0.25275  1.28673e-03
 79 -0.22409  3.03422e+00 | 80  0.88668  1.74447e-02 |

 - final statistics:
80 variables; iteration 1; function evaluation 2
Function value 2.0980e+02; maximum gradient component mag -8.7100e-01
Exit code = 1;  converg criter 1.0000e+00
Var    Value     Gradient |Var    Value     Gradient |Var    Value     Gradient
  1 -0.36619  1.03342e-01 |  2  0.41470 -1.49770e-02 |  3  0.05335 -3.06263e-01
  4 -0.52649 -8.71001e-01 |  5 -0.52927 -7.21644e-01 |  6 -0.32525 -3.98932e-01
  7 -0.03844 -7.33761e-02 |  8 -0.00113 -3.01290e-03 |  9 -0.00054  8.25139e-03
 10 -0.00090  2.05498e-03 | 11 -0.00146 -1.01648e-02 | 12 -0.00230 -2.74363e-02
 13 -0.00337 -2.59453e-02 | 14 -0.00472  3.50382e-03 | 15 -0.00685  2.64124e-02
 16 -0.01018  6.97683e-03 | 17 -0.01449  2.71638e-02 | 18 -0.02054 -1.13620e-02
 19 -0.02727  5.17814e-02 | 20 -0.03585 -9.50170e-03 | 21 -0.04434 -3.97943e-02
 22 -0.05051  5.96157e-03 | 23 -0.05184 -3.03432e-02 | 24 -0.04434  2.57388e-02
 25 -0.03196 -7.91109e-03 | 26 -0.02145 -1.44896e-02 | 27  0.00296  1.51212e-02
 28  0.11987  1.59306e-02 | 29  0.07228  2.21015e-03 | 30  0.06177  5.75718e-02
 31 -0.08502  2.67312e-02 | 32 -0.13316  1.71981e-02 | 33  0.10718 -4.24382e-02
 34 -0.13131  2.01860e-02 | 35  0.12058 -1.04700e-01 | 36 -0.02292  1.91777e-02
 37 -0.08819  3.08380e-02 | 38 -0.22958  2.18672e-02 | 39 -0.09418  1.55560e-02
 40  0.04977  8.41846e-02 | 41  0.02052  1.13411e-02 | 42  0.01467 -5.37141e-02
 43  0.13815 -2.06942e-01 | 44  0.01209  1.17715e-02 | 45 -0.07459  2.49124e-02
 46 -0.07162 -5.86622e-03 | 47  0.06673 -7.26917e-02 | 48 -0.00610 -4.33099e-04
 49 -0.06373 -1.88942e-02 | 50  0.08160 -1.53128e-01 | 51  0.05848  5.59366e-02
 52 -0.07280  3.66936e-02 | 53 -0.02231  3.31235e-02 | 54 -0.04551  2.63684e-02
 55 -0.07528  2.31524e-02 | 56  0.00623 -3.68699e-02 | 57  0.05231  1.37691e-01
 58 -0.04470  6.53062e-03 | 59  0.13333 -1.26964e-02 | 60 -0.05235  1.39363e-02
 61  0.09736 -1.51845e-02 | 62  0.10665  9.67807e-03 | 63  0.05626 -5.48770e-02
 64  0.13380  1.32785e-02 | 65 -0.06417  1.93274e-02 | 66 -0.04463  1.94569e-02
 67 -0.09873 -5.28103e-03 | 68 -0.03296 -1.63754e-02 | 69  0.11811  7.24047e-02
 70 -0.09869  2.53987e-02 | 71  0.02262 -4.98005e-02 | 72  0.63867 -1.32454e-01
 73  0.15269  2.19474e-03 | 74  0.40827  6.99758e-01 | 75 -0.09134 -2.77551e-04
 76  0.24287 -5.36268e-03 | 77 -0.36047 -2.85888e-02 | 78  0.25275  1.28649e-03
 79 -0.22409  6.51526e-01 | 80  0.88668  1.74446e-02 |

 - final statistics:
80 variables; iteration 0; function evaluation 0
Function value 2.0980e+02; maximum gradient component mag -8.7100e-01
Exit code = 0;  converg criter 1.0000e+00
Var    Value     Gradient |Var    Value     Gradient |Var    Value     Gradient
  1 -0.36619  1.03342e-01 |  2  0.41470 -1.49770e-02 |  3  0.05335 -3.06263e-01
  4 -0.52649 -8.71001e-01 |  5 -0.52927 -7.21644e-01 |  6 -0.32525 -3.98932e-01
  7 -0.03844 -7.33761e-02 |  8 -0.00113 -3.01290e-03 |  9 -0.00054  8.25139e-03
 10 -0.00090  2.05498e-03 | 11 -0.00146 -1.01648e-02 | 12 -0.00230 -2.74363e-02
 13 -0.00337 -2.59453e-02 | 14 -0.00472  3.50382e-03 | 15 -0.00685  2.64124e-02
 16 -0.01018  6.97683e-03 | 17 -0.01449  2.71638e-02 | 18 -0.02054 -1.13620e-02
 19 -0.02727  5.17814e-02 | 20 -0.03585 -9.50170e-03 | 21 -0.04434 -3.97943e-02
 22 -0.05051  5.96157e-03 | 23 -0.05184 -3.03432e-02 | 24 -0.04434  2.57388e-02
 25 -0.03196 -7.91109e-03 | 26 -0.02145 -1.44896e-02 | 27  0.00296  1.51212e-02
 28  0.11987  1.59320e-02 | 29  0.07228  2.21164e-03 | 30  0.06177  5.75733e-02
 31 -0.08502  2.67327e-02 | 32 -0.13316  1.71996e-02 | 33  0.10718 -4.24367e-02
 34 -0.13131  2.01874e-02 | 35  0.12058 -1.04699e-01 | 36 -0.02292  1.91792e-02
 37 -0.08819  3.08395e-02 | 38 -0.22958  2.18686e-02 | 39 -0.09418  1.55575e-02
 40  0.04977  8.41861e-02 | 41  0.02052  1.13426e-02 | 42  0.01467 -5.37126e-02
 43  0.13815 -2.06940e-01 | 44  0.01209  1.17730e-02 | 45 -0.07459  2.49139e-02
 46 -0.07162 -5.86473e-03 | 47  0.06673 -7.26902e-02 | 48 -0.00610 -4.31600e-04
 49 -0.06373 -1.88927e-02 | 50  0.08160 -1.53127e-01 | 51  0.05848  5.59381e-02
 52 -0.07280  3.66951e-02 | 53 -0.02231  3.31250e-02 | 54 -0.04551  2.63699e-02
 55 -0.07528  2.31539e-02 | 56  0.00623 -3.68684e-02 | 57  0.05231  1.37692e-01
 58 -0.04470  6.53211e-03 | 59  0.13333 -1.26949e-02 | 60 -0.05235  1.39378e-02
 61  0.09736 -1.51831e-02 | 62  0.10665  9.67955e-03 | 63  0.05626 -5.48755e-02
 64  0.13380  1.32800e-02 | 65 -0.06417  1.93289e-02 | 66 -0.04463  1.94584e-02
 67 -0.09873 -5.27955e-03 | 68 -0.03296 -1.63739e-02 | 69  0.11811  7.24061e-02
 70 -0.09869  2.54002e-02 | 71  0.02262 -4.97990e-02 | 72  0.63867 -1.32454e-01
 73  0.15269  2.19474e-03 | 74  0.40827  6.99758e-01 | 75 -0.09134 -2.77551e-04
 76  0.24287 -5.36268e-03 | 77 -0.36047 -2.85888e-02 | 78  0.25275  1.28649e-03
 79 -0.22409  6.51526e-01 | 80  0.88668  1.74446e-02 |

Initial statistics: 82 variables; iteration 0; function evaluation 0; phase 6
Function value 2.0979830e+02; maximum gradient component mag -2.0439e+00
Var    Value     Gradient |Var    Value     Gradient |Var    Value     Gradient
  1 -0.36619  1.03342e-01 |  2  0.41470 -1.49770e-02 |  3  0.05335 -3.06263e-01
  4 -0.52649 -8.71001e-01 |  5 -0.52927 -7.21644e-01 |  6 -0.32525 -3.98932e-01
  7 -0.03844 -7.33761e-02 |  8 -0.00113 -3.01290e-03 |  9 -0.00054  8.25139e-03
 10 -0.00090  2.05498e-03 | 11 -0.00146 -1.01648e-02 | 12 -0.00230 -2.74363e-02
 13 -0.00337 -2.59453e-02 | 14 -0.00472  3.50382e-03 | 15 -0.00685  2.64124e-02
 16 -0.01018  6.97683e-03 | 17 -0.01449  2.71638e-02 | 18 -0.02054 -1.13620e-02
 19 -0.02727  5.17814e-02 | 20 -0.03585 -9.50170e-03 | 21 -0.04434 -3.97943e-02
 22 -0.05051  5.96157e-03 | 23 -0.05184 -3.03432e-02 | 24 -0.04434  2.57388e-02
 25 -0.03196 -7.91109e-03 | 26 -0.02145 -1.44896e-02 | 27  0.00296  1.51212e-02
 28  0.11987  1.59320e-02 | 29  0.07228  2.21164e-03 | 30  0.06177  5.75733e-02
 31 -0.08502  2.67327e-02 | 32 -0.13316  1.71996e-02 | 33  0.10718 -4.24367e-02
 34 -0.13131  2.01874e-02 | 35  0.12058 -1.04699e-01 | 36 -0.02292  1.91792e-02
 37 -0.08819  3.08395e-02 | 38 -0.22958  2.18686e-02 | 39 -0.09418  1.55575e-02
 40  0.04977  8.41861e-02 | 41  0.02052  1.13426e-02 | 42  0.01467 -5.37126e-02
 43  0.13815 -2.06940e-01 | 44  0.01209  1.17730e-02 | 45 -0.07459  2.49139e-02
 46 -0.07162 -5.86473e-03 | 47  0.06673 -7.26902e-02 | 48 -0.00610 -4.31600e-04
 49 -0.06373 -1.88927e-02 | 50  0.08160 -1.53127e-01 | 51  0.05848  5.59381e-02
 52 -0.07280  3.66951e-02 | 53 -0.02231  3.31250e-02 | 54 -0.04551  2.63699e-02
 55 -0.07528  2.31539e-02 | 56  0.00623 -3.68684e-02 | 57  0.05231  1.37692e-01
 58 -0.04470  6.53211e-03 | 59  0.13333 -1.26949e-02 | 60 -0.05235  1.39378e-02
 61  0.09736 -1.51831e-02 | 62  0.10665  9.67955e-03 | 63  0.05626 -5.48755e-02
 64  0.13380  1.32800e-02 | 65 -0.06417  1.93289e-02 | 66 -0.04463  1.94584e-02
 67 -0.09873 -5.27955e-03 | 68 -0.03296 -1.63739e-02 | 69  0.11811  7.24061e-02
 70 -0.09869  2.54002e-02 | 71  0.02262 -4.97990e-02 | 72 -0.61351 -2.04391e+00
 73  0.11808  9.23107e-01 | 74  0.63867 -1.32454e-01 | 75  0.15269  2.19474e-03
 76  0.40827  6.99758e-01 | 77 -0.09134 -2.77551e-04 | 78  0.24287 -5.36268e-03
 79 -0.36047 -2.85888e-02 | 80  0.25275  1.28649e-03 | 81 -0.22409  6.51526e-01
 82  0.88668  1.74446e-02 |

Intermediate statistics: 82 variables; iteration 20; function evaluation 24; phase 6
Function value 2.0978618e+02; maximum gradient component mag -4.7036e+01
Var    Value     Gradient |Var    Value     Gradient |Var    Value     Gradient
  1 -0.36260 -3.55838e+00 |  2  0.41460 -2.39533e-01 |  3  0.05398 -1.10676e-02
  4 -0.52712  1.38504e-01 |  5 -0.52894 -2.33606e-01 |  6 -0.32363  1.72858e+01
  7 -0.04009 -2.01030e+00 |  8 -0.00103 -5.09659e-03 |  9 -0.00057 -2.75204e-03
 10 -0.00087 -3.64777e-03 | 11 -0.00132 -4.76477e-03 | 12 -0.00200 -6.23457e-03
 13 -0.00303 -9.14884e-03 | 14 -0.00455 -1.42491e-02 | 15 -0.00676 -2.04360e-02
 16 -0.00985 -2.52126e-02 | 17 -0.01418 -3.33281e-02 | 18 -0.01982 -3.62709e-02
 19 -0.02682 -4.77865e-02 | 20 -0.03484 -4.28341e-02 | 21 -0.04300 -3.67576e-02
 22 -0.04929 -3.77618e-02 | 23 -0.05021 -2.18503e-02 | 24 -0.04278 -1.55676e-02
 25 -0.02993  7.23072e-03 | 26 -0.01948  3.44722e-02 | 27  0.00407  1.15470e-01
 28  0.12165 -4.34290e-01 | 29  0.07157 -1.08704e-01 | 30  0.06217  6.74272e-01
 31 -0.08510 -3.69662e-01 | 32 -0.13324 -5.67961e-01 | 33  0.10752  6.01566e+00
 34 -0.13138 -3.46216e-01 | 35  0.12065  3.85503e+00 | 36 -0.02294  1.84081e-01
 37 -0.08822 -4.60704e-01 | 38 -0.22967 -1.00801e+00 | 39 -0.09419 -6.12261e-01
 40  0.04975  3.23276e-01 | 41  0.02042 -4.41310e-01 | 42  0.01454 -7.28695e-01
 43  0.13810  3.42130e-01 | 44  0.01203 -5.97184e-01 | 45 -0.07459 -7.29814e-01
 46 -0.07164 -7.87644e-01 | 47  0.06668  2.48257e-01 | 48 -0.00614 -1.64629e-01
 49 -0.06381 -3.71130e-01 | 50  0.08163  2.32421e+00 | 51  0.05859  2.02225e+00
 52 -0.07281 -3.89251e-01 | 53 -0.02241 -5.41747e-01 | 54 -0.04551 -5.70866e-01
 55 -0.07539 -1.06064e+00 | 56  0.00605 -1.26571e+00 | 57  0.05224 -6.00238e-01
 58 -0.04475 -7.83226e-01 | 59  0.13326  3.40399e-01 | 60 -0.05248 -1.04387e+00
 61  0.09732 -6.64164e-01 | 62  0.10664 -8.79660e-01 | 63  0.05605 -2.00268e+00
 64  0.13370 -2.41702e+00 | 65 -0.06426 -1.47805e+00 | 66 -0.04470 -1.33522e+00
 67 -0.09884 -1.24725e+00 | 68 -0.03300 -8.03489e-01 | 69  0.11824  6.54724e-01
 70 -0.09883 -1.34114e+00 | 71  0.02257 -1.00362e+00 | 72 -0.60433 -3.81073e-01
 73  0.11432  4.13272e+00 | 74  0.63913  1.39698e+00 | 75  0.15266  2.23242e-03
 76  0.40826 -1.06224e+01 | 77 -0.09133 -2.71847e-04 | 78  0.24293 -5.23736e-03
 79 -0.36235 -4.70360e+01 | 80  0.25273  1.28741e-03 | 81 -0.23009  1.48949e+01
 82  0.88646  1.74104e-02 |
82 variables; iteration 40; function evaluation 45; phase 6
Function value 2.0978449e+02; maximum gradient component mag -4.1207e+01
Var    Value     Gradient |Var    Value     Gradient |Var    Value     Gradient
  1 -0.35628 -2.57773e+00 |  2  0.41457 -2.85644e-01 |  3  0.05301 -1.28924e+00
  4 -0.52678 -2.61355e+00 |  5 -0.52898 -1.47188e+00 |  6 -0.32113  1.41696e+01
  7 -0.03987 -1.86321e+00 |  8 -0.00104 -7.37643e-03 |  9 -0.00056 -2.87428e-03
 10 -0.00087 -4.82231e-03 | 11 -0.00133 -7.76576e-03 | 12 -0.00202 -1.17875e-02
 13 -0.00305 -1.57857e-02 | 14 -0.00455 -1.99074e-02 | 15 -0.00675 -2.66042e-02
 16 -0.00985 -3.63048e-02 | 17 -0.01417 -4.71041e-02 | 18 -0.01982 -5.69482e-02
 19 -0.02680 -6.95998e-02 | 20 -0.03482 -6.98998e-02 | 21 -0.04296 -6.53756e-02
 22 -0.04923 -6.55642e-02 | 23 -0.05014 -5.01042e-02 | 24 -0.04271 -4.37588e-02
 25 -0.02988 -2.35810e-02 | 26 -0.01945  4.48928e-03 | 27  0.00416  1.00862e-01
 28  0.12205 -2.81160e-01 | 29  0.07173 -2.85388e-02 | 30  0.06216  5.82169e-01
 31 -0.08499 -2.12787e-01 | 32 -0.13322 -4.13225e-01 | 33  0.10749  5.54044e+00
 34 -0.13128 -2.30640e-01 | 35  0.12073  3.56032e+00 | 36 -0.02291 -3.82538e-02
 37 -0.08812 -4.72739e-01 | 38 -0.22960 -8.37108e-01 | 39 -0.09416 -5.75648e-01
 40  0.04967 -4.44884e-02 | 41  0.02043 -2.20715e-01 | 42  0.01455 -5.39389e-01
 43  0.13807  5.28167e-02 | 44  0.01200 -5.49400e-01 | 45 -0.07461 -6.64848e-01
 46 -0.07170 -7.46563e-01 | 47  0.06663  9.17889e-02 | 48 -0.00615  2.06044e-02
 49 -0.06384 -1.86796e-01 | 50  0.08159  1.94819e+00 | 51  0.05849  1.62860e+00
 52 -0.07282 -2.63300e-01 | 53 -0.02245 -3.37408e-01 | 54 -0.04550 -1.97713e-01
 55 -0.07538 -7.09580e-01 | 56  0.00598 -1.47028e+00 | 57  0.05212 -7.99850e-01
 58 -0.04472 -5.06964e-01 | 59  0.13318  1.77691e-01 | 60 -0.05255 -9.44721e-01
 61  0.09723 -9.77401e-01 | 62  0.10654 -1.01442e+00 | 63  0.05608 -1.73351e+00
 64  0.13371 -2.10481e+00 | 65 -0.06431 -1.37405e+00 | 66 -0.04480 -1.39987e+00
 67 -0.09881 -9.77476e-01 | 68 -0.03298 -5.91687e-01 | 69  0.11821  7.43925e-01
 70 -0.09884 -1.03353e+00 | 71  0.02265 -5.79769e-01 | 72 -0.60544 -4.10445e-01
 73  0.10907  3.50035e+00 | 74  0.63848  8.54152e-01 | 75  0.15253  2.12793e-03
 76  0.40820 -8.18248e+00 | 77 -0.09132 -2.89257e-04 | 78  0.24325 -5.36798e-03
 79 -0.36232 -4.12067e+01 | 80  0.25266  1.28608e-03 | 81 -0.23011  1.31339e+01
 82  0.88541  1.72473e-02 |
82 variables; iteration 60; function evaluation 68; phase 6
Function value 2.0977944e+02; maximum gradient component mag -3.6676e+01
Var    Value     Gradient |Var    Value     Gradient |Var    Value     Gradient
  1 -0.35478 -1.75226e+00 |  2  0.41456 -5.56809e-02 |  3  0.05338  2.10670e+00
  4 -0.52681  5.66538e+00 |  5 -0.52904  3.71383e+00 |  6 -0.32070  9.33486e+00
  7 -0.03985  1.17188e+00 |  8 -0.00106 -1.25012e-02 |  9 -0.00060 -8.85102e-03
 10 -0.00089 -9.96781e-03 | 11 -0.00133 -1.01986e-02 | 12 -0.00199 -9.54676e-03
 13 -0.00303 -1.51402e-02 | 14 -0.00459 -3.00555e-02 | 15 -0.00680 -4.01492e-02
 16 -0.00972 -2.42228e-02 | 17 -0.01384 -5.25256e-03 | 18 -0.01908  4.94345e-02
 19 -0.02579  8.38280e-02 | 20 -0.03379  9.51353e-02 | 21 -0.04218  6.09881e-02
 22 -0.04862  3.72340e-02 | 23 -0.04970  2.66275e-02 | 24 -0.04222  4.86732e-02
 25 -0.02941  6.92852e-02 | 26 -0.01899  8.81056e-02 | 27  0.00382  3.70295e-02
 28  0.12271 -1.89097e-01 | 29  0.07111 -4.48909e-01 | 30  0.06235 -5.01506e-01
 31 -0.08541 -5.58945e-01 | 32 -0.13302 -3.77901e-01 | 33  0.10718 -9.25957e-01
 34 -0.13133 -5.01780e-01 | 35  0.12072 -3.36737e-02 | 36 -0.02275 -1.58019e-01
 37 -0.08812 -3.95696e-01 | 38 -0.22948 -3.64129e-01 | 39 -0.09422 -1.82413e-01
 40  0.04977  1.05587e+00 | 41  0.02038  5.05518e-01 | 42  0.01463  4.04552e-01
 43  0.13812  1.33515e+00 | 44  0.01199  5.40468e-02 | 45 -0.07466 -9.53034e-02
 46 -0.07150  7.05961e-02 | 47  0.06665  5.81809e-01 | 48 -0.00609 -7.98210e-02
 49 -0.06427 -6.75643e-01 | 50  0.08166  4.41576e-01 | 51  0.05829 -4.71330e-01
 52 -0.07302 -5.20997e-01 | 53 -0.02233  1.06548e-02 | 54 -0.04560  3.24169e-02
 55 -0.07542  2.71555e-02 | 56  0.00629  1.27836e+00 | 57  0.05211  8.64944e-01
 58 -0.04480  1.59486e-01 | 59  0.13316  1.59541e+00 | 60 -0.05237  6.90818e-02
 61  0.09728  6.28527e-01 | 62  0.10648  3.35354e-01 | 63  0.05630  4.29652e-01
 64  0.13380  6.56847e-01 | 65 -0.06424 -3.15101e-01 | 66 -0.04469 -3.92120e-02
 67 -0.09873 -4.76971e-02 | 68 -0.03292 -1.19482e-02 | 69  0.11804 -1.53735e-01
 70 -0.09863 -2.97535e-01 | 71  0.02252 -3.91809e-01 | 72 -0.60491  1.44175e-01
 73  0.10821  1.83760e+00 | 74  0.63895  4.63652e-01 | 75  0.14785 -2.57228e-03
 76  0.40828 -1.18232e+00 | 77 -0.09042 -4.81448e-04 | 78  0.25701 -4.00829e-03
 79 -0.36359 -3.66762e+01 | 80  0.24916  1.25639e-03 | 81 -0.23438  1.13676e+01
 82  0.84157  1.23462e-02 |
82 variables; iteration 80; function evaluation 100; phase 6
Function value 2.0976926e+02; maximum gradient component mag -7.3596e+01
Var    Value     Gradient |Var    Value     Gradient |Var    Value     Gradient
  1 -0.35563 -3.30240e+00 |  2  0.41465  2.81667e-02 |  3  0.05370  2.08600e+00
  4 -0.52704  5.49214e+00 |  5 -0.52892  3.71754e+00 |  6 -0.32098  1.76705e+01
  7 -0.03981  6.86416e-01 |  8 -0.00108 -1.35205e-02 |  9 -0.00026  3.92888e-02
 10 -0.00079  5.56800e-03 | 11 -0.00152 -3.50739e-02 | 12 -0.00229 -5.10912e-02
 13 -0.00317 -3.23890e-02 | 14 -0.00411  4.24426e-02 | 15 -0.00646  1.52564e-02
 16 -0.00985 -3.72314e-02 | 17 -0.01353  5.02845e-02 | 18 -0.01968 -3.43351e-02
 19 -0.02616  3.68754e-02 | 20 -0.03452 -1.78547e-02 | 21 -0.04248  2.54625e-02
 22 -0.04880  2.32616e-02 | 23 -0.04981  2.55935e-02 | 24 -0.04255  9.18401e-03
 25 -0.02954  6.84274e-02 | 26 -0.01883  1.34344e-01 | 27  0.00380  5.35223e-02
 28  0.12217 -5.07547e-01 | 29  0.07185 -5.00946e-01 | 30  0.06203 -4.41712e-01
 31 -0.08516 -8.01257e-01 | 32 -0.13314 -7.35289e-01 | 33  0.10727  1.19529e+00
 34 -0.13124 -6.23006e-01 | 35  0.12072  1.42918e+00 | 36 -0.02282 -2.62199e-01
 37 -0.08809 -5.86669e-01 | 38 -0.22961 -8.46668e-01 | 39 -0.09414 -2.35977e-01
 40  0.04974  1.24077e+00 | 41  0.02040  5.03561e-01 | 42  0.01459  2.24875e-01
 43  0.13813  1.82658e+00 | 44  0.01197 -3.11615e-01 | 45 -0.07465 -5.83782e-01
 46 -0.07170 -5.63603e-01 | 47  0.06670  8.22043e-01 | 48 -0.00623 -1.52878e-01
 49 -0.06387 -3.63345e-01 | 50  0.08159  1.25884e+00 | 51  0.05836  1.41252e-01
 52 -0.07289 -5.34823e-01 | 53 -0.02239 -1.84878e-01 | 54 -0.04558 -9.06372e-02
 55 -0.07539 -1.99105e-01 | 56  0.00621  9.93707e-01 | 57  0.05213  7.56529e-01
 58 -0.04480 -8.26082e-02 | 59  0.13320  2.16662e+00 | 60 -0.05257 -5.39510e-01
 61  0.09731  4.34203e-01 | 62  0.10650  2.41328e-02 | 63  0.05625 -2.04935e-01
 64  0.13377 -6.51910e-02 | 65 -0.06422 -8.36967e-01 | 66 -0.04471 -6.05598e-01
 67 -0.09878 -6.02693e-01 | 68 -0.03295 -3.48555e-01 | 69  0.11810  2.08276e-01
 70 -0.09882 -1.08514e+00 | 71  0.02260 -5.62208e-01 | 72 -0.60527 -2.84038e-02
 73  0.10870  3.76898e+00 | 74  0.63882  8.11763e-01 | 75  0.14890  5.70468e-04
 76  0.40825 -4.82971e+00 | 77 -0.07685 -3.64707e-04 | 78  0.37663  1.19792e-03
 79 -0.36792 -7.35963e+01 | 80  0.20787 -1.65474e-03 | 81 -0.24995  1.96582e+01
 82  0.44207  7.00180e-04 |
82 variables; iteration 100; function evaluation 127; phase 6
Function value 2.0975946e+02; maximum gradient component mag -1.4271e+01
Var    Value     Gradient |Var    Value     Gradient |Var    Value     Gradient
  1 -0.35562 -6.49512e-01 |  2  0.41465  8.08457e-03 |  3  0.05366  4.05366e-01
  4 -0.52702  1.08919e+00 |  5 -0.52893  7.44657e-01 |  6 -0.32097  3.42010e+00
  7 -0.03982  1.37218e-01 |  8 -0.00084  2.02668e-02 |  9 -0.00060 -8.55468e-03
 10 -0.00082  1.14856e-03 | 11 -0.00144 -2.43893e-02 | 12 -0.00179  1.95968e-02
 13 -0.00292  1.26931e-03 | 14 -0.00441 -1.59014e-03 | 15 -0.00649  7.69487e-03
 16 -0.00958  1.11627e-03 | 17 -0.01380  4.80625e-03 | 18 -0.01942  1.22309e-03
 19 -0.02638 -8.33735e-03 | 20 -0.03436  7.30342e-04 | 21 -0.04251  5.15347e-03
 22 -0.04880  5.61338e-03 | 23 -0.04982  1.65135e-03 | 24 -0.04242  2.46400e-03
 25 -0.02961  1.46106e-02 | 26 -0.01920  2.13850e-02 | 27  0.00407  2.15788e-02
 28  0.12239 -7.18861e-02 | 29  0.07147 -1.02723e-01 | 30  0.06221 -6.67079e-02
 31 -0.08528 -1.53477e-01 | 32 -0.13312 -1.37774e-01 | 33  0.10727  2.51957e-01
 34 -0.13125 -1.18230e-01 | 35  0.12072  3.01293e-01 | 36 -0.02283 -5.27939e-02
 37 -0.08808 -9.57734e-02 | 38 -0.22958 -1.51848e-01 | 39 -0.09414 -4.53788e-02
 40  0.04974  2.29175e-01 | 41  0.02041  8.54805e-02 | 42  0.01458  2.88706e-02
 43  0.13815  3.64614e-01 | 44  0.01194 -9.71800e-02 | 45 -0.07464 -1.08620e-01
 46 -0.07166 -8.69205e-02 | 47  0.06669  1.39888e-01 | 48 -0.00621 -3.55814e-03
 49 -0.06390 -8.17974e-02 | 50  0.08160  2.33407e-01 | 51  0.05836  3.59767e-02
 52 -0.07289 -1.00576e-01 | 53 -0.02239 -3.88948e-02 | 54 -0.04558 -2.25636e-02
 55 -0.07539 -4.78102e-02 | 56  0.00622  1.74913e-01 | 57  0.05213  1.36185e-01
 58 -0.04480 -2.61058e-02 | 59  0.13320  3.97515e-01 | 60 -0.05256 -1.01632e-01
 61  0.09731  7.58834e-02 | 62  0.10650  3.32500e-03 | 63  0.05625 -4.59265e-02
 64  0.13378 -9.26229e-03 | 65 -0.06422 -1.58655e-01 | 66 -0.04471 -1.21949e-01
 67 -0.09877 -1.04348e-01 | 68 -0.03297 -9.80141e-02 | 69  0.11810  3.98986e-02
 70 -0.09880 -2.04086e-01 | 71  0.02260 -1.13282e-01 | 72 -0.60522 -7.08547e-03
 73  0.10867  7.27026e-01 | 74  0.63884  1.67843e-01 | 75  0.11960  2.14520e-04
 76  0.40825 -9.66304e-01 | 77  0.00851 -4.89990e-06 | 78  0.41091  1.66166e-03
 79 -0.37313 -1.42712e+01 | 80  0.84292  1.24677e-02 | 81 -0.27186  3.57958e+00
 82  0.33455  1.95196e-04 |
82 variables; iteration 120; function evaluation 151; phase 6
Function value 2.0974458e+02; maximum gradient component mag 3.3205e+00
Var    Value     Gradient |Var    Value     Gradient |Var    Value     Gradient
  1 -0.35566  7.30924e-02 |  2  0.41465 -3.76510e-03 |  3  0.05365 -6.14185e-02
  4 -0.52702 -1.52665e-01 |  5 -0.52893 -1.05596e-01 |  6 -0.32099 -3.80211e-01
  7 -0.03982 -2.38985e-02 |  8 -0.00096  3.53516e-03 |  9 -0.00054  6.29769e-04
 10 -0.00084 -1.39834e-03 | 11 -0.00127 -2.55917e-04 | 12 -0.00193  3.25499e-04
 13 -0.00291  3.03887e-03 | 14 -0.00438  2.50026e-03 | 15 -0.00653  2.25458e-03
 16 -0.00957  2.04234e-03 | 17 -0.01382  1.44684e-03 | 18 -0.01941  5.86972e-04
 19 -0.02637 -8.06268e-03 | 20 -0.03435  5.21432e-04 | 21 -0.04252  4.60345e-04
 22 -0.04881  5.31357e-05 | 23 -0.04981 -2.74180e-03 | 24 -0.04241 -3.96589e-03
 25 -0.02963 -1.97684e-03 | 26 -0.01921  2.69506e-03 | 27  0.00408 -4.90831e-03
 28  0.12237  9.20330e-03 | 29  0.07149  6.93920e-03 | 30  0.06220  9.76449e-03
 31 -0.08528  1.75345e-02 | 32 -0.13312  1.68484e-02 | 33  0.10726 -7.24710e-03
 34 -0.13125  1.74493e-02 | 35  0.12072 -2.69241e-02 | 36 -0.02283 -2.23299e-03
 37 -0.08808  1.96498e-02 | 38 -0.22959  2.49741e-02 | 39 -0.09414  1.07005e-02
 40  0.04974 -2.59155e-02 | 41  0.02041 -1.37861e-02 | 42  0.01458 -1.00925e-02
 43  0.13815 -3.39223e-02 | 44  0.01195 -2.38541e-02 | 45 -0.07464  1.12396e-02
 46 -0.07167  2.02406e-02 | 47  0.06670 -2.74746e-02 | 48 -0.00621  2.20260e-02
 49 -0.06389  5.55357e-03 | 50  0.08160 -2.38196e-02 | 51  0.05836  3.30205e-03
 52 -0.07289  1.47896e-02 | 53 -0.02238  2.45050e-03 | 54 -0.04558  4.59474e-04
 55 -0.07539  1.26523e-03 | 56  0.00622 -2.66668e-02 | 57  0.05213 -2.15658e-02
 58 -0.04480 -1.00148e-03 | 59  0.13320 -4.95228e-02 | 60 -0.05256  1.15455e-02
 61  0.09731 -1.83129e-02 | 62  0.10650 -6.60104e-03 | 63  0.05625 -5.61191e-03
 64  0.13378 -1.57444e-02 | 65 -0.06422  1.71661e-02 | 66 -0.04470  7.29025e-03
 67 -0.09877  2.12676e-02 | 68 -0.03296 -8.37799e-03 | 69  0.11810  3.73695e-03
 70 -0.09880  2.27552e-02 | 71  0.02260  1.74185e-02 | 72 -0.60524 -1.65996e-03
 73  0.10867 -7.84010e-02 | 74  0.63883 -1.27334e-02 | 75  0.19631  9.99567e-04
 76  0.40825  8.49062e-02 | 77  0.19040  9.68524e-04 | 78  0.74242  7.32146e-03
 79 -0.38038  3.32046e+00 | 80  0.14199 -2.60847e-03 | 81 -0.30963 -2.28552e-01
 82  0.58513  2.72562e-03 |
82 variables; iteration 140; function evaluation 173; phase 6
Function value 2.0973415e+02; maximum gradient component mag 2.5459e+01
Var    Value     Gradient |Var    Value     Gradient |Var    Value     Gradient
  1 -0.35566  6.50763e-01 |  2  0.41465 -5.39120e-03 |  3  0.05366 -4.44957e-01
  4 -0.52702 -1.16572e+00 |  5 -0.52893 -7.84480e-01 |  6 -0.32099 -3.46564e+00
  7 -0.03982 -1.59594e-01 |  8 -0.00100 -2.55687e-03 |  9 -0.00054  5.73350e-04
 10 -0.00081  2.13202e-03 | 11 -0.00124  3.29236e-03 | 12 -0.00194 -1.08059e-03
 13 -0.00292  1.61000e-03 | 14 -0.00438  1.67302e-03 | 15 -0.00655 -1.57183e-03
 16 -0.00957  2.54599e-04 | 17 -0.01384 -2.50260e-03 | 18 -0.01941  7.76754e-05
 19 -0.02633 -2.84418e-03 | 20 -0.03435 -1.96237e-03 | 21 -0.04253 -3.13853e-03
 22 -0.04881 -3.93270e-03 | 23 -0.04980 -4.69849e-03 | 24 -0.04240 -7.18580e-03
 25 -0.02961 -7.41176e-03 | 26 -0.01925 -1.72806e-02 | 27  0.00412 -1.93525e-02
 28  0.12236  9.31917e-02 | 29  0.07151  1.09304e-01 | 30  0.06219  8.38846e-02
 31 -0.08527  1.63727e-01 | 32 -0.13312  1.43566e-01 | 33  0.10726 -2.14093e-01
 34 -0.13125  1.26135e-01 | 35  0.12072 -2.68328e-01 | 36 -0.02282  5.23941e-02
 37 -0.08808  1.17081e-01 | 38 -0.22960  1.64696e-01 | 39 -0.09414  4.65543e-02
 40  0.04974 -2.55064e-01 | 41  0.02040 -1.08279e-01 | 42  0.01458 -4.90705e-02
 43  0.13814 -3.68378e-01 | 44  0.01196  5.93512e-02 | 45 -0.07464  1.08375e-01
 46 -0.07168  9.95210e-02 | 47  0.06670 -1.64301e-01 | 48 -0.00622  3.30072e-02
 49 -0.06389  7.44224e-02 | 50  0.08160 -2.44244e-01 | 51  0.05836 -1.73468e-02
 52 -0.07289  1.05377e-01 | 53 -0.02238  3.73689e-02 | 54 -0.04558  1.48985e-02
 55 -0.07539  3.93975e-02 | 56  0.00622 -2.05612e-01 | 57  0.05213 -1.52744e-01
 58 -0.04480  1.16940e-02 | 59  0.13320 -4.28691e-01 | 60 -0.05256  1.00190e-01
 61  0.09731 -8.64894e-02 | 62  0.10650 -5.22949e-03 | 63  0.05625  3.58423e-02
 64  0.13378  1.17387e-02 | 65 -0.06422  1.65746e-01 | 66 -0.04470  1.16597e-01
 67 -0.09877  1.13550e-01 | 68 -0.03296  6.29084e-02 | 69  0.11810 -3.58498e-02
 70 -0.09881  2.07604e-01 | 71  0.02260  1.10843e-01 | 72 -0.60523  2.03190e-03
 73  0.10868 -7.32829e-01 | 74  0.63883 -1.64009e-01 | 75  0.15388  1.43544e-03
 76  0.40825  9.50549e-01 | 77 -0.03383 -8.22815e-05 | 78  0.38118  1.22210e-03
 79 -0.38491  2.54592e+01 | 80  0.46288  2.60607e-03 | 81 -0.33979 -3.18502e+00
 82  0.31195 -8.52172e-04 |
82 variables; iteration 160; function evaluation 205; phase 6
Function value 2.0972595e+02; maximum gradient component mag -6.9095e+00
Var    Value     Gradient |Var    Value     Gradient |Var    Value     Gradient
  1 -0.35571 -2.04316e-01 |  2  0.41465  5.14482e-03 |  3  0.05369  1.52861e-01
  4 -0.52704  3.95749e-01 |  5 -0.52892  2.69967e-01 |  6 -0.32101  1.06064e+00
  7 -0.03982  5.82252e-02 |  8 -0.00100 -2.07688e-03 |  9 -0.00054 -2.24496e-04
 10 -0.00083  2.68301e-04 | 11 -0.00127 -1.12494e-05 | 12 -0.00193 -6.56828e-04
 13 -0.00295 -2.28977e-03 | 14 -0.00441 -1.90511e-03 | 15 -0.00655 -1.54580e-03
 16 -0.00959 -1.25214e-03 | 17 -0.01383 -6.46142e-04 | 18 -0.01942 -3.93079e-04
 19 -0.02629  6.13776e-03 | 20 -0.03435  6.00081e-04 | 21 -0.04253  3.63814e-04
 22 -0.04882  8.47800e-04 | 23 -0.04980  3.24578e-03 | 24 -0.04239  4.21640e-03
 25 -0.02963  2.90160e-03 | 26 -0.01924  2.31591e-03 | 27  0.00411  7.53324e-03
 28  0.12234 -2.68852e-02 | 29  0.07153 -2.76327e-02 | 30  0.06219 -2.36378e-02
 31 -0.08527 -4.93535e-02 | 32 -0.13312 -4.49690e-02 | 33  0.10726  5.36912e-02
 34 -0.13125 -4.08471e-02 | 35  0.12072  8.31432e-02 | 36 -0.02282 -9.13231e-03
 37 -0.08809 -3.87805e-02 | 38 -0.22961 -5.46858e-02 | 39 -0.09414 -1.81667e-02
 40  0.04974  7.42515e-02 | 41  0.02041  3.29179e-02 | 42  0.01458  1.79667e-02
 43  0.13814  1.11260e-01 | 44  0.01197  4.70489e-03 | 45 -0.07464 -3.21033e-02
 46 -0.07168 -3.70848e-02 | 47  0.06671  5.62539e-02 | 48 -0.00623 -2.16636e-02
 49 -0.06388 -2.11556e-02 | 50  0.08160  7.02643e-02 | 51  0.05836  2.37292e-03
 52 -0.07289 -3.44181e-02 | 53 -0.02238 -1.03309e-02 | 54 -0.04558 -4.40754e-03
 55 -0.07539 -1.03066e-02 | 56  0.00622  6.32926e-02 | 57  0.05213  4.91738e-02
 58 -0.04479 -3.54772e-03 | 59  0.13320  1.29863e-01 | 60 -0.05256 -3.11080e-02
 61  0.09731  3.29870e-02 | 62  0.10650  7.01168e-03 | 63  0.05625 -4.08306e-03
 64  0.13378  1.18541e-02 | 65 -0.06422 -4.87689e-02 | 66 -0.04470 -3.15785e-02
 67 -0.09878 -4.14613e-02 | 68 -0.03295 -1.07392e-02 | 69  0.11810  4.33971e-03
 70 -0.09880 -6.40245e-02 | 71  0.02260 -3.86945e-02 | 72 -0.60523  4.16148e-04
 73  0.10870  2.20022e-01 | 74  0.63883  4.79664e-02 | 75  0.12211 -1.09867e-03
 76  0.40825 -2.84768e-01 | 77 -0.46987 -2.85753e-03 | 78  0.40400  1.47695e-03
 79 -0.38947 -6.90946e+00 | 80  0.29149  1.23077e-03 | 81 -0.37793  9.21790e-01
 82  0.48667  2.59381e-03 |
82 variables; iteration 180; function evaluation 229; phase 6
Function value 2.0971872e+02; maximum gradient component mag -2.3138e+01
Var    Value     Gradient |Var    Value     Gradient |Var    Value     Gradient
  1 -0.35573 -4.86518e-01 |  2  0.41465  5.13615e-03 |  3  0.05367  3.16251e-01
  4 -0.52702  8.36860e-01 |  5 -0.52893  5.66076e-01 |  6 -0.32101  2.59654e+00
  7 -0.03982  1.08803e-01 |  8 -0.00098 -1.80025e-05 |  9 -0.00054  1.59468e-04
 10 -0.00083 -1.06951e-06 | 11 -0.00126  2.53392e-04 | 12 -0.00193 -1.88550e-05
 13 -0.00293  1.80114e-04 | 14 -0.00439  3.42060e-04 | 15 -0.00654  4.34031e-04
 16 -0.00958  4.91921e-04 | 17 -0.01383  7.96169e-04 | 18 -0.01942  9.87862e-04
 19 -0.02632  1.24352e-03 | 20 -0.03435  1.84313e-03 | 21 -0.04253  2.38996e-03
 22 -0.04881  3.09039e-03 | 23 -0.04981  3.97912e-03 | 24 -0.04240  5.56610e-03
 25 -0.02963  7.73470e-03 | 26 -0.01923  1.10071e-02 | 27  0.00410  1.64837e-02
 28  0.12235 -6.67599e-02 | 29  0.07151 -8.06089e-02 | 30  0.06219 -6.17791e-02
 31 -0.08527 -1.21247e-01 | 32 -0.13312 -1.07306e-01 | 33  0.10726  1.59104e-01
 34 -0.13125 -9.39759e-02 | 35  0.12072  2.03735e-01 | 36 -0.02282 -3.92057e-02
 37 -0.08809 -8.47510e-02 | 38 -0.22960 -1.22553e-01 | 39 -0.09414 -3.47581e-02
 40  0.04974  1.84931e-01 | 41  0.02041  7.52397e-02 | 42  0.01458  3.32301e-02
 43  0.13814  2.73479e-01 | 44  0.01196 -4.80645e-02 | 45 -0.07464 -8.30597e-02
 46 -0.07168 -7.65533e-02 | 47  0.06670  1.20717e-01 | 48 -0.00622 -2.18799e-02
 49 -0.06389 -5.63061e-02 | 50  0.08160  1.79663e-01 | 51  0.05836  1.50336e-02
 52 -0.07289 -7.89678e-02 | 53 -0.02238 -2.70776e-02 | 54 -0.04558 -1.25799e-02
 55 -0.07539 -2.88739e-02 | 56  0.00622  1.52993e-01 | 57  0.05213  1.15801e-01
 58 -0.04479 -1.08263e-02 | 59  0.13320  3.21356e-01 | 60 -0.05256 -7.55296e-02
 61  0.09731  6.84007e-02 | 62  0.10650  7.82351e-03 | 63  0.05625 -2.39067e-02
 64  0.13378  3.26269e-04 | 65 -0.06422 -1.20418e-01 | 66 -0.04470 -8.56703e-02
 67 -0.09878 -8.47849e-02 | 68 -0.03296 -5.20961e-02 | 69  0.11810  2.73740e-02
 70 -0.09880 -1.56068e-01 | 71  0.02260 -8.40147e-02 | 72 -0.60523 -3.18110e-03
 73  0.10871  5.51938e-01 | 74  0.63883  1.19328e-01 | 75  0.23785  1.17709e-03
 76  0.40825 -6.92107e-01 | 77  0.44774  2.66345e-03 | 78  0.30403 -1.41807e-03
 79 -0.39330 -2.31376e+01 | 80  0.29511  4.41028e-04 | 81 -0.41943  2.01083e+00
 82  0.37810  3.60005e-04 |
82 variables; iteration 200; function evaluation 250; phase 6
Function value 2.0971433e+02; maximum gradient component mag -1.3521e+01
Var    Value     Gradient |Var    Value     Gradient |Var    Value     Gradient
  1 -0.35576 -2.53553e-01 |  2  0.41465  1.30314e-03 |  3  0.05367  1.62951e-01
  4 -0.52703  4.29770e-01 |  5 -0.52893  2.88282e-01 |  6 -0.32102  1.36732e+00
  7 -0.03982  5.57140e-02 |  8 -0.00098  4.76948e-04 |  9 -0.00054 -6.83476e-05
 10 -0.00083 -2.17228e-04 | 11 -0.00127 -3.41237e-04 | 12 -0.00193  2.28403e-04
 13 -0.00293  1.07063e-04 | 14 -0.00439  6.07273e-05 | 15 -0.00654  3.52737e-04
 16 -0.00958  3.03223e-04 | 17 -0.01383  5.25079e-04 | 18 -0.01942  4.54333e-04
 19 -0.02632  3.60186e-04 | 20 -0.03435  8.63682e-04 | 21 -0.04253  1.23014e-03
 22 -0.04881  1.55481e-03 | 23 -0.04981  1.86918e-03 | 24 -0.04240  2.59150e-03
 25 -0.02963  3.74259e-03 | 26 -0.01923  5.73178e-03 | 27  0.00410  8.01100e-03
 28  0.12235 -3.80238e-02 | 29  0.07151 -4.48671e-02 | 30  0.06219 -3.51078e-02
 31 -0.08527 -6.48204e-02 | 32 -0.13312 -5.65992e-02 | 33  0.10726  8.33828e-02
 34 -0.13125 -4.93795e-02 | 35  0.12072  1.03316e-01 | 36 -0.02282 -2.25899e-02
 37 -0.08809 -4.57648e-02 | 38 -0.22960 -6.44294e-02 | 39 -0.09414 -1.70395e-02
 40  0.04974  1.00688e-01 | 41  0.02041  4.16840e-02 | 42  0.01458  1.85299e-02
 43  0.13814  1.43828e-01 | 44  0.01196 -2.83568e-02 | 45 -0.07464 -4.42318e-02
 46 -0.07168 -4.00946e-02 | 47  0.06670  6.39089e-02 | 48 -0.00622 -1.10496e-02
 49 -0.06389 -2.91287e-02 | 50  0.08160  9.67880e-02 | 51  0.05836  7.10983e-03
 52 -0.07289 -4.12859e-02 | 53 -0.02238 -1.42494e-02 | 54 -0.04558 -5.92779e-03
 55 -0.07539 -1.46131e-02 | 56  0.00622  8.32973e-02 | 57  0.05213  6.19075e-02
 58 -0.04479 -4.23055e-03 | 59  0.13320  1.72534e-01 | 60 -0.05256 -3.95154e-02
 61  0.09731  3.51360e-02 | 62  0.10650  2.79091e-03 | 63  0.05625 -1.35499e-02
 64  0.13378 -4.60945e-03 | 65 -0.06422 -6.43460e-02 | 66 -0.04470 -4.55709e-02
 67 -0.09878 -4.35566e-02 | 68 -0.03296 -2.63687e-02 | 69  0.11810  1.62191e-02
 70 -0.09880 -8.23200e-02 | 71  0.02260 -4.22809e-02 | 72 -0.60523 -1.55160e-03
 73  0.10872  2.91981e-01 | 74  0.63884  6.23808e-02 | 75  0.24826  7.23375e-04
 76  0.40825 -3.61705e-01 | 77 -0.21889 -1.16580e-03 | 78  0.33487 -2.32276e-04
 79 -0.39549 -1.35214e+01 | 80  0.24106 -1.92285e-03 | 81 -0.44921  1.02674e+00
 82  0.38576 -7.32978e-04 |
82 variables; iteration 220; function evaluation 272; phase 6
Function value 2.0970952e+02; maximum gradient component mag -4.0527e+01
Var    Value     Gradient |Var    Value     Gradient |Var    Value     Gradient
  1 -0.35577 -6.53719e-01 |  2  0.41465  4.15730e-03 |  3  0.05367  4.18174e-01
  4 -0.52703  1.10507e+00 |  5 -0.52893  7.42907e-01 |  6 -0.32102  3.52216e+00
  7 -0.03982  1.41673e-01 |  8 -0.00098  3.99167e-04 |  9 -0.00054 -7.51139e-05
 10 -0.00083 -1.05511e-05 | 11 -0.00127 -2.76822e-04 | 12 -0.00193  3.57160e-04
 13 -0.00293  1.90458e-04 | 14 -0.00439  2.30833e-04 | 15 -0.00654  6.57875e-04
 16 -0.00958  6.46537e-04 | 17 -0.01383  1.10135e-03 | 18 -0.01942  1.24424e-03
 19 -0.02632  1.50143e-03 | 20 -0.03436  2.28388e-03 | 21 -0.04253  3.11221e-03
 22 -0.04881  3.98832e-03 | 23 -0.04981  5.15520e-03 | 24 -0.04240  7.10858e-03
 25 -0.02963  9.99494e-03 | 26 -0.01923  1.44370e-02 | 27  0.00410  2.12788e-02
 28  0.12235 -9.63623e-02 | 29  0.07151 -1.14175e-01 | 30  0.06219 -8.93920e-02
 31 -0.08527 -1.66398e-01 | 32 -0.13312 -1.45801e-01 | 33  0.10726  2.13178e-01
 34 -0.13125 -1.27472e-01 | 35  0.12072  2.67351e-01 | 36 -0.02282 -5.70220e-02
 37 -0.08809 -1.17726e-01 | 38 -0.22960 -1.66491e-01 | 39 -0.09414 -4.48947e-02
 40  0.04974  2.56826e-01 | 41  0.02041  1.05740e-01 | 42  0.01458  4.70344e-02
 43  0.13814  3.69463e-01 | 44  0.01196 -7.02324e-02 | 45 -0.07464 -1.13960e-01
 46 -0.07168 -1.04282e-01 | 47  0.06670  1.64974e-01 | 48 -0.00622 -2.97115e-02
 49 -0.06389 -7.51492e-02 | 50  0.08160  2.48103e-01 | 51  0.05836  1.83640e-02
 52 -0.07289 -1.06709e-01 | 53 -0.02238 -3.64483e-02 | 54 -0.04558 -1.55442e-02
 55 -0.07539 -3.75377e-02 | 56  0.00622  2.14047e-01 | 57  0.05213  1.59639e-01
 58 -0.04479 -1.14440e-02 | 59  0.13320  4.43724e-01 | 60 -0.05256 -1.01932e-01
 61  0.09731  9.22826e-02 | 62  0.10650  8.70453e-03 | 63  0.05625 -3.31733e-02
 64  0.13378 -7.36217e-03 | 65 -0.06422 -1.64817e-01 | 66 -0.04470 -1.16539e-01
 67 -0.09878 -1.13147e-01 | 68 -0.03296 -6.75988e-02 | 69  0.11810  4.08786e-02
 70 -0.09880 -2.12073e-01 | 71  0.02260 -1.10064e-01 | 72 -0.60523 -4.31327e-03
 73  0.10873  7.52169e-01 | 74  0.63883  1.59579e-01 | 75  0.15659  1.01674e-03
 76  0.40825 -9.26543e-01 | 77  0.12650  6.25468e-04 | 78  0.33143 -3.16631e-04
 79 -0.39814 -4.05267e+01 | 80  0.32335  2.00859e-04 | 81 -0.49446  2.15824e+00
 82  0.31730 -1.75413e-03 |
82 variables; iteration 240; function evaluation 294; phase 6
Function value 2.0970615e+02; maximum gradient component mag 1.0364e+01
Var    Value     Gradient |Var    Value     Gradient |Var    Value     Gradient
  1 -0.35580  1.34686e-01 |  2  0.41465 -2.61795e-04 |  3  0.05370 -8.28331e-02
  4 -0.52704 -2.17704e-01 |  5 -0.52892 -1.44838e-01 |  6 -0.32104 -7.36727e-01
  7 -0.03982 -3.09431e-02 |  8 -0.00098  7.64499e-04 |  9 -0.00054  3.76938e-05
 10 -0.00083 -3.33823e-04 | 11 -0.00127 -2.50338e-04 | 12 -0.00193  1.76589e-04
 13 -0.00293  4.59789e-04 | 14 -0.00439  4.49653e-04 | 15 -0.00654  4.64826e-04
 16 -0.00958  3.28817e-04 | 17 -0.01383  2.74956e-04 | 18 -0.01942 -6.95132e-05
 19 -0.02633 -1.64159e-03 | 20 -0.03436 -4.37715e-04 | 21 -0.04253 -4.12330e-04
 22 -0.04881 -5.99392e-04 | 23 -0.04981 -1.63385e-03 | 24 -0.04240 -2.11185e-03
 25 -0.02963 -2.19246e-03 | 26 -0.01923 -2.26462e-03 | 27  0.00410 -4.74320e-03
 28  0.12235  2.15881e-02 | 29  0.07151  2.41222e-02 | 30  0.06219  2.04120e-02
 31 -0.08528  3.52339e-02 | 32 -0.13312  3.06163e-02 | 33  0.10726 -3.96256e-02
 34 -0.13125  2.73403e-02 | 35  0.12072 -5.19503e-02 | 36 -0.02283  1.16255e-02
 37 -0.08809  2.65669e-02 | 38 -0.22960  3.60354e-02 | 39 -0.09414  9.30256e-03
 40  0.04974 -5.57106e-02 | 41  0.02041 -2.38601e-02 | 42  0.01458 -1.15631e-02
 43  0.13815 -7.57645e-02 | 44  0.01196  1.07049e-02 | 45 -0.07464  2.41867e-02
 46 -0.07168  2.37929e-02 | 47  0.06670 -3.66132e-02 | 48 -0.00622  9.59619e-03
 49 -0.06389  1.48575e-02 | 50  0.08160 -5.19445e-02 | 51  0.05836 -1.36590e-03
 52 -0.07289  2.29374e-02 | 53 -0.02238  7.25722e-03 | 54 -0.04558  2.63779e-03
 55 -0.07539  6.52332e-03 | 56  0.00622 -4.82062e-02 | 57  0.05213 -3.53846e-02
 58 -0.04479  8.40894e-04 | 59  0.13320 -9.58296e-02 | 60 -0.05256  2.11926e-02
 61  0.09731 -2.08295e-02 | 62  0.10650 -2.39275e-03 | 63  0.05625  5.03195e-03
 64  0.13378  4.70537e-04 | 65 -0.06422  3.44249e-02 | 66 -0.04470  2.31149e-02
 67 -0.09877  2.44756e-02 | 68 -0.03296  1.02034e-02 | 69  0.11810 -8.19465e-03
 70 -0.09880  4.44661e-02 | 71  0.02260  2.25957e-02 | 72 -0.60522  4.05045e-04
 73  0.10874 -1.58851e-01 | 74  0.63884 -3.15509e-02 | 75  0.05798 -7.92060e-03
 76  0.40825  1.82839e-01 | 77  0.32976  8.25449e-04 | 78  0.33849 -2.30307e-03
 79 -0.40025  1.03642e+01 | 80  0.26879  1.62994e-04 | 81 -0.54189 -3.35374e-01
 82  0.41465  9.88894e-04 |
82 variables; iteration 260; function evaluation 316; phase 6
Function value 2.0970395e+02; maximum gradient component mag -2.1478e+01
Var    Value     Gradient |Var    Value     Gradient |Var    Value     Gradient
  1 -0.35580 -3.10824e-01 |  2  0.41465  3.76459e-03 |  3  0.05368  2.06130e-01
  4 -0.52703  5.44478e-01 |  5 -0.52893  3.68848e-01 |  6 -0.32104  1.64963e+00
  7 -0.03982  7.33156e-02 |  8 -0.00098  3.69209e-04 |  9 -0.00054  4.96076e-05
 10 -0.00083 -1.32833e-04 | 11 -0.00127 -7.72501e-05 | 12 -0.00193  1.41177e-04
 13 -0.00293  2.64101e-04 | 14 -0.00439  3.14629e-04 | 15 -0.00654  4.24987e-04
 16 -0.00958  4.58876e-04 | 17 -0.01383  6.35586e-04 | 18 -0.01942  6.80481e-04
 19 -0.02633  3.75606e-04 | 20 -0.03436  1.20686e-03 | 21 -0.04253  1.59921e-03
 22 -0.04881  2.04480e-03 | 23 -0.04981  2.40490e-03 | 24 -0.04240  3.36640e-03
 25 -0.02963  4.96783e-03 | 26 -0.01923  7.26433e-03 | 27  0.00410  1.04595e-02
 28  0.12235 -4.15015e-02 | 29  0.07151 -5.05752e-02 | 30  0.06219 -3.81094e-02
 31 -0.08527 -7.66781e-02 | 32 -0.13312 -6.80408e-02 | 33  0.10726  1.03411e-01
 34 -0.13125 -5.93653e-02 | 35  0.12072  1.31955e-01 | 36 -0.02283 -2.44441e-02
 37 -0.08809 -5.27980e-02 | 38 -0.22960 -7.73255e-02 | 39 -0.09414 -2.18710e-02
 40  0.04974  1.17258e-01 | 41  0.02041  4.76291e-02 | 42  0.01458  2.10027e-02
 43  0.13814  1.75328e-01 | 44  0.01196 -3.12406e-02 | 45 -0.07464 -5.24480e-02
 46 -0.07168 -4.79555e-02 | 47  0.06670  7.59576e-02 | 48 -0.00622 -1.27511e-02
 49 -0.06389 -3.60616e-02 | 50  0.08160  1.13571e-01 | 51  0.05836  1.02246e-02
 52 -0.07289 -5.00580e-02 | 53 -0.02238 -1.75271e-02 | 54 -0.04558 -8.48862e-03
 55 -0.07539 -1.90105e-02 | 56  0.00622  9.52378e-02 | 57  0.05213  7.22119e-02
 58 -0.04479 -7.76758e-03 | 59  0.13320  2.01760e-01 | 60 -0.05256 -4.82340e-02
 61  0.09731  4.22479e-02 | 62  0.10650  4.28231e-03 | 63  0.05625 -1.62415e-02
 64  0.13378 -6.25836e-04 | 65 -0.06422 -7.65782e-02 | 66 -0.04470 -5.50341e-02
 67 -0.09878 -5.37982e-02 | 68 -0.03296 -3.46887e-02 | 69  0.11810  1.69608e-02
 70 -0.09880 -9.91658e-02 | 71  0.02260 -5.36798e-02 | 72 -0.60523 -1.59718e-03
 73  0.10874  3.49409e-01 | 74  0.63884  7.74928e-02 | 75  0.39435  2.23017e-03
 76  0.40825 -4.48849e-01 | 77 -0.03171 -1.69858e-04 | 78  0.33281 -1.79143e-04
 79 -0.40155 -2.14782e+01 | 80  0.28312  2.62531e-04 | 81 -0.57915  7.19525e-01
 82  0.39247  5.87270e-04 |
82 variables; iteration 280; function evaluation 344; phase 6
Function value 2.0970107e+02; maximum gradient component mag -1.9301e+00
Var    Value     Gradient |Var    Value     Gradient |Var    Value     Gradient
  1 -0.35582 -2.25954e-02 |  2  0.41465 -1.03430e-03 |  3  0.05368  1.48926e-03
  4 -0.52703  9.38468e-03 |  5 -0.52892  6.02430e-03 |  6 -0.32104  1.36024e-01
  7 -0.03982 -3.48288e-03 |  8 -0.00098 -1.96767e-05 |  9 -0.00054 -6.33786e-06
 10 -0.00083 -7.87646e-06 | 11 -0.00127 -8.94251e-06 | 12 -0.00193 -1.26147e-05
 13 -0.00293 -3.27756e-05 | 14 -0.00439 -3.27766e-05 | 15 -0.00654 -1.69285e-05
 16 -0.00958 -1.37025e-05 | 17 -0.01383  2.64626e-06 | 18 -0.01942  9.08858e-06
 19 -0.02632  9.32396e-05 | 20 -0.03436  4.09792e-05 | 21 -0.04253  5.76776e-05
 22 -0.04882  8.03852e-05 | 23 -0.04981  1.37388e-04 | 24 -0.04240  1.93683e-04
 25 -0.02963  2.46880e-04 | 26 -0.01924  3.57329e-04 | 27  0.00410  6.05898e-04
 28  0.12235 -4.94854e-03 | 29  0.07151 -5.21333e-03 | 30  0.06219 -4.20358e-03
 31 -0.08527 -6.71428e-03 | 32 -0.13312 -5.77338e-03 | 33  0.10726  6.91042e-03
 34 -0.13125 -5.16730e-03 | 35  0.12072  7.99898e-03 | 36 -0.02282 -3.11674e-03
 37 -0.08809 -5.32885e-03 | 38 -0.22960 -6.77905e-03 | 39 -0.09414 -2.26973e-03
 40  0.04974  8.37642e-03 | 41  0.02041  2.74343e-03 | 42  0.01458  6.00947e-04
 43  0.13814  1.13308e-02 | 44  0.01196 -3.82709e-03 | 45 -0.07464 -4.92480e-03
 46 -0.07168 -4.49534e-03 | 47  0.06670  6.11864e-03 | 48 -0.00622 -1.52593e-03
 49 -0.06389 -2.87299e-03 | 50  0.08160  1.02863e-02 | 51  0.05836  8.09152e-04
 52 -0.07289 -3.97571e-03 | 53 -0.02238 -9.57551e-04 | 54 -0.04558  1.58095e-05
 55 -0.07539 -8.69760e-04 | 56  0.00622  9.91222e-03 | 57  0.05213  7.54628e-03
 58 -0.04479  3.44754e-04 | 59  0.13320  1.98529e-02 | 60 -0.05256 -3.46098e-03
 61  0.09731  5.24305e-03 | 62  0.10650  1.64808e-03 | 63  0.05625 -1.02520e-04
 64  0.13378  1.57000e-03 | 65 -0.06422 -5.98147e-03 | 66 -0.04470 -3.83940e-03
 67 -0.09878 -3.94239e-03 | 68 -0.03296 -1.71790e-03 | 69  0.11810  3.00308e-03
 70 -0.09880 -8.19749e-03 | 71  0.02260 -3.85284e-03 | 72 -0.60523 -1.52794e-03
 73  0.10875  3.17834e-02 | 74  0.63884  3.50780e-03 | 75  0.12756 -5.72335e-04
 76  0.40825 -2.04370e-02 | 77  0.00454 -8.71370e-05 | 78  0.34176  1.16106e-04
 79 -0.40312 -1.93010e+00 | 80  0.28499  8.48992e-05 | 81 -0.63894  7.60204e-02
 82  0.37949  1.84202e-04 |
82 variables; iteration 300; function evaluation 371; phase 6
Function value 2.0970003e+02; maximum gradient component mag -3.2655e+01
Var    Value     Gradient |Var    Value     Gradient |Var    Value     Gradient
  1 -0.35583 -4.11654e-01 |  2  0.41465  6.08499e-03 |  3  0.05370  2.91574e-01
  4 -0.52704  7.60912e-01 |  5 -0.52892  5.13958e-01 |  6 -0.32105  2.17724e+00
  7 -0.03982  1.07198e-01 |  8 -0.00098 -3.31230e-05 |  9 -0.00054  2.12501e-05
 10 -0.00083  1.13766e-04 | 11 -0.00127  1.12995e-04 | 12 -0.00193  9.67971e-05
 13 -0.00293  1.42477e-04 | 14 -0.00439  2.14526e-04 | 15 -0.00654  2.86227e-04
 16 -0.00958  4.48821e-04 | 17 -0.01383  6.07861e-04 | 18 -0.01942  8.98553e-04
 19 -0.02632  1.26937e-03 | 20 -0.03436  1.56232e-03 | 21 -0.04253  2.03641e-03
 22 -0.04882  2.63583e-03 | 23 -0.04981  3.51085e-03 | 24 -0.04240  4.78110e-03
 25 -0.02963  6.72329e-03 | 26 -0.01924  9.10982e-03 | 27  0.00410  1.40327e-02
 28  0.12235 -5.53596e-02 | 29  0.07151 -6.71219e-02 | 30  0.06219 -5.19344e-02
 31 -0.08527 -1.01637e-01 | 32 -0.13312 -8.98853e-02 | 33  0.10726  1.34474e-01
 34 -0.13125 -7.84564e-02 | 35  0.12072  1.72731e-01 | 36 -0.02283 -3.18365e-02
 37 -0.08809 -7.05456e-02 | 38 -0.22960 -1.02452e-01 | 39 -0.09414 -2.76527e-02
 40  0.04974  1.59464e-01 | 41  0.02041  6.66758e-02 | 42  0.01458  3.10136e-02
 43  0.13814  2.34567e-01 | 44  0.01196 -3.81663e-02 | 45 -0.07464 -6.90191e-02
 46 -0.07168 -6.39977e-02 | 47  0.06670  1.02479e-01 | 48 -0.00622 -1.82818e-02
 49 -0.06389 -4.67257e-02 | 50  0.08160  1.50312e-01 | 51  0.05836  1.17706e-02
 52 -0.07289 -6.64996e-02 | 53 -0.02238 -2.33786e-02 | 54 -0.04558 -1.13090e-02
 55 -0.07539 -2.46796e-02 | 56  0.00622  1.27008e-01 | 57  0.05213  9.54150e-02
 58 -0.04479 -9.67070e-03 | 59  0.13320  2.66509e-01 | 60 -0.05256 -6.41723e-02
 61  0.09731  5.43987e-02 | 62  0.10650  3.86973e-03 | 63  0.05625 -2.21354e-02
 64  0.13378 -4.62035e-03 | 65 -0.06422 -1.01969e-01 | 66 -0.04470 -7.29560e-02
 67 -0.09878 -7.18614e-02 | 68 -0.03296 -4.40919e-02 | 69  0.11810  2.08610e-02
 70 -0.09880 -1.31076e-01 | 71  0.02260 -7.03560e-02 | 72 -0.60522  1.82994e-05
 73  0.10876  4.58122e-01 | 74  0.63884  1.04490e-01 | 75  0.16002  1.46712e-03
 76  0.40825 -6.06959e-01 | 77  0.03378  2.38373e-04 | 78  0.34903  2.91860e-04
 79 -0.40387 -3.26551e+01 | 80  0.28648 -3.59823e-04 | 81 -0.67670  6.03961e-01
 82  0.35601 -6.99365e-04 |
82 variables; iteration 320; function evaluation 395; phase 6
Function value 2.0969895e+02; maximum gradient component mag -3.2644e+01
Var    Value     Gradient |Var    Value     Gradient |Var    Value     Gradient
  1 -0.35584 -3.88319e-01 |  2  0.41465  4.45854e-03 |  3  0.05369  2.60910e-01
  4 -0.52704  6.86003e-01 |  5 -0.52892  4.63152e-01 |  6 -0.32105  2.06848e+00
  7 -0.03982  9.25280e-02 |  8 -0.00098  3.27178e-05 |  9 -0.00054  2.55155e-05
 10 -0.00083  5.84782e-05 | 11 -0.00127  7.32797e-05 | 12 -0.00193  8.71498e-05
 13 -0.00293  1.41487e-04 | 14 -0.00439  2.03763e-04 | 15 -0.00654  2.73382e-04
 16 -0.00958  4.09004e-04 | 17 -0.01383  5.66861e-04 | 18 -0.01942  8.16565e-04
 19 -0.02633  1.08017e-03 | 20 -0.03436  1.45023e-03 | 21 -0.04253  1.88657e-03
 22 -0.04882  2.44027e-03 | 23 -0.04981  3.22914e-03 | 24 -0.04240  4.42590e-03
 25 -0.02963  6.24942e-03 | 26 -0.01924  8.56135e-03 | 27  0.00410  1.31065e-02
 28  0.12235 -5.37080e-02 | 29  0.07151 -6.45721e-02 | 30  0.06219 -4.99150e-02
 31 -0.08527 -9.67835e-02 | 32 -0.13312 -8.54759e-02 | 33  0.10726  1.26851e-01
 34 -0.13125 -7.47195e-02 | 35  0.12072  1.62032e-01 | 36 -0.02283 -3.12304e-02
 37 -0.08809 -6.76112e-02 | 38 -0.22960 -9.75449e-02 | 39 -0.09414 -2.67763e-02
 40  0.04974  1.49758e-01 | 41  0.02041  6.17779e-02 | 42  0.01458  2.79950e-02
 43  0.13814  2.19781e-01 | 44  0.01196 -3.79958e-02 | 45 -0.07464 -6.61177e-02
 46 -0.07168 -6.10883e-02 | 47  0.06670  9.68060e-02 | 48 -0.00622 -1.74245e-02
 49 -0.06389 -4.44679e-02 | 50  0.08160  1.43467e-01 | 51  0.05836  1.14055e-02
 52 -0.07289 -6.29798e-02 | 53 -0.02238 -2.17909e-02 | 54 -0.04558 -1.01735e-02
 55 -0.07539 -2.29630e-02 | 56  0.00622  1.22121e-01 | 57  0.05213  9.18651e-02
 58 -0.04479 -8.49614e-03 | 59  0.13320  2.55716e-01 | 60 -0.05256 -6.04677e-02
 61  0.09731  5.32595e-02 | 62  0.10650  4.95538e-03 | 63  0.05625 -1.99366e-02
 64  0.13378 -2.54767e-03 | 65 -0.06422 -9.64485e-02 | 66 -0.04470 -6.87029e-02
 67 -0.09878 -6.76566e-02 | 68 -0.03296 -4.13043e-02 | 69  0.11810  2.14155e-02
 70 -0.09880 -1.24503e-01 | 71  0.02260 -6.64058e-02 | 72 -0.60523 -1.44905e-03
 73  0.10876  4.38269e-01 | 74  0.63884  9.65435e-02 | 75  0.15503  2.18466e-03
 76  0.40825 -5.60265e-01 | 77 -0.03805 -1.75369e-05 | 78  0.32929 -1.52675e-04
 79 -0.40467 -3.26443e+01 | 80  0.28796 -1.25625e-04 | 81 -0.72930  4.39515e-01
 82  0.36375 -3.39594e-04 |
82 variables; iteration 340; function evaluation 417; phase 6
Function value 2.0969836e+02; maximum gradient component mag -1.2550e+01
Var    Value     Gradient |Var    Value     Gradient |Var    Value     Gradient
  1 -0.35584 -1.45135e-01 |  2  0.41465  1.72753e-03 |  3  0.05369  1.00524e-01
  4 -0.52704  2.62726e-01 |  5 -0.52892  1.77157e-01 |  6 -0.32105  7.71458e-01
  7 -0.03982  3.74969e-02 |  8 -0.00098  9.70035e-05 |  9 -0.00054  4.05644e-06
 10 -0.00083 -1.41743e-05 | 11 -0.00127 -1.98257e-05 | 12 -0.00193  6.67832e-05
 13 -0.00293  8.83043e-05 | 14 -0.00439  1.05321e-04 | 15 -0.00654  1.71107e-04
 16 -0.00958  2.01954e-04 | 17 -0.01383  2.78480e-04 | 18 -0.01942  3.18056e-04
 19 -0.02633  3.01528e-04 | 20 -0.03436  5.29886e-04 | 21 -0.04253  7.29596e-04
 22 -0.04882  9.29931e-04 | 23 -0.04981  1.16184e-03 | 24 -0.04240  1.59333e-03
 25 -0.02963  2.30034e-03 | 26 -0.01924  3.28249e-03 | 27  0.00410  4.82386e-03
 28  0.12235 -2.00703e-02 | 29  0.07151 -2.42662e-02 | 30  0.06219 -1.87546e-02
 31 -0.08527 -3.61321e-02 | 32 -0.13312 -3.18259e-02 | 33  0.10726  4.80463e-02
 34 -0.13125 -2.77112e-02 | 35  0.12072  6.06694e-02 | 36 -0.02283 -1.17189e-02
 37 -0.08809 -2.51187e-02 | 38 -0.22960 -3.62167e-02 | 39 -0.09414 -9.59466e-03
 40  0.04974  5.68512e-02 | 41  0.02041  2.37875e-02 | 42  0.01458  1.09520e-02
 43  0.13814  8.28825e-02 | 44  0.01196 -1.45029e-02 | 45 -0.07464 -2.45604e-02
 46 -0.07168 -2.25076e-02 | 47  0.06670  3.61888e-02 | 48 -0.00622 -6.17141e-03
 49 -0.06389 -1.65084e-02 | 50  0.08160  5.37841e-02 | 51  0.05836  4.17338e-03
 52 -0.07289 -2.34620e-02 | 53 -0.02238 -8.30271e-03 | 54 -0.04558 -3.89517e-03
 55 -0.07539 -8.71666e-03 | 56  0.00622  4.53200e-02 | 57  0.05213  3.37536e-02
 58 -0.04479 -3.23053e-03 | 59  0.13320  9.48317e-02 | 60 -0.05256 -2.27031e-02
 61  0.09731  1.90132e-02 | 62  0.10650  1.06791e-03 | 63  0.05625 -8.08970e-03
 64  0.13378 -2.55829e-03 | 65 -0.06422 -3.62974e-02 | 66 -0.04470 -2.59761e-02
 67 -0.09878 -2.51395e-02 | 68 -0.03296 -1.55724e-02 | 69  0.11810  7.88915e-03
 70 -0.09880 -4.64493e-02 | 71  0.02260 -2.45397e-02 | 72 -0.60523  2.31147e-05
 73  0.10876  1.62958e-01 | 74  0.63884  3.68440e-02 | 75  0.13994  3.95056e-04
 76  0.40825 -2.14159e-01 | 77  0.01732  1.44792e-04 | 78  0.32967 -1.32113e-04
 79 -0.40521 -1.25498e+01 | 80  0.28372 -2.72433e-04 | 81 -0.77756  1.28628e-01
 82  0.36523 -3.87802e-04 |
82 variables; iteration 360; function evaluation 440; phase 6
Function value 2.0969816e+02; maximum gradient component mag 9.6228e-01
Var    Value     Gradient |Var    Value     Gradient |Var    Value     Gradient
  1 -0.35584  1.22378e-02 |  2  0.41465 -4.03450e-04 |  3  0.05369 -1.05007e-02
  4 -0.52704 -2.68369e-02 |  5 -0.52892 -1.82791e-02 |  6 -0.32105 -6.20414e-02
  7 -0.03982 -4.49708e-03 |  8 -0.00098  3.04375e-05 |  9 -0.00054  6.39911e-06
 10 -0.00083 -1.40210e-05 | 11 -0.00127 -3.85241e-06 | 12 -0.00193 -1.44082e-06
 13 -0.00293  2.08681e-05 | 14 -0.00439  2.11958e-05 | 15 -0.00654  4.67624e-06
 16 -0.00958  2.26056e-07 | 17 -0.01383 -1.16429e-05 | 18 -0.01942 -2.16990e-05
 19 -0.02633 -1.15039e-04 | 20 -0.03436 -4.86031e-05 | 21 -0.04253 -6.16929e-05
 22 -0.04882 -8.33588e-05 | 23 -0.04981 -1.35163e-04 | 24 -0.04240 -1.78100e-04
 25 -0.02963 -2.11900e-04 | 26 -0.01924 -2.70921e-04 | 27  0.00410 -4.55075e-04
 28  0.12235  1.29610e-03 | 29  0.07151  1.63156e-03 | 30  0.06219  1.24376e-03
 31 -0.08527  2.81159e-03 | 32 -0.13312  2.55227e-03 | 33  0.10726 -3.92273e-03
 34 -0.13125  2.23752e-03 | 35  0.12072 -5.37853e-03 | 36 -0.02283  6.29658e-04
 37 -0.08809  1.92747e-03 | 38 -0.22960  2.94130e-03 | 39 -0.09414  8.28249e-04
 40  0.04974 -4.58415e-03 | 41  0.02041 -2.01630e-03 | 42  0.01458 -1.05225e-03
 43  0.13814 -7.05207e-03 | 44  0.01196  5.12490e-04 | 45 -0.07464  1.85022e-03
 46 -0.07168  1.83561e-03 | 47  0.06670 -3.01948e-03 | 48 -0.00622  6.63524e-04
 49 -0.06389  1.33724e-03 | 50  0.08160 -4.06354e-03 | 51  0.05836 -2.95892e-04
 52 -0.07289  1.95470e-03 | 53 -0.02238  7.22717e-04 | 54 -0.04558  4.14698e-04
 55 -0.07539  7.86324e-04 | 56  0.00622 -3.30525e-03 | 57  0.05213 -2.52080e-03
 58 -0.04479  4.16534e-04 | 59  0.13320 -7.08830e-03 | 60 -0.05256  1.90231e-03
 61  0.09731 -1.41782e-03 | 62  0.10650 -2.70799e-05 | 63  0.05625  6.87808e-04
 64  0.13378  6.71003e-05 | 65 -0.06422  2.92757e-03 | 66 -0.04470  2.11211e-03
 67 -0.09878  2.23094e-03 | 68 -0.03296  1.26693e-03 | 69  0.11810 -2.53919e-04
 70 -0.09880  3.73027e-03 | 71  0.02260  2.18698e-03 | 72 -0.60523 -1.96094e-04
 73  0.10876 -1.26044e-02 | 74  0.63884 -3.32987e-03 | 75  0.14066  6.73767e-05
 76  0.40825  1.95006e-02 | 77  0.00086  3.07263e-05 | 78  0.32291 -3.61912e-04
 79 -0.40556  9.62278e-01 | 80  0.28532 -3.52529e-05 | 81 -0.81849 -5.31219e-03
 82  0.37358 -3.37311e-05 |
  ic > imax  in fminim is answer attained ?
Var    Value     Gradient |Var    Value     Gradient |Var    Value     Gradient
  1 -0.35584 -1.44357e-05 |  2  0.41465  1.60182e-07 |  3  0.05369  9.60933e-06
  4 -0.52704  2.53345e-05 |  5 -0.52892  1.71220e-05 |  6 -0.32105  7.68414e-05
  7 -0.03982  3.43006e-06 |  8 -0.00098  1.38982e-08 |  9 -0.00054  2.24957e-09
 10 -0.00083 -4.24147e-09 | 11 -0.00127 -1.58681e-09 | 12 -0.00193  5.74475e-09
 13 -0.00293  1.15791e-08 | 14 -0.00439  1.39958e-08 | 15 -0.00654  1.78243e-08
 16 -0.00958  2.04687e-08 | 17 -0.01383  2.76535e-08 | 18 -0.01942  3.16333e-08
 19 -0.02633  2.06308e-08 | 20 -0.03436  5.52528e-08 | 21 -0.04253  7.30381e-08
 22 -0.04882  9.35012e-08 | 23 -0.04981  1.12357e-07 | 24 -0.04240  1.56622e-07
 25 -0.02963  2.29965e-07 | 26 -0.01924  3.30643e-07 | 27  0.00410  4.82313e-07
 28  0.12235 -1.97852e-06 | 29  0.07151 -2.39670e-06 | 30  0.06219 -1.82981e-06
 31 -0.08527 -3.58948e-06 | 32 -0.13312 -3.17178e-06 | 33  0.10726  4.77645e-06
 34 -0.13125 -2.76673e-06 | 35  0.12072  6.06402e-06 | 36 -0.02283 -1.16667e-06
 37 -0.08809 -2.48555e-06 | 38 -0.22960 -3.60596e-06 | 39 -0.09414 -9.95096e-07
 40  0.04974  5.53393e-06 | 41  0.02041  2.26805e-06 | 42  0.01458  1.01191e-06
 43  0.13814  8.17278e-06 | 44  0.01196 -1.47454e-06 | 45 -0.07464 -2.45182e-06
 46 -0.07168 -2.24058e-06 | 47  0.06670  3.56180e-06 | 48 -0.00622 -6.02039e-07
 49 -0.06389 -1.66545e-06 | 50  0.08160  5.32454e-06 | 51  0.05836  4.50082e-07
 52 -0.07289 -2.33141e-06 | 53 -0.02238 -8.14308e-07 | 54 -0.04558 -3.83828e-07
 55 -0.07539 -8.68650e-07 | 56  0.00622  4.49741e-06 | 57  0.05213  3.38854e-06
 58 -0.04479 -3.32972e-07 | 59  0.13320  9.46203e-06 | 60 -0.05256 -2.24498e-06
 61  0.09731  1.95929e-06 | 62  0.10650  1.78456e-07 | 63  0.05625 -7.62190e-07
 64  0.13378 -1.02941e-07 | 65 -0.06422 -3.58104e-06 | 66 -0.04470 -2.56471e-06
 67 -0.09878 -2.49613e-06 | 68 -0.03296 -1.58252e-06 | 69  0.11810  8.06793e-07
 70 -0.09880 -4.62187e-06 | 71  0.02260 -2.46979e-06 | 72 -0.60523 -6.03107e-08
 73  0.10876  1.62882e-05 | 74  0.63884  3.60324e-06 | 75  0.13921  4.08828e-08
 76  0.40825 -2.08946e-05 | 77  0.00129  3.70554e-09 | 78  0.33362  1.39915e-08
 79 -0.40564 -1.27184e-03 | 80  0.28599 -1.47776e-08 | 81 -0.82964  8.56722e-06
 82  0.37413 -2.79825e-10 |
Function minimizer not making progress ... is minimum attained?
Minimprove criterion = 0.0000e+00

 - final statistics:
82 variables; iteration 379; function evaluation 489
Function value 2.0970e+02; maximum gradient component mag -1.2718e-03
Exit code = 1;  converg criter 1.0000e-04
Var    Value     Gradient |Var    Value     Gradient |Var    Value     Gradient
  1 -0.35584 -1.44357e-05 |  2  0.41465  1.60182e-07 |  3  0.05369  9.60933e-06
  4 -0.52704  2.53345e-05 |  5 -0.52892  1.71220e-05 |  6 -0.32105  7.68414e-05
  7 -0.03982  3.43006e-06 |  8 -0.00098  1.38982e-08 |  9 -0.00054  2.24957e-09
 10 -0.00083 -4.24147e-09 | 11 -0.00127 -1.58681e-09 | 12 -0.00193  5.74475e-09
 13 -0.00293  1.15791e-08 | 14 -0.00439  1.39958e-08 | 15 -0.00654  1.78243e-08
 16 -0.00958  2.04687e-08 | 17 -0.01383  2.76535e-08 | 18 -0.01942  3.16333e-08
 19 -0.02633  2.06308e-08 | 20 -0.03436  5.52528e-08 | 21 -0.04253  7.30381e-08
 22 -0.04882  9.35012e-08 | 23 -0.04981  1.12357e-07 | 24 -0.04240  1.56622e-07
 25 -0.02963  2.29965e-07 | 26 -0.01924  3.30643e-07 | 27  0.00410  4.82313e-07
 28  0.12235 -1.97852e-06 | 29  0.07151 -2.39670e-06 | 30  0.06219 -1.82981e-06
 31 -0.08527 -3.58948e-06 | 32 -0.13312 -3.17178e-06 | 33  0.10726  4.77645e-06
 34 -0.13125 -2.76673e-06 | 35  0.12072  6.06402e-06 | 36 -0.02283 -1.16667e-06
 37 -0.08809 -2.48555e-06 | 38 -0.22960 -3.60596e-06 | 39 -0.09414 -9.95096e-07
 40  0.04974  5.53393e-06 | 41  0.02041  2.26805e-06 | 42  0.01458  1.01191e-06
 43  0.13814  8.17278e-06 | 44  0.01196 -1.47454e-06 | 45 -0.07464 -2.45182e-06
 46 -0.07168 -2.24058e-06 | 47  0.06670  3.56180e-06 | 48 -0.00622 -6.02039e-07
 49 -0.06389 -1.66545e-06 | 50  0.08160  5.32454e-06 | 51  0.05836  4.50082e-07
 52 -0.07289 -2.33141e-06 | 53 -0.02238 -8.14308e-07 | 54 -0.04558 -3.83828e-07
 55 -0.07539 -8.68650e-07 | 56  0.00622  4.49741e-06 | 57  0.05213  3.38854e-06
 58 -0.04479 -3.32972e-07 | 59  0.13320  9.46203e-06 | 60 -0.05256 -2.24498e-06
 61  0.09731  1.95929e-06 | 62  0.10650  1.78456e-07 | 63  0.05625 -7.62190e-07
 64  0.13378 -1.02941e-07 | 65 -0.06422 -3.58104e-06 | 66 -0.04470 -2.56471e-06
 67 -0.09878 -2.49613e-06 | 68 -0.03296 -1.58252e-06 | 69  0.11810  8.06793e-07
 70 -0.09880 -4.62187e-06 | 71  0.02260 -2.46979e-06 | 72 -0.60523 -6.03107e-08
 73  0.10876  1.62882e-05 | 74  0.63884  3.60324e-06 | 75  0.13921  4.08828e-08
 76  0.40825 -2.08946e-05 | 77  0.00129  3.70554e-09 | 78  0.33362  1.39915e-08
 79 -0.40564 -1.27184e-03 | 80  0.28599 -1.47776e-08 | 81 -0.82964  8.56722e-06
 82  0.37413 -2.79825e-10 |
Estimating row 1 out of 82 for hessian
Estimating row 2 out of 82 for hessian
Estimating row 3 out of 82 for hessian
Estimating row 4 out of 82 for hessian
Estimating row 5 out of 82 for hessian
Estimating row 6 out of 82 for hessian
Estimating row 7 out of 82 for hessian
Estimating row 8 out of 82 for hessian
Estimating row 9 out of 82 for hessian
Estimating row 10 out of 82 for hessian
Estimating row 11 out of 82 for hessian
Estimating row 12 out of 82 for hessian
Estimating row 13 out of 82 for hessian
Estimating row 14 out of 82 for hessian
Estimating row 15 out of 82 for hessian
Estimating row 16 out of 82 for hessian
Estimating row 17 out of 82 for hessian
Estimating row 18 out of 82 for hessian
Estimating row 19 out of 82 for hessian
Estimating row 20 out of 82 for hessian
Estimating row 21 out of 82 for hessian
Estimating row 22 out of 82 for hessian
Estimating row 23 out of 82 for hessian
Estimating row 24 out of 82 for hessian
Estimating row 25 out of 82 for hessian
Estimating row 26 out of 82 for hessian
Estimating row 27 out of 82 for hessian
Estimating row 28 out of 82 for hessian
Estimating row 29 out of 82 for hessian
Estimating row 30 out of 82 for hessian
Estimating row 31 out of 82 for hessian
Estimating row 32 out of 82 for hessian
Estimating row 33 out of 82 for hessian
Estimating row 34 out of 82 for hessian
Estimating row 35 out of 82 for hessian
Estimating row 36 out of 82 for hessian
Estimating row 37 out of 82 for hessian
Estimating row 38 out of 82 for hessian
Estimating row 39 out of 82 for hessian
Estimating row 40 out of 82 for hessian
Estimating row 41 out of 82 for hessian
Estimating row 42 out of 82 for hessian
Estimating row 43 out of 82 for hessian
Estimating row 44 out of 82 for hessian
Estimating row 45 out of 82 for hessian
Estimating row 46 out of 82 for hessian
Estimating row 47 out of 82 for hessian
Estimating row 48 out of 82 for hessian
Estimating row 49 out of 82 for hessian
Estimating row 50 out of 82 for hessian
Estimating row 51 out of 82 for hessian
Estimating row 52 out of 82 for hessian
Estimating row 53 out of 82 for hessian
Estimating row 54 out of 82 for hessian
Estimating row 55 out of 82 for hessian
Estimating row 56 out of 82 for hessian
Estimating row 57 out of 82 for hessian
Estimating row 58 out of 82 for hessian
Estimating row 59 out of 82 for hessian
Estimating row 60 out of 82 for hessian
Estimating row 61 out of 82 for hessian
Estimating row 62 out of 82 for hessian
Estimating row 63 out of 82 for hessian
Estimating row 64 out of 82 for hessian
Estimating row 65 out of 82 for hessian
Estimating row 66 out of 82 for hessian
Estimating row 67 out of 82 for hessian
Estimating row 68 out of 82 for hessian
Estimating row 69 out of 82 for hessian
Estimating row 70 out of 82 for hessian
Estimating row 71 out of 82 for hessian
Estimating row 72 out of 82 for hessian
Estimating row 73 out of 82 for hessian
Estimating row 74 out of 82 for hessian
Estimating row 75 out of 82 for hessian
Estimating row 76 out of 82 for hessian
Estimating row 77 out of 82 for hessian
Estimating row 78 out of 82 for hessian
Estimating row 79 out of 82 for hessian
Estimating row 80 out of 82 for hessian
Estimating row 81 out of 82 for hessian
Estimating row 82 out of 82 for hessian
size of file gradfil1.tmp = 0
size of file gradfil2.tmp = 0
size of file varssave.tmp = 0
size of file cmpdiff.tmp = 0
