
Initial statistics: 60 variables; iteration 0; function evaluation 0; phase 1
Function value 1.3205793e+04; maximum gradient component mag 1.2837e+04
Var    Value     Gradient |Var    Value     Gradient |Var    Value     Gradient
  1 -0.20508  1.28368e+04 |  2 -0.07468  7.76218e+03 |  3  0.03714  5.34088e+00
  4  0.01983  2.84595e+00 |  5  0.00797  1.22821e+00 |  6  0.04759  6.85654e+00
  7  0.01541  2.44263e+00 |  8  0.04100  6.25752e+00 |  9  0.00640  1.54655e+00
 10 -0.03756 -4.51056e+00 | 11  0.02578  5.40415e+00 | 12 -0.03179 -2.64668e+00
 13 -0.01048  1.74069e+00 | 14 -0.00629  4.14300e+00 | 15  0.04092  1.66900e+01
 16  0.03534  2.08585e+01 | 17 -0.02466  1.16086e+01 | 18  0.00874  3.06757e+01
 19  0.01925  5.05304e+01 | 20 -0.05196  3.26152e+01 | 21 -0.02618  5.99084e+01
 22  0.01419  1.19576e+02 | 23 -0.01143 -3.46954e+02 | 24 -0.04725 -3.37653e+02
 25  0.03366  3.33063e+02 | 26  0.02339 -3.12713e+02 | 27 -0.00900  8.12486e+01
 28 -0.00122 -2.37081e+02 | 29  0.04863  1.15387e+03 | 30  0.01860  2.52824e+02
 31 -0.03024 -1.97555e+02 | 32  0.01374  8.49503e+02 | 33  0.02433  1.52780e+03
 34 -0.00195  8.17182e+02 | 35 -0.02970 -1.80620e+02 | 36 -0.00153 -9.41148e+01
 37 -0.02060 -5.40088e+02 | 38 -0.05012 -9.09223e+02 | 39 -0.01799 -4.08546e+02
 40 -0.03320 -5.58817e+01 | 41 -0.01230  2.74617e+02 | 42  0.03069  7.61929e+02
 43  0.02819  8.62952e+02 | 44 -0.04612 -1.77797e+02 | 45 -0.01051 -3.40344e+02
 46  0.02816  8.94099e+01 | 47 -0.01776 -1.44861e+02 | 48 -0.01159  2.32899e+01
 49  0.04937  1.31745e+03 | 50 -0.02043  4.90883e+02 | 51 -0.02037  2.63380e+02
 52  0.02584  5.16681e+02 | 53 -0.01861 -4.11244e+01 | 54  0.04661 -6.43181e+01
 55 -0.03024 -5.67397e+02 | 56  0.05120 -6.57636e+02 | 57  0.03280 -1.11799e+03
 58 -0.04035 -1.21147e+03 | 59 -0.02153 -8.93061e+02 | 60  0.04894 -7.76357e+02

Intermediate statistics: 60 variables; iteration 20; function evaluation 29; phase 1
Function value 1.2639288e+04; maximum gradient component mag 1.1457e+04
Var    Value     Gradient |Var    Value     Gradient |Var    Value     Gradient
  1 -0.20206  1.14573e+04 |  2 -0.07093  8.26185e+03 |  3 -0.10995 -1.49726e+01
  4 -0.05896 -8.12905e+00 |  5 -0.02342 -3.16788e+00 |  6 -0.14042 -1.88947e+01
  7 -0.04466 -6.01640e+00 |  8 -0.11827 -1.59521e+01 |  9 -0.01662 -1.74770e+00
 10  0.10958  1.73007e+01 | 11 -0.06554 -8.15658e+00 | 12  0.09019  1.71792e+01
 13  0.03499  9.62460e+00 | 14  0.02747  1.06328e+01 | 15 -0.04238  6.50256e-02
 16 -0.00789  1.07455e+01 | 17  0.05012  3.50928e+01 | 18  0.03299  4.17120e+01
 19  0.03305  6.02061e+01 | 20 -0.03101  4.47987e+01 | 21 -0.05493  4.48823e+01
 22  0.01911  1.30878e+02 | 23 -0.10315 -4.85707e+02 | 24 -0.13316 -4.67632e+02
 25 -0.00953  8.93972e+01 | 26  0.05254  1.06939e+02 | 27 -0.01882  7.77276e+01
 28  0.02936  1.99822e+02 | 29  0.01405  6.69289e+02 | 30  0.02771  4.43343e+02
 31 -0.01907 -1.24095e+00 | 32 -0.03198  1.73797e+02 | 33 -0.04590  4.23955e+02
 34 -0.06421  1.58327e+02 | 35 -0.02085  1.44865e+01 | 36 -0.00664  9.04509e+01
 37  0.02471  1.92003e+02 | 38  0.02503 -8.10297e+01 | 39 -0.01189 -3.88342e+01
 40 -0.05126 -9.77139e+01 | 41 -0.05025 -8.52057e+01 | 42 -0.01262  8.64988e+01
 43 -0.02402  1.25934e+02 | 44 -0.05502 -1.96636e+02 | 45  0.01177 -4.28919e+00
 46  0.01915  8.03004e+01 | 47 -0.03747 -2.68703e+02 | 48 -0.04015 -2.59995e+02
 49 -0.00583  3.03210e+02 | 50 -0.06492 -3.63323e+01 | 51 -0.04496 -3.67422e+01
 52  0.00606  2.43336e+02 | 53 -0.03031 -4.18341e+01 | 54  0.05690  3.17507e+02
 55  0.01863  1.64941e+01 | 56  0.07255 -6.45932e+00 | 57  0.09862 -1.71581e+02
 58  0.10001 -4.46665e+02 | 59  0.09474 -5.69881e+02 | 60  0.22975 -6.04625e+02
60 variables; iteration 40; function evaluation 54; phase 1
Function value 1.1954747e+04; maximum gradient component mag 3.9960e+03
Var    Value     Gradient |Var    Value     Gradient |Var    Value     Gradient
  1 -0.26754  3.99602e+03 |  2 -0.11325  2.65417e+03 |  3 -0.06189 -8.54436e+00
  4 -0.03087 -4.27528e+00 |  5 -0.01231 -1.67596e+00 |  6 -0.09147 -1.25472e+01
  7 -0.02338 -3.16985e+00 |  8 -0.06757 -9.25670e+00 |  9 -0.00906 -1.02951e+00
 10  0.05546  8.29023e+00 | 11 -0.03393 -4.26716e+00 | 12  0.04798  7.99816e+00
 13  0.01705  3.96818e+00 | 14  0.01257  4.07841e+00 | 15 -0.02794 -1.33736e+00
 16 -0.01730  1.77464e+00 | 17  0.02716  1.26843e+01 | 18  0.01454  1.40671e+01
 19  0.00852  1.81537e+01 | 20 -0.23999 -2.70375e+01 | 21  0.10859  7.96875e+01
 22  0.08742  8.06808e+01 | 23 -0.07204 -9.68155e+01 | 24 -0.17095 -1.66472e+02
 25 -0.05147  5.91843e+01 | 26  0.06410 -1.21127e+02 | 27 -0.02892 -3.49011e+01
 28  0.04189 -1.66310e+01 | 29  0.01458  3.86897e+02 | 30  0.04171  1.60039e+02
 31 -0.03191 -2.73019e+02 | 32 -0.07423 -2.72078e+02 | 33 -0.03497  4.10383e+02
 34 -0.09220  2.18325e+01 | 35 -0.02588 -1.61076e+02 | 36 -0.00886 -2.93124e+01
 37  0.03285  8.97274e+01 | 38  0.04390 -1.18316e+02 | 39 -0.01180 -1.32691e+01
 40 -0.03141  1.66074e+02 | 41 -0.02451  2.58225e+02 | 42  0.00556  3.24471e+02
 43 -0.01148  2.97632e+02 | 44 -0.05245 -7.71086e+01 | 45  0.00115 -2.47069e+02
 46 -0.01015 -2.74528e+02 | 47 -0.02507 -6.76538e+01 | 48 -0.01388  4.67909e+01
 49 -0.02248  8.49216e+01 | 50 -0.07010 -2.06705e+01 | 51 -0.02423  1.06283e+02
 52  0.01517  1.57487e+02 | 53 -0.03781 -7.33138e+01 | 54  0.05238 -2.49360e+01
 55  0.00343 -2.55286e+01 | 56  0.09635  2.10354e+02 | 57  0.10165 -3.30086e+01
 58  0.10059 -2.22047e+02 | 59  0.07889 -2.22588e+02 | 60  0.23549 -1.97749e+02
60 variables; iteration 60; function evaluation 86; phase 1
Function value 1.1735122e+04; maximum gradient component mag -9.9353e+01
Var    Value     Gradient |Var    Value     Gradient |Var    Value     Gradient
  1 -0.35172  6.44306e+01 |  2 -0.12754 -9.93531e+01 |  3  0.01971  2.79672e+00
  4  0.01270  1.79694e+00 |  5 -0.00550 -7.32512e-01 |  6 -0.02255 -3.09574e+00
  7 -0.00685 -8.74282e-01 |  8  0.03553  5.11909e+00 |  9 -0.01129 -1.38748e+00
 10  0.02890  4.41796e+00 | 11 -0.02540 -3.14270e+00 | 12 -0.02113 -2.31621e+00
 13 -0.03897 -4.59515e+00 | 14 -0.02717 -2.41638e+00 | 15 -0.03327 -2.67377e+00
 16  0.00100  3.97345e+00 | 17 -0.01804  2.39013e+00 | 18 -0.04862 -1.09099e+00
 19 -0.05537  6.62143e-02 | 20 -0.05535  2.80659e+00 | 21 -0.02452  8.90162e+00
 22 -0.02077  9.15899e+00 | 23 -0.19127  9.70054e+00 | 24 -0.22459  6.13937e+00
 25 -0.15347  5.23457e+01 | 26  0.12173  2.57618e+01 | 27 -0.01485  1.07460e+01
 28  0.08918  2.21083e+01 | 29 -0.02921  2.91777e+01 | 30  0.06295  9.25726e+00
 31  0.02394  7.04526e+00 | 32 -0.01501  1.25129e+01 | 33 -0.09414  1.29779e+01
 34 -0.10706 -2.00634e+00 | 35  0.02108 -1.26734e+01 | 36  0.00770 -1.33212e+01
 37  0.03257 -6.16815e-01 | 38  0.10190  1.09171e+01 | 39  0.00213 -8.55618e+00
 40 -0.04654 -7.07388e+00 | 41 -0.05184 -2.79548e+01 | 42  0.00433 -2.38379e+01
 43 -0.03715 -7.13031e+00 | 44 -0.02570  4.54356e+00 | 45  0.04535  1.71542e+01
 46  0.03265 -2.73537e+00 | 47 -0.01054  3.23176e-01 | 48 -0.00488 -1.45033e+01
 49 -0.01703 -1.85904e+01 | 50 -0.05419 -1.10605e+01 | 51 -0.01321 -8.92792e+00
 52  0.02511 -1.11232e+01 | 53 -0.01622 -7.73343e+00 | 54  0.08828 -9.39847e-01
 55  0.01342 -2.81286e-01 | 56  0.08947 -1.94848e+01 | 57  0.11435 -1.40959e+01
 58  0.13883 -2.31773e+00 | 59  0.09804 -1.11468e+00 | 60 -0.01133 -1.86983e+00
Maximum number of function evaluations exceeded

 - final statistics:
60 variables; iteration 69; function evaluation 100
Function value 1.1731e+04; maximum gradient component mag -2.6754e+01
Exit code = 3;  converg criter 1.0000e+01
Var    Value     Gradient |Var    Value     Gradient |Var    Value     Gradient
  1 -0.36614 -2.67542e+01 |  2 -0.12369  4.09666e+00 |  3 -0.00493 -6.42709e-01
  4  0.00334  4.91163e-01 |  5 -0.00389 -5.04231e-01 |  6  0.00436  6.69984e-01
  7  0.00367  6.07835e-01 |  8 -0.00870 -1.07813e+00 |  9 -0.00292 -1.89913e-01
 10 -0.00911 -9.52396e-01 | 11  0.00117  6.92836e-01 | 12 -0.00394  2.33418e-01
 13  0.00210  1.53364e+00 | 14 -0.00913  4.39723e-01 | 15 -0.01240  7.76915e-01
 16 -0.03191 -1.23417e+00 | 17 -0.03658 -5.01461e-01 | 18 -0.04457  1.32933e-01
 19 -0.05871 -5.08662e-03 | 20 -0.07201 -1.82366e-01 | 21 -0.07220 -2.09158e+00
 22 -0.06276 -1.62926e+00 | 23 -0.22565  1.93692e+00 | 24 -0.24821  1.96210e+00
 25 -0.20979  1.88913e+01 | 26  0.12995  1.57001e+00 | 27 -0.01056 -9.58631e-01
 28  0.09591  6.26114e-01 | 29 -0.03527 -8.93388e+00 | 30  0.06988 -8.18832e-01
 31  0.02878 -1.11562e+00 | 32 -0.01098 -3.24274e-02 | 33 -0.09692 -1.07951e+01
 34 -0.10375 -2.36395e+00 | 35  0.02781  2.40415e+00 | 36  0.01475  2.13861e+00
 37  0.03591 -4.15330e+00 | 38  0.10509 -1.50245e+00 | 39  0.00942 -1.01822e-02
 40 -0.04591 -5.13062e+00 | 41 -0.04068  3.20126e+00 | 42  0.01142  3.60840e+00
 43 -0.03412 -4.95628e+00 | 44 -0.02219 -4.67383e-01 | 45  0.04779 -2.18663e+00
 46  0.03812  1.74789e+00 | 47 -0.00729  1.21251e+00 | 48  0.00098  1.95034e+00
 49 -0.01066  1.71093e+00 | 50 -0.04933  2.53682e-01 | 51 -0.00824  2.22147e+00
 52  0.03039  1.17154e+00 | 53 -0.01126  1.04874e+00 | 54  0.09268  6.64642e-01
 55  0.01651  3.09947e+00 | 56  0.09620  8.77829e-01 | 57  0.12077  4.28111e+00
 58  0.14346  2.18031e+00 | 59  0.09548  1.46314e+00 | 60 -0.05067  9.24756e-01

Initial statistics: 65 variables; iteration 0; function evaluation 0; phase 2
Function value 1.1731381e+04; maximum gradient component mag 2.6704e+04
Var    Value     Gradient |Var    Value     Gradient |Var    Value     Gradient
  1 -0.34516 -8.69798e+02 |  2  0.19083 -2.16438e+03 |  3  0.09202  1.22713e+04
  4 -0.30283  1.80091e+04 |  5 -0.31081  2.67044e+04 |  6 -0.36614 -2.67542e+01
  7 -0.12369  4.09666e+00 |  8 -0.00493 -6.42709e-01 |  9  0.00334  4.91163e-01
 10 -0.00389 -5.04231e-01 | 11  0.00436  6.69984e-01 | 12  0.00367  6.07835e-01
 13 -0.00870 -1.07813e+00 | 14 -0.00292 -1.89913e-01 | 15 -0.00911 -9.52396e-01
 16  0.00117  6.92836e-01 | 17 -0.00394  2.33418e-01 | 18  0.00210  1.53364e+00
 19 -0.00913  4.39723e-01 | 20 -0.01240  7.76915e-01 | 21 -0.03191 -1.23417e+00
 22 -0.03658 -5.01461e-01 | 23 -0.04457  1.32933e-01 | 24 -0.05871 -5.08662e-03
 25 -0.07201 -1.82366e-01 | 26 -0.07220 -2.09158e+00 | 27 -0.06276 -1.62926e+00
 28 -0.22566  1.46600e+00 | 29 -0.24823  1.49765e+00 | 30 -0.20980  1.84160e+01
 31  0.12993  1.07832e+00 | 32 -0.01058 -1.46068e+00 | 33  0.09589  1.29687e-01
 34 -0.03528 -9.43521e+00 | 35  0.06986 -1.31793e+00 | 36  0.02876 -1.61722e+00
 37 -0.01100 -5.34467e-01 | 38 -0.09693 -1.12914e+01 | 39 -0.10376 -2.85940e+00
 40  0.02780  1.90251e+00 | 41  0.01473  1.63663e+00 | 42  0.03590 -4.65463e+00
 43  0.10508 -1.99774e+00 | 44  0.00941 -5.12242e-01 | 45 -0.04592 -5.63142e+00
 46 -0.04070  2.70017e+00 | 47  0.01140  3.10637e+00 | 48 -0.03414 -5.45766e+00
 49 -0.02220 -9.69192e-01 | 50  0.04777 -2.68734e+00 | 51  0.03810  1.24667e+00
 52 -0.00731  7.10428e-01 | 53  0.00097  1.44823e+00 | 54 -0.01068  1.20888e+00
 55 -0.04935 -2.46926e-01 | 56 -0.00826  1.71940e+00 | 57  0.03037  6.69996e-01
 58 -0.01128  5.46707e-01 | 59  0.09266  1.67840e-01 | 60  0.01650  2.59752e+00
 61  0.09618  3.81436e-01 | 62  0.12075  3.78802e+00 | 63  0.14344  1.69090e+00
 64  0.09546  9.66666e-01 | 65 -0.05068  4.24230e-01 |

Intermediate statistics: 65 variables; iteration 20; function evaluation 45; phase 2
Function value 4.4939842e+03; maximum gradient component mag 2.2757e+04
Var    Value     Gradient |Var    Value     Gradient |Var    Value     Gradient
  1  0.41177 -1.50567e+03 |  2  0.07865  8.44713e+01 |  3  0.36975  4.04165e+03
  4 -0.70425  2.27571e+04 |  5 -0.40107  1.55097e+04 |  6 -0.22048  5.23651e+03
  7  0.10903  8.14621e+03 |  8 -0.00336 -3.16110e-01 |  9  0.00255  4.71647e-01
 10 -0.00264 -1.79444e-01 | 11  0.00346  8.21659e-01 | 12  0.00310  1.00874e+00
 13 -0.00577  1.09403e-01 | 14 -0.00133  1.41274e+00 | 15 -0.00567  1.81333e+00
 16  0.00206  4.90067e+00 | 17 -0.00170  7.18973e+00 | 18  0.00237  1.27229e+01
 19 -0.00704  1.72596e+01 | 20 -0.01148  2.56571e+01 | 21 -0.02827  3.17963e+01
 22 -0.03479  4.39708e+01 | 23 -0.04321  5.68514e+01 | 24 -0.05372  6.89488e+01
 25 -0.05620  8.68719e+01 | 26 -0.03317  1.23987e+02 | 27  0.04178  1.87588e+02
 28 -0.15830 -2.74177e+02 | 29 -0.13110 -2.91741e+02 | 30 -0.00682 -3.04112e+02
 31  0.06883  1.06606e+02 | 32 -0.12725 -1.98607e+02 | 33  0.12323  2.32544e+02
 34 -0.17518 -2.45920e+02 | 35  0.19267  1.83871e+03 | 36 -0.02959  5.72676e+01
 37 -0.05370  1.16982e+02 | 38 -0.31554 -2.13464e+02 | 39 -0.01499  4.38008e+02
 40  0.13001  1.90661e+03 | 41  0.06431  6.85585e+02 | 42  0.01727  5.10988e+01
 43  0.06447 -1.21717e+02 | 44  0.04004  1.99851e+02 | 45 -0.01470  2.51615e+02
 46 -0.12768 -9.30149e+01 | 47  0.09042  5.25356e+02 | 48 -0.07601 -2.13482e+02
 49  0.04466  2.53646e+01 | 50  0.07783 -8.83619e+01 | 51  0.10072  1.59306e+02
 52 -0.06587 -1.34877e+02 | 53  0.08223  3.71632e+02 | 54 -0.14525 -4.28427e+02
 55 -0.13973 -5.12075e+02 | 56  0.07722 -1.24875e+03 | 57  0.05085 -8.48726e+02
 58  0.04185 -3.42803e+00 | 59  0.14807  2.17469e+02 | 60 -0.20417 -3.03541e+02
 61  0.14631 -4.29520e+02 | 62  0.09422 -3.40019e+02 | 63 -0.04300 -2.99559e+02
 64  0.18787 -3.32246e+02 | 65 -0.02750 -2.63316e+02 |
65 variables; iteration 40; function evaluation 67; phase 2
Function value 4.3413080e+03; maximum gradient component mag 2.0692e+04
Var    Value     Gradient |Var    Value     Gradient |Var    Value     Gradient
  1  0.34098 -1.40903e+03 |  2  0.08954  7.06493e+01 |  3  0.33202  3.90887e+03
  4 -0.71602  2.06921e+04 |  5 -0.37911  1.37927e+04 |  6 -0.24510  4.54091e+03
  7  0.10603  7.55819e+03 |  8  0.00905  1.45987e+00 |  9 -0.00520 -6.00274e-01
 10  0.00675  1.17348e+00 | 11 -0.00670 -5.81091e-01 | 12 -0.00570 -1.95713e-01
 13  0.01204  2.83449e+00 | 14  0.00152  1.98510e+00 | 15  0.00487  3.70388e+00
 16 -0.01212  2.65150e+00 | 17 -0.01670  4.51054e+00 | 18 -0.02800  6.04081e+00
 19 -0.03357  1.01359e+01 | 20 -0.04114  1.54721e+01 | 21 -0.04777  2.29180e+01
 22 -0.05132  3.35219e+01 | 23 -0.04764  5.02722e+01 | 24 -0.04278  7.18284e+01
 25 -0.04382  9.30289e+01 | 26 -0.04182  1.18015e+02 | 27  0.01745  2.19426e+02
 28 -0.12453 -2.13596e+02 | 29  0.12017 -1.20744e+02 | 30 -0.02765 -1.73937e+02
 31  0.05030  9.05305e+01 | 32 -0.08704 -1.06443e+02 | 33  0.11335  1.65001e+02
 34 -0.06905 -6.81132e+01 | 35  0.18419  1.59500e+03 | 36 -0.01373  1.49080e+02
 37 -0.02613  3.00300e+02 | 38 -0.17855 -4.36925e+01 | 39 -0.04624  2.09397e+02
 40  0.10856  1.22887e+03 | 41  0.06327  5.58252e+02 | 42  0.02540  7.88076e+01
 43  0.11156  1.78657e+01 | 44  0.00098 -6.32171e+01 | 45  0.00090  7.34904e+01
 46 -0.13260 -2.36877e+02 | 47  0.09216 -1.13047e+03 | 48 -0.05469 -7.97896e+02
 49  0.03425 -9.69393e+02 | 50  0.07201 -5.18088e+02 | 51  0.11094  2.46509e+02
 52 -0.11549 -1.54649e+02 | 53  0.08161  6.28487e+02 | 54 -0.12720 -2.10603e+02
 55 -0.01075  1.07339e+02 | 56  0.04589  8.89986e+01 | 57  0.08686  1.44104e+02
 58 -0.02584 -8.10665e+01 | 59  0.17648  5.71068e+02 | 60 -0.60425 -1.72704e+02
 61  0.17436  1.52950e+01 | 62  0.11272 -1.03621e+02 | 63 -0.13970 -2.57494e+02
 64  0.24731 -1.30923e+02 | 65 -0.30495 -2.25473e+02 |
65 variables; iteration 60; function evaluation 97; phase 2
Function value 4.0412776e+03; maximum gradient component mag 1.8843e+04
Var    Value     Gradient |Var    Value     Gradient |Var    Value     Gradient
  1  0.07330 -1.37367e+03 |  2  0.13629  2.24083e+02 |  3  0.28897  3.71494e+03
  4 -0.74167  1.88432e+04 |  5 -0.34073  1.21212e+04 |  6 -0.24624  3.96681e+03
  7  0.04251  2.49816e+03 |  8 -0.12202 -1.65288e+01 |  9  0.10125  1.41497e+01
 10 -0.08070 -1.10281e+01 | 11  0.13986  1.98128e+01 | 12  0.11467  1.68960e+01
 13 -0.09083 -1.20891e+01 | 14  0.03604  6.76106e+00 | 15  0.02687  6.31431e+00
 16  0.00142  3.47025e+00 | 17  0.01430  7.60394e+00 | 18  0.05502  1.92096e+01
 19 -0.01647  7.44814e+00 | 20 -0.07209 -9.93603e-01 | 21  0.00064  2.22251e+01
 22  0.07936  6.50989e+01 | 23  0.03599  5.45597e+01 | 24 -0.00827  4.19664e+01
 25 -0.00318  5.32216e+01 | 26  0.04833  9.77634e+01 | 27  0.11637  1.63615e+02
 28 -0.00714 -2.66660e+02 | 29 -0.02073 -2.81078e+02 | 30 -0.05629 -2.66475e+02
 31  0.05543  8.37658e+01 | 32 -0.10361 -1.64189e+02 | 33  0.10678  1.65099e+02
 34 -0.08028 -1.50495e+02 | 35  0.12106  5.62647e+02 | 36  0.00048  1.42169e+02
 37 -0.04517  1.66241e+02 | 38 -0.17654 -9.30658e+01 | 39 -0.05611  1.00132e+02
 40  0.07545  5.89351e+02 | 41  0.04898  3.29470e+02 | 42  0.02659  7.69476e+01
 43  0.08116 -3.89134e+00 | 44  0.00893 -2.83929e+01 | 45 -0.08052 -9.04391e+01
 46 -0.10800 -1.01248e+02 | 47  0.07090  5.95554e+02 | 48 -0.04285 -4.11839e+00
 49 -0.01181 -1.21008e+01 | 50  0.04963 -3.00469e+02 | 51  0.06645 -1.37340e+02
 52 -0.08795 -1.65298e+02 | 53  0.04652  4.06694e+02 | 54 -0.08981 -1.89395e+02
 55 -0.04686 -7.08293e+01 | 56  0.02825 -9.18550e+01 | 57  0.06428 -2.75222e+02
 58 -0.03824 -3.06001e+02 | 59  0.13838 -2.13791e+02 | 60 -0.32977 -3.12704e+02
 61  0.12287 -3.46339e+02 | 62  0.07805 -2.20906e+02 | 63  0.12289  7.95276e+01
 64  0.15090 -2.26921e+02 | 65 -0.13874 -2.98172e+02 |
Maximum number of function evaluations exceeded

 - final statistics:
65 variables; iteration 63; function evaluation 100
Function value 4.0260e+03; maximum gradient component mag 1.3213e+04
Exit code = 3;  converg criter 1.0000e+01
Var    Value     Gradient |Var    Value     Gradient |Var    Value     Gradient
  1  0.05421 -9.92590e+02 |  2  0.13837  1.28596e+02 |  3  0.28348  2.63021e+03
  4 -0.74402  1.32131e+04 |  5 -0.33669  8.17765e+03 |  6 -0.25114  2.80408e+03
  7  0.04011  2.21333e+03 |  8 -0.04290 -5.82950e+00 |  9  0.06012  8.52520e+00
 10 -0.05280 -7.20132e+00 | 11  0.07759  1.12839e+01 | 12  0.11198  1.64872e+01
 13 -0.07186 -9.47830e+00 | 14  0.07778  1.30631e+01 | 15  0.05376  1.05081e+01
 16  0.13165  2.63073e+01 | 17  0.03421  1.10102e+01 | 18  0.01189  9.52500e+00
 19 -0.01950  6.27949e+00 | 20 -0.06546 -1.55510e-01 | 21  0.00115  2.09898e+01
 22  0.08039  6.19808e+01 | 23  0.03902  5.24814e+01 | 24  0.00665  4.56047e+01
 25  0.00025  5.04089e+01 | 26  0.05154  9.14616e+01 | 27  0.12094  1.51968e+02
 28 -0.00695 -1.82285e+02 | 29 -0.02760 -1.97242e+02 | 30 -0.04822 -1.78910e+02
 31  0.05522  1.54131e+02 | 32 -0.10033 -7.98308e+01 | 33  0.10605  1.97783e+02
 34 -0.07317 -6.56180e+01 | 35  0.12052  5.36527e+02 | 36  0.00025  1.66795e+02
 37 -0.04629  1.88925e+02 | 38 -0.17256 -3.05854e+01 | 39 -0.05829  8.50720e+01
 40  0.07607  3.98529e+02 | 41  0.05082  2.59216e+02 | 42  0.02598  9.73514e+01
 43  0.08166  3.35720e+01 | 44  0.01149  2.78599e+01 | 45 -0.08489 -4.04922e+01
 46 -0.10353 -3.72238e+01 | 47  0.07206  5.28990e+02 | 48 -0.04027  6.58063e+00
 49 -0.01490 -3.26600e+01 | 50  0.05149 -3.20985e+02 | 51  0.06710 -1.39233e+02
 52 -0.08590 -1.07731e+02 | 53  0.04524  3.57904e+02 | 54 -0.08417 -1.51524e+02
 55 -0.04857 -9.97421e+01 | 56  0.02957 -2.45363e+02 | 57  0.06368 -5.01927e+02
 58 -0.03478 -3.22995e+02 | 59  0.13790 -3.71346e+02 | 60 -0.30608 -2.43705e+02
 61  0.12252 -2.94416e+02 | 62  0.07782 -1.56665e+02 | 63  0.11659  1.20621e+02
 64  0.14727 -1.57767e+02 | 65 -0.16693 -2.14828e+02 |

Initial statistics: 74 variables; iteration 0; function evaluation 0; phase 3
Function value 4.0255457e+03; maximum gradient component mag -7.9467e+04
Var    Value     Gradient |Var    Value     Gradient |Var    Value     Gradient
  1  0.05421 -9.92590e+02 |  2  0.13837  1.28596e+02 |  3  0.28348  2.63021e+03
  4 -0.74402  1.32131e+04 |  5 -0.33669  8.17765e+03 |  6 -0.25114  2.80408e+03
  7  0.04011  2.21333e+03 |  8 -0.04290 -5.82950e+00 |  9  0.06012  8.52520e+00
 10 -0.05280 -7.20132e+00 | 11  0.07759  1.12839e+01 | 12  0.11198  1.64872e+01
 13 -0.07186 -9.47830e+00 | 14  0.07778  1.30631e+01 | 15  0.05376  1.05081e+01
 16  0.13165  2.63073e+01 | 17  0.03421  1.10102e+01 | 18  0.01189  9.52500e+00
 19 -0.01950  6.27949e+00 | 20 -0.06546 -1.55510e-01 | 21  0.00115  2.09898e+01
 22  0.08039  6.19808e+01 | 23  0.03902  5.24814e+01 | 24  0.00665  4.56047e+01
 25  0.00025  5.04089e+01 | 26  0.05154  9.14616e+01 | 27  0.12094  1.51968e+02
 28 -0.00610 -1.54410e+02 | 29 -0.02674 -1.69400e+02 | 30 -0.04736 -1.51127e+02
 31  0.05608  1.81883e+02 | 32 -0.09946 -5.23092e+01 | 33  0.10692  2.25224e+02
 34 -0.07230 -3.79295e+01 | 35  0.12139  5.63759e+02 | 36  0.00111  1.94673e+02
 37 -0.04543  2.16751e+02 | 38 -0.17167 -3.72640e+00 | 39 -0.05743  1.12847e+02
 40  0.07694  4.26138e+02 | 41  0.05168  2.86974e+02 | 42  0.02684  1.25200e+02
 43  0.08252  6.12106e+01 | 44  0.01234  5.57323e+01 | 45 -0.08403 -1.28637e+01
 46 -0.10266 -9.71552e+00 | 47  0.07293  5.56604e+02 | 48 -0.03941  3.44062e+01
 49 -0.01404 -4.78943e+00 | 50  0.05235 -2.93165e+02 | 51  0.06796 -1.11493e+02
 52 -0.08503 -8.01209e+01 | 53  0.04610  3.85675e+02 | 54 -0.08330 -1.23911e+02
 55 -0.04771 -7.19522e+01 | 56  0.03043 -2.17500e+02 | 57  0.06454 -4.74123e+02
 58 -0.03392 -2.95180e+02 | 59  0.13878 -3.44014e+02 | 60 -0.30511 -2.19160e+02
 61  0.12340 -2.66980e+02 | 62  0.07869 -1.28973e+02 | 63  0.11746  1.47995e+02
 64  0.14815 -1.30588e+02 | 65 -0.16605 -1.87973e+02 | 66  0.89180  3.63603e+03
 67 -0.91342 -2.28212e-02 | 68  0.30427 -7.94666e+04 | 69 -0.46568 -2.81996e-03
 70  0.18652  5.33988e+01 | 71 -0.51939 -1.73610e+03 | 72  0.39285  1.21795e-02
 73 -0.12921  1.25638e+03 | 74  0.89803  2.72466e-02 |

Intermediate statistics: 74 variables; iteration 20; function evaluation 30; phase 3
Function value 3.3679409e+02; maximum gradient component mag 3.4166e+03
Var    Value     Gradient |Var    Value     Gradient |Var    Value     Gradient
  1 -0.21175 -7.67491e+01 |  2  0.33359  3.90484e+02 |  3  0.47128 -2.80318e+02
  4 -0.66153 -2.18048e+03 |  5 -0.48937 -2.10631e+03 |  6 -0.31101  4.43694e+02
  7 -0.00515  3.41660e+03 |  8 -0.01856 -2.33850e+00 |  9  0.02532  3.72473e+00
 10 -0.02273 -2.95784e+00 | 11  0.03246  5.01497e+00 | 12  0.04708  7.39573e+00
 13 -0.03158 -3.68945e+00 | 14  0.03094  6.06932e+00 | 15  0.01969  5.19803e+00
 16  0.05149  1.18946e+01 | 17  0.00804  6.21716e+00 | 18 -0.00366  6.34215e+00
 19 -0.01942  6.09609e+00 | 20 -0.04124  4.84937e+00 | 21 -0.01813  1.51582e+01
 22  0.01913  3.44879e+01 | 23  0.00467  3.72598e+01 | 24 -0.00227  4.31640e+01
 25  0.00864  6.08560e+01 | 26  0.07466  1.35157e+02 | 27  0.25905  5.82739e+02
 28  0.07483  1.58902e+02 | 29  0.12229  2.88771e+02 | 30  0.06916  2.22265e+02
 31 -0.09458  5.64358e+01 | 32 -0.12966  5.67972e+00 | 33  0.10684  1.80649e+02
 34 -0.08482  5.82895e+01 | 35  0.14719  4.22197e+02 | 36 -0.03918 -1.15679e+01
 37 -0.15387 -8.87505e+01 | 38 -0.23945 -4.89555e+01 | 39 -0.05802 -4.80671e+01
 40  0.05799 -3.04634e+02 | 41 -0.01854 -2.90468e+02 | 42  0.00600 -2.22977e+02
 43  0.18190 -4.27967e+02 | 44 -0.13977 -2.01989e+02 | 45 -0.03936 -2.03701e+02
 46 -0.05110 -1.67251e+02 | 47  0.06097 -4.04105e+02 | 48  0.02732 -2.49981e+02
 49 -0.19549 -1.28537e+02 | 50  0.12450 -6.85354e+01 | 51  0.05818 -8.85524e+01
 52 -0.04101 -7.03417e+01 | 53 -0.05782 -1.47028e+02 | 54 -0.00506  1.19899e+01
 55 -0.08295 -4.43737e+01 | 56  0.04064  1.55232e+01 | 57  0.03291 -1.69659e+02
 58 -0.04294 -5.07687e+01 | 59  0.15894  2.72005e+02 | 60 -0.07737 -9.79313e+00
 61  0.12572  1.31271e+02 | 62  0.09735 -2.30532e+01 | 63 -0.13509 -9.60374e+01
 64  0.21484 -4.90060e+01 | 65 -0.08001 -4.72477e+01 | 66  1.29195  1.60509e+02
 67 -0.91330 -2.28988e-02 | 68  0.40692  7.89182e+02 | 69 -0.46555 -2.81879e-03
 70  0.27367  7.91106e-01 | 71 -0.51016 -1.85450e+02 | 72  0.39284  9.41448e-03
 73 -0.24611 -2.53445e+02 | 74  0.89793  2.51570e-02 |
74 variables; iteration 40; function evaluation 51; phase 3
Function value 3.0021756e+02; maximum gradient component mag -5.3882e+03
Var    Value     Gradient |Var    Value     Gradient |Var    Value     Gradient
  1 -0.29976  1.96925e+02 |  2  0.30685  3.36168e+02 |  3  0.40282 -8.32670e+02
  4 -0.66193 -5.38824e+03 |  5 -0.48009 -4.39483e+03 |  6 -0.31608 -1.35650e+02
  7 -0.02065  1.51059e+03 |  8  0.00671  1.29299e+00 |  9 -0.01401 -1.78955e+00
 10  0.00921  1.57901e+00 | 11 -0.01963 -2.38091e+00 | 12 -0.02864 -3.49103e+00
 13  0.01077  2.51811e+00 | 14 -0.02681 -2.60843e+00 | 15 -0.02494 -1.77546e+00
 16 -0.05418 -5.53318e+00 | 17 -0.03068 -7.60926e-01 | 18 -0.03028  8.29929e-01
 19 -0.02690  3.55550e+00 | 20 -0.01980  7.87918e+00 | 21 -0.05858  2.27946e+00
 22 -0.05211  6.67518e+00 | 23 -0.03824  1.34004e+01 | 24 -0.02943  1.95258e+01
 25 -0.00862  3.26760e+01 | 26  0.04487  7.04547e+01 | 27  0.25343  3.73507e+02
 28  0.06009  1.52240e+02 | 29  0.13144  3.32877e+02 | 30  0.07379  2.81197e+02
 31 -0.10921  8.52276e+01 | 32 -0.13100  5.29659e+01 | 33  0.12212  3.97458e+02
 34 -0.08023  1.05852e+02 | 35  0.12975  3.14987e+02 | 36 -0.03018  5.18092e+01
 37 -0.12483 -6.68364e+00 | 38 -0.22301  4.28311e+00 | 39 -0.06492 -1.34206e+01
 40  0.05859 -3.35776e+02 | 41 -0.07845 -2.27877e+02 | 42  0.06238 -1.65151e+02
 43  0.16376 -4.09299e+02 | 44 -0.16695 -1.36696e+02 | 45  0.02391 -1.04276e+02
 46 -0.24183 -6.98486e+01 | 47  0.10196 -1.71508e+02 | 48  0.00602 -1.25119e+02
 49 -0.17156 -9.47502e+01 | 50  0.12019 -2.43741e+02 | 51  0.02685 -2.56865e+02
 52 -0.03534 -8.60899e+01 | 53 -0.05411 -1.36682e+02 | 54 -0.01254 -1.85641e+01
 55 -0.08768 -4.01735e+01 | 56  0.03516  8.07008e+00 | 57  0.04266 -1.19489e+02
 58 -0.04241 -3.34007e+01 | 59  0.14863  5.02585e+01 | 60 -0.07300 -5.55924e+00
 61  0.10402 -1.25699e+01 | 62  0.08433 -5.04294e+01 | 63 -0.03216 -1.29330e+01
 64  0.20871  3.19732e-01 | 65  0.01698  5.84078e+00 | 66  1.30656  2.87034e+02
 67 -0.90952 -1.79748e-02 | 68  0.40894  2.05585e+03 | 69 -0.45859 -1.32781e-01
 70  1.80700  3.70936e+01 | 71 -0.52544 -5.10089e+02 | 72  0.39250  9.75996e-03
 73 -0.25103 -5.14915e+01 | 74  0.89477  2.48327e-02 |
74 variables; iteration 60; function evaluation 75; phase 3
Function value 2.2138903e+02; maximum gradient component mag -3.6254e+03
Var    Value     Gradient |Var    Value     Gradient |Var    Value     Gradient
  1 -0.35415  3.06063e+02 |  2  0.26224 -3.27252e+01 |  3  0.32833 -6.87199e+02
  4 -0.66358 -3.62542e+03 |  5 -0.45749 -2.77327e+03 |  6 -0.34101 -8.53960e+02
  7 -0.02683 -8.33652e+01 |  8  0.00540  9.07229e-01 |  9 -0.02537 -3.46881e+00
 10  0.01198  1.80154e+00 | 11 -0.02611 -3.48851e+00 | 12 -0.02761 -3.62364e+00
 13 -0.01517 -1.74227e+00 | 14 -0.01381 -1.35979e+00 | 15 -0.01801 -1.68711e+00
 16 -0.02344 -2.09808e+00 | 17 -0.02429 -1.66770e+00 | 18 -0.01592  4.10051e-01
 19 -0.00772  2.84266e+00 | 20 -0.01202  3.42451e+00 | 21  0.02008  1.10708e+01
 22 -0.06076 -3.41300e+00 | 23 -0.07459 -5.86703e+00 | 24 -0.02218  2.48512e+00
 25  0.02767  9.59954e+00 | 26  0.05766  9.88195e+00 | 27  0.20648 -7.41924e+00
 28  0.00792  3.29059e+01 | 29  0.10929 -1.70186e+01 | 30  0.04615  1.02981e+00
 31 -0.09698  4.01798e+01 | 32 -0.12121  4.45796e+01 | 33  0.12585  9.67751e+00
 34 -0.09930  5.27056e+01 | 35  0.13308 -3.32843e+01 | 36 -0.01884  5.53458e+00
 37 -0.11040  8.32800e+00 | 38 -0.18855  4.67751e+01 | 39 -0.12324 -4.49233e+01
 40  0.06019 -1.27488e+02 | 41  0.03913  2.50811e+01 | 42  0.04190  5.19640e+01
 43  0.16703 -1.38210e+02 | 44 -0.13034 -6.15568e+01 | 45  0.02989  1.91137e+01
 46 -0.25903 -1.59905e+01 | 47  0.08792 -1.66901e+02 | 48  0.02989 -3.25929e+01
 49 -0.19719 -2.90341e+01 | 50  0.11549 -6.90410e+01 | 51  0.06383 -2.48039e+01
 52 -0.05317  5.85587e+00 | 53 -0.03915 -6.28612e+01 | 54 -0.01991  2.00490e-01
 55 -0.08352 -1.76388e+01 | 56  0.02207 -5.12604e+01 | 57  0.05923 -4.00681e+01
 58 -0.04645  1.37698e+01 | 59  0.15207  1.04715e+02 | 60 -0.05673  6.73579e+01
 61  0.11363  8.99498e+01 | 62  0.09728  4.67710e+01 | 63 -0.04003  4.22837e+01
 64  0.21939  6.69522e+01 | 65 -0.04522  5.63035e+01 | 66  1.27733  1.08282e+02
 67 -0.90678 -2.12855e-02 | 68  0.41057  5.12169e+02 | 69 -1.62550  2.09565e-03
 70  1.62290  2.12235e+00 | 71 -0.49982 -1.78311e+02 | 72  0.38842  1.65800e-03
 73 -0.16636  8.61744e+01 | 74  0.86229  1.37313e-02 |
Maximum number of function evaluations exceeded

 - final statistics:
74 variables; iteration 77; function evaluation 100
Function value 1.8292e+02; maximum gradient component mag -8.5453e+02
Exit code = 3;  converg criter 1.0000e+00
Var    Value     Gradient |Var    Value     Gradient |Var    Value     Gradient
  1 -0.34764  1.09169e+02 |  2  0.26200 -1.10671e+02 |  3  0.32702 -1.80797e+02
  4 -0.66599 -8.54530e+02 |  5 -0.44941 -4.93563e+02 |  6 -0.30235 -4.76846e+02
  7 -0.03456 -1.14280e+02 |  8  0.00644  1.05287e+00 |  9  0.00454  7.15809e-01
 10  0.00905  1.39109e+00 | 11 -0.01790 -2.33476e+00 | 12 -0.01986 -2.52877e+00
 13 -0.00801 -7.15483e-01 | 14 -0.01248 -1.15885e+00 | 15  0.03124  5.57736e+00
 16 -0.00989 -6.37389e-02 | 17 -0.01557 -3.18898e-01 | 18 -0.05601 -5.85751e+00
 19 -0.04915 -4.03665e+00 | 20 -0.01580  2.59306e+00 | 21 -0.04020 -7.94073e-01
 22 -0.04028 -5.74361e-01 | 23 -0.04808 -3.04283e+00 | 24 -0.06749 -8.56833e+00
 25 -0.06464 -1.09819e+01 | 26 -0.04977 -1.09806e+01 | 27  0.11863 -6.41373e+00
 28  0.08392  1.21391e+01 | 29  0.12562  1.95108e+01 | 30  0.03767  1.21033e+01
 31 -0.13918  3.67483e+00 | 32 -0.11980  2.14775e+01 | 33  0.11104 -4.04551e+01
 34 -0.11798  1.03380e+01 | 35  0.11675 -6.02480e+01 | 36 -0.02439  3.20394e+00
 37 -0.10594  1.09079e+01 | 38 -0.25822  1.52832e+01 | 39 -0.08569  3.31440e+00
 40  0.04961 -7.57335e+01 | 41  0.02261 -6.95673e+01 | 42 -0.03386 -5.90369e+01
 43  0.16159  3.76925e+01 | 44 -0.05036 -3.01747e+01 | 45 -0.06066  2.17108e+01
 46 -0.06485  3.17752e+01 | 47  0.06162 -1.25852e+01 | 48  0.00305  5.75464e+01
 49 -0.07909  2.81606e+01 | 50  0.09327  2.93495e+01 | 51  0.04333 -6.89347e+00
 52 -0.05292  2.94039e+01 | 53 -0.04736 -4.14226e+01 | 54 -0.04001 -1.28013e+01
 55 -0.09232 -2.28634e+01 | 56  0.01391 -4.28635e+01 | 57  0.04257 -2.57103e+01
 58 -0.03878  1.82323e+01 | 59  0.13365  2.04677e+01 | 60 -0.05553  3.52691e+01
 61  0.09650  2.15719e+01 | 62  0.08478  2.39549e+01 | 63 -0.01006  4.01179e+01
 64  0.19978  2.56461e+01 | 65 -0.00383  3.66783e+01 | 66  1.23898 -3.79642e+01
 67 -0.75218 -7.65712e-03 | 68  0.41443 -6.61049e+02 | 69 -3.93199  6.56673e-04
 70  1.09573 -1.90642e-02 | 71 -0.46632  2.40891e+02 | 72  0.35785 -3.43554e-04
 73 -0.12888 -1.15155e+02 | 74  0.70627  2.61792e-03 |

Initial statistics: 74 variables; iteration 0; function evaluation 0; phase 4
Function value 1.8291493e+02; maximum gradient component mag -8.5453e+02
Var    Value     Gradient |Var    Value     Gradient |Var    Value     Gradient
  1 -0.34764  1.09169e+02 |  2  0.26200 -1.10671e+02 |  3  0.32702 -1.80797e+02
  4 -0.66599 -8.54530e+02 |  5 -0.44941 -4.93563e+02 |  6 -0.30235 -4.76846e+02
  7 -0.03456 -1.14280e+02 |  8  0.00644  1.05287e+00 |  9  0.00454  7.15809e-01
 10  0.00905  1.39109e+00 | 11 -0.01790 -2.33476e+00 | 12 -0.01986 -2.52877e+00
 13 -0.00801 -7.15483e-01 | 14 -0.01248 -1.15885e+00 | 15  0.03124  5.57736e+00
 16 -0.00989 -6.37389e-02 | 17 -0.01557 -3.18898e-01 | 18 -0.05601 -5.85751e+00
 19 -0.04915 -4.03665e+00 | 20 -0.01580  2.59306e+00 | 21 -0.04020 -7.94073e-01
 22 -0.04028 -5.74361e-01 | 23 -0.04808 -3.04283e+00 | 24 -0.06749 -8.56833e+00
 25 -0.06464 -1.09819e+01 | 26 -0.04977 -1.09806e+01 | 27  0.11863 -6.41373e+00
 28  0.08386  1.02136e+01 | 29  0.12556  1.76063e+01 | 30  0.03761  1.01643e+01
 31 -0.13924  1.77851e+00 | 32 -0.11986  1.95689e+01 | 33  0.11098 -4.23689e+01
 34 -0.11804  8.42856e+00 | 35  0.11669 -6.21590e+01 | 36 -0.02445  1.26285e+00
 37 -0.10600  8.99209e+00 | 38 -0.25829  1.34978e+01 | 39 -0.08575  1.38943e+00
 40  0.04955 -7.76707e+01 | 41  0.02255 -7.15088e+01 | 42 -0.03392 -6.09764e+01
 43  0.16153  3.58131e+01 | 44 -0.05042 -3.21109e+01 | 45 -0.06072  1.97769e+01
 46 -0.06491  2.98425e+01 | 47  0.06156 -1.45187e+01 | 48  0.00299  5.56040e+01
 49 -0.07915  2.62327e+01 | 50  0.09321  2.74282e+01 | 51  0.04327 -8.83155e+00
 52 -0.05298  2.74678e+01 | 53 -0.04742 -4.33594e+01 | 54 -0.04007 -1.47398e+01
 55 -0.09238 -2.47851e+01 | 56  0.01385 -4.48056e+01 | 57  0.04251 -2.76486e+01
 58 -0.03884  1.62932e+01 | 59  0.13359  1.85682e+01 | 60 -0.05559  3.33337e+01
 61  0.09644  1.96519e+01 | 62  0.08472  2.20299e+01 | 63 -0.01012  3.81755e+01
 64  0.19971  2.37992e+01 | 65 -0.00389  3.47358e+01 | 66  0.76102  3.79642e+01
 67 -0.75218 -7.65712e-03 | 68  0.41443 -6.61049e+02 | 69  0.06801  6.56673e-04
 70  0.90427  1.90642e-02 | 71 -0.46632  2.40891e+02 | 72  0.35785 -3.43554e-04
 73 -0.12888 -1.15155e+02 | 74  0.70627  2.61792e-03 |

Intermediate statistics: 74 variables; iteration 20; function evaluation 23; phase 4
Function value 1.6885891e+02; maximum gradient component mag -3.4513e+02
Var    Value     Gradient |Var    Value     Gradient |Var    Value     Gradient
  1 -0.26899 -3.62319e+00 |  2  0.25632  6.67465e+01 |  3  0.28172 -6.46474e+01
  4 -0.62899 -3.45126e+02 |  5 -0.47330 -2.62213e+02 |  6 -0.27653  1.47181e+02
  7 -0.04244 -9.48512e+01 |  8 -0.00029  9.13737e-02 |  9 -0.00003  6.92820e-02
 10  0.00019  1.38687e-01 | 11 -0.00326 -2.85464e-01 | 12 -0.00407 -3.10235e-01
 13 -0.00375 -1.27269e-01 | 14 -0.00558 -1.85699e-01 | 15 -0.00418  3.27409e-01
 16 -0.01040 -1.47655e-01 | 17 -0.01495 -2.05734e-01 | 18 -0.02177 -4.41415e-01
 19 -0.02748 -2.95734e-01 | 20 -0.03599 -4.48638e-01 | 21 -0.04258 -2.54142e-01
 22 -0.04799 -1.57027e-01 | 23 -0.04646  3.63908e-01 | 24 -0.03614  1.14436e+00
 25 -0.02296  1.53153e+00 | 26 -0.01401  1.67496e+00 | 27  0.02860  5.18040e+00
 28  0.12865 -8.92143e+00 | 29  0.07572 -9.82690e+00 | 30  0.05185 -4.13818e+00
 31 -0.08242 -2.23658e+00 | 32 -0.13221 -1.29552e+01 | 33  0.10372 -4.31392e+00
 34 -0.10579 -1.17618e+01 | 35  0.11111 -3.16948e+01 | 36 -0.02486 -2.53253e+01
 37 -0.10419 -2.02418e+01 | 38 -0.23299 -1.23483e+01 | 39 -0.09600 -1.00498e+01
 40  0.04715  4.21091e+00 | 41  0.00343 -3.66580e+01 | 42  0.01694  1.94008e+00
 43  0.13519  3.06618e+01 | 44  0.00311 -1.46547e+01 | 45 -0.09026 -3.77836e+01
 46 -0.08488 -3.28313e+01 | 47  0.06338 -8.61167e+00 | 48 -0.01295 -3.34892e-01
 49 -0.06654 -5.74899e+00 | 50  0.07687 -1.12301e+01 | 51  0.05047 -2.64192e+00
 52 -0.07770 -7.13913e+00 | 53 -0.02610  2.17691e+01 | 54 -0.04829  2.28078e+01
 55 -0.08069  1.82197e+01 | 56  0.00776  4.11455e+01 | 57  0.03849 -4.40007e+00
 58 -0.04723 -9.61667e+00 | 59  0.12589  9.20728e+00 | 60 -0.06004 -1.17830e+01
 61  0.09086  1.77777e+00 | 62  0.08190 -6.12238e-01 | 63 -0.03011 -1.31048e+01
 64  0.19584 -4.15946e+00 | 65 -0.01297 -1.78589e+01 | 66  0.66005 -1.94935e+01
 67 -0.75212 -7.65432e-03 | 68  0.41195  1.42894e+02 | 69  0.06800  9.64965e-04
 70  0.90408  2.04107e-02 | 71 -0.48937 -3.17014e+02 | 72  0.35783  4.79414e-03
 73 -0.14889  2.13626e+02 | 74  0.70621  1.05984e-02 |
74 variables; iteration 40; function evaluation 45; phase 4
Function value 1.6702139e+02; maximum gradient component mag -2.3148e+02
Var    Value     Gradient |Var    Value     Gradient |Var    Value     Gradient
  1 -0.26804  9.84551e+00 |  2  0.25771  5.49262e+00 |  3  0.27482 -4.15211e+01
  4 -0.62755 -2.31482e+02 |  5 -0.47320 -1.65186e+02 |  6 -0.27533  6.52607e-01
  7 -0.04132 -5.64050e+00 |  8 -0.00117 -3.41197e-02 |  9 -0.00073 -2.95298e-02
 10 -0.00122 -6.00637e-02 | 11 -0.00025  1.36420e-01 | 12 -0.00087  1.39329e-01
 13 -0.00242  5.89759e-02 | 14 -0.00379  6.82958e-02 | 15 -0.00716 -1.16144e-01
 16 -0.00939 -4.37771e-03 | 17 -0.01396 -6.32583e-02 | 18 -0.01804  1.42055e-01
 19 -0.02498  1.06250e-01 | 20 -0.03962 -1.10087e+00 | 21 -0.04428 -5.98229e-01
 22 -0.05152 -8.78343e-01 | 23 -0.04805 -5.09041e-02 | 24 -0.03115  1.81215e+00
 25 -0.02019  1.32983e+00 | 26 -0.01996 -6.59629e-01 | 27 -0.00391 -1.53475e+00
 28  0.12716 -1.28659e-01 | 29  0.08328  3.97540e+00 | 30  0.04987  4.55148e+00
 31 -0.08929  4.21547e+00 | 32 -0.13094 -1.05671e+00 | 33  0.10485  9.92241e+00
 34 -0.10870 -2.66969e-01 | 35  0.11231  3.44383e+00 | 36 -0.02329  2.38622e+00
 37 -0.10058  4.08988e+00 | 38 -0.24045 -8.10038e-01 | 39 -0.09292  1.87397e+00
 40  0.04476 -2.83668e-01 | 41  0.01288 -1.24325e+01 | 42  0.01043 -8.12588e+00
 43  0.13477 -9.63574e+00 | 44 -0.00182 -9.70985e+00 | 45 -0.07989 -1.14298e+01
 46 -0.08024 -9.06836e+00 | 47  0.06303 -1.14239e+01 | 48 -0.01550 -2.14922e+00
 49 -0.06689  1.34873e+00 | 50  0.07939 -9.02526e+00 | 51  0.04910 -4.01937e+00
 52 -0.07629 -5.24978e+00 | 53 -0.03089 -2.81246e+00 | 54 -0.04869  4.50491e+00
 55 -0.08339  3.07673e+00 | 56  0.00609  3.38454e+00 | 57  0.04080  6.01287e-01
 58 -0.04734 -4.07852e+00 | 59  0.12693  5.28734e+00 | 60 -0.06045 -5.77147e-02
 61  0.09216  6.59168e+00 | 62  0.08037  2.74741e+00 | 63 -0.03147 -2.65317e+00
 64  0.19895  5.26625e+00 | 65 -0.01041 -8.96886e-01 | 66  0.66743 -1.74876e+01
 67 -0.74571 -7.43962e-03 | 68  0.41293  1.55258e+02 | 69  0.06697  1.11992e-03
 70  0.88656  1.75788e-02 | 71 -0.48684 -5.25889e+01 | 72  0.35590  2.97434e-03
 73 -0.15417  3.46070e+01 | 74  0.70067  7.71475e-03 |
74 variables; iteration 60; function evaluation 73; phase 4
Function value 1.6649895e+02; maximum gradient component mag -2.8928e+02
Var    Value     Gradient |Var    Value     Gradient |Var    Value     Gradient
  1 -0.26955  3.32908e+01 |  2  0.25920 -1.70565e+01 |  3  0.23372 -5.99899e+01
  4 -0.61279 -2.89282e+02 |  5 -0.47982 -2.24106e+02 |  6 -0.27574 -1.13931e+02
  7 -0.04163 -1.55234e+01 |  8 -0.00187 -1.36070e-01 |  9 -0.00135 -1.17965e-01
 10 -0.00246 -2.36843e-01 | 11  0.00285  5.68795e-01 | 12  0.00255  6.17315e-01
 13 -0.00045  3.29977e-01 | 14 -0.00207  3.02383e-01 | 15 -0.00366  3.77739e-01
 16 -0.01142 -3.33166e-01 | 17 -0.01771 -6.72821e-01 | 18 -0.01920 -8.68144e-02
 19 -0.02844 -5.25780e-01 | 20 -0.02710  1.02666e+00 | 21 -0.04115 -1.07205e-01
 22 -0.04507  2.19093e-01 | 23 -0.04780 -2.24380e-01 | 24 -0.04270 -7.15450e-01
 25 -0.03211 -1.12003e+00 | 26 -0.02092 -8.00744e-01 | 27 -0.00704 -1.58822e+00
 28  0.14160  7.34242e+00 | 29  0.05505  5.06816e+00 | 30  0.06272  8.04082e+00
 31 -0.09706  8.74019e+00 | 32 -0.12920  5.89672e+00 | 33  0.10428  2.45302e+00
 34 -0.10582  8.13662e+00 | 35  0.11253  1.73742e+00 | 36 -0.02283  5.03310e+00
 37 -0.10281  4.44864e+00 | 38 -0.23768  6.48819e+00 | 39 -0.09324  1.94392e+00
 40  0.04351 -1.01676e+01 | 41  0.01566 -2.41148e+00 | 42  0.01228 -2.90463e+00
 43  0.13237 -3.35084e+01 | 44  0.00051 -1.81484e+00 | 45 -0.07773  8.13153e-01
 46 -0.07726  2.66781e+00 | 47  0.06273 -1.33114e+01 | 48 -0.01546 -3.77961e+00
 49 -0.07040  5.47820e-03 | 50  0.08063 -1.30492e+01 | 51  0.04780 -6.50350e+00
 52 -0.07391  3.32764e+00 | 53 -0.03047 -3.51046e-01 | 54 -0.05009 -1.34464e+00
 55 -0.08486 -9.47452e-01 | 56  0.00622 -5.30764e+00 | 57  0.04061 -2.82940e+00
 58 -0.04516  4.03545e+00 | 59  0.12660 -4.23303e+00 | 60 -0.05939  5.95423e+00
 61  0.09143  4.04213e+00 | 62  0.08046  7.14191e+00 | 63 -0.02597  8.43128e+00
 64  0.19556  4.62034e+00 | 65 -0.01383  8.11771e+00 | 66  0.66483 -1.96404e+01
 67 -0.70116 -6.18878e-03 | 68  0.41290  1.73724e+02 | 69  0.05872  1.41593e-03
 70  0.79109  9.29920e-03 | 71 -0.48606  3.39620e+01 | 72  0.34341  6.89277e-04
 73 -0.15532 -2.25636e+01 | 74  0.66282  3.61745e-03 |
Maximum number of function evaluations exceeded

 - final statistics:
74 variables; iteration 76; function evaluation 100
Function value 1.6585e+02; maximum gradient component mag -1.8685e+02
Exit code = 3;  converg criter 1.0000e+00
Var    Value     Gradient |Var    Value     Gradient |Var    Value     Gradient
  1 -0.26305  2.64574e+01 |  2  0.25988 -8.01768e+00 |  3  0.15739 -4.66669e+01
  4 -0.58081 -1.86850e+02 |  5 -0.49265 -1.39087e+02 |  6 -0.27489 -7.96388e+01
  7 -0.04281 -4.85795e+01 |  8  0.00268  4.87961e-01 |  9 -0.00802 -1.06041e+00
 10 -0.00443 -5.25541e-01 | 11 -0.00690 -8.21176e-01 | 12 -0.00138  3.46557e-02
 13  0.01207  2.07076e+00 | 14 -0.00985 -8.74257e-01 | 15 -0.00649 -1.22490e-01
 16 -0.01124 -4.27304e-01 | 17 -0.01384 -2.50833e-01 | 18 -0.01307  6.53705e-01
 19 -0.02438 -1.47627e-01 | 20 -0.03638 -9.45559e-01 | 21 -0.03927 -1.52952e-01
 22 -0.04292  2.42318e-01 | 23 -0.05034 -1.01447e+00 | 24 -0.03655  1.18216e-01
 25 -0.02657 -4.81218e-01 | 26 -0.02146 -1.27939e+00 | 27 -0.01802 -4.01220e+00
 28  0.14837 -1.37124e+01 | 29  0.01570 -1.25434e+01 | 30  0.07749 -1.19659e+01
 31 -0.10146  2.12234e-01 | 32 -0.12407  2.56028e+00 | 33  0.10386 -2.15837e+01
 34 -0.10593 -9.92653e-01 | 35  0.11192 -2.59979e+01 | 36 -0.02088 -3.80358e+00
 37 -0.09880  1.61549e+00 | 38 -0.23569  3.70589e+00 | 39 -0.09226  5.02288e-01
 40  0.04386 -4.67796e+00 | 41  0.01605 -2.34865e+00 | 42  0.01119 -2.82280e-01
 43  0.13483 -1.93866e+00 | 44 -0.00285 -3.63914e-01 | 45 -0.07337  3.38800e+00
 46 -0.07943  2.08849e+00 | 47  0.06329 -2.02741e-01 | 48 -0.01533  2.91542e+00
 49 -0.06651  6.59795e+00 | 50  0.08000  1.34117e+00 | 51  0.04873  4.18572e+00
 52 -0.07397  3.42880e+00 | 53 -0.03002  3.11826e+00 | 54 -0.04919  5.02339e+00
 55 -0.08332  5.83347e+00 | 56  0.00631  4.31852e+00 | 57  0.04086  4.56821e+00
 58 -0.04476  5.28094e+00 | 59  0.12671  7.64295e+00 | 60 -0.05672  6.94869e+00
 61  0.09152  7.06675e+00 | 62  0.08061  5.46689e+00 | 63 -0.02834  4.23811e+00
 64  0.19826  7.12158e+00 | 65 -0.01683  4.57200e+00 | 66  0.63736 -1.10858e+01
 67 -0.46509  6.11998e-03 | 68  0.41070  6.20759e+01 | 69 -0.06540  5.32564e-02
 70  0.30243  2.05443e-01 | 71 -0.48393  7.23488e+00 | 72  0.32399 -5.31364e-03
 73 -0.15276 -3.69117e+00 | 74  0.52532 -7.82755e-03 |

Initial statistics: 74 variables; iteration 0; function evaluation 0; phase 5
Function value 1.6585381e+02; maximum gradient component mag -1.8685e+02
Var    Value     Gradient |Var    Value     Gradient |Var    Value     Gradient
  1 -0.26305  2.64574e+01 |  2  0.25988 -8.01768e+00 |  3  0.15739 -4.66669e+01
  4 -0.58081 -1.86850e+02 |  5 -0.49265 -1.39087e+02 |  6 -0.27489 -7.96388e+01
  7 -0.04281 -4.85795e+01 |  8  0.00268  4.87961e-01 |  9 -0.00802 -1.06041e+00
 10 -0.00443 -5.25541e-01 | 11 -0.00690 -8.21176e-01 | 12 -0.00138  3.46557e-02
 13  0.01207  2.07076e+00 | 14 -0.00985 -8.74257e-01 | 15 -0.00649 -1.22490e-01
 16 -0.01124 -4.27304e-01 | 17 -0.01384 -2.50833e-01 | 18 -0.01307  6.53705e-01
 19 -0.02438 -1.47627e-01 | 20 -0.03638 -9.45559e-01 | 21 -0.03927 -1.52952e-01
 22 -0.04292  2.42318e-01 | 23 -0.05034 -1.01447e+00 | 24 -0.03655  1.18216e-01
 25 -0.02657 -4.81218e-01 | 26 -0.02146 -1.27939e+00 | 27 -0.01802 -4.01220e+00
 28  0.14836 -1.37971e+01 | 29  0.01570 -1.26304e+01 | 30  0.07748 -1.20523e+01
 31 -0.10146  1.26273e-01 | 32 -0.12407  2.47486e+00 | 33  0.10386 -2.16696e+01
 34 -0.10593 -1.07851e+00 | 35  0.11191 -2.60836e+01 | 36 -0.02088 -3.89059e+00
 37 -0.09881  1.52947e+00 | 38 -0.23570  3.62472e+00 | 39 -0.09227  4.16136e-01
 40  0.04386 -4.76482e+00 | 41  0.01605 -2.43569e+00 | 42  0.01119 -3.69331e-01
 43  0.13483 -2.02378e+00 | 44 -0.00286 -4.50977e-01 | 45 -0.07337  3.30151e+00
 46 -0.07943  2.00211e+00 | 47  0.06328 -2.89376e-01 | 48 -0.01533  2.82838e+00
 49 -0.06652  6.51136e+00 | 50  0.08000  1.25479e+00 | 51  0.04872  4.09891e+00
 52 -0.07398  3.34232e+00 | 53 -0.03003  3.03129e+00 | 54 -0.04919  4.93659e+00
 55 -0.08332  5.74714e+00 | 56  0.00630  4.23146e+00 | 57  0.04085  4.48133e+00
 58 -0.04476  5.19408e+00 | 59  0.12670  7.55761e+00 | 60 -0.05672  6.86196e+00
 61  0.09152  6.98059e+00 | 62  0.08061  5.38052e+00 | 63 -0.02834  4.15113e+00
 64  0.19826  7.03872e+00 | 65 -0.01683  4.48496e+00 | 66  0.63736 -1.10858e+01
 67 -0.46509  6.11998e-03 | 68  0.41070  6.20759e+01 | 69 -0.06540  5.32564e-02
 70  0.30243  2.05443e-01 | 71 -0.48393  7.23488e+00 | 72  0.32399 -5.31364e-03
 73 -0.15276 -3.69117e+00 | 74  0.52532 -7.82755e-03 |

Intermediate statistics: 74 variables; iteration 20; function evaluation 22; phase 5
Function value 1.6536712e+02; maximum gradient component mag -2.7518e+02
Var    Value     Gradient |Var    Value     Gradient |Var    Value     Gradient
  1 -0.25793  2.74641e+01 |  2  0.26050 -1.07592e+01 |  3  0.12159 -7.75148e+01
  4 -0.56273 -2.75180e+02 |  5 -0.50084 -2.23256e+02 |  6 -0.27060 -7.78208e+01
  7 -0.04414 -5.59127e+01 |  8 -0.00024  8.03748e-02 |  9 -0.00171 -1.74649e-01
 10 -0.00132 -8.58050e-02 | 11 -0.00204 -1.33208e-01 | 12 -0.00162  7.18990e-03
 13 -0.00023  3.32461e-01 | 14 -0.00481 -1.33020e-01 | 15 -0.00592 -1.26648e-02
 16 -0.00899 -5.30667e-02 | 17 -0.01274 -2.06916e-02 | 18 -0.01712  1.03232e-01
 19 -0.02422  1.29752e-02 | 20 -0.03232 -5.50835e-02 | 21 -0.03969  5.43020e-02
 22 -0.04569  1.30505e-01 | 23 -0.04749  7.89576e-02 | 24 -0.03983  3.00644e-01
 25 -0.02777  4.29513e-01 | 26 -0.02028  6.07742e-01 | 27 -0.00426  6.41562e-01
 28  0.13091  1.74702e+01 | 29  0.05703  1.34509e+01 | 30  0.06940  2.63208e+01
 31 -0.09228  1.52449e+01 | 32 -0.12325  1.29363e+01 | 33  0.10378  2.81276e+01
 34 -0.10606  5.49290e+00 | 35  0.10975 -3.75863e+00 | 36 -0.02068  5.59261e+00
 37 -0.09791  8.74218e+00 | 38 -0.23538  5.65994e+00 | 39 -0.09281  4.11138e+00
 40  0.04272  1.57997e+00 | 41  0.01545 -2.08844e+00 | 42  0.01013 -4.54281e+00
 43  0.13328 -2.14988e+01 | 44 -0.00442 -8.92930e+00 | 45 -0.07356 -1.83451e+00
 46 -0.08071 -4.56830e+00 | 47  0.06125 -2.44428e+01 | 48 -0.01660 -9.47511e+00
 49 -0.06617 -7.09943e-01 | 50  0.07755 -2.75314e+01 | 51  0.04755 -1.28962e+01
 52 -0.07507 -2.19165e+00 | 53 -0.03112 -4.04965e+00 | 54 -0.04995 -2.46239e-01
 55 -0.08409  1.71036e+00 | 56  0.00478 -6.61601e+00 | 57  0.03969 -6.89951e+00
 58 -0.04578 -5.59819e-01 | 59  0.12490 -1.36069e+01 | 60 -0.05656  3.92024e+00
 61  0.08978 -2.21131e-02 | 62  0.07924  2.30288e+00 | 63 -0.02978  3.39348e+00
 64  0.19780  7.21347e+00 | 65 -0.01318  5.13856e+00 | 66  0.62646 -2.61999e+01
 67 -0.46516  4.41842e-04 | 68  0.41027  1.67014e+02 | 69 -0.06609  3.15878e-02
 70  0.29358  1.74528e-02 | 71 -0.48277  8.84466e+00 | 72  0.32395  5.50603e-03
 73 -0.15187 -4.70636e+00 | 74  0.52525  9.37288e-03 |
74 variables; iteration 40; function evaluation 44; phase 5
Function value 1.6518654e+02; maximum gradient component mag -2.9679e+02
Var    Value     Gradient |Var    Value     Gradient |Var    Value     Gradient
  1 -0.26374  3.45347e+01 |  2  0.26026 -1.53490e+01 |  3  0.11795 -8.69194e+01
  4 -0.56061 -2.96790e+02 |  5 -0.50178 -2.32878e+02 |  6 -0.27261 -1.04454e+02
  7 -0.04342 -5.72102e+01 |  8 -0.00164 -1.13204e-01 |  9 -0.00084 -5.13214e-02
 10 -0.00118 -6.38105e-02 | 11 -0.00160 -6.96585e-02 | 12 -0.00279 -1.54609e-01
 13 -0.00631 -5.29293e-01 | 14 -0.00462 -1.01679e-01 | 15 -0.00836 -3.63286e-01
 16 -0.01080 -3.19301e-01 | 17 -0.01580 -4.90758e-01 | 18 -0.02583 -1.28324e+00
 19 -0.02812 -6.53518e-01 | 20 -0.03111  1.16492e-01 | 21 -0.04282 -5.76359e-01
 22 -0.05090 -9.51329e-01 | 23 -0.04935 -4.64694e-01 | 24 -0.04945 -1.78062e+00
 25 -0.03468 -1.20399e+00 | 26 -0.01607  8.35095e-01 | 27  0.01155  1.96910e+00
 28  0.12461  1.01505e+01 | 29  0.06042  9.67478e+00 | 30  0.07080  2.03912e+01
 31 -0.09517  1.08831e+01 | 32 -0.12656  7.81811e+00 | 33  0.10368  1.33695e+01
 34 -0.10489  6.22099e+00 | 35  0.11074 -5.40937e+00 | 36 -0.02037  3.06811e+00
 37 -0.09946  4.67129e+00 | 38 -0.23498  6.36716e+00 | 39 -0.09113  5.54935e+00
 40  0.04189 -6.76287e+00 | 41  0.01727 -2.25533e+00 | 42  0.00912 -8.70129e+00
 43  0.13322 -2.97588e+01 | 44 -0.00235 -7.15109e+00 | 45 -0.07535 -1.74990e+00
 46 -0.07884 -1.18090e+00 | 47  0.06167 -1.92716e+01 | 48 -0.01657 -7.29907e+00
 49 -0.06559  2.22154e+00 | 50  0.07802 -2.09139e+01 | 51  0.04803 -9.76631e+00
 52 -0.07584 -2.06205e+00 | 53 -0.03047 -2.23044e+00 | 54 -0.05004  6.26923e-01
 55 -0.08399  3.00231e+00 | 56  0.00529 -3.20074e+00 | 57  0.03993 -5.56958e+00
 58 -0.04608  5.04407e-01 | 59  0.12553 -6.84795e+00 | 60 -0.05526  6.44881e+00
 61  0.08858 -1.11916e+00 | 62  0.08147  1.14522e+01 | 63 -0.02876  6.84417e+00
 64  0.19767  9.77073e+00 | 65 -0.01695  6.29841e+00 | 66  0.62898 -2.86826e+01
 67 -0.46955 -2.79927e-03 | 68  0.41054  1.70002e+02 | 69 -0.11335  7.62052e-04
 70  0.20316 -2.32835e+00 | 71 -0.48249  1.10454e+01 | 72  0.32154  1.43729e-03
 73 -0.15068 -2.49887e+00 | 74  0.52102  2.88540e-03 |
74 variables; iteration 60; function evaluation 70; phase 5
Function value 1.6477506e+02; maximum gradient component mag -7.7844e+01
Var    Value     Gradient |Var    Value     Gradient |Var    Value     Gradient
  1 -0.25445  1.09803e+01 |  2  0.26042 -3.92708e+00 |  3  0.09201 -2.33514e+01
  4 -0.54552 -7.78438e+01 |  5 -0.50794 -5.81447e+01 |  6 -0.26964 -3.44150e+01
  7 -0.04291 -1.31311e+01 |  8 -0.00072  1.19335e-02 |  9 -0.00124 -1.10657e-01
 10 -0.00111 -5.89514e-02 | 11 -0.00166 -8.30834e-02 | 12 -0.00224 -8.47432e-02
 13 -0.00490 -3.40604e-01 | 14 -0.00435 -8.17342e-02 | 15 -0.00731 -2.35798e-01
 16 -0.00877 -5.46846e-02 | 17 -0.01155  1.07801e-01 | 18 -0.01828 -1.56867e-01
 19 -0.02593 -3.68219e-01 | 20 -0.03075  1.01293e-01 | 21 -0.03953 -2.82809e-02
 22 -0.04892 -5.56033e-01 | 23 -0.04728  6.91951e-02 | 24 -0.03875  3.66298e-01
 25 -0.03275 -8.55141e-01 | 26 -0.01882 -1.06997e-01 | 27  0.00425 -3.13305e-01
 28  0.10875 -5.57396e-01 | 29  0.08174  1.86858e+00 | 30  0.05948  5.19729e-01
 31 -0.08745  2.64062e+00 | 32 -0.12571  2.41196e+00 | 33  0.10224 -1.97371e+00
 34 -0.10383  1.68382e+00 | 35  0.11068 -3.48566e+00 | 36 -0.01963  5.38481e-01
 37 -0.09751  2.06661e+00 | 38 -0.23553  1.67691e+00 | 39 -0.09280 -2.91741e-02
 40  0.04156 -2.24530e+00 | 41  0.01639 -4.73708e-01 | 42  0.00961 -3.46446e+00
 43  0.13270 -6.27389e+00 | 44 -0.00184 -6.34327e-01 | 45 -0.07475 -2.92282e-01
 46 -0.08052 -1.20305e+00 | 47  0.06114 -3.30278e+00 | 48 -0.01513 -1.05104e+00
 49 -0.06898  4.97480e-01 | 50  0.07834 -3.55189e+00 | 51  0.04727 -1.26717e+00
 52 -0.07382  1.23310e+00 | 53 -0.03122 -3.07428e-01 | 54 -0.04994  1.50060e+00
 55 -0.08539  2.49036e-01 | 56  0.00448 -1.42509e-01 | 57  0.03966 -1.07293e-01
 58 -0.04620  1.13334e+00 | 59  0.12503 -1.88532e-01 | 60 -0.05766  1.85369e+00
 61  0.09017  2.29074e+00 | 62  0.07917  1.80302e+00 | 63 -0.02740  2.51381e+00
 64  0.19529  1.57915e+00 | 65 -0.00960  2.67714e+00 | 66  0.62858 -6.99495e+00
 67 -0.47188 -8.97320e-05 | 68  0.41081  4.09785e+01 | 69 -0.21594  1.27715e-03
 70  0.16936 -1.24328e+00 | 71 -0.48371  4.90295e+00 | 72  0.30372  1.70382e-03
 73 -0.15305 -3.95134e+00 | 74  0.49008  3.14686e-03 |
Maximum number of function evaluations exceeded

 - final statistics:
74 variables; iteration 79; function evaluation 100
Function value 1.6470e+02; maximum gradient component mag 1.2253e+01
Exit code = 3;  converg criter 1.0000e+00
Var    Value     Gradient |Var    Value     Gradient |Var    Value     Gradient
  1 -0.25189  1.07497e+00 |  2  0.26091 -1.18675e+00 |  3  0.06400  3.94511e+00
  4 -0.52895  1.22533e+01 |  5 -0.51530  8.55146e+00 |  6 -0.26867 -8.34908e+00
  7 -0.04309  2.74735e+00 |  8 -0.00030  6.86970e-02 |  9  0.00076  1.67870e-01
 10 -0.00188 -1.68945e-01 | 11 -0.00094  1.47945e-02 | 12 -0.00006  2.16923e-01
 13 -0.00369 -1.76170e-01 | 14 -0.00349  3.13041e-02 | 15 -0.00537  2.99275e-02
 16 -0.00872 -6.91309e-02 | 17 -0.01275 -1.05185e-01 | 18 -0.01466  3.76083e-01
 19 -0.02511 -2.79866e-01 | 20 -0.03150 -7.81434e-02 | 21 -0.03890  5.37795e-02
 22 -0.04587  2.75137e-02 | 23 -0.04776  5.29795e-02 | 24 -0.04272 -2.12837e-01
 25 -0.02842  1.45144e-01 | 26 -0.02162 -1.28524e-01 | 27  0.00076 -2.25891e-01
 28  0.11014 -9.26873e-01 | 29  0.07542 -7.36804e-01 | 30  0.06424 -1.38801e+00
 31 -0.08880 -3.78414e-01 | 32 -0.12577 -2.00889e-01 | 33  0.10206 -2.23747e+00
 34 -0.10351 -1.12357e-01 | 35  0.11060 -2.00216e+00 | 36 -0.01875 -6.53456e-01
 37 -0.09720 -4.37791e-01 | 38 -0.23468  3.05186e-01 | 39 -0.09208  2.69213e-01
 40  0.04123 -3.30111e-01 | 41  0.01585 -1.35102e-01 | 42  0.01121  8.43161e-01
 43  0.13221 -7.43537e-01 | 44 -0.00193  1.33891e-01 | 45 -0.07418  5.97904e-01
 46 -0.07916  8.83955e-01 | 47  0.06046  6.12768e-01 | 48 -0.01443  7.67460e-01
 49 -0.06914  4.61112e-01 | 50  0.07822  7.62726e-01 | 51  0.04712  3.07375e-01
 52 -0.07377  6.15853e-01 | 53 -0.03078  4.80722e-01 | 54 -0.05043  1.23577e-01
 55 -0.08498  4.48415e-01 | 56  0.00421  4.54180e-02 | 57  0.03955  1.22388e-01
 58 -0.04603  4.85868e-01 | 59  0.12482 -1.42365e-01 | 60 -0.05687  3.10668e-01
 61  0.08985 -3.08741e-01 | 62  0.07923  1.93768e-01 | 63 -0.02805  3.78948e-01
 64  0.19557  4.46416e-01 | 65 -0.01263  5.61381e-01 | 66  0.62153  4.86232e-01
 67 -0.47618 -8.78722e-03 | 68  0.41044 -6.78055e+00 | 69 -0.48032  9.82818e-03
 70  0.16042  3.66952e-01 | 71 -0.48253  4.33532e+00 | 72  0.24469 -1.02857e-02
 73 -0.15179 -2.32301e+00 | 74  0.37841 -8.66261e-03 |

Initial statistics: 76 variables; iteration 0; function evaluation 0; phase 6
Function value 1.6469742e+02; maximum gradient component mag 1.2253e+01
Var    Value     Gradient |Var    Value     Gradient |Var    Value     Gradient
  1 -0.25189  1.07497e+00 |  2  0.26091 -1.18675e+00 |  3  0.06400  3.94511e+00
  4 -0.52895  1.22533e+01 |  5 -0.51530  8.55146e+00 |  6 -0.26867 -8.34908e+00
  7 -0.04309  2.74735e+00 |  8 -0.00030  6.86970e-02 |  9  0.00076  1.67870e-01
 10 -0.00188 -1.68945e-01 | 11 -0.00094  1.47945e-02 | 12 -0.00006  2.16923e-01
 13 -0.00369 -1.76170e-01 | 14 -0.00349  3.13041e-02 | 15 -0.00537  2.99275e-02
 16 -0.00872 -6.91309e-02 | 17 -0.01275 -1.05185e-01 | 18 -0.01466  3.76083e-01
 19 -0.02511 -2.79866e-01 | 20 -0.03150 -7.81434e-02 | 21 -0.03890  5.37795e-02
 22 -0.04587  2.75137e-02 | 23 -0.04776  5.29795e-02 | 24 -0.04272 -2.12837e-01
 25 -0.02842  1.45144e-01 | 26 -0.02162 -1.28524e-01 | 27  0.00076 -2.25891e-01
 28  0.11014 -9.10918e-01 | 29  0.07542 -7.20721e-01 | 30  0.06424 -1.37190e+00
 31 -0.08880 -3.62376e-01 | 32 -0.12577 -1.85008e-01 | 33  0.10206 -2.22148e+00
 34 -0.10351 -9.63748e-02 | 35  0.11060 -1.98621e+00 | 36 -0.01875 -6.37268e-01
 37 -0.09720 -4.21784e-01 | 38 -0.23468  3.20294e-01 | 39 -0.09208  2.85240e-01
 40  0.04123 -3.13949e-01 | 41  0.01585 -1.18911e-01 | 42  0.01121  8.59355e-01
 43  0.13221 -7.27689e-01 | 44 -0.00193  1.50086e-01 | 45 -0.07418  6.13990e-01
 46 -0.07916  9.00026e-01 | 47  0.06046  6.28891e-01 | 48 -0.01443  7.83651e-01
 49 -0.06914  4.77212e-01 | 50  0.07822  7.78800e-01 | 51  0.04712  3.23526e-01
 52 -0.07377  6.31940e-01 | 53 -0.03078  4.96899e-01 | 54 -0.05043  1.39722e-01
 55 -0.08498  4.64467e-01 | 56  0.00421  6.16136e-02 | 57  0.03955  1.38553e-01
 58 -0.04603  5.02021e-01 | 59  0.12482 -1.26479e-01 | 60 -0.05687  3.26800e-01
 61  0.08985 -2.92706e-01 | 62  0.07923  2.09838e-01 | 63 -0.02805  3.95128e-01
 64  0.19557  4.61854e-01 | 65 -0.01263  5.77574e-01 | 66 -0.60893  2.29592e+00
 67  0.10843  5.34894e+00 | 68  0.62153  4.86232e-01 | 69 -0.47618 -8.78722e-03
 70  0.41044 -6.78055e+00 | 71 -0.48032  9.82818e-03 | 72  0.16042  3.66952e-01
 73 -0.48253  4.33532e+00 | 74  0.24469 -1.02857e-02 | 75 -0.15179 -2.32301e+00
 76  0.37841 -8.66261e-03 |

Intermediate statistics: 76 variables; iteration 20; function evaluation 22; phase 6
Function value 1.6429628e+02; maximum gradient component mag -1.1344e+02
Var    Value     Gradient |Var    Value     Gradient |Var    Value     Gradient
  1 -0.17570  2.79190e+01 |  2  0.26123 -2.10044e+00 |  3  0.06550 -4.08648e+01
  4 -0.53493 -1.13444e+02 |  5 -0.51094 -8.06780e+01 |  6 -0.23291 -8.71545e+01
  7 -0.03957 -6.49046e+01 |  8 -0.00121 -7.55075e-02 |  9 -0.00134 -1.34197e-01
 10  0.00014  1.02616e-01 | 11 -0.00119 -3.91896e-02 | 12 -0.00281 -1.98428e-01
 13 -0.00169  6.62405e-02 | 14 -0.00406 -1.10152e-01 | 15 -0.00598 -1.46081e-01
 16 -0.00824 -1.23413e-01 | 17 -0.01196 -1.61642e-01 | 18 -0.01920 -5.78538e-01
 19 -0.02266 -2.00805e-01 | 20 -0.03110 -4.29208e-01 | 21 -0.03950 -5.88915e-01
 22 -0.04575 -6.17584e-01 | 23 -0.04733 -6.72221e-01 | 24 -0.03971 -6.14596e-01
 25 -0.02898 -1.07141e+00 | 26 -0.01911 -1.09290e+00 | 27  0.00391 -1.72119e+00
 28  0.12047 -8.31163e+00 | 29  0.06898 -7.77047e+00 | 30  0.06756 -7.16263e+00
 31 -0.08960  1.23665e+00 | 32 -0.12581  1.73909e+00 | 33  0.10329 -4.94197e+00
 34 -0.10334  1.85631e+00 | 35  0.11274 -1.58576e+01 | 36 -0.02083 -1.55575e+01
 37 -0.09759 -8.74789e+00 | 38 -0.23453  7.72461e-01 | 39 -0.09228 -3.90248e+00
 40  0.04057 -1.80685e+01 | 41  0.01497 -9.14572e+00 | 42  0.00951 -5.34428e+00
 43  0.13242 -9.42347e+00 | 44 -0.00124  1.98726e+00 | 45 -0.07491  3.49552e+00
 46 -0.07834  4.57135e+00 | 47  0.06058 -7.33860e-01 | 48 -0.01579 -1.55618e+00
 49 -0.07034  1.20111e+00 | 50  0.07826 -1.29484e+00 | 51  0.04634 -1.56949e+00
 52 -0.07400  4.55605e+00 | 53 -0.03064  5.19519e+00 | 54 -0.05082  3.89749e+00
 55 -0.08554  4.25801e+00 | 56  0.00455  7.74364e+00 | 57  0.03893  4.29658e+00
 58 -0.04639  4.54859e+00 | 59  0.12417 -6.84287e-01 | 60 -0.05851  2.83172e+00
 61  0.08939  4.12431e+00 | 62  0.08083  1.43402e+01 | 63 -0.02834  6.08584e+00
 64  0.19476  6.03725e+00 | 65 -0.01142  4.33811e+00 | 66 -0.62675 -1.33652e+01
 67  0.01372 -7.94689e+00 | 68  0.62154 -1.14867e+01 | 69 -0.47585 -1.56465e-03
 70  0.41041  7.77880e+01 | 71 -0.48053 -6.11708e-03 | 72  0.15542 -5.05400e+00
 73 -0.48227  3.12037e+00 | 74  0.24515 -4.55211e-01 | 75 -0.15240 -3.30309e+00
 76  0.37881 -4.20511e-01 |
76 variables; iteration 40; function evaluation 43; phase 6
Function value 1.6420181e+02; maximum gradient component mag -1.3450e+02
Var    Value     Gradient |Var    Value     Gradient |Var    Value     Gradient
  1 -0.14864  3.44468e+01 |  2  0.26040 -9.50757e+00 |  3  0.05645 -4.95949e+01
  4 -0.52989 -1.34497e+02 |  5 -0.51325 -1.04701e+02 |  6 -0.22102 -1.15088e+02
  7 -0.04090 -4.77966e+01 |  8 -0.00032  3.43857e-02 |  9  0.00015  6.70485e-02
 10 -0.00091 -5.56939e-02 | 11 -0.00069  1.43854e-02 | 12 -0.00061  8.82307e-02
 13 -0.00222 -4.25046e-02 | 14 -0.00273  2.92867e-02 | 15 -0.00428  2.89814e-02
 16 -0.00673 -4.99413e-04 | 17 -0.01012 -2.05387e-02 | 18 -0.01431  3.48677e-03
 19 -0.02071 -1.15620e-01 | 20 -0.02797 -1.81161e-01 | 21 -0.03579 -2.61803e-01
 22 -0.04224 -3.37345e-01 | 23 -0.04390 -4.21050e-01 | 24 -0.03739 -5.92706e-01
 25 -0.02532 -8.38109e-01 | 26 -0.01737 -1.06075e+00 | 27  0.00188 -1.82142e+00
 28  0.12441 -3.45555e+00 | 29  0.06965 -3.56182e+00 | 30  0.06721 -5.70909e+00
 31 -0.09081  2.60415e+00 | 32 -0.12507  4.08193e+00 | 33  0.10271 -7.31813e+00
 34 -0.10050  4.70357e+00 | 35  0.11157 -2.09595e+01 | 36 -0.01889 -9.47222e+00
 37 -0.09687 -4.16340e+00 | 38 -0.23429  3.22443e+00 | 39 -0.09262 -3.35347e+00
 40  0.04001 -1.91486e+01 | 41  0.01456 -6.92165e+00 | 42  0.01073 -1.76865e+00
 43  0.13164 -1.96175e+01 | 44 -0.00329 -2.95927e+00 | 45 -0.07381  3.38662e+00
 46 -0.08063  3.45769e+00 | 47  0.06077  8.42576e-01 | 48 -0.01629  1.03602e+00
 49 -0.07011  3.38108e+00 | 50  0.07782 -5.92964e+00 | 51  0.04532 -7.20158e+00
 52 -0.07501  3.24749e+00 | 53 -0.03099  4.87850e+00 | 54 -0.05080  5.19980e+00
 55 -0.08578  5.02362e+00 | 56  0.00358  2.79444e+00 | 57  0.03866  4.94991e+00
 58 -0.04676  5.33721e+00 | 59  0.12338 -4.65873e+00 | 60 -0.05887  4.97489e+00
 61  0.08971  8.14299e+00 | 62  0.07933  1.48223e+01 | 63 -0.02771  9.71929e+00
 64  0.19550  1.08656e+01 | 65 -0.00878  7.35854e+00 | 66 -0.62102 -7.52903e+00
 67 -0.01104 -1.40118e+01 | 68  0.62165 -1.34820e+01 | 69 -0.46498  9.75888e-04
 70  0.41050  9.92925e+01 | 71 -0.48398 -1.36255e-03 | 72  0.15584 -4.27795e+00
 73 -0.48073  1.63808e+01 | 74  0.28630 -1.51640e-01 | 75 -0.15109 -9.51572e+00
 76  0.41996 -1.90549e-01 |
76 variables; iteration 60; function evaluation 71; phase 6
Function value 1.6407279e+02; maximum gradient component mag -4.1768e+01
Var    Value     Gradient |Var    Value     Gradient |Var    Value     Gradient
  1 -0.12892  8.50251e+00 |  2  0.25974 -3.71715e+00 |  3  0.05511 -1.51811e+01
  4 -0.53008 -4.17677e+01 |  5 -0.51265 -3.25860e+01 |  6 -0.21090 -2.90816e+01
  7 -0.03922 -3.60975e+00 |  8  0.00018  1.07223e-01 |  9  0.00065  1.38395e-01
 10 -0.00069 -2.35031e-02 | 11 -0.00022  8.32899e-02 | 12 -0.00030  1.35824e-01
 13 -0.00121  1.07168e-01 | 14 -0.00258  6.08790e-02 | 15 -0.00484 -3.56050e-02
 16 -0.00785 -1.41017e-01 | 17 -0.01225 -3.05098e-01 | 18 -0.01513 -7.11484e-02
 19 -0.02151 -1.68598e-01 | 20 -0.02589  2.78625e-01 | 21 -0.03503  2.34506e-02
 22 -0.04289 -2.45331e-01 | 23 -0.04523 -3.61312e-01 | 24 -0.03883 -3.89214e-01
 25 -0.02321  1.93370e-01 | 26 -0.01902 -4.23081e-01 | 27  0.00469 -1.45601e-01
 28  0.12351  2.54288e-01 | 29  0.07398  2.04299e-01 | 30  0.06757  7.11170e-01
 31 -0.09009  1.22050e+00 | 32 -0.12472  1.23199e+00 | 33  0.10260 -1.80865e+00
 34 -0.10171  7.16507e-01 | 35  0.11182 -2.54899e+00 | 36 -0.01735  2.01795e-01
 37 -0.09529  1.01824e+00 | 38 -0.23427  1.18142e+00 | 39 -0.09178  1.03596e+00
 40  0.04085 -8.28240e-01 | 41  0.01461 -1.01330e+00 | 42  0.00973 -1.15908e+00
 43  0.13190 -5.94580e+00 | 44 -0.00316 -1.53467e+00 | 45 -0.07472  1.22577e-01
 46 -0.07990  2.47731e-02 | 47  0.05991 -4.26119e+00 | 48 -0.01588 -1.52062e+00
 49 -0.07046 -8.80313e-02 | 50  0.07768 -3.62073e+00 | 51  0.04603 -1.79915e+00
 52 -0.07496  2.26782e-01 | 53 -0.03151 -3.19925e-01 | 54 -0.05117 -2.64104e-01
 55 -0.08601  3.89410e-01 | 56  0.00385 -3.75799e-01 | 57  0.03799 -7.21475e-01
 58 -0.04690  8.96607e-01 | 59  0.12359 -6.91543e-01 | 60 -0.05821  1.29954e+00
 61  0.08972  2.50666e-01 | 62  0.07789  5.31000e-01 | 63 -0.02832  1.65274e+00
 64  0.19443  1.06445e+00 | 65 -0.01262  1.25976e+00 | 66 -0.62697 -2.13369e-01
 67 -0.03783 -3.16748e+00 | 68  0.61965 -2.16941e+00 | 69 -0.40679  3.66562e-02
 70  0.41021  2.74355e+01 | 71 -0.51318  1.43841e-03 | 72  0.15029 -1.49199e+00
 73 -0.48026  5.97853e+00 | 74  0.27086 -7.85635e-02 | 75 -0.15099 -3.39028e+00
 76  0.45197 -8.12532e-02 |
76 variables; iteration 80; function evaluation 104; phase 6
Function value 1.6404930e+02; maximum gradient component mag 3.6405e+00
Var    Value     Gradient |Var    Value     Gradient |Var    Value     Gradient
  1 -0.11372 -2.32322e-01 |  2  0.25964  1.21057e-01 |  3  0.04990  1.18917e+00
  4 -0.52719  3.64053e+00 |  5 -0.51370  2.87827e+00 |  6 -0.20310  3.57975e-01
  7 -0.03887 -8.67512e-01 |  8 -0.00009  6.68830e-02 |  9 -0.00122 -1.24529e-01
 10 -0.00165 -1.59302e-01 | 11 -0.00045  4.77124e-02 | 12 -0.00158 -4.92015e-02
 13 -0.00140  7.35184e-02 | 14 -0.00260  4.82850e-02 | 15 -0.00447  2.88463e-03
 16 -0.00680 -6.31423e-03 | 17 -0.01014 -1.39046e-02 | 18 -0.01477 -4.98545e-02
 19 -0.01987  5.09561e-02 | 20 -0.02731 -1.44325e-02 | 21 -0.03467  3.36876e-02
 22 -0.04130  4.27650e-03 | 23 -0.04323 -6.42023e-03 | 24 -0.03685 -1.48789e-02
 25 -0.02476 -9.33141e-03 | 26 -0.01730 -4.45425e-02 | 27  0.00443 -4.51612e-03
 28  0.12287 -1.72982e-01 | 29  0.07587 -2.42090e-01 | 30  0.06715 -2.78854e-01
 31 -0.08949 -1.77816e-01 | 32 -0.12471 -9.02933e-02 | 33  0.10250 -2.02680e-01
 34 -0.10119 -8.63270e-02 | 35  0.11178 -4.71957e-01 | 36 -0.01710 -4.26566e-01
 37 -0.09515 -2.94529e-01 | 38 -0.23405 -1.22274e-01 | 39 -0.09200 -2.09161e-01
 40  0.04050 -4.50853e-01 | 41  0.01445 -9.67305e-02 | 42  0.00958  3.49392e-02
 43  0.13172  2.90906e-01 | 44 -0.00321  5.87445e-03 | 45 -0.07495  6.44423e-02
 46 -0.08014  1.43322e-01 | 47  0.05979  5.22988e-01 | 48 -0.01595  1.95032e-01
 49 -0.07077  1.05803e-01 | 50  0.07755  3.62331e-01 | 51  0.04578  9.19816e-02
 52 -0.07501  1.51454e-02 | 53 -0.03165  1.70175e-01 | 54 -0.05123  1.35217e-01
 55 -0.08628  6.09025e-02 | 56  0.00358  1.52982e-01 | 57  0.03775  2.03113e-01
 58 -0.04714  4.47502e-02 | 59  0.12330 -1.49026e-01 | 60 -0.05846 -6.26664e-02
 61  0.08957  2.93259e-02 | 62  0.07777  2.08177e-01 | 63 -0.02873  4.33751e-02
 64  0.19438  1.23537e-01 | 65 -0.00965 -4.00362e-02 | 66 -0.63038 -1.34225e-01
 67 -0.05703 -2.02935e-01 | 68  0.61363  1.20727e+00 | 69 -0.33349  3.33526e-02
 70  0.40959 -1.76445e+00 | 71 -0.61398 -4.49305e-03 | 72  0.15055 -2.59229e-02
 73 -0.47987  1.63196e-01 | 74  0.29025 -1.02444e-02 | 75 -0.15088 -1.02915e-01
 76  0.57970 -7.94695e-03 |
76 variables; iteration 100; function evaluation 126; phase 6
Function value 1.6404762e+02; maximum gradient component mag -2.5314e-01
Var    Value     Gradient |Var    Value     Gradient |Var    Value     Gradient
  1 -0.11450  4.23752e-02 |  2  0.25964 -1.85222e-02 |  3  0.04988 -8.63030e-02
  4 -0.52711 -2.53142e-01 |  5 -0.51377 -1.97009e-01 |  6 -0.20349 -1.34115e-01
  7 -0.03884 -2.24495e-02 |  8 -0.00054  3.32896e-03 |  9 -0.00033 -8.51680e-04
 10 -0.00051 -1.79228e-04 | 11 -0.00080 -1.04723e-03 | 12 -0.00124 -1.71661e-04
 13 -0.00192  8.26405e-04 | 14 -0.00295  2.25380e-04 | 15 -0.00452 -1.08457e-03
 16 -0.00677  6.35060e-04 | 17 -0.01008 -1.51363e-03 | 18 -0.01449 -5.76684e-04
 19 -0.02024 -5.62654e-04 | 20 -0.02727  1.25479e-03 | 21 -0.03493 -1.00869e-03
 22 -0.04140 -3.72696e-04 | 23 -0.04329 -1.40849e-04 | 24 -0.03688  1.10586e-03
 25 -0.02486 -7.68956e-04 | 26 -0.01718  4.19743e-04 | 27  0.00430 -1.64764e-03
 28  0.12260  2.87843e-03 | 29  0.07612  5.63654e-03 | 30  0.06706  5.14247e-03
 31 -0.08938  9.37559e-03 | 32 -0.12473  8.24397e-03 | 33  0.10249 -3.44303e-03
 34 -0.10121  7.28340e-03 | 35  0.11177 -4.28580e-03 | 36 -0.01705  8.39194e-03
 37 -0.09513  9.34945e-03 | 38 -0.23402  9.24217e-03 | 39 -0.09201  7.66673e-03
 40  0.04053  3.16105e-03 | 41  0.01446  9.94992e-04 | 42  0.00959 -1.50691e-03
 43  0.13171 -2.40629e-02 | 44 -0.00315 -1.41498e-03 | 45 -0.07496  1.59578e-03
 46 -0.08016  5.99557e-04 | 47  0.05977 -1.66136e-02 | 48 -0.01593 -3.36347e-03
 49 -0.07077  1.48961e-03 | 50  0.07754 -1.63027e-02 | 51  0.04580 -6.46109e-03
 52 -0.07499  3.96177e-03 | 53 -0.03167 -1.25038e-03 | 54 -0.05124  1.26200e-04
 55 -0.08627  2.38658e-03 | 56  0.00357 -4.43116e-03 | 57  0.03776 -5.25602e-03
 58 -0.04715  4.04769e-03 | 59  0.12333  3.42295e-04 | 60 -0.05844  8.86988e-03
 61  0.08956  6.28722e-03 | 62  0.07775  4.56615e-03 | 63 -0.02873  8.08544e-03
 64  0.19434  5.94410e-03 | 65 -0.00973  1.07392e-02 | 66 -0.63081 -4.32309e-03
 67 -0.05603 -1.24788e-02 | 68  0.61183 -1.17932e-01 | 69 -0.32144 -1.01609e-02
 70  0.40938  1.87596e-01 | 71 -0.51144 -4.83031e-05 | 72  0.15219 -5.28264e-03
 73 -0.47990  2.62514e-02 | 74  0.35860 -5.15764e-04 | 75 -0.15089 -1.54573e-02
 76  0.61427 -4.64743e-04 |

 - final statistics:
76 variables; iteration 111; function evaluation 137
Function value 1.6405e+02; maximum gradient component mag -5.0174e-05
Exit code = 1;  converg criter 1.0000e-04
Var    Value     Gradient |Var    Value     Gradient |Var    Value     Gradient
  1 -0.11447  7.72174e-06 |  2  0.25964 -4.21386e-06 |  3  0.04987 -1.79684e-05
  4 -0.52710 -5.01741e-05 |  5 -0.51377 -4.29479e-05 |  6 -0.20348 -2.47701e-05
  7 -0.03884  2.41845e-05 |  8 -0.00057 -6.30670e-06 |  9 -0.00033  9.27774e-07
 10 -0.00051  2.31582e-06 | 11 -0.00080 -4.71594e-07 | 12 -0.00124 -8.76271e-07
 13 -0.00192 -4.80805e-06 | 14 -0.00295 -1.99860e-06 | 15 -0.00451  2.05777e-08
 16 -0.00678  2.16796e-06 | 17 -0.01007  4.89281e-06 | 18 -0.01448  1.11072e-06
 19 -0.02023 -1.19735e-06 | 20 -0.02728 -1.69574e-07 | 21 -0.03492 -7.58401e-08
 22 -0.04140  1.28165e-06 | 23 -0.04329  1.50360e-06 | 24 -0.03689 -2.79943e-06
 25 -0.02486  1.04880e-06 | 26 -0.01719  1.50376e-06 | 27  0.00430  7.38744e-07
 28  0.12260  9.06380e-06 | 29  0.07611  1.01420e-05 | 30  0.06707  1.01074e-05
 31 -0.08938  6.90259e-06 | 32 -0.12473  4.52266e-06 | 33  0.10249  7.94049e-06
 34 -0.10121  3.40776e-06 | 35  0.11177  4.99556e-06 | 36 -0.01705  5.93276e-06
 37 -0.09513  4.83873e-06 | 38 -0.23402  3.85416e-06 | 39 -0.09201  3.88993e-06
 40  0.04053  4.88215e-06 | 41  0.01446  1.91549e-07 | 42  0.00959 -2.22177e-06
 43  0.13171 -1.64745e-05 | 44 -0.00315 -2.62139e-06 | 45 -0.07496 -7.83687e-07
 46 -0.08016 -5.69968e-07 | 47  0.05977 -6.96161e-06 | 48 -0.01593 -1.00905e-06
 49 -0.07077  4.78658e-07 | 50  0.07754 -4.00280e-06 | 51  0.04580 -3.75368e-07
 52 -0.07499  1.75834e-06 | 53 -0.03167 -5.16023e-07 | 54 -0.05124 -6.97042e-07
 55 -0.08627  2.47289e-07 | 56  0.00357 -4.12999e-06 | 57  0.03776 -5.02502e-06
 58 -0.04715  5.99103e-07 | 59  0.12333  5.06127e-07 | 60 -0.05844  2.49039e-06
 61  0.08956  1.53093e-06 | 62  0.07775  7.93397e-07 | 63 -0.02873  2.26094e-06
 64  0.19435  1.09222e-06 | 65 -0.00973 -1.82950e-07 | 66 -0.63080  4.26439e-06
 67 -0.05606  7.11280e-07 | 68  0.61187  1.89748e-05 | 69 -0.32133  1.08825e-06
 70  0.40938  2.39680e-05 | 71 -0.50957  1.42135e-08 | 72  0.15215 -3.59602e-06
 73 -0.47990  3.81455e-06 | 74  0.36861 -8.36509e-08 | 75 -0.15089 -2.49541e-06
 76  0.61801  1.53742e-07 |
Estimating row 1 out of 76 for hessian
Estimating row 2 out of 76 for hessian
Estimating row 3 out of 76 for hessian
Estimating row 4 out of 76 for hessian
Estimating row 5 out of 76 for hessian
Estimating row 6 out of 76 for hessian
Estimating row 7 out of 76 for hessian
Estimating row 8 out of 76 for hessian
Estimating row 9 out of 76 for hessian
Estimating row 10 out of 76 for hessian
Estimating row 11 out of 76 for hessian
Estimating row 12 out of 76 for hessian
Estimating row 13 out of 76 for hessian
Estimating row 14 out of 76 for hessian
Estimating row 15 out of 76 for hessian
Estimating row 16 out of 76 for hessian
Estimating row 17 out of 76 for hessian
Estimating row 18 out of 76 for hessian
Estimating row 19 out of 76 for hessian
Estimating row 20 out of 76 for hessian
Estimating row 21 out of 76 for hessian
Estimating row 22 out of 76 for hessian
Estimating row 23 out of 76 for hessian
Estimating row 24 out of 76 for hessian
Estimating row 25 out of 76 for hessian
Estimating row 26 out of 76 for hessian
Estimating row 27 out of 76 for hessian
Estimating row 28 out of 76 for hessian
Estimating row 29 out of 76 for hessian
Estimating row 30 out of 76 for hessian
Estimating row 31 out of 76 for hessian
Estimating row 32 out of 76 for hessian
Estimating row 33 out of 76 for hessian
Estimating row 34 out of 76 for hessian
Estimating row 35 out of 76 for hessian
Estimating row 36 out of 76 for hessian
Estimating row 37 out of 76 for hessian
Estimating row 38 out of 76 for hessian
Estimating row 39 out of 76 for hessian
Estimating row 40 out of 76 for hessian
Estimating row 41 out of 76 for hessian
Estimating row 42 out of 76 for hessian
Estimating row 43 out of 76 for hessian
Estimating row 44 out of 76 for hessian
Estimating row 45 out of 76 for hessian
Estimating row 46 out of 76 for hessian
Estimating row 47 out of 76 for hessian
Estimating row 48 out of 76 for hessian
Estimating row 49 out of 76 for hessian
Estimating row 50 out of 76 for hessian
Estimating row 51 out of 76 for hessian
Estimating row 52 out of 76 for hessian
Estimating row 53 out of 76 for hessian
Estimating row 54 out of 76 for hessian
Estimating row 55 out of 76 for hessian
Estimating row 56 out of 76 for hessian
Estimating row 57 out of 76 for hessian
Estimating row 58 out of 76 for hessian
Estimating row 59 out of 76 for hessian
Estimating row 60 out of 76 for hessian
Estimating row 61 out of 76 for hessian
Estimating row 62 out of 76 for hessian
Estimating row 63 out of 76 for hessian
Estimating row 64 out of 76 for hessian
Estimating row 65 out of 76 for hessian
Estimating row 66 out of 76 for hessian
Estimating row 67 out of 76 for hessian
Estimating row 68 out of 76 for hessian
Estimating row 69 out of 76 for hessian
Estimating row 70 out of 76 for hessian
Estimating row 71 out of 76 for hessian
Estimating row 72 out of 76 for hessian
Estimating row 73 out of 76 for hessian
Estimating row 74 out of 76 for hessian
Estimating row 75 out of 76 for hessian
Estimating row 76 out of 76 for hessian
size of file gradfil1.tmp = 0
size of file gradfil2.tmp = 0
size of file varssave.tmp = 0
size of file cmpdiff.tmp = 0
