
Initial statistics: 62 variables; iteration 0; function evaluation 0; phase 1
Function value 2.2181396e+03; maximum gradient component mag -5.4915e+04
Var    Value     Gradient |Var    Value     Gradient |Var    Value     Gradient
  1 -0.32528 -5.49154e+04 |  2 -0.03910 -2.45527e+03 |  3  0.00000 -9.65900e-01
  4  0.00000 -5.16079e-01 |  5  0.00000 -7.82556e-01 |  6  0.00000 -1.18459e+00
  7  0.00000 -1.78647e+00 |  8  0.00000 -2.67245e+00 |  9  0.00000 -3.98279e+00
 10  0.00000 -5.88815e+00 | 11  0.00000 -8.65014e+00 | 12  0.00000 -1.26085e+01
 13  0.00000 -1.81785e+01 | 14  0.00000 -2.58217e+01 | 15  0.00000 -3.63161e+01
 16  0.00000 -5.05963e+01 | 17  0.00000 -6.97517e+01 | 18  0.00000 -9.51483e+01
 19  0.00000 -1.28475e+02 | 20  0.00000 -1.71794e+02 | 21  0.00000 -2.28853e+02
 22  0.00000 -3.06247e+02 | 23  0.00000  3.16706e+03 | 24  0.00000  3.00238e+03
 25  0.00000  2.90250e+03 | 26  0.00000  2.93372e+03 | 27  0.00000  2.79283e+03
 28  0.00000  1.97952e+03 | 29  0.00000  2.15176e+03 | 30  0.00000  1.74846e+03
 31  0.00000  2.32841e+03 | 32  0.00000  2.82257e+03 | 33  0.00000  2.98211e+03
 34  0.00000  2.36074e+03 | 35  0.00000  1.38124e+03 | 36  0.00000  9.00486e+02
 37  0.00000  4.36352e+02 | 38  0.00000 -8.08866e+01 | 39  0.00000  3.58498e+02
 40  0.00000  1.02907e+03 | 41  0.00000  1.08044e+03 | 42  0.00000  6.30735e+02
 43  0.00000  6.35726e+02 | 44  0.00000  4.89053e+02 | 45  0.00000 -1.02072e+02
 46  0.00000  1.20620e+01 | 47  0.00000  6.49903e+02 | 48  0.00000  6.19408e+02
 49  0.00000  4.26414e+02 | 50  0.00000  3.51460e+01 | 51  0.00000 -9.71204e+02
 52  0.00000 -1.81540e+03 | 53  0.00000 -2.29150e+03 | 54  0.00000 -3.17186e+03
 55  0.00000 -2.77764e+03 | 56  0.00000 -2.82418e+03 | 57  0.00000 -4.76777e+03
 58  0.00000 -9.83303e+03 | 59  0.00000 -1.13156e+04 | 60  0.00000 -4.80360e+03
 61  0.00000  1.29128e+03 | 62  0.00000  3.60687e+03 |

Intermediate statistics: 62 variables; iteration 20; function evaluation 35; phase 1
Function value 2.3763098e+02; maximum gradient component mag 2.1740e+03
Var    Value     Gradient |Var    Value     Gradient |Var    Value     Gradient
  1 -0.30329  2.17402e+03 |  2 -0.03144  6.02132e+02 |  3 -0.00069  2.23260e-01
  4 -0.00037  1.19735e-01 |  5 -0.00056  1.81687e-01 |  6 -0.00085  2.75320e-01
  7 -0.00128  4.15619e-01 |  8 -0.00194  6.23479e-01 |  9 -0.00291  9.28197e-01
 10 -0.00434  1.37080e+00 | 11 -0.00636  2.00023e+00 | 12 -0.00924  2.88413e+00
 13 -0.01307  4.07821e+00 | 14 -0.01782  5.63147e+00 | 15 -0.02331  7.63434e+00
 16 -0.02862  1.01778e+01 | 17 -0.03193  1.34008e+01 | 18 -0.03058  1.75083e+01
 19 -0.02258  2.27618e+01 | 20 -0.00962  2.93993e+01 | 21  0.00575  3.75378e+01
 22  0.03012  4.74612e+01 | 23  0.08004 -2.53340e+01 | 24  0.07383  5.97915e-01
 25  0.03695  2.44572e+01 | 26 -0.04163  3.89595e+01 | 27 -0.06193  7.12125e+01
 28  0.08738  2.28534e+02 | 29 -0.01244  1.69071e+02 | 30  0.09320  2.43772e+02
 31 -0.00895  6.08919e+01 | 32 -0.10731 -4.67573e+01 | 33 -0.23980 -9.89733e+01
 34 -0.07782  6.47508e-01 | 35  0.04088  1.53458e+02 | 36  0.02841  1.79173e+02
 37  0.04192  1.97184e+02 | 38  0.11462  2.63932e+02 | 39  0.02070  1.49516e+02
 40 -0.05749  4.30369e+01 | 41 -0.05734  9.42674e+00 | 42  0.05070  4.30629e+01
 43 -0.00978  1.36881e+01 | 44 -0.03906  3.10706e+00 | 45  0.07096  7.73509e+00
 46  0.04960 -1.38974e+01 | 47 -0.07002 -9.73373e+01 | 48 -0.03917 -1.25024e+02
 49 -0.05609 -1.24907e+02 | 50 -0.08436 -1.06116e+02 | 51  0.01121 -2.72117e+01
 52  0.04165  1.04632e+01 | 53 -0.01029  1.32322e+01 | 54  0.11325 -2.29554e+01
 55  0.00325 -1.55694e+01 | 56  0.08503 -7.97156e+01 | 57  0.10679 -1.01963e+02
 58  0.05042 -1.56972e+02 | 59  0.12017 -2.48781e+02 | 60 -0.30011 -2.31964e+02
 61 -0.05716 -1.62434e+02 | 62 -0.00238 -1.42915e+02 |
62 variables; iteration 40; function evaluation 58; phase 1
Function value 2.0161163e+02; maximum gradient component mag -1.4615e+02
Var    Value     Gradient |Var    Value     Gradient |Var    Value     Gradient
  1 -0.31398  5.32330e+01 |  2 -0.03765  1.21590e+02 |  3 -0.00156 -3.14145e-02
  4 -0.00082 -1.36235e-02 |  5 -0.00126 -2.43388e-02 |  6 -0.00197 -4.49050e-02
  7 -0.00309 -8.60339e-02 |  8 -0.00492 -1.70497e-01 |  9 -0.00786 -3.39460e-01
 10 -0.01271 -6.78629e-01 | 11 -0.02036 -1.30794e+00 | 12 -0.03203 -2.39780e+00
 13 -0.04790 -4.00849e+00 | 14 -0.06627 -5.92265e+00 | 15 -0.08181 -7.28808e+00
 16 -0.08014 -5.64443e+00 | 17 -0.04387  2.98543e+00 | 18  0.00642  1.62463e+01
 19  0.02428  2.06459e+01 | 20  0.01538  1.50891e+01 | 21  0.00285  7.18031e+00
 22 -0.01943 -3.50095e+00 | 23  0.07337 -7.42210e+00 | 24  0.09891  4.92552e+00
 25  0.02927  1.64769e+01 | 26 -0.05619  4.69806e+01 | 27 -0.08021  7.27487e+01
 28  0.09225 -1.96490e+00 | 29 -0.05705  5.24051e+01 | 30  0.10257  5.28142e+00
 31 -0.00577  3.61300e+01 | 32 -0.11061 -2.07803e+00 | 33 -0.23477  1.65305e+00
 34 -0.08115  1.05748e+01 | 35  0.04215 -3.00642e+01 | 36  0.01849  6.22210e+00
 37  0.03337  2.66578e+01 | 38  0.11769 -6.44619e+01 | 39  0.02479  5.68167e+01
 40 -0.06915  2.28709e+01 | 41 -0.08457 -1.06998e+01 | 42  0.05730 -3.43078e+01
 43 -0.00225  4.15110e+01 | 44 -0.05620  2.95267e+01 | 45  0.07834  3.89401e+00
 46  0.05083  2.16796e+01 | 47 -0.07230  9.82001e+00 | 48 -0.02610  1.56763e+01
 49 -0.05216  5.08861e+00 | 50 -0.06907  3.69458e+01 | 51  0.01014  2.26284e+01
 52  0.04261  3.17109e+01 | 53 -0.02121  6.43633e+01 | 54  0.12772  4.69323e+01
 55 -0.02799  3.01011e+01 | 56  0.09169 -3.44368e+01 | 57  0.10858 -7.82445e+01
 58  0.02055 -1.42511e+02 | 59  0.12509 -1.46149e+02 | 60 -0.17897 -7.78831e+01
 61 -0.05577 -2.09459e+01 | 62 -0.00695 -1.40095e-01 |
62 variables; iteration 60; function evaluation 85; phase 1
Function value 1.8783703e+02; maximum gradient component mag -2.1911e+02
Var    Value     Gradient |Var    Value     Gradient |Var    Value     Gradient
  1 -0.32360 -2.19110e+02 |  2 -0.03927 -1.43819e+01 |  3 -0.00359 -3.33977e-01
  4 -0.00030  4.98795e-02 |  5 -0.00215 -1.62808e-01 |  6 -0.00528 -5.33007e-01
  7 -0.00877 -9.23010e-01 |  8 -0.01008 -9.54952e-01 |  9 -0.00820 -4.56798e-01
 10 -0.01089 -5.09946e-01 | 11 -0.02912 -2.76040e+00 | 12 -0.02466 -1.45478e+00
 13  0.00293  3.98078e+00 | 14 -0.04746 -3.20209e+00 | 15 -0.04390 -1.31171e+00
 16 -0.03300  2.21199e+00 | 17 -0.04745  6.42537e-01 | 18 -0.05154  1.19541e-02
 19 -0.04878 -8.59292e-01 | 20 -0.02222  1.46076e+00 | 21 -0.03090 -1.98372e+00
 22 -0.00660 -1.57525e+00 | 23  0.12159  1.70450e+01 | 24  0.07423  1.84915e+01
 25  0.05662  1.82022e+01 | 26 -0.08112  1.68266e+01 | 27 -0.12970  1.15861e+01
 28  0.10655  1.75548e+01 | 29 -0.09163  2.45805e+01 | 30  0.11459  1.85535e+01
 31 -0.01416  1.61997e+01 | 32 -0.10036  7.58884e+00 | 33 -0.24519  5.40001e+00
 34 -0.08563  6.16897e+00 | 35  0.05248  3.33326e+00 | 36  0.01923 -2.72312e+00
 37  0.01884  7.67627e+00 | 38  0.13900 -1.82595e-01 | 39  0.00265  8.87222e+00
 40 -0.07339  4.40522e+00 | 41 -0.07943  2.13393e+00 | 42  0.07080  1.88435e+00
 43 -0.01047  1.05730e+00 | 44 -0.07120 -1.78077e+00 | 45  0.08837  1.88106e+00
 46  0.05194 -1.14257e+00 | 47 -0.07579 -3.35012e+00 | 48 -0.02242  3.02160e+00
 49 -0.04397 -2.52461e+00 | 50 -0.08207 -8.31347e+00 | 51  0.01597 -4.60682e+00
 52  0.04833 -5.41627e+00 | 53 -0.04415 -5.57721e+00 | 54  0.13934  1.02291e+01
 55 -0.07123 -1.57191e+00 | 56  0.10578 -3.27024e+00 | 57  0.10802 -3.28434e+01
 58  0.04073 -6.92694e+01 | 59  0.13144 -6.70636e+01 | 60 -0.12846 -3.20877e+01
 61 -0.04565  1.18754e+00 | 62 -0.01390  1.50763e+01 |
Maximum number of function evaluations exceeded

 - final statistics:
62 variables; iteration 73; function evaluation 100
Function value 1.8695e+02; maximum gradient component mag -2.4389e+02
Exit code = 3;  converg criter 1.0000e+01
Var    Value     Gradient |Var    Value     Gradient |Var    Value     Gradient
  1 -0.32563 -2.43893e+02 |  2 -0.03860 -1.01936e+01 |  3  0.01227  1.89704e+00
  4  0.00238  4.24164e-01 |  5  0.00718  1.14600e+00 |  6 -0.01190 -1.46927e+00
  7 -0.00574 -4.97386e-01 |  8  0.00330  9.55526e-01 |  9 -0.00670 -2.47548e-01
 10 -0.00177  8.24346e-01 | 11 -0.00847  3.27128e-01 | 12 -0.00752  1.19538e+00
 13 -0.03164 -1.71345e+00 | 14 -0.02282  8.97838e-01 | 15 -0.03168  8.02704e-01
 16 -0.05089 -1.25154e+00 | 17 -0.05497 -9.47995e-01 | 18 -0.05382 -6.50002e-01
 19 -0.04719 -8.91344e-01 | 20 -0.04061 -2.01182e+00 | 21 -0.01537  4.33615e-01
 22 -0.00234 -1.18970e+00 | 23  0.12593  1.42845e+01 | 24  0.06486  1.35799e+01
 25  0.06344  1.20715e+01 | 26 -0.09025  1.01245e+01 | 27 -0.12841  1.09646e+01
 28  0.10940  9.73112e+00 | 29 -0.11439  5.58677e+00 | 30  0.11809  7.80760e+00
 31 -0.01776  6.58845e+00 | 32 -0.09753  9.44798e+00 | 33 -0.24048  8.98443e+00
 34 -0.08555  7.26808e+00 | 35  0.05286  8.35825e+00 | 36  0.02392  7.76962e+00
 37  0.01328  2.31259e+00 | 38  0.14267  6.65902e+00 | 39 -0.00228 -2.31588e-01
 40 -0.07253  2.13770e+00 | 41 -0.07819  3.50193e+00 | 42  0.07200  3.33475e+00
 43 -0.01148  8.87125e-01 | 44 -0.06693  2.63281e+00 | 45  0.08827 -7.57553e-01
 46  0.05280  9.52527e-01 | 47 -0.07200  1.89037e+00 | 48 -0.02396 -1.27530e+00
 49 -0.04313 -1.11865e+00 | 50 -0.07892 -1.80017e+00 | 51  0.01605 -5.74102e+00
 52  0.04958 -8.11432e+00 | 53 -0.04530 -1.17472e+01 | 54  0.14054 -1.92726e+01
 55 -0.08438 -1.29620e+01 | 56  0.10684 -1.02231e+01 | 57  0.10922 -1.01658e+01
 58  0.05029 -3.21471e+01 | 59  0.13262 -4.29218e+01 | 60 -0.11742 -2.13214e+01
 61 -0.04155  5.87741e+00 | 62 -0.02296  1.56757e+01 |

Initial statistics: 67 variables; iteration 0; function evaluation 0; phase 2
Function value 1.8694646e+02; maximum gradient component mag 8.0333e+02
Var    Value     Gradient |Var    Value     Gradient |Var    Value     Gradient
  1 -0.38041 -5.18133e+00 |  2  0.29696 -1.75623e+02 |  3  0.11318  2.35050e+02
  4 -0.56978  8.03328e+02 |  5 -0.49467  7.18090e+02 |  6 -0.32563 -2.43893e+02
  7 -0.03860 -1.01936e+01 |  8  0.01227  1.89704e+00 |  9  0.00238  4.24164e-01
 10  0.00718  1.14600e+00 | 11 -0.01190 -1.46927e+00 | 12 -0.00574 -4.97386e-01
 13  0.00330  9.55526e-01 | 14 -0.00670 -2.47548e-01 | 15 -0.00177  8.24346e-01
 16 -0.00847  3.27128e-01 | 17 -0.00752  1.19538e+00 | 18 -0.03164 -1.71345e+00
 19 -0.02282  8.97838e-01 | 20 -0.03168  8.02704e-01 | 21 -0.05089 -1.25154e+00
 22 -0.05497 -9.47995e-01 | 23 -0.05382 -6.50002e-01 | 24 -0.04719 -8.91344e-01
 25 -0.04061 -2.01182e+00 | 26 -0.01537  4.33615e-01 | 27 -0.00234 -1.18970e+00
 28  0.12593  1.43202e+01 | 29  0.06486  1.36162e+01 | 30  0.06344  1.21078e+01
 31 -0.09024  1.01606e+01 | 32 -0.12841  1.10003e+01 | 33  0.10940  9.76706e+00
 34 -0.11439  5.62266e+00 | 35  0.11809  7.84345e+00 | 36 -0.01776  6.62491e+00
 37 -0.09753  9.48403e+00 | 38 -0.24048  9.01835e+00 | 39 -0.08555  7.30423e+00
 40  0.05286  8.39461e+00 | 41  0.02392  7.80607e+00 | 42  0.01328  2.34906e+00
 43  0.14267  6.69458e+00 | 44 -0.00227 -1.95110e-01 | 45 -0.07253  2.17394e+00
 46 -0.07819  3.53813e+00 | 47  0.07200  3.37099e+00 | 48 -0.01148  9.23597e-01
 49 -0.06693  2.66908e+00 | 50  0.08827 -7.21425e-01 | 51  0.05280  9.88879e-01
 52 -0.07200  1.92662e+00 | 53 -0.02396 -1.23885e+00 | 54 -0.04313 -1.08226e+00
 55 -0.07892 -1.76397e+00 | 56  0.01605 -5.70455e+00 | 57  0.04958 -8.07796e+00
 58 -0.04530 -1.17108e+01 | 59  0.14054 -1.92370e+01 | 60 -0.08438 -1.29258e+01
 61  0.10684 -1.01871e+01 | 62  0.10922 -1.01299e+01 | 63  0.05029 -3.21108e+01
 64  0.13262 -4.28861e+01 | 65 -0.11742 -2.12855e+01 | 66 -0.04155  5.91381e+00
 67 -0.02296  1.57122e+01 |

Intermediate statistics: 67 variables; iteration 20; function evaluation 25; phase 2
Function value 1.7447301e+02; maximum gradient component mag 6.1423e+02
Var    Value     Gradient |Var    Value     Gradient |Var    Value     Gradient
  1 -0.27561  4.38511e+01 |  2  0.39318  6.95599e+00 |  3  0.13123  1.85166e+02
  4 -0.56402  6.14228e+02 |  5 -0.50688  5.31886e+02 |  6 -0.29618 -3.47781e+02
  7 -0.04073 -4.08524e+01 |  8 -0.00050  5.41891e-02 |  9 -0.00045  6.26739e-03
 10 -0.00054  3.07323e-02 | 11 -0.00178 -8.65827e-02 | 12 -0.00219 -5.71031e-02
 13 -0.00290 -2.32930e-02 | 14 -0.00470 -8.36850e-02 | 15 -0.00680 -9.13069e-02
 16 -0.01005 -1.39369e-01 | 17 -0.01452 -1.95982e-01 | 18 -0.01988 -1.84769e-01
 19 -0.02741 -3.09566e-01 | 20 -0.03550 -3.38606e-01 | 21 -0.04264 -1.45338e-01
 22 -0.04885 -6.97899e-02 | 23 -0.04995  5.87497e-02 | 24 -0.04280  2.42613e-01
 25 -0.03031  4.08547e-01 | 26 -0.02030  5.94778e-01 | 27  0.00231  7.34286e-01
 28  0.12020  1.79967e+01 | 29  0.07313  9.70225e+00 | 30  0.05517 -1.04114e+00
 31 -0.09144  6.62179e+00 | 32 -0.12949  1.42541e+01 | 33  0.10374 -2.80501e+00
 34 -0.11720  1.63126e+01 | 35  0.11718  1.58996e+00 | 36 -0.02299  5.88667e+00
 37 -0.09100  1.27100e+01 | 38 -0.23328  1.73263e+01 | 39 -0.09274  1.31084e+01
 40  0.04859  1.74304e+01 | 41  0.01829  1.49448e+01 | 42  0.01513  1.85526e+01
 43  0.13790  1.51862e+01 | 44 -0.00031  1.09127e+01 | 45 -0.07329  1.27218e+01
 46 -0.07591  1.31663e+01 | 47  0.06477 -9.01616e+00 | 48 -0.01202 -1.76751e+00
 49 -0.06611  6.18511e+00 | 50  0.08308 -2.69393e+01 | 51  0.05038 -2.75629e+01
 52 -0.07093 -1.33881e+00 | 53 -0.02855 -1.84477e+01 | 54 -0.04714 -1.90082e+01
 55 -0.08109 -1.33053e+01 | 56  0.00818 -4.74152e+01 | 57  0.04316 -5.66848e+01
 58 -0.04187 -1.21332e+01 | 59  0.12911 -8.94373e+01 | 60 -0.05007  1.20055e+00
 61  0.09664 -3.63036e+01 | 62  0.10331 -2.70511e+01 | 63  0.05268 -1.02287e+01
 64  0.12875 -1.70895e+01 | 65 -0.08618  1.83040e+01 | 66 -0.03532  1.94636e+01
 67 -0.00948  2.06627e+01 |
67 variables; iteration 40; function evaluation 50; phase 2
Function value 1.7241290e+02; maximum gradient component mag -1.4966e+02
Var    Value     Gradient |Var    Value     Gradient |Var    Value     Gradient
  1 -0.27886  3.31294e+01 |  2  0.39913 -7.38760e+00 |  3  0.06846 -1.03367e+01
  4 -0.53778  4.65869e+00 |  5 -0.51857  4.82564e+01 |  6 -0.29338 -1.49655e+02
  7 -0.03912 -1.21754e+01 |  8 -0.00173 -1.22368e-01 |  9 -0.00070 -3.07033e-02
 10 -0.00128 -7.61674e-02 | 11 -0.00061  7.44702e-02 | 12 -0.00168  1.03835e-02
 13 -0.00327 -8.43363e-02 | 14 -0.00424 -2.83709e-02 | 15 -0.00683 -1.10590e-01
 16 -0.00970 -1.10210e-01 | 17 -0.01431 -1.93848e-01 | 18 -0.01912 -1.01873e-01
 19 -0.02679 -2.54058e-01 | 20 -0.03481 -2.71948e-01 | 21 -0.04352 -3.65451e-01
 22 -0.04959 -2.63261e-01 | 23 -0.04913  1.92756e-01 | 24 -0.03903  1.03298e+00
 25 -0.02200  2.19769e+00 | 26 -0.00513  3.49546e+00 | 27  0.01162  2.22230e+00
 28  0.10940  1.24760e+01 | 29  0.08739  9.44059e+00 | 30  0.04218  2.84603e+00
 31 -0.07226  1.53724e+01 | 32 -0.13676  4.34536e+00 | 33  0.10401  1.23004e+01
 34 -0.11787  8.87813e+00 | 35  0.11500  4.64197e+00 | 36 -0.01831  1.48831e+01
 37 -0.09342  6.96122e+00 | 38 -0.23344  8.08638e+00 | 39 -0.09063  5.35839e+00
 40  0.04707 -3.82067e+00 | 41  0.01888  6.17675e-01 | 42  0.01567  3.81792e+00
 43  0.13729 -1.39771e+01 | 44 -0.00167 -6.57853e+00 | 45 -0.07386 -1.44621e+00
 46 -0.07579  2.05725e+00 | 47  0.06599 -1.09222e+01 | 48 -0.01332 -7.49260e+00
 49 -0.06550  1.76213e-04 | 50  0.08265 -1.92326e+01 | 51  0.05081 -1.30708e+01
 52 -0.07155 -1.12262e+00 | 53 -0.02758 -7.15856e+00 | 54 -0.04601 -4.07096e+00
 55 -0.08050 -1.95485e+00 | 56  0.00875 -1.61792e+01 | 57  0.04488 -1.63878e+01
 58 -0.04491 -8.39997e+00 | 59  0.13104 -2.83869e+01 | 60 -0.05815  1.00268e+00
 61  0.10039  5.59456e-01 | 62  0.10076 -1.31606e+01 | 63  0.05533  5.59621e+00
 64  0.12983  2.16615e+00 | 65 -0.08291  1.36930e+01 | 66 -0.03758  7.57272e+00
 67 -0.00874  1.00158e+01 |
67 variables; iteration 60; function evaluation 77; phase 2
Function value 1.7188723e+02; maximum gradient component mag -2.8788e+01
Var    Value     Gradient |Var    Value     Gradient |Var    Value     Gradient
  1 -0.28418  1.77331e+00 |  2  0.40657 -1.19526e+00 |  3  0.07614 -8.98490e+00
  4 -0.53840 -2.87885e+01 |  5 -0.52261 -1.97397e+01 |  6 -0.29348 -2.07765e+00
  7 -0.03844  2.22916e+00 |  8 -0.00167 -1.07652e-01 |  9 -0.00061 -1.53472e-02
 10 -0.00119 -5.82144e-02 | 11 -0.00054  9.14798e-02 | 12 -0.00161  3.16532e-02
 13 -0.00373 -1.32912e-01 | 14 -0.00406  2.23455e-02 | 15 -0.00649 -2.41175e-02
 16 -0.00863  1.03786e-01 | 17 -0.01207  2.27686e-01 | 18 -0.01933 -3.14094e-02
 19 -0.02586  3.71012e-02 | 20 -0.03381  7.31606e-02 | 21 -0.04368 -2.04567e-01
 22 -0.04869  8.82194e-02 | 23 -0.05124 -1.17982e-01 | 24 -0.04306  1.85074e-01
 25 -0.02908  5.87384e-01 | 26 -0.01693  9.78840e-01 | 27  0.00587  8.17557e-01
 28  0.11609  2.29072e+00 | 29  0.07556  2.98532e+00 | 30  0.05585  2.95832e+00
 31 -0.09029  1.69021e+00 | 32 -0.12912  8.29495e-01 | 33  0.10328  3.48480e+00
 34 -0.11871  7.99844e-01 | 35  0.11570  1.96283e+00 | 36 -0.02307  1.21294e+00
 37 -0.09324  1.44239e-01 | 38 -0.23307  2.57270e-01 | 39 -0.09035  2.81512e-02
 40  0.04757 -9.78784e-01 | 41  0.01858 -1.11452e+00 | 42  0.01440 -5.82009e-01
 43  0.13675 -3.13633e+00 | 44 -0.00057 -1.41394e+00 | 45 -0.07207 -5.58057e-01
 46 -0.07578 -3.96902e-01 | 47  0.06567 -1.85222e+00 | 48 -0.01221 -1.18871e+00
 49 -0.06602 -6.06050e-01 | 50  0.08313 -2.07858e+00 | 51  0.05038 -1.21338e+00
 52 -0.07114 -5.98123e-01 | 53 -0.02693 -8.52952e-01 | 54 -0.04618 -1.81505e-01
 55 -0.08048  1.76431e-01 | 56  0.00991 -9.46247e-01 | 57  0.04437 -6.13165e-01
 58 -0.04187 -6.92137e-01 | 59  0.13102 -9.80877e-01 | 60 -0.05503 -3.11849e-01
 61  0.09848  1.91068e-01 | 62  0.10328  9.55130e-02 | 63  0.05396  6.66151e-01
 64  0.13029  5.14596e-01 | 65 -0.08660  3.74803e-01 | 66 -0.03501  2.36353e-01
 67 -0.00915  3.56878e-01 |

 - final statistics:
67 variables; iteration 65; function evaluation 86
Function value 1.7188e+02; maximum gradient component mag -9.9581e+00
Exit code = 1;  converg criter 1.0000e+01
Var    Value     Gradient |Var    Value     Gradient |Var    Value     Gradient
  1 -0.28370  1.15635e+00 |  2  0.40722 -1.27794e-01 |  3  0.07191 -3.05951e+00
  4 -0.53566 -9.95809e+00 |  5 -0.52420 -7.88207e+00 |  6 -0.29356 -3.36150e+00
  7 -0.03843 -7.15492e-01 |  8 -0.00063  3.65411e-02 |  9 -0.00030  2.74280e-02
 10 -0.00050  3.65872e-02 | 11 -0.00131 -1.82815e-02 | 12 -0.00188 -9.64520e-03
 13 -0.00336 -8.46764e-02 | 14 -0.00421 -4.62468e-03 | 15 -0.00594  4.69549e-02
 16 -0.00920  5.18620e-03 | 17 -0.01368 -3.90592e-02 | 18 -0.01865  5.25289e-02
 19 -0.02617 -4.62333e-02 | 20 -0.03398  1.18757e-03 | 21 -0.04266 -6.66385e-02
 22 -0.05067 -3.56471e-01 | 23 -0.04976  7.19962e-02 | 24 -0.04348 -5.56129e-02
 25 -0.03044  7.86926e-02 | 26 -0.02089 -1.20220e-02 | 27  0.00358  9.11438e-02
 28  0.11834 -4.40952e-02 | 29  0.07178 -4.15750e-03 | 30  0.05783  1.23903e-01
 31 -0.09204 -1.53383e-01 | 32 -0.12873  1.47466e-01 | 33  0.10324 -7.89502e-01
 34 -0.11870  2.04704e-01 | 35  0.11580 -9.29501e-01 | 36 -0.02329 -1.40372e-01
 37 -0.09284 -4.18680e-03 | 38 -0.23294  1.90058e-01 | 39 -0.09020  9.96200e-02
 40  0.04760 -3.90631e-01 | 41  0.01873 -3.39203e-01 | 42  0.01430 -6.60472e-02
 43  0.13678 -8.60268e-01 | 44 -0.00039 -1.70049e-01 | 45 -0.07194  1.08541e-01
 46 -0.07576  1.24223e-01 | 47  0.06568 -1.55413e-01 | 48 -0.01208 -2.09041e-02
 49 -0.06591  1.05886e-01 | 50  0.08316 -1.44071e-01 | 51  0.05038  8.93451e-02
 52 -0.07100  9.59369e-02 | 53 -0.02681  3.19828e-02 | 54 -0.04618  2.05004e-01
 55 -0.08055  3.20020e-01 | 56  0.01001  6.40888e-02 | 57  0.04437  3.00859e-01
 58 -0.04165  1.40721e-01 | 59  0.13099  2.01496e-01 | 60 -0.05458  2.20427e-01
 61  0.09844  3.53931e-01 | 62  0.10340  2.89239e-01 | 63  0.05394  3.92219e-01
 64  0.13034  2.82171e-01 | 65 -0.08672  2.14742e-01 | 66 -0.03509  1.80815e-01
 67 -0.01036  2.25797e-01 |

Initial statistics: 75 variables; iteration 0; function evaluation 0; phase 3
Function value 1.7187635e+02; maximum gradient component mag 3.3393e+02
Var    Value     Gradient |Var    Value     Gradient |Var    Value     Gradient
  1 -0.28370  1.15635e+00 |  2  0.40722 -1.27794e-01 |  3  0.07191 -3.05951e+00
  4 -0.53566 -9.95809e+00 |  5 -0.52420 -7.88207e+00 |  6 -0.29356 -3.36150e+00
  7 -0.03843 -7.15492e-01 |  8 -0.00063  3.65411e-02 |  9 -0.00030  2.74280e-02
 10 -0.00050  3.65872e-02 | 11 -0.00131 -1.82815e-02 | 12 -0.00188 -9.64520e-03
 13 -0.00336 -8.46764e-02 | 14 -0.00421 -4.62468e-03 | 15 -0.00594  4.69549e-02
 16 -0.00920  5.18620e-03 | 17 -0.01368 -3.90592e-02 | 18 -0.01865  5.25289e-02
 19 -0.02617 -4.62333e-02 | 20 -0.03398  1.18757e-03 | 21 -0.04266 -6.66385e-02
 22 -0.05067 -3.56471e-01 | 23 -0.04976  7.19962e-02 | 24 -0.04348 -5.56129e-02
 25 -0.03044  7.86926e-02 | 26 -0.02089 -1.20220e-02 | 27  0.00358  9.11438e-02
 28  0.11834 -5.64073e-02 | 29  0.07178 -1.66059e-02 | 30  0.05783  1.11427e-01
 31 -0.09204 -1.65781e-01 | 32 -0.12873  1.35193e-01 | 33  0.10324 -8.01865e-01
 34 -0.11870  1.92393e-01 | 35  0.11580 -9.41823e-01 | 36 -0.02329 -1.52891e-01
 37 -0.09284 -1.65817e-02 | 38 -0.23294  1.78359e-01 | 39 -0.09020  8.72176e-02
 40  0.04760 -4.03124e-01 | 41  0.01873 -3.51725e-01 | 42  0.01430 -7.85720e-02
 43  0.13678 -8.72508e-01 | 44 -0.00039 -1.82577e-01 | 45 -0.07194  9.60925e-02
 46 -0.07576  1.11783e-01 | 47  0.06568 -1.67875e-01 | 48 -0.01208 -3.34298e-02
 49 -0.06591  9.34250e-02 | 50  0.08316 -1.56492e-01 | 51  0.05038  7.68564e-02
 52 -0.07100  8.34868e-02 | 53 -0.02681  1.94660e-02 | 54 -0.04618  1.92509e-01
 55 -0.08055  3.07593e-01 | 56  0.01001  5.15624e-02 | 57  0.04437  2.88362e-01
 58 -0.04165  1.28220e-01 | 59  0.13099  1.89233e-01 | 60 -0.05458  2.07945e-01
 61  0.09844  3.41553e-01 | 62  0.10340  2.76876e-01 | 63  0.05394  3.79736e-01
 64  0.13034  2.69905e-01 | 65 -0.08672  2.02330e-01 | 66 -0.03509  1.68306e-01
 67 -0.01036  2.13270e-01 | 68  0.65940  2.32735e+01 | 69  0.11821 -2.37399e-02
 70  0.41078 -6.44071e+01 | 71 -0.09439 -9.72437e-04 | 72  0.11191 -4.26802e-02
 73 -0.34908  3.33930e+02 | 74  0.26198  1.35299e-03 | 75 -0.20514 -1.35144e+02

Intermediate statistics: 75 variables; iteration 20; function evaluation 22; phase 3
Function value 1.7130754e+02; maximum gradient component mag -2.6524e+02
Var    Value     Gradient |Var    Value     Gradient |Var    Value     Gradient
  1 -0.31074  3.24985e+01 |  2  0.40924 -9.73170e+00 |  3  0.05288 -9.25269e+01
  4 -0.52317 -2.65238e+02 |  5 -0.53100 -1.98678e+02 |  6 -0.30080 -8.25777e+01
  7 -0.04002 -1.95114e+01 |  8 -0.00085  2.29780e-03 |  9 -0.00046  2.29951e-03
 10 -0.00072  2.32805e-03 | 11 -0.00121 -1.02741e-02 | 12 -0.00183 -1.26430e-02
 13 -0.00288 -3.18641e-02 | 14 -0.00418 -2.71932e-02 | 15 -0.00621 -3.29037e-02
 16 -0.00922 -6.06538e-02 | 17 -0.01342 -9.66493e-02 | 18 -0.01888 -1.26305e-01
 19 -0.02583 -1.90694e-01 | 20 -0.03390 -2.56292e-01 | 21 -0.04230 -3.49163e-01
 22 -0.04905 -4.77232e-01 | 23 -0.05069 -6.45596e-01 | 24 -0.04417 -9.26279e-01
 25 -0.03221 -1.32196e+00 | 26 -0.02268 -1.82524e+00 | 27  0.00063 -2.67144e+00
 28  0.11355 -7.93554e+00 | 29  0.07366 -6.00959e+00 | 30  0.05734 -7.41995e+00
 31 -0.08916  7.29338e-01 | 32 -0.13025  1.93495e+00 | 33  0.10304 -1.76536e+01
 34 -0.12262  2.50784e+00 | 35  0.11725 -5.31066e+00 | 36 -0.02335 -2.61741e-01
 37 -0.09239  5.68366e-01 | 38 -0.23249  4.02027e+00 | 39 -0.09087  4.46338e+00
 40  0.04748 -1.36979e+00 | 41  0.01914 -2.23233e-02 | 42  0.01465  5.78163e-01
 43  0.13728 -1.44686e+01 | 44  0.00058 -7.25663e+00 | 45 -0.07340 -1.59662e+00
 46 -0.07494  1.19037e+00 | 47  0.06590 -4.08901e+00 | 48 -0.01169 -1.73719e+00
 49 -0.06565  3.28451e+00 | 50  0.08367  1.66131e+00 | 51  0.04965 -1.49845e+01
 52 -0.07177 -3.98597e-01 | 53 -0.02629  9.01708e-01 | 54 -0.04609  5.43722e+00
 55 -0.07952  8.40552e+00 | 56  0.01105  1.78530e+01 | 57  0.04458 -4.63320e+00
 58 -0.04196  2.43090e+00 | 59  0.13078 -1.20436e+01 | 60 -0.05411  3.22075e+00
 61  0.09844  3.10211e+00 | 62  0.10385  4.99539e+00 | 63  0.05443  1.24406e+01
 64  0.13108  6.03594e+00 | 65 -0.08600  5.78011e+00 | 66 -0.03713  5.80570e+00
 67 -0.01056  5.49194e+00 | 68  0.61442 -3.23248e+01 | 69  0.11968 -1.66360e-01
 70  0.40676  1.92826e+02 | 71 -0.09437 -2.23314e-03 | 72  0.11226 -7.13478e-02
 73 -0.35584 -3.87251e+01 | 74  0.26197  1.34765e-03 | 75 -0.21996  1.36420e+01
75 variables; iteration 40; function evaluation 42; phase 3
Function value 1.7114641e+02; maximum gradient component mag 7.2195e+01
Var    Value     Gradient |Var    Value     Gradient |Var    Value     Gradient
  1 -0.30903  1.02452e+01 |  2  0.41052 -1.55581e+00 |  3  0.05126 -2.25206e+01
  4 -0.52068 -7.17246e+01 |  5 -0.53241 -5.58061e+01 |  6 -0.30058 -2.77675e+01
  7 -0.04026 -2.50908e+00 |  8 -0.00019  1.00734e-01 |  9 -0.00005  6.27805e-02
 10 -0.00016  8.52608e-02 | 11 -0.00109  1.36221e-02 | 12 -0.00150  4.36949e-02
 13 -0.00305 -4.19993e-02 | 14 -0.00344  1.03198e-01 | 15 -0.00480  2.07645e-01
 16 -0.00783  1.96947e-01 | 17 -0.01195  2.05442e-01 | 18 -0.01664  3.39220e-01
 19 -0.02359  3.34477e-01 | 20 -0.03139  3.95055e-01 | 21 -0.03979  4.04626e-01
 22 -0.04636  4.41100e-01 | 23 -0.04915  2.10862e-01 | 24 -0.04243  1.74008e-01
 25 -0.03101 -6.85892e-02 | 26 -0.02563 -9.13492e-01 | 27 -0.00281 -9.75450e-01
 28  0.11351  1.02813e+00 | 29  0.07459  2.35193e+00 | 30  0.05932  1.77104e+00
 31 -0.09055  5.69100e-01 | 32 -0.12864  3.46767e+00 | 33  0.10306 -7.23654e-01
 34 -0.12085  3.27215e+00 | 35  0.11662 -8.52266e-01 | 36 -0.02380 -2.89476e+00
 37 -0.09125 -1.07755e+00 | 38 -0.23421  1.13529e-01 | 39 -0.09220  6.06021e-01
 40  0.04731 -6.80022e-01 | 41  0.01862 -2.71871e+00 | 42  0.01298 -3.13953e+00
 43  0.13673 -6.47673e+00 | 44  0.00295 -1.75687e+00 | 45 -0.07390 -1.53948e+00
 46 -0.07549 -9.54869e-01 | 47  0.06451 -3.81860e+00 | 48 -0.00959  2.72027e+00
 49 -0.06552  1.77717e+00 | 50  0.08123 -4.25814e+00 | 51  0.05240 -7.84240e-01
 52 -0.07185  1.54408e+00 | 53 -0.02596  6.59091e-01 | 54 -0.04723 -7.26506e-01
 55 -0.07913  2.06722e+00 | 56  0.00748 -7.46341e-01 | 57  0.04630 -6.60208e-01
 58 -0.04392 -2.23587e-01 | 59  0.13101 -1.30681e+00 | 60 -0.05381  1.73188e+00
 61  0.09778  4.74768e-01 | 62  0.10444  1.59809e+00 | 63  0.05227  1.84121e+00
 64  0.13149  3.01456e+00 | 65 -0.08620  2.30621e+00 | 66 -0.03985  6.69027e-01
 67 -0.00341  3.01049e+00 | 68  0.61403 -9.75620e+00 | 69  0.15258  5.51659e-03
 70  0.40671  7.21952e+01 | 71 -0.09362  8.30842e-06 | 72  0.16068 -1.40163e-02
 73 -0.35521  1.95038e+00 | 74  0.26053  1.33918e-03 | 75 -0.21759 -6.67465e-01
75 variables; iteration 60; function evaluation 64; phase 3
Function value 1.7110022e+02; maximum gradient component mag -3.9847e+01
Var    Value     Gradient |Var    Value     Gradient |Var    Value     Gradient
  1 -0.31223  6.34319e+00 |  2  0.40951 -2.08143e+00 |  3  0.04552 -1.26890e+01
  4 -0.51757 -3.98469e+01 |  5 -0.53359 -3.04319e+01 |  6 -0.30177 -1.97702e+01
  7 -0.04030 -1.98499e+00 |  8 -0.00074  2.36879e-02 |  9 -0.00041  1.27639e-02
 10 -0.00064  1.91849e-02 | 11 -0.00116  2.94162e-03 | 12 -0.00172  1.35900e-02
 13 -0.00284 -1.09837e-02 | 14 -0.00381  5.02443e-02 | 15 -0.00548  1.08168e-01
 16 -0.00839  1.13940e-01 | 17 -0.01260  1.03747e-01 | 18 -0.01852  3.55030e-02
 19 -0.02626 -1.16591e-01 | 20 -0.03531 -3.01325e-01 | 21 -0.04387 -3.58661e-01
 22 -0.05018 -2.99205e-01 | 23 -0.04945  1.55194e-01 | 24 -0.04264  1.66026e-01
 25 -0.03188 -1.11267e-01 | 26 -0.02291 -2.49745e-01 | 27  0.00008 -3.23910e-01
 28  0.11413  5.52832e-01 | 29  0.07168  6.96142e-01 | 30  0.06069  1.33339e+00
 31 -0.08885  9.78911e-01 | 32 -0.13038  1.33485e+00 | 33  0.10360  8.08210e-02
 34 -0.12240  1.37492e+00 | 35  0.11656 -2.27948e+00 | 36 -0.02301 -1.15839e+00
 37 -0.09039  7.94776e-01 | 38 -0.23299  5.33473e-01 | 39 -0.09221  2.47491e-01
 40  0.04719 -1.60513e+00 | 41  0.01904 -1.46015e+00 | 42  0.01353 -1.50105e+00
 43  0.13676 -4.28481e+00 | 44  0.00284 -1.09671e+00 | 45 -0.07259  3.64421e-01
 46 -0.07547 -3.86490e-02 | 47  0.06491 -2.54733e+00 | 48 -0.01021  9.61515e-02
 49 -0.06545  6.19064e-01 | 50  0.08145 -2.65877e+00 | 51  0.05268  4.45210e-01
 52 -0.07196  8.00947e-01 | 53 -0.02592  1.52639e-02 | 54 -0.04668 -3.09457e-01
 55 -0.07937  6.48398e-01 | 56  0.00745 -1.94589e+00 | 57  0.04663  2.02929e-01
 58 -0.04343  5.69694e-01 | 59  0.13106 -1.52685e-01 | 60 -0.05287  2.19419e+00
 61  0.09783  6.64324e-01 | 62  0.10471  1.14341e+00 | 63  0.05241  1.01156e+00
 64  0.13165  1.55264e+00 | 65 -0.08635  1.29067e+00 | 66 -0.03855  1.10343e+00
 67 -0.01039  1.48482e+00 | 68  0.61155 -4.78576e+00 | 69  0.15081 -3.26617e-03
 70  0.40647  3.62719e+01 | 71 -0.09107 -2.72901e-04 | 72  0.17532 -1.15978e-02
 73 -0.35538  8.73484e+00 | 74  0.25896  1.32922e-03 | 75 -0.21795 -3.07618e+00

 - final statistics:
75 variables; iteration 77; function evaluation 89
Function value 1.7108e+02; maximum gradient component mag -9.5306e-01
Exit code = 1;  converg criter 1.0000e+00
Var    Value     Gradient |Var    Value     Gradient |Var    Value     Gradient
  1 -0.31255  1.12727e-01 |  2  0.41018 -5.78969e-03 |  3  0.03582 -3.99901e-01
  4 -0.51137 -9.53063e-01 |  5 -0.53659 -6.59287e-01 |  6 -0.30168 -3.81696e-01
  7 -0.04050 -1.35277e-01 |  8 -0.00088  2.47498e-03 |  9 -0.00023  3.69212e-02
 10 -0.00064  1.76521e-02 | 11 -0.00118 -1.62228e-03 | 12 -0.00202 -3.22783e-02
 13 -0.00256  2.48082e-02 | 14 -0.00433 -2.98051e-02 | 15 -0.00596  3.01357e-02
 16 -0.00937 -4.39683e-02 | 17 -0.01290  4.31975e-02 | 18 -0.01894 -5.01492e-02
 19 -0.02543 -8.60955e-04 | 20 -0.03327  3.36669e-02 | 21 -0.04166  3.13580e-02
 22 -0.04851  1.51476e-02 | 23 -0.05032  3.32027e-04 | 24 -0.04369 -5.03558e-04
 25 -0.03166 -6.44398e-03 | 26 -0.02246 -4.21177e-02 | 27  0.00135  3.11486e-02
 28  0.11205 -4.21191e-02 | 29  0.07313 -3.96820e-02 | 30  0.06012 -5.50397e-02
 31 -0.08743  2.16093e-02 | 32 -0.13049 -2.49776e-03 | 33  0.10351 -5.72521e-02
 34 -0.12265 -1.75801e-02 | 35  0.11643 -6.44967e-02 | 36 -0.02216  9.63809e-02
 37 -0.09058  7.93634e-03 | 38 -0.23188  4.98893e-02 | 39 -0.09214  1.73681e-02
 40  0.04702 -4.56811e-02 | 41  0.01919  2.81631e-02 | 42  0.01383  2.45037e-02
 43  0.13658 -7.24479e-02 | 44  0.00308  2.03508e-02 | 45 -0.07275  1.34349e-02
 46 -0.07530  2.84605e-02 | 47  0.06489 -5.73694e-03 | 48 -0.01029 -7.21509e-02
 49 -0.06566 -2.65183e-02 | 50  0.08159  2.37370e-02 | 51  0.05234 -6.18715e-02
 52 -0.07187  9.72746e-03 | 53 -0.02592  1.82238e-02 | 54 -0.04647  2.75595e-02
 55 -0.07974 -4.55862e-02 | 56  0.00773  5.76821e-02 | 57  0.04639 -2.41083e-02
 58 -0.04332  4.26830e-02 | 59  0.13110 -1.51424e-02 | 60 -0.05394 -4.16541e-02
 61  0.09798  3.50687e-02 | 62  0.10462  2.66525e-02 | 63  0.05253  4.21846e-02
 64  0.13155  1.80817e-03 | 65 -0.08629  2.77275e-02 | 66 -0.03817  4.38058e-02
 67 -0.01132 -4.64285e-03 | 68  0.60640 -6.75287e-02 | 69  0.15165  5.01146e-04
 70  0.40597  3.55311e-03 | 71 -0.09139 -3.59651e-04 | 72  0.23507 -4.23435e-03
 73 -0.35575 -1.01027e-01 | 74  0.24834  1.26290e-03 | 75 -0.21905  6.41989e-02

 - final statistics:
76 variables; iteration 0; function evaluation 0
Function value 1.7108e+02; maximum gradient component mag -9.5306e-01
Exit code = 0;  converg criter 1.0000e+00
Var    Value     Gradient |Var    Value     Gradient |Var    Value     Gradient
  1 -0.31255  1.12727e-01 |  2  0.41018 -5.78969e-03 |  3  0.03582 -3.99901e-01
  4 -0.51137 -9.53063e-01 |  5 -0.53659 -6.59287e-01 |  6 -0.30168 -3.81696e-01
  7 -0.04050 -1.35277e-01 |  8 -0.00088  2.47498e-03 |  9 -0.00023  3.69212e-02
 10 -0.00064  1.76521e-02 | 11 -0.00118 -1.62228e-03 | 12 -0.00202 -3.22783e-02
 13 -0.00256  2.48082e-02 | 14 -0.00433 -2.98051e-02 | 15 -0.00596  3.01357e-02
 16 -0.00937 -4.39683e-02 | 17 -0.01290  4.31975e-02 | 18 -0.01894 -5.01492e-02
 19 -0.02543 -8.60955e-04 | 20 -0.03327  3.36669e-02 | 21 -0.04166  3.13580e-02
 22 -0.04851  1.51476e-02 | 23 -0.05032  3.32027e-04 | 24 -0.04369 -5.03558e-04
 25 -0.03166 -6.44398e-03 | 26 -0.02246 -4.21177e-02 | 27  0.00135  3.11486e-02
 28  0.11205 -4.13883e-02 | 29  0.07313 -3.89446e-02 | 30  0.06012 -5.43008e-02
 31 -0.08743  2.23446e-02 | 32 -0.13049 -1.77102e-03 | 33  0.10351 -5.65196e-02
 34 -0.12265 -1.68515e-02 | 35  0.11643 -6.37668e-02 | 36 -0.02216  9.71227e-02
 37 -0.09058  8.67112e-03 | 38 -0.23188  5.05829e-02 | 39 -0.09214  1.81026e-02
 40  0.04702 -4.49408e-02 | 41  0.01919  2.89051e-02 | 42  0.01383  2.52458e-02
 43  0.13658 -7.17227e-02 | 44  0.00308  2.10931e-02 | 45 -0.07275  1.41723e-02
 46 -0.07530  2.91976e-02 | 47  0.06489 -4.99851e-03 | 48 -0.01029 -7.14087e-02
 49 -0.06566 -2.57800e-02 | 50  0.08159  2.44732e-02 | 51  0.05234 -6.11318e-02
 52 -0.07187  1.04650e-02 | 53 -0.02592  1.89654e-02 | 54 -0.04647  2.82998e-02
 55 -0.07974 -4.48497e-02 | 56  0.00773  5.84244e-02 | 57  0.04639 -2.33680e-02
 58 -0.04332  4.34236e-02 | 59  0.13110 -1.44158e-02 | 60 -0.05394 -4.09145e-02
 61  0.09798  3.58022e-02 | 62  0.10462  2.73847e-02 | 63  0.05253  4.29244e-02
 64  0.13155  2.53466e-03 | 65 -0.08629  2.84629e-02 | 66 -0.03817  4.45467e-02
 67 -0.01132 -3.90069e-03 | 68  0.60640 -6.75287e-02 | 69  0.15165  5.01146e-04
 70  0.40597  3.55311e-03 | 71 -0.09139 -3.59651e-04 | 72  0.23507 -4.23435e-03
 73 -0.35575 -1.01027e-01 | 74  0.24834  1.26290e-03 | 75 -0.21905  6.41989e-02
 76  0.88668  1.74453e-02 |

 - final statistics:
76 variables; iteration 0; function evaluation 0
Function value 1.7108e+02; maximum gradient component mag -9.5306e-01
Exit code = 0;  converg criter 1.0000e+00
Var    Value     Gradient |Var    Value     Gradient |Var    Value     Gradient
  1 -0.31255  1.12727e-01 |  2  0.41018 -5.78969e-03 |  3  0.03582 -3.99901e-01
  4 -0.51137 -9.53063e-01 |  5 -0.53659 -6.59287e-01 |  6 -0.30168 -3.81696e-01
  7 -0.04050 -1.35277e-01 |  8 -0.00088  2.47498e-03 |  9 -0.00023  3.69212e-02
 10 -0.00064  1.76521e-02 | 11 -0.00118 -1.62228e-03 | 12 -0.00202 -3.22783e-02
 13 -0.00256  2.48082e-02 | 14 -0.00433 -2.98051e-02 | 15 -0.00596  3.01357e-02
 16 -0.00937 -4.39683e-02 | 17 -0.01290  4.31975e-02 | 18 -0.01894 -5.01492e-02
 19 -0.02543 -8.60955e-04 | 20 -0.03327  3.36669e-02 | 21 -0.04166  3.13580e-02
 22 -0.04851  1.51476e-02 | 23 -0.05032  3.32027e-04 | 24 -0.04369 -5.03558e-04
 25 -0.03166 -6.44398e-03 | 26 -0.02246 -4.21177e-02 | 27  0.00135  3.11486e-02
 28  0.11205 -4.13883e-02 | 29  0.07313 -3.89446e-02 | 30  0.06012 -5.43008e-02
 31 -0.08743  2.23446e-02 | 32 -0.13049 -1.77102e-03 | 33  0.10351 -5.65196e-02
 34 -0.12265 -1.68515e-02 | 35  0.11643 -6.37668e-02 | 36 -0.02216  9.71227e-02
 37 -0.09058  8.67112e-03 | 38 -0.23188  5.05829e-02 | 39 -0.09214  1.81026e-02
 40  0.04702 -4.49408e-02 | 41  0.01919  2.89051e-02 | 42  0.01383  2.52458e-02
 43  0.13658 -7.17227e-02 | 44  0.00308  2.10931e-02 | 45 -0.07275  1.41723e-02
 46 -0.07530  2.91976e-02 | 47  0.06489 -4.99851e-03 | 48 -0.01029 -7.14087e-02
 49 -0.06566 -2.57800e-02 | 50  0.08159  2.44732e-02 | 51  0.05234 -6.11318e-02
 52 -0.07187  1.04650e-02 | 53 -0.02592  1.89654e-02 | 54 -0.04647  2.82998e-02
 55 -0.07974 -4.48497e-02 | 56  0.00773  5.84244e-02 | 57  0.04639 -2.33680e-02
 58 -0.04332  4.34236e-02 | 59  0.13110 -1.44158e-02 | 60 -0.05394 -4.09145e-02
 61  0.09798  3.58022e-02 | 62  0.10462  2.73847e-02 | 63  0.05253  4.29244e-02
 64  0.13155  2.53466e-03 | 65 -0.08629  2.84629e-02 | 66 -0.03817  4.45467e-02
 67 -0.01132 -3.90069e-03 | 68  0.60640 -6.75287e-02 | 69  0.15165  5.01146e-04
 70  0.40597  3.55311e-03 | 71 -0.09139 -3.59651e-04 | 72  0.23507 -4.23435e-03
 73 -0.35575 -1.01027e-01 | 74  0.24834  1.26290e-03 | 75 -0.21905  6.41989e-02
 76  0.88668  1.74453e-02 |

Initial statistics: 78 variables; iteration 0; function evaluation 0; phase 6
Function value 1.7108165e+02; maximum gradient component mag 5.2656e+00
Var    Value     Gradient |Var    Value     Gradient |Var    Value     Gradient
  1 -0.31255  1.12727e-01 |  2  0.41018 -5.78969e-03 |  3  0.03582 -3.99901e-01
  4 -0.51137 -9.53063e-01 |  5 -0.53659 -6.59287e-01 |  6 -0.30168 -3.81696e-01
  7 -0.04050 -1.35277e-01 |  8 -0.00088  2.47498e-03 |  9 -0.00023  3.69212e-02
 10 -0.00064  1.76521e-02 | 11 -0.00118 -1.62228e-03 | 12 -0.00202 -3.22783e-02
 13 -0.00256  2.48082e-02 | 14 -0.00433 -2.98051e-02 | 15 -0.00596  3.01357e-02
 16 -0.00937 -4.39683e-02 | 17 -0.01290  4.31975e-02 | 18 -0.01894 -5.01492e-02
 19 -0.02543 -8.60955e-04 | 20 -0.03327  3.36669e-02 | 21 -0.04166  3.13580e-02
 22 -0.04851  1.51476e-02 | 23 -0.05032  3.32027e-04 | 24 -0.04369 -5.03558e-04
 25 -0.03166 -6.44398e-03 | 26 -0.02246 -4.21177e-02 | 27  0.00135  3.11486e-02
 28  0.11205 -4.13883e-02 | 29  0.07313 -3.89446e-02 | 30  0.06012 -5.43008e-02
 31 -0.08743  2.23446e-02 | 32 -0.13049 -1.77102e-03 | 33  0.10351 -5.65196e-02
 34 -0.12265 -1.68515e-02 | 35  0.11643 -6.37668e-02 | 36 -0.02216  9.71227e-02
 37 -0.09058  8.67112e-03 | 38 -0.23188  5.05829e-02 | 39 -0.09214  1.81026e-02
 40  0.04702 -4.49408e-02 | 41  0.01919  2.89051e-02 | 42  0.01383  2.52458e-02
 43  0.13658 -7.17227e-02 | 44  0.00308  2.10931e-02 | 45 -0.07275  1.41723e-02
 46 -0.07530  2.91976e-02 | 47  0.06489 -4.99851e-03 | 48 -0.01029 -7.14087e-02
 49 -0.06566 -2.57800e-02 | 50  0.08159  2.44732e-02 | 51  0.05234 -6.11318e-02
 52 -0.07187  1.04650e-02 | 53 -0.02592  1.89654e-02 | 54 -0.04647  2.82998e-02
 55 -0.07974 -4.48497e-02 | 56  0.00773  5.84244e-02 | 57  0.04639 -2.33680e-02
 58 -0.04332  4.34236e-02 | 59  0.13110 -1.44158e-02 | 60 -0.05394 -4.09145e-02
 61  0.09798  3.58022e-02 | 62  0.10462  2.73847e-02 | 63  0.05253  4.29244e-02
 64  0.13155  2.53466e-03 | 65 -0.08629  2.84629e-02 | 66 -0.03817  4.45467e-02
 67 -0.01132 -3.90069e-03 | 68 -0.61351 -6.05860e-01 | 69  0.11808  5.26556e+00
 70  0.60640 -6.75287e-02 | 71  0.15165  5.01146e-04 | 72  0.40597  3.55311e-03
 73 -0.09139 -3.59651e-04 | 74  0.23507 -4.23435e-03 | 75 -0.35575 -1.01027e-01
 76  0.24834  1.26290e-03 | 77 -0.21905  6.41989e-02 | 78  0.88668  1.74453e-02

Intermediate statistics: 78 variables; iteration 20; function evaluation 23; phase 6
Function value 1.7093079e+02; maximum gradient component mag -5.3495e+01
Var    Value     Gradient |Var    Value     Gradient |Var    Value     Gradient
  1 -0.26417  9.72876e+00 |  2  0.41022 -9.98089e-01 |  3  0.03373 -2.18618e+01
  4 -0.51425 -5.34949e+01 |  5 -0.53362 -3.22028e+01 |  6 -0.27938 -3.33394e+01
  7 -0.03956 -1.05099e+01 |  8 -0.00084 -1.09964e-02 |  9 -0.00066 -3.28505e-02
 10 -0.00081 -2.03673e-02 | 11 -0.00109 -8.90614e-03 | 12 -0.00151  9.82999e-03
 13 -0.00271 -4.05923e-02 | 14 -0.00372 -7.93702e-03 | 15 -0.00598 -6.64048e-02
 16 -0.00836 -2.54467e-02 | 17 -0.01271 -1.12134e-01 | 18 -0.01745 -6.24909e-02
 19 -0.02419 -1.21380e-01 | 20 -0.03201 -1.63649e-01 | 21 -0.03993 -1.67741e-01
 22 -0.04613 -1.48310e-01 | 23 -0.04729 -1.24161e-01 | 24 -0.04021 -1.38050e-01
 25 -0.02782 -2.29202e-01 | 26 -0.01813 -4.18336e-01 | 27  0.00403 -1.00811e+00
 28  0.11716 -2.31072e+00 | 29  0.07017 -2.56420e-01 | 30  0.06378  3.20676e+00
 31 -0.08838  3.81623e+00 | 32 -0.13104  2.53442e+00 | 33  0.10402 -1.63239e+00
 34 -0.12196  3.27304e+00 | 35  0.11721 -8.35590e-01 | 36 -0.02122  3.78301e+00
 37 -0.08945  4.29000e+00 | 38 -0.23160  3.88486e+00 | 39 -0.09222  3.05980e+00
 40  0.04725  3.04217e+00 | 41  0.01953  4.42735e+00 | 42  0.01375  1.17986e+00
 43  0.13639 -1.14268e+01 | 44  0.00246 -2.37676e+00 | 45 -0.07284  1.05889e+00
 46 -0.07546  9.38021e-01 | 47  0.06479 -7.17335e+00 | 48 -0.01124 -3.20922e+00
 49 -0.06665  4.11394e-01 | 50  0.08163 -6.41890e-01 | 51  0.05231  4.01649e+00
 52 -0.07190  4.77539e+00 | 53 -0.02608  4.26479e+00 | 54 -0.04656  4.37169e+00
 55 -0.07993  4.33051e+00 | 56  0.00758  5.52191e+00 | 57  0.04654  1.03895e+01
 58 -0.04358  6.24684e+00 | 59  0.13099  9.88821e+00 | 60 -0.05409  4.37675e+00
 61  0.09702 -2.06855e+00 | 62  0.10420  4.06058e-01 | 63  0.05242  3.08703e+00
 64  0.13195  5.39401e+00 | 65 -0.08715  3.39297e+00 | 66 -0.03834  4.21617e+00
 67 -0.01125  4.19859e+00 | 68 -0.61839 -1.04708e+00 | 69  0.06117 -2.84936e+00
 70  0.60474 -3.69608e+00 | 71  0.15164 -1.89448e-04 | 72  0.40566  1.17176e+01
 73 -0.09138 -3.85702e-04 | 74  0.23519 -5.16013e-03 | 75 -0.35591  3.72092e+01
 76  0.24830  1.25434e-03 | 77 -0.22003 -1.30372e+01 | 78  0.88619  1.73667e-02
78 variables; iteration 40; function evaluation 46; phase 6
Function value 1.7089812e+02; maximum gradient component mag -4.6660e+01
Var    Value     Gradient |Var    Value     Gradient |Var    Value     Gradient
  1 -0.24994  8.08116e+00 |  2  0.41058 -9.11095e-01 |  3  0.03023 -1.89172e+01
  4 -0.51160 -4.66600e+01 |  5 -0.53518 -3.14896e+01 |  6 -0.27346 -2.33905e+01
  7 -0.03939 -7.16122e+00 |  8 -0.00063  1.51031e-02 |  9  0.00012  7.51984e-02
 10 -0.00035  4.06377e-02 | 11 -0.00094  7.67385e-03 | 12 -0.00184 -4.33520e-02
 13 -0.00193  6.19285e-02 | 14 -0.00377 -2.53150e-02 | 15 -0.00495  6.86802e-02
 16 -0.00830 -3.69567e-02 | 17 -0.01152  4.30206e-02 | 18 -0.01729 -7.04868e-02
 19 -0.02379 -9.62837e-02 | 20 -0.03178 -1.70833e-01 | 21 -0.04014 -2.53602e-01
 22 -0.04677 -3.15552e-01 | 23 -0.04837 -3.74350e-01 | 24 -0.04168 -4.51462e-01
 25 -0.02905 -4.40316e-01 | 26 -0.01818 -2.77460e-01 | 27  0.00828 -2.90544e-02
 28  0.11467 -4.75367e-01 | 29  0.07738  1.55328e+00 | 30  0.06001  1.86016e+00
 31 -0.08657  2.83158e+00 | 32 -0.13025  2.28561e+00 | 33  0.10371 -6.22037e-01
 34 -0.12114  2.48221e+00 | 35  0.11709 -1.67602e+00 | 36 -0.02132  8.96365e-01
 37 -0.08987  9.92854e-01 | 38 -0.23174  1.98991e+00 | 39 -0.09170  1.90943e+00
 40  0.04646 -1.82452e+00 | 41  0.01917  2.02227e+00 | 42  0.01326  4.70683e-01
 43  0.13646 -6.34996e+00 | 44  0.00207 -2.59777e+00 | 45 -0.07301 -1.67532e-01
 46 -0.07584 -2.71398e-01 | 47  0.06448 -5.26729e+00 | 48 -0.01104 -1.67273e+00
 49 -0.06656  4.60584e-01 | 50  0.08125 -9.41120e-01 | 51  0.05212  2.04212e+00
 52 -0.07262  1.64713e+00 | 53 -0.02661  1.04587e+00 | 54 -0.04647  3.64738e+00
 55 -0.07979  3.52640e+00 | 56  0.00698  1.34837e+00 | 57  0.04590  4.35434e+00
 58 -0.04405  3.10574e+00 | 59  0.13050  5.12581e+00 | 60 -0.05501  2.23178e+00
 61  0.09732 -4.49964e-02 | 62  0.10376  8.89747e-01 | 63  0.05273  3.77059e+00
 64  0.13134  2.53541e+00 | 65 -0.08684  2.38750e+00 | 66 -0.03849  2.66880e+00
 67 -0.00900  2.70973e+00 | 68 -0.61937 -6.24971e-01 | 69  0.05005 -1.06545e+00
 70  0.60321 -4.27820e+00 | 71  0.15189  3.40547e-04 | 72  0.40554  2.01102e+01
 73 -0.09117 -3.86005e-04 | 74  0.23779 -5.08822e-03 | 75 -0.35771 -4.50285e+00
 76  0.24764  1.24856e-03 | 77 -0.22538  1.53706e+00 | 78  0.87701  1.60410e-02
78 variables; iteration 60; function evaluation 73; phase 6
Function value 1.7087705e+02; maximum gradient component mag -3.7542e+00
Var    Value     Gradient |Var    Value     Gradient |Var    Value     Gradient
  1 -0.24109  6.50609e-01 |  2  0.41013 -1.95904e-01 |  3  0.02999 -1.37289e+00
  4 -0.51142 -3.75418e+00 |  5 -0.53540 -2.88594e+00 |  6 -0.26929 -2.05905e+00
  7 -0.03927 -6.50734e-02 |  8 -0.00071  1.59720e-03 |  9 -0.00035  8.81425e-03
 10 -0.00060  4.35012e-03 | 11 -0.00098  6.34763e-04 | 12 -0.00154 -3.19356e-03
 13 -0.00233  4.25181e-04 | 14 -0.00357 -2.57894e-03 | 15 -0.00545 -1.18238e-02
 16 -0.00802 -4.70664e-03 | 17 -0.01183 -1.57695e-02 | 18 -0.01670  9.64293e-03
 19 -0.02297  2.58414e-02 | 20 -0.03070  5.02749e-03 | 21 -0.03889 -3.04612e-02
 22 -0.04526 -1.53783e-02 | 23 -0.04664  8.61073e-03 | 24 -0.03994 -8.61831e-03
 25 -0.02770  4.04517e-03 | 26 -0.01853 -2.79431e-03 | 27  0.00375 -2.77454e-02
 28  0.11970  6.45701e-02 | 29  0.07316  5.52839e-02 | 30  0.06163 -1.21409e-02
 31 -0.08818  6.86350e-02 | 32 -0.13014  6.30431e-02 | 33  0.10386 -1.01066e-01
 34 -0.12167  8.01350e-02 | 35  0.11723 -2.42579e-01 | 36 -0.02132  9.83220e-03
 37 -0.08959  4.66848e-02 | 38 -0.23154  1.08314e-01 | 39 -0.09203  1.94203e-02
 40  0.04682 -9.59863e-02 | 41  0.01840 -1.81169e-01 | 42  0.01321 -1.54094e-01
 43  0.13638 -4.22539e-01 | 44  0.00258 -6.15974e-02 | 45 -0.07310 -7.17527e-03
 46 -0.07560  8.77832e-03 | 47  0.06461 -7.07384e-02 | 48 -0.01095 -3.37795e-02
 49 -0.06657  1.99167e-02 | 50  0.08131 -2.85309e-01 | 51  0.05171 -2.66510e-01
 52 -0.07255 -9.10831e-02 | 53 -0.02633 -8.92628e-02 | 54 -0.04697 -7.55316e-02
 55 -0.08029 -1.22368e-02 | 56  0.00738 -1.02926e-01 | 57  0.04544 -2.85428e-01
 58 -0.04401 -6.25328e-02 | 59  0.13017 -3.85320e-01 | 60 -0.05497  5.71187e-02
 61  0.09756  7.45613e-02 | 62  0.10380  1.04919e-01 | 63  0.05230  8.28712e-02
 64  0.13133  5.12467e-02 | 65 -0.08675  1.13857e-01 | 66 -0.03862  7.32690e-02
 67 -0.01002  1.00508e-01 | 68 -0.61977 -3.18019e-02 | 69  0.03944 -1.27827e-01
 70  0.60216 -5.20740e-01 | 71  0.15318  2.07293e-03 | 72  0.40544  3.06942e+00
 73 -0.09017 -3.54513e-04 | 74  0.24924 -3.87860e-03 | 75 -0.35762 -5.03945e-01
 76  0.24447  1.22285e-03 | 77 -0.22530  1.90849e-01 | 78  0.83925  1.21582e-02
78 variables; iteration 80; function evaluation 108; phase 6
Function value 1.7087477e+02; maximum gradient component mag 2.0815e+00
Var    Value     Gradient |Var    Value     Gradient |Var    Value     Gradient
  1 -0.23958 -4.23163e-01 |  2  0.41017  8.99629e-02 |  3  0.02956  7.56037e-01
  4 -0.51120  2.08150e+00 |  5 -0.53548  1.58281e+00 |  6 -0.26861  1.52913e+00
  7 -0.03928  4.98200e-02 |  8 -0.00065  9.70726e-03 |  9 -0.00024  2.36584e-02
 10 -0.00054  1.27152e-02 | 11 -0.00089  1.23422e-02 | 12 -0.00154 -4.15246e-03
 13 -0.00240 -1.03345e-02 | 14 -0.00363 -1.36286e-02 | 15 -0.00537 -2.62522e-03
 16 -0.00776  2.95819e-02 | 17 -0.01152  2.52319e-02 | 18 -0.01651  3.17031e-02
 19 -0.02318 -1.83895e-02 | 20 -0.03062  7.13955e-03 | 21 -0.03885 -3.49010e-02
 22 -0.04491  3.71706e-02 | 23 -0.04670 -1.48897e-02 | 24 -0.03984 -1.62908e-03
 25 -0.02758  1.74137e-02 | 26 -0.01860 -1.53599e-02 | 27  0.00402  1.80529e-02
 28  0.11976 -4.24716e-02 | 29  0.07310 -3.97023e-02 | 30  0.06177  4.24306e-03
 31 -0.08820 -5.23408e-02 | 32 -0.13012 -7.16303e-02 | 33  0.10386  8.65650e-02
 34 -0.12165 -4.49094e-02 | 35  0.11725  1.61118e-01 | 36 -0.02130 -2.95350e-02
 37 -0.08953 -1.94643e-02 | 38 -0.23160 -6.12646e-02 | 39 -0.09200 -2.56910e-02
 40  0.04680  8.77098e-02 | 41  0.01843  1.06620e-01 | 42  0.01322  7.35989e-02
 43  0.13638  2.64364e-01 | 44  0.00255  2.20895e-02 | 45 -0.07308 -2.31790e-02
 46 -0.07559 -2.31041e-02 | 47  0.06459  6.25751e-02 | 48 -0.01094  1.11166e-02
 49 -0.06661 -1.55917e-02 | 50  0.08132  1.71056e-01 | 51  0.05170  1.42216e-01
 52 -0.07250  5.61462e-03 | 53 -0.02634  3.97981e-02 | 54 -0.04696  2.21497e-02
 55 -0.08031 -1.06816e-03 | 56  0.00737  9.91053e-02 | 57  0.04543  1.43875e-01
 58 -0.04399  5.20225e-02 | 59  0.13017  2.50696e-01 | 60 -0.05502 -5.79017e-02
 61  0.09755 -3.79705e-02 | 62  0.10378 -5.02384e-02 | 63  0.05231 -7.76755e-02
 64  0.13133 -5.14688e-02 | 65 -0.08675 -4.95196e-02 | 66 -0.03857 -6.92178e-02
 67 -0.01015 -9.57621e-02 | 68 -0.61980  6.47490e-03 | 69  0.03787  1.65422e-01
 70  0.60189  2.93173e-01 | 71  0.15606  1.22336e-03 | 72  0.40541 -1.67015e+00
 73 -0.07484 -3.15521e-04 | 74  0.36796  1.12409e-03 | 75 -0.35825 -1.50976e+00
 76  0.20189 -2.20371e-03 | 77 -0.22722  5.20495e-01 | 78  0.44288  3.88968e-04
78 variables; iteration 100; function evaluation 135; phase 6
Function value 1.7087454e+02; maximum gradient component mag -2.8635e-01
Var    Value     Gradient |Var    Value     Gradient |Var    Value     Gradient
  1 -0.24023  3.76155e-02 |  2  0.41016 -1.61930e-02 |  3  0.02976 -1.04875e-01
  4 -0.51131 -2.86349e-01 |  5 -0.53544 -2.22163e-01 |  6 -0.26890 -8.89249e-02
  7 -0.03928 -2.95259e-03 |  8 -0.00072 -3.23550e-04 |  9 -0.00044 -3.84823e-03
 10 -0.00066 -3.49385e-03 | 11 -0.00099 -1.97711e-03 | 12 -0.00155 -4.84214e-03
 13 -0.00230  4.49000e-03 | 14 -0.00353  1.86440e-03 | 15 -0.00535  1.24698e-03
 16 -0.00800 -3.80837e-03 | 17 -0.01173 -3.71359e-03 | 18 -0.01676 -4.29680e-03
 19 -0.02307  3.39156e-03 | 20 -0.03070 -8.73303e-04 | 21 -0.03865  5.27796e-03
 22 -0.04516 -4.96240e-03 | 23 -0.04663  2.84051e-03 | 24 -0.03985  6.24800e-04
 25 -0.02770 -2.10642e-03 | 26 -0.01848  2.84818e-03 | 27  0.00391 -2.20818e-03
 28  0.11973  2.35828e-03 | 29  0.07313  2.83368e-03 | 30  0.06171 -3.09118e-03
 31 -0.08820  1.86190e-03 | 32 -0.13011  5.73403e-03 | 33  0.10386 -2.55346e-03
 34 -0.12168  2.08193e-03 | 35  0.11724 -1.18478e-02 | 36 -0.02130  1.76392e-03
 37 -0.08956  1.14838e-03 | 38 -0.23160  3.44534e-03 | 39 -0.09201  3.77554e-03
 40  0.04681 -2.66890e-03 | 41  0.01842 -8.80772e-03 | 42  0.01322 -1.11601e-02
 43  0.13638 -2.30588e-02 | 44  0.00256 -6.57212e-03 | 45 -0.07308 -3.60995e-03
 46 -0.07560 -4.26499e-03 | 47  0.06460 -2.61345e-03 | 48 -0.01094 -2.30155e-03
 49 -0.06660 -4.25270e-04 | 50  0.08132 -1.62525e-02 | 51  0.05170 -1.81109e-02
 52 -0.07251 -5.42651e-03 | 53 -0.02634 -1.16327e-02 | 54 -0.04696 -3.75510e-03
 55 -0.08031  9.54162e-04 | 56  0.00737 -1.59477e-03 | 57  0.04544 -1.70603e-02
 58 -0.04401 -8.93981e-03 | 59  0.13017 -1.81528e-02 | 60 -0.05499  7.77956e-03
 61  0.09755  3.21768e-03 | 62  0.10379  9.43734e-03 | 63  0.05231  4.53888e-03
 64  0.13133  1.47592e-03 | 65 -0.08677  3.28511e-03 | 66 -0.03859  1.88838e-03
 67 -0.01005  3.41558e-03 | 68 -0.61976 -2.70919e-03 | 69  0.03855  6.40147e-03
 70  0.60200 -4.01305e-02 | 71  0.15142  1.01118e-03 | 72  0.40542  2.23454e-01
 73 -0.04326 -1.17064e-04 | 74  0.32445  3.20823e-05 | 75 -0.35901 -2.76507e-01
 76  0.28699  1.73147e-04 | 77 -0.22953  1.07830e-01 | 78  0.36792 -9.21783e-05
78 variables; iteration 120; function evaluation 158; phase 6
Function value 1.7087443e+02; maximum gradient component mag -1.4138e+00
Var    Value     Gradient |Var    Value     Gradient |Var    Value     Gradient
  1 -0.24009 -1.18808e-01 |  2  0.41016  1.29835e-02 |  3  0.02972  1.39726e-01
  4 -0.51129  3.74480e-01 |  5 -0.53544  2.75962e-01 |  6 -0.26884  5.18077e-01
  7 -0.03928  1.75466e-02 |  8 -0.00072  3.59028e-04 |  9 -0.00037  4.77160e-03
 10 -0.00060  3.98152e-03 | 11 -0.00096  2.24115e-03 | 12 -0.00148  5.07536e-03
 13 -0.00236 -4.46609e-03 | 14 -0.00356 -1.68500e-03 | 15 -0.00536 -9.85738e-04
 16 -0.00795  3.38188e-03 | 17 -0.01167  5.21686e-03 | 18 -0.01669  5.22405e-03
 19 -0.02310 -2.77544e-03 | 20 -0.03067  1.90425e-03 | 21 -0.03870 -4.90339e-03
 22 -0.04509  6.63893e-03 | 23 -0.04665 -1.91129e-03 | 24 -0.03984  6.70432e-04
 25 -0.02766  4.67918e-03 | 26 -0.01851 -9.53626e-04 | 27  0.00394  4.65519e-03
 28  0.11974 -1.68513e-02 | 29  0.07312 -1.61268e-02 | 30  0.06172 -7.49122e-03
 31 -0.08820 -2.35403e-02 | 32 -0.13011 -2.24955e-02 | 33  0.10386  3.22244e-02
 34 -0.12167 -1.57470e-02 | 35  0.11724  4.76024e-02 | 36 -0.02130 -8.74661e-03
 37 -0.08956 -1.34084e-02 | 38 -0.23160 -2.38156e-02 | 39 -0.09200 -6.51134e-03
 40  0.04681  3.71080e-02 | 41  0.01842  2.43714e-02 | 42  0.01322  1.85472e-02
 43  0.13638  7.17065e-02 | 44  0.00255 -3.05977e-03 | 45 -0.07308 -1.11834e-02
 46 -0.07560 -9.72722e-03 | 47  0.06459  2.44093e-02 | 48 -0.01094 -1.74368e-03
 49 -0.06660 -8.79027e-03 | 50  0.08132  4.98788e-02 | 51  0.05170  1.80641e-02
 52 -0.07251 -7.41102e-03 | 53 -0.02634  7.51335e-03 | 54 -0.04696  2.38648e-03
 55 -0.08031 -5.57643e-03 | 56  0.00737  3.34970e-02 | 57  0.04544  3.56614e-02
 58 -0.04400  9.83454e-03 | 59  0.13017  7.27198e-02 | 60 -0.05501 -2.34790e-02
 61  0.09755  4.71853e-03 | 62  0.10378 -1.67520e-02 | 63  0.05231 -1.53063e-02
 64  0.13133 -2.10461e-02 | 65 -0.08677 -3.05896e-02 | 66 -0.03858 -2.58276e-02
 67 -0.01006 -3.20024e-02 | 68 -0.61977 -5.66422e-04 | 69  0.03839  8.74156e-02
 70  0.60198  5.68077e-02 | 71  0.13094 -6.58599e-04 | 72  0.40542 -3.09230e-01
 73  0.08657  3.18871e-04 | 74  0.33863  1.96904e-04 | 75 -0.36204 -1.41378e+00
 76  0.28232  1.25398e-04 | 77 -0.23918  4.38122e-01 | 78  0.37486  6.53545e-05
78 variables; iteration 140; function evaluation 181; phase 6
Function value 1.7087432e+02; maximum gradient component mag -3.6998e-01
Var    Value     Gradient |Var    Value     Gradient |Var    Value     Gradient
  1 -0.24019 -1.85652e-02 |  2  0.41016  2.52907e-04 |  3  0.02975  1.25166e-02
  4 -0.51130  3.05093e-02 |  5 -0.53544  2.08163e-02 |  6 -0.26888  9.40573e-02
  7 -0.03928  4.25832e-03 |  8 -0.00072  1.67146e-09 |  9 -0.00041  9.49057e-05
 10 -0.00063  8.37476e-05 | 11 -0.00098  5.09515e-05 | 12 -0.00151  1.45193e-04
 13 -0.00233 -1.61828e-04 | 14 -0.00354 -3.62680e-05 | 15 -0.00536 -7.61468e-05
 16 -0.00797  5.39402e-05 | 17 -0.01170  5.91864e-05 | 18 -0.01673  1.10003e-04
 19 -0.02309 -1.47105e-04 | 20 -0.03069 -6.68490e-05 | 21 -0.03868 -2.14103e-04
 22 -0.04513  1.86355e-04 | 23 -0.04664 -2.10778e-05 | 24 -0.03985  4.69713e-05
 25 -0.02769  2.31016e-04 | 26 -0.01850  2.58889e-04 | 27  0.00393  7.18212e-04
 28  0.11974 -2.54872e-03 | 29  0.07312 -3.18169e-03 | 30  0.06172 -2.10363e-03
 31 -0.08820 -4.43398e-03 | 32 -0.13011 -4.09488e-03 | 33  0.10386  6.58097e-03
 34 -0.12167 -3.16178e-03 | 35  0.11724  8.03141e-03 | 36 -0.02130 -1.06959e-03
 37 -0.08956 -3.05445e-03 | 38 -0.23160 -4.54895e-03 | 39 -0.09200 -8.00392e-04
 40  0.04681  7.56661e-03 | 41  0.01842  3.55484e-03 | 42  0.01322  1.86675e-03
 43  0.13638  1.10729e-02 | 44  0.00256 -1.89635e-03 | 45 -0.07308 -2.83360e-03
 46 -0.07560 -2.65503e-03 | 47  0.06460  4.72686e-03 | 48 -0.01094 -7.14957e-04
 49 -0.06660 -1.91779e-03 | 50  0.08132  7.43987e-03 | 51  0.05170  6.24472e-04
 52 -0.07251 -2.77654e-03 | 53 -0.02634 -9.07084e-04 | 54 -0.04696 -1.29645e-04
 55 -0.08031 -8.48277e-04 | 56  0.00737  6.72087e-03 | 57  0.04544  4.26350e-03
 58 -0.04400  2.29939e-04 | 59  0.13017  1.17537e-02 | 60 -0.05499 -2.84274e-03
 61  0.09755  1.13353e-03 | 62  0.10379 -1.65142e-03 | 63  0.05231 -2.65077e-03
 64  0.13133 -4.13084e-03 | 65 -0.08677 -5.44726e-03 | 66 -0.03858 -5.20570e-03
 67 -0.01006 -6.43438e-03 | 68 -0.61976  3.78488e-04 | 69  0.03848  1.96833e-02
 70  0.60199  5.04452e-03 | 71  0.15045  2.49244e-04 | 72  0.40542 -2.65587e-02
 73 -0.04397 -1.43046e-04 | 74  0.32325 -6.99373e-06 | 75 -0.36478 -3.69981e-01
 76  0.27910 -8.65498e-07 | 77 -0.24858  1.09386e-01 | 78  0.37510 -1.99478e-06
78 variables; iteration 160; function evaluation 201; phase 6
Function value 1.7087430e+02; maximum gradient component mag -1.3242e+00
Var    Value     Gradient |Var    Value     Gradient |Var    Value     Gradient
  1 -0.24022 -4.95313e-02 |  2  0.41016 -2.87365e-03 |  3  0.02975  1.41256e-02
  4 -0.51130  2.92064e-02 |  5 -0.53544  1.32382e-02 |  6 -0.26889  2.72872e-01
  7 -0.03928  1.31886e-02 |  8 -0.00072 -1.21873e-04 |  9 -0.00041 -5.38590e-04
 10 -0.00064 -7.23856e-04 | 11 -0.00098 -4.43508e-04 | 12 -0.00152 -8.24421e-04
 13 -0.00233  7.17968e-04 | 14 -0.00354  4.20494e-04 | 15 -0.00536  3.50530e-04
 16 -0.00798 -1.38929e-03 | 17 -0.01171 -3.18397e-04 | 18 -0.01674 -6.46577e-04
 19 -0.02309  6.69283e-04 | 20 -0.03069 -1.29282e-04 | 21 -0.03868  1.02524e-03
 22 -0.04514 -2.74496e-04 | 23 -0.04664  9.25773e-04 | 24 -0.03985  6.77185e-04
 25 -0.02769  5.28778e-04 | 26 -0.01850  1.53339e-03 | 27  0.00392  1.64729e-03
 28  0.11974 -6.96580e-03 | 29  0.07312 -8.40021e-03 | 30  0.06172 -7.16201e-03
 31 -0.08820 -1.32808e-02 | 32 -0.13011 -1.07121e-02 | 33  0.10386  2.00309e-02
 34 -0.12167 -9.33230e-03 | 35  0.11724  2.27056e-02 | 36 -0.02130 -2.44450e-03
 37 -0.08956 -9.74121e-03 | 38 -0.23160 -1.36946e-02 | 39 -0.09200 -1.65367e-03
 40  0.04681  2.26757e-02 | 41  0.01842  8.81489e-03 | 42  0.01322  3.42652e-03
 43  0.13638  2.93392e-02 | 44  0.00256 -7.17997e-03 | 45 -0.07308 -9.29008e-03
 46 -0.07560 -9.29742e-03 | 47  0.06460  1.41094e-02 | 48 -0.01094 -2.94419e-03
 49 -0.06660 -6.19790e-03 | 50  0.08132  1.93201e-02 | 51  0.05170 -2.42353e-03
 52 -0.07251 -9.82946e-03 | 53 -0.02634 -5.63780e-03 | 54 -0.04696 -1.12102e-03
 55 -0.08031 -2.47593e-03 | 56  0.00737  1.98202e-02 | 57  0.04544  9.45568e-03
 58 -0.04400 -2.14239e-03 | 59  0.13017  3.19250e-02 | 60 -0.05499 -7.08669e-03
 61  0.09755  4.49034e-03 | 62  0.10379 -3.25093e-03 | 63  0.05231 -7.05488e-03
 64  0.13133 -1.26286e-02 | 65 -0.08677 -1.75018e-02 | 66 -0.03859 -1.60621e-02
 67 -0.01006 -1.91124e-02 | 68 -0.61976 -1.01717e-04 | 69  0.03850  6.28756e-02
 70  0.60200  6.32593e-03 | 71  0.14974  6.28414e-04 | 72  0.40542 -3.07380e-02
 73 -0.01174  5.33115e-05 | 74  0.32477 -2.19518e-06 | 75 -0.36640 -1.32415e+00
 76  0.27732 -7.00909e-05 | 77 -0.25450  3.56793e-01 | 78  0.37544 -3.23509e-05
78 variables; iteration 180; function evaluation 222; phase 6
Function value 1.7087429e+02; maximum gradient component mag -3.3884e-03
Var    Value     Gradient |Var    Value     Gradient |Var    Value     Gradient
  1 -0.24021 -2.78433e-04 |  2  0.41016  3.60601e-05 |  3  0.02975  3.52493e-04
  4 -0.51130  9.52413e-04 |  5 -0.53544  7.05978e-04 |  6 -0.26889  1.17807e-03
  7 -0.03928  3.63954e-05 |  8 -0.00072  7.91791e-07 |  9 -0.00041  1.39474e-05
 10 -0.00063  1.12975e-05 | 11 -0.00098  6.37443e-06 | 12 -0.00151  1.43353e-05
 13 -0.00233 -1.25622e-05 | 14 -0.00354 -4.30134e-06 | 15 -0.00536 -3.59676e-06
 16 -0.00797  8.46553e-06 | 17 -0.01170  1.58296e-05 | 18 -0.01673  1.39452e-05
 19 -0.02309 -8.25098e-06 | 20 -0.03069  6.10743e-06 | 21 -0.03868 -1.30458e-05
 22 -0.04513  1.82438e-05 | 23 -0.04664 -5.56042e-06 | 24 -0.03985  1.66580e-06
 25 -0.02769  1.32924e-05 | 26 -0.01850 -3.61728e-06 | 27  0.00393  1.06087e-05
 28  0.11974 -3.97980e-05 | 29  0.07312 -3.59557e-05 | 30  0.06172 -1.56863e-05
 31 -0.08820 -5.36177e-05 | 32 -0.13011 -5.14074e-05 | 33  0.10386  7.05893e-05
 34 -0.12167 -3.48663e-05 | 35  0.11724  1.09129e-04 | 36 -0.02130 -2.12495e-05
 37 -0.08956 -3.05758e-05 | 38 -0.23160 -5.43330e-05 | 39 -0.09200 -1.66198e-05
 40  0.04681  8.25044e-05 | 41  0.01842  5.63321e-05 | 42  0.01322  4.75148e-05
 43  0.13638  1.67426e-04 | 44  0.00256 -3.39888e-06 | 45 -0.07308 -2.16381e-05
 46 -0.07560 -1.77920e-05 | 47  0.06460  5.50267e-05 | 48 -0.01094 -3.58549e-06
 49 -0.06660 -1.92723e-05 | 50  0.08132  1.18733e-04 | 51  0.05170  4.59233e-05
 52 -0.07251 -1.30505e-05 | 53 -0.02634  2.56527e-05 | 54 -0.04696  7.06282e-06
 55 -0.08031 -1.45432e-05 | 56  0.00737  7.26541e-05 | 57  0.04544  8.78316e-05
 58 -0.04400  2.74911e-05 | 59  0.13017  1.68113e-04 | 60 -0.05499 -5.95808e-05
 61  0.09755  1.34729e-05 | 62  0.10379 -4.43420e-05 | 63  0.05231 -3.32047e-05
 64  0.13133 -4.73611e-05 | 65 -0.08677 -7.26196e-05 | 66 -0.03859 -5.70684e-05
 67 -0.01006 -7.16125e-05 | 68 -0.61976 -3.06680e-06 | 69  0.03849  1.88474e-04
 70  0.60199  1.43972e-04 | 71  0.14858  1.37511e-06 | 72  0.40542 -7.80800e-04
 73 -0.01536  1.03031e-07 | 74  0.32491 -2.81439e-07 | 75 -0.36768 -3.38841e-03
 76  0.27970  1.82303e-07 | 77 -0.25936  8.86150e-04 | 78  0.37529 -2.70565e-08

 - final statistics:
78 variables; iteration 183; function evaluation 225
Function value 1.7087e+02; maximum gradient component mag 2.2909e-05
Exit code = 1;  converg criter 1.0000e-04
Var    Value     Gradient |Var    Value     Gradient |Var    Value     Gradient
  1 -0.24021 -8.25318e-07 |  2  0.41016  5.54018e-07 |  3  0.02975  2.93369e-06
  4 -0.51130  8.63224e-06 |  5 -0.53544  6.64655e-06 |  6 -0.26889  5.36004e-07
  7 -0.03928 -3.03580e-07 |  8 -0.00072  6.96600e-09 |  9 -0.00041  2.71982e-07
 10 -0.00063  2.16672e-07 | 11 -0.00098  1.26486e-07 | 12 -0.00151  2.51651e-07
 13 -0.00233 -2.00434e-07 | 14 -0.00354 -4.83646e-08 | 15 -0.00536 -1.16763e-07
 16 -0.00797  1.62870e-07 | 17 -0.01170  3.68968e-07 | 18 -0.01673  1.96938e-07
 19 -0.02309 -1.93495e-07 | 20 -0.03069  2.17740e-07 | 21 -0.03868 -1.24716e-07
 22 -0.04513  2.86545e-07 | 23 -0.04664 -1.01588e-07 | 24 -0.03985  8.00215e-08
 25 -0.02769  2.52941e-07 | 26 -0.01850 -1.22454e-07 | 27  0.00393  1.18206e-08
 28  0.11974 -1.86677e-07 | 29  0.07312  6.43337e-08 | 30  0.06172  4.88010e-08
 31 -0.08820 -7.32402e-08 | 32 -0.13011  8.82145e-08 | 33  0.10386 -2.01919e-07
 34 -0.12167  3.48671e-08 | 35  0.11724  1.40269e-07 | 36 -0.02130 -6.85210e-08
 37 -0.08956 -7.77711e-08 | 38 -0.23160 -9.15214e-08 | 39 -0.09200 -1.00554e-07
 40  0.04681 -1.19799e-07 | 41  0.01842  8.81612e-08 | 42  0.01322  5.25064e-07
 43  0.13638  4.98179e-07 | 44  0.00256  3.20219e-07 | 45 -0.07308  3.28954e-07
 46 -0.07560  3.42720e-07 | 47  0.06460  1.12536e-08 | 48 -0.01094  3.30479e-08
 49 -0.06660  4.22909e-08 | 50  0.08132  5.31132e-07 | 51  0.05170  3.78452e-07
 52 -0.07251  3.95447e-07 | 53 -0.02634  7.33716e-07 | 54 -0.04696  1.71997e-07
 55 -0.08031 -1.69469e-07 | 56  0.00737 -3.31132e-07 | 57  0.04544  6.63901e-07
 58 -0.04400  3.12210e-07 | 59  0.13017  2.97866e-07 | 60 -0.05499 -5.73155e-07
 61  0.09755  2.94927e-07 | 62  0.10379 -6.13873e-07 | 63  0.05231  2.18094e-07
 64  0.13133  8.52308e-09 | 65 -0.08677 -5.41400e-07 | 66 -0.03859  1.02605e-07
 67 -0.01006  8.50530e-08 | 68 -0.61976 -2.54190e-07 | 69  0.03849 -7.78261e-07
 70  0.60199  1.25873e-06 | 71  0.14857 -4.81344e-08 | 72  0.40542 -6.73211e-06
 73 -0.01536 -1.29284e-09 | 74  0.32492 -2.34944e-08 | 75 -0.36768  2.29086e-05
 76  0.27970  1.55537e-08 | 77 -0.25939 -5.95830e-06 | 78  0.37530 -1.41093e-09
Estimating row 1 out of 78 for hessian
Estimating row 2 out of 78 for hessian
Estimating row 3 out of 78 for hessian
Estimating row 4 out of 78 for hessian
Estimating row 5 out of 78 for hessian
Estimating row 6 out of 78 for hessian
Estimating row 7 out of 78 for hessian
Estimating row 8 out of 78 for hessian
Estimating row 9 out of 78 for hessian
Estimating row 10 out of 78 for hessian
Estimating row 11 out of 78 for hessian
Estimating row 12 out of 78 for hessian
Estimating row 13 out of 78 for hessian
Estimating row 14 out of 78 for hessian
Estimating row 15 out of 78 for hessian
Estimating row 16 out of 78 for hessian
Estimating row 17 out of 78 for hessian
Estimating row 18 out of 78 for hessian
Estimating row 19 out of 78 for hessian
Estimating row 20 out of 78 for hessian
Estimating row 21 out of 78 for hessian
Estimating row 22 out of 78 for hessian
Estimating row 23 out of 78 for hessian
Estimating row 24 out of 78 for hessian
Estimating row 25 out of 78 for hessian
Estimating row 26 out of 78 for hessian
Estimating row 27 out of 78 for hessian
Estimating row 28 out of 78 for hessian
Estimating row 29 out of 78 for hessian
Estimating row 30 out of 78 for hessian
Estimating row 31 out of 78 for hessian
Estimating row 32 out of 78 for hessian
Estimating row 33 out of 78 for hessian
Estimating row 34 out of 78 for hessian
Estimating row 35 out of 78 for hessian
Estimating row 36 out of 78 for hessian
Estimating row 37 out of 78 for hessian
Estimating row 38 out of 78 for hessian
Estimating row 39 out of 78 for hessian
Estimating row 40 out of 78 for hessian
Estimating row 41 out of 78 for hessian
Estimating row 42 out of 78 for hessian
Estimating row 43 out of 78 for hessian
Estimating row 44 out of 78 for hessian
Estimating row 45 out of 78 for hessian
Estimating row 46 out of 78 for hessian
Estimating row 47 out of 78 for hessian
Estimating row 48 out of 78 for hessian
Estimating row 49 out of 78 for hessian
Estimating row 50 out of 78 for hessian
Estimating row 51 out of 78 for hessian
Estimating row 52 out of 78 for hessian
Estimating row 53 out of 78 for hessian
Estimating row 54 out of 78 for hessian
Estimating row 55 out of 78 for hessian
Estimating row 56 out of 78 for hessian
Estimating row 57 out of 78 for hessian
Estimating row 58 out of 78 for hessian
Estimating row 59 out of 78 for hessian
Estimating row 60 out of 78 for hessian
Estimating row 61 out of 78 for hessian
Estimating row 62 out of 78 for hessian
Estimating row 63 out of 78 for hessian
Estimating row 64 out of 78 for hessian
Estimating row 65 out of 78 for hessian
Estimating row 66 out of 78 for hessian
Estimating row 67 out of 78 for hessian
Estimating row 68 out of 78 for hessian
Estimating row 69 out of 78 for hessian
Estimating row 70 out of 78 for hessian
Estimating row 71 out of 78 for hessian
Estimating row 72 out of 78 for hessian
Estimating row 73 out of 78 for hessian
Estimating row 74 out of 78 for hessian
Estimating row 75 out of 78 for hessian
Estimating row 76 out of 78 for hessian
Estimating row 77 out of 78 for hessian
Estimating row 78 out of 78 for hessian
size of file gradfil1.tmp = 0
size of file gradfil2.tmp = 0
size of file varssave.tmp = 0
size of file cmpdiff.tmp = 0
