
Initial statistics: 66 variables; iteration 0; function evaluation 0; phase 1
Function value 2.3799211e+05; maximum gradient component mag -2.2882e+06
Var    Value     Gradient |Var    Value     Gradient |Var    Value     Gradient
  1 -0.31374 -2.28823e+06 |  2 -0.06146 -3.32384e+05 |  3 -0.02395 -4.83334e+02
  4  0.02339 -2.77403e+02 |  5  0.02860 -4.04963e+02 |  6  0.00440 -4.72513e+02
  7  0.04780 -9.18873e+02 |  8  0.03829 -1.19207e+03 |  9  0.02206 -1.46300e+03
 10 -0.03253 -1.32547e+03 | 11 -0.04144 -1.70208e+03 | 12 -0.02975 -2.55521e+03
 13 -0.01852 -3.74993e+03 | 14 -0.04655 -3.99971e+03 | 15 -0.03683 -5.68229e+03
 16  0.01595 -1.11693e+04 | 17 -0.01162 -1.14893e+04 | 18 -0.00938 -1.46252e+04
 19  0.00408 -1.98435e+04 | 20  0.00968 -2.46371e+04 | 21 -0.02403 -2.18701e+04
 22  0.02446 -3.63148e+04 | 23 -0.04384  8.00476e+04 | 24  0.02786  1.79737e+04
 25 -0.03249  5.54434e+04 | 26 -0.01288  3.18743e+04 | 27 -0.02874  3.89474e+04
 28  0.03122 -3.43987e+04 | 29  0.01769 -2.47726e+04 | 30 -0.04294  3.28644e+04
 31  0.03662 -7.14532e+04 | 32  0.01081 -3.89005e+04 | 33  0.03954 -9.15091e+04
 34  0.05690 -1.39028e+05 | 35 -0.02339 -2.08313e+04 | 36  0.02529 -1.14928e+05
 37  0.01608 -1.13143e+05 | 38 -0.03540 -3.89304e+04 | 39  0.03987 -1.84040e+05
 40 -0.03954 -2.53201e+04 | 41 -0.02459 -4.12146e+04 | 42 -0.03491 -2.79587e+04
 43 -0.02672 -3.81711e+04 | 44  0.02642 -1.32803e+05 | 45 -0.00044 -6.77237e+04
 46  0.05288 -1.52249e+05 | 47 -0.02164 -8.63463e+03 | 48  0.02062 -4.68906e+04
 49  0.01862 -2.88012e+04 | 50  0.05469 -7.32040e+04 | 51 -0.04520  4.40988e+04
 52  0.02991 -3.68285e+04 | 53 -0.02677  2.92674e+04 | 54 -0.01676  3.07151e+04
 55  0.00794  2.82447e+04 | 56 -0.00997  6.66166e+04 | 57 -0.02378  9.60678e+04
 58 -0.02437  1.13025e+05 | 59 -0.01637  1.21116e+05 | 60 -0.03515  1.26356e+05
 61  0.00332  1.17282e+05 | 62  0.05689  1.00298e+05 | 63 -0.00950  1.07507e+05
 64  0.01015  1.12826e+05 | 65  0.01031  1.01325e+05 | 66 -0.01805  1.01034e+05

Intermediate statistics: 66 variables; iteration 20; function evaluation 45; phase 1
Function value 1.1832245e+04; maximum gradient component mag 2.6292e+04
Var    Value     Gradient |Var    Value     Gradient |Var    Value     Gradient
  1 -0.09382  2.62917e+04 |  2 -0.05033 -1.03126e+03 |  3  0.01846  4.68822e+00
  4  0.02136  3.84920e+00 |  5  0.02936  5.39297e+00 |  6  0.02560  5.34325e+00
  7  0.06027  1.16140e+01 |  8  0.06991  1.45906e+01 |  9  0.07649  1.78138e+01
 10  0.05239  1.57136e+01 | 11  0.06377  2.17168e+01 | 12  0.09727  3.65583e+01
 13  0.13492  6.04899e+01 | 14  0.12218  6.93265e+01 | 15  0.14938  1.08010e+02
 16  0.21133  2.12967e+02 | 17  0.15558  1.90077e+02 | 18  0.10345  1.67630e+02
 19  0.02042  1.06745e+02 | 20 -0.09057  3.77896e+01 | 21 -0.18729 -1.04289e-01
 22 -0.29153 -2.35259e+01 | 23 -0.38996 -1.06957e+03 | 24 -0.02902 -1.03369e+03
 25  0.01669 -9.64646e+02 | 26 -0.07620 -1.23180e+03 | 27 -0.17739 -1.25492e+03
 28  0.00217 -9.54747e+02 | 29  0.01071 -9.89886e+02 | 30 -0.22470 -1.47188e+03
 31  0.08957  1.52916e+03 | 32 -0.00032  3.68979e+02 | 33 -1.85392  8.67598e+02
 34 -0.18013 -1.14713e+03 | 35 -0.00286 -5.47981e+02 | 36  0.08883  7.06892e+02
 37  0.06170  4.44356e+01 | 38 -0.06460 -1.01864e+03 | 39  0.10004  1.52129e+03
 40  0.00110  1.77482e+00 | 41 -0.00703 -1.36092e+02 | 42  0.01207 -3.32877e+02
 43  0.02058 -1.98142e+02 | 44 -0.08911 -1.06570e+03 | 45 -0.00724 -1.27158e+03
 46 -0.06043 -1.33859e+03 | 47 -0.06139 -1.14187e+03 | 48 -0.15218 -1.31626e+03
 49 -0.18846 -1.28043e+03 | 50 -0.04126 -4.06117e+02 | 51 -0.06450 -9.36672e+02
 52  0.06533  1.18326e+03 | 53  0.06282  7.55314e+02 | 54  0.12249  1.13396e+03
 55 -1.44079  8.51563e+02 | 56  0.26669  5.71203e+03 | 57 -0.02217 -7.43800e+02
 58  0.17998  1.96376e+03 | 59  0.15643  1.61560e+03 | 60  0.08871  9.37057e+02
 61  0.02165  1.20033e+02 | 62  0.20191  2.75564e+03 | 63  0.25978  3.12908e+03
 64  0.33788  2.37306e+03 | 65  0.32039  3.26647e+03 | 66  0.42699  3.57775e+03
66 variables; iteration 40; function evaluation 65; phase 1
Function value 1.1599997e+04; maximum gradient component mag 2.6086e+04
Var    Value     Gradient |Var    Value     Gradient |Var    Value     Gradient
  1 -0.09793  2.60860e+04 |  2 -0.03452  1.15037e+03 |  3  0.32408  6.16822e+01
  4  0.04541  7.68695e+00 |  5  0.08838  1.48504e+01 |  6  0.21631  3.73934e+01
  7  0.23827  4.56739e+01 |  8  0.33387  7.81246e+01 |  9  0.36432  1.06625e+02
 10  0.31735  1.07863e+02 | 11  0.22486  8.33315e+01 | 12  0.13054  5.67566e+01
 13  0.11060  6.15664e+01 | 14  0.10441  7.52547e+01 | 15  0.14460  1.31983e+02
 16  0.17848  2.19888e+02 | 17  0.12701  2.01173e+02 | 18  0.10691  2.27850e+02
 19  0.05384  1.94259e+02 | 20 -0.15335  2.44011e+01 | 21 -0.07719  8.74537e+01
 22 -0.57355 -4.09918e+01 | 23 -0.55968 -8.17172e+02 | 24  0.00779 -7.61130e+02
 25 -0.00381 -8.48716e+02 | 26 -0.09082 -1.07981e+03 | 27 -0.04482 -8.20224e+02
 28 -0.01850 -9.60816e+02 | 29 -0.01843 -1.04949e+03 | 30 -0.17562 -1.43181e+03
 31  0.09152  1.67405e+03 | 32 -0.00700  3.37677e+02 | 33 -1.87915  7.01901e+02
 34 -0.14410 -1.01267e+03 | 35 -0.01790 -6.62312e+02 | 36  0.08211  5.55690e+02
 37  0.07574  2.28927e+02 | 38 -0.06858 -1.00809e+03 | 39  0.08796  1.13744e+03
 40  0.01150  1.11273e+02 | 41 -0.00062 -4.72571e+01 | 42  0.03558 -1.05490e+02
 43 -0.00495 -5.44203e+02 | 44 -0.09466 -1.17991e+03 | 45 -0.04228 -1.54935e+03
 46 -0.05229 -1.38333e+03 | 47 -0.06761 -1.16999e+03 | 48 -0.16014 -1.28993e+03
 49 -0.16242 -1.21193e+03 | 50 -0.05026 -4.75361e+02 | 51 -0.03592 -6.76144e+02
 52  0.06318  1.14273e+03 | 53  0.07620  1.03355e+03 | 54  0.12213  1.12913e+03
 55 -1.46524  8.53826e+02 | 56  0.26703  5.72017e+03 | 57 -0.01080 -6.24626e+02
 58  0.17908  1.99520e+03 | 59  0.15859  1.70783e+03 | 60  0.05498  3.94329e+02
 61  0.02192  1.68983e+02 | 62  0.20336  2.88082e+03 | 63  0.25442  3.08123e+03
 64  0.32859  2.31236e+03 | 65  0.31638  3.33934e+03 | 66  0.41059  3.41836e+03
66 variables; iteration 60; function evaluation 91; phase 1
Function value 8.4765149e+03; maximum gradient component mag 2.0729e+04
Var    Value     Gradient |Var    Value     Gradient |Var    Value     Gradient
  1 -0.10833  2.07292e+04 |  2  0.02318  4.21335e+03 |  3  1.67706 -1.09022e+02
  4  0.04882  1.10265e+01 |  5  0.08273  1.91265e+01 |  6  0.15867  4.02224e+01
  7  0.03804  1.60670e+01 |  8  0.02293  1.66186e+01 |  9  0.09045  4.39993e+01
 10 -0.09824 -3.42598e+00 | 11 -0.10392 -8.23409e-01 | 12  0.16192  1.66902e+02
 13 -1.04550  6.29429e+00 | 14 -0.00243  7.80147e+01 | 15 -0.00913  9.97173e+01
 16 -0.50652 -4.14965e+01 | 17 -1.75978  1.65839e+00 | 18 -0.28220 -7.71696e+00
 19 -0.25759  6.08041e+00 | 20 -0.43030 -3.39912e+01 | 21 -0.59854 -3.98141e+01
 22 -0.46474 -2.85057e+01 | 23 -0.00444 -4.22286e+02 | 24  0.03423 -3.43228e+02
 25 -0.11582 -8.94215e+02 | 26 -0.10967 -9.47084e+02 | 27 -0.00680 -2.22886e+02
 28  0.03878  8.83627e+01 | 29 -0.03503 -5.93239e+02 | 30 -0.09355 -9.36718e+02
 31  0.08624  1.86143e+03 | 32 -0.03575  3.29201e+02 | 33 -2.00636 -9.59961e+02
 34  0.04503  1.19446e+03 | 35  0.02295  2.15564e+02 | 36  0.03714  3.27060e+01
 37  0.04723 -1.08175e+02 | 38 -0.03086 -7.73812e+02 | 39  0.01519 -9.64616e+01
 40  0.01112  1.03584e+02 | 41  0.00256 -7.50831e+01 | 42 -0.06693 -8.91648e+02
 43 -0.00038 -8.83779e+02 | 44 -0.20628 -1.11462e+03 | 45 -0.07902 -1.58303e+03
 46  0.00429 -8.27999e+02 | 47 -0.14048 -9.34656e+02 | 48 -0.09509 -6.76024e+02
 49 -0.03912  5.47059e+01 | 50  0.01886  1.14780e+03 | 51 -0.00294  1.07339e+02
 52  0.06977  1.33110e+03 | 53  0.02745  2.81855e+02 | 54  0.09680  4.11790e+02
 55 -1.48902  6.84346e+02 | 56  0.12723  1.07879e+03 | 57  0.10011  8.77867e+02
 58  0.11979  1.15282e+03 | 59  0.13380  1.74948e+03 | 60  0.07570  1.42506e+03
 61  0.00511  5.24109e+02 | 62  0.14227  2.52292e+03 | 63  0.17025  2.54101e+03
 64  0.14223  7.10639e+02 | 65  0.14338  1.65256e+03 | 66  0.17018  1.06575e+03
Maximum number of function evaluations exceeded

 - final statistics:
66 variables; iteration 68; function evaluation 100
Function value 7.0450e+03; maximum gradient component mag 1.5302e+04
Exit code = 3;  converg criter 1.0000e+01
Var    Value     Gradient |Var    Value     Gradient |Var    Value     Gradient
  1 -0.15209  1.53020e+04 |  2  0.03534  5.06467e+03 |  3  1.89982 -3.60996e+01
  4  0.68070  1.98335e+02 |  5 -0.32098 -3.70926e+01 |  6  0.16579  5.08229e+01
  7 -0.16757 -1.92795e+01 |  8  0.03574  2.62376e+01 |  9  0.10477  6.46677e+01
 10  0.09200  7.64552e+01 | 11 -0.60235 -4.16695e+01 | 12 -0.35391 -3.61054e+01
 13 -0.80075 -2.57855e+01 | 14 -0.17937  3.35990e+00 | 15 -0.32902 -2.68696e+01
 16 -1.35817  3.84503e+01 | 17 -1.76237 -1.12786e+01 | 18 -0.31566 -7.65446e+00
 19 -0.12940  1.45969e+02 | 20 -0.70985 -3.24179e+01 | 21 -0.31827  1.63113e+01
 22 -0.55565 -3.03381e+01 | 23  0.05740  2.95842e+02 | 24  0.10379  9.66607e+02
 25 -0.06971 -3.93645e+02 | 26  0.00269  2.30968e+02 | 27  0.03522  8.31961e+02
 28  0.05595  1.01527e+03 | 29  0.01085  3.26254e+02 | 30 -0.02301 -2.23404e+02
 31  0.06073  1.28576e+03 | 32 -0.04826  1.94382e+02 | 33 -1.98038 -6.19070e+02
 34  0.07961  1.94463e+03 | 35  0.01379  1.87626e+02 | 36  0.03179  6.12653e+01
 37  0.03122 -1.51714e+01 | 38  0.08257  3.69409e+02 | 39 -0.00305 -1.31979e+02
 40 -0.02364 -2.72310e+02 | 41 -0.05656 -5.17524e+02 | 42 -0.04882 -8.45127e+02
 43 -0.02144 -4.92642e+02 | 44  0.06660  2.30455e+02 | 45 -0.03102 -8.77332e+02
 46  0.00745 -9.64751e+02 | 47 -0.15486 -1.08064e+03 | 48 -0.16894 -1.01758e+03
 49 -0.02766 -2.04822e+02 | 50  0.01880  5.69498e+02 | 51 -0.03787 -6.69280e+02
 52  0.03529 -2.53909e+02 | 53 -0.02415 -8.43482e+02 | 54  0.08072 -1.21348e+03
 55 -1.11840  1.72611e+02 | 56  0.04320 -9.05428e+02 | 57  0.09671  8.40823e+01
 58  0.04601 -3.61857e+02 | 59  0.05481 -2.13261e+02 | 60  0.01953  3.88528e+02
 61 -0.01766  1.72687e+02 | 62  0.05433  8.32095e+02 | 63  0.09426  1.03030e+03
 64  0.07820  1.22369e+02 | 65  0.06327  6.40251e+02 | 66  0.08190  2.17520e+02

Initial statistics: 71 variables; iteration 0; function evaluation 0; phase 2
Function value 7.0449521e+03; maximum gradient component mag 1.5302e+04
Var    Value     Gradient |Var    Value     Gradient |Var    Value     Gradient
  1 -0.48988 -2.93212e+03 |  2  0.53953 -2.21138e+03 |  3  0.07379  4.16163e+03
  4 -0.34254  7.04050e+03 |  5 -0.60578  4.51371e+03 |  6 -0.15209  1.53020e+04
  7  0.03534  5.06467e+03 |  8  0.10018  3.60996e+01 |  9  0.68070  1.98335e+02
 10 -0.32098 -3.70926e+01 | 11  0.16579  5.08229e+01 | 12 -0.16757 -1.92795e+01
 13  0.03574  2.62376e+01 | 14  0.10477  6.46677e+01 | 15  0.09200  7.64552e+01
 16 -0.60235 -4.16695e+01 | 17 -0.35391 -3.61054e+01 | 18 -0.80075 -2.57855e+01
 19 -0.17937  3.35990e+00 | 20 -0.32902 -2.68696e+01 | 21 -0.64183 -3.84503e+01
 22 -0.23763  1.12786e+01 | 23 -0.31566 -7.65446e+00 | 24 -0.12940  1.45969e+02
 25 -0.70985 -3.24179e+01 | 26 -0.31827  1.63113e+01 | 27 -0.55565 -3.03381e+01
 28  0.05727  2.92244e+02 | 29  0.10366  9.63070e+02 | 30 -0.06984 -3.97232e+02
 31  0.00256  2.27351e+02 | 32  0.03509  8.28358e+02 | 33  0.05582  1.01169e+03
 34  0.01072  3.22638e+02 | 35 -0.02314 -2.27018e+02 | 36  0.06060  1.28219e+03
 37 -0.04838  1.90772e+02 | 38 -0.01975  6.15450e+02 | 39  0.07948  1.94109e+03
 40  0.01367  1.84010e+02 | 41  0.03166  5.76525e+01 | 42  0.03109 -1.87851e+01
 43  0.08244  3.65832e+02 | 44 -0.00318 -1.35596e+02 | 45 -0.02377 -2.75923e+02
 46 -0.05669 -5.21118e+02 | 47 -0.04895 -8.48721e+02 | 48 -0.02157 -4.96254e+02
 49  0.06647  2.26862e+02 | 50 -0.03115 -8.80937e+02 | 51  0.00732 -9.68371e+02
 52 -0.15499 -1.08409e+03 | 53 -0.16908 -1.02101e+03 | 54 -0.02779 -2.08435e+02
 55  0.01867  5.65885e+02 | 56 -0.03800 -6.72883e+02 | 57  0.03517 -2.57524e+02
 58 -0.02428 -8.47091e+02 | 59  0.08059 -1.21710e+03 | 60 -0.88230 -1.72267e+02
 61  0.04307 -9.09050e+02 | 62  0.09658  8.05087e+01 | 63  0.04588 -3.65471e+02
 64  0.05468 -2.16869e+02 | 65  0.01940  3.84914e+02 | 66 -0.01779  1.69069e+02
 67  0.05420  8.28505e+02 | 68  0.09413  1.02676e+03 | 69  0.07807  1.18781e+02
 70  0.06314  6.36664e+02 | 71  0.08177  2.13938e+02 |

Intermediate statistics: 71 variables; iteration 20; function evaluation 28; phase 2
Function value 4.7757412e+03; maximum gradient component mag 2.5097e+03
Var    Value     Gradient |Var    Value     Gradient |Var    Value     Gradient
  1 -1.26417  3.97066e+01 |  2  1.17690  8.85393e+02 |  3 -0.15543 -1.74983e+03
  4 -0.65650 -2.07894e+03 |  5 -0.16594 -5.55438e+02 |  6 -0.28583  2.50974e+03
  7  0.04071  7.07648e+02 |  8 -0.03324 -6.13258e-01 |  9 -0.00399  1.32176e+00
 10 -0.06582 -7.54821e+00 | 11 -0.03095 -1.50250e+00 | 12 -0.03153 -5.93764e-01
 13 -0.03909 -6.01316e-01 | 14 -0.07535 -5.60954e+00 | 15 -0.09637 -7.84903e+00
 16 -0.26262 -3.07055e+01 | 17 -0.09059 -2.53886e+00 | 18 -0.55820 -4.32825e+01
 19 -0.08587  5.69811e+00 | 20 -0.10029  6.35644e+00 | 21 -0.31300 -3.21911e+01
 22 -0.12363  1.02131e+01 | 23 -0.12878  1.48517e+01 | 24 -0.20845 -6.14882e+00
 25 -0.40836 -3.72462e+01 | 26 -0.14679  2.92490e+01 | 27 -0.24342 -1.21088e+00
 28 -0.04417 -4.18689e+01 | 29  0.07688  1.91588e+02 | 30 -0.12053 -6.03440e+01
 31  0.06952  2.98166e+02 | 32  0.03255  2.74843e+02 | 33  0.03039  2.37615e+02
 34  0.09361  2.43603e+02 | 35  0.00349 -5.74028e+01 | 36  0.05462  1.57920e+02
 37 -0.02641  1.01868e+02 | 38 -0.10151  3.03014e+01 | 39  0.01339  2.31958e+02
 40  0.05058  1.54971e+01 | 41  0.09149  8.82559e+01 | 42  0.10376  1.38528e+02
 43  0.15571  3.30454e+02 | 44  0.01927  6.07362e+01 | 45 -0.01478 -1.70357e+01
 46 -0.04527 -7.74936e+01 | 47  0.07696 -4.91878e+01 | 48  0.06786 -5.54929e+01
 49 -0.57767 -1.57795e+02 | 50  0.17360  1.88170e+02 | 51 -0.31931 -3.89501e+02
 52  0.07504  2.18513e+02 | 53  0.01213  1.43382e+02 | 54 -0.05418 -1.48256e+02
 55 -0.15559 -2.64950e+02 | 56  0.06275 -4.14968e+01 | 57  0.01593 -6.85338e+01
 58  0.11548  3.30338e+02 | 59  0.17452  2.06965e+02 | 60 -0.63823 -1.16666e+02
 61  0.14047 -1.39749e+02 | 62  0.06681 -2.71898e+02 | 63  0.11204 -1.94185e+02
 64  0.09120 -3.05325e+02 | 65 -0.05519 -1.14882e+02 | 66 -0.04323 -9.14596e+01
 67 -0.03809 -2.14660e+01 | 68  0.06112  1.15818e+02 | 69  0.08277  5.12956e+01
 70 -0.13684 -1.20207e+02 | 71  0.09405  2.36634e+02 |
71 variables; iteration 40; function evaluation 49; phase 2
Function value 4.6024522e+03; maximum gradient component mag -1.9234e+03
Var    Value     Gradient |Var    Value     Gradient |Var    Value     Gradient
  1 -1.19012 -5.69826e+01 |  2  1.11468  5.75246e+02 |  3 -0.15030 -1.56692e+03
  4 -0.64429 -1.92341e+03 |  5 -0.17864 -6.74984e+02 |  6 -0.27247  1.05899e+03
  7  0.04080  1.83106e+03 |  8 -0.05780 -3.85181e+00 |  9 -0.28713 -3.45804e+01
 10  0.09910  2.06510e+01 | 11 -0.08800 -9.88772e+00 | 12  0.00733  7.47454e+00
 13 -0.03283  1.81017e+00 | 14 -0.02072  6.52521e+00 | 15 -0.00116  1.45566e+01
 16 -0.04873  6.72289e+00 | 17 -0.04222  1.30749e+01 | 18 -0.01433  2.90297e+01
 19 -0.08729  1.07049e+01 | 20 -0.08027  2.01347e+01 | 21 -0.05140  4.36675e+01
 22 -0.13404  1.54631e+01 | 23 -0.14699  1.85742e+01 | 24 -0.13258  3.56518e+01
 25 -0.10940  6.38060e+01 | 26 -0.18222  2.82534e+01 | 27 -0.16246  5.47108e+01
 28 -0.03111  2.31913e+02 | 29  0.02752  3.57794e+02 | 30 -0.07904  2.25944e+02
 31  0.06730  5.66570e+02 | 32  0.00814  4.21003e+02 | 33  0.01410  3.94964e+02
 34  0.08412  3.97848e+02 | 35  0.00149  1.93967e+02 | 36  0.07934  5.66382e+02
 37 -0.06211  1.98078e+02 | 38 -0.09378  2.40817e+02 | 39 -0.02257  2.59502e+02
 40  0.04438  8.67479e+01 | 41  0.08569  1.05177e+02 | 42  0.08883  9.58565e+01
 43  0.15217  1.33973e+02 | 44 -0.00252  8.35861e+01 | 45 -0.04545  5.90033e+01
 46 -0.01478  6.13152e+01 | 47  0.03081 -1.46832e+02 | 48  0.07268 -9.50622e+01
 49 -0.60405 -1.35609e+01 | 50  0.16848 -7.34514e+01 | 51 -0.26170 -2.09338e+02
 52  0.03940  1.92722e+01 | 53 -0.01525  1.09439e+02 | 54 -0.06675 -1.70770e+00
 55 -0.06591  4.62801e+01 | 56  0.05071 -2.53123e+01 | 57 -0.01504 -3.27721e+01
 58  0.10775  4.47376e+02 | 59  0.17133  6.47073e+02 | 60 -0.00722  7.89734e+01
 61  0.09333 -6.83764e+01 | 62  0.05944 -1.33737e+02 | 63  0.09169 -3.68843e+01
 64  0.12735  2.67655e+02 | 65 -0.06454  1.25234e+02 | 66 -0.04154  1.58393e+02
 67 -0.06087  1.34368e+02 | 68  0.03609  1.87330e+02 | 69  0.06892  1.45405e+02
 70 -0.14835  7.72607e+01 | 71  0.08113  3.16655e+02 |
71 variables; iteration 60; function evaluation 74; phase 2
Function value 4.4309060e+03; maximum gradient component mag -9.9819e+02
Var    Value     Gradient |Var    Value     Gradient |Var    Value     Gradient
  1 -1.10826 -7.96319e+01 |  2  0.98060 -9.52247e+01 |  3 -0.13057 -8.66818e+02
  4 -0.61776 -9.98191e+02 |  5 -0.21749 -3.85667e+02 |  6 -0.27586 -2.34042e+02
  7  0.02953  5.71402e+02 |  8 -0.01588  1.49823e+00 |  9  0.13863  2.31167e+01
 10 -0.00344  1.53958e+00 | 11  0.00015  2.84424e+00 | 12  0.01362  6.16081e+00
 13 -0.02952  3.85891e-03 | 14 -0.04659 -1.67826e+00 | 15 -0.08355 -6.74967e+00
 16  0.03877  2.19706e+01 | 17 -0.03650  7.07734e+00 | 18 -0.09857 -3.88812e+00
 19 -0.05936  8.80450e+00 | 20 -0.07898  7.69552e+00 | 21 -0.13304 -2.75006e+00
 22 -0.11782  5.31166e+00 | 23 -0.13047  5.56034e+00 | 24 -0.16423 -1.46979e+00
 25 -0.26116 -2.22408e+01 | 26 -0.15515  3.27182e+00 | 27 -0.18469 -2.59241e+00
 28 -0.00097  1.83067e+02 | 29 -0.03717  1.51761e+02 | 30 -0.14610  1.17441e+02
 31  0.06313  2.09033e+02 | 32  0.02724  3.20759e+02 | 33  0.00236  2.20841e+02
 34  0.07492  1.29627e+02 | 35  0.02479  1.73357e+02 | 36  0.05364  2.46935e+02
 37 -0.04139  1.78122e+02 | 38 -0.15961  1.25609e+02 | 39 -0.00968  2.69074e+02
 40  0.05660  9.56360e+01 | 41  0.06940 -1.39239e+01 | 42  0.07501 -3.69604e+01
 43  0.13980 -8.97332e+01 | 44 -0.01847  4.29897e+01 | 45 -0.01581  8.41237e+01
 46 -0.04209  4.94455e+01 | 47  0.01502 -1.19509e+02 | 48  0.09553  7.58841e+01
 49 -0.51718  2.07082e+00 | 50  0.15001 -2.29755e+02 | 51 -0.14460 -2.19559e+02
 52  0.01563 -8.09175e+01 | 53 -0.03409  3.79589e+01 | 54 -0.05562  1.74572e+01
 55 -0.04973  8.85446e+01 | 56  0.03674 -1.29709e+02 | 57 -0.01605 -8.84534e+01
 58  0.08130  1.64569e+02 | 59  0.14878  3.89565e+02 | 60 -0.01321  9.01728e+01
 61  0.09856  1.71363e+02 | 62  0.12560  4.40488e+02 | 63  0.08972  1.87816e+02
 64  0.10309  2.03207e+02 | 65 -0.03516  2.51911e+02 | 66 -0.05749  1.49937e+02
 67 -0.07639  1.25219e+02 | 68 -0.00009  1.19971e+02 | 69  0.07205  2.34952e+02
 70 -0.08225  2.11909e+02 | 71  0.05078  1.58278e+02 |
Maximum number of function evaluations exceeded

 - final statistics:
71 variables; iteration 79; function evaluation 100
Function value 4.3120e+03; maximum gradient component mag -9.8235e+02
Exit code = 3;  converg criter 1.0000e+01
Var    Value     Gradient |Var    Value     Gradient |Var    Value     Gradient
  1 -0.96723  2.84112e+01 |  2  0.98196 -9.22572e+01 |  3 -0.10328 -3.78858e+02
  4 -0.60313 -4.65697e+02 |  5 -0.24893 -3.04716e+02 |  6 -0.26267 -9.82346e+02
  7  0.02112  2.69416e+02 |  8  0.04772  1.32995e+01 |  9 -0.02844 -3.07720e+00
 10 -0.00323  1.25653e+00 | 11 -0.01231  1.73743e-01 | 12 -0.04709 -4.12217e+00
 13 -0.17202 -2.38526e+01 | 14  0.00984  9.95876e+00 | 15 -0.01727  3.40176e+00
 16 -0.02483  5.91202e+00 | 17 -0.13223 -1.41375e+01 | 18 -0.07176  6.15754e-01
 19 -0.09508 -1.72278e+00 | 20 -0.05758  1.40130e+01 | 21 -0.12391 -2.34695e+00
 22 -0.12690  9.08063e-01 | 23 -0.17131 -7.72193e+00 | 24 -0.15067  1.07630e+00
 25 -0.09375  2.26570e+01 | 26 -0.16762 -3.39499e+00 | 27 -0.19611 -1.12045e+01
 28 -0.04203  8.51702e+01 | 29 -0.03953  6.91506e+01 | 30 -0.05219  5.97372e+01
 31  0.04797  3.23244e+01 | 32 -0.03577  4.79088e+01 | 33 -0.00877  5.09680e+01
 34  0.07361 -1.21305e+01 | 35  0.01534  1.55965e+01 | 36  0.03178 -3.19690e-01
 37 -0.05584  3.04118e+01 | 38 -0.12644  7.48512e+01 | 39 -0.07345  3.54982e+01
 40  0.05188 -1.29388e+01 | 41  0.06456 -6.07449e+01 | 42  0.07433 -9.15329e+01
 43  0.11796 -2.22421e+02 | 44 -0.02565 -5.46312e+01 | 45 -0.04250 -2.73752e+01
 46 -0.08026 -2.32898e+01 | 47  0.05509 -7.45585e+01 | 48  0.05399 -5.35297e+01
 49 -0.32041 -7.13498e+01 | 50  0.11191 -1.48806e+02 | 51  0.03858  2.08180e+01
 52 -0.01828  3.77617e+00 | 53 -0.05822 -2.88334e+01 | 54 -0.06386 -3.01206e+01
 55 -0.08775  1.74474e+00 | 56  0.03386 -8.23833e+01 | 57  0.01188 -2.38063e+01
 58  0.05814 -6.46649e+01 | 59  0.08244 -1.95416e+02 | 60  0.04837 -1.85963e+01
 61  0.09130 -4.46673e+01 | 62  0.07000 -3.46916e+01 | 63  0.09063  1.25813e+01
 64  0.09168  8.21349e+00 | 65 -0.07265  6.09912e+01 | 66 -0.06086  6.91098e+01
 67 -0.06217  1.04386e+02 | 68  0.00567  7.85151e+01 | 69  0.04182  1.69787e+01
 70 -0.10457  9.14266e+01 | 71  0.04242  5.90655e+01 |

Initial statistics: 80 variables; iteration 0; function evaluation 0; phase 3
Function value 4.3119505e+03; maximum gradient component mag -1.2521e+04
Var    Value     Gradient |Var    Value     Gradient |Var    Value     Gradient
  1 -0.96723  3.16557e+01 |  2  0.98196 -8.74190e+01 |  3 -0.10328 -3.94417e+02
  4 -0.60313 -4.99325e+02 |  5 -0.24893 -3.33650e+02 |  6 -0.26267 -1.02757e+03
  7  0.02112  2.42286e+02 |  8  0.04772  1.17783e+01 |  9 -0.02844 -2.93470e+00
 10 -0.00323  1.24830e+00 | 11 -0.01231  4.30791e-01 | 12 -0.04709 -4.33063e+00
 13 -0.17202 -2.17325e+01 | 14  0.00984  7.67027e+00 | 15 -0.01727  4.41087e+00
 16 -0.02483  5.06356e+00 | 17 -0.13223 -1.31106e+01 | 18 -0.07176  2.37733e-01
 19 -0.09508 -2.14571e+00 | 20 -0.05758  1.08691e+01 | 21 -0.12391 -2.76454e+00
 22 -0.12690 -1.52410e-01 | 23 -0.17131 -8.31964e+00 | 24 -0.15067 -6.29538e-01
 25 -0.09375  2.02862e+01 | 26 -0.16762 -4.67760e+00 | 27 -0.19611 -1.06733e+01
 28 -0.04173  9.24769e+01 | 29 -0.03923  7.67802e+01 | 30 -0.05189  6.79608e+01
 31  0.04827  3.63278e+01 | 32 -0.03546  5.30957e+01 | 33 -0.00846  5.45246e+01
 34  0.07391 -7.38120e+00 | 35  0.01564  2.27957e+01 | 36  0.03208  6.40921e+00
 37 -0.05553  3.91638e+01 | 38 -0.12613  8.24782e+01 | 39 -0.07314  4.19166e+01
 40  0.05218 -5.76067e+00 | 41  0.06486 -5.16882e+01 | 42  0.07464 -8.13330e+01
 43  0.11827 -2.13198e+02 | 44 -0.02535 -4.38130e+01 | 45 -0.04220 -1.65326e+01
 46 -0.07995 -1.22751e+01 | 47  0.05539 -6.39242e+01 | 48  0.05430 -4.58919e+01
 49 -0.32006 -6.35974e+01 | 50  0.11222 -1.42449e+02 | 51  0.03888  3.09156e+01
 52 -0.01797  1.15544e+01 | 53 -0.05791 -1.81478e+01 | 54 -0.06355 -2.03503e+01
 55 -0.08744  6.68045e+00 | 56  0.03417 -6.99748e+01 | 57  0.01218 -1.61484e+01
 58  0.05844 -5.94655e+01 | 59  0.08275 -1.90929e+02 | 60  0.04867 -6.69163e+00
 61  0.09161 -3.58641e+01 | 62  0.07031 -2.79546e+01 | 63  0.09094  2.21566e+01
 64  0.09199  1.82652e+01 | 65 -0.07235  6.95078e+01 | 66 -0.06056  7.73239e+01
 67 -0.06186  1.12048e+02 | 68  0.00597  8.73272e+01 | 69  0.04212  2.79838e+01
 70 -0.10426  9.94901e+01 | 71  0.04273  6.90434e+01 | 72  0.27332 -4.55709e+02
 73 -0.38317 -1.76372e+00 | 74  0.81954  9.00522e+02 | 75 -0.88203 -1.67497e-02
 76  0.20252 -6.49205e+02 | 77 -0.27378  1.18416e+04 | 78  0.35627  1.06819e-01
 79  0.18111 -1.25213e+04 | 80  0.58246  4.56532e-01 |

Intermediate statistics: 80 variables; iteration 20; function evaluation 37; phase 3
Function value 1.8156322e+03; maximum gradient component mag -1.0370e+04
Var    Value     Gradient |Var    Value     Gradient |Var    Value     Gradient
  1 -1.61696  1.62978e+02 |  2  1.22557 -3.16433e+02 |  3  0.20111 -2.43014e+03
  4 -0.63344 -1.03699e+04 |  5 -0.46257 -7.75171e+03 |  6 -0.28894  3.72417e+03
  7 -0.07320 -5.31914e+03 |  8 -0.05190 -5.65564e+00 |  9 -0.00990 -4.92163e-01
 10 -0.01745 -1.29971e+00 | 11 -0.02190 -1.57984e+00 | 12 -0.02213 -1.08676e+00
 13 -0.01445  8.59462e-01 | 14 -0.06383 -6.24517e+00 | 15 -0.06906 -6.23559e+00
 16 -0.08601 -8.02752e+00 | 17 -0.05237 -7.57520e-01 | 18 -0.10395 -8.78288e+00
 19 -0.11306 -9.18054e+00 | 20 -0.18748 -2.05529e+01 | 21 -0.14823 -1.36104e+01
 22 -0.17980 -1.87655e+01 | 23 -0.16163 -1.67663e+01 | 24 -0.21833 -2.64893e+01
 25 -0.36508 -4.02961e+01 | 26 -0.23917 -2.76996e+01 | 27 -0.22254 -1.94744e+01
 28  0.21318  9.72805e+02 | 29  0.19536  1.23885e+03 | 30  0.10667  7.78952e+02
 31 -0.01670  2.34375e+02 | 32 -0.00993  4.23224e+02 | 33  0.01526  5.69003e+01
 34  0.04476  5.90103e+02 | 35  0.02506  4.92149e+01 | 36  0.03746  4.39218e+02
 37 -0.06030  9.86064e+01 | 38 -0.15873 -8.32584e+01 | 39 -0.18690 -2.44936e+02
 40  0.00736 -1.05251e+02 | 41  0.01505  2.50996e+01 | 42  0.00089  5.37606e+01
 43  0.18998  1.71195e+03 | 44 -0.04839 -9.81942e+01 | 45 -0.05293 -3.91672e+01
 46 -0.05182 -7.93710e+01 | 47  0.02371  9.15270e+00 | 48  0.05185  4.41903e+02
 49  0.03091  4.66252e+02 | 50  0.04731  9.22219e+01 | 51  0.07624  3.82824e+01
 52 -0.03373 -1.09331e+02 | 53 -0.03266 -2.48120e+02 | 54 -0.07210 -3.19207e+02
 55 -0.06826 -3.01977e+02 | 56 -0.06545 -4.64795e+02 | 57  0.06117 -4.54117e+02
 58 -0.10902 -4.18080e+02 | 59  0.12461 -5.39927e+02 | 60 -0.06807 -3.52523e+02
 61  0.10767 -3.39397e+02 | 62  0.12371 -5.18585e+02 | 63 -0.06809 -5.93654e+02
 64  0.13619 -7.15093e+02 | 65 -0.03065 -2.81096e+02 | 66  0.00118 -2.53555e+02
 67 -0.36376 -4.27913e+02 | 68 -0.23861 -4.89439e+02 | 69  0.07467 -7.29791e+02
 70  0.00422  4.80294e+01 | 71 -0.00932  2.55005e+01 | 72  0.51463 -1.46925e+03
 73 -0.43568 -5.05007e-02 | 74  0.42937  8.43228e+03 | 75 -0.88189 -1.67297e-02
 76  1.79647  2.35202e+02 | 77 -0.43394 -1.59173e+03 | 78  0.35409  3.54038e-01
 79  0.24133  1.99765e+02 | 80  0.58328  7.93669e-01 |
80 variables; iteration 40; function evaluation 60; phase 3
Function value 1.6776051e+03; maximum gradient component mag 7.8221e+03
Var    Value     Gradient |Var    Value     Gradient |Var    Value     Gradient
  1 -1.69100  3.59363e+02 |  2  1.58694 -6.54627e+02 |  3  0.15101 -2.04460e+03
  4 -0.61827 -7.62070e+03 |  5 -0.45377 -5.69418e+03 |  6 -0.29513  3.47509e+03
  7 -0.01646 -5.04851e+03 |  8 -0.35399 -3.97110e+01 |  9  0.06176  9.56116e+00
 10 -0.05050 -6.42218e+00 | 11 -0.03611 -4.09118e+00 | 12  0.07541  1.35461e+01
 13  0.46028  9.41532e+01 | 14 -0.26416 -3.23374e+01 | 15 -0.18872 -2.37577e+01
 16 -0.22639 -2.79121e+01 | 17  0.17194  5.51431e+01 | 18 -0.14279 -1.54622e+01
 19 -0.10859 -8.27833e+00 | 20 -0.59825 -4.20784e+01 | 21 -0.15962 -1.40965e+01
 22 -0.28985 -3.18274e+01 | 23 -0.08059  1.02224e+01 | 24 -0.43880 -4.19194e+01
 25 -2.04933 -1.06635e+02 | 26 -0.61175 -4.07995e+01 | 27 -0.43943 -3.93235e+01
 28  0.27468  1.60851e+03 | 29  0.21968  1.49564e+03 | 30  0.10702  7.85113e+02
 31 -0.02059  2.66700e+02 | 32  0.02810  5.81010e+02 | 33  0.04983  1.47904e+02
 34  0.06553  5.27079e+02 | 35 -0.00070 -2.53571e+02 | 36  0.03633  1.35776e+02
 37 -0.10681 -8.51121e+01 | 38 -0.22941 -1.07334e+02 | 39  0.04793  6.56347e+02
 40 -0.05764 -2.69103e+02 | 41  0.07988  1.45967e+02 | 42  0.00753 -7.92377e+01
 43  0.17941  2.88128e+02 | 44 -0.03444 -1.76915e+02 | 45 -0.03696 -1.69635e+02
 46 -0.11631 -2.20994e+02 | 47  0.06418 -8.34095e+01 | 48  0.05141  3.53742e+02
 49  0.08786  7.01071e+02 | 50  0.05003 -4.33653e+01 | 51  0.08849  7.90178e+00
 52 -0.03959 -1.27431e+02 | 53 -0.02293 -1.73464e+02 | 54  0.03113 -1.37594e+02
 55 -0.40518 -3.02415e+02 | 56 -0.04792 -5.85666e+02 | 57  0.09161  3.15999e+01
 58 -0.01383 -2.93788e+01 | 59  0.17557  3.33973e+02 | 60 -0.40262 -2.05710e+02
 61  0.13000 -1.86072e+01 | 62  0.12578 -2.23994e+01 | 63  0.05801 -2.00072e+02
 64  0.13919 -1.27285e+02 | 65 -0.04948 -1.26688e+02 | 66  0.02512  8.38125e+01
 67 -0.96131 -2.14533e+01 | 68  0.03024 -1.31965e+02 | 69  0.07437 -3.14261e+02
 70  0.01399  1.49392e+02 | 71 -0.00422 -2.76081e+01 | 72  0.52294 -1.34883e+03
 73 -1.18931  1.78261e-02 | 74  0.43071  7.82207e+03 | 75 -0.88100 -1.66020e-02
 76  1.92408  1.45407e+03 | 77 -0.42272 -1.22209e+03 | 78  0.34069  4.40192e-01
 79  0.25216  6.79514e+02 | 80  0.58848  8.56211e-01 |
80 variables; iteration 60; function evaluation 96; phase 3
Function value 1.2114349e+03; maximum gradient component mag 6.4064e+03
Var    Value     Gradient |Var    Value     Gradient |Var    Value     Gradient
  1 -1.46345  1.17443e+03 |  2  1.63948 -1.21465e+03 |  3  0.14247  6.52026e+02
  4 -0.59768  1.97049e+03 |  5 -0.47088  1.38640e+03 |  6 -0.36695  6.40639e+03
  7  0.04093 -1.06210e+03 |  8 -1.17442  2.31095e+01 |  9  0.08843  1.68209e+01
 10 -0.01878  1.87048e-01 | 11  0.00390  5.18511e+00 | 12  0.07377  2.12036e+01
 13  0.04121  1.75397e+01 | 14 -0.23265 -2.77905e+01 | 15 -0.06888 -1.92599e-01
 16 -0.08567 -6.63428e-01 | 17 -0.00214  2.91537e+01 | 18 -0.04440  2.20579e+01
 19 -0.03719  3.45401e+01 | 20 -1.94935 -3.99803e+01 | 21 -0.05589  5.09239e+01
 22 -0.16874  8.04504e+00 | 23 -0.09289  5.78000e+01 | 24 -0.53010 -4.11150e+01
 25 -1.96774 -1.75741e+02 | 26 -2.03246 -3.81691e+02 | 27 -1.39195  3.83184e+01
 28  0.20807  9.73254e+02 | 29  0.18552  1.04134e+03 | 30  0.04767  4.26999e+02
 31  0.03801  5.66422e+02 | 32  0.01156  5.95676e+02 | 33  0.11758  8.64414e+02
 34  0.05042  6.63719e+02 | 35  0.01539  3.30090e+01 | 36  0.11413  1.10822e+03
 37 -0.33125 -1.09140e+02 | 38 -0.19704  4.17187e+01 | 39  0.05362  9.27107e+02
 40  0.00440  4.44578e+01 | 41  0.04365  6.96722e+01 | 42 -0.01507 -4.42435e+01
 43  0.15700  3.56543e+02 | 44  0.07050  2.48733e+02 | 45 -0.14134 -5.50229e+01
 46 -0.05383  9.59781e+01 | 47  0.12759  1.03936e+03 | 48 -0.00224  3.29713e+02
 49  0.05782  6.94445e+02 | 50  0.06187  3.76593e+02 | 51  0.10868  7.83156e+02
 52  0.05285  8.21243e+02 | 53  0.03829  6.24067e+02 | 54 -0.00594  2.31352e+02
 55 -0.74081 -8.48392e+01 | 56  0.06765  6.02102e+02 | 57  0.05831  3.68999e+02
 58  0.04621  5.08874e+02 | 59  0.11733  4.29046e+02 | 60  0.08483  5.90654e+02
 61  0.11995  5.32681e+02 | 62  0.13183  4.14691e+02 | 63  0.11171  4.27498e+02
 64  0.14822  2.83566e+02 | 65 -0.03019  8.85802e+01 | 66  0.08242  7.51429e+02
 67 -1.27658  9.77991e+01 | 68 -0.01003 -1.00480e+02 | 69  0.07539 -4.72824e+02
 70 -0.04647 -1.01689e+02 | 71 -0.01916 -1.28389e+02 | 72  0.53403 -1.36244e+02
 73 -1.96784  5.25438e+00 | 74  0.41629  1.64167e+03 | 75 -0.87178 -1.53802e-02
 76  1.92887  3.76605e+01 | 77 -0.53103 -2.39909e+03 | 78  0.18677  9.38044e+00
 79  0.19870  1.28973e+03 | 80  0.64429  3.82087e+00 |
Maximum number of function evaluations exceeded

 - final statistics:
80 variables; iteration 64; function evaluation 100
Function value 1.1132e+03; maximum gradient component mag 6.3740e+03
Exit code = 3;  converg criter 1.0000e+00
Var    Value     Gradient |Var    Value     Gradient |Var    Value     Gradient
  1 -1.43210  1.14317e+03 |  2  1.65643 -1.18208e+03 |  3  0.14083  1.02561e+03
  4 -0.60614  3.31119e+03 |  5 -0.45455  2.54240e+03 |  6 -0.37166  6.37396e+03
  7  0.04681 -2.99436e+02 |  8 -1.62835  4.04752e+01 |  9  0.00652  3.62086e+00
 10  0.00107  3.73983e+00 | 11  0.00087  5.07140e+00 | 12 -0.01985  3.03163e+00
 13 -0.07013 -4.35261e+00 | 14 -0.03923  3.91867e+00 | 15 -0.00477  1.61847e+01
 16 -0.01564  1.88923e+01 | 17 -0.01157  2.79889e+01 | 18 -0.01296  3.73443e+01
 19 -0.01369  4.97474e+01 | 20 -1.91638 -2.74726e+01 | 21 -0.07257  4.53527e+01
 22 -0.09954  4.35191e+01 | 23 -0.15137  2.71760e+01 | 24 -0.43811 -3.71695e+01
 25 -1.93738 -1.42775e+02 | 26 -1.97411 -2.52513e+02 | 27 -1.93472 -2.22918e+02
 28  0.18714  7.66788e+02 | 29  0.17382  8.55442e+02 | 30  0.03080  2.84187e+02
 31  0.03124  4.33990e+02 | 32 -0.00109  4.69103e+02 | 33  0.11279  7.29448e+02
 34  0.05939  6.61568e+02 | 35  0.00278 -9.83838e+01 | 36  0.10439  8.91226e+02
 37 -0.26938 -1.41447e+02 | 38 -0.13981  1.06629e+02 | 39  0.04644  8.19891e+02
 40 -0.01330 -9.12972e+01 | 41  0.04593 -1.70771e+01 | 42 -0.04125 -1.44478e+02
 43  0.15028  2.89080e+02 | 44  0.08758  3.09387e+02 | 45 -0.15884 -1.04645e+02
 46 -0.05960  4.03981e+01 | 47  0.12209  9.52801e+02 | 48  0.00046  2.83401e+02
 49  0.04837  5.67120e+02 | 50  0.05758  2.64908e+02 | 51  0.09888  5.45496e+02
 52  0.02854  5.45755e+02 | 53  0.03874  5.40673e+02 | 54 -0.00416  1.65149e+02
 55 -0.66651 -1.29142e+02 | 56  0.04379  2.81494e+02 | 57  0.05001  2.64161e+02
 58  0.06912  7.59433e+02 | 59  0.10189  4.89267e+02 | 60  0.12300  1.08363e+03
 61  0.12252  7.32725e+02 | 62  0.12526  4.63783e+02 | 63  0.12380  5.73147e+02
 64  0.13216  1.81466e+02 | 65  0.01319  2.63263e+02 | 66  0.07367  6.85001e+02
 67 -1.25367  1.08356e+02 | 68 -0.04867 -1.62338e+02 | 69  0.09890 -3.99976e+02
 70 -0.06417 -1.67151e+02 | 71 -0.05053 -2.56480e+02 | 72  0.53527  3.13565e+00
 73 -1.97057 -4.95960e+01 | 74  0.41571  9.01796e+02 | 75 -0.86966 -1.51232e-02
 76  1.93134 -1.58249e+00 | 77 -0.55042 -2.36701e+03 | 78  0.03612  3.56082e+02
 79  0.19063  1.30760e+03 | 80  0.61087  1.64069e+02 |

Initial statistics: 80 variables; iteration 0; function evaluation 0; phase 4
Function value 1.0295073e+03; maximum gradient component mag 6.3740e+03
Var    Value     Gradient |Var    Value     Gradient |Var    Value     Gradient
  1 -0.56790 -1.14317e+03 |  2  0.34357  1.18208e+03 |  3  0.14083  1.02561e+03
  4 -0.60614  3.31119e+03 |  5 -0.45455  2.54240e+03 |  6 -0.37166  6.37396e+03
  7  0.04681 -2.99436e+02 |  8 -0.37165 -4.04752e+01 |  9  0.00652  3.62086e+00
 10  0.00107  3.73983e+00 | 11  0.00087  5.07140e+00 | 12 -0.01985  3.03163e+00
 13 -0.07013 -4.35261e+00 | 14 -0.03923  3.91867e+00 | 15 -0.00477  1.61847e+01
 16 -0.01564  1.88923e+01 | 17 -0.01157  2.79889e+01 | 18 -0.01296  3.73443e+01
 19 -0.01369  4.97474e+01 | 20 -0.08362  2.74726e+01 | 21 -0.07257  4.53527e+01
 22 -0.09954  4.35191e+01 | 23 -0.15137  2.71760e+01 | 24 -0.43811 -3.71695e+01
 25 -0.06262  1.42775e+02 | 26 -0.02589  2.52513e+02 | 27 -0.06528  2.22918e+02
 28  0.17501  4.56750e+02 | 29  0.16176  5.43728e+02 | 30  0.01915 -4.20464e+01
 31  0.01958  1.07876e+02 | 32 -0.01274  1.42490e+02 | 33  0.10098  4.09260e+02
 34  0.04770  3.36924e+02 | 35 -0.00887 -4.24929e+02 | 36  0.09260  5.70666e+02
 37 -0.28222 -4.35152e+02 | 38 -0.15178 -2.11185e+02 | 39  0.03477  4.94753e+02
 40 -0.02495 -4.17582e+02 | 41  0.03426 -3.43210e+02 | 42 -0.05293 -4.69739e+02
 43  0.13832 -2.85719e+01 | 44  0.07584 -1.41462e+01 | 45 -0.17089 -4.19011e+02
 46 -0.07131 -2.84218e+02 | 47  0.11024  6.34377e+02 | 48 -0.01119 -4.31777e+01
 49  0.03670  2.41773e+02 | 50  0.04590 -6.04331e+01 | 51  0.08711  2.23449e+02
 52  0.01689  2.19641e+02 | 53  0.02708  2.14895e+02 | 54 -0.01581 -1.61384e+02
 55 -0.69059 -2.73147e+02 | 56  0.03212 -4.43684e+01 | 57  0.03833 -6.14954e+01
 58  0.05741  4.35568e+02 | 59  0.09010  1.67325e+02 | 60  0.11115  7.65769e+02
 61  0.11067  4.13592e+02 | 62  0.11340  1.44007e+02 | 63  0.11195  2.53600e+02
 64  0.12028 -1.38627e+02 | 65  0.00154 -6.32665e+01 | 66  0.06196  3.61310e+02
 67 -0.77826 -2.06779e+02 | 68 -0.06036 -4.87201e+02 | 69  0.08712 -7.24599e+02
 70 -0.07589 -4.91080e+02 | 71 -0.06222 -5.81089e+02 | 72  0.53527  3.13565e+00
 73 -0.02943  4.95960e+01 | 74  0.41571  9.01796e+02 | 75 -0.86966 -1.51232e-02
 76  0.06866  1.58249e+00 | 77 -0.55042 -2.36701e+03 | 78  0.03612  3.56082e+02
 79  0.19063  1.30760e+03 | 80  0.61087  1.64069e+02 |

Intermediate statistics: 80 variables; iteration 20; function evaluation 27; phase 4
Function value 4.6104898e+02; maximum gradient component mag -5.6025e+03
Var    Value     Gradient |Var    Value     Gradient |Var    Value     Gradient
  1  0.02996  5.42222e+02 |  2  0.21928  6.23665e+01 |  3  0.14167 -1.65922e+03
  4 -0.61205 -5.60245e+03 |  5 -0.45202 -4.15330e+03 |  6 -0.17583 -1.11323e+03
  7  0.08663 -2.45832e+02 |  8 -0.11572 -1.53817e+01 |  9 -0.01027 -9.57338e-01
 10 -0.01530 -1.44863e+00 | 11 -0.02136 -1.99756e+00 | 12 -0.02990 -2.79569e+00
 13 -0.03989 -3.66137e+00 | 14 -0.05092 -4.52543e+00 | 15 -0.07309 -6.95844e+00
 16 -0.09282 -8.86030e+00 | 17 -0.12278 -1.22462e+01 | 18 -0.15502 -1.59116e+01
 19 -0.19259 -2.02626e+01 | 20 -0.17961 -1.62808e+01 | 21 -0.22297 -2.18307e+01
 22 -0.23369 -2.23416e+01 | 23 -0.21698 -1.92776e+01 | 24 -0.19122 -1.68043e+01
 25 -0.34748 -3.84350e+01 | 26 -0.40565 -4.21359e+01 | 27 -0.35443 -3.68541e+01
 28  0.15372  1.88193e+02 | 29  0.17128  3.01531e+02 | 30  0.01261  1.54494e+02
 31 -0.04202  1.77436e+02 | 32 -0.08334  1.44551e+02 | 33  0.07917 -3.23189e+00
 34 -0.04046  8.43317e+01 | 35  0.08556 -8.30357e+01 | 36  0.01736  1.43955e+02
 37 -0.07082  1.44935e+02 | 38 -0.24943  6.98132e+01 | 39 -0.05398  1.76799e+02
 40  0.04912 -2.76390e+01 | 41 -0.06941 -1.54489e+02 | 42  0.04201 -3.84577e+01
 43  0.14678 -1.46065e+02 | 44 -0.11646 -4.78275e+01 | 45  0.02786  1.44664e+02
 46 -0.14092 -9.61469e-01 | 47  0.04215 -2.25201e+02 | 48  0.00446 -8.66960e+00
 49 -0.06797  4.42542e+01 | 50  0.08809 -6.77350e+01 | 51  0.02985 -7.20918e+01
 52 -0.03510  1.05748e+02 | 53 -0.02200  9.42839e+01 | 54 -0.05745  6.06347e+01
 55 -0.04360  1.87138e+02 | 56  0.00613 -2.86726e+01 | 57  0.01396 -1.99196e+02
 58 -0.02081 -5.32382e+01 | 59  0.11029 -4.73244e+02 | 60 -0.08501 -5.24572e+01
 61  0.11291 -2.76312e+02 | 62  0.03990 -2.99027e+02 | 63  0.08651 -7.77173e+01
 64  0.11525 -2.02003e+02 | 65 -0.05944  6.14486e+01 | 66 -0.02507  1.93852e+02
 67 -0.08669  1.07116e+02 | 68  0.00736  1.04713e+02 | 69  0.07778 -2.36355e+02
 70 -0.13539 -4.13033e+00 | 71 -0.01756  8.11627e+01 | 72  0.57536 -6.07524e+02
 73  0.42626  1.55687e-03 | 74  0.39975  2.51813e+03 | 75 -0.86956 -1.51104e-02
 76  0.01462 -2.84754e-01 | 77 -0.54305 -3.53871e+02 | 78 -0.09242  6.99948e+01
 79  0.18251 -1.56352e+02 | 80  0.51456  8.48356e+01 |
80 variables; iteration 40; function evaluation 48; phase 4
Function value 4.3278880e+02; maximum gradient component mag -5.2582e+03
Var    Value     Gradient |Var    Value     Gradient |Var    Value     Gradient
  1 -0.06926  4.00717e+02 |  2  0.20933  1.37132e+01 |  3  0.12624 -1.57077e+03
  4 -0.61026 -5.25816e+03 |  5 -0.45984 -4.04361e+03 |  6 -0.19980 -7.00326e+02
  7  0.09423  2.99128e+02 |  8  0.07328  1.28990e+01 |  9 -0.01549 -1.48153e+00
 10 -0.01806 -1.53589e+00 | 11 -0.02475 -2.07049e+00 | 12 -0.02438 -1.35816e+00
 13 -0.01642  9.05946e-01 | 14 -0.04185 -2.01646e+00 | 15 -0.07724 -6.48869e+00
 16 -0.09375 -7.62759e+00 | 17 -0.12536 -1.11674e+01 | 18 -0.15814 -1.48339e+01
 19 -0.19935 -1.97468e+01 | 20 -0.16796 -1.14553e+01 | 21 -0.21057 -1.71466e+01
 22 -0.21707 -1.60402e+01 | 23 -0.19982 -1.03223e+01 | 24 -0.10085  2.21032e+01
 25 -0.34691 -3.46324e+01 | 26 -0.27333 -2.53502e+01 | 27 -0.21172 -1.04281e+01
 28  0.12899  1.47971e+02 | 29  0.16998  2.82790e+02 | 30  0.01765  1.37398e+02
 31 -0.05177  1.46309e+02 | 32 -0.09087  9.85464e+01 | 33  0.07405 -8.26807e+01
 34 -0.05516  5.40465e+01 | 35  0.09548  4.13745e+01 | 36  0.01959  2.36740e+02
 37 -0.07029  1.80472e+02 | 38 -0.24757  5.18491e+01 | 39 -0.06093  1.27879e+02
 40  0.05404 -8.45146e+01 | 41 -0.09158 -1.80095e+02 | 42  0.04673 -7.93415e+01
 43  0.14101 -1.74531e+02 | 44 -0.07130 -5.77591e+01 | 45  0.01027  1.20528e+02
 46 -0.09359 -1.72683e+00 | 47  0.04505 -2.25830e+02 | 48 -0.00348 -6.55344e+01
 49 -0.08477 -3.19462e+00 | 50  0.09632 -4.12410e+01 | 51  0.02665 -7.96888e+01
 52 -0.04400  7.15305e+01 | 53 -0.01854  9.76005e+01 | 54 -0.04472  8.64713e+01
 55 -0.04935  1.49882e+02 | 56  0.00657 -6.46263e+01 | 57  0.01208 -2.16600e+02
 58 -0.02393 -3.76573e+01 | 59  0.12288 -2.95289e+02 | 60 -0.10626 -4.08709e+01
 61  0.11836 -1.69947e+02 | 62  0.05382 -2.48010e+02 | 63  0.08629 -6.90962e+01
 64  0.11112 -2.88146e+02 | 65 -0.06896 -3.68899e+00 | 66 -0.02095  1.42877e+02
 67 -0.11883  1.59082e+00 | 68  0.00948  5.56987e+01 | 69  0.07997 -2.48391e+02
 70 -0.11061  5.18925e-01 | 71 -0.01699  8.60969e+01 | 72  0.61234 -3.24451e+02
 73  1.10202 -1.93496e-02 | 74  0.39794  8.86886e+02 | 75 -0.86849 -1.49850e-02
 76 -1.08835  2.24904e-02 | 77 -0.54223 -5.51880e+02 | 78 -0.11647  8.38092e+01
 79  0.19300  2.27287e+02 | 80  0.52001  1.56733e+02 |
80 variables; iteration 60; function evaluation 73; phase 4
Function value 3.4703913e+02; maximum gradient component mag -1.9392e+03
Var    Value     Gradient |Var    Value     Gradient |Var    Value     Gradient
  1 -0.31145 -6.35797e+01 |  2  0.27200  1.58648e+02 |  3  0.10844 -5.77531e+02
  4 -0.59095 -1.93922e+03 |  5 -0.47694 -1.58524e+03 |  6 -0.27514  4.62420e+02
  7  0.08345  7.12551e+02 |  8  0.04429  1.15221e+01 |  9 -0.01172 -1.26653e-01
 10 -0.01032  7.39215e-01 | 11 -0.01261  1.29877e+00 | 12 -0.01726  1.79895e+00
 13 -0.05011 -2.34562e+00 | 14 -0.04196  1.13148e+00 | 15 -0.02819  7.05274e+00
 16 -0.04221  7.89413e+00 | 17 -0.05010  1.11337e+01 | 18 -0.06602  1.26959e+01
 19 -0.09983  8.87932e+00 | 20 -0.10659  1.39791e+01 | 21 -0.13481  1.15290e+01
 22 -0.15120  1.27409e+01 | 23 -0.11940  3.53103e+01 | 24 -0.23061 -5.03546e+00
 25 -0.13752  3.80011e+01 | 26 -0.14386  3.75026e+01 | 27 -0.20516  8.06999e+00
 28  0.08688  9.07361e+01 | 29  0.13089  1.85626e+02 | 30  0.02516  9.26933e+01
 31 -0.05240  9.00046e+01 | 32 -0.09402  6.42630e+01 | 33  0.08397  4.02652e+01
 34 -0.06815  6.68347e+01 | 35  0.10625  2.53457e+02 | 36  0.01228  2.49853e+02
 37 -0.09605  8.77050e+01 | 38 -0.22444  1.92170e+01 | 39 -0.07525  9.32127e+01
 40  0.05301  8.07309e+01 | 41 -0.02761 -9.87567e+01 | 42  0.03178  5.20467e+00
 43  0.13964 -1.51919e+01 | 44 -0.04709 -6.38336e+01 | 45 -0.00878  1.00125e+02
 46 -0.07822 -1.56047e+01 | 47  0.04526 -1.53939e+02 | 48 -0.00412 -2.65629e+01
 49 -0.04720  1.63299e+01 | 50  0.08021 -4.37062e+01 | 51  0.04345 -7.12817e+01
 52 -0.05182  1.49716e+01 | 53 -0.02815 -2.33559e-01 | 54 -0.03717  1.26225e+01
 55 -0.08631 -2.69574e+01 | 56  0.01295 -4.66690e+01 | 57  0.03195 -1.59452e+02
 58 -0.03522 -5.96528e+01 | 59  0.12412 -2.06548e+02 | 60 -0.05516 -5.70091e+01
 61  0.09947 -1.14546e+02 | 62  0.09095 -1.42562e+02 | 63  0.06902 -5.69339e+01
 64  0.11659 -2.16409e+02 | 65 -0.05047  6.59840e+00 | 66 -0.01544  1.20701e+02
 67 -0.15101 -9.59553e+01 | 68 -0.01576 -1.57650e+01 | 69  0.10384 -1.59400e+02
 70 -0.12013 -6.44446e+01 | 71 -0.02841 -6.59795e+00 | 72  0.59931 -7.13400e+01
 73  1.34537 -4.28342e-03 | 74  0.39966 -1.90941e+02 | 75 -0.85533 -1.35806e-02
 76 -1.49559  6.46591e-03 | 77 -0.50907 -5.36753e+02 | 78 -0.06441  1.47713e+02
 79  0.22489  4.06732e+02 | 80  0.53371  1.73763e+02 |
80 variables; iteration 80; function evaluation 99; phase 4
Function value 3.0239011e+02; maximum gradient component mag 4.1657e+02
Var    Value     Gradient |Var    Value     Gradient |Var    Value     Gradient
  1 -0.30903 -1.03621e+02 |  2  0.28993  9.12115e+01 |  3  0.10606  1.15369e+02
  4 -0.57358  2.99882e+02 |  5 -0.48494  2.21218e+02 |  6 -0.29066  4.16574e+02
  7  0.07599  2.09641e+01 |  8 -0.02078 -3.05008e-01 |  9  0.02082  4.46427e+00
 10 -0.01080  2.37232e-01 | 11 -0.01606  1.51591e-01 | 12 -0.02607 -4.80967e-01
 13 -0.07227 -6.88373e+00 | 14 -0.04175 -1.93368e-01 | 15 -0.05593 -6.69820e-01
 16 -0.04509  4.57223e+00 | 17 -0.08908 -1.57437e+00 | 18 -0.11685 -4.20115e+00
 19 -0.12190 -1.33143e+00 | 20 -0.12436  3.05498e+00 | 21 -0.16431 -3.05361e+00
 22 -0.15868  3.50118e+00 | 23 -0.19608 -3.91212e+00 | 24 -0.19491 -1.17771e+00
 25 -0.15650  1.36639e+01 | 26 -0.16164  1.04779e+01 | 27 -0.14049  9.56801e+00
 28  0.05306 -1.86705e+00 | 29  0.11128  1.68758e+00 | 30  0.02978 -2.64376e+01
 31 -0.06509 -1.37125e+01 | 32 -0.11735 -6.69046e+00 | 33  0.10593  7.13537e+01
 34 -0.07103  2.70665e+01 | 35  0.10859  2.49778e+01 | 36 -0.00056  3.55231e+01
 37 -0.10208 -2.48094e+01 | 38 -0.22197 -1.57631e+01 | 39 -0.09230 -8.77132e+00
 40  0.04770  2.20362e+01 | 41  0.01626 -9.21793e-01 | 42  0.02442  1.52872e+01
 43  0.13750 -1.19518e+01 | 44 -0.01168 -4.67074e+01 | 45 -0.04646  1.17444e+01
 46 -0.07897 -1.31375e+01 | 47  0.06652  6.20703e+00 | 48 -0.00642 -1.14463e+01
 49 -0.06938 -2.39209e+01 | 50  0.08297 -5.91022e+00 | 51  0.05631 -8.69963e+00
 52 -0.07239 -2.68929e+01 | 53 -0.02407 -2.07196e+01 | 54 -0.03949 -2.31368e+01
 55 -0.09969 -6.71610e+01 | 56  0.01361 -1.79894e+00 | 57  0.04749  5.84130e+00
 58 -0.03780 -4.71621e+00 | 59  0.12956  1.95692e+01 | 60 -0.03951 -6.63110e+00
 61  0.09504 -4.79529e+00 | 62  0.10365 -3.50589e+00 | 63  0.06117 -3.32145e-01
 64  0.13700  4.06713e+01 | 65 -0.06469 -2.27599e+01 | 66 -0.04409 -8.80498e+00
 67 -0.09859 -2.03980e+01 | 68 -0.03151 -1.40948e+01 | 69  0.11749  2.01187e+00
 70 -0.08201 -7.74047e+00 | 71 -0.03657 -2.95937e+01 | 72  0.62148  8.42696e+00
 73  1.12343 -1.58296e-02 | 74  0.40885  6.21361e+01 | 75 -0.81088 -1.02606e-02
 76 -1.25221  7.82275e-03 | 77 -0.48351 -1.71551e+02 | 78 -0.06012  4.28473e+01
 79  0.24387  1.47608e+02 | 80  0.55986  4.44141e+01 |
Maximum number of function evaluations exceeded

 - final statistics:
80 variables; iteration 81; function evaluation 100
Function value 3.0239e+02; maximum gradient component mag 4.1657e+02
Exit code = 3;  converg criter 1.0000e+00
Var    Value     Gradient |Var    Value     Gradient |Var    Value     Gradient
  1 -0.30903 -1.03621e+02 |  2  0.28993  9.12115e+01 |  3  0.10606  1.15369e+02
  4 -0.57358  2.99882e+02 |  5 -0.48494  2.21218e+02 |  6 -0.29066  4.16574e+02
  7  0.07599  2.09641e+01 |  8 -0.02078 -3.05008e-01 |  9  0.02082  4.46427e+00
 10 -0.01080  2.37232e-01 | 11 -0.01606  1.51591e-01 | 12 -0.02607 -4.80967e-01
 13 -0.07227 -6.88373e+00 | 14 -0.04175 -1.93368e-01 | 15 -0.05593 -6.69820e-01
 16 -0.04509  4.57223e+00 | 17 -0.08908 -1.57437e+00 | 18 -0.11685 -4.20115e+00
 19 -0.12190 -1.33143e+00 | 20 -0.12436  3.05498e+00 | 21 -0.16431 -3.05361e+00
 22 -0.15868  3.50118e+00 | 23 -0.19608 -3.91212e+00 | 24 -0.19491 -1.17771e+00
 25 -0.15650  1.36639e+01 | 26 -0.16164  1.04779e+01 | 27 -0.14049  9.56801e+00
 28  0.05306 -1.86705e+00 | 29  0.11128  1.68758e+00 | 30  0.02978 -2.64376e+01
 31 -0.06509 -1.37125e+01 | 32 -0.11735 -6.69046e+00 | 33  0.10593  7.13537e+01
 34 -0.07103  2.70665e+01 | 35  0.10859  2.49778e+01 | 36 -0.00056  3.55231e+01
 37 -0.10208 -2.48094e+01 | 38 -0.22197 -1.57631e+01 | 39 -0.09230 -8.77132e+00
 40  0.04770  2.20362e+01 | 41  0.01626 -9.21793e-01 | 42  0.02442  1.52872e+01
 43  0.13750 -1.19518e+01 | 44 -0.01168 -4.67074e+01 | 45 -0.04646  1.17444e+01
 46 -0.07897 -1.31375e+01 | 47  0.06652  6.20703e+00 | 48 -0.00642 -1.14463e+01
 49 -0.06938 -2.39209e+01 | 50  0.08297 -5.91022e+00 | 51  0.05631 -8.69963e+00
 52 -0.07239 -2.68929e+01 | 53 -0.02407 -2.07196e+01 | 54 -0.03949 -2.31368e+01
 55 -0.09969 -6.71610e+01 | 56  0.01361 -1.79894e+00 | 57  0.04749  5.84130e+00
 58 -0.03780 -4.71621e+00 | 59  0.12956  1.95692e+01 | 60 -0.03951 -6.63110e+00
 61  0.09504 -4.79529e+00 | 62  0.10365 -3.50589e+00 | 63  0.06117 -3.32145e-01
 64  0.13700  4.06713e+01 | 65 -0.06469 -2.27599e+01 | 66 -0.04409 -8.80498e+00
 67 -0.09859 -2.03980e+01 | 68 -0.03151 -1.40948e+01 | 69  0.11749  2.01187e+00
 70 -0.08201 -7.74047e+00 | 71 -0.03657 -2.95937e+01 | 72  0.62148  8.42696e+00
 73  1.12343 -1.58296e-02 | 74  0.40885  6.21361e+01 | 75 -0.81088 -1.02606e-02
 76 -1.25221  7.82275e-03 | 77 -0.48351 -1.71551e+02 | 78 -0.06012  4.28473e+01
 79  0.24387  1.47608e+02 | 80  0.55986  4.44141e+01 |

Initial statistics: 80 variables; iteration 0; function evaluation 0; phase 5
Function value 3.0237379e+02; maximum gradient component mag 4.1657e+02
Var    Value     Gradient |Var    Value     Gradient |Var    Value     Gradient
  1 -0.30903 -1.03621e+02 |  2  0.28993  9.12115e+01 |  3  0.10606  1.15369e+02
  4 -0.57358  2.99882e+02 |  5 -0.48494  2.21218e+02 |  6 -0.29066  4.16574e+02
  7  0.07599  2.09641e+01 |  8 -0.02078 -3.05008e-01 |  9  0.02082  4.46427e+00
 10 -0.01080  2.37232e-01 | 11 -0.01606  1.51591e-01 | 12 -0.02607 -4.80967e-01
 13 -0.07227 -6.88373e+00 | 14 -0.04175 -1.93368e-01 | 15 -0.05593 -6.69820e-01
 16 -0.04509  4.57223e+00 | 17 -0.08908 -1.57437e+00 | 18 -0.11685 -4.20115e+00
 19 -0.12190 -1.33143e+00 | 20 -0.12436  3.05498e+00 | 21 -0.16431 -3.05361e+00
 22 -0.15868  3.50118e+00 | 23 -0.19608 -3.91212e+00 | 24 -0.19491 -1.17771e+00
 25 -0.15650  1.36639e+01 | 26 -0.16164  1.04779e+01 | 27 -0.14049  9.56801e+00
 28  0.05322  2.67850e+00 | 29  0.11144  6.17924e+00 | 30  0.02994 -2.18809e+01
 31 -0.06493 -9.17508e+00 | 32 -0.11718 -2.20640e+00 | 33  0.10609  7.58488e+01
 34 -0.07087  3.16005e+01 | 35  0.10875  2.94717e+01 | 36 -0.00040  4.00846e+01
 37 -0.10191 -2.03073e+01 | 38 -0.22180 -1.14773e+01 | 39 -0.09213 -4.25790e+00
 40  0.04786  2.65844e+01 | 41  0.01642  3.63813e+00 | 42  0.02458  1.98451e+01
 43  0.13767 -7.49594e+00 | 44 -0.01152 -4.21469e+01 | 45 -0.04629  1.62941e+01
 46 -0.07881 -8.61138e+00 | 47  0.06668  1.07433e+01 | 48 -0.00626 -6.88507e+00
 49 -0.06922 -1.93871e+01 | 50  0.08313 -1.38742e+00 | 51  0.05648 -4.15593e+00
 52 -0.07222 -2.23616e+01 | 53 -0.02390 -1.61616e+01 | 54 -0.03932 -1.85844e+01
 55 -0.09953 -6.26579e+01 | 56  0.01378  2.76144e+00 | 57  0.04766  1.03898e+01
 58 -0.03764 -1.62814e-01 | 59  0.12973  2.40352e+01 | 60 -0.03934 -2.07847e+00
 61  0.09520 -2.84574e-01 | 62  0.10381  9.95187e-01 | 63  0.06134  4.20815e+00
 64  0.13717  4.51250e+01 | 65 -0.06452 -1.82224e+01 | 66 -0.04393 -4.25456e+00
 67 -0.09843 -1.58918e+01 | 68 -0.03135 -9.53911e+00 | 69  0.11765  6.49554e+00
 70 -0.08184 -3.21693e+00 | 71 -0.03641 -2.50401e+01 | 72  0.62148  8.42696e+00
 73  0.87657  1.58296e-02 | 74  0.40885  6.21361e+01 | 75 -0.81088 -1.02606e-02
 76 -0.74779 -7.82275e-03 | 77 -0.48351 -1.71551e+02 | 78 -0.06012  4.28473e+01
 79  0.24387  1.47608e+02 | 80  0.55986  4.44141e+01 |

Intermediate statistics: 80 variables; iteration 20; function evaluation 24; phase 5
Function value 2.9817210e+02; maximum gradient component mag 4.3226e+02
Var    Value     Gradient |Var    Value     Gradient |Var    Value     Gradient
  1 -0.28240  3.82188e+01 |  2  0.29499  4.03760e+01 |  3  0.04418 -9.37899e+01
  4 -0.54240 -2.76377e+02 |  5 -0.49670 -2.17667e+02 |  6 -0.28559 -9.76928e+01
  7  0.07691 -1.73467e+01 |  8 -0.01765 -2.68953e-01 |  9 -0.00212  7.96062e-01
 10 -0.01110 -8.51002e-02 | 11 -0.01556 -1.43383e-01 | 12 -0.02192 -2.91121e-01
 13 -0.03484 -1.27778e+00 | 14 -0.03805 -3.37791e-01 | 15 -0.04936 -4.13564e-01
 16 -0.06151 -2.75171e-01 | 17 -0.07729 -4.29319e-01 | 18 -0.09302 -3.25963e-01
 19 -0.11036 -2.97984e-01 | 20 -0.12957 -5.49791e-01 | 21 -0.14510  1.47924e-01
 22 -0.16324 -3.53393e-01 | 23 -0.17190  8.26023e-01 | 24 -0.17831  9.19295e-01
 25 -0.18105  2.49296e-01 | 26 -0.16831  1.90891e+00 | 27 -0.12387  4.23982e+00
 28  0.02887  1.37868e+01 | 29  0.10716  1.95805e+01 | 30  0.06205  1.60785e+01
 31 -0.07948  9.35263e+00 | 32 -0.12067  1.73728e+01 | 33  0.10877  6.87207e+01
 34 -0.09483  2.75020e+01 | 35  0.11634  4.11981e+01 | 36 -0.00458  4.26026e+01
 37 -0.08590  1.69295e+01 | 38 -0.23121  9.08459e+00 | 39 -0.08916  1.80715e+01
 40  0.04579  1.81797e+01 | 41  0.02111  2.24194e+01 | 42  0.02097  2.95961e+01
 43  0.13974  1.56607e+01 | 44  0.00700 -2.86597e-01 | 45 -0.06289  1.37497e+01
 46 -0.06904  8.67651e+00 | 47  0.06500 -2.50476e+01 | 48 -0.00601 -1.74412e+01
 49 -0.06704 -7.48030e+00 | 50  0.08287 -3.26114e+01 | 51  0.05746 -2.19928e+01
 52 -0.06880 -7.99081e-01 | 53 -0.02141 -3.62645e+00 | 54 -0.04239 -1.02626e+01
 55 -0.08516 -2.20036e+01 | 56  0.01127 -7.17180e+00 | 57  0.04819 -2.11927e+01
 58 -0.03917 -1.34126e-01 | 59  0.13051 -5.00252e+01 | 60 -0.04744 -3.38857e+00
 61  0.09882 -2.53894e+01 | 62  0.10380 -2.84121e+01 | 63  0.06229 -1.08335e+01
 64  0.13643 -3.42827e+01 | 65 -0.06195 -5.07707e+00 | 66 -0.04412 -3.55357e+00
 67 -0.09717  4.62123e-01 | 68 -0.03251 -3.57588e+00 | 69  0.11644 -4.24817e+01
 70 -0.08585  5.16431e+00 | 71 -0.03451 -4.87244e+00 | 72  0.60976 -5.92722e+01
 73  0.87645  1.58781e-02 | 74  0.40856  4.32256e+02 | 75 -0.81081 -1.02563e-02
 76 -0.74774 -7.62143e-03 | 77 -0.47728 -1.24911e+02 | 78 -0.09134 -5.12870e-01
 79  0.24872  1.16728e+02 | 80  0.54699 -7.60854e+00 |
80 variables; iteration 40; function evaluation 45; phase 5
Function value 2.9782994e+02; maximum gradient component mag 3.3381e+02
Var    Value     Gradient |Var    Value     Gradient |Var    Value     Gradient
  1 -0.25507  8.19358e+00 |  2  0.29116  4.70066e+01 |  3  0.05023 -4.30966e+01
  4 -0.54956 -1.42830e+02 |  5 -0.49055 -1.09848e+02 |  6 -0.27176  2.12809e+01
  7  0.07699  1.24727e+01 |  8 -0.01383  1.15823e-01 |  9 -0.00103  8.67062e-01
 10 -0.00879  1.44785e-01 | 11 -0.01262  1.57408e-01 | 12 -0.01822  1.00579e-01
 13 -0.02927 -6.00217e-01 | 14 -0.03291  2.45570e-01 | 15 -0.04333  3.19126e-01
 16 -0.05681  1.87252e-01 | 17 -0.06925  7.49746e-01 | 18 -0.08252  1.49069e+00
 19 -0.10156  1.19696e+00 | 20 -0.12303  4.35817e-01 | 21 -0.13592  1.97730e+00
 22 -0.15703  7.18992e-01 | 23 -0.16462  2.39640e+00 | 24 -0.17262  2.19185e+00
 25 -0.17672  1.32226e+00 | 26 -0.16524  3.05056e+00 | 27 -0.11942  7.35071e+00
 28  0.03004  1.01225e+01 | 29  0.11132  2.04481e+01 | 30  0.06059  1.40708e+01
 31 -0.07661  6.81234e+00 | 32 -0.12029  1.24623e+01 | 33  0.10808  7.32698e+01
 34 -0.09207  2.37395e+01 | 35  0.11673  4.75920e+01 | 36 -0.00489  3.51518e+01
 37 -0.08441  1.19268e+01 | 38 -0.22986  3.59195e+00 | 39 -0.09088  6.92968e+00
 40  0.04442  5.67595e+00 | 41  0.02017  1.70752e+01 | 42  0.02136  3.00856e+01
 43  0.13969  2.91619e+01 | 44  0.00693  2.47633e+00 | 45 -0.06158  1.23705e+01
 46 -0.07176  6.05435e+00 | 47  0.06642 -5.04400e+00 | 48 -0.00652 -1.23720e+01
 49 -0.06868 -8.70167e+00 | 50  0.08351 -2.17376e+01 | 51  0.05673 -1.77606e+01
 52 -0.06839 -4.76784e+00 | 53 -0.02237 -7.93027e+00 | 54 -0.04267 -1.39655e+01
 55 -0.08434 -2.38222e+01 | 56  0.01009 -1.65204e+01 | 57  0.04677 -2.32928e+01
 58 -0.03921 -1.88422e+00 | 59  0.13030 -2.79495e+01 | 60 -0.04753 -3.73433e+00
 61  0.09959 -1.44683e+01 | 62  0.10262 -2.41910e+01 | 63  0.06210 -1.50301e+01
 64  0.13664 -2.89253e+01 | 65 -0.06192 -9.23196e+00 | 66 -0.04430 -5.22522e+00
 67 -0.09787 -5.54307e+00 | 68 -0.03372 -9.46345e+00 | 69  0.11808 -3.48389e+01
 70 -0.08876 -2.24780e+00 | 71 -0.03417 -8.96465e+00 | 72  0.60637 -4.62536e+01
 73  0.87471  1.56461e-02 | 74  0.40808  3.33807e+02 | 75 -0.80968 -1.01919e-02
 76 -0.74690 -7.60428e-03 | 77 -0.47381 -1.38882e+02 | 78 -0.14554  5.60903e+00
 79  0.24942  1.41837e+02 | 80  0.53897  7.39532e+00 |
80 variables; iteration 60; function evaluation 71; phase 5
Function value 2.9680611e+02; maximum gradient component mag 5.1672e+01
Var    Value     Gradient |Var    Value     Gradient |Var    Value     Gradient
  1 -0.26227 -1.02046e+01 |  2  0.29069  6.57723e+00 |  3  0.04497 -3.61864e+00
  4 -0.54658 -1.64035e+01 |  5 -0.49285 -1.51119e+01 |  6 -0.27518  5.16721e+01
  7  0.07775  2.43398e+00 |  8 -0.01428  4.58478e-02 |  9 -0.00468  3.24900e-01
 10 -0.00934  5.60388e-02 | 11 -0.01301  8.70056e-02 | 12 -0.01835  6.36247e-02
 13 -0.02501  8.66754e-02 | 14 -0.03244  2.90308e-01 | 15 -0.04235  4.47241e-01
 16 -0.05894 -3.17775e-01 | 17 -0.07045  3.79396e-01 | 18 -0.08641  4.27252e-01
 19 -0.10371  4.61517e-01 | 20 -0.12339  8.53652e-02 | 21 -0.13828  9.47696e-01
 22 -0.15815 -8.84094e-02 | 23 -0.17100 -2.77533e-01 | 24 -0.17783 -4.81998e-01
 25 -0.17384  6.14841e-01 | 26 -0.16320  8.57570e-01 | 27 -0.11878  9.10459e-01
 28  0.02047 -2.70967e+00 | 29  0.11106 -4.48574e-01 | 30  0.06299  1.02888e-01
 31 -0.07658 -7.28600e-01 | 32 -0.12314 -2.08878e+00 | 33  0.10713  3.19741e+00
 34 -0.10369 -1.93598e+00 | 35  0.11992  6.56279e+00 | 36 -0.01118  8.28034e-01
 37 -0.08381 -1.70044e+00 | 38 -0.23025 -2.21425e+00 | 39 -0.08964 -8.71476e-01
 40  0.04734  1.15819e+00 | 41  0.02115 -1.08455e+00 | 42  0.01573 -1.01996e+00
 43  0.14068  1.38380e+00 | 44  0.00918 -1.36030e+00 | 45 -0.06642 -1.01661e+00
 46 -0.07269 -1.67689e+00 | 47  0.06801  1.42177e+00 | 48 -0.00606 -2.63401e+00
 49 -0.06601 -1.81702e+00 | 50  0.08516  1.06298e+00 | 51  0.05668  9.53010e-01
 52 -0.06743 -6.04453e-01 | 53 -0.02243  3.46196e-01 | 54 -0.04214 -1.15012e-01
 55 -0.07770 -1.01582e+00 | 56  0.01079  6.46586e-01 | 57  0.04830  1.39622e+00
 58 -0.04101 -2.93785e+00 | 59  0.13250  4.50008e+00 | 60 -0.05004 -1.99401e+00
 61  0.10014  1.64782e+00 | 62  0.10445  2.53012e+00 | 63  0.06335  6.72454e-01
 64  0.13741  5.39182e+00 | 65 -0.06018 -1.28651e+00 | 66 -0.04422 -2.88268e-01
 67 -0.09577 -5.98453e-01 | 68 -0.03248 -2.56494e+00 | 69  0.12125  2.22071e+00
 70 -0.09098 -2.08221e+00 | 71 -0.03110  9.88088e-01 | 72  0.60620  2.55627e-01
 73  0.84097  1.21710e-02 | 74  0.40691 -3.82800e+00 | 75 -0.78692 -9.03172e-03
 76 -0.72970 -7.07981e-03 | 77 -0.46892 -1.59748e+01 | 78 -0.14633  5.57082e+00
 79  0.25203  2.23450e+01 | 80  0.54109  7.63101e+00 |
80 variables; iteration 80; function evaluation 99; phase 5
Function value 2.9670611e+02; maximum gradient component mag 4.6527e+01
Var    Value     Gradient |Var    Value     Gradient |Var    Value     Gradient
  1 -0.26583 -1.19919e+01 |  2  0.29095  5.48539e+00 |  3  0.03220  1.29366e+01
  4 -0.53733  3.76389e+01 |  5 -0.49764  2.85019e+01 |  6 -0.27749  4.65270e+01
  7  0.07750  8.25932e+00 |  8 -0.01465  4.26659e-03 |  9 -0.00812 -1.74322e-01
 10 -0.01072 -1.41610e-01 | 11 -0.01609 -3.76981e-01 | 12 -0.01614  4.32150e-01
 13 -0.02704 -2.33505e-01 | 14 -0.03347  1.33942e-01 | 15 -0.04677 -3.50179e-01
 16 -0.06135 -7.57550e-01 | 17 -0.07210  7.26145e-02 | 18 -0.08956 -2.40318e-01
 19 -0.10724 -3.31746e-01 | 20 -0.12564 -3.97128e-01 | 21 -0.14192  7.54337e-02
 22 -0.15882 -7.78115e-02 | 23 -0.16948  4.61801e-01 | 24 -0.17650  2.70636e-01
 25 -0.17502  6.78524e-01 | 26 -0.16862 -1.90839e-01 | 27 -0.12166  1.04999e+00
 28  0.02486 -1.22261e+00 | 29  0.10828 -6.15510e-02 | 30  0.06368 -7.36941e-01
 31 -0.07665 -1.84826e+00 | 32 -0.12356 -2.37568e+00 | 33  0.10713  3.31160e+00
 34 -0.10335 -1.23084e+00 | 35  0.11943  4.35953e+00 | 36 -0.01133  4.03440e-01
 37 -0.08312 -3.46336e-01 | 38 -0.22927 -1.63064e+00 | 39 -0.09041 -2.04844e+00
 40  0.04723  1.51178e+00 | 41  0.02155  6.89467e-01 | 42  0.01555  2.26715e-01
 43  0.14049  6.41845e+00 | 44  0.00981  1.03852e+00 | 45 -0.06746 -1.03709e+00
 46 -0.07241 -1.40429e+00 | 47  0.06727  1.71633e+00 | 48 -0.00480  8.09884e-01
 49 -0.06640 -1.36775e+00 | 50  0.08476  2.01094e+00 | 51  0.05689  1.50859e+00
 52 -0.06838 -1.90931e+00 | 53 -0.02230 -2.12462e-01 | 54 -0.04261 -9.63215e-01
 55 -0.07740 -7.54464e-01 | 56  0.01035  6.01573e-01 | 57  0.04831  1.25407e+00
 58 -0.04011 -6.94213e-02 | 59  0.13212  3.38352e+00 | 60 -0.04893 -1.04795e+00
 61  0.09965  9.88535e-01 | 62  0.10454  5.31512e-01 | 63  0.06292 -6.45062e-01
 64  0.13708  1.65011e+00 | 65 -0.06029 -1.79385e+00 | 66 -0.04416 -1.41361e+00
 67 -0.09697 -3.05413e+00 | 68 -0.03178 -1.08283e+00 | 69  0.12062  3.16254e-01
 70 -0.09012 -2.50710e+00 | 71 -0.03207 -3.20687e+00 | 72  0.60233  3.56882e+00
 73  0.73515  6.77383e-03 | 74  0.40667 -1.96211e+01 | 75 -0.70573 -6.30501e-03
 76 -0.66479 -5.60970e-03 | 77 -0.47013 -1.05753e+01 | 78 -0.17099  3.42637e+00
 79  0.25162  1.46816e+01 | 80  0.55520  6.31628e+00 |
Maximum number of function evaluations exceeded

 - final statistics:
80 variables; iteration 81; function evaluation 100
Function value 2.9671e+02; maximum gradient component mag 4.6527e+01
Exit code = 3;  converg criter 1.0000e+00
Var    Value     Gradient |Var    Value     Gradient |Var    Value     Gradient
  1 -0.26583 -1.19919e+01 |  2  0.29095  5.48539e+00 |  3  0.03220  1.29366e+01
  4 -0.53733  3.76389e+01 |  5 -0.49764  2.85019e+01 |  6 -0.27749  4.65270e+01
  7  0.07750  8.25932e+00 |  8 -0.01465  4.26659e-03 |  9 -0.00812 -1.74322e-01
 10 -0.01072 -1.41610e-01 | 11 -0.01609 -3.76981e-01 | 12 -0.01614  4.32150e-01
 13 -0.02704 -2.33505e-01 | 14 -0.03347  1.33942e-01 | 15 -0.04677 -3.50179e-01
 16 -0.06135 -7.57550e-01 | 17 -0.07210  7.26145e-02 | 18 -0.08956 -2.40318e-01
 19 -0.10724 -3.31746e-01 | 20 -0.12564 -3.97128e-01 | 21 -0.14192  7.54337e-02
 22 -0.15882 -7.78115e-02 | 23 -0.16948  4.61801e-01 | 24 -0.17650  2.70636e-01
 25 -0.17502  6.78524e-01 | 26 -0.16862 -1.90839e-01 | 27 -0.12166  1.04999e+00
 28  0.02486 -1.22261e+00 | 29  0.10828 -6.15510e-02 | 30  0.06368 -7.36941e-01
 31 -0.07665 -1.84826e+00 | 32 -0.12356 -2.37568e+00 | 33  0.10713  3.31160e+00
 34 -0.10335 -1.23084e+00 | 35  0.11943  4.35953e+00 | 36 -0.01133  4.03440e-01
 37 -0.08312 -3.46336e-01 | 38 -0.22927 -1.63064e+00 | 39 -0.09041 -2.04844e+00
 40  0.04723  1.51178e+00 | 41  0.02155  6.89467e-01 | 42  0.01555  2.26715e-01
 43  0.14049  6.41845e+00 | 44  0.00981  1.03852e+00 | 45 -0.06746 -1.03709e+00
 46 -0.07241 -1.40429e+00 | 47  0.06727  1.71633e+00 | 48 -0.00480  8.09884e-01
 49 -0.06640 -1.36775e+00 | 50  0.08476  2.01094e+00 | 51  0.05689  1.50859e+00
 52 -0.06838 -1.90931e+00 | 53 -0.02230 -2.12462e-01 | 54 -0.04261 -9.63215e-01
 55 -0.07740 -7.54464e-01 | 56  0.01035  6.01573e-01 | 57  0.04831  1.25407e+00
 58 -0.04011 -6.94213e-02 | 59  0.13212  3.38352e+00 | 60 -0.04893 -1.04795e+00
 61  0.09965  9.88535e-01 | 62  0.10454  5.31512e-01 | 63  0.06292 -6.45062e-01
 64  0.13708  1.65011e+00 | 65 -0.06029 -1.79385e+00 | 66 -0.04416 -1.41361e+00
 67 -0.09697 -3.05413e+00 | 68 -0.03178 -1.08283e+00 | 69  0.12062  3.16254e-01
 70 -0.09012 -2.50710e+00 | 71 -0.03207 -3.20687e+00 | 72  0.60233  3.56882e+00
 73  0.73515  6.77383e-03 | 74  0.40667 -1.96211e+01 | 75 -0.70573 -6.30501e-03
 76 -0.66479 -5.60970e-03 | 77 -0.47013 -1.05753e+01 | 78 -0.17099  3.42637e+00
 79  0.25162  1.46816e+01 | 80  0.55520  6.31628e+00 |

Initial statistics: 82 variables; iteration 0; function evaluation 0; phase 6
Function value 2.9670611e+02; maximum gradient component mag -7.1334e+02
Var    Value     Gradient |Var    Value     Gradient |Var    Value     Gradient
  1 -0.26583 -1.19919e+01 |  2  0.29095  5.48539e+00 |  3  0.03220  1.29366e+01
  4 -0.53733  3.76389e+01 |  5 -0.49764  2.85019e+01 |  6 -0.27749  4.65270e+01
  7  0.07750  8.25932e+00 |  8 -0.01465  4.26659e-03 |  9 -0.00812 -1.74322e-01
 10 -0.01072 -1.41610e-01 | 11 -0.01609 -3.76981e-01 | 12 -0.01614  4.32150e-01
 13 -0.02704 -2.33505e-01 | 14 -0.03347  1.33942e-01 | 15 -0.04677 -3.50179e-01
 16 -0.06135 -7.57550e-01 | 17 -0.07210  7.26145e-02 | 18 -0.08956 -2.40318e-01
 19 -0.10724 -3.31746e-01 | 20 -0.12564 -3.97128e-01 | 21 -0.14192  7.54337e-02
 22 -0.15882 -7.78115e-02 | 23 -0.16948  4.61801e-01 | 24 -0.17650  2.70636e-01
 25 -0.17502  6.78524e-01 | 26 -0.16862 -1.90839e-01 | 27 -0.12166  1.04999e+00
 28  0.02486 -1.19725e+00 | 29  0.10828 -3.65366e-02 | 30  0.06368 -7.11687e-01
 31 -0.07665 -1.82307e+00 | 32 -0.12356 -2.35078e+00 | 33  0.10713  3.33662e+00
 34 -0.10335 -1.20580e+00 | 35  0.11943  4.38446e+00 | 36 -0.01133  4.28816e-01
 37 -0.08312 -3.21171e-01 | 38 -0.22927 -1.60689e+00 | 39 -0.09041 -2.02331e+00
 40  0.04724  1.53709e+00 | 41  0.02155  7.14833e-01 | 42  0.01555  2.52088e-01
 43  0.14049  6.44322e+00 | 44  0.00981  1.06389e+00 | 45 -0.06746 -1.01185e+00
 46 -0.07241 -1.37907e+00 | 47  0.06727  1.74157e+00 | 48 -0.00480  8.35264e-01
 49 -0.06640 -1.34250e+00 | 50  0.08476  2.03609e+00 | 51  0.05690  1.53387e+00
 52 -0.06838 -1.88407e+00 | 53 -0.02230 -1.87097e-01 | 54 -0.04261 -9.37892e-01
 55 -0.07740 -7.29271e-01 | 56  0.01035  6.26950e-01 | 57  0.04831  1.27938e+00
 58 -0.04011 -4.40910e-02 | 59  0.13212  3.40835e+00 | 60 -0.04893 -1.02265e+00
 61  0.09965  1.01361e+00 | 62  0.10454  5.56551e-01 | 63  0.06292 -6.19805e-01
 64  0.13708  1.67491e+00 | 65 -0.06029 -1.76859e+00 | 66 -0.04416 -1.38829e+00
 67 -0.09697 -3.02904e+00 | 68 -0.03177 -1.05748e+00 | 69  0.12062  3.41181e-01
 70 -0.09012 -2.48198e+00 | 71 -0.03207 -3.18152e+00 | 72 -0.87818 -7.13344e+02
 73  0.11351  3.81017e+01 | 74  0.60233  3.56882e+00 | 75  0.73515  6.77383e-03
 76  0.40667 -1.96211e+01 | 77 -0.70573 -6.30501e-03 | 78 -0.66479 -5.60970e-03
 79 -0.47013 -1.05753e+01 | 80 -0.17099  3.42637e+00 | 81  0.25162  1.46816e+01
 82  0.55520  6.31628e+00 |

Intermediate statistics: 82 variables; iteration 20; function evaluation 26; phase 6
Function value 2.7866381e+02; maximum gradient component mag -7.0640e+02
Var    Value     Gradient |Var    Value     Gradient |Var    Value     Gradient
  1 -0.31377  1.91490e+01 |  2  0.29136 -3.37131e+01 |  3  0.07372 -2.03473e+00
  4 -0.56471 -8.09748e+00 |  5 -0.48745 -1.19184e+01 |  6 -0.29025 -1.36749e+02
  7  0.04219 -4.44675e+02 |  8 -0.00984  3.00257e-02 |  9 -0.00518 -7.73416e-02
 10 -0.00701 -6.35075e-02 | 11 -0.01032 -1.59767e-01 | 12 -0.01173  1.79825e-01
 13 -0.01825 -7.53031e-02 | 14 -0.02345  1.00282e-01 | 15 -0.03223 -2.79176e-02
 16 -0.04226 -8.48470e-02 | 17 -0.05174  3.52881e-01 | 18 -0.06446  4.16803e-01
 19 -0.07791  5.98507e-01 | 20 -0.09201  8.21258e-01 | 21 -0.10511  1.23101e+00
 22 -0.11704  1.46312e+00 | 23 -0.12377  1.95396e+00 | 24 -0.12476  2.25482e+00
 25 -0.11915  2.51893e+00 | 26 -0.10857  1.79890e+00 | 27 -0.06382  2.28999e+00
 28  0.03486  4.20564e+00 | 29  0.11226  3.35968e+01 | 30  0.07389  5.33819e+01
 31 -0.07591  1.94626e+01 | 32 -0.12800  3.54349e+00 | 33  0.11003  3.03437e+01
 34 -0.11267  5.45440e+00 | 35  0.12321  6.91642e+01 | 36 -0.01390  2.61862e+01
 37 -0.08690  1.22262e+01 | 38 -0.23121  2.03064e+00 | 39 -0.09172  5.35901e+00
 40  0.04841  1.95481e+01 | 41  0.02189  3.30542e+01 | 42  0.01667  4.89926e+01
 43  0.14579  1.68603e+02 | 44  0.01235  5.13778e+01 | 45 -0.07157  1.46706e+01
 46 -0.07220  2.59886e+00 | 47  0.06700 -1.83225e+01 | 48 -0.00680 -1.48228e+01
 49 -0.06441 -1.00866e+01 | 50  0.08424 -5.08776e+01 | 51  0.05463 -6.84682e+01
 52 -0.07392 -3.32378e+01 | 53 -0.02572 -5.49964e+01 | 54 -0.04724 -4.97417e+01
 55 -0.07656 -3.56654e+01 | 56  0.00876 -5.47050e+01 | 57  0.05218 -5.13788e+01
 58 -0.04262 -2.92918e+01 | 59  0.13151 -1.11875e+02 | 60 -0.05329 -2.15300e+01
 61  0.09969 -3.97414e+01 | 62  0.10768 -2.18057e+01 | 63  0.06112 -1.84890e+01
 64  0.13663 -4.53985e+01 | 65 -0.06122 -1.28264e+01 | 66 -0.04395 -1.81778e+01
 67 -0.09826 -1.30351e+01 | 68 -0.03344 -1.55881e+01 | 69  0.12000 -3.69643e+01
 70 -0.09022 -6.38433e+00 | 71 -0.03090 -6.58913e+00 | 72 -0.83892 -7.06398e+02
 73  0.06307 -1.80173e+01 | 74  0.64683  8.21143e+01 | 75  0.73511  6.65203e-03
 76  0.40975 -4.54465e+02 | 77 -0.70569 -6.30412e-03 | 78 -0.66476 -5.75595e-03
 79 -0.48796  9.45164e+01 | 80 -0.16269 -3.61364e+00 | 81  0.24243 -1.60748e+02
 82  0.61325 -1.64825e+01 |
82 variables; iteration 40; function evaluation 48; phase 6
Function value 2.7628369e+02; maximum gradient component mag -5.2161e+02
Var    Value     Gradient |Var    Value     Gradient |Var    Value     Gradient
  1 -0.09351 -3.04780e+01 |  2  0.30029  3.57290e+01 |  3  0.06454 -2.66898e+01
  4 -0.56854 -6.48914e+01 |  5 -0.48202 -1.32855e+00 |  6 -0.18806  1.22631e+02
  7  0.04871 -1.90423e+02 |  8 -0.00152  5.15171e-01 |  9 -0.00127  1.80890e-01
 10 -0.00189  2.64451e-01 | 11 -0.00354  2.80491e-01 | 12 -0.00355  6.52700e-01
 13 -0.00787  5.44584e-01 | 14 -0.01107  8.05814e-01 | 15 -0.01789  7.73443e-01
 16 -0.02606  8.16710e-01 | 17 -0.03334  1.44924e+00 | 18 -0.04408  1.80483e+00
 19 -0.05546  2.43496e+00 | 20 -0.06770  3.24455e+00 | 21 -0.07978  4.23959e+00
 22 -0.09154  5.02486e+00 | 23 -0.10021  5.64559e+00 | 24 -0.10497  5.66723e+00
 25 -0.10580  5.05870e+00 | 26 -0.10196  4.09024e+00 | 27 -0.06801  6.89163e+00
 28  0.05217  9.29296e+00 | 29  0.13736  6.56462e+01 | 30  0.05975  4.90135e+01
 31 -0.07484  1.11395e+01 | 32 -0.11339  1.28961e+01 | 33  0.11060  5.00918e+01
 34 -0.11325 -2.68316e+00 | 35  0.12539  8.79665e+01 | 36 -0.00954  2.66339e+01
 37 -0.08795 -2.00493e+00 | 38 -0.23127 -8.14235e+00 | 39 -0.08850  4.91391e+00
 40  0.04870  2.27065e+01 | 41  0.01937  2.24749e+01 | 42  0.01858  4.18293e+01
 43  0.14391  1.51063e+02 | 44  0.01446  4.46135e+01 | 45 -0.07761 -3.49645e+00
 46 -0.07587 -1.14084e+01 | 47  0.06937 -1.18604e+01 | 48 -0.01170 -3.15846e+01
 49 -0.07012 -2.63597e+01 | 50  0.08425 -3.94531e+01 | 51  0.05504 -4.83607e+01
 52 -0.07379 -3.35386e+01 | 53 -0.02740 -5.19370e+01 | 54 -0.04613 -4.36198e+01
 55 -0.07978 -3.83613e+01 | 56  0.00765 -4.47092e+01 | 57  0.05137 -3.75754e+01
 58 -0.05274 -4.85311e+01 | 59  0.13081 -8.45796e+01 | 60 -0.05843 -2.60481e+01
 61  0.09854 -2.69304e+01 | 62  0.10499 -2.15847e+01 | 63  0.05823 -2.64966e+01
 64  0.13693 -2.09488e+01 | 65 -0.06129 -1.54815e+01 | 66 -0.04728 -2.84074e+01
 67 -0.09747 -1.66076e+01 | 68 -0.03432 -1.89273e+01 | 69  0.12161 -1.15368e+01
 70 -0.09342 -1.49861e+01 | 71 -0.03125 -1.15213e+01 | 72 -0.84321 -5.21607e+02
 73 -0.22383  3.85296e+01 | 74  0.62495  4.38404e+01 | 75  0.73388  6.73798e-03
 76  0.40718 -2.52282e+02 | 77 -0.70454 -6.27557e-03 | 78 -0.66371 -5.64424e-03
 79 -0.47865 -4.19146e-01 | 80 -0.00374  6.43811e+00 | 81  0.24649 -4.37281e+01
 82  0.61208  3.24759e+00 |
82 variables; iteration 60; function evaluation 69; phase 6
Function value 2.6568578e+02; maximum gradient component mag -5.2599e+02
Var    Value     Gradient |Var    Value     Gradient |Var    Value     Gradient
  1 -0.14867  4.72362e+01 |  2  0.29278 -1.82685e+01 |  3  0.04540 -9.38190e+00
  4 -0.54581 -1.04221e+01 |  5 -0.49854  1.15071e+01 |  6 -0.21363 -1.78574e+02
  7  0.01574 -5.25988e+02 |  8  0.01317  2.32527e+00 |  9  0.01106  1.77893e+00
 10  0.01209  2.04121e+00 | 11  0.01660  2.86093e+00 | 12  0.00660  1.66997e+00
 13  0.01192  2.81993e+00 | 14  0.00442  2.21826e+00 | 15 -0.00094  2.12227e+00
 16 -0.01041  1.58517e+00 | 17 -0.02411  5.90603e-01 | 18 -0.03435  3.75970e-01
 19 -0.04395  5.45087e-01 | 20 -0.05290  1.10650e+00 | 21 -0.06392  1.30535e+00
 22 -0.07548  1.00549e+00 | 23 -0.08985 -9.62729e-01 | 24 -0.09575 -2.40949e+00
 25 -0.08830 -1.65758e+00 | 26 -0.05095  5.76857e+00 | 27 -0.00514  9.76399e+00
 28  0.09048  2.21777e+01 | 29  0.11924  1.71671e+01 | 30  0.04750 -1.19810e+01
 31 -0.08798 -1.18354e+01 | 32 -0.11695  9.21371e+00 | 33  0.11160 -7.95247e+00
 34 -0.10560  6.79455e+00 | 35  0.12181 -3.38157e+01 | 36 -0.01856 -1.98412e+01
 37 -0.08894 -7.31640e+00 | 38 -0.21459  1.29883e+01 | 39 -0.09427 -7.76602e-01
 40  0.05071 -1.13250e-01 | 41  0.01986 -8.23411e+00 | 42  0.01461 -1.69690e+01
 43  0.13430 -7.73554e+01 | 44  0.01165 -7.08253e+00 | 45 -0.06925  9.87454e+00
 46 -0.07361  8.52488e+00 | 47  0.06811  1.19369e+01 | 48 -0.00881  4.63993e+00
 49 -0.06799  4.22957e+00 | 50  0.08314  1.43817e+01 | 51  0.05745  1.68354e+01
 52 -0.07873 -2.14035e+00 | 53 -0.02445  1.11547e+01 | 54 -0.03593  3.94099e+01
 55 -0.08402  2.81582e+00 | 56  0.00964  1.56462e+01 | 57  0.04732  8.23694e+00
 58 -0.03955  1.94205e+01 | 59  0.13103  2.41115e+01 | 60 -0.04809  1.60376e+01
 61  0.09526  3.72256e+00 | 62  0.10416 -3.76293e+00 | 63  0.05867  1.57322e+00
 64  0.13511 -3.50452e+00 | 65 -0.06395  2.07905e+00 | 66 -0.04591 -2.14054e-01
 67 -0.09784  8.07955e+00 | 68 -0.02824  1.97970e+01 | 69  0.12021  5.60401e+00
 70 -0.10174 -1.10715e+01 | 71 -0.03440 -7.05157e+00 | 72 -0.79854 -4.61464e+02
 73 -0.16113 -3.02965e+01 | 74  0.60998  1.83310e+01 | 75  0.72247  6.41456e-03
 76  0.40683 -3.74632e+01 | 77 -0.69384 -6.02062e-03 | 78 -0.65399 -5.43480e-03
 79 -0.48057  3.71240e+01 | 80  0.04058 -6.33452e+00 | 81  0.24853 -3.71147e+01
 82  0.64971 -2.68267e+00 |
82 variables; iteration 80; function evaluation 98; phase 6
Function value 2.5585153e+02; maximum gradient component mag -5.2864e+02
Var    Value     Gradient |Var    Value     Gradient |Var    Value     Gradient
  1 -0.29479  5.47831e+01 |  2  0.29414 -1.27158e+01 |  3  0.05941 -1.89303e+02
  4 -0.54853 -5.28637e+02 |  5 -0.50110 -4.17961e+02 |  6 -0.28687 -1.09909e+02
  7 -0.01162 -2.97882e+02 |  8 -0.00153  1.23197e-01 |  9 -0.00863 -1.04776e+00
 10 -0.00157  2.50041e-02 | 11 -0.00197  8.58336e-02 | 12 -0.01336 -1.37359e+00
 13 -0.02293 -2.52487e+00 | 14 -0.00173  9.17644e-01 | 15  0.01484  3.99993e+00
 16 -0.04190 -4.03910e+00 | 17 -0.05944 -5.99849e+00 | 18 -0.05092 -3.69508e+00
 19  0.01354  9.64167e+00 | 20 -0.03406  2.43161e+00 | 21 -0.05226  7.12693e-01
 22 -0.06239  5.87400e-02 | 23 -0.06069  6.62408e-01 | 24 -0.07337 -3.40425e+00
 25 -0.05910 -3.53904e+00 | 26 -0.09343 -1.13039e+01 | 27  0.03829 -5.22712e-01
 28  0.09564 -1.45808e+01 | 29  0.08110 -1.46077e+01 | 30  0.06981 -3.89553e+00
 31 -0.07336  7.29640e+00 | 32 -0.13329 -4.09375e+00 | 33  0.11288 -2.15000e+00
 34 -0.11457  3.15587e+00 | 35  0.12170  2.58029e+00 | 36 -0.01489  8.68817e+00
 37 -0.09056  1.54925e+00 | 38 -0.22584  5.22537e+00 | 39 -0.09418 -3.66880e+00
 40  0.05029 -2.77496e+00 | 41  0.02195  1.77273e+00 | 42  0.01455  1.04612e+00
 43  0.13960  3.01513e+00 | 44  0.01310  5.10124e+00 | 45 -0.07892 -2.82111e+00
 46 -0.06861  1.71033e+00 | 47  0.06675 -1.29705e+01 | 48 -0.00597 -3.33199e+00
 49 -0.06554 -2.24601e+00 | 50  0.08283 -1.34226e+01 | 51  0.05712 -5.00637e+00
 52 -0.06807  5.21968e+00 | 53 -0.02626 -8.73244e+00 | 54 -0.04179  4.84977e+00
 55 -0.07726 -2.33375e+00 | 56  0.00764 -8.10861e+00 | 57  0.05147 -5.50588e+00
 58 -0.04304 -1.95547e-01 | 59  0.13321 -1.29408e+01 | 60 -0.05273  2.08015e+00
 61  0.09777 -1.18273e+00 | 62  0.10759  4.77107e+00 | 63  0.05861  4.02077e+00
 64  0.13632  8.26396e+00 | 65 -0.06185  5.45242e+00 | 66 -0.04275  6.33457e+00
 67 -0.10032 -1.14103e+00 | 68 -0.03505  1.05563e+00 | 69  0.11981  8.65364e+00
 70 -0.09544 -2.37901e+00 | 71 -0.03199  7.25007e+00 | 72 -0.72395 -1.53988e+02
 73  0.02872  7.24438e+00 | 74  0.63769 -2.50675e+01 | 75  0.65256  4.58515e-03
 76  0.40933  1.73974e+02 | 77 -0.62825 -4.75395e-03 | 78 -0.59460 -4.69547e-03
 79 -0.48864 -3.55792e+01 | 80  0.04427 -3.35114e+00 | 81  0.24505  2.73871e+01
 82  0.64953 -1.46284e+00 |
82 variables; iteration 100; function evaluation 131; phase 6
Function value 2.5107586e+02; maximum gradient component mag -1.7176e+01
Var    Value     Gradient |Var    Value     Gradient |Var    Value     Gradient
  1 -0.38566  2.28820e+00 |  2  0.29680 -4.06973e+00 |  3  0.11730  1.78058e+00
  4 -0.57147  2.71608e+00 |  5 -0.49418 -7.22307e-02 |  6 -0.32751 -1.71757e+01
  7 -0.04105  1.32756e+01 |  8 -0.00199 -1.24253e-01 |  9 -0.00042  2.53236e-02
 10 -0.00137 -6.45081e-02 | 11 -0.00164 -3.56854e-02 | 12 -0.00224 -1.98739e-02
 13 -0.00253  9.09883e-02 | 14 -0.00432  5.71264e-02 | 15 -0.00642  8.14970e-02
 16 -0.00870  2.13841e-01 | 17 -0.01339  1.71657e-01 | 18 -0.01867  2.18325e-01
 19 -0.02754 -1.18472e-01 | 20 -0.03514 -9.20398e-02 | 21 -0.04327 -1.71546e-01
 22 -0.04748  1.07213e-01 | 23 -0.04858 -1.33696e-02 | 24 -0.03965  2.11861e-01
 25 -0.02570  3.48130e-01 | 26 -0.01582  2.62231e-01 | 27  0.01526  1.36615e+00
 28  0.13122  2.36499e+00 | 29  0.06598  1.71484e+00 | 30  0.07108  3.57450e+00
 31 -0.08416  1.85687e+00 | 32 -0.12864 -2.19142e-01 | 33  0.11280  1.24669e+00
 34 -0.11926  1.00641e+00 | 35  0.12125 -5.85444e-01 | 36 -0.02008  7.04192e-01
 37 -0.09129  8.30293e-01 | 38 -0.23453  9.99665e-01 | 39 -0.09205  9.12438e-01
 40  0.05053 -5.36969e-01 | 41  0.02160  1.14175e-01 | 42  0.01505  7.63661e-01
 43  0.13948 -9.94874e-01 | 44  0.01039  1.07743e-01 | 45 -0.07455  5.57473e-01
 46 -0.07350  8.59820e-02 | 47  0.06844 -1.16484e+00 | 48 -0.00697 -4.77475e-01
 49 -0.06441  1.35263e-01 | 50  0.08350 -1.29666e+00 | 51  0.05798 -1.08647e+00
 52 -0.07242  2.07497e-01 | 53 -0.02249 -2.83112e-01 | 54 -0.04496 -5.01479e-01
 55 -0.07538 -1.09137e-02 | 56  0.00859 -1.56481e+00 | 57  0.05217 -1.89807e+00
 58 -0.04313 -1.07985e-01 | 59  0.13493 -3.34630e+00 | 60 -0.05468  1.48378e-01
 61  0.09869 -1.45668e+00 | 62  0.10799 -1.36268e+00 | 63  0.05869 -3.51408e-01
 64  0.13590 -2.29141e+00 | 65 -0.06272  1.80122e-01 | 66 -0.04319 -2.11575e-02
 67 -0.09795  5.75613e-01 | 68 -0.03397  9.80781e-02 | 69  0.11838 -1.80397e+00
 70 -0.09264  6.98552e-01 | 71 -0.03333  3.79637e-01 | 72 -0.60343  4.57081e+00
 73  0.12196 -4.24962e+00 | 74  0.66026 -1.11119e+00 | 75  0.45867  2.78170e-03
 76  0.41080  4.46696e+00 | 77 -0.35559 -1.96330e-03 | 78  0.09186 -5.64985e-02
 79 -0.48851  1.09827e+01 | 80  0.18662 -2.28706e-01 | 81  0.24598 -1.19102e+01
 82  0.60544 -1.03026e-01 |
82 variables; iteration 120; function evaluation 152; phase 6
Function value 2.5103953e+02; maximum gradient component mag -2.9414e+00
Var    Value     Gradient |Var    Value     Gradient |Var    Value     Gradient
  1 -0.37883  3.07986e-01 |  2  0.29695 -5.73728e-02 |  3  0.11098 -1.09711e+00
  4 -0.56874 -2.94135e+00 |  5 -0.49508 -2.26823e+00 |  6 -0.32465 -7.17307e-01
  7 -0.03923  6.18093e-01 |  8 -0.00118  3.59909e-05 |  9 -0.00061  4.22262e-03
 10 -0.00094  3.12786e-03 | 11 -0.00144  2.71660e-03 | 12 -0.00220  4.67494e-04
 13 -0.00331  6.79552e-04 | 14 -0.00492 -9.81573e-04 | 15 -0.00724  5.85050e-04
 16 -0.01044  6.01957e-03 | 17 -0.01493  1.53389e-03 | 18 -0.02055  3.79509e-03
 19 -0.02744  6.15486e-03 | 20 -0.03532  5.62388e-03 | 21 -0.04314  2.77030e-03
 22 -0.04884  1.31867e-02 | 23 -0.04930  1.54885e-02 | 24 -0.04146  2.04375e-02
 25 -0.02799  1.65175e-02 | 26 -0.01681  9.04666e-04 | 27  0.00807  3.25247e-02
 28  0.12818  1.22390e-01 | 29  0.07185  4.31507e-01 | 30  0.06810  2.23672e-01
 31 -0.08303  8.11071e-02 | 32 -0.12694  1.33379e-01 | 33  0.11251  1.77009e-01
 34 -0.11905  4.13080e-02 | 35  0.12119  7.41504e-02 | 36 -0.01995  4.86855e-02
 37 -0.09107  3.84421e-02 | 38 -0.23440  3.86016e-02 | 39 -0.09218  4.77157e-02
 40  0.05041 -4.29238e-02 | 41  0.02157 -7.38862e-02 | 42  0.01479 -5.71490e-02
 43  0.13933 -2.66660e-01 | 44  0.01035 -6.31615e-02 | 45 -0.07474 -3.89774e-02
 46 -0.07321 -1.48738e-02 | 47  0.06818 -1.37813e-01 | 48 -0.00694 -9.03075e-02
 49 -0.06442 -2.11731e-02 | 50  0.08329 -1.43276e-01 | 51  0.05787 -1.13075e-01
 52 -0.07241 -5.02765e-03 | 53 -0.02263 -3.53651e-02 | 54 -0.04496 -4.05156e-02
 55 -0.07560 -1.08397e-02 | 56  0.00848 -6.29870e-02 | 57  0.05201 -1.03173e-01
 58 -0.04328 -7.68645e-02 | 59  0.13471 -1.78220e-01 | 60 -0.05455  1.56203e-02
 61  0.09848 -8.61221e-02 | 62  0.10785 -6.76860e-02 | 63  0.05854 -4.60614e-02
 64  0.13581 -4.75950e-02 | 65 -0.06272  3.18815e-02 | 66 -0.04328  1.49609e-02
 67 -0.09810  4.74522e-02 | 68 -0.03404  3.73284e-02 | 69  0.11830  3.28293e-02
 70 -0.09255  4.44367e-02 | 71 -0.03336  6.69086e-02 | 72 -0.61314  3.44316e-01
 73  0.11705  3.16914e-02 | 74  0.65862 -4.82342e-01 | 75  0.05558 -5.54266e-03
 76  0.41073  2.56812e+00 | 77 -0.03775 -4.48444e-04 | 78  0.48078  2.44661e-03
 79 -0.48818 -1.41442e-01 | 80  0.26188 -4.41822e-02 | 81  0.24612  6.90917e-02
 82  0.58880 -3.05656e-02 |
82 variables; iteration 140; function evaluation 174; phase 6
Function value 2.5103685e+02; maximum gradient component mag 2.0781e+00
Var    Value     Gradient |Var    Value     Gradient |Var    Value     Gradient
  1 -0.38049 -4.97827e-01 |  2  0.29697  4.41189e-01 |  3  0.11339  7.55853e-01
  4 -0.56989  1.90672e+00 |  5 -0.49460  1.60714e+00 |  6 -0.32529  2.07812e+00
  7 -0.03912  1.62191e+00 |  8 -0.00114  7.79476e-03 |  9 -0.00065 -1.64164e-03
 10 -0.00095  3.79019e-03 | 11 -0.00143  6.47790e-03 | 12 -0.00220  2.96357e-03
 13 -0.00336 -2.03860e-03 | 14 -0.00499 -4.37873e-03 | 15 -0.00734 -5.09716e-03
 16 -0.01063 -1.11761e-02 | 17 -0.01505 -2.82467e-04 | 18 -0.02068  4.77937e-03
 19 -0.02753  1.82459e-02 | 20 -0.03542  1.88655e-02 | 21 -0.04320  2.81304e-02
 22 -0.04905  1.26645e-02 | 23 -0.04945  3.00454e-02 | 24 -0.04168  2.87950e-02
 25 -0.02822  3.45636e-02 | 26 -0.01691  4.84551e-02 | 27  0.00783  6.96388e-02
 28  0.12855  1.19594e-01 | 29  0.07121  1.90462e-01 | 30  0.06816  2.79335e-02
 31 -0.08323 -9.56008e-02 | 32 -0.12685  1.03217e-01 | 33  0.11253  2.65270e-01
 34 -0.11911 -6.36671e-02 | 35  0.12121  3.17721e-01 | 36 -0.02003  1.38933e-03
 37 -0.09115 -4.05335e-02 | 38 -0.23443 -7.23832e-02 | 39 -0.09221 -1.30357e-03
 40  0.05045  1.62620e-01 | 41  0.02158  1.71771e-02 | 42  0.01480 -2.73054e-02
 43  0.13935  3.27994e-02 | 44  0.01036 -3.09020e-02 | 45 -0.07476 -6.74086e-02
 46 -0.07319 -2.90648e-02 | 47  0.06821  6.18964e-02 | 48 -0.00692 -3.98810e-02
 49 -0.06440 -4.86081e-02 | 50  0.08331  1.71629e-02 | 51  0.05789 -4.09783e-02
 52 -0.07240 -6.57459e-02 | 53 -0.02262 -3.76341e-02 | 54 -0.04494 -4.54579e-02
 55 -0.07558 -4.42636e-02 | 56  0.00851  4.91025e-02 | 57  0.05204  3.40779e-02
 58 -0.04324 -8.66898e-02 | 59  0.13475  1.03696e-01 | 60 -0.05452 -4.24028e-02
 61  0.09850 -1.88072e-02 | 62  0.10788 -3.08223e-02 | 63  0.05855 -8.07407e-02
 64  0.13582  1.39373e-03 | 65 -0.06270 -6.16979e-02 | 66 -0.04327 -8.86929e-02
 67 -0.09809 -5.45649e-02 | 68 -0.03400 -1.77940e-02 | 69  0.11832  7.19678e-02
 70 -0.09260 -9.09441e-02 | 71 -0.03334 -6.44444e-02 | 72 -0.61347  3.13587e-01
 73  0.11820  3.82421e-01 | 74  0.65921 -2.46183e-01 | 75  0.10471  2.48472e-04
 76  0.41076  1.31270e+00 | 77  0.08937  2.66623e-03 | 78  0.20874  6.40489e-03
 79 -0.48823 -9.15839e-01 | 80  0.35338 -8.18783e-03 | 81  0.24611  1.00123e+00
 82  0.56702 -1.68198e-02 |
82 variables; iteration 160; function evaluation 201; phase 6
Function value 2.5103561e+02; maximum gradient component mag -1.2876e-01
Var    Value     Gradient |Var    Value     Gradient |Var    Value     Gradient
  1 -0.38042  3.23658e-02 |  2  0.29695 -1.59440e-02 |  3  0.11315 -2.35023e-02
  4 -0.56978 -6.11682e-02 |  5 -0.49467 -3.90291e-02 |  6 -0.32528 -1.28759e-01
  7 -0.03910 -2.79747e-02 |  8 -0.00119 -1.17594e-04 |  9 -0.00064 -7.67426e-05
 10 -0.00097 -1.09855e-04 | 11 -0.00147 -5.49593e-05 | 12 -0.00222 -5.79779e-05
 13 -0.00334 -8.14429e-05 | 14 -0.00495 -8.65912e-05 | 15 -0.00729 -1.34647e-04
 16 -0.01055 -2.08446e-04 | 17 -0.01504 -1.93276e-04 | 18 -0.02070 -1.44775e-04
 19 -0.02762 -3.15201e-04 | 20 -0.03551 -3.90203e-04 | 21 -0.04332 -4.73755e-04
 22 -0.04909 -4.04711e-04 | 23 -0.04956 -3.55457e-04 | 24 -0.04176 -3.65921e-04
 25 -0.02832 -3.68054e-04 | 26 -0.01710 -6.01006e-04 | 27  0.00747 -6.98433e-04
 28  0.12904  5.59789e-03 | 29  0.07036  7.49611e-04 | 30  0.06851 -1.12354e-03
 31 -0.08329  3.05903e-03 | 32 -0.12701  4.36456e-03 | 33  0.11254 -1.12538e-02
 34 -0.11908  3.72322e-03 | 35  0.12121 -1.65152e-02 | 36 -0.02002 -2.28493e-03
 37 -0.09113  1.78449e-03 | 38 -0.23442  5.26618e-03 | 39 -0.09220  2.78155e-03
 40  0.05045 -3.76992e-03 | 41  0.02160 -5.47518e-04 | 42  0.01481 -6.98518e-04
 43  0.13936 -1.47544e-02 | 44  0.01036 -2.13528e-03 | 45 -0.07473  2.93128e-03
 46 -0.07320  3.69206e-03 | 47  0.06821 -3.69659e-03 | 48 -0.00692  1.49126e-03
 49 -0.06440  4.05256e-03 | 50  0.08332 -4.77960e-03 | 51  0.05790 -2.28912e-03
 52 -0.07240  4.03761e-03 | 53 -0.02262  2.33060e-03 | 54 -0.04494  1.88738e-03
 55 -0.07557  2.89430e-03 | 56  0.00851 -9.24547e-04 | 57  0.05204 -2.78352e-03
 58 -0.04322  3.91177e-03 | 59  0.13475 -8.13941e-03 | 60 -0.05455  4.00035e-03
 61  0.09851 -3.01401e-03 | 62  0.10788 -1.89516e-03 | 63  0.05856  7.80382e-04
 64  0.13583 -6.00381e-03 | 65 -0.06270  4.48764e-03 | 66 -0.04325  3.23305e-03
 67 -0.09809  5.06177e-03 | 68 -0.03401  5.02459e-03 | 69  0.11832  4.06985e-05
 70 -0.09259  6.49203e-03 | 71 -0.03334  5.38131e-03 | 72 -0.61352 -5.67906e-03
 73  0.11811 -2.31980e-02 | 74  0.65940 -6.90079e-03 | 75  0.11828  1.88374e-03
 76  0.41078  3.53884e-02 | 77 -0.09456  1.86388e-05 | 78  0.11208  4.40178e-05
 79 -0.48824  3.33550e-02 | 80  0.38985 -3.99555e-03 | 81  0.24610 -4.52420e-02
 82  0.55919 -1.61717e-02 |
82 variables; iteration 180; function evaluation 223; phase 6
Function value 2.5103488e+02; maximum gradient component mag 2.3687e-01
Var    Value     Gradient |Var    Value     Gradient |Var    Value     Gradient
  1 -0.38023 -1.08772e-02 |  2  0.29695  1.67005e-02 |  3  0.11324  7.76190e-02
  4 -0.56982  2.36868e-01 |  5 -0.49465  2.20362e-01 |  6 -0.32522  8.26533e-02
  7 -0.03910 -3.22680e-02 |  8 -0.00120 -6.62038e-04 |  9 -0.00064 -5.98603e-04
 10 -0.00097 -7.89125e-04 | 11 -0.00147 -3.60293e-04 | 12 -0.00222 -2.33630e-04
 13 -0.00334 -6.00391e-04 | 14 -0.00495 -4.91836e-04 | 15 -0.00730 -8.32131e-04
 16 -0.01055 -1.57293e-03 | 17 -0.01504 -1.24560e-03 | 18 -0.02070 -8.30527e-04
 19 -0.02763 -1.85732e-03 | 20 -0.03552 -2.29178e-03 | 21 -0.04333 -2.67401e-03
 22 -0.04909 -2.03344e-03 | 23 -0.04956 -1.02755e-03 | 24 -0.04176 -5.33640e-04
 25 -0.02831  5.40854e-04 | 26 -0.01710  4.84070e-04 | 27  0.00750  6.22306e-03
 28  0.12906  1.03112e-02 | 29  0.07035 -4.87023e-03 | 30  0.06851 -9.34347e-03
 31 -0.08329 -1.11597e-02 | 32 -0.12702 -1.00025e-02 | 33  0.11254 -1.11485e-03
 34 -0.11908 -5.13922e-03 | 35  0.12121  1.35668e-03 | 36 -0.02002 -8.34584e-03
 37 -0.09113 -6.63837e-03 | 38 -0.23442 -7.60494e-03 | 39 -0.09220 -6.74918e-03
 40  0.05045  8.16434e-03 | 41  0.02160  4.01885e-03 | 42  0.01480 -3.80690e-03
 43  0.13936  1.11138e-02 | 44  0.01036 -3.20567e-03 | 45 -0.07473 -2.73078e-03
 46 -0.07320 -1.65795e-03 | 47  0.06821  1.21050e-02 | 48 -0.00691  6.90704e-03
 49 -0.06440  1.10529e-03 | 50  0.08332  7.86532e-03 | 51  0.05790  6.72238e-03
 52 -0.07240 -1.52832e-03 | 53 -0.02262  3.19119e-03 | 54 -0.04494 -5.93926e-04
 55 -0.07557 -1.27152e-03 | 56  0.00851  7.26515e-03 | 57  0.05204  1.09207e-02
 58 -0.04322  1.40933e-03 | 59  0.13475  2.00265e-02 | 60 -0.05456 -3.68777e-03
 61  0.09851  6.46097e-03 | 62  0.10788  4.88872e-03 | 63  0.05856 -1.15513e-03
 64  0.13583  4.09484e-03 | 65 -0.06270 -4.28568e-03 | 66 -0.04325 -4.03702e-03
 67 -0.09809 -7.74186e-03 | 68 -0.03401 -4.00135e-03 | 69  0.11832  8.93585e-03
 70 -0.09259 -1.45500e-03 | 71 -0.03334 -6.75802e-03 | 72 -0.61350 -8.12766e-03
 73  0.11797  1.05219e-02 | 74  0.65942  2.07632e-02 | 75  0.11805  1.21262e-03
 76  0.41078 -1.35336e-01 | 77 -0.08107  4.47175e-04 | 78  0.11157 -9.29437e-05
 79 -0.48824 -1.19530e-02 | 80  0.40599  5.01279e-04 | 81  0.24610  1.11801e-02
 82  0.66827 -1.23653e-04 |

 - final statistics:
82 variables; iteration 188; function evaluation 231
Function value 2.5103e+02; maximum gradient component mag -8.4290e-05
Exit code = 1;  converg criter 1.0000e-04
Var    Value     Gradient |Var    Value     Gradient |Var    Value     Gradient
  1 -0.38041 -4.11435e-06 |  2  0.29695 -1.63277e-05 |  3  0.11317 -1.29696e-05
  4 -0.56978 -5.49219e-05 |  5 -0.49467 -8.42895e-05 |  6 -0.32528 -5.37915e-05
  7 -0.03910  4.68710e-05 |  8 -0.00119  7.32036e-07 |  9 -0.00064  4.65924e-07
 10 -0.00097  7.29653e-07 | 11 -0.00147  2.34867e-07 | 12 -0.00222  2.03700e-07
 13 -0.00334  4.13787e-07 | 14 -0.00495  3.17233e-07 | 15 -0.00729  5.94578e-07
 16 -0.01055  1.17939e-06 | 17 -0.01504  1.07740e-06 | 18 -0.02069  7.43383e-07
 19 -0.02762  1.99642e-06 | 20 -0.03551  2.43164e-06 | 21 -0.04332  2.73787e-06
 22 -0.04908  1.70104e-06 | 23 -0.04956  7.38307e-07 | 24 -0.04176  1.75466e-07
 25 -0.02832 -6.17358e-07 | 26 -0.01710 -1.08472e-07 | 27  0.00748 -6.61092e-06
 28  0.12902 -1.42962e-05 | 29  0.07038 -1.23576e-05 | 30  0.06850 -1.84566e-06
 31 -0.08328  6.84497e-06 | 32 -0.12702  5.34098e-06 | 33  0.11254 -5.29785e-06
 34 -0.11908  2.55504e-06 | 35  0.12121 -4.59169e-06 | 36 -0.02002  5.95577e-06
 37 -0.09114  4.97896e-06 | 38 -0.23442  6.53433e-06 | 39 -0.09220  6.36687e-06
 40  0.05045 -3.69468e-06 | 41  0.02160 -7.18538e-08 | 42  0.01481  7.17573e-06
 43  0.13936  6.42522e-07 | 44  0.01036  6.48678e-06 | 45 -0.07473  4.75415e-06
 46 -0.07320  3.56480e-06 | 47  0.06821 -4.59837e-06 | 48 -0.00692 -2.78921e-06
 49 -0.06440  3.44897e-07 | 50  0.08332 -1.07587e-06 | 51  0.05790 -1.63737e-06
 52 -0.07240  2.30420e-06 | 53 -0.02262 -8.51449e-07 | 54 -0.04494  1.80020e-06
 55 -0.07557  1.66789e-06 | 56  0.00851 -4.56873e-06 | 57  0.05204 -8.11173e-06
 58 -0.04322 -1.69521e-07 | 59  0.13475 -1.47999e-05 | 60 -0.05455  3.80027e-06
 61  0.09851 -4.04913e-06 | 62  0.10788 -3.56684e-06 | 63  0.05856  1.69120e-06
 64  0.13583 -3.55308e-06 | 65 -0.06270  3.04816e-06 | 66 -0.04325  3.26708e-06
 67 -0.09809  6.02193e-06 | 68 -0.03401  2.57046e-06 | 69  0.11832 -1.09826e-05
 70 -0.09259 -1.91505e-07 | 71 -0.03334  4.28484e-06 | 72 -0.61351  6.47924e-06
 73  0.11808 -1.69105e-05 | 74  0.65940 -1.18539e-05 | 75  0.11821 -1.58824e-07
 76  0.41078  7.46748e-05 | 77 -0.09439  1.26148e-07 | 78  0.11191 -1.63053e-07
 79 -0.48825  2.72506e-05 | 80  0.39096 -1.56933e-07 | 81  0.24610 -2.61436e-05
 82  0.67278 -2.03426e-06 |
Estimating row 1 out of 82 for hessian
Estimating row 2 out of 82 for hessian
Estimating row 3 out of 82 for hessian
Estimating row 4 out of 82 for hessian
Estimating row 5 out of 82 for hessian
Estimating row 6 out of 82 for hessian
Estimating row 7 out of 82 for hessian
Estimating row 8 out of 82 for hessian
Estimating row 9 out of 82 for hessian
Estimating row 10 out of 82 for hessian
Estimating row 11 out of 82 for hessian
Estimating row 12 out of 82 for hessian
Estimating row 13 out of 82 for hessian
Estimating row 14 out of 82 for hessian
Estimating row 15 out of 82 for hessian
Estimating row 16 out of 82 for hessian
Estimating row 17 out of 82 for hessian
Estimating row 18 out of 82 for hessian
Estimating row 19 out of 82 for hessian
Estimating row 20 out of 82 for hessian
Estimating row 21 out of 82 for hessian
Estimating row 22 out of 82 for hessian
Estimating row 23 out of 82 for hessian
Estimating row 24 out of 82 for hessian
Estimating row 25 out of 82 for hessian
Estimating row 26 out of 82 for hessian
Estimating row 27 out of 82 for hessian
Estimating row 28 out of 82 for hessian
Estimating row 29 out of 82 for hessian
Estimating row 30 out of 82 for hessian
Estimating row 31 out of 82 for hessian
Estimating row 32 out of 82 for hessian
Estimating row 33 out of 82 for hessian
Estimating row 34 out of 82 for hessian
Estimating row 35 out of 82 for hessian
Estimating row 36 out of 82 for hessian
Estimating row 37 out of 82 for hessian
Estimating row 38 out of 82 for hessian
Estimating row 39 out of 82 for hessian
Estimating row 40 out of 82 for hessian
Estimating row 41 out of 82 for hessian
Estimating row 42 out of 82 for hessian
Estimating row 43 out of 82 for hessian
Estimating row 44 out of 82 for hessian
Estimating row 45 out of 82 for hessian
Estimating row 46 out of 82 for hessian
Estimating row 47 out of 82 for hessian
Estimating row 48 out of 82 for hessian
Estimating row 49 out of 82 for hessian
Estimating row 50 out of 82 for hessian
Estimating row 51 out of 82 for hessian
Estimating row 52 out of 82 for hessian
Estimating row 53 out of 82 for hessian
Estimating row 54 out of 82 for hessian
Estimating row 55 out of 82 for hessian
Estimating row 56 out of 82 for hessian
Estimating row 57 out of 82 for hessian
Estimating row 58 out of 82 for hessian
Estimating row 59 out of 82 for hessian
Estimating row 60 out of 82 for hessian
Estimating row 61 out of 82 for hessian
Estimating row 62 out of 82 for hessian
Estimating row 63 out of 82 for hessian
Estimating row 64 out of 82 for hessian
Estimating row 65 out of 82 for hessian
Estimating row 66 out of 82 for hessian
Estimating row 67 out of 82 for hessian
Estimating row 68 out of 82 for hessian
Estimating row 69 out of 82 for hessian
Estimating row 70 out of 82 for hessian
Estimating row 71 out of 82 for hessian
Estimating row 72 out of 82 for hessian
Estimating row 73 out of 82 for hessian
Estimating row 74 out of 82 for hessian
Estimating row 75 out of 82 for hessian
Estimating row 76 out of 82 for hessian
Estimating row 77 out of 82 for hessian
Estimating row 78 out of 82 for hessian
Estimating row 79 out of 82 for hessian
Estimating row 80 out of 82 for hessian
Estimating row 81 out of 82 for hessian
Estimating row 82 out of 82 for hessian
size of file gradfil1.tmp = 0
size of file gradfil2.tmp = 0
size of file varssave.tmp = 0
size of file cmpdiff.tmp = 0
