
Initial statistics: 61 variables; iteration 0; function evaluation 0; phase 1
Function value 1.0356013e+04; maximum gradient component mag -1.4180e+04
Var    Value     Gradient |Var    Value     Gradient |Var    Value     Gradient
  1 -0.43028 -1.41800e+04 |  2 -0.04984  9.42799e+03 |  3  0.01038  1.44306e+00
  4 -0.02938 -4.09291e+00 |  5  0.04234  5.87912e+00 |  6 -0.05116 -7.10909e+00
  7  0.01746  2.41365e+00 |  8  0.03392  4.68016e+00 |  9 -0.00034 -1.03424e-01
 10  0.03317  4.48265e+00 | 11 -0.04570 -6.48176e+00 | 12  0.00133 -1.62493e-01
 13  0.03399  3.92463e+00 | 14  0.00972  1.60090e-01 | 15  0.04079  2.95010e+00
 16  0.00994 -2.43290e+00 | 17 -0.03232 -9.36499e+00 | 18 -0.03394 -1.32212e+01
 19  0.03610 -2.08670e+01 | 20  0.00450 -3.48278e+01 | 21  0.04845 -8.51235e+01
 22  0.01146 -9.90583e+01 | 23 -0.01736  1.04635e+03 | 24 -0.04808  1.01464e+03
 25  0.02708  6.02922e+02 | 26  0.04712 -7.70205e+02 | 27 -0.02272 -1.17126e+01
 28  0.03907 -9.28661e+02 | 29 -0.01949 -6.10162e+02 | 30  0.01947 -6.28425e+02
 31 -0.03365 -3.54924e+02 | 32 -0.03331 -6.04731e+01 | 33  0.04464  2.73460e+02
 34 -0.03428  3.23369e+02 | 35 -0.04212 -1.76225e+02 | 36  0.03775 -1.05543e+03
 37  0.01510 -1.14787e+03 | 38 -0.03503 -7.60569e+02 | 39  0.00233 -3.34694e+02
 40 -0.00910  2.35139e+02 | 41 -0.03336  3.74385e+02 | 42  0.02719 -3.94330e+01
 43 -0.04681  2.60598e+02 | 44 -0.02008 -1.06070e+01 | 45 -0.03213 -2.31997e+02
 46  0.01466  3.14149e+02 | 47 -0.00370  5.05997e+02 | 48 -0.00156  4.96500e+02
 49 -0.02119  4.26775e+02 | 50  0.04117  4.46441e+02 | 51  0.00736 -2.16384e+01
 52  0.03670 -1.15437e+02 | 53  0.02688 -4.41897e+02 | 54  0.02324 -6.73557e+02
 55 -0.01657 -1.18772e+02 | 56  0.02765 -2.75251e+02 | 57  0.04609 -2.23048e+02
 58  0.02227 -1.66383e+01 | 59 -0.00914  1.72127e+02 | 60  0.00056  1.23375e+03
 61 -0.02665  1.28343e+03 |

Intermediate statistics: 61 variables; iteration 20; function evaluation 28; phase 1
Function value 8.1686311e+03; maximum gradient component mag 4.2734e+03
Var    Value     Gradient |Var    Value     Gradient |Var    Value     Gradient
  1 -0.27143 -1.49585e+02 |  2 -0.13438  4.27337e+03 |  3  0.00010  1.56454e-02
  4 -0.00034 -4.54990e-02 |  5  0.00046  6.72056e-02 |  6 -0.00064 -8.30075e-02
  7  0.00010  2.57085e-02 |  8  0.00020  4.96185e-02 |  9 -0.00029 -4.05856e-04
 10 -0.00024  3.97948e-02 | 11 -0.00130 -5.03447e-02 | 12 -0.00172 -1.61152e-03
 13 -0.00322 -2.88075e-02 | 14 -0.00560 -4.43224e-02 | 15 -0.01111 -2.99503e-01
 16 -0.01727 -3.06752e-01 | 17 -0.02499 -2.19698e-02 | 18 -0.04095 -4.25901e-01
 19 -0.08470 -5.38328e+00 | 20 -0.11141 -7.15200e+00 | 21 -0.15880 -1.83249e+01
 22 -0.14387 -1.78181e+01 | 23 -0.18234  1.14825e+02 | 24 -0.19435  1.16084e+02
 25 -0.25101  8.90188e+01 | 26  0.11194  3.01772e+02 | 27  0.02225  1.76695e+02
 28  0.02432  1.60576e+02 | 29  0.07023  3.82854e+02 | 30 -0.00059  1.55772e+02
 31  0.00778  5.53143e+01 | 32 -0.03275  1.29508e+02 | 33  0.01236  7.90333e+02
 34 -0.06644  2.12383e+02 | 35  0.01693 -1.79053e+01 | 36 -0.08632 -4.03339e+02
 37  0.03967 -2.00528e+02 | 38  0.11115  9.28293e+01 | 39 -0.19080 -1.76620e+02
 40 -0.01613  1.65697e+02 | 41 -0.04359  1.24263e+02 | 42  0.01239  1.59615e+02
 43 -0.03878  2.39829e+01 | 44 -0.04794 -1.51817e+02 | 45  0.02773 -1.68125e+02
 46 -0.00842  9.61436e+00 | 47 -0.01355  5.41503e+01 | 48 -0.02534  4.70285e+01
 49 -0.03630  3.53755e+01 | 50  0.00095  5.54399e+02 | 51  0.01069  5.73786e+01
 52  0.01546  1.31476e+02 | 53  0.01939 -1.58285e+02 | 54  0.04461 -3.87952e+02
 55  0.00802 -3.24724e+02 | 56  0.02779 -4.83945e+02 | 57  0.01427 -5.51489e+02
 58  0.07029 -4.42924e+02 | 59  0.12241 -2.65189e+02 | 60  0.23245  1.13535e+02
 61  0.22932  1.12139e+02 |
61 variables; iteration 40; function evaluation 52; phase 1
Function value 8.0008281e+03; maximum gradient component mag 2.5289e+03
Var    Value     Gradient |Var    Value     Gradient |Var    Value     Gradient
  1 -0.24010 -3.55417e+01 |  2 -0.15946  2.52892e+03 |  3  0.00416  5.80942e-01
  4 -0.01178 -1.64138e+00 |  5  0.01694  2.36347e+00 |  6 -0.02049 -2.85229e+00
  7  0.00697  9.79907e-01 |  8  0.01356  1.90430e+00 |  9 -0.00026 -1.29585e-02
 10  0.01320  1.88663e+00 | 11 -0.01906 -2.59001e+00 | 12 -0.00016  1.17734e-01
 13  0.01313  2.10983e+00 | 14  0.00223  7.67349e-01 | 15  0.01528  3.02806e+00
 16 -0.00022  1.37412e+00 | 17 -0.02387 -1.27946e+00 | 18 -0.02927 -6.75002e-01
 19  0.00002  7.30801e+00 | 20 -0.01983  7.46558e+00 | 21  0.01310  1.67797e+01
 22 -0.01941  6.45975e+00 | 23 -0.23864 -1.11195e+01 | 24 -0.19097  2.32523e+01
 25 -0.29318 -2.13407e+01 | 26  0.09971  1.48261e+02 | 27  0.00447 -4.44275e+00
 28 -0.00157 -9.00413e+01 | 29  0.05436  1.52419e+02 | 30 -0.01282  3.32671e+00
 31 -0.00927 -1.40782e+02 | 32 -0.06019 -1.20430e+02 | 33 -0.02512  4.24113e+02
 34 -0.08228  6.59637e+01 | 35 -0.01021 -1.42179e+02 | 36 -0.02047 -3.15019e+02
 37  0.01738 -2.58921e+02 | 38  0.08432  2.21633e+01 | 39 -0.09481 -1.36526e+02
 40 -0.03417  1.02769e+02 | 41 -0.05971  2.52159e+01 | 42 -0.00554  4.89445e+01
 43 -0.05118 -4.37349e+01 | 44 -0.04288 -1.45404e+02 | 45  0.00968 -2.50278e+02
 46 -0.01259 -6.03638e+00 | 47 -0.01937  8.49460e+00 | 48 -0.05666 -1.61639e+02
 49 -0.03561 -8.51599e+00 | 50 -0.03881  2.16411e+02 | 51 -0.00932 -9.17345e+01
 52 -0.01618 -5.44496e+00 | 53  0.05135  1.71007e+02 | 54  0.02344 -3.63469e+02
 55 -0.02037 -3.38718e+02 | 56  0.05543 -2.10595e+02 | 57  0.04855 -2.82532e+02
 58  0.06270 -4.06171e+02 | 59  0.14600 -1.32098e+02 | 60  0.16210  1.05443e+00
 61  0.63824  3.29635e+01 |
61 variables; iteration 60; function evaluation 83; phase 1
Function value 7.8648956e+03; maximum gradient component mag -2.4813e+02
Var    Value     Gradient |Var    Value     Gradient |Var    Value     Gradient
  1 -0.27183  9.92027e+01 |  2 -0.18620 -2.48135e+02 |  3  0.00661  9.22826e-01
  4 -0.01734 -2.41606e+00 |  5  0.02096  2.92409e+00 |  6 -0.03036 -4.22337e+00
  7  0.01081  1.51564e+00 |  8  0.01907  2.67452e+00 |  9 -0.00126 -1.49552e-01
 10  0.01762  2.51073e+00 | 11 -0.02698 -3.68746e+00 | 12 -0.01243 -1.59044e+00
 13 -0.03313 -4.39585e+00 | 14 -0.04456 -5.84385e+00 | 15  0.05872  9.52578e+00
 16 -0.03034 -3.01567e+00 | 17 -0.04344 -4.15125e+00 | 18 -0.01856  1.33146e+00
 19 -0.04635 -1.22648e+00 | 20 -0.04954  9.99337e-01 | 21 -0.05819 -3.11778e+00
 22 -0.05931 -6.39673e+00 | 23 -0.25566 -2.78761e+01 | 24 -0.25557 -2.65941e+01
 25 -0.30556 -4.21512e+01 | 26  0.11088 -1.66295e+01 | 27  0.02151 -2.34548e+01
 28  0.02943 -2.08909e+01 | 29  0.05023 -3.12295e+01 | 30 -0.00085 -2.76370e+01
 31  0.01877 -1.76810e+01 | 32 -0.02819 -2.82475e+01 | 33 -0.08481 -3.50924e+01
 34 -0.08709 -3.41013e+01 | 35  0.01405 -5.08325e+00 | 36  0.03648  2.36504e+01
 37  0.05189 -3.94309e+01 | 38  0.07558 -3.54133e+01 | 39 -0.04138 -3.95365e+01
 40 -0.04980 -3.28567e+01 | 41 -0.05056 -2.99693e+01 | 42 -0.00353 -3.27564e+01
 43 -0.03540 -2.50715e+01 | 44 -0.01866 -2.84010e+01 | 45  0.04246 -1.18306e+01
 46 -0.00388 -2.46917e+01 | 47 -0.01016 -1.91507e+01 | 48 -0.02200 -2.64333e+01
 49 -0.01858 -5.53656e+00 | 50 -0.06918 -6.74320e+01 | 51  0.01777 -1.43271e+01
 52 -0.00499 -2.62290e+01 | 53  0.02923 -3.56258e+01 | 54  0.07049  2.15482e+01
 55  0.03510 -1.31255e+01 | 56  0.07492 -1.14958e+00 | 57  0.08504  2.95772e+00
 58  0.13307 -1.60934e+00 | 59  0.17051 -5.22859e+01 | 60  0.12912 -2.18813e+01
 61  0.10062 -1.20187e+01 |

 - final statistics:
61 variables; iteration 68; function evaluation 95
Function value 7.8603e+03; maximum gradient component mag 8.6418e+00
Exit code = 1;  converg criter 1.0000e+01
Var    Value     Gradient |Var    Value     Gradient |Var    Value     Gradient
  1 -0.28595  8.64177e+00 |  2 -0.18053  2.69257e+00 |  3 -0.00170 -2.35588e-01
  4 -0.00468 -6.52030e-01 |  5 -0.00081 -1.11366e-01 |  6  0.00070  1.01403e-01
  7 -0.00291 -3.98935e-01 |  8  0.00153  2.27845e-01 |  9  0.00067  1.18463e-01
 10  0.00213  3.43770e-01 | 11  0.00467  7.37636e-01 | 12 -0.00044  8.87505e-02
 13 -0.00043  2.08851e-01 | 14 -0.00238  1.36616e-01 | 15 -0.00794 -3.13903e-01
 16 -0.00844  2.08254e-01 | 17 -0.01524  1.51197e-01 | 18 -0.02718 -2.48565e-01
 19 -0.03848  2.47384e-02 | 20 -0.05364 -4.42114e-03 | 21 -0.04283  2.02336e-01
 22 -0.03087  1.67861e-01 | 23 -0.25890 -3.05788e+00 | 24 -0.26448 -3.59398e+00
 25 -0.26413 -3.03496e+00 | 26  0.11591 -4.41971e+00 | 27  0.02652 -2.66308e+00
 28  0.03421 -3.18675e+00 | 29  0.05674 -3.38626e+00 | 30  0.00478 -2.55049e+00
 31  0.02352 -2.30874e+00 | 32 -0.02239 -2.09891e+00 | 33 -0.07859 -5.16623e+00
 34 -0.07913 -1.83581e+00 | 35  0.01812 -2.29723e+00 | 36  0.03480 -5.57942e+00
 37  0.06114  5.13887e-01 | 38  0.08194  1.18780e+00 | 39 -0.03399 -1.28932e+00
 40 -0.04400 -1.05477e+00 | 41 -0.04531 -1.15122e+00 | 42  0.00293 -2.59512e-01
 43 -0.03074 -1.53866e+00 | 44 -0.01270 -1.22411e+00 | 45  0.04680 -9.60461e-01
 46  0.00158 -6.36882e-01 | 47 -0.00574 -7.57829e-01 | 48 -0.01615 -5.16958e-01
 49 -0.01699 -1.22323e+00 | 50 -0.05512  2.45648e+00 | 51  0.02166  1.75231e-01
 52  0.00082  5.91076e-01 | 53  0.03750  4.91536e-01 | 54  0.07185 -3.78511e+00
 55  0.04059 -1.34494e+00 | 56  0.07880  7.28187e-01 | 57  0.08720 -6.09698e+00
 58  0.13574 -3.12674e-01 | 59  0.17999 -3.55749e-01 | 60  0.09248 -2.83317e+00
 61 -0.04660 -1.88165e+00 |

Initial statistics: 66 variables; iteration 0; function evaluation 0; phase 2
Function value 7.8603359e+03; maximum gradient component mag 3.0186e+04
Var    Value     Gradient |Var    Value     Gradient |Var    Value     Gradient
  1 -0.30607 -1.05467e+03 |  2  0.47913 -4.34977e+03 |  3  0.08070  1.47814e+04
  4 -0.26301  1.99622e+04 |  5 -0.30004  3.01861e+04 |  6 -0.28595  8.64177e+00
  7 -0.18053  2.69257e+00 |  8 -0.00170 -2.35588e-01 |  9 -0.00468 -6.52030e-01
 10 -0.00081 -1.11366e-01 | 11  0.00070  1.01403e-01 | 12 -0.00291 -3.98935e-01
 13  0.00153  2.27845e-01 | 14  0.00067  1.18463e-01 | 15  0.00213  3.43770e-01
 16  0.00467  7.37636e-01 | 17 -0.00044  8.87505e-02 | 18 -0.00043  2.08851e-01
 19 -0.00238  1.36616e-01 | 20 -0.00794 -3.13903e-01 | 21 -0.00844  2.08254e-01
 22 -0.01524  1.51197e-01 | 23 -0.02718 -2.48565e-01 | 24 -0.03848  2.47384e-02
 25 -0.05364 -4.42114e-03 | 26 -0.04283  2.02336e-01 | 27 -0.03087  1.67861e-01
 28 -0.25884 -1.46992e+00 | 29 -0.26442 -2.01211e+00 | 30 -0.26407 -1.45267e+00
 31  0.11597 -2.71921e+00 | 32  0.02657 -9.35533e-01 | 33  0.03426 -1.46019e+00
 34  0.05680 -1.66407e+00 | 35  0.00484 -8.21500e-01 | 36  0.02357 -5.80875e-01
 37 -0.02234 -3.70939e-01 | 38 -0.07853 -3.45039e+00 | 39 -0.07908 -1.20109e-01
 40  0.01817 -5.68888e-01 | 41  0.03486 -3.85295e+00 | 42  0.06120  2.23494e+00
 43  0.08200  2.90250e+00 | 44 -0.03393  4.37259e-01 | 45 -0.04394  6.70149e-01
 46 -0.04526  5.73448e-01 | 47  0.00298  1.46951e+00 | 48 -0.03068  1.88366e-01
 49 -0.01265  5.04587e-01 | 50  0.04685  7.63906e-01 | 51  0.00164  1.09215e+00
 52 -0.00568  9.71143e-01 | 53 -0.01610  1.21153e+00 | 54 -0.01693  5.05202e-01
 55 -0.05507  4.17907e+00 | 56  0.02171  1.90327e+00 | 57  0.00088  2.32012e+00
 58  0.03755  2.21757e+00 | 59  0.07190 -2.06705e+00 | 60  0.04064  3.80582e-01
 61  0.07886  2.44397e+00 | 62  0.08726 -4.38408e+00 | 63  0.13580  1.37718e+00
 64  0.18004  1.30462e+00 | 65  0.09253 -1.12233e+00 | 66 -0.04655 -1.57240e-01

Intermediate statistics: 66 variables; iteration 20; function evaluation 39; phase 2
Function value 2.1150721e+03; maximum gradient component mag 1.3398e+04
Var    Value     Gradient |Var    Value     Gradient |Var    Value     Gradient
  1  0.48715 -1.75087e+03 |  2  0.55842  3.51208e+02 |  3  0.79435  6.96888e+02
  4 -0.49767  1.32910e+04 |  5 -0.68444  9.37846e+03 |  6 -0.07672  8.01453e+03
  7  0.01914  1.33980e+04 |  8 -0.00061 -8.24832e-02 |  9 -0.00184 -2.52911e-01
 10 -0.00022 -2.50274e-02 | 11  0.00047  7.82860e-02 | 12 -0.00086 -9.36849e-02
 13  0.00119  2.20721e-01 | 14  0.00125  2.85203e-01 | 15  0.00254  5.83302e-01
 16  0.00478  1.13671e+00 | 17  0.00438  1.55261e+00 | 18  0.00712  2.89002e+00
 19  0.01019  5.21470e+00 | 20  0.01268  9.26139e+00 | 21  0.01983  1.79624e+01
 22  0.02568  3.36113e+01 | 23  0.03363  6.26823e+01 | 24  0.04690  1.12383e+02
 25  0.04317  1.58211e+02 | 26  0.07224  2.77348e+02 | 27  0.17951  7.25394e+02
 28 -0.07381 -2.55547e+02 | 29  0.05106 -2.73992e+02 | 30 -0.14332 -2.88952e+02
 31  0.08470  8.08962e+02 | 32  0.00165  2.42085e+02 | 33  0.08618  4.68398e+02
 34  0.02031  1.55847e+02 | 35  0.08295  3.25848e+02 | 36 -0.01399  6.56844e+01
 37 -0.06290  7.85694e+01 | 38 -0.11107  5.39441e+00 | 39 -0.04034  2.79606e+01
 40  0.04217  1.45408e+02 | 41  0.00171  1.66061e+00 | 42  0.10735  8.01973e+02
 43  0.13226  9.61475e+02 | 44 -0.03111  3.36057e+01 | 45 -0.02717  2.48118e+01
 46 -0.05033 -6.80870e+01 | 47  0.07227 -1.53571e+02 | 48 -0.35571 -3.74283e+02
 49  0.03664  5.96455e+01 | 50  0.09723  2.66853e+02 | 51  0.02051 -9.16111e+01
 52 -0.03661 -1.14991e+02 | 53 -0.00019  8.37217e+01 | 54 -0.03668 -6.18760e+01
 55 -0.07820 -1.34351e+02 | 56  0.04622  2.34470e+01 | 57 -0.00044 -2.01271e+02
 58  0.00086 -1.94117e+02 | 59  0.15465  3.68280e+02 | 60 -0.29193 -3.28992e+02
 61  0.12151  2.53912e+01 | 62  0.10552  1.40447e+01 | 63  0.07399 -1.82536e+02
 64  0.17816  3.88990e+01 | 65 -0.01548 -3.26948e+02 | 66 -0.12136 -3.16143e+02
66 variables; iteration 40; function evaluation 66; phase 2
Function value 1.3773529e+03; maximum gradient component mag 5.8233e+03
Var    Value     Gradient |Var    Value     Gradient |Var    Value     Gradient
  1  0.37052 -5.45450e+02 |  2  0.56629 -4.47677e+02 |  3  0.66575  3.56283e+02
  4 -0.59249  4.27969e+03 |  5 -0.58278  3.41136e+03 |  6 -0.10325  1.89595e+03
  7 -0.02898  5.82325e+03 |  8 -0.00100 -1.36780e-01 |  9 -0.00272 -3.77727e-01
 10 -0.00046 -5.93841e-02 | 11  0.00049  7.65521e-02 | 12 -0.00166 -2.15015e-01
 13  0.00116  1.95301e-01 | 14  0.00073  1.67433e-01 | 15  0.00189  3.93813e-01
 16  0.00401  8.15892e-01 | 17 -0.00275  8.78940e-02 | 18 -0.01126 -7.31855e-01
 19 -0.04046 -4.37080e+00 | 20 -0.09615 -1.16963e+01 | 21 -0.08119 -8.05834e+00
 22  0.02649  1.69318e+01 | 23  0.14111  7.24320e+01 | 24  0.18681  1.35750e+02
 25 -0.07848  8.51555e+00 | 26  0.06442  8.28369e+01 | 27  0.21725  2.64649e+02
 28  0.06105  1.30953e+02 | 29  0.05452  1.09039e+02 | 30 -0.03785  1.38952e+02
 31  0.07918  8.90870e+02 | 32 -0.02502  2.85683e+02 | 33  0.07373  2.89791e+02
 34  0.03386  2.45579e+02 | 35  0.07586  2.54964e+02 | 36  0.02223  3.57789e+02
 37 -0.06477  2.37225e+02 | 38 -0.14751  9.49049e+01 | 39 -0.07108 -1.15941e+02
 40  0.01939 -3.70886e+02 | 41 -0.00021 -1.99937e+02 | 42  0.08482 -3.01619e+01
 43  0.11296 -1.28403e+02 | 44 -0.05421  2.69232e+00 | 45  0.01704  1.14920e+02
 46 -0.19592 -3.83479e+01 | 47  0.08586  1.46649e+02 | 48 -0.02864  7.02494e+01
 49 -0.02227  5.43526e+01 | 50  0.09949  4.32342e+01 | 51  0.02073  3.85012e+01
 52 -0.02622  1.05603e+02 | 53 -0.00134  1.37180e+02 | 54 -0.05935 -6.91131e+01
 55 -0.09128 -7.54293e+01 | 56  0.03508 -1.73997e+02 | 57  0.01577 -2.35683e+01
 58  0.00828 -2.42046e+01 | 59  0.15506  2.07610e+02 | 60 -0.27544 -4.30729e+01
 61  0.09904 -3.54807e+01 | 62  0.08252  7.59046e+01 | 63  0.08665  9.42178e+01
 64  0.15334  2.06526e+02 | 65  0.20636  1.07714e+02 | 66 -0.55531 -2.35242e+01
66 variables; iteration 60; function evaluation 92; phase 2
Function value 1.1174345e+03; maximum gradient component mag 1.2594e+03
Var    Value     Gradient |Var    Value     Gradient |Var    Value     Gradient
  1  0.36353  9.11532e+01 |  2  0.70392 -3.09437e+02 |  3  0.72574 -2.01906e+01
  4 -0.57925 -4.57168e+02 |  5 -0.61519 -3.61024e+02 |  6 -0.12093 -7.20504e+02
  7 -0.06512  1.25944e+03 |  8  0.01050  1.46499e+00 |  9  0.05364  7.44707e+00
 10  0.00504  7.05973e-01 | 11 -0.00211 -2.87956e-01 | 12  0.02597  3.63166e+00
 13 -0.00324 -4.29683e-01 | 14  0.00282  4.38315e-01 | 15 -0.00030  4.27241e-02
 16 -0.00513 -5.60745e-01 | 17  0.02877  4.38446e+00 | 18  0.00362  1.07130e+00
 19 -0.06182 -7.96340e+00 | 20  0.01075  3.35376e+00 | 21 -0.06500 -7.30507e+00
 22 -0.25671 -3.14602e+01 | 23 -0.00983  4.73986e+00 | 24  0.04824  1.88996e+01
 25  0.03294  1.69614e+01 | 26  0.05714  2.52836e+01 | 27  0.27169  8.40905e+01
 28  0.07932  3.39035e+01 | 29  0.06789 -3.06664e+01 | 30 -0.07117  4.09369e+01
 31  0.05021  4.10770e+02 | 32 -0.03470  1.53044e+02 | 33  0.07890  5.42480e+01
 34  0.02009  7.02552e+01 | 35  0.09802  7.88965e+01 | 36 -0.00776  9.53461e+01
 37 -0.07460  8.95751e+01 | 38 -0.20692  3.68347e+01 | 39 -0.05768 -8.11764e+01
 40  0.04506 -2.48822e+02 | 41  0.00037 -1.63691e+02 | 42  0.06988 -1.44105e+02
 43  0.12257 -3.10415e+02 | 44 -0.06409 -4.97582e+01 | 45  0.00927 -4.59585e+00
 46 -0.24992 -3.10622e+01 | 47  0.09698  1.73020e+02 | 48 -0.01965  1.21147e+02
 49 -0.01726  7.66567e+01 | 50  0.09568 -8.59454e+01 | 51  0.02776 -5.94664e+01
 52 -0.04591 -1.68644e+01 | 53 -0.02787 -5.59189e+01 | 54 -0.05113 -1.14997e+02
 55 -0.07012 -8.11865e+01 | 56  0.02239 -3.35344e+02 | 57  0.01262 -1.77727e+02
 58  0.00644 -8.75736e+01 | 59  0.12472  1.41000e+01 | 60  0.01378  1.11768e+02
 61  0.09611  7.57541e+01 | 62  0.07682 -5.87767e+00 | 63  0.05287 -2.54367e+01
 64  0.13243  2.37893e+01 | 65 -0.02329  3.20697e+01 | 66 -0.42900 -1.24227e+00
Maximum number of function evaluations exceeded

 - final statistics:
66 variables; iteration 66; function evaluation 100
Function value 1.0474e+03; maximum gradient component mag -6.4259e+02
Exit code = 3;  converg criter 1.0000e+01
Var    Value     Gradient |Var    Value     Gradient |Var    Value     Gradient
  1  0.38307  9.53482e+01 |  2  0.81768 -1.06502e+02 |  3  0.76150 -1.84175e+01
  4 -0.57241 -4.91475e+02 |  5 -0.62555 -3.77809e+02 |  6 -0.10857 -6.42588e+02
  7 -0.08526 -1.58620e+02 |  8  0.00073  1.02655e-01 |  9  0.02596  3.61782e+00
 10 -0.00003 -2.70041e-03 | 11 -0.00037 -4.76269e-02 | 12  0.00116  1.70985e-01
 13 -0.00096 -1.17513e-01 | 14 -0.00343 -4.46865e-01 | 15 -0.00626 -8.12997e-01
 16 -0.01017 -1.30570e+00 | 17 -0.05614 -7.64106e+00 | 18 -0.00882 -8.33768e-01
 19 -0.00927 -5.75692e-01 | 20 -0.00259  9.77441e-01 | 21  0.02830  6.83873e+00
 22  0.03946  1.05028e+01 | 23 -0.00715  3.89253e+00 | 24  0.07041  1.98850e+01
 25  0.00519  6.93820e+00 | 26  0.03367  1.45289e+01 | 27  0.26934  7.81576e+01
 28  0.05192  9.56066e+01 | 29  0.13656  9.36301e+01 | 30 -0.04852  9.56811e+01
 31  0.00360  2.66656e+02 | 32 -0.07263  1.15314e+02 | 33  0.07551  7.84427e+01
 34  0.02473  1.14856e+02 | 35  0.09030  7.23400e+01 | 36 -0.01079  8.35675e+01
 37 -0.09262  7.13017e+01 | 38 -0.25177  5.30330e+01 | 39 -0.04763  7.61769e+01
 40  0.04843  5.96258e+01 | 41  0.01171  2.33972e+01 | 42  0.05613  3.46478e+01
 43  0.12562 -9.31706e+01 | 44 -0.05343  7.26522e+00 | 45 -0.01314  1.06277e+01
 46 -0.19002 -1.71852e+01 | 47  0.07211 -9.23031e+01 | 48 -0.02305  2.32920e+01
 49 -0.05427  1.99110e+01 | 50  0.09749 -1.31564e+01 | 51  0.03388  3.53468e+01
 52 -0.05897  2.05633e+01 | 53 -0.04135 -8.46287e+00 | 54 -0.04625 -4.66672e+00
 55 -0.07826  4.43511e+01 | 56  0.03058 -2.19858e+00 | 57  0.02943  6.53946e+01
 58 -0.01877 -2.26419e+01 | 59  0.11870 -8.92948e+01 | 60 -0.01681  4.12589e+01
 61  0.07948 -2.82529e+01 | 62  0.07461  1.51811e+01 | 63  0.06346  5.62067e+01
 64  0.12613  6.17553e+01 | 65  0.02189  8.35988e+01 | 66 -0.21580  4.75392e+01

Initial statistics: 75 variables; iteration 0; function evaluation 0; phase 3
Function value 1.0464874e+03; maximum gradient component mag 5.9022e+03
Var    Value     Gradient |Var    Value     Gradient |Var    Value     Gradient
  1  0.38307  9.53482e+01 |  2  0.81768 -1.06502e+02 |  3  0.76150 -1.84175e+01
  4 -0.57241 -4.91475e+02 |  5 -0.62555 -3.77809e+02 |  6 -0.10857 -6.42588e+02
  7 -0.08526 -1.58620e+02 |  8  0.00073  1.02655e-01 |  9  0.02596  3.61782e+00
 10 -0.00003 -2.70041e-03 | 11 -0.00037 -4.76269e-02 | 12  0.00116  1.70985e-01
 13 -0.00096 -1.17513e-01 | 14 -0.00343 -4.46865e-01 | 15 -0.00626 -8.12997e-01
 16 -0.01017 -1.30570e+00 | 17 -0.05614 -7.64106e+00 | 18 -0.00882 -8.33768e-01
 19 -0.00927 -5.75692e-01 | 20 -0.00259  9.77441e-01 | 21  0.02830  6.83873e+00
 22  0.03946  1.05028e+01 | 23 -0.00715  3.89253e+00 | 24  0.07041  1.98850e+01
 25  0.00519  6.93820e+00 | 26  0.03367  1.45289e+01 | 27  0.26934  7.81576e+01
 28  0.05069  5.71315e+01 | 29  0.13531  5.59265e+01 | 30 -0.04974  5.71724e+01
 31  0.00237  2.28046e+02 | 32 -0.07386  7.69354e+01 | 33  0.07428  4.01108e+01
 34  0.02351  7.62779e+01 | 35  0.08907  3.41248e+01 | 36 -0.01201  4.49592e+01
 37 -0.09385  3.30878e+01 | 38 -0.25310  1.73861e+01 | 39 -0.04886  3.76671e+01
 40  0.04720  2.11282e+01 | 41  0.01049 -1.52091e+01 | 42  0.05490 -3.81514e+00
 43  0.12438 -1.31085e+02 | 44 -0.05465 -3.12061e+01 | 45 -0.01436 -2.79753e+01
 46 -0.19129 -5.40568e+01 | 47  0.07088 -1.30696e+02 | 48 -0.02427 -1.52939e+01
 49 -0.05549 -1.85580e+01 | 50  0.09626 -5.13321e+01 | 51  0.03266 -3.21119e+00
 52 -0.06020 -1.78803e+01 | 53 -0.04258 -4.69878e+01 | 54 -0.04747 -4.31710e+01
 55 -0.07949  6.02875e+00 | 56  0.02936 -4.07700e+01 | 57  0.02821  2.68258e+01
 58 -0.01999 -6.12338e+01 | 59  0.11746 -1.27284e+02 | 60 -0.01803  2.65993e+00
 61  0.07825 -6.65807e+01 | 62  0.07338 -2.31716e+01 | 63  0.06223  1.77895e+01
 64  0.12488  2.39077e+01 | 65  0.02067  4.50122e+01 | 66 -0.21710  1.11161e+01
 67  0.34482  7.80963e+02 | 68 -0.91342 -1.98227e-02 | 69  0.32368 -5.76719e+03
 70 -0.88203 -1.67497e-02 | 71  0.12746 -3.00882e+02 | 72 -0.28161  5.90224e+03
 73  0.36418  2.14906e-03 | 74 -0.19691 -5.38945e+03 | 75  0.89803  1.95818e-02

Intermediate statistics: 75 variables; iteration 20; function evaluation 27; phase 3
Function value 3.3266884e+02; maximum gradient component mag 1.4859e+03
Var    Value     Gradient |Var    Value     Gradient |Var    Value     Gradient
  1 -0.04095 -2.46726e+02 |  2  0.33735 -7.29305e+01 |  3  0.63033  1.04238e+02
  4 -0.69812  1.21973e+03 |  5 -0.43582  1.48595e+03 |  6 -0.24029  1.03921e+03
  7 -0.10030 -1.32497e+03 |  8  0.00018  2.84588e-02 |  9  0.00678  9.47683e-01
 10 -0.00002  1.85957e-03 | 11 -0.00012 -7.81245e-03 | 12  0.00026  5.27939e-02
 13 -0.00033 -1.59351e-02 | 14 -0.00105 -9.03965e-02 | 15 -0.00193 -1.65807e-01
 16 -0.00321 -2.59357e-01 | 17 -0.01559 -1.86392e+00 | 18 -0.00425  8.09524e-03
 19 -0.00595  1.98927e-01 | 20 -0.00717  7.12934e-01 | 21 -0.00584  1.95914e+00
 22 -0.01197  2.23280e+00 | 23 -0.02490  1.03091e+00 | 24 -0.02037  1.77723e+00
 25 -0.02137  3.75177e-01 | 26 -0.02884 -4.05916e-01 | 27 -0.06529 -3.62847e+00
 28  0.03544  3.56901e+01 | 29  0.21179  5.63591e+02 | 30  0.02345  1.32537e+02
 31 -0.07566  2.04256e+01 | 32 -0.15475 -4.64585e+01 | 33  0.15745  1.03124e+03
 34 -0.28160 -1.01370e+02 | 35  0.12678  4.19324e+02 | 36 -0.02615  8.86190e+00
 37 -0.06951  4.05785e+01 | 38 -0.21362 -2.46071e+01 | 39 -0.08925  1.06182e+01
 40  0.08195  4.45881e+02 | 41  0.05511  9.10667e+01 | 42 -0.02765 -2.01188e+02
 43  0.12258 -3.92265e+02 | 44  0.02372 -8.53239e+01 | 45 -0.07996 -1.05061e+02
 46 -0.07209 -8.17349e+01 | 47  0.07057 -3.00548e+00 | 48  0.00362  7.23358e+00
 49 -0.05012 -4.35736e+01 | 50  0.08803 -5.09867e+01 | 51  0.06661  5.51108e+01
 52 -0.07167 -7.89869e+01 | 53 -0.01876 -3.40950e+01 | 54 -0.03544 -4.08205e+01
 55 -0.06624 -3.18551e+01 | 56  0.01813 -1.38953e+02 | 57  0.03409 -1.17704e+02
 58 -0.02705 -1.30144e+02 | 59  0.13495 -9.68446e+01 | 60 -0.04140 -9.09402e+01
 61  0.09447 -7.01410e+01 | 62  0.11553  4.99259e+01 | 63 -0.01018 -1.60037e+02
 64  0.15415 -1.47674e+01 | 65 -0.14078 -1.09228e+02 | 66 -0.05220 -7.63062e+01
 67  0.49064 -1.40665e+02 | 68 -0.91349 -2.29563e-02 | 69  0.38929  9.48522e+01
 70 -0.88192 -1.67338e-02 | 71  0.45443 -7.30833e-01 | 72 -0.35288  1.28976e+03
 73  0.36414  1.08075e-02 | 74 -0.07612 -1.17331e+03 | 75  0.89790  2.68832e-02
75 variables; iteration 40; function evaluation 49; phase 3
Function value 2.4447612e+02; maximum gradient component mag 9.2973e+02
Var    Value     Gradient |Var    Value     Gradient |Var    Value     Gradient
  1 -0.17451 -1.03625e+02 |  2  0.36410  5.97251e+01 |  3  0.50756  2.61397e+01
  4 -0.67616  2.18430e+02 |  5 -0.45426  4.91955e+02 |  6 -0.25755  4.82204e+02
  7 -0.08533 -1.10265e+02 |  8 -0.00079 -1.06407e-01 |  9 -0.02629 -3.65931e+00
 10 -0.00004 -1.03499e-03 | 11  0.00023  4.14968e-02 | 12 -0.00142 -1.81694e-01
 13  0.00050  1.00241e-01 | 14  0.00256  4.13267e-01 | 15  0.00457  7.41618e-01
 16  0.00684  1.14565e+00 | 17  0.04322  6.46659e+00 | 18 -0.00024  5.38094e-01
 19 -0.00465  2.91718e-01 | 20 -0.01223 -2.50132e-01 | 21 -0.01906 -5.24976e-01
 22 -0.01315  1.27824e+00 | 23 -0.01397  1.60285e+00 | 24 -0.00284  2.65684e+00
 25  0.01369  3.04170e+00 | 26  0.04015  4.78483e+00 | 27 -0.09857 -1.39753e+01
 28 -0.00059 -5.24474e+00 | 29  0.19304  2.37174e+02 | 30 -0.00363  5.87651e+01
 31 -0.06709  3.15844e+01 | 32 -0.16035 -2.67238e+01 | 33  0.13449  4.48305e+02
 34 -0.16320 -3.88444e+01 | 35  0.10843 -1.96749e+01 | 36 -0.02869 -5.36739e+01
 37 -0.09056 -2.30060e+01 | 38 -0.20561 -2.51215e+00 | 39 -0.11699 -5.22153e+01
 40  0.06015  1.02750e+02 | 41  0.02685  1.16971e+00 | 42  0.00493 -8.75724e+01
 43  0.12904 -1.60441e+02 | 44  0.00233 -1.02065e+01 | 45 -0.05992 -9.16836e+00
 46 -0.09203 -2.51380e+01 | 47  0.06711  4.63215e+01 | 48 -0.00573  5.58592e+01
 49 -0.05088  2.37807e+01 | 50  0.08169 -1.35786e+00 | 51  0.05456  3.11274e+01
 52 -0.08147 -4.77122e+01 | 53 -0.03137 -3.25901e+01 | 54 -0.04697 -2.35646e+01
 55 -0.07615 -2.81071e-01 | 56  0.01535 -3.97872e+01 | 57  0.02772 -3.84254e+01
 58 -0.02510  2.00070e+00 | 59  0.13504  1.09607e+02 | 60 -0.06159 -1.54443e+01
 61  0.09506  3.68836e+01 | 62  0.10511  8.28668e+01 | 63 -0.01623 -8.99756e+01
 64  0.15038  3.89039e+01 | 65 -0.06371 -3.31929e+01 | 66  0.07184 -7.32818e+00
 67  0.53460 -2.75575e+02 | 68 -0.91566 -2.66554e-02 | 69  0.39841  9.29731e+02
 70 -0.87168 -1.53670e-02 | 71  0.21931 -1.30927e+01 | 72 -0.33751  7.10719e+02
 73  0.36086  6.04641e-03 | 74 -0.04315 -6.22168e+02 | 75  0.88537  2.11843e-02
75 variables; iteration 60; function evaluation 77; phase 3
Function value 2.0498580e+02; maximum gradient component mag 5.7798e+02
Var    Value     Gradient |Var    Value     Gradient |Var    Value     Gradient
  1 -0.28928  5.58941e+01 |  2  0.33712 -2.43535e+01 |  3  0.50993 -2.04392e+01
  4 -0.66879 -2.20170e+02 |  5 -0.46796 -8.74438e+01 |  6 -0.30004 -3.75638e+02
  7 -0.07825  1.68682e+02 |  8  0.00272  3.83749e-01 |  9  0.11674  1.59260e+01
 10  0.00011  2.27174e-02 | 11 -0.00084 -1.04045e-01 | 12  0.00441  6.38478e-01
 13 -0.00154 -1.73669e-01 | 14 -0.00589 -7.50604e-01 | 15 -0.00586 -6.91076e-01
 16  0.00210  5.30614e-01 | 17  0.06433  9.58479e+00 | 18  0.00695  1.70800e+00
 19 -0.00832 -6.61753e-02 | 20 -0.02024 -1.22000e+00 | 21 -0.00772  1.59883e+00
 22 -0.01688  1.03471e+00 | 23 -0.00536  3.39217e+00 | 24  0.00239  3.71046e+00
 25  0.03618  6.48766e+00 | 26  0.04374  4.75792e+00 | 27  0.00067 -2.89084e+00
 28  0.06579  2.78016e+01 | 29  0.16572  8.64411e+01 | 30  0.00472  4.13382e+01
 31 -0.08042  2.94164e+01 | 32 -0.13507  1.60814e+01 | 33  0.11345  1.01954e+02
 34 -0.09248  4.20286e+01 | 35  0.11643  6.34911e+01 | 36 -0.01493  4.90475e+01
 37 -0.09464  3.29290e+01 | 38 -0.23067  2.52696e+01 | 39 -0.10362 -1.38962e+01
 40  0.04713 -2.71303e+01 | 41  0.02918  1.15623e+01 | 42  0.00046 -1.12325e+01
 43  0.14374  4.04058e+01 | 44  0.00628  6.01240e+01 | 45 -0.07255  2.96373e+01
 46 -0.07428  2.27935e+01 | 47  0.06513 -1.64168e+01 | 48 -0.00559  1.34069e+01
 49 -0.07121  1.57249e+00 | 50  0.08804 -5.83371e+01 | 51  0.05096 -3.40763e+01
 52 -0.07097 -1.34167e+01 | 53 -0.02797 -2.86669e+01 | 54 -0.04559 -3.40603e+01
 55 -0.07851 -2.75140e+01 | 56  0.00601 -1.35950e+02 | 57  0.04127 -1.15349e+02
 58 -0.04448 -5.35113e+01 | 59  0.13495 -1.56574e+02 | 60 -0.08007 -2.20883e+01
 61  0.09894 -5.42441e+01 | 62  0.09379 -1.19180e+01 | 63  0.01740 -1.58126e+01
 64  0.14524 -1.73623e+00 | 65 -0.05947  1.68958e+01 | 66 -0.05570  2.30629e+01
 67  0.56162 -1.81368e+02 | 68 -0.87054 -2.38310e-02 | 69  0.39822  3.48627e+02
 70 -0.82906 -1.14653e-02 | 71  0.16381 -2.15375e+01 | 72 -0.36580  5.77976e+02
 73  0.35149  1.29332e-03 | 74 -0.04191 -3.93587e+02 | 75  0.83597  1.12076e-02
Maximum number of function evaluations exceeded

 - final statistics:
75 variables; iteration 76; function evaluation 100
Function value 1.8595e+02; maximum gradient component mag 2.5273e+02
Exit code = 3;  converg criter 1.0000e+00
Var    Value     Gradient |Var    Value     Gradient |Var    Value     Gradient
  1 -0.35811  2.96193e+01 |  2  0.28718 -4.17433e+01 |  3  0.56825  1.31082e+01
  4 -0.68224  4.18777e+01 |  5 -0.46229  3.09590e+01 |  6 -0.32007 -2.52083e+02
  7 -0.07825  3.74651e+01 |  8  0.02118  2.95722e+00 |  9  0.01980  2.76364e+00
 10  0.00116  1.69203e-01 | 11 -0.00427 -5.83285e-01 | 12  0.02216  3.11563e+00
 13 -0.00150 -1.66370e-01 | 14  0.01448  2.10447e+00 | 15  0.02962  4.29585e+00
 16 -0.05364 -7.28689e+00 | 17  0.01444  2.48615e+00 | 18  0.01319  2.63744e+00
 19  0.00298  1.63954e+00 | 20  0.00279  2.32657e+00 | 21 -0.03145 -2.20659e+00
 22 -0.03166 -1.62847e+00 | 23 -0.00379  2.87651e+00 | 24 -0.02387 -1.78622e+00
 25  0.03961  4.54035e+00 | 26 -0.02990 -5.97943e+00 | 27  0.06507  3.27287e+00
 28  0.12467  1.32001e+00 | 29  0.12209  1.68265e+01 | 30  0.03534  7.80226e+00
 31 -0.09461  5.73762e+00 | 32 -0.12997  1.73695e-01 | 33  0.10900 -8.10339e+01
 34 -0.15729 -2.11686e+01 | 35  0.12371 -3.06746e+01 | 36 -0.02853 -3.31362e+00
 37 -0.10018  7.21853e+00 | 38 -0.23619  1.20891e+01 | 39 -0.09281 -1.60648e+00
 40  0.04593 -3.36116e+01 | 41  0.02277  6.77543e-01 | 42  0.00512 -6.39316e-02
 43  0.14348  5.61195e+01 | 44  0.00305  3.31429e+01 | 45 -0.07460  1.80638e+01
 46 -0.07560  1.52319e+01 | 47  0.06741 -2.02828e+00 | 48 -0.01281  9.57729e-01
 49 -0.06787  3.99797e+00 | 50  0.08606 -9.14037e+00 | 51  0.05335 -3.59565e-01
 52 -0.07161  1.79523e+00 | 53 -0.02820 -5.19411e+00 | 54 -0.04365  1.74243e-02
 55 -0.08125 -7.30922e+00 | 56  0.00863 -4.25789e+01 | 57  0.04522 -3.19393e+01
 58 -0.04035 -7.35795e+00 | 59  0.13290 -5.94308e+01 | 60 -0.06882 -7.78820e+00
 61  0.10103 -1.56869e+01 | 62  0.09185 -1.19747e+01 | 63  0.02264  8.59065e-01
 64  0.14662 -3.95699e+00 | 65 -0.05821  9.34350e+00 | 66 -0.03631  1.33525e+01
 67  0.61374 -3.90029e+01 | 68 -0.77263 -8.86645e-03 | 69  0.40411  3.66266e+01
 70 -0.75377 -7.71281e-03 | 71  0.21281  5.02716e-01 | 72 -0.44556  2.52733e+02
 73  0.34898 -2.11820e-03 | 74 -0.10617 -1.10353e+02 | 75  0.75366  2.57352e-03

Initial statistics: 75 variables; iteration 0; function evaluation 0; phase 4
Function value 1.8593334e+02; maximum gradient component mag 2.5273e+02
Var    Value     Gradient |Var    Value     Gradient |Var    Value     Gradient
  1 -0.35811  2.96193e+01 |  2  0.28718 -4.17433e+01 |  3  0.56825  1.31082e+01
  4 -0.68224  4.18777e+01 |  5 -0.46229  3.09590e+01 |  6 -0.32007 -2.52083e+02
  7 -0.07825  3.74651e+01 |  8  0.02118  2.95722e+00 |  9  0.01980  2.76364e+00
 10  0.00116  1.69203e-01 | 11 -0.00427 -5.83285e-01 | 12  0.02216  3.11563e+00
 13 -0.00150 -1.66370e-01 | 14  0.01448  2.10447e+00 | 15  0.02962  4.29585e+00
 16 -0.05364 -7.28689e+00 | 17  0.01444  2.48615e+00 | 18  0.01319  2.63744e+00
 19  0.00298  1.63954e+00 | 20  0.00279  2.32657e+00 | 21 -0.03145 -2.20659e+00
 22 -0.03166 -1.62847e+00 | 23 -0.00379  2.87651e+00 | 24 -0.02387 -1.78622e+00
 25  0.03961  4.54035e+00 | 26 -0.02990 -5.97943e+00 | 27  0.06507  3.27287e+00
 28  0.12481  5.66921e+00 | 29  0.12224  2.11785e+01 | 30  0.03548  1.22295e+01
 31 -0.09447  1.01233e+01 | 32 -0.12982  4.51602e+00 | 33  0.10914 -7.66616e+01
 34 -0.15715 -1.68700e+01 | 35  0.12385 -2.63227e+01 | 36 -0.02839  1.11614e+00
 37 -0.10004  1.15983e+01 | 38 -0.23604  1.62231e+01 | 39 -0.09267  2.78077e+00
 40  0.04607 -2.91885e+01 | 41  0.02291  5.10887e+00 | 42  0.00526  4.37012e+00
 43  0.14362  6.04384e+01 | 44  0.00319  3.75770e+01 | 45 -0.07446  2.24682e+01
 46 -0.07546  1.96354e+01 | 47  0.06755  2.38103e+00 | 48 -0.01267  5.39106e+00
 49 -0.06773  8.40720e+00 | 50  0.08620 -4.74648e+00 | 51  0.05349  4.05900e+00
 52 -0.07147  6.20156e+00 | 53 -0.02806 -7.64264e-01 | 54 -0.04351  4.44127e+00
 55 -0.08111 -2.91117e+00 | 56  0.00877 -3.81450e+01 | 57  0.04536 -2.75158e+01
 58 -0.04021 -2.93269e+00 | 59  0.13305 -5.50903e+01 | 60 -0.06868 -3.37996e+00
 61  0.10117 -1.13081e+01 | 62  0.09199 -7.58628e+00 | 63  0.02278  5.29042e+00
 64  0.14676  3.60116e-01 | 65 -0.05807  1.37595e+01 | 66 -0.03617  1.77797e+01
 67  0.61374 -3.90029e+01 | 68 -0.77263 -8.86645e-03 | 69  0.40411  3.66266e+01
 70 -0.75377 -7.71281e-03 | 71  0.21281  5.02716e-01 | 72 -0.44556  2.52733e+02
 73  0.34898 -2.11820e-03 | 74 -0.10617 -1.10353e+02 | 75  0.75366  2.57352e-03

Intermediate statistics: 75 variables; iteration 20; function evaluation 25; phase 4
Function value 1.8095813e+02; maximum gradient component mag -4.9723e+02
Var    Value     Gradient |Var    Value     Gradient |Var    Value     Gradient
  1 -0.32465  3.63940e+01 |  2  0.27192 -2.68461e+01 |  3  0.51605 -5.30026e+01
  4 -0.67461 -4.97226e+02 |  5 -0.46434 -3.94955e+02 |  6 -0.30488 -1.62592e+02
  7 -0.07926 -2.93543e+01 |  8  0.00425  5.99060e-01 |  9  0.00398  5.59761e-01
 10  0.00019  3.50881e-02 | 11 -0.00095 -1.16322e-01 | 12  0.00432  6.31393e-01
 13 -0.00057 -2.92675e-02 | 14  0.00242  4.28518e-01 | 15  0.00501  8.64933e-01
 16 -0.01205 -1.42506e+00 | 17  0.00010  5.03742e-01 | 18 -0.00207  5.27575e-01
 19 -0.00682  3.49144e-01 | 20 -0.01099  4.64372e-01 | 21 -0.02078 -1.68421e-01
 22 -0.02453  1.97274e-02 | 23 -0.02069  7.29565e-01 | 24 -0.01551  2.24635e-01
 25  0.00964  1.87712e+00 | 26  0.00062  2.96622e-02 | 27  0.03016  4.00259e+00
 28  0.15326  3.79925e+01 | 29  0.08773  4.31419e+01 | 30  0.05559  4.26567e+01
 31 -0.09529  2.06715e+01 | 32 -0.13405  1.54871e+00 | 33  0.10027 -7.27952e+01
 34 -0.10842  2.19398e+00 | 35  0.11635 -3.63728e+00 | 36 -0.02537  1.08663e+01
 37 -0.10273  1.37805e+01 | 38 -0.23947  1.08469e+01 | 39 -0.09219  1.00622e+01
 40  0.04645  5.14974e+00 | 41  0.02024  6.74481e+00 | 42  0.00539 -1.14441e+01
 43  0.13697 -1.56442e+01 | 44  0.00164  1.15369e+01 | 45 -0.07578  1.04099e+01
 46 -0.07496  1.26799e+01 | 47  0.06566 -1.23743e+00 | 48 -0.01449 -2.79250e+00
 49 -0.07065 -2.36669e+00 | 50  0.08369 -2.38573e+01 | 51  0.05051 -1.49139e+01
 52 -0.07416 -5.49138e+00 | 53 -0.03022 -1.11211e+01 | 54 -0.04544 -3.32475e+00
 55 -0.08269 -1.13025e+01 | 56  0.00370 -5.72682e+01 | 57  0.04313 -3.27964e+01
 58 -0.04231 -4.88915e+00 | 59  0.12966 -3.77365e+01 | 60 -0.06429 -1.30243e+00
 61  0.09884  3.99365e+00 | 62  0.08909 -8.72387e-01 | 63  0.02057  3.71356e+00
 64  0.14382  1.15856e+00 | 65 -0.05758  7.05697e+00 | 66 -0.02618  1.01571e+01
 67  0.63889 -5.43688e+01 | 68 -0.77256 -8.44448e-03 | 69  0.40680  2.00940e+02
 70 -0.75371 -7.71047e-03 | 71  0.17854 -5.80311e+00 | 72 -0.46791  1.34567e+02
 73  0.34898  8.03341e-04 | 74 -0.13419 -6.42002e+01 | 75  0.75362  6.35566e-03
75 variables; iteration 40; function evaluation 47; phase 4
Function value 1.7911561e+02; maximum gradient component mag -4.1879e+02
Var    Value     Gradient |Var    Value     Gradient |Var    Value     Gradient
  1 -0.30739  2.83929e+01 |  2  0.25988 -1.53968e+00 |  3  0.50852 -4.50271e+01
  4 -0.67380 -4.18793e+02 |  5 -0.46328 -3.26873e+02 |  6 -0.30152 -7.29451e+01
  7 -0.07859 -2.22093e+01 |  8 -0.00031 -3.76702e-02 |  9 -0.00028 -3.50825e-02
 10 -0.00008 -2.84251e-03 | 11 -0.00006  6.01336e-03 | 12 -0.00047 -4.06623e-02
 13 -0.00034 -1.44181e-03 | 14 -0.00081 -3.11216e-02 | 15 -0.00146 -6.05820e-02
 16 -0.00129  7.41870e-02 | 17 -0.00355 -5.71816e-02 | 18 -0.00587 -8.50546e-02
 19 -0.00928 -1.07406e-01 | 20 -0.01454 -2.16765e-01 | 21 -0.01815  6.01211e-02
 22 -0.02286  6.85550e-03 | 23 -0.02628 -6.40564e-01 | 24 -0.01491 -3.87365e-01
 25  0.00009 -5.46832e-01 | 26  0.00794 -2.87987e-01 | 27  0.01653  2.28010e-01
 28  0.15174  7.31387e+00 | 29  0.08451  1.41268e+01 | 30  0.04720  1.21186e+01
 31 -0.09003  1.23510e+01 | 32 -0.12909  5.26040e+00 | 33  0.10576 -6.92100e+00
 34 -0.10785  4.22232e+00 | 35  0.11515 -3.57263e+00 | 36 -0.02412  2.23224e+00
 37 -0.10324  4.23703e+00 | 38 -0.24527  1.56109e+00 | 39 -0.09344  1.62485e+00
 40  0.04721  4.24406e+00 | 41  0.01659 -1.35561e+00 | 42  0.01094 -7.58719e+00
 43  0.13566 -2.85103e+01 | 44  0.00012 -4.91513e+00 | 45 -0.07332  1.46345e+00
 46 -0.08096 -1.71741e+00 | 47  0.06516 -8.47771e+00 | 48 -0.01366 -1.63937e+00
 49 -0.06832 -9.53589e-02 | 50  0.08233 -1.62463e+01 | 51  0.05061 -7.87726e+00
 52 -0.07091  3.10487e+00 | 53 -0.02997 -2.23532e+00 | 54 -0.04784  4.48544e-01
 55 -0.08222  6.24377e-01 | 56  0.00733 -8.18875e+00 | 57  0.04270 -4.19148e+00
 58 -0.04361  1.84861e+00 | 59  0.12903 -5.97605e+00 | 60 -0.05777  3.92476e+00
 61  0.09667  7.00110e+00 | 62  0.09022  5.47687e+00 | 63  0.02101  6.08109e+00
 64  0.14362  2.69708e+00 | 65 -0.05937  2.08643e+00 | 66 -0.02516  4.91543e+00
 67  0.66292 -4.12771e+01 | 68 -0.76551 -7.51343e-03 | 69  0.40962  2.32637e+02
 70 -0.74731 -7.49417e-03 | 71  0.17325 -3.81978e+00 | 72 -0.48503 -8.02222e+00
 73  0.34904  5.49810e-04 | 74 -0.15277  5.94957e+00 | 75  0.74894  5.91457e-03
75 variables; iteration 60; function evaluation 74; phase 4
Function value 1.7836590e+02; maximum gradient component mag -3.5228e+02
Var    Value     Gradient |Var    Value     Gradient |Var    Value     Gradient
  1 -0.31191  3.28031e+01 |  2  0.25653 -1.29226e+01 |  3  0.45176 -4.41824e+01
  4 -0.66472 -3.52284e+02 |  5 -0.46536 -2.65485e+02 |  6 -0.30275 -1.02804e+02
  7 -0.07801 -2.37443e+01 |  8 -0.00229 -3.13859e-01 |  9 -0.00213 -2.93092e-01
 10 -0.00023 -2.40394e-02 | 11  0.00022  4.52068e-02 | 12 -0.00237 -3.04282e-01
 13 -0.00046 -1.71577e-02 | 14 -0.00175 -1.61215e-01 | 15 -0.00199 -1.31068e-01
 16 -0.00441 -3.62103e-01 | 17 -0.00141  2.56921e-01 | 18 -0.00221  4.59731e-01
 19 -0.00734  1.97228e-01 | 20 -0.01312  1.95398e-02 | 21 -0.01942 -1.24704e-01
 22 -0.02544 -4.06041e-01 | 23 -0.02336 -1.75778e-01 | 24 -0.01816 -9.09375e-01
 25  0.00822  5.24560e-01 | 26  0.00392 -8.98545e-01 | 27 -0.00115 -2.16133e+00
 28  0.16492  1.39058e+00 | 29  0.04848  4.78072e+00 | 30  0.06272  6.73164e+00
 31 -0.10320  7.07059e+00 | 32 -0.12728  7.67621e+00 | 33  0.10789  1.48024e+01
 34 -0.10798  7.28037e+00 | 35  0.11472  1.40881e-01 | 36 -0.02323  4.96534e+00
 37 -0.10500  4.69751e+00 | 38 -0.23821  6.78529e+00 | 39 -0.09265  1.43727e+00
 40  0.04617 -1.27223e+01 | 41  0.01520 -8.91446e+00 | 42  0.01416 -2.94795e+00
 43  0.13565 -2.96226e+01 | 44 -0.00075 -8.13677e+00 | 45 -0.07569 -1.58202e+00
 46 -0.07863 -8.49397e-01 | 47  0.06490 -1.69274e+01 | 48 -0.01484 -6.43088e+00
 49 -0.06782  5.38111e-01 | 50  0.08293 -1.29975e+01 | 51  0.05039 -8.20930e+00
 52 -0.07353  6.26101e-01 | 53 -0.02836  1.08545e+00 | 54 -0.04899 -5.64697e-01
 55 -0.08256  2.30316e+00 | 56  0.00920  2.23492e+00 | 57  0.04232 -1.78036e+00
 58 -0.04351  3.09432e+00 | 59  0.12900 -6.43841e+00 | 60 -0.05543  7.08593e+00
 61  0.09558  2.67283e+00 | 62  0.09098  7.54676e+00 | 63  0.02148  9.04869e+00
 64  0.14340  6.56124e+00 | 65 -0.04697  1.07073e+01 | 66 -0.02699  7.04675e+00
 67  0.68686 -2.20972e+01 | 68 -0.72744 -5.69500e-03 | 69  0.41179  1.43915e+02
 70 -0.70990 -6.40978e-03 | 71  0.15858 -4.87685e+00 | 72 -0.48786  6.88348e+00
 73  0.34774 -4.60104e-04 | 74 -0.15607 -5.56400e+00 | 75  0.72128  3.65343e-03
Maximum number of function evaluations exceeded

 - final statistics:
75 variables; iteration 80; function evaluation 100
Function value 1.7761e+02; maximum gradient component mag -2.5830e+02
Exit code = 3;  converg criter 1.0000e+00
Var    Value     Gradient |Var    Value     Gradient |Var    Value     Gradient
  1 -0.31530  3.21092e+01 |  2  0.25888 -1.21927e+01 |  3  0.34235 -4.03091e+01
  4 -0.63820 -2.58296e+02 |  5 -0.47498 -1.98597e+02 |  6 -0.30672 -1.09888e+02
  7 -0.07801 -2.54994e+01 |  8 -0.00114 -1.53207e-01 |  9 -0.00098 -1.32398e-01
 10 -0.00015 -1.30174e-02 | 11 -0.00004  8.21728e-03 | 12  0.00051  9.42166e-02
 13 -0.00069 -5.33399e-02 | 14  0.00420  6.64094e-01 | 15  0.00708  1.12997e+00
 16 -0.00152  2.41907e-02 | 17 -0.01471 -1.67785e+00 | 18 -0.01665 -1.69252e+00
 19 -0.00795  1.12379e-02 | 20 -0.01080  2.38702e-01 | 21 -0.01950 -3.15214e-01
 22 -0.02202 -6.59435e-02 | 23 -0.03355 -2.07693e+00 | 24 -0.01141 -2.48576e-01
 25  0.00319 -6.11018e-01 | 26  0.00043 -1.66320e+00 | 27  0.00112 -2.25483e+00
 28  0.17603 -1.63436e+01 | 29 -0.00790 -7.76799e+00 | 30  0.08038 -1.00991e+01
 31 -0.10769  2.13609e+00 | 32 -0.12560  2.82558e+00 | 33  0.10749 -2.07891e+01
 34 -0.10576  2.89899e+00 | 35  0.11562 -2.19507e+01 | 36 -0.02177 -2.11366e+00
 37 -0.10159  1.98154e+00 | 38 -0.23864  4.88121e+00 | 39 -0.09035  2.41855e+00
 40  0.04721 -5.89401e+00 | 41  0.01820 -1.90259e+00 | 42  0.01331 -1.56205e+00
 43  0.13709 -1.41497e+01 | 44  0.00113  2.54436e-01 | 45 -0.07360  3.47504e+00
 46 -0.07698  3.59224e+00 | 47  0.06585 -4.19863e+00 | 48 -0.01220  2.26413e+00
 49 -0.06726  3.82984e+00 | 50  0.08391 -2.57068e+00 | 51  0.05149  8.07835e-01
 52 -0.07092  5.50107e+00 | 53 -0.02781  3.47600e+00 | 54 -0.04693  4.26131e+00
 55 -0.08113  4.73920e+00 | 56  0.00937  1.33179e+00 | 57  0.04387  2.04484e+00
 58 -0.04239  5.60643e+00 | 59  0.13064  1.88053e+00 | 60 -0.05685  6.26898e+00
 61  0.09746  6.47272e+00 | 62  0.09202  6.78433e+00 | 63  0.02159  7.01312e+00
 64  0.14519  6.65632e+00 | 65 -0.05428  6.68061e+00 | 66 -0.02945  6.87507e+00
 67  0.67818 -1.81026e+01 | 68 -0.56882 -3.51938e-03 | 69  0.41171  1.10147e+02
 70 -0.51811 -3.32566e-03 | 71  0.15759 -4.30607e+00 | 72 -0.48614  1.90559e+01
 73  0.35813 -3.86200e-03 | 74 -0.15423 -1.16304e+01 | 75  0.61872 -6.75895e-03

Initial statistics: 75 variables; iteration 0; function evaluation 0; phase 5
Function value 1.7761433e+02; maximum gradient component mag -2.5830e+02
Var    Value     Gradient |Var    Value     Gradient |Var    Value     Gradient
  1 -0.31530  3.21092e+01 |  2  0.25888 -1.21927e+01 |  3  0.34235 -4.03091e+01
  4 -0.63820 -2.58296e+02 |  5 -0.47498 -1.98597e+02 |  6 -0.30672 -1.09888e+02
  7 -0.07801 -2.54994e+01 |  8 -0.00114 -1.53207e-01 |  9 -0.00098 -1.32398e-01
 10 -0.00015 -1.30174e-02 | 11 -0.00004  8.21728e-03 | 12  0.00051  9.42166e-02
 13 -0.00069 -5.33399e-02 | 14  0.00420  6.64094e-01 | 15  0.00708  1.12997e+00
 16 -0.00152  2.41907e-02 | 17 -0.01471 -1.67785e+00 | 18 -0.01665 -1.69252e+00
 19 -0.00795  1.12379e-02 | 20 -0.01080  2.38702e-01 | 21 -0.01950 -3.15214e-01
 22 -0.02202 -6.59435e-02 | 23 -0.03355 -2.07693e+00 | 24 -0.01141 -2.48576e-01
 25  0.00319 -6.11018e-01 | 26  0.00043 -1.66320e+00 | 27  0.00112 -2.25483e+00
 28  0.17603 -1.62688e+01 | 29 -0.00790 -7.69034e+00 | 30  0.08038 -1.00221e+01
 31 -0.10769  2.21263e+00 | 32 -0.12560  2.90172e+00 | 33  0.10750 -2.07125e+01
 34 -0.10575  2.97557e+00 | 35  0.11562 -2.18743e+01 | 36 -0.02176 -2.03605e+00
 37 -0.10159  2.05820e+00 | 38 -0.23863  4.95348e+00 | 39 -0.09035  2.49542e+00
 40  0.04721 -5.81657e+00 | 41  0.01821 -1.82497e+00 | 42  0.01331 -1.48442e+00
 43  0.13710 -1.40738e+01 | 44  0.00114  3.32088e-01 | 45 -0.07360  3.55218e+00
 46 -0.07698  3.66932e+00 | 47  0.06586 -4.12139e+00 | 48 -0.01220  2.34176e+00
 49 -0.06726  3.90706e+00 | 50  0.08391 -2.49370e+00 | 51  0.05149  8.85232e-01
 52 -0.07092  5.57824e+00 | 53 -0.02780  3.55358e+00 | 54 -0.04693  4.33876e+00
 55 -0.08113  4.81622e+00 | 56  0.00937  1.40944e+00 | 57  0.04387  2.12230e+00
 58 -0.04239  5.68391e+00 | 59  0.13064  1.95655e+00 | 60 -0.05685  6.34632e+00
 61  0.09747  6.54946e+00 | 62  0.09202  6.86117e+00 | 63  0.02160  7.09073e+00
 64  0.14520  6.73196e+00 | 65 -0.05428  6.75798e+00 | 66 -0.02945  6.95264e+00
 67  0.67818 -1.81026e+01 | 68 -0.56882 -3.51938e-03 | 69  0.41171  1.10147e+02
 70 -0.51811 -3.32566e-03 | 71  0.15759 -4.30607e+00 | 72 -0.48614  1.90559e+01
 73  0.35813 -3.86200e-03 | 74 -0.15423 -1.16304e+01 | 75  0.61872 -6.75895e-03

Intermediate statistics: 75 variables; iteration 20; function evaluation 26; phase 5
Function value 1.7704953e+02; maximum gradient component mag -5.3487e+02
Var    Value     Gradient |Var    Value     Gradient |Var    Value     Gradient
  1 -0.30723  4.73953e+01 |  2  0.25796 -1.49108e+01 |  3  0.29035 -1.04458e+02
  4 -0.62220 -5.34870e+02 |  5 -0.48140 -4.30494e+02 |  6 -0.30089 -1.36219e+02
  7 -0.07860 -4.26330e+00 |  8  0.00012  2.25055e-02 |  9  0.00011  1.94639e-02
 10 -0.00005  1.70368e-03 | 11 -0.00011 -1.60669e-03 | 12 -0.00029 -1.47142e-02
 13 -0.00028  6.81350e-03 | 14 -0.00132 -1.02698e-01 | 15 -0.00231 -1.78049e-01
 16 -0.00190 -9.84386e-03 | 17 -0.00129  2.69296e-01 | 18 -0.00336  2.86307e-01
 19 -0.00884 -3.00924e-02 | 20 -0.01396 -9.85396e-02 | 21 -0.01888  1.50112e-02
 22 -0.02425 -7.91803e-02 | 23 -0.02093  4.53390e-01 | 24 -0.01487 -1.33010e-01
 25  0.00075 -1.19659e-01 | 26  0.00533  2.67354e-02 | 27  0.00845  2.20240e-01
 28  0.16017  2.32762e+01 | 29  0.04836  1.91321e+01 | 30  0.07052  2.90587e+01
 31 -0.10049  1.56937e+01 | 32 -0.12588  1.23031e+01 | 33  0.10528  7.04348e+00
 34 -0.10810  9.62505e+00 | 35  0.11503  1.94275e+01 | 36 -0.02181  1.35021e+01
 37 -0.10153  1.10675e+01 | 38 -0.23786  8.68653e+00 | 39 -0.09196  2.96906e+00
 40  0.04514 -1.58068e+01 | 41  0.01624 -1.21751e+01 | 42  0.01295 -1.07934e+01
 43  0.13511 -5.40985e+01 | 44 -0.00122 -1.67966e+01 | 45 -0.07519 -5.78333e+00
 46 -0.07883 -4.57153e+00 | 47  0.06452 -3.00205e+01 | 48 -0.01465 -1.30459e+01
 49 -0.06791 -3.92605e+00 | 50  0.08191 -3.13440e+01 | 51  0.04970 -2.10443e+01
 52 -0.07362 -2.11383e+00 | 53 -0.02858 -4.00980e+00 | 54 -0.04882 -3.07213e+00
 55 -0.08306  4.79516e-01 | 56  0.00863 -1.26294e+00 | 57  0.04208 -4.87096e+00
 58 -0.04404  4.75544e+00 | 59  0.12929  8.42009e-01 | 60 -0.05627  8.83044e+00
 61  0.09507  4.38258e+00 | 62  0.09060  9.24375e+00 | 63  0.02108  1.16929e+01
 64  0.14281  6.67894e+00 | 65 -0.05216  1.06057e+01 | 66 -0.02427  9.99355e+00
 67  0.67996 -4.37473e+01 | 68 -0.56878 -3.70536e-03 | 69  0.41267  3.39900e+02
 70 -0.51807 -3.32526e-03 | 71  0.15237 -9.82773e+00 | 72 -0.48570 -1.75025e+01
 73  0.35815 -8.24319e-04 | 74 -0.15281  1.39797e+01 | 75  0.61874 -8.57513e-04
75 variables; iteration 40; function evaluation 48; phase 5
Function value 1.7668825e+02; maximum gradient component mag -2.0929e+02
Var    Value     Gradient |Var    Value     Gradient |Var    Value     Gradient
  1 -0.30197  2.01733e+01 |  2  0.25901 -5.90106e+00 |  3  0.28129 -3.65526e+01
  4 -0.61837 -2.09290e+02 |  5 -0.48280 -1.64582e+02 |  6 -0.29977 -5.93354e+01
  7 -0.07913 -2.00960e+01 |  8 -0.00039 -4.89415e-02 |  9 -0.00033 -4.22529e-02
 10 -0.00008 -4.38742e-03 | 11 -0.00008  2.19895e-03 | 12  0.00004  2.91915e-02
 13 -0.00043 -1.79273e-02 | 14  0.00094  2.06845e-01 | 15  0.00153  3.48491e-01
 16 -0.00166  3.33671e-03 | 17 -0.00642 -4.97233e-01 | 18 -0.00820 -4.71114e-01
 19 -0.00812 -7.83629e-03 | 20 -0.01227  3.67340e-02 | 21 -0.01826 -5.44833e-02
 22 -0.02257 -6.42944e-03 | 23 -0.02352 -1.96509e-01 | 24 -0.01174  1.17803e-01
 25  0.00553  2.20029e-01 | 26  0.00887 -9.24575e-02 | 27  0.01179 -4.56425e-01
 28  0.15538 -1.12213e+00 | 29  0.04902  1.45590e+00 | 30  0.06932  3.42809e+00
 31 -0.10364  1.84218e+00 | 32 -0.12501  4.83311e+00 | 33  0.10728  1.33364e+01
 34 -0.10642  3.59347e+00 | 35  0.11349 -9.05089e+00 | 36 -0.02172 -6.55099e-02
 37 -0.10096  2.54857e+00 | 38 -0.23781  3.27035e+00 | 39 -0.09079  1.74769e+00
 40  0.04511 -7.69763e+00 | 41  0.01656 -5.76595e+00 | 42  0.01232 -3.22074e+00
 43  0.13575 -1.16044e+01 | 44 -0.00084 -3.04255e+00 | 45 -0.07418 -1.80424e-01
 46 -0.07861 -2.68419e-01 | 47  0.06416 -7.26888e+00 | 48 -0.01340 -1.14522e+00
 49 -0.06776  4.96750e-01 | 50  0.08178 -8.23253e+00 | 51  0.05047 -8.79161e-01
 52 -0.07201  1.60802e+00 | 53 -0.03005 -1.81365e+00 | 54 -0.04686  5.29530e+00
 55 -0.08199  3.88716e+00 | 56  0.00726 -4.39814e+00 | 57  0.04214 -3.15163e+00
 58 -0.04247  3.66726e+00 | 59  0.12829 -9.42427e+00 | 60 -0.05661  2.29377e+00
 61  0.09557  2.38069e+00 | 62  0.09107  6.37900e+00 | 63  0.02004  3.48511e+00
 64  0.14338  4.09605e+00 | 65 -0.05240  4.67999e+00 | 66 -0.02692  3.70389e+00
 67  0.66853 -1.44129e+01 | 68 -0.56389 -2.42934e-03 | 69  0.41130  8.40727e+01
 70 -0.51380 -3.28083e-03 | 71  0.15425 -3.85699e+00 | 72 -0.48575  8.78053e+00
 73  0.35958 -1.60811e-03 | 74 -0.15483 -8.55318e+00 | 75  0.62057 -2.46283e-03
75 variables; iteration 60; function evaluation 76; phase 5
Function value 1.7615556e+02; maximum gradient component mag -2.2135e+02
Var    Value     Gradient |Var    Value     Gradient |Var    Value     Gradient
  1 -0.30459  2.62671e+01 |  2  0.25965 -1.03020e+01 |  3  0.22030 -4.74818e+01
  4 -0.59714 -2.21354e+02 |  5 -0.49045 -1.71487e+02 |  6 -0.29944 -8.91703e+01
  7 -0.07970 -1.87234e+01 |  8 -0.00034 -4.30531e-02 |  9 -0.00029 -3.70530e-02
 10 -0.00008 -4.65895e-03 | 11 -0.00008  4.29376e-04 | 12  0.00001  2.26952e-02
 13 -0.00041 -1.99599e-02 | 14  0.00071  1.66068e-01 | 15  0.00097  2.55473e-01
 16 -0.00169 -2.52388e-02 | 17 -0.00283 -2.63815e-02 | 18 -0.00025  6.11528e-01
 19 -0.00782 -6.99889e-02 | 20 -0.01307 -2.42956e-01 | 21 -0.01535  1.85037e-01
 22 -0.01965  1.81109e-01 | 23 -0.02283 -4.49564e-01 | 24 -0.01575 -1.00030e+00
 25  0.00631 -4.25619e-01 | 26  0.01702 -8.50707e-02 | 27  0.01889 -1.03817e+00
 28  0.13737 -8.50633e+00 | 29  0.07744  1.28955e+00 | 30  0.05826 -1.02106e+00
 31 -0.08996  5.51461e+00 | 32 -0.12590  4.49242e+00 | 33  0.10545 -7.43621e+00
 34 -0.10589  3.45173e+00 | 35  0.11358 -1.00274e+01 | 36 -0.02073  1.71300e-01
 37 -0.10126  1.11925e+00 | 38 -0.23585  5.45341e+00 | 39 -0.09038  4.24025e+00
 40  0.04431 -6.23791e+00 | 41  0.01710 -2.90164e+00 | 42  0.01262 -1.87635e+00
 43  0.13456 -1.74686e+01 | 44  0.00010 -9.63087e-01 | 45 -0.07323  2.01958e+00
 46 -0.08058 -4.50405e-01 | 47  0.06403 -6.90993e+00 | 48 -0.01423 -1.62404e+00
 49 -0.06708  2.48701e+00 | 50  0.08118 -7.07422e+00 | 51  0.04981 -2.86132e+00
 52 -0.07264  2.64750e+00 | 53 -0.02905  1.65627e+00 | 54 -0.04801  2.59311e+00
 55 -0.08404  3.74110e-01 | 56  0.00747 -2.79933e-01 | 57  0.04202 -1.01307e+00
 58 -0.04452  2.72771e+00 | 59  0.12870 -1.67818e+00 | 60 -0.05907  2.84901e+00
 61  0.09560  4.81500e+00 | 62  0.09030  5.33647e+00 | 63  0.01984  5.20116e+00
 64  0.14306  5.44323e+00 | 65 -0.05458  5.80440e+00 | 66 -0.02811  5.66536e+00
 67  0.65984 -1.26891e+01 | 68 -0.54769  3.98116e-02 | 69  0.41122  1.13910e+02
 70 -0.49083 -3.05245e-03 | 71  0.14964 -4.82622e+00 | 72 -0.48490  1.28701e+01
 73  0.36607 -1.85813e-03 | 74 -0.15325 -7.82987e+00 | 75  0.62901 -3.37927e-03
Maximum number of function evaluations exceeded

 - final statistics:
75 variables; iteration 74; function evaluation 100
Function value 1.7584e+02; maximum gradient component mag -1.7202e+02
Exit code = 3;  converg criter 1.0000e+00
Var    Value     Gradient |Var    Value     Gradient |Var    Value     Gradient
  1 -0.29040  2.69016e+01 |  2  0.25911 -9.56151e+00 |  3  0.17543 -4.12173e+01
  4 -0.57782 -1.72025e+02 |  5 -0.49815 -1.35129e+02 |  6 -0.29617 -8.73992e+01
  7 -0.07989 -4.85452e+00 |  8 -0.00141 -1.93077e-01 |  9 -0.00124 -1.69330e-01
 10 -0.00021 -2.38834e-02 | 11 -0.00012 -5.82514e-03 | 12  0.00023  5.06970e-02
 13 -0.00057 -4.63832e-02 | 14 -0.00055 -1.65509e-02 | 15 -0.00241 -2.29226e-01
 16 -0.00125  1.90020e-02 | 17 -0.00638 -5.59851e-01 | 18 -0.00350  9.38116e-02
 19 -0.00781 -1.40288e-01 | 20 -0.01253 -2.60947e-01 | 21 -0.01849 -4.33121e-01
 22 -0.02951 -1.51980e+00 | 23 -0.01871  1.59566e-01 | 24 -0.00569  5.35801e-01
 25  0.01248  3.43802e-01 | 26  0.01569 -5.84461e-01 | 27  0.01736 -1.82724e+00
 28  0.12787 -1.17393e+01 | 29  0.08770 -1.03885e+00 | 30  0.05587 -7.28792e+00
 31 -0.08921  1.02606e+00 | 32 -0.12492  3.08056e+00 | 33  0.10444 -1.59641e+01
 34 -0.10255  4.34794e+00 | 35  0.11325 -9.42298e+00 | 36 -0.01940  1.23159e+00
 37 -0.09724  3.95084e+00 | 38 -0.24213  1.52794e+00 | 39 -0.08998  2.76593e+00
 40  0.04423 -4.47358e+00 | 41  0.01655 -4.16890e+00 | 42  0.01328 -2.35326e-01
 43  0.13475 -1.47490e+01 | 44 -0.00111 -4.51344e+00 | 45 -0.07391 -3.67367e-01
 46 -0.07884  9.28245e-01 | 47  0.06334 -4.86435e+00 | 48 -0.01328 -6.20986e-01
 49 -0.06800  1.47062e+00 | 50  0.08098 -6.22562e+00 | 51  0.04963 -2.53635e+00
 52 -0.07226  2.50565e+00 | 53 -0.02958  2.01688e-01 | 54 -0.04819  3.45967e+00
 55 -0.08269  4.99701e+00 | 56  0.00686  2.83150e+00 | 57  0.04191  4.09262e+00
 58 -0.04398  6.40383e+00 | 59  0.12826  5.74133e+00 | 60 -0.05651  5.14651e+00
 61  0.09461  4.05523e+00 | 62  0.09040  6.46515e+00 | 63  0.02040  6.52750e+00
 64  0.14238  4.92913e+00 | 65 -0.05557  5.41662e+00 | 66 -0.03005  5.46848e+00
 67  0.65557 -1.37592e+01 | 68 -0.51024  4.10606e-02 | 69  0.41142  1.26180e+02
 70 -0.57783  6.44130e-02 | 71  0.14817 -3.05729e+00 | 72 -0.48440  6.57927e+00
 73  0.37438 -1.34137e-03 | 74 -0.15302 -4.07387e+00 | 75  0.63907 -2.82766e-03

Initial statistics: 77 variables; iteration 0; function evaluation 0; phase 6
Function value 1.7583862e+02; maximum gradient component mag -1.7202e+02
Var    Value     Gradient |Var    Value     Gradient |Var    Value     Gradient
  1 -0.29040  2.69016e+01 |  2  0.25911 -9.56151e+00 |  3  0.17543 -4.12173e+01
  4 -0.57782 -1.72025e+02 |  5 -0.49815 -1.35129e+02 |  6 -0.29617 -8.73992e+01
  7 -0.07989 -4.85452e+00 |  8 -0.00141 -1.93077e-01 |  9 -0.00124 -1.69330e-01
 10 -0.00021 -2.38834e-02 | 11 -0.00012 -5.82514e-03 | 12  0.00023  5.06970e-02
 13 -0.00057 -4.63832e-02 | 14 -0.00055 -1.65509e-02 | 15 -0.00241 -2.29226e-01
 16 -0.00125  1.90020e-02 | 17 -0.00638 -5.59851e-01 | 18 -0.00350  9.38116e-02
 19 -0.00781 -1.40288e-01 | 20 -0.01253 -2.60947e-01 | 21 -0.01849 -4.33121e-01
 22 -0.02951 -1.51980e+00 | 23 -0.01871  1.59566e-01 | 24 -0.00569  5.35801e-01
 25  0.01248  3.43802e-01 | 26  0.01569 -5.84461e-01 | 27  0.01736 -1.82724e+00
 28  0.12787 -1.17422e+01 | 29  0.08770 -1.04182e+00 | 30  0.05587 -7.29090e+00
 31 -0.08921  1.02309e+00 | 32 -0.12492  3.07763e+00 | 33  0.10444 -1.59671e+01
 34 -0.10255  4.34498e+00 | 35  0.11325 -9.42592e+00 | 36 -0.01940  1.22859e+00
 37 -0.09724  3.94788e+00 | 38 -0.24213  1.52516e+00 | 39 -0.08998  2.76297e+00
 40  0.04423 -4.47657e+00 | 41  0.01655 -4.17189e+00 | 42  0.01328 -2.38319e-01
 43  0.13475 -1.47519e+01 | 44 -0.00111 -4.51643e+00 | 45 -0.07391 -3.70341e-01
 46 -0.07884  9.25274e-01 | 47  0.06334 -4.86733e+00 | 48 -0.01328 -6.23979e-01
 49 -0.06800  1.46764e+00 | 50  0.08098 -6.22859e+00 | 51  0.04963 -2.53934e+00
 52 -0.07226  2.50267e+00 | 53 -0.02958  1.98698e-01 | 54 -0.04819  3.45669e+00
 55 -0.08269  4.99404e+00 | 56  0.00686  2.82851e+00 | 57  0.04191  4.08963e+00
 58 -0.04398  6.40085e+00 | 59  0.12826  5.73839e+00 | 60 -0.05651  5.14352e+00
 61  0.09461  4.05227e+00 | 62  0.09040  6.46219e+00 | 63  0.02040  6.52450e+00
 64  0.14238  4.92621e+00 | 65 -0.05557  5.41364e+00 | 66 -0.03005  5.46549e+00
 67 -0.28543  1.31551e+01 | 68  0.17037 -1.91858e+00 | 69  0.65557 -1.37592e+01
 70 -0.51024  4.10606e-02 | 71  0.41142  1.26180e+02 | 72 -0.57783  6.44130e-02
 73  0.14817 -3.05729e+00 | 74 -0.48440  6.57927e+00 | 75  0.37438 -1.34137e-03
 76 -0.15302 -4.07387e+00 | 77  0.63907 -2.82766e-03 |

Intermediate statistics: 77 variables; iteration 20; function evaluation 22; phase 6
Function value 1.7405605e+02; maximum gradient component mag -4.6947e+02
Var    Value     Gradient |Var    Value     Gradient |Var    Value     Gradient
  1 -0.27686  4.94750e+01 |  2  0.26077 -2.35433e+01 |  3  0.12776 -1.37804e+02
  4 -0.56480 -4.69468e+02 |  5 -0.50164 -3.81634e+02 |  6 -0.27914 -1.61015e+02
  7 -0.07061 -3.45311e+02 |  8  0.00041  8.10513e-02 |  9  0.00037  6.73582e-02
 10 -0.00003  2.26564e-02 | 11 -0.00013  2.49069e-02 | 12 -0.00038  1.85500e-02
 13 -0.00033  7.25981e-02 | 14 -0.00072  9.24178e-02 | 15 -0.00073  2.12431e-01
 16 -0.00225  1.87283e-01 | 17 -0.00227  4.86927e-01 | 18 -0.00627  3.44890e-01
 19 -0.00915  5.47644e-01 | 20 -0.01371  6.96053e-01 | 21 -0.01914  8.16630e-01
 22 -0.02116  1.31213e+00 | 23 -0.02673  3.09664e-01 | 24 -0.01902  3.53761e-02
 25 -0.00296  3.30227e-01 | 26  0.00526  1.13234e+00 | 27  0.01578  2.16496e+00
 28  0.15203  2.81726e+01 | 29  0.04937  2.07204e+01 | 30  0.07509  3.66725e+01
 31 -0.09303  1.75666e+01 | 32 -0.12470  1.02417e+01 | 33  0.10611  1.73994e+01
 34 -0.10642  3.33911e+00 | 35  0.11180 -1.67255e+01 | 36 -0.01955  3.75379e+00
 37 -0.09812  7.30913e+00 | 38 -0.23149  7.50100e+00 | 39 -0.09083  3.46487e+00
 40  0.04493 -8.90251e+00 | 41  0.01516 -1.31984e+01 | 42  0.01250 -6.88076e+00
 43  0.13593 -3.01976e+01 | 44 -0.00490 -2.07612e+01 | 45 -0.07846 -1.38723e+01
 46 -0.07985 -6.69507e+00 | 47  0.06527 -5.20924e+00 | 48 -0.01434 -1.99818e+00
 49 -0.06877 -2.36649e+00 | 50  0.08038 -1.79649e+01 | 51  0.04956 -6.66595e+00
 52 -0.07501 -4.64248e+00 | 53 -0.03143 -9.88519e+00 | 54 -0.04654  6.09074e+00
 55 -0.08061  6.00754e+00 | 56  0.00531 -1.67406e+01 | 57  0.04158 -1.54427e+01
 58 -0.04408 -1.10520e+00 | 59  0.12826 -1.53380e+01 | 60 -0.05796 -9.93472e-02
 61  0.09302 -1.23246e+01 | 62  0.09135  2.14415e+00 | 63  0.01933  1.84443e+00
 64  0.14149 -6.23083e+00 | 65 -0.05309  5.22908e+00 | 66 -0.02250  5.62747e+00
 67 -0.44572 -2.64457e+01 | 68  0.10372 -2.08765e+00 | 69  0.65495 -8.03976e+01
 70 -0.50983 -7.94732e-01 | 71  0.41179  1.66666e+02 | 72 -0.57872  1.96627e-01
 73  0.14234 -1.68923e+01 | 74 -0.48453  2.67020e+01 | 75  0.37438 -3.39805e-05
 76 -0.15337 -1.74001e+01 | 77  0.63907  1.26773e-04 |
77 variables; iteration 40; function evaluation 43; phase 6
Function value 1.7348333e+02; maximum gradient component mag -3.1606e+02
Var    Value     Gradient |Var    Value     Gradient |Var    Value     Gradient
  1 -0.22568  3.99908e+01 |  2  0.26270 -9.80582e+00 |  3  0.13919 -8.75288e+01
  4 -0.56981 -3.16055e+02 |  5 -0.49924 -2.53392e+02 |  6 -0.26203 -1.32929e+02
  7 -0.06752 -2.51220e+02 |  8 -0.00167 -2.09319e-01 |  9 -0.00166 -2.15447e-01
 10  0.00033  7.25554e-02 | 11  0.00089  1.68035e-01 | 12  0.00209  3.63170e-01
 13  0.00169  3.54945e-01 | 14  0.00311  6.29279e-01 | 15  0.00216  6.17592e-01
 16  0.00668  1.46153e+00 | 17  0.00273  1.20637e+00 | 18  0.01007  2.77506e+00
 19  0.00713  3.04530e+00 | 20  0.00177  3.16078e+00 | 21 -0.00817  2.60537e+00
 22 -0.02390  7.35587e-01 | 23 -0.02787 -1.22297e-01 | 24 -0.02791 -1.88089e+00
 25 -0.01616 -2.44664e+00 | 26 -0.00775 -1.66327e+00 | 27  0.00333 -4.04698e-01
 28  0.15680  2.05559e+01 | 29  0.04888  1.53857e+01 | 30  0.07770  2.70835e+01
 31 -0.09643  1.02684e+01 | 32 -0.13131  1.34648e+00 | 33  0.10848  2.07622e+01
 34 -0.10974  3.36583e-01 | 35  0.11310 -1.38039e+01 | 36 -0.01590  1.25802e+01
 37 -0.09520  1.14853e+01 | 38 -0.23998  4.45371e+00 | 39 -0.08363  1.85656e+01
 40  0.04436 -7.67618e+00 | 41  0.01400 -1.92702e+01 | 42  0.01302 -8.99671e+00
 43  0.13566 -2.94760e+01 | 44 -0.00358 -1.18896e+01 | 45 -0.07128  1.72530e+00
 46 -0.07608  2.99081e+00 | 47  0.06366 -1.18544e+01 | 48 -0.01342 -6.64836e+00
 49 -0.06941 -4.77298e+00 | 50  0.08075 -2.08671e+01 | 51  0.05014 -6.95009e+00
 52 -0.07435 -1.14904e+00 | 53 -0.02798  8.82593e-01 | 54 -0.04701  2.95052e+00
 55 -0.08391 -2.92601e+00 | 56  0.00693 -1.14280e+01 | 57  0.04138 -1.13696e+01
 58 -0.04178  5.09839e+00 | 59  0.12804 -1.74095e+01 | 60 -0.06239 -3.05640e+00
 61  0.09626 -4.76304e-01 | 62  0.09089  4.03591e+00 | 63  0.01960  2.69692e+00
 64  0.14329  2.37856e+00 | 65 -0.05620  3.82778e+00 | 66 -0.03595  3.42234e+00
 67 -0.45959 -1.74145e+01 | 68  0.06357 -7.35063e+00 | 69  0.65473 -9.62470e+00
 70 -0.44994 -1.33002e-02 | 71  0.41151  1.05334e+02 | 72 -0.50445  1.19198e-01
 73  0.14074 -1.19743e+01 | 74 -0.48329  2.92628e+01 | 75  0.37484 -1.06827e-03
 76 -0.15344 -2.23054e+01 | 77  0.63998 -2.24245e-03 |
77 variables; iteration 60; function evaluation 70; phase 6
Function value 1.7141107e+02; maximum gradient component mag -1.2602e+02
Var    Value     Gradient |Var    Value     Gradient |Var    Value     Gradient
  1 -0.21595  2.40972e+01 |  2  0.25869 -1.14732e+01 |  3  0.11279 -3.71767e+01
  4 -0.55974 -1.26024e+02 |  5 -0.50139 -9.66455e+01 |  6 -0.25569 -7.36883e+01
  7 -0.05193 -6.99308e+01 |  8  0.00007  6.74392e-02 |  9  0.00026  7.07883e-02
 10 -0.00050 -1.48045e-02 | 11 -0.00088 -3.64405e-02 | 12 -0.00153 -7.64475e-02
 13 -0.00192 -5.19742e-02 | 14 -0.00288 -6.63713e-02 | 15 -0.00378 -6.51957e-03
 16 -0.00506  9.41108e-02 | 17 -0.00727  1.99546e-01 | 18 -0.00775  7.37503e-01
 19 -0.01302  7.57439e-01 | 20 -0.02175  4.05212e-01 | 21 -0.02966  2.38216e-01
 22 -0.03172  8.31367e-01 | 23 -0.03766 -2.20173e-01 | 24 -0.03222 -8.30074e-01
 25 -0.02158 -1.41626e+00 | 26 -0.01172 -9.76298e-01 | 27  0.02113  1.05084e+00
 28  0.13971 -4.94973e+00 | 29  0.05317 -6.92675e+00 | 30  0.06724 -8.16575e+00
 31 -0.08822  5.21215e+00 | 32 -0.12153  5.69376e+00 | 33  0.10380 -9.96344e+00
 34 -0.09817  6.27068e+00 | 35  0.11315 -3.73784e+00 | 36 -0.01824 -3.58129e-01
 37 -0.09949 -3.14759e+00 | 38 -0.23375  1.78814e+00 | 39 -0.09482 -8.42646e+00
 40  0.04454 -1.36241e+00 | 41  0.01723  2.91793e+00 | 42  0.01128 -9.44673e-01
 43  0.13359 -1.27527e+01 | 44 -0.00066 -1.23031e+00 | 45 -0.07567 -2.25883e+00
 46 -0.08000 -2.47135e+00 | 47  0.06269 -8.01415e+00 | 48 -0.01525 -7.50789e-01
 49 -0.06714  4.17847e+00 | 50  0.08026  2.08659e-01 | 51  0.04784 -4.01940e-01
 52 -0.07342  2.32695e+00 | 53 -0.02991  9.76519e-01 | 54 -0.04985  1.02201e+00
 55 -0.08328  4.35397e+00 | 56  0.00685  4.29330e+00 | 57  0.04030  2.29477e+00
 58 -0.04427  5.22992e+00 | 59  0.12689  5.90618e+00 | 60 -0.05672  5.06329e+00
 61  0.09392  4.52905e+00 | 62  0.08981  5.75647e+00 | 63  0.01943  3.59502e+00
 64  0.14176  5.56685e+00 | 65 -0.04942  6.12831e+00 | 66 -0.01538  4.72530e+00
 67 -0.55542 -1.83334e+00 | 68  0.06043 -5.31862e+00 | 69  0.65671  1.47922e+00
 70 -0.44281 -4.10466e-03 | 71  0.41214  5.57004e+01 | 72 -0.11462  6.52687e-02
 73  0.15542 -2.62074e+00 | 74 -0.48205  8.89200e+00 | 75  0.37706 -1.20092e-03
 76 -0.15090 -2.45116e+00 | 77  0.64437 -2.64475e-03 |
77 variables; iteration 80; function evaluation 99; phase 6
Function value 1.7075706e+02; maximum gradient component mag -2.9654e+01
Var    Value     Gradient |Var    Value     Gradient |Var    Value     Gradient
  1 -0.18119  2.94220e+00 |  2  0.26008 -6.91947e-01 |  3  0.08930 -7.93801e+00
  4 -0.55077 -2.96543e+01 |  5 -0.50402 -2.37922e+01 |  6 -0.23716 -8.62080e+00
  7 -0.03862  4.52530e+00 |  8  0.00015  1.20068e-01 |  9  0.00058  1.37734e-01
 10 -0.00092 -4.21370e-02 | 11 -0.00160 -8.96270e-02 | 12 -0.00262 -1.61081e-01
 13 -0.00297 -9.74858e-02 | 14 -0.00377 -4.30538e-02 | 15 -0.00555 -4.54534e-02
 16 -0.00771  1.10556e-02 | 17 -0.01245 -1.52685e-01 | 18 -0.01706 -1.26794e-01
 19 -0.02207  5.72013e-02 | 20 -0.03023 -6.94908e-02 | 21 -0.03752  2.26373e-02
 22 -0.04327  1.30634e-01 | 23 -0.04696 -2.96479e-01 | 24 -0.03757  1.56046e-01
 25 -0.02543  6.38523e-02 | 26 -0.01767 -1.48800e-01 | 27  0.00370 -2.78578e-01
 28  0.12717  5.20013e-01 | 29  0.07443  1.03456e+00 | 30  0.06575  1.26695e+00
 31 -0.09085  6.66401e-01 | 32 -0.12420  4.34577e-01 | 33  0.10485  5.08428e-01
 34 -0.10248  2.34934e-01 | 35  0.11342 -4.85154e-01 | 36 -0.01836  4.18328e-01
 37 -0.09622  9.59383e-01 | 38 -0.23394  5.45758e-01 | 39 -0.09025  1.13796e+00
 40  0.04334 -6.96136e-01 | 41  0.01611 -7.35404e-01 | 42  0.01134 -4.10544e-01
 43  0.13370 -2.07334e+00 | 44 -0.00178 -5.46092e-01 | 45 -0.07425  1.68745e-01
 46 -0.07824  2.68539e-01 | 47  0.06232 -1.19492e+00 | 48 -0.01471 -4.13078e-01
 49 -0.06905 -3.11882e-01 | 50  0.07986 -1.93056e+00 | 51  0.04764 -1.01175e+00
 52 -0.07366  5.19360e-02 | 53 -0.02985 -1.61146e-01 | 54 -0.04950 -3.55171e-03
 55 -0.08398 -6.42073e-02 | 56  0.00617 -7.43732e-01 | 57  0.04032 -6.64624e-01
 58 -0.04505  2.49129e-03 | 59  0.12634 -1.16200e+00 | 60 -0.05740  3.29612e-01
 61  0.09391  1.99883e-01 | 62  0.08939  5.32205e-01 | 63  0.02006  7.45895e-01
 64  0.14139  4.18686e-01 | 65 -0.05203  5.05905e-01 | 66 -0.01412  4.62169e-01
 67 -0.61865  6.32506e-01 | 68  0.00850 -1.91591e-01 | 69  0.65442  1.13060e+01
 70 -0.25532  5.94755e-01 | 71  0.41231  1.93167e+01 | 72 -0.39858 -2.19325e-03
 73  0.14789 -5.79514e-01 | 74 -0.48188  2.61186e-01 | 75  0.38004 -9.89649e-05
 76 -0.15168 -3.66284e-01 | 77  0.64986 -1.65553e-04 |
77 variables; iteration 100; function evaluation 126; phase 6
Function value 1.7045068e+02; maximum gradient component mag 4.9769e+01
Var    Value     Gradient |Var    Value     Gradient |Var    Value     Gradient
  1 -0.14772 -8.58363e+00 |  2  0.26031  3.58797e+00 |  3  0.04744  1.57810e+01
  4 -0.52656  4.97690e+01 |  5 -0.51433  3.76201e+01 |  6 -0.22089  2.74201e+01
  7 -0.03817  1.71054e+01 |  8 -0.00442 -5.28956e-01 |  9  0.00117  2.14175e-01
 10 -0.00040  2.31705e-02 | 11 -0.00107 -2.56816e-02 | 12 -0.00147 -1.42283e-02
 13 -0.00596 -5.45196e-01 | 14 -0.00062  3.71978e-01 | 15 -0.00748 -3.73684e-01
 16 -0.00707  3.67900e-02 | 17 -0.01034  7.09520e-02 | 18 -0.01464  1.25689e-01
 19 -0.02055  1.47352e-01 | 20 -0.02809  1.16633e-01 | 21 -0.03667 -1.00286e-03
 22 -0.04408 -1.41810e-01 | 23 -0.04497  6.47814e-02 | 24 -0.03817  1.76799e-01
 25 -0.02638  2.55343e-01 | 26 -0.01876  4.66461e-01 | 27  0.00313  9.91864e-01
 28  0.12865  4.86468e+00 | 29  0.07040  1.75953e+00 | 30  0.07039  2.49013e+00
 31 -0.09050 -1.26089e+00 | 32 -0.12354 -1.34222e+00 | 33  0.10427  2.23548e+00
 34 -0.10132 -1.34776e+00 | 35  0.11334  4.54704e+00 | 36 -0.01671  2.82493e-01
 37 -0.09467 -6.23808e-01 | 38 -0.23295 -1.42792e+00 | 39 -0.09046 -7.22545e-01
 40  0.04254  1.08561e+00 | 41  0.01606  4.15189e-01 | 42  0.01115  8.22117e-01
 43  0.13337  4.62715e+00 | 44 -0.00213 -2.16400e-01 | 45 -0.07372 -6.79948e-01
 46 -0.07884 -7.66881e-01 | 47  0.06167  1.95764e+00 | 48 -0.01477 -3.18206e-02
 49 -0.06877 -4.28198e-01 | 50  0.07911  1.04552e+00 | 51  0.04732  1.30990e-01
 52 -0.07374 -1.37112e+00 | 53 -0.03015 -1.31150e+00 | 54 -0.04969 -9.09326e-01
 55 -0.08449 -1.19962e+00 | 56  0.00548 -5.46464e-01 | 57  0.03981 -3.18411e-01
 58 -0.04554 -1.55585e+00 | 59  0.12561 -6.23842e-01 | 60 -0.05696 -1.58923e+00
 61  0.09313 -1.86421e+00 | 62  0.08894 -1.65499e+00 | 63  0.01985 -1.76897e+00
 64  0.14081 -1.77246e+00 | 65 -0.05280 -2.08237e+00 | 66 -0.01256 -1.70732e+00
 67 -0.62748  2.18319e+00 | 68 -0.02952  2.97939e+00 | 69  0.62273  1.28785e+01
 70 -0.20403  1.34739e+00 | 71  0.40961 -1.26932e+01 | 72 -1.35746  4.99413e-03
 73  0.14682  9.14262e-01 | 74 -0.48035 -5.52239e+00 | 75  0.39571  9.44386e-04
 76 -0.15057  3.72227e+00 | 77  0.67586  2.12030e-03 |
77 variables; iteration 120; function evaluation 166; phase 6
Function value 1.7030593e+02; maximum gradient component mag -3.1109e+00
Var    Value     Gradient |Var    Value     Gradient |Var    Value     Gradient
  1 -0.15887  4.60382e-01 |  2  0.26019 -3.56928e-01 |  3  0.05374 -9.52536e-02
  4 -0.52905 -7.19637e-01 |  5 -0.51367 -5.56116e-01 |  6 -0.22585 -2.35813e+00
  7 -0.03913  1.42510e+00 |  8 -0.00004  8.35321e-02 |  9 -0.00007  4.14440e-02
 10 -0.00067 -1.48014e-02 | 11 -0.00107 -2.64295e-02 | 12 -0.00178 -5.87613e-02
 13 -0.00215 -6.56226e-03 | 14 -0.00366 -6.44808e-02 | 15 -0.00478  1.15272e-02
 16 -0.00745 -2.69237e-02 | 17 -0.01091 -2.79884e-02 | 18 -0.01519  2.00648e-02
 19 -0.02114  2.11497e-02 | 20 -0.02819  5.23438e-02 | 21 -0.03602  4.39480e-02
 22 -0.04311 -6.36134e-02 | 23 -0.04483 -5.34865e-02 | 24 -0.03795 -5.94134e-03
 25 -0.02577 -3.05554e-02 | 26 -0.01723  1.19488e-02 | 27  0.00449 -1.14117e-01
 28  0.12210 -6.40033e-01 | 29  0.07671 -1.65583e-01 | 30  0.06740 -4.42248e-01
 31 -0.08857 -1.24315e-02 | 32 -0.12335  9.69562e-02 | 33  0.10423 -4.84972e-01
 34 -0.10078  6.22988e-02 | 35  0.11305 -8.32555e-01 | 36 -0.01678 -7.79443e-02
 37 -0.09498  5.81949e-02 | 38 -0.23279  2.34341e-01 | 39 -0.09064  1.72432e-01
 40  0.04252 -4.37457e-02 | 41  0.01620  1.79696e-02 | 42  0.01107  1.26242e-02
 43  0.13327 -2.35205e-01 | 44 -0.00178  9.05237e-02 | 45 -0.07390  1.46725e-01
 46 -0.07873  1.42284e-01 | 47  0.06152  6.89587e-03 | 48 -0.01457  9.20782e-02
 49 -0.06897  9.14671e-02 | 50  0.07913 -1.23784e-01 | 51  0.04736  2.68445e-02
 52 -0.07362  1.68525e-01 | 53 -0.03008  1.61941e-01 | 54 -0.04975  1.49977e-01
 55 -0.08442  1.40672e-01 | 56  0.00545  2.76953e-02 | 57  0.03988  1.74399e-02
 58 -0.04534  1.88798e-01 | 59  0.12570  3.54456e-03 | 60 -0.05690  1.39175e-01
 61  0.09311  9.80959e-02 | 62  0.08886  9.53076e-02 | 63  0.01987  1.54234e-01
 64  0.14098  1.51436e-01 | 65 -0.05220  1.59934e-01 | 66 -0.01261  2.29189e-01
 67 -0.62580  5.29810e-01 | 68 -0.01705 -5.22921e-01 | 69  0.61060 -2.89771e+00
 70 -0.22289 -3.11094e+00 | 71  0.40805  4.71750e-01 | 72 -1.49552 -1.23225e-01
 73  0.15371  3.59085e-01 | 74 -0.48086  9.87206e-01 | 75  0.40665  9.77993e-04
 76 -0.15102 -6.46366e-01 | 77  0.67118  1.31325e-03 |
77 variables; iteration 140; function evaluation 186; phase 6
Function value 1.7028589e+02; maximum gradient component mag -2.4515e+00
Var    Value     Gradient |Var    Value     Gradient |Var    Value     Gradient
  1 -0.15352  3.49115e-01 |  2  0.26021 -1.71351e-01 |  3  0.04972 -7.96614e-01
  4 -0.52644 -2.45150e+00 |  5 -0.51486 -1.93086e+00 |  6 -0.22314 -1.10065e+00
  7 -0.03906  1.20776e-02 |  8 -0.00073 -1.41052e-02 |  9 -0.00028  1.06585e-02
 10 -0.00057 -2.12965e-03 | 11 -0.00085  1.93302e-03 | 12 -0.00140 -7.91024e-03
 13 -0.00223 -2.19949e-02 | 14 -0.00311  8.21457e-03 | 15 -0.00490 -1.13891e-02
 16 -0.00719  1.39677e-03 | 17 -0.01067 -5.87267e-03 | 18 -0.01521 -8.64081e-04
 19 -0.02109  3.84381e-03 | 20 -0.02831  2.33426e-03 | 21 -0.03609  2.03866e-03
 22 -0.04268 -7.84834e-03 | 23 -0.04454 -9.76359e-03 | 24 -0.03798 -1.00900e-03
 25 -0.02583 -8.13784e-03 | 26 -0.01790 -1.87592e-02 | 27  0.00410 -2.71638e-02
 28  0.12261 -1.26555e-01 | 29  0.07594 -3.43140e-02 | 30  0.06818 -5.07196e-02
 31 -0.08853  2.81875e-02 | 32 -0.12329  2.31226e-02 | 33  0.10419 -1.81144e-01
 34 -0.10063  7.26494e-03 | 35  0.11309 -1.94591e-01 | 36 -0.01655 -9.36405e-03
 37 -0.09474  2.25433e-02 | 38 -0.23282  5.41209e-02 | 39 -0.09065  1.94622e-02
 40  0.04242 -1.06328e-01 | 41  0.01619 -4.20972e-02 | 42  0.01104 -2.09736e-02
 43  0.13325 -1.53414e-01 | 44 -0.00181 -1.24323e-02 | 45 -0.07385  2.38099e-02
 46 -0.07878  2.92210e-02 | 47  0.06143 -3.34890e-02 | 48 -0.01455  2.89897e-02
 49 -0.06898  3.93585e-02 | 50  0.07907 -2.36413e-02 | 51  0.04733  3.08746e-02
 52 -0.07363  5.65650e-02 | 53 -0.03011  4.27905e-02 | 54 -0.04978  4.66729e-02
 55 -0.08449  4.42379e-02 | 56  0.00537 -3.26954e-03 | 57  0.03982  1.49511e-04
 58 -0.04541  4.23913e-02 | 59  0.12561 -2.57825e-02 | 60 -0.05684  6.15331e-02
 61  0.09301  4.33844e-02 | 62  0.08879  6.37910e-02 | 63  0.01987  6.89670e-02
 64  0.14091  5.46739e-02 | 65 -0.05220  7.03953e-02 | 66 -0.01284  8.08404e-02
 67 -0.62704  2.72869e-03 | 68 -0.02381 -1.48395e-01 | 69  0.60568  1.39820e-01
 70 -0.21673  2.45550e-01 | 71  0.40752  1.41139e+00 | 72 -1.15868  3.08065e-04
 73  0.15145 -5.85318e-02 | 74 -0.48065  2.80165e-01 | 75  0.52119  3.02185e-03
 76 -0.15087 -1.58177e-01 | 77  0.64845  4.93794e-04 |

 - final statistics:
77 variables; iteration 152; function evaluation 198
Function value 1.7029e+02; maximum gradient component mag 8.9367e-05
Exit code = 1;  converg criter 1.0000e-04
Var    Value     Gradient |Var    Value     Gradient |Var    Value     Gradient
  1 -0.15363  4.83703e-06 |  2  0.26021  4.35816e-06 |  3  0.04917 -1.79682e-07
  4 -0.52607  6.94242e-07 |  5 -0.51503  4.04550e-06 |  6 -0.22320 -1.58770e-05
  7 -0.03912 -1.71473e-05 |  8 -0.00063  2.92216e-06 |  9 -0.00036 -1.01153e-06
 10 -0.00056 -2.01275e-07 | 11 -0.00087 -5.88205e-07 | 12 -0.00134  6.32588e-07
 13 -0.00208  3.15917e-06 | 14 -0.00317 -2.47891e-06 | 15 -0.00481  1.28713e-06
 16 -0.00719 -1.00511e-06 | 17 -0.01063  1.34997e-06 | 18 -0.01519  2.12100e-07
 19 -0.02111 -5.05293e-08 | 20 -0.02831  8.28807e-07 | 21 -0.03609 -8.09460e-07
 22 -0.04263 -1.54082e-06 | 23 -0.04450  2.78301e-08 | 24 -0.03800 -1.55866e-06
 25 -0.02583 -1.47346e-06 | 26 -0.01791  1.45977e-06 | 27  0.00401 -6.56906e-07
 28  0.12269 -1.32498e-05 | 29  0.07579 -1.54518e-05 | 30  0.06826 -1.00383e-05
 31 -0.08851 -7.73476e-06 | 32 -0.12328 -5.99557e-06 | 33  0.10418 -2.73026e-05
 34 -0.10060 -4.44679e-06 | 35  0.11308 -4.50080e-06 | 36 -0.01653 -2.89993e-06
 37 -0.09472 -4.84050e-06 | 38 -0.23281  5.36036e-07 | 39 -0.09065 -2.47333e-06
 40  0.04241 -1.91225e-06 | 41  0.01619  7.11479e-07 | 42  0.01104  4.06840e-06
 43  0.13324  1.56051e-05 | 44 -0.00181  2.06700e-06 | 45 -0.07384  1.46161e-06
 46 -0.07878  3.15646e-06 | 47  0.06142  1.61662e-05 | 48 -0.01455  5.85822e-06
 49 -0.06897  4.60616e-06 | 50  0.07906  9.02646e-06 | 51  0.04733  3.69990e-06
 52 -0.07362  2.39827e-08 | 53 -0.03011 -4.93154e-07 | 54 -0.04978  4.38975e-07
 55 -0.08449  1.11242e-06 | 56  0.00536  7.72435e-06 | 57  0.03982  7.80886e-06
 58 -0.04541  3.81659e-06 | 59  0.12561  5.30514e-06 | 60 -0.05683 -1.08729e-07
 61  0.09300 -1.28407e-06 | 62  0.08879  4.51449e-07 | 63  0.01987  2.15111e-07
 64  0.14091  1.07507e-07 | 65 -0.05220 -1.76914e-06 | 66 -0.01290  1.53879e-06
 67 -0.62690 -6.01015e-07 | 68 -0.02358 -4.49533e-06 | 69  0.60538  8.93672e-05
 70 -0.21633  6.66275e-05 | 71  0.40750  3.76637e-05 | 72 -1.15874  2.30168e-07
 73  0.15143  3.60461e-07 | 74 -0.48065 -1.29663e-05 | 75  0.38324 -5.81423e-08
 76 -0.15088  1.12843e-05 | 77  0.65622 -4.77307e-08 |
Estimating row 1 out of 77 for hessian
Estimating row 2 out of 77 for hessian
Estimating row 3 out of 77 for hessian
Estimating row 4 out of 77 for hessian
Estimating row 5 out of 77 for hessian
Estimating row 6 out of 77 for hessian
Estimating row 7 out of 77 for hessian
Estimating row 8 out of 77 for hessian
Estimating row 9 out of 77 for hessian
Estimating row 10 out of 77 for hessian
Estimating row 11 out of 77 for hessian
Estimating row 12 out of 77 for hessian
Estimating row 13 out of 77 for hessian
Estimating row 14 out of 77 for hessian
Estimating row 15 out of 77 for hessian
Estimating row 16 out of 77 for hessian
Estimating row 17 out of 77 for hessian
Estimating row 18 out of 77 for hessian
Estimating row 19 out of 77 for hessian
Estimating row 20 out of 77 for hessian
Estimating row 21 out of 77 for hessian
Estimating row 22 out of 77 for hessian
Estimating row 23 out of 77 for hessian
Estimating row 24 out of 77 for hessian
Estimating row 25 out of 77 for hessian
Estimating row 26 out of 77 for hessian
Estimating row 27 out of 77 for hessian
Estimating row 28 out of 77 for hessian
Estimating row 29 out of 77 for hessian
Estimating row 30 out of 77 for hessian
Estimating row 31 out of 77 for hessian
Estimating row 32 out of 77 for hessian
Estimating row 33 out of 77 for hessian
Estimating row 34 out of 77 for hessian
Estimating row 35 out of 77 for hessian
Estimating row 36 out of 77 for hessian
Estimating row 37 out of 77 for hessian
Estimating row 38 out of 77 for hessian
Estimating row 39 out of 77 for hessian
Estimating row 40 out of 77 for hessian
Estimating row 41 out of 77 for hessian
Estimating row 42 out of 77 for hessian
Estimating row 43 out of 77 for hessian
Estimating row 44 out of 77 for hessian
Estimating row 45 out of 77 for hessian
Estimating row 46 out of 77 for hessian
Estimating row 47 out of 77 for hessian
Estimating row 48 out of 77 for hessian
Estimating row 49 out of 77 for hessian
Estimating row 50 out of 77 for hessian
Estimating row 51 out of 77 for hessian
Estimating row 52 out of 77 for hessian
Estimating row 53 out of 77 for hessian
Estimating row 54 out of 77 for hessian
Estimating row 55 out of 77 for hessian
Estimating row 56 out of 77 for hessian
Estimating row 57 out of 77 for hessian
Estimating row 58 out of 77 for hessian
Estimating row 59 out of 77 for hessian
Estimating row 60 out of 77 for hessian
Estimating row 61 out of 77 for hessian
Estimating row 62 out of 77 for hessian
Estimating row 63 out of 77 for hessian
Estimating row 64 out of 77 for hessian
Estimating row 65 out of 77 for hessian
Estimating row 66 out of 77 for hessian
Estimating row 67 out of 77 for hessian
Estimating row 68 out of 77 for hessian
Estimating row 69 out of 77 for hessian
Estimating row 70 out of 77 for hessian
Estimating row 71 out of 77 for hessian
Estimating row 72 out of 77 for hessian
Estimating row 73 out of 77 for hessian
Estimating row 74 out of 77 for hessian
Estimating row 75 out of 77 for hessian
Estimating row 76 out of 77 for hessian
Estimating row 77 out of 77 for hessian
size of file gradfil1.tmp = 0
size of file gradfil2.tmp = 0
size of file varssave.tmp = 0
size of file cmpdiff.tmp = 0
