
Initial statistics: 58 variables; iteration 0; function evaluation 0; phase 1
Function value 1.2983340e+03; maximum gradient component mag -3.5863e+04
Var    Value     Gradient |Var    Value     Gradient |Var    Value     Gradient
  1 -0.32528 -3.58632e+04 |  2 -0.03910 -2.21592e+03 |  3  0.00000 -8.49905e-01
  4  0.00000 -4.54087e-01 |  5  0.00000 -6.88485e-01 |  6  0.00000 -1.04201e+00
  7  0.00000 -1.57105e+00 |  8  0.00000 -2.34902e+00 |  9  0.00000 -3.49932e+00
 10  0.00000 -5.17065e+00 | 11  0.00000 -7.59308e+00 | 12  0.00000 -1.10628e+01
 13  0.00000 -1.59455e+01 | 14  0.00000 -2.26492e+01 | 15  0.00000 -3.18674e+01
 16  0.00000 -4.44549e+01 | 17  0.00000 -6.14491e+01 | 18  0.00000 -8.42145e+01
 19  0.00000 -1.14465e+02 | 20  0.00000 -1.54228e+02 | 21  0.00000 -2.07120e+02
 22  0.00000 -2.79645e+02 | 23  0.00000  1.84952e+03 | 24  0.00000  1.69674e+03
 25  0.00000  1.61053e+03 | 26  0.00000  1.65742e+03 | 27  0.00000  1.53465e+03
 28  0.00000  7.42009e+02 | 29  0.00000  9.37160e+02 | 30  0.00000  5.58877e+02
 31  0.00000  1.16667e+03 | 32  0.00000  1.69395e+03 | 33  0.00000  1.89057e+03
 34  0.00000  1.31151e+03 | 35  0.00000  3.79882e+02 | 36  0.00000 -5.27188e+01
 37  0.00000 -4.72076e+02 | 38  0.00000 -9.46316e+02 | 39  0.00000 -4.63883e+02
 40  0.00000  2.54811e+02 | 41  0.00000  3.67629e+02 | 42  0.00000 -1.15683e+01
 43  0.00000  7.17086e+01 | 44  0.00000  1.00932e+01 | 45  0.00000 -4.92911e+02
 46  0.00000 -2.86264e+02 | 47  0.00000  4.51189e+02 | 48  0.00000  5.35869e+02
 49  0.00000  4.85489e+02 | 50  0.00000  2.65929e+02 | 51  0.00000 -5.48764e+02
 52  0.00000 -1.18900e+03 | 53  0.00000 -1.46062e+03 | 54  0.00000 -2.16514e+03
 55  0.00000 -1.74598e+03 | 56  0.00000 -1.77621e+03 | 57  0.00000 -2.70915e+03
 58  0.00000 -5.15160e+03 |

Intermediate statistics: 58 variables; iteration 20; function evaluation 32; phase 1
Function value 2.4488609e+02; maximum gradient component mag 2.9312e+03
Var    Value     Gradient |Var    Value     Gradient |Var    Value     Gradient
  1 -0.30125  2.93122e+03 |  2 -0.01921  1.28189e+03 |  3 -0.00046  3.75879e-01
  4 -0.00025  2.01553e-01 |  5 -0.00038  3.06383e-01 |  6 -0.00058  4.65153e-01
  7 -0.00088  7.03812e-01 |  8 -0.00135  1.05855e+00 |  9 -0.00205  1.58295e+00
 10 -0.00308  2.35116e+00 | 11 -0.00457  3.45895e+00 | 12 -0.00669  5.04133e+00
 13 -0.00952  7.22949e+00 | 14 -0.01301  1.01598e+01 | 15 -0.01696  1.40655e+01
 16 -0.02054  1.91904e+01 | 17 -0.02226  2.58445e+01 | 18 -0.02006  3.44051e+01
 19 -0.01282  4.52672e+01 | 20 -0.00243  5.85961e+01 | 21  0.00882  7.42673e+01
 22  0.02391  9.22466e+01 | 23  0.08458  1.03797e+01 | 24  0.07728  5.07690e+01
 25  0.04049  6.76749e+01 | 26 -0.03580  5.30291e+01 | 27 -0.05471  8.13547e+01
 28  0.08341  3.08991e+02 | 29 -0.00439  2.22285e+02 | 30  0.08798  3.71516e+02
 31 -0.00044  1.67518e+02 | 32 -0.09533  9.08554e-01 | 33 -0.19435 -8.33520e+01
 34 -0.07127  3.92258e+01 | 35  0.04076  2.28557e+02 | 36  0.02954  2.03283e+02
 37  0.04359  2.02313e+02 | 38  0.10518  2.47100e+02 | 39  0.02825  1.94332e+02
 40 -0.04585  7.19736e+01 | 41 -0.05006  2.83014e+01 | 42  0.05673  1.53726e+02
 43 -0.00379  3.50645e+01 | 44 -0.04566 -4.38692e+01 | 45  0.07444  1.82375e+01
 46  0.05820 -4.61980e+01 | 47 -0.09800 -2.37698e+02 | 48 -0.03749 -2.76565e+02
 49 -0.05390 -3.30605e+02 | 50 -0.20048 -3.55617e+02 | 51  0.02493 -1.91890e+02
 52  0.04934 -1.24961e+02 | 53 -0.08849 -2.67380e+02 | 54  0.14010 -3.41420e+01
 55 -0.13334 -2.27255e+02 | 56  0.11217 -2.22641e+02 | 57  0.09879 -2.62817e+02
 58 -0.03295 -2.19786e+02 |
58 variables; iteration 40; function evaluation 56; phase 1
Function value 1.9183066e+02; maximum gradient component mag 9.8201e+02
Var    Value     Gradient |Var    Value     Gradient |Var    Value     Gradient
  1 -0.30925  9.82007e+02 |  2 -0.03548  3.18065e+02 |  3  0.00172  5.07476e-01
  4  0.00097  2.77405e-01 |  5  0.00142  4.14090e-01 |  6  0.00203  6.13666e-01
  7  0.00281  8.94731e-01 |  8  0.00365  1.27350e+00 |  9  0.00410  1.72288e+00
 10  0.00328  2.16752e+00 | 11 -0.00054  2.38131e+00 | 12 -0.00980  1.99808e+00
 13 -0.02645  5.93751e-01 | 14 -0.05042 -1.98544e+00 | 15 -0.07835 -5.24666e+00
 16 -0.09529 -6.58663e+00 | 17 -0.07660 -1.01957e+00 | 18 -0.03849  9.74566e+00
 19 -0.02141  1.53617e+01 | 20 -0.01253  1.79968e+01 | 21  0.02077  2.78478e+01
 22  0.05748  3.43337e+01 | 23  0.06161 -2.20527e+01 | 24  0.07383  1.14234e+01
 25  0.05367  7.02856e+01 | 26 -0.04591  6.80215e+01 | 27 -0.07110  8.02604e+01
 28  0.09263  1.61409e+02 | 29 -0.03055  1.01745e+02 | 30  0.09111  8.02314e+01
 31 -0.01241  5.08469e+01 | 32 -0.08293  4.92070e+01 | 33 -0.20849 -1.48676e+01
 34 -0.08049  3.65651e+00 | 35  0.02542 -1.42695e+01 | 36  0.03445  1.75975e+02
 37  0.04776  2.31084e+02 | 38  0.11928  2.55893e+02 | 39  0.01650  1.50881e+02
 40 -0.05091  9.97279e+01 | 41 -0.03726  6.82392e+01 | 42  0.02771 -8.17386e+01
 43  0.01358  6.73077e+01 | 44 -0.04729  2.05453e+01 | 45  0.07730 -5.31936e+01
 46  0.04310 -1.60505e+02 | 47 -0.12459 -1.49023e+02 | 48 -0.01356 -1.03751e+02
 49 -0.07887 -1.40739e+02 | 50 -0.05860 -4.50834e+01 | 51  0.00887 -9.85680e+01
 52  0.04081 -1.43208e+02 | 53 -0.06002 -1.27071e+02 | 54  0.13454 -1.22642e+02
 55 -0.18024 -1.10662e+02 | 56  0.12318 -9.42046e+01 | 57  0.11359 -1.03313e+02
 58 -0.01699 -7.11302e+01 |
58 variables; iteration 60; function evaluation 90; phase 1
Function value 1.6047213e+02; maximum gradient component mag -1.2553e+02
Var    Value     Gradient |Var    Value     Gradient |Var    Value     Gradient
  1 -0.32274 -1.25527e+02 |  2 -0.03902 -1.27354e+01 |  3  0.00233  4.97995e-01
  4 -0.00455 -5.46971e-01 |  5 -0.00036  8.75171e-02 |  6  0.00454  8.50207e-01
  7  0.00403  8.90817e-01 |  8 -0.00645 -4.39441e-01 |  9 -0.01975 -2.12926e+00
 10  0.00229  1.43113e+00 | 11 -0.00076  1.50431e+00 | 12 -0.01565 -6.68634e-02
 13 -0.01592  8.41455e-01 | 14 -0.03534 -1.20876e+00 | 15 -0.04101 -8.41745e-01
 16 -0.03960  8.81354e-01 | 17 -0.05211 -3.73058e-01 | 18 -0.05859 -1.53209e+00
 19 -0.04487 -4.78423e-01 | 20 -0.03191 -7.72821e-01 | 21 -0.03015 -2.50889e+00
 22 -0.00602 -2.47410e+00 | 23  0.11976  5.49973e+00 | 24  0.07393  7.19869e+00
 25  0.05493  5.32002e+00 | 26 -0.08361  8.32798e+00 | 27 -0.12311  1.16441e+01
 28  0.10537  1.14382e+01 | 29 -0.08607  2.52630e+01 | 30  0.11373  1.71461e+01
 31 -0.01528  1.19643e+01 | 32 -0.10132  6.65069e+00 | 33 -0.23070  1.06179e+01
 34 -0.08463  1.24617e+01 | 35  0.05226  1.36548e+01 | 36  0.01928  1.96007e-01
 37  0.01834  7.89232e+00 | 38  0.13859  8.82691e+00 | 39  0.00310  1.10610e+01
 40 -0.07294  3.62470e+00 | 41 -0.07997 -1.47497e-01 | 42  0.07094  3.45779e+00
 43 -0.01259 -2.80817e+00 | 44 -0.06742 -1.91813e+00 | 45  0.08717 -2.14833e+00
 46  0.05196 -2.26917e+00 | 47 -0.07384 -4.27239e+00 | 48 -0.02366 -2.82681e+00
 49 -0.04469 -7.17549e+00 | 50 -0.08009 -8.30567e+00 | 51  0.01545 -1.09376e+01
 52  0.04893 -1.83549e+01 | 53 -0.04823 -2.31769e+01 | 54  0.13816 -2.97866e+01
 55 -0.15537 -2.95268e+01 | 56  0.12053 -2.99114e+01 | 57  0.12863 -1.66062e+01
 58  0.01955  1.44483e+01 |
Maximum number of function evaluations exceeded

 - final statistics:
58 variables; iteration 67; function evaluation 100
Function value 1.6013e+02; maximum gradient component mag -1.5679e+02
Exit code = 3;  converg criter 1.0000e+01
Var    Value     Gradient |Var    Value     Gradient |Var    Value     Gradient
  1 -0.32448 -1.56791e+02 |  2 -0.03867 -2.97495e+00 |  3 -0.00178 -7.89259e-02
  4 -0.00294 -3.19957e-01 |  5 -0.00716 -8.66521e-01 |  6  0.00482  8.92385e-01
  7 -0.00332 -1.50258e-01 |  8 -0.00168  2.46967e-01 |  9 -0.00445  8.65474e-02
 10 -0.00535  3.07967e-01 | 11 -0.01695 -9.34886e-01 | 12 -0.01435  1.51539e-01
 13 -0.02226 -1.68769e-01 | 14 -0.02619  3.71432e-01 | 15 -0.03427  4.07489e-01
 16 -0.04857 -7.28520e-01 | 17 -0.05234 -3.01226e-01 | 18 -0.05010  2.99739e-01
 19 -0.04552 -2.37877e-01 | 20 -0.03221 -1.84667e-01 | 21 -0.01855  2.12474e-01
 22  0.00065 -5.82537e-01 | 23  0.12053  1.16113e+01 | 24  0.07208  1.21976e+01
 25  0.05935  1.16732e+01 | 26 -0.08528  9.77617e+00 | 27 -0.12878  7.76022e+00
 28  0.10791  8.01436e+00 | 29 -0.10364  9.46629e+00 | 30  0.11602  5.18723e+00
 31 -0.01677  7.31431e+00 | 32 -0.09724  9.38647e+00 | 33 -0.23681  7.59084e+00
 34 -0.08626  4.20551e+00 | 35  0.05200  4.48028e+00 | 36  0.02309  7.10237e+00
 37  0.01580  5.68650e+00 | 38  0.14101  6.85276e+00 | 39 -0.00134  8.39679e-01
 40 -0.07195  2.96127e+00 | 41 -0.07668  3.63861e+00 | 42  0.07066  4.19844e+00
 43 -0.01004  3.36976e+00 | 44 -0.06772  8.93578e-01 | 45  0.08803  9.61873e-02
 46  0.05243 -2.59532e+00 | 47 -0.07334 -4.18504e+00 | 48 -0.02383 -5.94144e+00
 49 -0.04376 -8.49759e+00 | 50 -0.08083 -1.14631e+01 | 51  0.01575 -1.40996e+01
 52  0.04981 -1.55098e+01 | 53 -0.04761 -1.95969e+01 | 54  0.13895 -1.91113e+01
 55 -0.14939 -2.52332e+01 | 56  0.12045 -2.55819e+01 | 57  0.13022 -1.29223e+01
 58  0.02375  1.73905e+01 |

Initial statistics: 63 variables; iteration 0; function evaluation 0; phase 2
Function value 1.6013077e+02; maximum gradient component mag 9.9147e+02
Var    Value     Gradient |Var    Value     Gradient |Var    Value     Gradient
  1 -0.38041 -4.27139e+01 |  2  0.29696 -1.71930e+02 |  3  0.11318  2.87566e+02
  4 -0.56978  9.91468e+02 |  5 -0.49467  8.54827e+02 |  6 -0.32448 -1.56791e+02
  7 -0.03867 -2.97495e+00 |  8 -0.00178 -7.89259e-02 |  9 -0.00294 -3.19957e-01
 10 -0.00716 -8.66521e-01 | 11  0.00482  8.92385e-01 | 12 -0.00332 -1.50258e-01
 13 -0.00168  2.46967e-01 | 14 -0.00445  8.65474e-02 | 15 -0.00535  3.07967e-01
 16 -0.01695 -9.34886e-01 | 17 -0.01435  1.51539e-01 | 18 -0.02226 -1.68769e-01
 19 -0.02619  3.71432e-01 | 20 -0.03427  4.07489e-01 | 21 -0.04857 -7.28520e-01
 22 -0.05234 -3.01226e-01 | 23 -0.05010  2.99739e-01 | 24 -0.04552 -2.37877e-01
 25 -0.03221 -1.84667e-01 | 26 -0.01855  2.12474e-01 | 27  0.00065 -5.82537e-01
 28  0.12053  1.17015e+01 | 29  0.07208  1.22889e+01 | 30  0.05935  1.17646e+01
 31 -0.08527  9.86721e+00 | 32 -0.12878  7.85020e+00 | 33  0.10792  8.10488e+00
 34 -0.10364  9.55693e+00 | 35  0.11602  5.27755e+00 | 36 -0.01677  7.40613e+00
 37 -0.09724  9.47725e+00 | 38 -0.23681  7.67643e+00 | 39 -0.08626  4.29652e+00
 40  0.05200  4.57182e+00 | 41  0.02309  7.19416e+00 | 42  0.01581  5.77833e+00
 43  0.14101  6.94236e+00 | 44 -0.00134  9.31529e-01 | 45 -0.07195  3.05253e+00
 46 -0.07668  3.72980e+00 | 47  0.07066  4.28972e+00 | 48 -0.01004  3.46160e+00
 49 -0.06771  9.84909e-01 | 50  0.08803  1.87161e-01 | 51  0.05244 -2.50378e+00
 52 -0.07334 -4.09380e+00 | 53 -0.02382 -5.84966e+00 | 54 -0.04376 -8.40596e+00
 55 -0.08083 -1.13720e+01 | 56  0.01575 -1.40078e+01 | 57  0.04982 -1.54182e+01
 58 -0.04761 -1.95053e+01 | 59  0.13896 -1.90217e+01 | 60 -0.14939 -2.51439e+01
 61  0.12045 -2.54916e+01 | 62  0.13022 -1.28323e+01 | 63  0.02375  1.74823e+01

Intermediate statistics: 63 variables; iteration 20; function evaluation 27; phase 2
Function value 1.4695471e+02; maximum gradient component mag -1.3538e+02
Var    Value     Gradient |Var    Value     Gradient |Var    Value     Gradient
  1 -0.24111  2.82931e+01 |  2  0.34677 -1.06649e+02 |  3  0.13438 -2.72437e+01
  4 -0.56513 -7.83631e+01 |  5 -0.50677 -4.31135e+01 |  6 -0.29061 -1.20961e+02
  7 -0.04179 -1.35377e+02 |  8 -0.00115 -5.61734e-02 |  9 -0.00107 -9.09822e-02
 10 -0.00223 -2.21326e-01 | 11  0.00008  1.53527e-01 | 12 -0.00223 -9.53635e-02
 13 -0.00266 -3.84410e-02 | 14 -0.00442 -1.12330e-01 | 15 -0.00633 -1.22687e-01
 16 -0.01107 -4.33255e-01 | 17 -0.01402 -3.18734e-01 | 18 -0.02003 -4.81093e-01
 19 -0.02649 -5.22333e-01 | 20 -0.03457 -6.54923e-01 | 21 -0.04343 -9.11929e-01
 22 -0.04945 -1.00125e+00 | 23 -0.05041 -1.13786e+00 | 24 -0.04390 -1.50440e+00
 25 -0.03181 -1.92344e+00 | 26 -0.02108 -2.05848e+00 | 27  0.00204 -2.47046e+00
 28  0.12187 -6.06523e-01 | 29  0.07445  3.60680e+00 | 30  0.06161  7.21653e+00
 31 -0.09132  1.04925e+01 | 32 -0.12876  1.25658e+01 | 33  0.10711  4.25898e+01
 34 -0.11723  1.47165e+01 | 35  0.12106  6.97613e+01 | 36 -0.02007  2.25888e+01
 37 -0.08653  2.53627e+01 | 38 -0.23315  1.00498e+01 | 39 -0.09258 -6.15505e+00
 40  0.04880 -2.34379e+01 | 41  0.02043 -1.60506e+01 | 42  0.01433 -1.79938e+01
 43  0.13821 -6.11020e+01 | 44  0.00320 -1.44174e+01 | 45 -0.07041 -3.10979e+00
 46 -0.07383 -1.92904e+00 | 47  0.06648 -2.86616e+01 | 48 -0.00957 -8.03257e+00
 49 -0.06529  3.09340e+00 | 50  0.08698  2.83885e+00 | 51  0.05371 -4.96221e+00
 52 -0.07066 -4.83933e+00 | 53 -0.02777 -2.26108e+01 | 54 -0.04699 -2.23309e+01
 55 -0.08228 -1.47487e+01 | 56  0.00906 -1.06115e+01 | 57  0.05018  4.17080e+01
 58 -0.04421  2.38802e+01 | 59  0.13513  1.10839e+02 | 60 -0.08643  1.18964e+01
 61  0.10573 -4.89113e+00 | 62  0.13496  3.52821e-01 | 63 -0.00380  1.31515e+01
63 variables; iteration 40; function evaluation 51; phase 2
Function value 1.4345178e+02; maximum gradient component mag -3.1503e+01
Var    Value     Gradient |Var    Value     Gradient |Var    Value     Gradient
  1 -0.22455  3.81667e+00 |  2  0.38800 -3.15028e+01 |  3  0.12422  2.13247e+00
  4 -0.55826  1.09540e+01 |  5 -0.51284  1.74667e+01 |  6 -0.28651 -2.41138e+01
  7 -0.03800 -3.08512e+01 |  8 -0.00133 -8.03009e-02 |  9 -0.00088 -6.37200e-02
 10 -0.00152 -1.19703e-01 | 11 -0.00117 -2.00689e-02 | 12 -0.00243 -1.18751e-01
 13 -0.00347 -1.45820e-01 | 14 -0.00515 -2.03540e-01 | 15 -0.00749 -2.68521e-01
 16 -0.01000 -2.36764e-01 | 17 -0.01460 -3.45502e-01 | 18 -0.01937 -2.77247e-01
 19 -0.02602 -2.88691e-01 | 20 -0.03318 -1.70109e-01 | 21 -0.03993  1.02071e-01
 22 -0.04527  3.82862e-01 | 23 -0.04326  1.18567e+00 | 24 -0.02960  2.63885e+00
 25 -0.01262  3.19650e+00 | 26 -0.01756 -2.91388e-01 | 27 -0.03778 -6.80177e+00
 28  0.11848 -4.09746e+00 | 29  0.08468  1.54122e+00 | 30  0.05701  5.54262e+00
 31 -0.08425  6.69132e+00 | 32 -0.12988  2.83777e+00 | 33  0.10553  1.06072e+01
 34 -0.12239 -2.99880e-01 | 35  0.11969  1.70475e+01 | 36 -0.02202  3.17638e+00
 37 -0.08171  1.46108e+01 | 38 -0.24576 -5.13610e+00 | 39 -0.09111 -7.16331e+00
 40  0.04962 -4.77620e+00 | 41  0.01868 -7.24959e+00 | 42  0.01744 -1.70833e+00
 43  0.13881 -1.20188e+01 | 44  0.00216 -4.56144e+00 | 45 -0.06563  1.69475e+00
 46 -0.07834 -4.97464e+00 | 47  0.06767 -8.20026e+00 | 48 -0.00977 -4.36233e+00
 49 -0.06424 -6.76237e-01 | 50  0.08455 -6.31658e-01 | 51  0.05667  3.07480e+00
 52 -0.08155 -1.80165e+01 | 53 -0.01960  4.44434e+00 | 54 -0.04759 -6.77652e+00
 55 -0.07785  3.25035e-01 | 56  0.00975 -2.96396e+00 | 57  0.04596  6.12625e+00
 58 -0.03813  1.43846e+01 | 59  0.12837  2.50061e+01 | 60 -0.08030  3.56013e+00
 61  0.11106  3.42615e+00 | 62  0.13205 -6.07823e+00 | 63 -0.01070  2.16194e+00

 - final statistics:
63 variables; iteration 47; function evaluation 60
Function value 1.4261e+02; maximum gradient component mag -5.8586e+00
Exit code = 1;  converg criter 1.0000e+01
Var    Value     Gradient |Var    Value     Gradient |Var    Value     Gradient
  1 -0.21876  7.96011e-01 |  2  0.40491 -5.85862e+00 |  3  0.11740 -5.59526e-01
  4 -0.55359  2.04448e-01 |  5 -0.51699  3.28309e+00 |  6 -0.28315 -4.92719e-01
  7 -0.03687 -3.40553e+00 |  8 -0.00204 -1.79683e-01 |  9 -0.00211 -2.34243e-01
 10 -0.00456 -5.44954e-01 | 11  0.00113  3.05431e-01 | 12 -0.00361 -2.82808e-01
 13 -0.00383 -1.91946e-01 | 14 -0.00655 -3.96805e-01 | 15 -0.00914 -4.96992e-01
 16 -0.01522 -9.93102e-01 | 17 -0.01860 -9.25979e-01 | 18 -0.02351 -8.89373e-01
 19 -0.02885 -6.95301e-01 | 20 -0.03341 -1.32173e-01 | 21 -0.03890  3.71058e-01
 22 -0.04878 -2.48110e-01 | 23 -0.06000 -2.09001e+00 | 24 -0.05797 -2.83991e+00
 25 -0.01452  2.79936e+00 | 26 -0.02705 -1.16801e+00 | 27 -0.00118 -9.30727e-01
 28  0.11764 -2.28912e+00 | 29  0.08389 -1.28705e+00 | 30  0.05483 -1.79750e+00
 31 -0.08612  1.50737e+00 | 32 -0.13101 -1.28388e+00 | 33  0.10413 -1.87123e+00
 34 -0.11912 -9.58113e-01 | 35  0.11795 -2.84926e+00 | 36 -0.02048 -1.72109e+00
 37 -0.08962 -1.02216e+00 | 38 -0.23267 -8.69419e-01 | 39 -0.08992 -1.37690e+00
 40  0.04834  1.32032e-01 | 41  0.01888 -1.15916e+00 | 42  0.01680  2.17930e+00
 43  0.13792  7.94032e-01 | 44  0.00383  1.33699e+00 | 45 -0.07087 -6.03202e-01
 46 -0.07389  3.88181e-01 | 47  0.06642  9.69725e-01 | 48 -0.00977  1.76902e-01
 49 -0.06435  1.26349e+00 | 50  0.08410  6.80602e-01 | 51  0.05342  8.11661e-01
 52 -0.06990 -7.97837e-01 | 53 -0.02526  6.81254e-01 | 54 -0.04483  1.07096e+00
 55 -0.07996  4.13886e-01 | 56  0.00964  9.37607e-01 | 57  0.04528  5.19364e-01
 58 -0.04202  3.06249e-01 | 59  0.12677  1.09865e+00 | 60 -0.08020 -3.23680e-01
 61  0.10890  1.28386e-01 | 62  0.13675  3.92515e-01 | 63 -0.00820  1.58223e-01

Initial statistics: 71 variables; iteration 0; function evaluation 0; phase 3
Function value 1.4260993e+02; maximum gradient component mag -3.3647e+02
Var    Value     Gradient |Var    Value     Gradient |Var    Value     Gradient
  1 -0.21876  7.96011e-01 |  2  0.40491 -5.85862e+00 |  3  0.11740 -5.59526e-01
  4 -0.55359  2.04448e-01 |  5 -0.51699  3.28309e+00 |  6 -0.28315 -4.92719e-01
  7 -0.03687 -3.40553e+00 |  8 -0.00204 -1.79683e-01 |  9 -0.00211 -2.34243e-01
 10 -0.00456 -5.44954e-01 | 11  0.00113  3.05431e-01 | 12 -0.00361 -2.82808e-01
 13 -0.00383 -1.91946e-01 | 14 -0.00655 -3.96805e-01 | 15 -0.00914 -4.96992e-01
 16 -0.01522 -9.93102e-01 | 17 -0.01860 -9.25979e-01 | 18 -0.02351 -8.89373e-01
 19 -0.02885 -6.95301e-01 | 20 -0.03341 -1.32173e-01 | 21 -0.03890  3.71058e-01
 22 -0.04878 -2.48110e-01 | 23 -0.06000 -2.09001e+00 | 24 -0.05797 -2.83991e+00
 25 -0.01452  2.79936e+00 | 26 -0.02705 -1.16801e+00 | 27 -0.00118 -9.30727e-01
 28  0.11764 -2.16793e+00 | 29  0.08389 -1.16483e+00 | 30  0.05483 -1.67467e+00
 31 -0.08612  1.62953e+00 | 32 -0.13100 -1.16319e+00 | 33  0.10413 -1.74958e+00
 34 -0.11912 -8.36979e-01 | 35  0.11796 -2.72808e+00 | 36 -0.02048 -1.59787e+00
 37 -0.08962 -9.00095e-01 | 38 -0.23266 -7.54277e-01 | 39 -0.08991 -1.25484e+00
 40  0.04834  2.54964e-01 | 41  0.01888 -1.03592e+00 | 42  0.01681  2.30254e+00
 43  0.13793  9.14436e-01 | 44  0.00383  1.46027e+00 | 45 -0.07087 -4.80679e-01
 46 -0.07389  5.10639e-01 | 47  0.06642  1.09234e+00 | 48 -0.00977  3.00174e-01
 49 -0.06434  1.38615e+00 | 50  0.08411  8.02814e-01 | 51  0.05343  9.34514e-01
 52 -0.06989 -6.75293e-01 | 53 -0.02525  8.04444e-01 | 54 -0.04483  1.19394e+00
 55 -0.07995  5.36203e-01 | 56  0.00964  1.06088e+00 | 57  0.04529  6.42339e-01
 58 -0.04201  4.29268e-01 | 59  0.12677  1.21950e+00 | 60 -0.08020 -2.01370e-01
 61  0.10891  2.49873e-01 | 62  0.13676  5.12968e-01 | 63 -0.00819  2.81500e-01
 64  0.65940  5.35188e+01 | 65  0.11821 -1.20944e-02 | 66  0.41078 -3.36472e+02
 67 -0.09439 -5.29404e-04 | 68  0.11191 -1.11802e-02 | 69 -0.34908  1.95730e+02
 70  0.26198  1.36340e-03 | 71 -0.20514 -7.91652e+01 |

Intermediate statistics: 71 variables; iteration 20; function evaluation 26; phase 3
Function value 1.4141206e+02; maximum gradient component mag -2.3361e+02
Var    Value     Gradient |Var    Value     Gradient |Var    Value     Gradient
  1 -0.24148  3.28595e+01 |  2  0.40617 -1.26355e+01 |  3  0.08463 -7.46900e+01
  4 -0.53309 -2.33606e+02 |  5 -0.52749 -1.72857e+02 |  6 -0.28891 -7.69094e+01
  7 -0.03879  2.79677e+00 |  8 -0.00112 -5.37072e-02 |  9 -0.00090 -6.82565e-02
 10 -0.00177 -1.57061e-01 | 11 -0.00042  8.16647e-02 | 12 -0.00216 -8.61619e-02
 13 -0.00283 -6.40617e-02 | 14 -0.00450 -1.25334e-01 | 15 -0.00658 -1.58786e-01
 16 -0.01018 -2.97125e-01 | 17 -0.01389 -2.87715e-01 | 18 -0.01900 -2.90165e-01
 19 -0.02528 -2.62338e-01 | 20 -0.03248 -1.70170e-01 | 21 -0.04032 -1.11918e-01
 22 -0.04781 -2.64730e-01 | 23 -0.05152 -6.36132e-01 | 24 -0.04644 -9.01796e-01
 25 -0.02920 -4.47477e-02 | 26 -0.02444 -9.68381e-01 | 27 -0.00104 -1.27150e+00
 28  0.11259 -5.83410e+00 | 29  0.08228 -5.58812e+00 | 30  0.05875 -6.73158e+00
 31 -0.08687 -2.16317e+00 | 32 -0.13089 -1.77805e+00 | 33  0.10457 -3.81347e+00
 34 -0.12059 -1.46947e+00 | 35  0.11895 -1.52796e+01 | 36 -0.02155 -1.64715e+01
 37 -0.09010 -1.25240e+01 | 38 -0.23197 -3.17873e+00 | 39 -0.09046 -5.50072e+00
 40  0.04828 -1.25540e+01 | 41  0.01812 -1.54137e+01 | 42  0.01748 -6.85433e+00
 43  0.13911 -2.28896e+01 | 44  0.00315 -1.59117e+01 | 45 -0.07192 -1.07643e+01
 46 -0.07385 -5.92802e+00 | 47  0.06751 -9.64574e+00 | 48 -0.01056 -1.26480e+01
 49 -0.06478 -5.17183e+00 | 50  0.08461 -8.53459e+00 | 51  0.05272 -1.85842e+01
 52 -0.07047 -6.73291e+00 | 53 -0.02455 -4.64783e+00 | 54 -0.04518 -3.58963e+00
 55 -0.08011 -1.50704e+00 | 56  0.01039  9.57963e+00 | 57  0.04559 -9.27322e-01
 58 -0.04139  3.91330e+00 | 59  0.12631  6.36153e+00 | 60 -0.08024  1.71400e+00
 61  0.10995  7.41709e+00 | 62  0.13667  3.37026e+00 | 63 -0.01029  2.29347e-01
 64  0.60217 -3.16076e+01 | 65  0.11941 -2.45955e-01 | 66  0.40706  2.03362e+02
 67 -0.09437 -4.19330e-03 | 68  0.11195 -5.60650e-02 | 69 -0.35509 -4.11461e+01
 70  0.26197  1.36212e-03 | 71 -0.21905  1.47482e+01 |
71 variables; iteration 40; function evaluation 51; phase 3
Function value 1.4116523e+02; maximum gradient component mag -2.0421e+02
Var    Value     Gradient |Var    Value     Gradient |Var    Value     Gradient
  1 -0.24510  2.98555e+01 |  2  0.41218 -4.79830e+00 |  3  0.07331 -6.49787e+01
  4 -0.52539 -2.04214e+02 |  5 -0.53171 -1.55433e+02 |  6 -0.28961 -8.33109e+01
  7 -0.03993 -1.31916e+01 |  8 -0.00116 -6.12284e-02 |  9 -0.00100 -8.30099e-02
 10 -0.00200 -1.90769e-01 | 11 -0.00026  1.02507e-01 | 12 -0.00221 -9.69809e-02
 13 -0.00282 -6.73389e-02 | 14 -0.00447 -1.28341e-01 | 15 -0.00645 -1.51117e-01
 16 -0.00975 -2.52162e-01 | 17 -0.01324 -2.14999e-01 | 18 -0.01819 -1.99246e-01
 19 -0.02461 -2.02530e-01 | 20 -0.03246 -2.32818e-01 | 21 -0.04088 -2.93282e-01
 22 -0.04863 -5.09950e-01 | 23 -0.05272 -9.73285e-01 | 24 -0.04702 -1.17120e+00
 25 -0.03292 -9.10564e-01 | 26 -0.02362 -1.05139e+00 | 27 -0.00065 -1.46164e+00
 28  0.10884 -4.99987e-01 | 29  0.08316  1.29775e+00 | 30  0.06068  2.27317e+00
 31 -0.08573  5.23232e+00 | 32 -0.12968  5.99274e+00 | 33  0.10388 -3.50301e+00
 34 -0.12044  4.81921e+00 | 35  0.11791 -9.86070e+00 | 36 -0.01838  1.56371e+00
 37 -0.08687  2.89553e+00 | 38 -0.23225  3.84125e+00 | 39 -0.09172  7.57588e-01
 40  0.04723 -5.81136e+00 | 41  0.02066 -2.49154e+00 | 42  0.01497 -5.03182e+00
 43  0.13788 -2.42593e+01 | 44  0.00620 -3.36360e+00 | 45 -0.06984  1.29587e+00
 46 -0.07409  6.95346e-01 | 47  0.06541 -1.03275e+01 | 48 -0.00753 -1.64029e+00
 49 -0.06524  1.44990e+00 | 50  0.08298 -6.49297e+00 | 51  0.05464 -3.63967e+00
 52 -0.07015  1.99673e+00 | 53 -0.02530 -2.64881e-01 | 54 -0.04503  3.44929e+00
 55 -0.07802  6.75017e+00 | 56  0.00720  1.54759e+00 | 57  0.04703  2.98144e+00
 58 -0.04339  5.70833e+00 | 59  0.12628  6.40672e+00 | 60 -0.07966  6.98819e+00
 61  0.10895  6.78882e+00 | 62  0.13521  6.10476e+00 | 63 -0.00815  7.01053e+00
 64  0.59327 -2.90552e+01 | 65  0.18472 -2.30650e-05 | 66  0.40618  1.77670e+02
 67 -0.09419 -6.30619e-04 | 68  0.13429 -3.16748e-02 | 69 -0.35565  1.35986e+01
 70  0.26049  1.35119e-03 | 71 -0.21973 -4.74174e+00 |
71 variables; iteration 60; function evaluation 79; phase 3
Function value 1.4099045e+02; maximum gradient component mag -1.2362e+01
Var    Value     Gradient |Var    Value     Gradient |Var    Value     Gradient
  1 -0.24638  1.59369e+00 |  2  0.41088 -8.56150e-01 |  3  0.04654 -3.80849e+00
  4 -0.50904 -1.23624e+01 |  5 -0.53927 -9.39731e+00 |  6 -0.28984 -5.56512e+00
  7 -0.04043 -2.45784e+00 |  8 -0.00144 -1.00396e-01 |  9 -0.00135 -1.31848e-01
 10 -0.00261 -2.77060e-01 | 11 -0.00021  1.08392e-01 | 12 -0.00223 -1.00128e-01
 13 -0.00262 -3.97857e-02 | 14 -0.00309  6.89197e-02 | 15 -0.00393  2.14248e-01
 16 -0.00497  4.57876e-01 | 17 -0.01323 -2.10277e-01 | 18 -0.01920 -3.51911e-01
 19 -0.02316  5.46171e-02 | 20 -0.03633 -8.60898e-01 | 21 -0.04260 -5.20022e-01
 22 -0.04817 -2.50799e-01 | 23 -0.04818  2.06600e-01 | 24 -0.04243  1.79616e-01
 25 -0.03293 -1.76628e-01 | 26 -0.02230  2.08440e-01 | 27 -0.00183 -1.21339e-01
 28  0.10812  5.91955e-01 | 29  0.08128  5.80329e-01 | 30  0.06226  4.18889e-01
 31 -0.08408  8.53162e-01 | 32 -0.13021  5.26287e-01 | 33  0.10368 -5.11041e-01
 34 -0.11982  7.24672e-01 | 35  0.11777  4.58710e-02 | 36 -0.01777  1.08286e+00
 37 -0.08626  1.13188e+00 | 38 -0.22996  8.88265e-01 | 39 -0.09060  1.00525e+00
 40  0.04677 -6.59591e-01 | 41  0.02056  1.98451e-01 | 42  0.01555  1.69900e-01
 43  0.13798 -6.12083e-01 | 44  0.00615  6.66945e-01 | 45 -0.07042 -1.06488e-01
 46 -0.07317  8.51177e-01 | 47  0.06509 -7.57823e-01 | 48 -0.00718  8.18967e-01
 49 -0.06472  3.82665e-01 | 50  0.08256 -4.48643e-01 | 51  0.05471  6.92288e-01
 52 -0.06964  8.59080e-01 | 53 -0.02446  1.18462e+00 | 54 -0.04503  7.88196e-02
 55 -0.07957 -6.66790e-01 | 56  0.00749 -3.19856e-01 | 57  0.04703  1.94074e-02
 58 -0.04343  7.41662e-02 | 59  0.12631 -1.44732e-01 | 60 -0.08050  7.27160e-02
 61  0.10909  2.05208e-01 | 62  0.13505  3.12846e-02 | 63 -0.01285  5.06489e-01
 64  0.58294  1.05387e+00 | 65  0.12980 -2.08881e-02 | 66  0.40487 -8.25215e+00
 67 -0.08448 -1.47819e-03 | 68  0.20313 -1.32324e-02 | 69 -0.35632  7.37481e+00
 70  0.25133  1.29989e-03 | 71 -0.22178 -2.50723e+00 |
Maximum number of function evaluations exceeded

 - final statistics:
71 variables; iteration 73; function evaluation 100
Function value 1.4098e+02; maximum gradient component mag -1.0503e+00
Exit code = 3;  converg criter 1.0000e+00
Var    Value     Gradient |Var    Value     Gradient |Var    Value     Gradient
  1 -0.24543 -1.59599e-01 |  2  0.41123  6.34445e-02 |  3  0.04082  4.13452e-01
  4 -0.50515  1.03303e+00 |  5 -0.54119  7.68092e-01 |  6 -0.28938  6.42319e-01
  7 -0.04052  1.10126e-01 |  8 -0.00071  6.83818e-04 |  9 -0.00043 -3.61096e-03
 10 -0.00063 -2.58902e-04 | 11 -0.00100 -3.66618e-03 | 12 -0.00147  5.59908e-03
 13 -0.00231  2.45934e-03 | 14 -0.00356 -2.95290e-03 | 15 -0.00542 -7.40258e-03
 16 -0.00813 -1.89421e-02 | 17 -0.01182 -5.91021e-03 | 18 -0.01683  9.40726e-03
 19 -0.02332  1.36824e-02 | 20 -0.03113  2.09802e-02 | 21 -0.03965  5.68694e-03
 22 -0.04683 -1.83969e-04 | 23 -0.04933 -9.09518e-03 | 24 -0.04350 -9.15362e-03
 25 -0.03195  1.42782e-02 | 26 -0.02390 -1.10350e-02 | 27 -0.00138  6.09369e-03
 28  0.10712 -3.59108e-02 | 29  0.08100 -3.01067e-02 | 30  0.06285 -2.29527e-02
 31 -0.08425 -6.32591e-02 | 32 -0.13005 -3.40047e-02 | 33  0.10360  3.68958e-02
 34 -0.11992 -3.95261e-02 | 35  0.11768  4.56769e-03 | 36 -0.01773 -7.61470e-02
 37 -0.08618 -7.13079e-02 | 38 -0.23010 -6.56000e-02 | 39 -0.09084 -5.57135e-02
 40  0.04676  4.27606e-02 | 41  0.02047  1.05486e-02 | 42  0.01551 -1.63881e-03
 43  0.13794  8.25350e-02 | 44  0.00572 -1.27827e-02 | 45 -0.06962  3.98504e-03
 46 -0.07395 -4.35658e-02 | 47  0.06519  4.11319e-02 | 48 -0.00753 -2.44911e-02
 49 -0.06458 -2.45726e-02 | 50  0.08248  7.22413e-02 | 51  0.05454 -3.16482e-02
 52 -0.06966 -5.33216e-02 | 53 -0.02474 -5.13332e-02 | 54 -0.04504 -2.83695e-02
 55 -0.07928  7.43982e-04 | 56  0.00736  3.32114e-02 | 57  0.04691 -5.96116e-03
 58 -0.04330 -2.46305e-02 | 59  0.12613  2.86555e-02 | 60 -0.07977 -5.68927e-02
 61  0.10882 -1.18115e-02 | 62  0.13533 -3.30417e-02 | 63 -0.01144 -4.77756e-02
 64  0.58036 -1.77616e-02 | 65  0.13428 -6.92680e-03 | 66  0.40471  1.21033e-01
 67 -0.08029 -6.01271e-04 | 68  0.24951 -5.49629e-03 | 69 -0.35656 -1.05032e+00
 70  0.24382  1.25551e-03 | 71 -0.22252  4.17367e-01 |

Initial statistics: 72 variables; iteration 0; function evaluation 0; phase 4
Function value 1.4097839e+02; maximum gradient component mag -1.0503e+00
Var    Value     Gradient |Var    Value     Gradient |Var    Value     Gradient
  1 -0.24543 -1.59599e-01 |  2  0.41123  6.34445e-02 |  3  0.04082  4.13452e-01
  4 -0.50515  1.03303e+00 |  5 -0.54119  7.68092e-01 |  6 -0.28938  6.42319e-01
  7 -0.04052  1.10126e-01 |  8 -0.00071  6.83818e-04 |  9 -0.00043 -3.61096e-03
 10 -0.00063 -2.58902e-04 | 11 -0.00100 -3.66618e-03 | 12 -0.00147  5.59908e-03
 13 -0.00231  2.45934e-03 | 14 -0.00356 -2.95290e-03 | 15 -0.00542 -7.40258e-03
 16 -0.00813 -1.89421e-02 | 17 -0.01182 -5.91021e-03 | 18 -0.01683  9.40726e-03
 19 -0.02332  1.36824e-02 | 20 -0.03113  2.09802e-02 | 21 -0.03965  5.68694e-03
 22 -0.04683 -1.83969e-04 | 23 -0.04933 -9.09518e-03 | 24 -0.04350 -9.15362e-03
 25 -0.03195  1.42782e-02 | 26 -0.02390 -1.10350e-02 | 27 -0.00138  6.09369e-03
 28  0.10712 -1.95869e-02 | 29  0.08100 -1.36827e-02 | 30  0.06285 -6.47549e-03
 31 -0.08425 -4.68461e-02 | 32 -0.13005 -1.77912e-02 | 33  0.10360  5.32349e-02
 34 -0.11992 -2.32612e-02 | 35  0.11768  2.08434e-02 | 36 -0.01773 -5.95956e-02
 37 -0.08618 -5.49016e-02 | 38 -0.23010 -5.01120e-02 | 39 -0.09083 -3.93240e-02
 40  0.04676  5.92738e-02 | 41  0.02047  2.70978e-02 | 42  0.01551  1.49141e-02
 43  0.13794  9.87056e-02 | 44  0.00572  3.77443e-03 | 45 -0.06962  2.04439e-02
 46 -0.07395 -2.71196e-02 | 47  0.06519  5.76030e-02 | 48 -0.00753 -7.93446e-03
 49 -0.06458 -8.09993e-03 | 50  0.08248  8.86603e-02 | 51  0.05454 -1.51511e-02
 52 -0.06966 -3.68628e-02 | 53 -0.02474 -3.47879e-02 | 54 -0.04504 -1.18532e-02
 55 -0.07928  1.71736e-02 | 56  0.00736  4.97681e-02 | 57  0.04691  1.05517e-02
 58 -0.04330 -8.11100e-03 | 59  0.12613  4.48894e-02 | 60 -0.07977 -4.04647e-02
 61  0.10882  4.50498e-03 | 62  0.13533 -1.68566e-02 | 63 -0.01144 -3.12204e-02
 64  0.58036 -1.77616e-02 | 65  0.13428 -6.92680e-03 | 66  0.40471  1.21033e-01
 67 -0.08029 -6.01271e-04 | 68  0.24951 -5.49629e-03 | 69 -0.35656 -1.05032e+00
 70  0.24382  1.25551e-03 | 71 -0.22252  4.17367e-01 | 72  0.88668  1.74497e-02

 - final statistics:
72 variables; iteration 1; function evaluation 2
Function value 1.4098e+02; maximum gradient component mag 5.8266e-01
Exit code = 1;  converg criter 1.0000e+00
Var    Value     Gradient |Var    Value     Gradient |Var    Value     Gradient
  1 -0.24543  2.60555e-02 |  2  0.41123  3.65131e-02 |  3  0.04082  1.27663e-01
  4 -0.50516  2.76074e-01 |  5 -0.54119  1.97445e-01 |  6 -0.28938 -8.32834e-02
  7 -0.04052  3.47411e-02 |  8 -0.00071  6.64626e-04 |  9 -0.00043 -3.62124e-03
 10 -0.00063 -2.75616e-04 | 11 -0.00100 -3.69145e-03 | 12 -0.00147  5.55863e-03
 13 -0.00231  2.39870e-03 | 14 -0.00356 -3.04364e-03 | 15 -0.00542 -7.53802e-03
 16 -0.00813 -1.91413e-02 | 17 -0.01182 -6.20434e-03 | 18 -0.01683  8.98422e-03
 19 -0.02332  1.30934e-02 | 20 -0.03113  2.01755e-02 | 21 -0.03965  4.60864e-03
 22 -0.04683 -1.62855e-03 | 23 -0.04933 -1.10576e-02 | 24 -0.04350 -1.19018e-02
 25 -0.03195  1.03773e-02 | 26 -0.02390 -1.63837e-02 | 27 -0.00138 -1.96740e-03
 28  0.10712 -6.86540e-03 | 29  0.08100  2.16534e-03 | 30  0.06285  1.04006e-02
 31 -0.08425 -5.24366e-03 | 32 -0.13005  1.96372e-02 | 33  0.10360  1.90393e-03
 34 -0.11992  8.36832e-03 | 35  0.11768 -5.16885e-02 | 36 -0.01773 -4.84793e-02
 37 -0.08618 -2.76447e-02 | 38 -0.23010 -9.85541e-03 | 39 -0.09083 -2.62860e-02
 40  0.04676  4.84924e-04 | 41  0.02047 -1.25225e-03 | 42  0.01551 -4.52844e-03
 43  0.13794 -2.59295e-02 | 44  0.00572 -5.48309e-04 | 45 -0.06962  3.78038e-02
 46 -0.07395 -9.66863e-03 | 47  0.06519  2.28170e-03 | 48 -0.00753 -9.44521e-03
 49 -0.06458  8.31177e-03 | 50  0.08248  2.92749e-02 | 51  0.05454 -2.67214e-02
 52 -0.06966 -9.39668e-03 | 53 -0.02474 -2.08595e-02 | 54 -0.04504  9.55862e-04
 55 -0.07928  3.59380e-02 | 56  0.00736  2.74526e-02 | 57  0.04691  5.72720e-04
 58 -0.04330  1.40708e-02 | 59  0.12613  1.44460e-02 | 60 -0.07977  1.74081e-03
 61  0.10882  2.30105e-02 | 62  0.13533  2.21417e-02 | 63 -0.01144  2.38121e-02
 64  0.58036 -1.14382e-01 | 65  0.13428 -6.94381e-03 | 66  0.40471  5.82659e-01
 67 -0.08029 -6.01651e-04 | 68  0.24951 -5.50439e-03 | 69 -0.35656  5.08487e-01
 70  0.24382  1.25543e-03 | 71 -0.22252 -1.21296e-01 | 72  0.88668  1.74497e-02

 - final statistics:
72 variables; iteration 0; function evaluation 0
Function value 1.4098e+02; maximum gradient component mag 5.8266e-01
Exit code = 0;  converg criter 1.0000e+00
Var    Value     Gradient |Var    Value     Gradient |Var    Value     Gradient
  1 -0.24543  2.60555e-02 |  2  0.41123  3.65131e-02 |  3  0.04082  1.27663e-01
  4 -0.50516  2.76074e-01 |  5 -0.54119  1.97445e-01 |  6 -0.28938 -8.32834e-02
  7 -0.04052  3.47411e-02 |  8 -0.00071  6.64626e-04 |  9 -0.00043 -3.62124e-03
 10 -0.00063 -2.75616e-04 | 11 -0.00100 -3.69145e-03 | 12 -0.00147  5.55863e-03
 13 -0.00231  2.39870e-03 | 14 -0.00356 -3.04364e-03 | 15 -0.00542 -7.53802e-03
 16 -0.00813 -1.91413e-02 | 17 -0.01182 -6.20434e-03 | 18 -0.01683  8.98422e-03
 19 -0.02332  1.30934e-02 | 20 -0.03113  2.01755e-02 | 21 -0.03965  4.60864e-03
 22 -0.04683 -1.62855e-03 | 23 -0.04933 -1.10576e-02 | 24 -0.04350 -1.19018e-02
 25 -0.03195  1.03773e-02 | 26 -0.02390 -1.63837e-02 | 27 -0.00138 -1.96740e-03
 28  0.10712 -6.86275e-03 | 29  0.08100  2.16800e-03 | 30  0.06285  1.04033e-02
 31 -0.08425 -5.24100e-03 | 32 -0.13005  1.96399e-02 | 33  0.10360  1.90659e-03
 34 -0.11992  8.37095e-03 | 35  0.11768 -5.16859e-02 | 36 -0.01773 -4.84766e-02
 37 -0.08618 -2.76421e-02 | 38 -0.23010 -9.85289e-03 | 39 -0.09083 -2.62833e-02
 40  0.04676  4.87603e-04 | 41  0.02047 -1.24956e-03 | 42  0.01551 -4.52575e-03
 43  0.13794 -2.59269e-02 | 44  0.00572 -5.45622e-04 | 45 -0.06962  3.78065e-02
 46 -0.07395 -9.66596e-03 | 47  0.06519  2.28437e-03 | 48 -0.00753 -9.44253e-03
 49 -0.06458  8.31444e-03 | 50  0.08248  2.92776e-02 | 51  0.05454 -2.67188e-02
 52 -0.06966 -9.39401e-03 | 53 -0.02474 -2.08568e-02 | 54 -0.04504  9.58542e-04
 55 -0.07928  3.59407e-02 | 56  0.00736  2.74553e-02 | 57  0.04691  5.75399e-04
 58 -0.04330  1.40735e-02 | 59  0.12613  1.44486e-02 | 60 -0.07977  1.74347e-03
 61  0.10882  2.30131e-02 | 62  0.13533  2.21443e-02 | 63 -0.01144  2.38147e-02
 64  0.58036 -1.14382e-01 | 65  0.13428 -6.94381e-03 | 66  0.40471  5.82659e-01
 67 -0.08029 -6.01651e-04 | 68  0.24951 -5.50439e-03 | 69 -0.35656  5.08487e-01
 70  0.24382  1.25543e-03 | 71 -0.22252 -1.21296e-01 | 72  0.88668  1.74497e-02

Initial statistics: 74 variables; iteration 0; function evaluation 0; phase 6
Function value 1.4097839e+02; maximum gradient component mag 6.8799e+00
Var    Value     Gradient |Var    Value     Gradient |Var    Value     Gradient
  1 -0.24543  2.60555e-02 |  2  0.41123  3.65131e-02 |  3  0.04082  1.27663e-01
  4 -0.50516  2.76074e-01 |  5 -0.54119  1.97445e-01 |  6 -0.28938 -8.32834e-02
  7 -0.04052  3.47411e-02 |  8 -0.00071  6.64626e-04 |  9 -0.00043 -3.62124e-03
 10 -0.00063 -2.75616e-04 | 11 -0.00100 -3.69145e-03 | 12 -0.00147  5.55863e-03
 13 -0.00231  2.39870e-03 | 14 -0.00356 -3.04364e-03 | 15 -0.00542 -7.53802e-03
 16 -0.00813 -1.91413e-02 | 17 -0.01182 -6.20434e-03 | 18 -0.01683  8.98422e-03
 19 -0.02332  1.30934e-02 | 20 -0.03113  2.01755e-02 | 21 -0.03965  4.60864e-03
 22 -0.04683 -1.62855e-03 | 23 -0.04933 -1.10576e-02 | 24 -0.04350 -1.19018e-02
 25 -0.03195  1.03773e-02 | 26 -0.02390 -1.63837e-02 | 27 -0.00138 -1.96740e-03
 28  0.10712 -6.86275e-03 | 29  0.08100  2.16800e-03 | 30  0.06285  1.04033e-02
 31 -0.08425 -5.24100e-03 | 32 -0.13005  1.96399e-02 | 33  0.10360  1.90659e-03
 34 -0.11992  8.37095e-03 | 35  0.11768 -5.16859e-02 | 36 -0.01773 -4.84766e-02
 37 -0.08618 -2.76421e-02 | 38 -0.23010 -9.85289e-03 | 39 -0.09083 -2.62833e-02
 40  0.04676  4.87603e-04 | 41  0.02047 -1.24956e-03 | 42  0.01551 -4.52575e-03
 43  0.13794 -2.59269e-02 | 44  0.00572 -5.45622e-04 | 45 -0.06962  3.78065e-02
 46 -0.07395 -9.66596e-03 | 47  0.06519  2.28437e-03 | 48 -0.00753 -9.44253e-03
 49 -0.06458  8.31444e-03 | 50  0.08248  2.92776e-02 | 51  0.05454 -2.67188e-02
 52 -0.06966 -9.39401e-03 | 53 -0.02474 -2.08568e-02 | 54 -0.04504  9.58542e-04
 55 -0.07928  3.59407e-02 | 56  0.00736  2.74553e-02 | 57  0.04691  5.75399e-04
 58 -0.04330  1.40735e-02 | 59  0.12613  1.44486e-02 | 60 -0.07977  1.74347e-03
 61  0.10882  2.30131e-02 | 62  0.13533  2.21443e-02 | 63 -0.01144  2.38147e-02
 64 -0.61351 -1.19944e+00 | 65  0.11808  6.87991e+00 | 66  0.58036 -1.14382e-01
 67  0.13428 -6.94381e-03 | 68  0.40471  5.82659e-01 | 69 -0.08029 -6.01651e-04
 70  0.24951 -5.50439e-03 | 71 -0.35656  5.08487e-01 | 72  0.24382  1.25543e-03
 73 -0.22252 -1.21296e-01 | 74  0.88668  1.74497e-02 |

Intermediate statistics: 74 variables; iteration 20; function evaluation 21; phase 6
Function value 1.4072088e+02; maximum gradient component mag -7.3764e+01
Var    Value     Gradient |Var    Value     Gradient |Var    Value     Gradient
  1 -0.17803  2.02093e+01 |  2  0.41066 -2.95547e+00 |  3  0.03689 -3.12113e+01
  4 -0.50718 -7.37644e+01 |  5 -0.53839 -4.55460e+01 |  6 -0.25912 -6.85025e+01
  7 -0.04018 -2.20703e+01 |  8 -0.00061 -7.55414e-03 |  9 -0.00034 -2.46839e-03
 10 -0.00055 -5.65753e-03 | 11 -0.00084 -7.20460e-03 | 12 -0.00134 -1.48491e-02
 13 -0.00206 -1.96570e-02 | 14 -0.00314 -2.58672e-02 | 15 -0.00478 -3.55516e-02
 16 -0.00715 -4.59182e-02 | 17 -0.01064 -6.83042e-02 | 18 -0.01538 -9.24975e-02
 19 -0.02142 -1.10989e-01 | 20 -0.02873 -1.24146e-01 | 21 -0.03653 -1.21564e-01
 22 -0.04305 -1.10586e-01 | 23 -0.04494 -1.03589e-01 | 24 -0.03871 -1.43905e-01
 25 -0.02718 -2.60670e-01 | 26 -0.01903 -3.72984e-01 | 27  0.00214 -6.25667e-01
 28  0.11534  8.57898e-01 | 29  0.07960  2.22606e+00 | 30  0.06801  2.75912e+00
 31 -0.08987 -6.06876e-01 | 32 -0.13219 -5.98633e-01 | 33  0.10310 -1.51638e+01
 34 -0.11720  3.65927e+00 | 35  0.11858 -3.76299e+00 | 36 -0.01662  2.13344e+00
 37 -0.08499  2.77388e+00 | 38 -0.22990  3.47958e+00 | 39 -0.09155  2.10764e+00
 40  0.04709  5.40730e+00 | 41  0.02076  4.82654e+00 | 42  0.01502 -1.86511e+00
 43  0.13709 -2.63929e+01 | 44  0.00451 -9.06060e+00 | 45 -0.06992 -1.76143e+00
 46 -0.07522 -6.97801e-01 | 47  0.06545 -3.62882e+00 | 48 -0.00855 -2.55895e+00
 49 -0.06627 -4.93647e-01 | 50  0.08206 -3.43790e+00 | 51  0.05455  4.32296e+00
 52 -0.06964  6.47187e+00 | 53 -0.02448  8.44083e+00 | 54 -0.04465  8.99021e+00
 55 -0.07889  7.57811e+00 | 56  0.00717  3.06373e+00 | 57  0.04571 -6.80343e+00
 58 -0.04418 -1.67306e+00 | 59  0.12467 -1.84660e+01 | 60 -0.07932  2.56109e+00
 61  0.10874  2.44341e+00 | 62  0.13465  4.53554e+00 | 63 -0.01160  4.34681e+00
 64 -0.61783 -3.82872e+00 | 65  0.04402 -5.89925e+00 | 66  0.57927 -4.20813e+00
 67  0.13449 -1.02327e-02 | 68  0.40430  1.06845e+01 | 69 -0.08028 -6.73924e-04
 70  0.24967 -7.24279e-03 | 71 -0.35680  1.57368e+01 | 72  0.24379  1.24139e-03
 73 -0.22376 -5.35015e+00 | 74  0.88617  1.73666e-02 |
74 variables; iteration 40; function evaluation 43; phase 6
Function value 1.4061447e+02; maximum gradient component mag -7.1653e+01
Var    Value     Gradient |Var    Value     Gradient |Var    Value     Gradient
  1 -0.15602  1.54110e+01 |  2  0.41082 -3.25528e+00 |  3  0.03288 -2.88968e+01
  4 -0.50470 -7.16526e+01 |  5 -0.53968 -4.90282e+01 |  6 -0.24819 -4.39069e+01
  7 -0.03966 -1.33644e+01 |  8 -0.00053 -1.56578e-03 |  9 -0.00033 -3.94817e-03
 10 -0.00049 -2.07297e-03 | 11 -0.00079 -5.73850e-03 | 12 -0.00118 -4.85279e-04
 13 -0.00188 -5.55915e-03 | 14 -0.00294 -1.38399e-02 | 15 -0.00454 -2.36008e-02
 16 -0.00690 -4.13833e-02 | 17 -0.01021 -4.74216e-02 | 18 -0.01478 -5.81040e-02
 19 -0.02076 -8.06923e-02 | 20 -0.02808 -1.07097e-01 | 21 -0.03612 -1.56234e-01
 22 -0.04300 -2.20036e-01 | 23 -0.04538 -3.16983e-01 | 24 -0.03955 -4.53786e-01
 25 -0.02822 -6.31886e-01 | 26 -0.02057 -7.93392e-01 | 27  0.00196 -7.49650e-01
 28  0.11446  1.13136e-02 | 29  0.08406  1.68890e+00 | 30  0.06453  9.39015e-01
 31 -0.08620  5.33097e-01 | 32 -0.13048  9.41274e-01 | 33  0.10320 -7.93001e+00
 34 -0.11746  2.73147e+00 | 35  0.11849 -2.81357e+00 | 36 -0.01691 -2.00615e-01
 37 -0.08513  8.14374e-01 | 38 -0.22889  2.62964e+00 | 39 -0.09177  7.07901e-01
 40  0.04659  2.25696e+00 | 41  0.01894  1.21677e+00 | 42  0.01625  1.89172e+00
 43  0.13656 -1.73758e+01 | 44  0.00481 -6.01246e+00 | 45 -0.07077 -1.96200e+00
 46 -0.07511 -7.72020e-01 | 47  0.06493 -3.65012e+00 | 48 -0.00995 -2.76898e+00
 49 -0.06370  3.18025e+00 | 50  0.08143 -2.16607e+00 | 51  0.05381  2.74465e-01
 52 -0.07018  3.33346e+00 | 53 -0.02522  3.27051e+00 | 54 -0.04574  3.10677e+00
 55 -0.07969  3.93600e+00 | 56  0.00676  2.76841e+00 | 57  0.04573 -5.87293e-01
 58 -0.04468 -4.61705e-02 | 59  0.12466 -6.91606e+00 | 60 -0.07921  2.66852e+00
 61  0.10832  2.52957e+00 | 62  0.13314  1.65280e+00 | 63 -0.00824  3.20713e+00
 64 -0.62029 -1.78024e+00 | 65  0.02020 -1.95303e+00 | 66  0.57420 -7.89045e+00
 67  0.13851 -3.22844e-03 | 68  0.40377  2.82408e+01 | 69 -0.07995 -8.53090e-04
 70  0.25290 -6.64905e-03 | 71 -0.35889 -3.31972e+01 | 72  0.24314  1.23658e-03
 73 -0.23037  1.08819e+01 | 74  0.87713  1.60608e-02 |
74 variables; iteration 60; function evaluation 74; phase 6
Function value 1.4053919e+02; maximum gradient component mag -4.3638e+00
Var    Value     Gradient |Var    Value     Gradient |Var    Value     Gradient
  1 -0.13042  1.60659e-01 |  2  0.41121 -1.29445e-01 |  3  0.02959 -1.03571e+00
  4 -0.50402 -3.02391e+00 |  5 -0.53965 -2.48360e+00 |  6 -0.23455  2.43300e-01
  7 -0.03893  2.98558e-01 |  8 -0.00036  1.85378e-02 |  9 -0.00024  7.17423e-03
 10 -0.00036  1.39788e-02 | 11 -0.00060  1.70447e-02 | 12 -0.00093  2.89041e-02
 13 -0.00155  3.12239e-02 | 14 -0.00255  2.77682e-02 | 15 -0.00413  1.48654e-02
 16 -0.00648 -8.08465e-03 | 17 -0.00986 -3.54797e-02 | 18 -0.01426 -2.98680e-02
 19 -0.01990 -6.83353e-03 | 20 -0.02723 -4.24814e-02 | 21 -0.03520 -7.94928e-02
 22 -0.04174 -6.62080e-02 | 23 -0.04383 -6.50799e-02 | 24 -0.03718  3.99732e-02
 25 -0.02562  4.05175e-02 | 26 -0.01765  6.77207e-02 | 27  0.00349  7.86016e-02
 28  0.11868 -2.68397e-02 | 29  0.08166 -1.61408e-02 | 30  0.06518 -1.38651e-02
 31 -0.08505  8.10350e-02 | 32 -0.12944  5.91298e-02 | 33  0.10397  3.71245e-01
 34 -0.11825 -3.25964e-02 | 35  0.11864 -3.71906e-02 | 36 -0.01634  4.86341e-02
 37 -0.08471 -4.00228e-02 | 38 -0.22958  1.00194e-01 | 39 -0.09074  4.70089e-02
 40  0.04608 -2.17663e-01 | 41  0.01901 -1.80820e-01 | 42  0.01419 -1.88180e-01
 43  0.13732  5.34608e-02 | 44  0.00453  5.30970e-02 | 45 -0.07033  5.83268e-02
 46 -0.07477 -7.10780e-02 | 47  0.06446 -1.42162e-01 | 48 -0.00881 -1.21220e-01
 49 -0.06626 -2.65964e-02 | 50  0.08191 -1.77480e-01 | 51  0.05324 -2.90770e-01
 52 -0.07067  8.08742e-03 | 53 -0.02555 -2.00256e-01 | 54 -0.04576 -3.39147e-02
 55 -0.08038 -9.78605e-02 | 56  0.00691  6.17998e-02 | 57  0.04548  1.70868e-01
 58 -0.04427  1.49330e-01 | 59  0.12518  6.90942e-01 | 60 -0.08000  2.11436e-02
 61  0.10780  9.80554e-02 | 62  0.13399  1.76921e-01 | 63 -0.00973  2.39157e-02
 64 -0.62370  5.11969e-02 | 65 -0.01636  2.69615e-01 | 66  0.57274 -4.45753e-01
 67  0.14701 -9.80332e-03 | 68  0.40371  2.65737e+00 | 69 -0.07719 -9.06941e-04
 70  0.27388 -3.19758e-03 | 71 -0.35904 -4.36376e+00 | 72  0.23817  1.20161e-03
 73 -0.23151  1.45863e+00 | 74  0.82073  1.08474e-02 |
74 variables; iteration 80; function evaluation 108; phase 6
Function value 1.4053690e+02; maximum gradient component mag -3.7684e+00
Var    Value     Gradient |Var    Value     Gradient |Var    Value     Gradient
  1 -0.12947 -3.54567e-01 |  2  0.41120  4.75057e-02 |  3  0.02925  6.13994e-01
  4 -0.50381  1.57772e+00 |  5 -0.53972  1.22465e+00 |  6 -0.23412  1.38616e+00
  7 -0.03892 -5.61782e-02 |  8 -0.00048  1.59186e-03 |  9 -0.00011  2.46094e-02
 10 -0.00048 -3.59785e-03 | 11 -0.00030  5.90875e-02 | 12 -0.00129 -2.30121e-02
 13 -0.00167  1.40835e-02 | 14 -0.00298 -3.48488e-02 | 15 -0.00429 -1.01122e-02
 16 -0.00644 -3.66190e-03 | 17 -0.00976 -2.26409e-02 | 18 -0.01356  7.61048e-02
 19 -0.01988 -7.03266e-03 | 20 -0.02682  2.32065e-02 | 21 -0.03457  2.73834e-02
 22 -0.04138 -4.79766e-03 | 23 -0.04365 -3.67900e-02 | 24 -0.03714  3.47164e-02
 25 -0.02595 -3.63557e-02 | 26 -0.01813 -3.19775e-02 | 27  0.00297  3.03580e-03
 28  0.11891 -4.77289e-02 | 29  0.08153 -4.14914e-02 | 30  0.06534 -4.64730e-02
 31 -0.08514 -1.11514e-01 | 32 -0.12944 -9.00603e-02 | 33  0.10393 -1.28329e-02
 34 -0.11811 -6.19249e-02 | 35  0.11866  1.28869e-01 | 36 -0.01634 -4.04778e-02
 37 -0.08461 -5.26086e-02 | 38 -0.22978 -1.01148e-01 | 39 -0.09076 -2.78577e-02
 40  0.04609  1.75068e-01 | 41  0.01901  1.15411e-01 | 42  0.01426  7.00856e-02
 43  0.13729  1.83014e-01 | 44  0.00452 -4.33929e-02 | 45 -0.07040 -6.31470e-02
 46 -0.07470 -1.57083e-02 | 47  0.06444  1.28338e-01 | 48 -0.00878  1.61571e-02
 49 -0.06630 -3.21829e-02 | 50  0.08190  1.70031e-01 | 51  0.05328  8.33602e-02
 52 -0.07074 -4.73271e-02 | 53 -0.02548  3.66181e-02 | 54 -0.04580 -1.34021e-02
 55 -0.08034  1.41529e-02 | 56  0.00690  6.79827e-02 | 57  0.04546  5.40362e-03
 58 -0.04427 -6.98096e-02 | 59  0.12513 -5.71103e-02 | 60 -0.07992 -8.46680e-02
 61  0.10783 -3.98497e-02 | 62  0.13388 -9.92551e-02 | 63 -0.00984 -9.70794e-02
 64 -0.62393 -4.27718e-02 | 65 -0.01741  2.05143e-01 | 66  0.57245  2.43081e-01
 67  0.15687  1.27184e-03 | 68  0.40367 -1.32461e+00 | 69 -0.06095 -2.40134e-04
 70  0.36529  9.39968e-04 | 71 -0.35981 -3.76837e+00 | 72  0.19113 -1.28831e-03
 73 -0.23394  1.23924e+00 | 74  0.44541  1.18822e-03 |
74 variables; iteration 100; function evaluation 130; phase 6
Function value 1.4053645e+02; maximum gradient component mag -5.1654e+00
Var    Value     Gradient |Var    Value     Gradient |Var    Value     Gradient
  1 -0.12984 -2.24871e-01 |  2  0.41121 -8.24019e-03 |  3  0.02924  8.25370e-02
  4 -0.50381  1.84592e-01 |  5 -0.53973  1.10886e-01 |  6 -0.23429  1.18983e+00
  7 -0.03894  3.65279e-02 |  8 -0.00048  2.06308e-03 |  9 -0.00027  3.25328e-03
 10 -0.00049 -5.30893e-03 | 11 -0.00068  5.73017e-03 | 12 -0.00114 -1.37430e-03
 13 -0.00178 -2.01495e-03 | 14 -0.00281 -9.61492e-03 | 15 -0.00430 -1.08314e-02
 16 -0.00636  6.90802e-03 | 17 -0.00967 -8.31331e-03 | 18 -0.01392  2.06141e-02
 19 -0.01980  5.44078e-03 | 20 -0.02694  3.36502e-03 | 21 -0.03466  1.24590e-02
 22 -0.04136 -3.43654e-04 | 23 -0.04347 -4.23860e-03 | 24 -0.03728  1.12411e-02
 25 -0.02582 -1.12109e-02 | 26 -0.01798 -3.97394e-03 | 27  0.00297  5.40193e-03
 28  0.11890 -4.19818e-02 | 29  0.08149 -4.70926e-02 | 30  0.06533 -3.47159e-02
 31 -0.08512 -6.50842e-02 | 32 -0.12944 -5.23901e-02 | 33  0.10394  8.27537e-02
 34 -0.11813 -4.15202e-02 | 35  0.11865  9.87995e-02 | 36 -0.01633 -1.65236e-02
 37 -0.08462 -4.34701e-02 | 38 -0.22975 -6.82921e-02 | 39 -0.09075 -1.12895e-02
 40  0.04609  1.00008e-01 | 41  0.01901  3.61378e-02 | 42  0.01426  2.26221e-02
 43  0.13730  1.23535e-01 | 44  0.00453 -3.85277e-02 | 45 -0.07038 -4.63187e-02
 46 -0.07471 -3.96468e-02 | 47  0.06444  4.90069e-02 | 48 -0.00878 -1.38545e-02
 49 -0.06629 -3.67449e-02 | 50  0.08190  8.59707e-02 | 51  0.05327 -1.00613e-02
 52 -0.07073 -4.76755e-02 | 53 -0.02549 -1.76257e-02 | 54 -0.04578 -1.00996e-02
 55 -0.08034 -1.17959e-02 | 56  0.00690  8.68896e-02 | 57  0.04547  4.84979e-02
 58 -0.04426 -1.70126e-03 | 59  0.12514  1.38569e-01 | 60 -0.07992 -5.05242e-02
 61  0.10783  1.11304e-02 | 62  0.13390 -4.94680e-02 | 63 -0.00994 -9.10383e-02
 64 -0.62378 -7.82695e-03 | 65 -0.01701  2.65044e-01 | 66  0.57251  4.71904e-02
 67  0.15140  6.02591e-04 | 68  0.40368 -2.02676e-01 | 69 -0.00963  5.41978e-05
 70  0.32685 -1.55304e-04 | 71 -0.36206 -5.16544e+00 | 72  0.24872 -5.13834e-04
 73 -0.24117  1.58630e+00 | 74  0.35997  3.48030e-05 |
74 variables; iteration 120; function evaluation 153; phase 6
Function value 1.4053610e+02; maximum gradient component mag -1.5931e+00
Var    Value     Gradient |Var    Value     Gradient |Var    Value     Gradient
  1 -0.12981 -7.04158e-02 |  2  0.41121 -1.11199e-03 |  3  0.02922  3.65006e-02
  4 -0.50379  8.74212e-02 |  5 -0.53974  5.76000e-02 |  6 -0.23428  3.59835e-01
  7 -0.03894  1.33624e-02 |  8 -0.00049  2.32661e-04 |  9 -0.00029  9.93475e-05
 10 -0.00046 -7.59982e-05 | 11 -0.00072  2.28268e-04 | 12 -0.00112  8.10117e-04
 13 -0.00177  6.55243e-06 | 14 -0.00274 -4.57238e-04 | 15 -0.00423 -1.44497e-03
 16 -0.00640  1.46983e-03 | 17 -0.00962 -1.62496e-03 | 18 -0.01404  1.49701e-03
 19 -0.01982  1.23869e-03 | 20 -0.02695  5.32079e-04 | 21 -0.03471  1.26007e-03
 22 -0.04135 -3.07669e-04 | 23 -0.04344  2.64915e-05 | 24 -0.03732  2.33530e-03
 25 -0.02574  3.25863e-04 | 26 -0.01794  1.10302e-04 | 27  0.00298  1.79536e-03
 28  0.11889 -1.27942e-02 | 29  0.08151 -1.29631e-02 | 30  0.06533 -1.03786e-02
 31 -0.08512 -1.99060e-02 | 32 -0.12944 -1.67177e-02 | 33  0.10393  2.31597e-02
 34 -0.11813 -1.28617e-02 | 35  0.11865  3.08771e-02 | 36 -0.01633 -5.34847e-03
 37 -0.08462 -1.27709e-02 | 38 -0.22974 -2.00712e-02 | 39 -0.09075 -3.93796e-03
 40  0.04609  2.96672e-02 | 41  0.01901  1.25681e-02 | 42  0.01425  6.23810e-03
 43  0.13730  3.93846e-02 | 44  0.00453 -1.03512e-02 | 45 -0.07038 -1.35231e-02
 46 -0.07472 -1.22119e-02 | 47  0.06445  1.69487e-02 | 48 -0.00878 -4.60465e-03
 49 -0.06629 -9.62547e-03 | 50  0.08190  2.71728e-02 | 51  0.05327 -8.97832e-04
 52 -0.07073 -1.34692e-02 | 53 -0.02550 -4.90105e-03 | 54 -0.04578 -2.43934e-03
 55 -0.08035 -4.47126e-03 | 56  0.00690  2.49934e-02 | 57  0.04547  1.33060e-02
 58 -0.04426 -2.29130e-03 | 59  0.12514  3.68591e-02 | 60 -0.07992 -1.62148e-02
 61  0.10783  1.27334e-03 | 62  0.13390 -1.47092e-02 | 63 -0.00992 -2.65885e-02
 64 -0.62376 -6.13961e-04 | 65 -0.01705  7.75066e-02 | 66  0.57249  1.72291e-02
 67  0.13043 -5.98284e-06 | 68  0.40368 -8.35276e-02 | 69  0.12385  5.42408e-04
 70  0.38366  1.20363e-03 | 71 -0.36636 -1.59314e+00 | 72  0.28706  4.75529e-04
 73 -0.25637  4.46087e-01 | 74  0.34508  2.28146e-04 |
74 variables; iteration 140; function evaluation 174; phase 6
Function value 1.4053585e+02; maximum gradient component mag -1.6168e+00
Var    Value     Gradient |Var    Value     Gradient |Var    Value     Gradient
  1 -0.12983 -7.27109e-02 |  2  0.41121 -2.50111e-06 |  3  0.02924  5.06470e-02
  4 -0.50380  1.20370e-01 |  5 -0.53973  8.48319e-02 |  6 -0.23428  3.57369e-01
  7 -0.03894  9.18867e-03 |  8 -0.00049  9.08619e-04 |  9 -0.00029  5.98537e-04
 10 -0.00046 -4.22043e-05 | 11 -0.00071  6.17228e-04 | 12 -0.00111  2.10765e-03
 13 -0.00177 -4.07672e-04 | 14 -0.00275 -1.23968e-03 | 15 -0.00425 -3.53153e-03
 16 -0.00639  3.33939e-03 | 17 -0.00964 -3.48694e-03 | 18 -0.01401  5.66060e-03
 19 -0.01983  3.14007e-04 | 20 -0.02694  1.34360e-03 | 21 -0.03471  2.29034e-03
 22 -0.04136 -1.50936e-03 | 23 -0.04346 -2.88274e-03 | 24 -0.03732  3.17221e-03
 25 -0.02576 -1.87825e-03 | 26 -0.01795 -1.53336e-03 | 27  0.00299  3.06732e-03
 28  0.11889 -1.21797e-02 | 29  0.08151 -1.23360e-02 | 30  0.06533 -1.00675e-02
 31 -0.08512 -2.04011e-02 | 32 -0.12944 -1.71032e-02 | 33  0.10393  2.16341e-02
 34 -0.11813 -1.31709e-02 | 35  0.11865  3.09756e-02 | 36 -0.01633 -5.46736e-03
 37 -0.08462 -1.29092e-02 | 38 -0.22974 -1.99572e-02 | 39 -0.09075 -4.33751e-03
 40  0.04609  2.94124e-02 | 41  0.01901  1.36017e-02 | 42  0.01425  6.04666e-03
 43  0.13730  4.14867e-02 | 44  0.00453 -9.47045e-03 | 45 -0.07038 -1.31279e-02
 46 -0.07472 -1.13186e-02 | 47  0.06445  1.84308e-02 | 48 -0.00878 -3.73181e-03
 49 -0.06629 -9.56167e-03 | 50  0.08190  2.80955e-02 | 51  0.05327  9.62743e-04
 52 -0.07073 -1.33021e-02 | 53 -0.02550 -4.06084e-03 | 54 -0.04578 -3.19709e-03
 55 -0.08035 -4.13624e-03 | 56  0.00690  2.31222e-02 | 57  0.04547  1.18975e-02
 58 -0.04426 -3.42373e-03 | 59  0.12514  3.22743e-02 | 60 -0.07992 -1.68148e-02
 61  0.10783 -5.17709e-04 | 62  0.13390 -1.51862e-02 | 63 -0.00991 -2.52320e-02
 64 -0.62377 -2.96840e-03 | 65 -0.01704  7.39687e-02 | 66  0.57250  2.15660e-02
 67  0.13686 -1.55195e-03 | 68  0.40368 -1.08622e-01 | 69 -0.00673 -2.90259e-04
 70  0.33820 -1.54652e-04 | 71 -0.36919 -1.61683e+00 | 72  0.27413  4.15903e-05
 73 -0.26742  4.10034e-01 | 74  0.34322 -5.68542e-05 |
74 variables; iteration 160; function evaluation 199; phase 6
Function value 1.4053574e+02; maximum gradient component mag -1.1607e+00
Var    Value     Gradient |Var    Value     Gradient |Var    Value     Gradient
  1 -0.12985 -4.13544e-02 |  2  0.41121 -1.75650e-03 |  3  0.02922  1.13195e-02
  4 -0.50379  2.62492e-02 |  5 -0.53974  1.25622e-02 |  6 -0.23429  2.21392e-01
  7 -0.03894  1.03668e-02 |  8 -0.00049 -3.50871e-04 |  9 -0.00029 -2.71281e-04
 10 -0.00046  1.09129e-04 | 11 -0.00072 -3.57923e-04 | 12 -0.00113 -6.99963e-04
 13 -0.00177  1.51548e-04 | 14 -0.00273  6.37999e-04 | 15 -0.00421  1.46259e-03
 16 -0.00642 -1.25924e-03 | 17 -0.00960  1.50337e-03 | 18 -0.01406 -2.24042e-03
 19 -0.01983 -1.26615e-04 | 20 -0.02695 -3.75945e-04 | 21 -0.03472 -7.95066e-04
 22 -0.04134  9.09201e-04 | 23 -0.04343  1.54513e-03 | 24 -0.03734 -7.02560e-04
 25 -0.02573  1.82318e-03 | 26 -0.01793  2.10864e-03 | 27  0.00299  1.11041e-03
 28  0.11888 -8.54588e-03 | 29  0.08151 -8.47015e-03 | 30  0.06533 -6.73096e-03
 31 -0.08512 -1.15056e-02 | 32 -0.12944 -9.83554e-03 | 33  0.10393  1.62782e-02
 34 -0.11813 -8.05271e-03 | 35  0.11865  1.81831e-02 | 36 -0.01633 -2.95716e-03
 37 -0.08462 -8.04007e-03 | 38 -0.22974 -1.14075e-02 | 39 -0.09075 -2.09687e-03
 40  0.04609  1.65801e-02 | 41  0.01901  6.32442e-03 | 42  0.01425  2.63857e-03
 43  0.13730  2.42495e-02 | 44  0.00453 -5.97111e-03 | 45 -0.07038 -7.87841e-03
 46 -0.07472 -8.41218e-03 | 47  0.06445  9.39446e-03 | 48 -0.00878 -3.53802e-03
 49 -0.06629 -5.71417e-03 | 50  0.08190  1.56334e-02 | 51  0.05327 -2.43552e-03
 52 -0.07073 -7.95251e-03 | 53 -0.02550 -4.53730e-03 | 54 -0.04578 -1.18156e-03
 55 -0.08035 -3.65130e-03 | 56  0.00690  1.61904e-02 | 57  0.04547  9.50638e-03
 58 -0.04426  7.32086e-05 | 59  0.12514  2.78415e-02 | 60 -0.07992 -9.67518e-03
 61  0.10783  1.76229e-03 | 62  0.13390 -7.55958e-03 | 63 -0.00993 -1.66946e-02
 64 -0.62375  8.83394e-04 | 65 -0.01702  4.94591e-02 | 66  0.57250  6.34822e-03
 67  0.14855  1.23081e-04 | 68  0.40368 -2.71377e-02 | 69  0.01587  1.37905e-04
 70  0.33067 -7.08574e-05 | 71 -0.37120 -1.16069e+00 | 72  0.26918 -4.40031e-05
 73 -0.27591  2.75765e-01 | 74  0.34855  1.89448e-05 |
74 variables; iteration 180; function evaluation 220; phase 6
Function value 1.4053567e+02; maximum gradient component mag -2.5526e+00
Var    Value     Gradient |Var    Value     Gradient |Var    Value     Gradient
  1 -0.12987 -8.93653e-02 |  2  0.41121 -2.05917e-03 |  3  0.02922  3.88232e-02
  4 -0.50380  9.38294e-02 |  5 -0.53974  5.78122e-02 |  6 -0.23430  4.63406e-01
  7 -0.03894  1.85849e-02 |  8 -0.00049 -2.76049e-04 |  9 -0.00029 -2.68118e-05
 10 -0.00046 -2.08870e-04 | 11 -0.00072  2.50441e-04 | 12 -0.00114 -1.19542e-03
 13 -0.00177  2.99529e-04 | 14 -0.00274  1.72655e-04 | 15 -0.00421  1.47389e-03
 16 -0.00642 -1.40974e-03 | 17 -0.00960  1.39121e-03 | 18 -0.01406 -1.57414e-03
 19 -0.01983  1.99339e-04 | 20 -0.02695 -4.46265e-05 | 21 -0.03472 -1.90729e-04
 22 -0.04134  1.24402e-03 | 23 -0.04343  1.84300e-03 | 24 -0.03733  1.63084e-04
 25 -0.02574  2.05432e-03 | 26 -0.01793  2.65246e-03 | 27  0.00298  2.16956e-03
 28  0.11888 -1.74753e-02 | 29  0.08151 -1.72953e-02 | 30  0.06533 -1.39310e-02
 31 -0.08512 -2.51448e-02 | 32 -0.12944 -2.12517e-02 | 33  0.10393  3.10225e-02
 34 -0.11813 -1.71066e-02 | 35  0.11865  3.85761e-02 | 36 -0.01633 -6.69221e-03
 37 -0.08462 -1.67813e-02 | 38 -0.22974 -2.49446e-02 | 39 -0.09075 -4.85866e-03
 40  0.04609  3.66527e-02 | 41  0.01901  1.50302e-02 | 42  0.01425  7.19134e-03
 43  0.13730  5.15212e-02 | 44  0.00453 -1.26151e-02 | 45 -0.07038 -1.68448e-02
 46 -0.07472 -1.63718e-02 | 47  0.06445  2.13991e-02 | 48 -0.00878 -6.19789e-03
 49 -0.06629 -1.21133e-02 | 50  0.08190  3.45772e-02 | 51  0.05327 -2.37740e-03
 52 -0.07073 -1.68311e-02 | 53 -0.02550 -7.60113e-03 | 54 -0.04578 -2.79318e-03
 55 -0.08035 -6.52926e-03 | 56  0.00690  3.28111e-02 | 57  0.04547  1.83397e-02
 58 -0.04426 -1.80204e-03 | 59  0.12514  5.18427e-02 | 60 -0.07992 -2.08200e-02
 61  0.10783  2.37493e-03 | 62  0.13390 -1.76277e-02 | 63 -0.00993 -3.47910e-02
 64 -0.62375  3.64069e-04 | 65 -0.01702  1.00699e-01 | 66  0.57250  1.90829e-02
 67  0.14896 -1.97080e-04 | 68  0.40368 -8.93496e-02 | 69 -0.00095  4.84805e-05
 70  0.32675 -1.88113e-04 | 71 -0.37354 -2.55261e+00 | 72  0.26962 -4.82006e-05
 73 -0.28649  5.45245e-01 | 74  0.34839  1.20265e-05 |
74 variables; iteration 200; function evaluation 243; phase 6
Function value 1.4053564e+02; maximum gradient component mag -4.9912e-01
Var    Value     Gradient |Var    Value     Gradient |Var    Value     Gradient
  1 -0.12988 -1.67068e-02 |  2  0.41121 -3.95823e-04 |  3  0.02923  7.30966e-03
  4 -0.50380  1.74085e-02 |  5 -0.53973  1.07512e-02 |  6 -0.23430  8.66356e-02
  7 -0.03894  3.41037e-03 |  8 -0.00049 -3.26013e-05 |  9 -0.00029 -2.10461e-05
 10 -0.00046  1.60288e-06 | 11 -0.00072 -3.43654e-07 | 12 -0.00113 -9.59077e-05
 13 -0.00177  3.75706e-05 | 14 -0.00274  3.31255e-05 | 15 -0.00422  1.47259e-04
 16 -0.00641 -1.19390e-04 | 17 -0.00961  1.34909e-04 | 18 -0.01405 -1.75420e-04
 19 -0.01983  4.51013e-05 | 20 -0.02695  1.62996e-05 | 21 -0.03472  4.46784e-06
 22 -0.04135  1.55949e-04 | 23 -0.04344  2.47053e-04 | 24 -0.03733  9.26374e-05
 25 -0.02574  3.46193e-04 | 26 -0.01793  4.18700e-04 | 27  0.00299  4.62722e-04
 28  0.11888 -3.24590e-03 | 29  0.08151 -3.23627e-03 | 30  0.06533 -2.60188e-03
 31 -0.08512 -4.68999e-03 | 32 -0.12944 -3.97372e-03 | 33  0.10393  5.85937e-03
 34 -0.11813 -3.18724e-03 | 35  0.11865  7.24690e-03 | 36 -0.01633 -1.23734e-03
 37 -0.08462 -3.13447e-03 | 38 -0.22974 -4.63787e-03 | 39 -0.09075 -8.99595e-04
 40  0.04609  6.82521e-03 | 41  0.01901  2.81203e-03 | 42  0.01425  1.29491e-03
 43  0.13730  9.65295e-03 | 44  0.00453 -2.34833e-03 | 45 -0.07038 -3.14180e-03
 46 -0.07472 -3.07841e-03 | 47  0.06445  3.98937e-03 | 48 -0.00878 -1.18249e-03
 49 -0.06629 -2.25425e-03 | 50  0.08190  6.42514e-03 | 51  0.05327 -4.74308e-04
 52 -0.07073 -3.13917e-03 | 53 -0.02549 -1.44887e-03 | 54 -0.04578 -5.35786e-04
 55 -0.08035 -1.24266e-03 | 56  0.00690  6.11063e-03 | 57  0.04547  3.42235e-03
 58 -0.04426 -3.34472e-04 | 59  0.12514  9.70924e-03 | 60 -0.07992 -3.89542e-03
 61  0.10783  4.20846e-04 | 62  0.13390 -3.26040e-03 | 63 -0.00992 -6.45289e-03
 64 -0.62376  2.30763e-05 | 65 -0.01701  1.88321e-02 | 66  0.57250  3.55451e-03
 67  0.15003 -9.70364e-05 | 68  0.40368 -1.65888e-02 | 69 -0.01408 -1.06474e-05
 70  0.33091 -2.38821e-05 | 71 -0.37534 -4.99124e-01 | 72  0.27203 -5.06442e-06
 73 -0.29527  9.98655e-02 | 74  0.34711  1.87993e-06 |
  ic > imax  in fminim is answer attained ?
Var    Value     Gradient |Var    Value     Gradient |Var    Value     Gradient
  1 -0.12988 -1.93214e-05 |  2  0.41121 -5.64836e-07 |  3  0.02923  7.61738e-06
  4 -0.50380  1.79178e-05 |  5 -0.53973  1.05647e-05 |  6 -0.23431  1.01038e-04
  7 -0.03894  4.19553e-06 |  8 -0.00049 -6.27756e-08 |  9 -0.00029 -4.70158e-08
 10 -0.00046  2.25145e-08 | 11 -0.00072 -2.37701e-08 | 12 -0.00113 -1.89786e-07
 13 -0.00177  6.39383e-08 | 14 -0.00274  9.01066e-08 | 15 -0.00422  3.24501e-07
 16 -0.00641 -2.86913e-07 | 17 -0.00961  3.24887e-07 | 18 -0.01405 -3.84252e-07
 19 -0.01983 -2.54350e-08 | 20 -0.02695 -1.53410e-08 | 21 -0.03472 -9.16974e-08
 22 -0.04135  2.60640e-07 | 23 -0.04344  3.74835e-07 | 24 -0.03733 -4.30976e-08
 25 -0.02574  5.04056e-07 | 26 -0.01793  6.11326e-07 | 27  0.00299  5.50225e-07
 28  0.11888 -3.82357e-06 | 29  0.08151 -3.80004e-06 | 30  0.06533 -3.04765e-06
 31 -0.08512 -5.40661e-06 | 32 -0.12944 -4.58498e-06 | 33  0.10393  7.03632e-06
 34 -0.11813 -3.73130e-06 | 35  0.11865  8.38907e-06 | 36 -0.01633 -1.40528e-06
 37 -0.08462 -3.66698e-06 | 38 -0.22974 -5.33534e-06 | 39 -0.09075 -1.01901e-06
 40  0.04609  7.82396e-06 | 41  0.01901  3.14612e-06 | 42  0.01425  1.41647e-06
 43  0.13730  1.12532e-05 | 44  0.00453 -2.70702e-06 | 45 -0.07038 -3.63021e-06
 46 -0.07472 -3.66326e-06 | 47  0.06445  4.54169e-06 | 48 -0.00878 -1.43526e-06
 49 -0.06629 -2.63032e-06 | 50  0.08190  7.37421e-06 | 51  0.05327 -7.35421e-07
 52 -0.07073 -3.64986e-06 | 53 -0.02549 -1.82844e-06 | 54 -0.04578 -6.09846e-07
 55 -0.08035 -1.53078e-06 | 56  0.00690  7.18677e-06 | 57  0.04547  4.09945e-06
 58 -0.04426 -2.52290e-07 | 59  0.12514  1.17812e-05 | 60 -0.07992 -4.51350e-06
 61  0.10783  5.79601e-07 | 62  0.13390 -3.68542e-06 | 63 -0.00992 -7.54423e-06
 64 -0.62376  1.06487e-07 | 65 -0.01701  2.21196e-05 | 66  0.57250  3.78971e-06
 67  0.15017 -6.10624e-08 | 68  0.40368 -1.72819e-05 | 69 -0.01294 -2.64751e-08
 70  0.33162 -5.50596e-08 | 71 -0.37578 -5.97393e-04 | 72  0.27237 -8.35544e-09
 73 -0.29750  1.16565e-04 | 74  0.34696  2.12236e-10 |
Function minimizer not making progress ... is minimum attained?
Minimprove criterion = 0.0000e+00

 - final statistics:
74 variables; iteration 215; function evaluation 287
Function value 1.4054e+02; maximum gradient component mag -5.9739e-04
Exit code = 1;  converg criter 1.0000e-04
Var    Value     Gradient |Var    Value     Gradient |Var    Value     Gradient
  1 -0.12988 -1.93214e-05 |  2  0.41121 -5.64836e-07 |  3  0.02923  7.61738e-06
  4 -0.50380  1.79178e-05 |  5 -0.53973  1.05647e-05 |  6 -0.23431  1.01038e-04
  7 -0.03894  4.19553e-06 |  8 -0.00049 -6.27756e-08 |  9 -0.00029 -4.70158e-08
 10 -0.00046  2.25145e-08 | 11 -0.00072 -2.37701e-08 | 12 -0.00113 -1.89786e-07
 13 -0.00177  6.39383e-08 | 14 -0.00274  9.01066e-08 | 15 -0.00422  3.24501e-07
 16 -0.00641 -2.86913e-07 | 17 -0.00961  3.24887e-07 | 18 -0.01405 -3.84252e-07
 19 -0.01983 -2.54350e-08 | 20 -0.02695 -1.53410e-08 | 21 -0.03472 -9.16974e-08
 22 -0.04135  2.60640e-07 | 23 -0.04344  3.74835e-07 | 24 -0.03733 -4.30976e-08
 25 -0.02574  5.04056e-07 | 26 -0.01793  6.11326e-07 | 27  0.00299  5.50225e-07
 28  0.11888 -3.82357e-06 | 29  0.08151 -3.80004e-06 | 30  0.06533 -3.04765e-06
 31 -0.08512 -5.40661e-06 | 32 -0.12944 -4.58498e-06 | 33  0.10393  7.03632e-06
 34 -0.11813 -3.73130e-06 | 35  0.11865  8.38907e-06 | 36 -0.01633 -1.40528e-06
 37 -0.08462 -3.66698e-06 | 38 -0.22974 -5.33534e-06 | 39 -0.09075 -1.01901e-06
 40  0.04609  7.82396e-06 | 41  0.01901  3.14612e-06 | 42  0.01425  1.41647e-06
 43  0.13730  1.12532e-05 | 44  0.00453 -2.70702e-06 | 45 -0.07038 -3.63021e-06
 46 -0.07472 -3.66326e-06 | 47  0.06445  4.54169e-06 | 48 -0.00878 -1.43526e-06
 49 -0.06629 -2.63032e-06 | 50  0.08190  7.37421e-06 | 51  0.05327 -7.35421e-07
 52 -0.07073 -3.64986e-06 | 53 -0.02549 -1.82844e-06 | 54 -0.04578 -6.09846e-07
 55 -0.08035 -1.53078e-06 | 56  0.00690  7.18677e-06 | 57  0.04547  4.09945e-06
 58 -0.04426 -2.52290e-07 | 59  0.12514  1.17812e-05 | 60 -0.07992 -4.51350e-06
 61  0.10783  5.79601e-07 | 62  0.13390 -3.68542e-06 | 63 -0.00992 -7.54423e-06
 64 -0.62376  1.06487e-07 | 65 -0.01701  2.21196e-05 | 66  0.57250  3.78971e-06
 67  0.15017 -6.10624e-08 | 68  0.40368 -1.72819e-05 | 69 -0.01294 -2.64751e-08
 70  0.33162 -5.50596e-08 | 71 -0.37578 -5.97393e-04 | 72  0.27237 -8.35544e-09
 73 -0.29750  1.16565e-04 | 74  0.34696  2.12236e-10 |
Estimating row 1 out of 74 for hessian
Estimating row 2 out of 74 for hessian
Estimating row 3 out of 74 for hessian
Estimating row 4 out of 74 for hessian
Estimating row 5 out of 74 for hessian
Estimating row 6 out of 74 for hessian
Estimating row 7 out of 74 for hessian
Estimating row 8 out of 74 for hessian
Estimating row 9 out of 74 for hessian
Estimating row 10 out of 74 for hessian
Estimating row 11 out of 74 for hessian
Estimating row 12 out of 74 for hessian
Estimating row 13 out of 74 for hessian
Estimating row 14 out of 74 for hessian
Estimating row 15 out of 74 for hessian
Estimating row 16 out of 74 for hessian
Estimating row 17 out of 74 for hessian
Estimating row 18 out of 74 for hessian
Estimating row 19 out of 74 for hessian
Estimating row 20 out of 74 for hessian
Estimating row 21 out of 74 for hessian
Estimating row 22 out of 74 for hessian
Estimating row 23 out of 74 for hessian
Estimating row 24 out of 74 for hessian
Estimating row 25 out of 74 for hessian
Estimating row 26 out of 74 for hessian
Estimating row 27 out of 74 for hessian
Estimating row 28 out of 74 for hessian
Estimating row 29 out of 74 for hessian
Estimating row 30 out of 74 for hessian
Estimating row 31 out of 74 for hessian
Estimating row 32 out of 74 for hessian
Estimating row 33 out of 74 for hessian
Estimating row 34 out of 74 for hessian
Estimating row 35 out of 74 for hessian
Estimating row 36 out of 74 for hessian
Estimating row 37 out of 74 for hessian
Estimating row 38 out of 74 for hessian
Estimating row 39 out of 74 for hessian
Estimating row 40 out of 74 for hessian
Estimating row 41 out of 74 for hessian
Estimating row 42 out of 74 for hessian
Estimating row 43 out of 74 for hessian
Estimating row 44 out of 74 for hessian
Estimating row 45 out of 74 for hessian
Estimating row 46 out of 74 for hessian
Estimating row 47 out of 74 for hessian
Estimating row 48 out of 74 for hessian
Estimating row 49 out of 74 for hessian
Estimating row 50 out of 74 for hessian
Estimating row 51 out of 74 for hessian
Estimating row 52 out of 74 for hessian
Estimating row 53 out of 74 for hessian
Estimating row 54 out of 74 for hessian
Estimating row 55 out of 74 for hessian
Estimating row 56 out of 74 for hessian
Estimating row 57 out of 74 for hessian
Estimating row 58 out of 74 for hessian
Estimating row 59 out of 74 for hessian
Estimating row 60 out of 74 for hessian
Estimating row 61 out of 74 for hessian
Estimating row 62 out of 74 for hessian
Estimating row 63 out of 74 for hessian
Estimating row 64 out of 74 for hessian
Estimating row 65 out of 74 for hessian
Estimating row 66 out of 74 for hessian
Estimating row 67 out of 74 for hessian
Estimating row 68 out of 74 for hessian
Estimating row 69 out of 74 for hessian
Estimating row 70 out of 74 for hessian
Estimating row 71 out of 74 for hessian
Estimating row 72 out of 74 for hessian
Estimating row 73 out of 74 for hessian
Estimating row 74 out of 74 for hessian
size of file gradfil1.tmp = 0
size of file gradfil2.tmp = 0
size of file varssave.tmp = 0
size of file cmpdiff.tmp = 0
