
Initial statistics: 66 variables; iteration 0; function evaluation 0; phase 1
Function value 8.0937852e+03; maximum gradient component mag -1.3791e+05
Var    Value     Gradient |Var    Value     Gradient |Var    Value     Gradient
  1 -0.47665 -1.37906e+05 |  2 -0.04572 -1.30148e+04 |  3  0.00000 -1.20702e+01
  4  0.00000 -5.68207e+00 |  5  0.00000 -8.30539e+00 |  6  0.00000 -1.21455e+01
  7  0.00000 -1.77263e+01 |  8  0.00000 -2.57316e+01 |  9  0.00000 -3.72142e+01
 10  0.00000 -5.34444e+01 | 11  0.00000 -7.62000e+01 | 12  0.00000 -1.07793e+02
 13  0.00000 -1.49277e+02 | 14  0.00000 -2.04242e+02 | 15  0.00000 -2.75690e+02
 16  0.00000 -3.66265e+02 | 17  0.00000 -4.76603e+02 | 18  0.00000 -6.04617e+02
 19  0.00000 -7.47054e+02 | 20  0.00000 -9.03869e+02 | 21  0.00000 -1.08080e+03
 22  0.00000 -1.28458e+03 | 23  0.00000  7.45575e+03 | 24  0.00000  6.98429e+03
 25  0.00000  6.56522e+03 | 26  0.00000  6.28418e+03 | 27  0.00000  5.81220e+03
 28  0.00000  4.55899e+03 | 29  0.00000  4.26232e+03 | 30  0.00000  3.32889e+03
 31  0.00000  3.40690e+03 | 32  0.00000  3.42481e+03 | 33  0.00000  3.17155e+03
 34  0.00000  2.12042e+03 | 35  0.00000  6.76469e+02 | 36  0.00000 -1.67177e+02
 37  0.00000 -7.68331e+02 | 38  0.00000 -1.23977e+03 | 39  0.00000 -5.02513e+02
 40  0.00000  8.07704e+02 | 41  0.00000  1.65854e+03 | 42  0.00000  2.00576e+03
 43  0.00000  2.80443e+03 | 44  0.00000  3.55613e+03 | 45  0.00000  3.89456e+03
 46  0.00000  4.09477e+03 | 47  0.00000  2.92818e+03 | 48  0.00000  7.96059e+02
 49  0.00000 -2.30363e+03 | 50  0.00000 -3.53887e+03 | 51  0.00000 -3.06492e+03
 52  0.00000 -2.46040e+03 | 53  0.00000 -3.89274e+03 | 54  0.00000 -1.08055e+04
 55  0.00000 -1.61925e+04 | 56  0.00000 -1.81712e+04 | 57  0.00000 -1.86803e+04
 58  0.00000 -1.87952e+04 | 59  0.00000 -1.62626e+04 | 60  0.00000 -8.11929e+03
 61  0.00000 -2.55412e+02 | 62  0.00000  5.91754e+03 | 63  0.00000  8.66456e+03
 64  0.00000  9.23587e+03 | 65  0.00000  1.03459e+04 | 66  0.00000  1.04583e+04

Intermediate statistics: 66 variables; iteration 20; function evaluation 34; phase 1
Function value 1.1541051e+03; maximum gradient component mag 1.1801e+04
Var    Value     Gradient |Var    Value     Gradient |Var    Value     Gradient
  1 -0.43535  1.18006e+04 |  2 -0.06945 -6.74579e+02 |  3 -0.00138  1.02286e+00
  4 -0.00065  4.82227e-01 |  5 -0.00095  7.00152e-01 |  6 -0.00139  1.01631e+00
  7 -0.00202  1.46954e+00 |  8 -0.00293  2.10943e+00 |  9 -0.00421  3.00670e+00
 10 -0.00599  4.24428e+00 | 11 -0.00838  5.92036e+00 | 12 -0.01154  8.14653e+00
 13 -0.01532  1.09088e+01 | 14 -0.01973  1.43507e+01 | 15 -0.02442  1.85605e+01
 16 -0.02856  2.36394e+01 | 17 -0.03073  2.97254e+01 | 18 -0.02888  3.70989e+01
 19 -0.02140  4.63894e+01 | 20 -0.00940  5.88644e+01 | 21  0.00445  7.63954e+01
 22  0.02251  1.00880e+02 | 23  0.07294 -3.47945e+02 | 24  0.07099 -2.50860e+02
 25  0.04482 -2.12382e+02 | 26 -0.02088 -2.81339e+02 | 27 -0.03990 -2.60661e+02
 28  0.06859  1.65352e+02 | 29  0.00143  9.22636e+00 | 30  0.07161  3.42939e+02
 31 -0.00527 -3.68203e+00 | 32 -0.07255 -2.00533e+02 | 33 -0.11662 -2.51902e+02
 34 -0.05512 -6.58214e+01 | 35  0.03331  3.56401e+02 | 36  0.04099  3.64861e+02
 37  0.04988  2.35997e+02 | 38  0.05500 -6.29659e+01 | 39  0.04725  2.92000e+02
 40 -0.01018  6.62555e+01 | 41 -0.02269 -1.35613e+02 | 42  0.00962 -3.47106e+02
 43  0.00667 -4.30790e+02 | 44 -0.62776 -5.29888e+02 | 45  0.06868  2.85466e+02
 46  0.14068  2.52690e+03 | 47  0.12688  2.76968e+03 | 48 -0.04416 -1.56108e+02
 49 -0.12018 -6.18026e+02 | 50 -0.11068 -4.95915e+02 | 51 -0.00047  1.01806e+02
 52  0.05382  5.04372e+02 | 53  0.01094  3.03211e+01 | 54  0.03693 -3.21155e+02
 55  0.07386  4.34327e+02 | 56  0.14039  6.00155e+02 | 57 -0.14799 -1.06924e+03
 58  0.04762 -5.28346e+02 | 59  0.15769  8.45065e+02 | 60 -0.04381 -4.13771e+02
 61 -0.03351 -2.88622e+02 | 62 -0.00984  7.94068e+00 | 63  0.02262 -1.15461e+02
 64  0.10758 -1.27147e+02 | 65 -0.09100 -7.20320e+02 | 66 -0.06099 -7.64949e+02
66 variables; iteration 40; function evaluation 59; phase 1
Function value 6.3587904e+02; maximum gradient component mag 4.1986e+03
Var    Value     Gradient |Var    Value     Gradient |Var    Value     Gradient
  1 -0.43179  4.19862e+03 |  2 -0.05888 -7.08102e+01 |  3 -0.02056 -2.20243e+00
  4 -0.01037 -1.10859e+00 |  5 -0.01455 -1.55107e+00 |  6 -0.02028 -2.15776e+00
  7 -0.02794 -2.97259e+00 |  8 -0.03830 -4.09602e+00 |  9 -0.05171 -5.57357e+00
 10 -0.06964 -7.62484e+00 | 11 -0.09123 -1.01281e+01 | 12 -0.11176 -1.23434e+01
 13 -0.11111 -1.10930e+01 | 14 -0.07456 -2.78164e+00 | 15 -0.03207  9.77330e+00
 16 -0.02402  1.66360e+01 | 17  0.02058  3.88251e+01 | 18  0.08011  7.91090e+01
 19  0.05233  6.82644e+01 | 20  0.02880  5.60701e+01 | 21 -0.00573  3.74615e+01
 22 -0.18364 -1.57767e+01 | 23  0.04997 -6.68258e+01 | 24  0.07483  3.84340e+00
 25 -0.00862 -3.79549e+01 | 26  0.00913  2.46396e+02 | 27 -0.01257  2.65190e+02
 28  0.04786 -1.71488e+01 | 29  0.00046  1.26438e+02 | 30  0.03801 -1.86559e+02
 31 -0.01743  1.75055e+01 | 32 -0.06795  1.11762e+02 | 33 -0.16663  8.43144e+00
 34 -0.05167  1.86850e+02 | 35 -0.00030 -1.62164e+01 | 36 -0.01021  5.21804e+01
 37  0.06004  5.58592e+02 | 38  0.13751  1.05734e+03 | 39  0.03532  3.48819e+02
 40 -0.12408 -1.58984e+02 | 41 -0.10982 -2.28225e+02 | 42  0.02707 -4.04069e+02
 43 -0.04682 -3.05698e+02 | 44 -0.04561 -2.43493e+02 | 45 -0.00344 -2.67470e+02
 46  0.11079  1.06071e+03 | 47  0.05152  9.68270e+02 | 48 -0.05499  2.31799e+01
 49 -0.10423 -2.02308e+02 | 50 -0.09637 -1.22175e+02 | 51  0.00496  1.13139e+01
 52  0.01682 -1.27818e+02 | 53  0.01475 -3.00989e+01 | 54  0.03462 -4.97811e+02
 55  0.04751  9.51435e+01 | 56  0.12207  1.65658e+02 | 57 -0.01236 -4.96425e+02
 58  0.04902 -1.97320e+02 | 59  0.13314  3.49455e+02 | 60 -0.07995 -6.84971e+01
 61 -0.01707  3.33499e+02 | 62 -0.00084  5.86957e+02 | 63  0.03419  4.59888e+02
 64  0.05832  2.07373e+01 | 65  0.01271  3.42645e+02 | 66  0.00255  2.32905e+02
66 variables; iteration 60; function evaluation 86; phase 1
Function value 4.4024635e+02; maximum gradient component mag 3.1951e+03
Var    Value     Gradient |Var    Value     Gradient |Var    Value     Gradient
  1 -0.44612  3.19506e+03 |  2 -0.04088  1.14075e+03 |  3 -0.04126 -5.12650e+00
  4 -0.01057 -1.10662e+00 |  5 -0.02251 -2.64864e+00 |  6 -0.04278 -5.33930e+00
  7 -0.07356 -9.47111e+00 |  8 -0.10923 -1.41727e+01 |  9 -0.11331 -1.43998e+01
 10 -0.02259  3.24852e-02 | 11  0.05203  1.53777e+01 | 12 -0.09479 -9.37819e+00
 13 -0.09880 -8.64832e+00 | 14 -0.14902 -1.55291e+01 | 15 -0.06685  2.45289e+00
 16 -0.20079 -2.09233e+01 | 17 -0.04632  1.63064e+01 | 18  0.07886  8.20007e+01
 19 -0.05023  2.10716e+01 | 20 -0.06113  1.72952e+01 | 21 -0.01056  3.60712e+01
 22 -0.14923 -9.09135e+00 | 23  0.10242 -1.23061e+02 | 24 -0.00766 -2.18663e+02
 25  0.03564 -1.49767e+02 | 26 -0.04939 -1.02170e+02 | 27 -0.02935  3.48427e+01
 28  0.04424 -2.30248e+02 | 29 -0.01469 -3.34685e+00 | 30  0.07004 -6.86130e+01
 31 -0.01892 -5.25818e+01 | 32 -0.10475 -9.35915e+01 | 33 -0.12181  3.93746e+01
 34 -0.08731 -2.71691e+01 | 35  0.02456  2.68396e+01 | 36 -0.01391 -7.32629e+01
 37  0.04790  2.43060e+02 | 38  0.12913  5.47248e+02 | 39  0.01409  6.94677e+01
 40 -0.07243 -1.48230e+02 | 41 -0.11614 -2.52313e+02 | 42  0.04405 -3.09263e+02
 43 -0.05870 -2.88492e+02 | 44 -0.00772 -1.77835e+02 | 45 -0.01373 -3.67790e+02
 46  0.09538  5.38622e+02 | 47  0.01012  3.99138e+02 | 48 -0.04963 -3.84215e+01
 49 -0.05200 -9.31214e+01 | 50 -0.08937 -1.56015e+02 | 51 -0.01283 -2.15041e+02
 52  0.00769 -2.74987e+02 | 53 -0.03596 -9.67735e+01 | 54  0.13414  4.70072e+02
 55 -0.05771 -1.16618e+02 | 56  0.11778  1.55765e+02 | 57  0.04120 -3.85983e+02
 58  0.03653 -2.70533e+02 | 59  0.12643  1.17205e+02 | 60 -0.04442 -3.10284e+01
 61 -0.04169  3.09172e+01 | 62 -0.01952  2.68147e+02 | 63  0.00843  6.26762e+01
 64  0.05001 -3.45512e+02 | 65 -0.06061 -1.50673e+02 | 66 -0.02812 -1.23192e+02
Maximum number of function evaluations exceeded

 - final statistics:
66 variables; iteration 70; function evaluation 100
Function value 3.2581e+02; maximum gradient component mag 1.0729e+03
Exit code = 3;  converg criter 1.0000e+01
Var    Value     Gradient |Var    Value     Gradient |Var    Value     Gradient
  1 -0.45955  1.07295e+03 |  2 -0.04623  2.92199e+02 |  3 -0.02773 -3.39288e+00
  4 -0.06417 -8.72298e+00 |  5 -0.03532 -4.61146e+00 |  6 -0.02623 -3.17398e+00
  7 -0.11842 -1.57991e+01 |  8  0.13310  2.15034e+01 |  9 -0.01474 -4.27691e-01
 10  0.03226  7.88748e+00 | 11 -0.06742 -7.11372e+00 | 12 -0.09876 -1.10939e+01
 13 -0.08653 -8.14918e+00 | 14 -0.04637  6.61679e-01 | 15 -0.08477 -4.67375e+00
 16  0.01370  2.16723e+01 | 17 -0.02055  1.55293e+01 | 18 -0.02217  1.69529e+01
 19 -0.04671  9.32925e+00 | 20 -0.09596 -4.05793e+00 | 21 -0.04785  5.22204e+00
 22 -0.01006  9.81813e+00 | 23  0.09418 -6.77736e+01 | 24 -0.00961 -9.75487e+01
 25  0.05983 -3.41835e+01 | 26 -0.05072  3.34680e+00 | 27 -0.09151 -2.53803e+00
 28  0.07981  1.89041e+01 | 29 -0.04415  4.63284e+01 | 30  0.08579  5.61554e+01
 31 -0.00820  7.94429e+01 | 32 -0.10315  1.16916e+01 | 33 -0.14849  6.98938e+01
 34 -0.09766  1.70115e+01 | 35  0.03255  7.64232e+01 | 36  0.01186  5.02935e+01
 37  0.03224  9.67551e+01 | 38  0.11983  1.33984e+02 | 39  0.00956  6.62138e+01
 40 -0.03371  8.35886e+01 | 41 -0.09444 -2.76532e+01 | 42  0.06619  8.80412e+01
 43 -0.04460 -3.93380e+01 | 44  0.00766  9.21371e+01 | 45  0.01884 -1.90922e+02
 46  0.08218  1.85181e+02 | 47 -0.03088  1.03316e+02 | 48 -0.03347 -1.48167e+01
 49 -0.04709 -5.78518e+01 | 50 -0.08243 -8.50260e+01 | 51 -0.01088 -1.98784e+02
 52  0.03534 -2.27671e+02 | 53 -0.04312 -1.44274e+02 | 54  0.12085 -3.00434e+02
 55 -0.05217 -1.38416e+02 | 56  0.09137 -1.62648e+02 | 57  0.10388 -9.39423e+01
 58  0.04324 -1.31674e+02 | 59  0.12850  2.31720e+01 | 60 -0.04033  4.56424e+01
 61 -0.04240  4.83606e+01 | 62 -0.05524  1.02847e+02 | 63 -0.02863 -4.07534e+01
 64  0.08499 -2.31954e+02 | 65 -0.11014 -1.17840e+02 | 66 -0.04113 -9.56139e+01

Initial statistics: 71 variables; iteration 0; function evaluation 0; phase 2
Function value 3.2539671e+02; maximum gradient component mag 1.0729e+03
Var    Value     Gradient |Var    Value     Gradient |Var    Value     Gradient
  1 -1.00000 -2.16579e-06 |  2  0.29455  2.13919e+02 |  3  0.16677 -1.88371e+02
  4 -0.58243 -7.90673e+02 |  5 -0.48738 -8.03130e+02 |  6 -0.45955  1.07295e+03
  7 -0.04623  2.92199e+02 |  8 -0.02773 -3.39288e+00 |  9 -0.06417 -8.72298e+00
 10 -0.03532 -4.61146e+00 | 11 -0.02623 -3.17398e+00 | 12 -0.11842 -1.57991e+01
 13  0.13310  2.15034e+01 | 14 -0.01474 -4.27691e-01 | 15  0.03226  7.88748e+00
 16 -0.06742 -7.11372e+00 | 17 -0.09876 -1.10939e+01 | 18 -0.08653 -8.14918e+00
 19 -0.04637  6.61679e-01 | 20 -0.08477 -4.67375e+00 | 21  0.01370  2.16723e+01
 22 -0.02055  1.55293e+01 | 23 -0.02217  1.69529e+01 | 24 -0.04671  9.32925e+00
 25 -0.09596 -4.05793e+00 | 26 -0.04785  5.22204e+00 | 27 -0.01006  9.81813e+00
 28  0.09501 -4.50566e+01 | 29 -0.00879 -7.45936e+01 | 30  0.06065 -1.13244e+01
 31 -0.04989  2.62357e+01 | 32 -0.09068  2.01880e+01 | 33  0.08064  4.16761e+01
 34 -0.04333  6.92385e+01 | 35  0.08662  7.88924e+01 | 36 -0.00738  1.02402e+02
 37 -0.10232  3.43572e+01 | 38 -0.14765  9.22601e+01 | 39 -0.09683  3.97089e+01
 40  0.03337  9.93457e+01 | 41  0.01268  7.32467e+01 | 42  0.03306  1.19677e+02
 43  0.12066  1.56498e+02 | 44  0.01038  8.91685e+01 | 45 -0.03289  1.06523e+02
 46 -0.09361 -4.94726e+00 | 47  0.06702  1.10861e+02 | 48 -0.04378 -1.64367e+01
 49  0.00848  1.15093e+02 | 50  0.01965 -1.67967e+02 | 51  0.08300  2.07914e+02
 52 -0.03006  1.26256e+02 | 53 -0.03265  8.11116e+00 | 54 -0.04627 -3.49589e+01
 55 -0.08160 -6.22695e+01 | 56 -0.01006 -1.75832e+02 | 57  0.03616 -2.04733e+02
 58 -0.04230 -1.21378e+02 | 59  0.12168 -2.77817e+02 | 60 -0.05134 -1.15546e+02
 61  0.09220 -1.39898e+02 | 62  0.10471 -7.12728e+01 | 63  0.04406 -1.08758e+02
 64  0.12934  4.56526e+01 | 65 -0.03951  6.85610e+01 | 66 -0.04158  7.12749e+01
 67 -0.05441  1.25734e+02 | 68 -0.02781 -1.78186e+01 | 69  0.08581 -2.09163e+02
 70 -0.10931 -9.52452e+01 | 71 -0.04031 -7.27088e+01 |

Intermediate statistics: 71 variables; iteration 20; function evaluation 25; phase 2
Function value 2.9578490e+02; maximum gradient component mag 2.4045e+03
Var    Value     Gradient |Var    Value     Gradient |Var    Value     Gradient
  1 -1.00029  3.55713e-01 |  2  0.28973  3.49799e+02 |  3  0.16062  4.69612e+02
  4 -0.57589  1.49410e+03 |  5 -0.49354  1.00003e+03 |  6 -0.46479  2.40445e+03
  7 -0.05233 -3.50939e+02 |  8 -0.00889 -7.16337e-01 |  9 -0.01664 -2.08714e+00
 10 -0.01005 -1.04428e+00 | 11 -0.00856 -6.65074e-01 | 12 -0.03177 -3.78133e+00
 13  0.02367  4.74350e+00 | 14 -0.01054  1.31741e-01 | 15 -0.00457  1.77904e+00
 16 -0.02750 -9.51309e-01 | 17 -0.03776 -1.49084e+00 | 18 -0.04050 -5.41560e-01
 19 -0.04190  1.01356e+00 | 20 -0.05434  6.70174e-01 | 21 -0.05855  1.98284e+00
 22 -0.06754  1.84261e+00 | 23 -0.07017  1.98009e+00 | 24 -0.06411  2.39237e+00
 25 -0.05722  2.03784e+00 | 26 -0.04400  3.96065e+00 | 27 -0.01947  6.81933e+00
 28  0.08788 -1.50297e+02 | 29  0.04495 -1.60088e+02 | 30  0.06248 -1.11778e+02
 31 -0.07071 -1.34119e+02 | 32 -0.11461 -1.48530e+02 | 33  0.08880 -6.34156e+01
 34 -0.07509 -1.16964e+02 | 35  0.09516 -1.08332e+01 | 36 -0.01261 -4.45595e+01
 37 -0.10175 -1.07615e+02 | 38 -0.19822 -1.14553e+02 | 39 -0.09693 -8.55224e+01
 40  0.04120  1.20381e+02 | 41  0.01609  6.66784e+01 | 42  0.02685  1.07867e+02
 43  0.13182  4.24797e+02 | 44  0.00884  8.32483e+01 | 45 -0.04619  1.45021e+01
 46 -0.08950 -7.25692e+01 | 47  0.06943  2.43371e+02 | 48 -0.02605  6.29635e+00
 49 -0.02003  7.31473e+01 | 50  0.05640  9.22671e+01 | 51  0.07541  3.45384e+02
 52 -0.04847  3.36327e+01 | 53 -0.02665  2.68028e+01 | 54 -0.04047  8.43438e+00
 55 -0.08008 -4.74630e+01 | 56  0.00529  2.46821e+01 | 57  0.04289  3.76850e+01
 58 -0.04230 -9.97463e+01 | 59  0.12800  9.87428e+01 | 60 -0.04795 -1.33838e+02
 61  0.09540 -2.67669e+01 | 62  0.10253 -1.64109e+01 | 63  0.05691 -7.61270e+01
 64  0.13528  1.22740e+02 | 65 -0.05500 -9.37257e+01 | 66 -0.04500 -7.74485e+01
 67 -0.08402 -9.75433e+01 | 68 -0.03480 -1.45766e+02 | 69  0.10154 -1.78150e+02
 70 -0.10453 -1.90541e+02 | 71 -0.03979 -1.70312e+02 |
71 variables; iteration 40; function evaluation 47; phase 2
Function value 2.8153009e+02; maximum gradient component mag 9.8309e+02
Var    Value     Gradient |Var    Value     Gradient |Var    Value     Gradient
  1 -0.99382 -2.57439e+00 |  2  0.27457  9.68800e+01 |  3  0.11290  1.44058e+02
  4 -0.56248  4.75067e+02 |  5 -0.49005  3.82273e+02 |  6 -0.47209  9.83093e+02
  7 -0.04795 -1.56362e+01 |  8  0.00249  8.74566e-01 |  9  0.01471  2.32722e+00
 10  0.00578  1.18364e+00 | 11  0.00202  8.18131e-01 | 12  0.02177  3.95046e+00
 13 -0.02459 -2.49599e+00 | 14 -0.00826  3.83526e-01 | 15 -0.01574 -1.02906e-01
 16 -0.01329  1.20129e+00 | 17 -0.01745  1.77665e+00 | 18 -0.02762  1.55521e+00
 19 -0.04021  1.09644e+00 | 20 -0.04758  1.83266e+00 | 21 -0.04134  5.69893e+00
 22 -0.04834  6.44442e+00 | 23 -0.04348  9.03739e+00 | 24 -0.05074  6.74526e+00
 25 -0.05001  5.49185e+00 | 26 -0.04441  6.47376e+00 | 27 -0.01427  1.21783e+01
 28  0.11538 -2.93234e+00 | 29  0.02000 -5.63961e+01 | 30  0.06833 -4.13986e+01
 31 -0.08655 -6.01497e+01 | 32 -0.11948 -5.53452e+01 | 33  0.09322  6.78005e+00
 34 -0.06093 -9.49955e+00 | 35  0.08903 -1.53080e+01 | 36  0.01052  9.76275e+01
 37 -0.10089 -1.79870e+01 | 38 -0.22840 -4.60066e+01 | 39 -0.09255 -2.45636e+01
 40  0.04279  5.28520e+01 | 41  0.01296  1.12646e+01 | 42  0.03176  6.31911e+01
 43  0.13039  1.48143e+02 | 44  0.01349  5.70533e+01 | 45 -0.05346  1.52178e+01
 46 -0.08381 -2.10759e+01 | 47  0.07269  9.81889e+01 | 48 -0.03562 -4.09056e+01
 49 -0.02693  3.55576e+01 | 50  0.06965  3.04998e+01 | 51  0.06658  1.34767e+02
 52 -0.05187  1.71069e+01 | 53 -0.03292 -1.81409e+01 | 54 -0.03836 -2.50001e-01
 55 -0.07921 -2.17225e+01 | 56  0.00739 -2.16553e+01 | 57  0.04242 -1.11082e+01
 58 -0.02675 -1.81710e+01 | 59  0.12489 -1.91666e+00 | 60 -0.02118 -2.24338e+01
 61  0.09767 -3.80461e+00 | 62  0.10080 -2.75611e+01 | 63  0.06462 -2.82040e+01
 64  0.13238  2.84624e+01 | 65 -0.05589 -2.93289e+01 | 66 -0.05320 -5.55674e+01
 67 -0.08299 -2.07188e+01 | 68 -0.03532 -5.61624e+01 | 69  0.11303 -4.92428e+01
 70 -0.12376 -1.01052e+02 | 71 -0.03860 -8.79715e+01 |
71 variables; iteration 60; function evaluation 70; phase 2
Function value 2.7443218e+02; maximum gradient component mag 7.2031e+02
Var    Value     Gradient |Var    Value     Gradient |Var    Value     Gradient
  1 -0.98910 -2.70143e+00 |  2  0.28441  6.72067e+01 |  3  0.11664  2.29377e+02
  4 -0.55572  7.20305e+02 |  5 -0.49641  5.58729e+02 |  6 -0.48251  5.58812e+02
  7 -0.04652  1.30782e+02 |  8 -0.00192  2.39841e-01 |  9  0.01656  2.58713e+00
 10  0.00253  7.19756e-01 | 11 -0.00254  1.62408e-01 | 12 -0.00622 -1.31654e-01
 13  0.03108  5.76898e+00 | 14 -0.01070  1.93198e-02 | 15 -0.01075  6.89089e-01
 16  0.00230  3.80309e+00 | 17  0.03278  1.08728e+01 | 18  0.01441  9.64064e+00
 19 -0.03543  2.14858e+00 | 20 -0.04467  2.64042e+00 | 21 -0.02139  1.08386e+01
 22 -0.06086  3.94682e+00 | 23 -0.06026  5.54238e+00 | 24 -0.04854  8.36802e+00
 25 -0.03645  1.02497e+01 | 26 -0.02231  1.30996e+01 | 27  0.00099  1.53076e+01
 28  0.08521  8.84750e+00 | 29  0.04832 -1.23165e+01 | 30  0.07165  9.91476e+00
 31 -0.07370 -1.07099e+01 | 32 -0.12193 -1.97802e+01 | 33  0.09862  4.43362e+01
 34 -0.09194 -9.51265e+00 | 35  0.10312  5.08472e+01 | 36  0.00074  6.88323e+01
 37 -0.10016 -1.04850e+01 | 38 -0.22602 -1.96692e+01 | 39 -0.09777 -2.04872e+01
 40  0.04405  3.66685e+01 | 41  0.01506  1.37140e+01 | 42  0.02952  5.32469e+01
 43  0.13473  9.37046e+01 | 44  0.01039  1.90360e+01 | 45 -0.06203 -7.52722e+00
 46 -0.08320 -1.80868e+01 | 47  0.07169  6.02690e+01 | 48 -0.02236 -1.61371e+01
 49 -0.03495  2.67952e+01 | 50  0.07403  1.89338e+00 | 51  0.06551  6.22010e+01
 52 -0.06051 -4.48820e+00 | 53 -0.02721 -1.96385e+01 | 54 -0.04064 -1.45116e+01
 55 -0.07862 -1.82993e+01 | 56  0.00960 -1.56168e+01 | 57  0.04813 -1.14602e+01
 58 -0.04265 -4.14908e+01 | 59  0.13195 -1.50004e+01 | 60 -0.03608 -2.25756e+01
 61  0.10197 -5.83742e+00 | 62  0.10183 -2.40751e+01 | 63  0.06919 -9.16596e-01
 64  0.13422 -2.03468e+00 | 65 -0.07139 -5.27881e+01 | 66 -0.05161 -4.12551e+01
 67 -0.07789  1.97924e+01 | 68 -0.02351  2.94190e+00 | 69  0.11038 -3.32716e+01
 70 -0.10532 -4.64922e+01 | 71 -0.03131 -2.53907e+01 |
Maximum number of function evaluations exceeded

 - final statistics:
71 variables; iteration 78; function evaluation 100
Function value 2.6979e+02; maximum gradient component mag 3.1327e+02
Exit code = 3;  converg criter 1.0000e+01
Var    Value     Gradient |Var    Value     Gradient |Var    Value     Gradient
  1 -0.98351  1.97720e-02 |  2  0.28816  1.26585e+01 |  3  0.10751  9.26388e+01
  4 -0.54600  3.13266e+02 |  5 -0.50358  2.43732e+02 |  6 -0.48841  1.29856e+02
  7 -0.04616  2.59351e+01 |  8 -0.00499 -2.61850e-01 |  9 -0.00467 -4.44750e-01
 10 -0.00010  2.99713e-01 | 11 -0.00489 -2.36753e-01 | 12 -0.00542 -1.06726e-01
 13 -0.00280  5.79369e-01 | 14 -0.01178 -3.29569e-01 | 15 -0.01390 -6.72805e-02
 16 -0.01925 -1.08541e-01 | 17 -0.03082 -9.35911e-01 | 18 -0.03314 -2.35133e-02
 19 -0.04265 -9.62201e-02 | 20 -0.05109  2.09282e-01 | 21 -0.05970  4.90509e-01
 22 -0.07010 -2.14648e-02 | 23 -0.07035  5.37356e-01 | 24 -0.06431  6.63480e-01
 25 -0.05361  5.41625e-01 | 26 -0.04245  1.12592e+00 | 27 -0.02180  1.32182e+00
 28  0.07732  3.96738e+00 | 29  0.07315 -2.48359e-01 | 30  0.07056  2.21494e+00
 31 -0.08092 -5.59523e+00 | 32 -0.12394 -5.86826e+00 | 33  0.10122  8.71088e+00
 34 -0.10460 -3.60178e+00 | 35  0.11177  1.54980e+01 | 36 -0.01729 -1.93987e+00
 37 -0.09027 -4.78401e+00 | 38 -0.23784 -6.80043e+00 | 39 -0.09088 -2.44056e+00
 40  0.04352  8.70037e+00 | 41  0.02217  7.10894e+00 | 42  0.01739  6.28235e+00
 43  0.13910  2.34221e+01 | 44  0.00924  4.54739e+00 | 45 -0.06175 -3.05532e-01
 46 -0.07444 -2.26162e+00 | 47  0.06639  1.12213e+01 | 48 -0.00453  3.24115e-01
 49 -0.06083  7.25902e-01 | 50  0.08499  7.40139e+00 | 51  0.05869  5.65136e+00
 52 -0.06233 -2.67259e+00 | 53 -0.02247 -1.76489e+00 | 54 -0.03990 -1.11558e+00
 55 -0.07859 -3.31148e+00 | 56  0.01147  2.42565e-01 | 57  0.04877  2.68149e+00
 58 -0.03783 -3.69008e+00 | 59  0.13478  9.81830e+00 | 60 -0.04191 -5.99774e+00
 61  0.10261  2.52618e-01 | 62  0.10651  2.84763e-01 | 63  0.06534 -5.37082e+00
 64  0.13579 -1.51190e+00 | 65 -0.06055 -6.37781e+00 | 66 -0.04477 -6.75856e+00
 67 -0.09768 -1.13332e+01 | 68 -0.03267 -9.17801e+00 | 69  0.11535 -7.31443e+00
 70 -0.09726 -9.09256e+00 | 71 -0.03526 -9.78625e+00 |

Initial statistics: 80 variables; iteration 0; function evaluation 0; phase 3
Function value 2.6979255e+02; maximum gradient component mag -3.6252e+02
Var    Value     Gradient |Var    Value     Gradient |Var    Value     Gradient
  1 -0.98351  1.97720e-02 |  2  0.28816  1.26585e+01 |  3  0.10751  9.26388e+01
  4 -0.54600  3.13266e+02 |  5 -0.50358  2.43732e+02 |  6 -0.48841  1.29856e+02
  7 -0.04616  2.59351e+01 |  8 -0.00499 -2.61850e-01 |  9 -0.00467 -4.44750e-01
 10 -0.00010  2.99713e-01 | 11 -0.00489 -2.36753e-01 | 12 -0.00542 -1.06726e-01
 13 -0.00280  5.79369e-01 | 14 -0.01178 -3.29569e-01 | 15 -0.01390 -6.72805e-02
 16 -0.01925 -1.08541e-01 | 17 -0.03082 -9.35911e-01 | 18 -0.03314 -2.35133e-02
 19 -0.04265 -9.62201e-02 | 20 -0.05109  2.09282e-01 | 21 -0.05970  4.90509e-01
 22 -0.07010 -2.14648e-02 | 23 -0.07035  5.37356e-01 | 24 -0.06431  6.63480e-01
 25 -0.05361  5.41625e-01 | 26 -0.04245  1.12592e+00 | 27 -0.02180  1.32182e+00
 28  0.07732  3.96832e+00 | 29  0.07315 -2.47414e-01 | 30  0.07056  2.21588e+00
 31 -0.08092 -5.59428e+00 | 32 -0.12394 -5.86733e+00 | 33  0.10122  8.71182e+00
 34 -0.10460 -3.60085e+00 | 35  0.11177  1.54989e+01 | 36 -0.01729 -1.93892e+00
 37 -0.09027 -4.78306e+00 | 38 -0.23784 -6.79954e+00 | 39 -0.09088 -2.43961e+00
 40  0.04352  8.70132e+00 | 41  0.02217  7.10989e+00 | 42  0.01739  6.28330e+00
 43  0.13910  2.34231e+01 | 44  0.00924  4.54834e+00 | 45 -0.06175 -3.04585e-01
 46 -0.07444 -2.26067e+00 | 47  0.06639  1.12222e+01 | 48 -0.00453  3.25067e-01
 49 -0.06083  7.26849e-01 | 50  0.08499  7.40234e+00 | 51  0.05869  5.65231e+00
 52 -0.06233 -2.67164e+00 | 53 -0.02247 -1.76394e+00 | 54 -0.03990 -1.11464e+00
 55 -0.07859 -3.31054e+00 | 56  0.01147  2.43516e-01 | 57  0.04877  2.68243e+00
 58 -0.03783 -3.68913e+00 | 59  0.13478  9.81923e+00 | 60 -0.04191 -5.99679e+00
 61  0.10261  2.53557e-01 | 62  0.10651  2.85701e-01 | 63  0.06534 -5.36987e+00
 64  0.13579 -1.51097e+00 | 65 -0.06055 -6.37687e+00 | 66 -0.04477 -6.75761e+00
 67 -0.09768 -1.13322e+01 | 68 -0.03267 -9.17706e+00 | 69  0.11535 -7.31350e+00
 70 -0.09726 -9.09162e+00 | 71 -0.03526 -9.78530e+00 | 72  0.69093  4.71376e+01
 73  0.13138 -7.10960e-03 | 74  0.41432 -3.62522e+02 | 75 -0.66493 -2.12269e-03
 76 -0.02008 -9.89395e-02 | 77 -0.47391 -7.36623e+01 | 78  0.23422  3.94897e+01
 79  0.25196  9.62635e+01 | 80  0.10430  4.06422e+01 |

Intermediate statistics: 80 variables; iteration 20; function evaluation 22; phase 3
Function value 2.6921593e+02; maximum gradient component mag -2.8781e+02
Var    Value     Gradient |Var    Value     Gradient |Var    Value     Gradient
  1 -0.98938  1.82010e+00 |  2  0.29073 -3.10541e+01 |  3  0.13199 -9.89101e+01
  4 -0.56394 -2.87812e+02 |  5 -0.49363 -2.19220e+02 |  6 -0.48383 -1.45852e+02
  7 -0.04621 -2.51126e+01 |  8 -0.00381 -1.34396e-01 |  9 -0.00285 -2.07355e-01
 10 -0.00118  1.17559e-01 | 11 -0.00380 -1.25116e-01 | 12 -0.00478 -7.69551e-02
 13 -0.00473  2.04202e-01 | 14 -0.01006 -1.99796e-01 | 15 -0.01301 -1.12230e-01
 16 -0.01798 -1.57893e-01 | 17 -0.02619 -5.07846e-01 | 18 -0.03156 -2.02446e-01
 19 -0.04040 -2.74604e-01 | 20 -0.04942 -2.29571e-01 | 21 -0.05839 -2.13402e-01
 22 -0.06644 -4.43608e-01 | 23 -0.06776 -3.92251e-01 | 24 -0.06120 -5.15472e-01
 25 -0.04874 -8.46657e-01 | 26 -0.03761 -1.19421e+00 | 27 -0.01517 -2.05142e+00
 28  0.07260  4.90725e+00 | 29  0.08164  5.17559e+00 | 30  0.07096  1.31062e+01
 31 -0.08107  1.26245e+01 | 32 -0.12303  9.32224e+00 | 33  0.10059 -8.13563e+00
 34 -0.10529  7.76785e+00 | 35  0.11315  8.89220e+00 | 36 -0.01612  1.10139e+01
 37 -0.08979  9.54303e+00 | 38 -0.23980  8.60955e+00 | 39 -0.09108  5.04348e+00
 40  0.04372 -1.03299e+01 | 41  0.02115 -9.51506e+00 | 42  0.01616 -9.05073e+00
 43  0.14010 -3.90608e+01 | 44  0.00809 -7.24272e+00 | 45 -0.06203 -1.38229e+00
 46 -0.07466 -2.52576e+00 | 47  0.06632 -3.25758e+01 | 48 -0.00455 -1.54554e+01
 49 -0.06462 -5.24602e+00 | 50  0.08573 -4.43171e+01 | 51  0.05741 -2.62647e+01
 52 -0.06278 -1.70584e+00 | 53 -0.02242 -5.11188e+00 | 54 -0.04016 -3.52651e+00
 55 -0.07905  1.00387e+00 | 56  0.01249 -8.92528e+00 | 57  0.04807 -4.50057e+00
 58 -0.03783  3.52263e+00 | 59  0.13537  3.96935e+00 | 60 -0.04217  8.88636e+00
 61  0.10378  5.80191e+00 | 62  0.10534  4.80057e+00 | 63  0.06655  5.42842e+00
 64  0.13632  6.11386e+00 | 65 -0.06151  8.01148e+00 | 66 -0.04563  7.93693e+00
 67 -0.09639  8.00518e+00 | 68 -0.03178  6.81061e+00 | 69  0.11625  1.02506e+00
 70 -0.09871  9.77335e+00 | 71 -0.03552  7.79820e+00 | 72  0.68271 -2.68186e+00
 73  0.13176  1.55534e-01 | 74  0.41321 -6.75215e+01 | 75 -0.66491 -4.01912e-03
 76 -0.01923 -2.13142e-01 | 77 -0.46946  4.42332e+01 | 78  0.22762 -3.72729e+00
 79  0.25278 -5.80116e+01 | 80  0.09816 -3.63221e+00 |
80 variables; iteration 40; function evaluation 43; phase 3
Function value 2.6905119e+02; maximum gradient component mag -2.5993e+02
Var    Value     Gradient |Var    Value     Gradient |Var    Value     Gradient
  1 -0.99450  8.97711e-01 |  2  0.29187 -2.27607e+01 |  3  0.13475 -8.76823e+01
  4 -0.56621 -2.59928e+02 |  5 -0.49226 -2.01196e+02 |  6 -0.48320 -1.32543e+02
  7 -0.04615 -1.93828e+01 |  8 -0.00315 -3.91863e-02 |  9 -0.00157 -2.58161e-02
 10 -0.00196  9.02180e-03 | 11 -0.00319 -3.53180e-02 | 12 -0.00452 -3.52848e-02
 13 -0.00570  6.56210e-02 | 14 -0.00960 -1.26739e-01 | 15 -0.01296 -9.94110e-02
 16 -0.01801 -1.58202e-01 | 17 -0.02651 -5.57967e-01 | 18 -0.03176 -2.38338e-01
 19 -0.04065 -3.23190e-01 | 20 -0.04942 -2.37003e-01 | 21 -0.05815 -1.78126e-01
 22 -0.06579 -3.31516e-01 | 23 -0.06684 -2.20895e-01 | 24 -0.06001 -2.72979e-01
 25 -0.04810 -6.78545e-01 | 26 -0.03717 -1.00754e+00 | 27 -0.00236 -2.00036e-02
 28  0.06692  5.66188e+00 | 29  0.08932  5.68050e+00 | 30  0.06656  9.68529e+00
 31 -0.07957  1.11539e+01 | 32 -0.12407  7.78604e+00 | 33  0.10108 -5.06861e+00
 34 -0.10435  7.90395e+00 | 35  0.11292  1.82242e+00 | 36 -0.01607  7.23938e+00
 37 -0.09094  5.20957e+00 | 38 -0.24069  7.61760e+00 | 39 -0.08999  7.60350e+00
 40  0.04395 -5.93467e+00 | 41  0.02082 -8.79746e+00 | 42  0.01545 -8.40090e+00
 43  0.14063 -3.09528e+01 | 44  0.00724 -4.79672e+00 | 45 -0.06061  2.56845e+00
 46 -0.07433  1.53116e+00 | 47  0.06701 -2.07692e+01 | 48 -0.00493 -1.13120e+01
 49 -0.06523 -2.69373e+00 | 50  0.08649 -3.05804e+01 | 51  0.05753 -1.66093e+01
 52 -0.06130  1.65655e+00 | 53 -0.02377 -7.33005e+00 | 54 -0.03971 -3.16195e+00
 55 -0.07987  1.08974e+00 | 56  0.01412 -1.53977e+00 | 57  0.04720 -8.41468e+00
 58 -0.03756  1.51314e+00 | 59  0.13531 -3.92204e+00 | 60 -0.04224  6.53140e+00
 61  0.10362  9.95135e-02 | 62  0.10592  3.69214e+00 | 63  0.06591 -1.84833e-01
 64  0.13659  1.75420e+00 | 65 -0.06131  6.94095e+00 | 66 -0.04585  5.62096e+00
 67 -0.09614  7.32551e+00 | 68 -0.03218  5.19534e+00 | 69  0.11678  1.91713e+00
 70 -0.09979  8.90019e+00 | 71 -0.03414  1.26532e+01 | 72  0.68824 -8.83892e+00
 73  0.13150  1.03408e-02 | 74  0.41414  2.28708e+01 | 75 -0.66388 -3.77105e-03
 76  0.03507 -6.08887e-03 | 77 -0.46777  2.95392e+01 | 78  0.23713 -9.86491e+00
 79  0.25382 -3.76826e+01 | 80  0.08631 -1.05074e+01 |
80 variables; iteration 60; function evaluation 68; phase 3
Function value 2.6893965e+02; maximum gradient component mag -1.5327e+02
Var    Value     Gradient |Var    Value     Gradient |Var    Value     Gradient
  1 -0.99378  7.94720e-01 |  2  0.29382 -7.95801e+00 |  3  0.13726 -5.14882e+01
  4 -0.56701 -1.53267e+02 |  5 -0.49201 -1.21360e+02 |  6 -0.48274 -7.32830e+01
  7 -0.04624 -6.10148e+00 |  8 -0.00325 -4.98571e-02 |  9 -0.00174 -4.89539e-02
 10 -0.00188  2.23707e-02 | 11 -0.00329 -4.59978e-02 | 12 -0.00456 -3.83850e-02
 13 -0.00570  7.13494e-02 | 14 -0.00951 -1.05901e-01 | 15 -0.01282 -6.83265e-02
 16 -0.01761 -8.13790e-02 | 17 -0.02402 -1.30980e-01 | 18 -0.03081 -4.83481e-02
 19 -0.03911 -1.28094e-02 | 20 -0.04860 -3.84264e-02 | 21 -0.05798 -8.92228e-02
 22 -0.06459 -6.91339e-03 | 23 -0.06690 -1.28808e-01 | 24 -0.06025 -1.70299e-01
 25 -0.04617 -1.23339e-01 | 26 -0.03500 -4.71888e-01 | 27 -0.00800 -6.47968e-01
 28  0.06383  3.32161e+00 | 29  0.09452  4.37845e+00 | 30  0.06354  4.86843e+00
 31 -0.08002  5.73245e+00 | 32 -0.12304  5.50309e+00 | 33  0.10159 -3.33338e-01
 34 -0.10594  3.97071e+00 | 35  0.11285 -1.52309e+00 | 36 -0.01672  3.18697e+00
 37 -0.08965  3.90636e+00 | 38 -0.23931  5.14296e+00 | 39 -0.09152  3.26423e+00
 40  0.04390 -3.13200e+00 | 41  0.02073 -4.34194e+00 | 42  0.01634 -2.70300e+00
 43  0.14044 -1.58383e+01 | 44  0.00809 -1.88263e+00 | 45 -0.06230  9.54637e-01
 46 -0.07335  2.14183e+00 | 47  0.06670 -8.86906e+00 | 48 -0.00364 -3.11654e+00
 49 -0.06633 -2.59328e-01 | 50  0.08708 -1.10597e+01 | 51  0.05778 -6.36341e+00
 52 -0.06293  6.10417e-01 | 53 -0.02237 -1.47158e+00 | 54 -0.03980 -5.97225e-01
 55 -0.07969  1.11842e+00 | 56  0.01351 -1.15297e+00 | 57  0.04748 -5.02834e+00
 58 -0.03697  1.00718e+00 | 59  0.13472 -8.12835e+00 | 60 -0.04190  3.13797e+00
 61  0.10367 -2.83867e+00 | 62  0.10526 -1.51970e+00 | 63  0.06676  6.74351e-02
 64  0.13635 -1.84578e+00 | 65 -0.06099  4.21631e+00 | 66 -0.04571  3.44336e+00
 67 -0.09660  4.05395e+00 | 68 -0.03130  5.31191e+00 | 69  0.11692  2.59778e+00
 70 -0.09884  6.13062e+00 | 71 -0.03544  5.31970e+00 | 72  0.68489 -1.14381e+01
 73  0.13169  6.30740e-01 | 74  0.41427  7.03526e+01 | 75 -0.66171 -3.82360e-03
 76  0.03083  3.38142e-02 | 77 -0.46654  8.97585e+00 | 78  0.22880 -6.39047e+00
 79  0.25455 -1.11656e+01 | 80  0.09326 -6.36913e+00 |
80 variables; iteration 80; function evaluation 100; phase 3
Function value 2.6885713e+02; maximum gradient component mag -1.1950e+02
Var    Value     Gradient |Var    Value     Gradient |Var    Value     Gradient
  1 -0.99815  2.08228e-01 |  2  0.29330 -4.98151e+00 |  3  0.16936 -3.51392e+01
  4 -0.58243 -1.19499e+02 |  5 -0.48534 -9.36213e+01 |  6 -0.48281 -4.93289e+01
  7 -0.04587 -1.14705e+01 |  8 -0.00366 -1.00375e-01 |  9 -0.00144 -3.90547e-03
 10 -0.00186  2.82453e-02 | 11 -0.00364 -9.29491e-02 | 12 -0.00503 -1.00772e-01
 13 -0.00486  2.02927e-01 | 14 -0.00983 -1.42585e-01 | 15 -0.01339 -1.39934e-01
 16 -0.01969 -3.90761e-01 | 17 -0.02602 -4.34553e-01 | 18 -0.02847  3.82011e-01
 19 -0.04129 -3.82337e-01 | 20 -0.04942 -1.82854e-01 | 21 -0.05859 -2.24220e-01
 22 -0.06606 -3.65421e-01 | 23 -0.06843 -5.42245e-01 | 24 -0.05964 -1.54850e-01
 25 -0.04559 -1.18337e-01 | 26 -0.03251 -2.04728e-01 | 27 -0.00628 -6.94144e-01
 28  0.06707 -5.35117e-01 | 29  0.09462 -2.57841e+00 | 30  0.06155 -2.74580e+00
 31 -0.08095  1.73600e+00 | 32 -0.12416  1.85084e+00 | 33  0.10198 -5.06735e+00
 34 -0.10567  1.89210e+00 | 35  0.11304 -8.78334e+00 | 36 -0.01745 -1.32079e+00
 37 -0.09038  6.16985e-01 | 38 -0.24004  2.98963e+00 | 39 -0.09210  3.77653e-01
 40  0.04404 -3.82245e+00 | 41  0.02119 -1.25719e+00 | 42  0.01637 -7.88464e-01
 43  0.14085 -9.85946e+00 | 44  0.00754 -2.07769e+00 | 45 -0.06188  7.26084e-01
 46 -0.07443  1.04600e+00 | 47  0.06737 -2.82143e+00 | 48 -0.00392  5.38523e-01
 49 -0.06561  2.40071e+00 | 50  0.08755 -2.17812e+00 | 51  0.05784 -1.45440e+00
 52 -0.06269  1.98475e+00 | 53 -0.02215  1.51531e+00 | 54 -0.03942  1.98612e+00
 55 -0.07954  1.65483e+00 | 56  0.01337 -6.48450e-01 | 57  0.04788  9.53125e-02
 58 -0.03670  1.97747e+00 | 59  0.13494 -4.31980e+00 | 60 -0.04321  1.60901e+00
 61  0.10430 -3.89286e-01 | 62  0.10516  2.95158e-01 | 63  0.06741  2.48488e+00
 64  0.13655  9.13212e-01 | 65 -0.06097  3.10858e+00 | 66 -0.04549  3.56738e+00
 67 -0.09649  2.93136e+00 | 68 -0.03143  3.45679e+00 | 69  0.11757  3.22291e+00
 70 -0.10051  3.48584e+00 | 71 -0.03532  3.57196e+00 | 72  0.69480 -1.03181e+01
 73  0.13126  3.43888e-01 | 74  0.41491  7.93841e+01 | 75 -0.62949 -4.76229e-04
 76 -0.00035  2.61701e-02 | 77 -0.46669  2.21417e+00 | 78  0.23478 -7.66583e+00
 79  0.25448 -3.50677e+00 | 80  0.08640 -8.03610e+00 |
Maximum number of function evaluations exceeded

 - final statistics:
80 variables; iteration 81; function evaluation 100
Function value 2.6886e+02; maximum gradient component mag -1.1950e+02
Exit code = 3;  converg criter 1.0000e+00
Var    Value     Gradient |Var    Value     Gradient |Var    Value     Gradient
  1 -0.99815  2.08228e-01 |  2  0.29330 -4.98151e+00 |  3  0.16936 -3.51392e+01
  4 -0.58243 -1.19499e+02 |  5 -0.48534 -9.36213e+01 |  6 -0.48281 -4.93289e+01
  7 -0.04587 -1.14705e+01 |  8 -0.00366 -1.00375e-01 |  9 -0.00144 -3.90547e-03
 10 -0.00186  2.82453e-02 | 11 -0.00364 -9.29491e-02 | 12 -0.00503 -1.00772e-01
 13 -0.00486  2.02927e-01 | 14 -0.00983 -1.42585e-01 | 15 -0.01339 -1.39934e-01
 16 -0.01969 -3.90761e-01 | 17 -0.02602 -4.34553e-01 | 18 -0.02847  3.82011e-01
 19 -0.04129 -3.82337e-01 | 20 -0.04942 -1.82854e-01 | 21 -0.05859 -2.24220e-01
 22 -0.06606 -3.65421e-01 | 23 -0.06843 -5.42245e-01 | 24 -0.05964 -1.54850e-01
 25 -0.04559 -1.18337e-01 | 26 -0.03251 -2.04728e-01 | 27 -0.00628 -6.94144e-01
 28  0.06707 -5.35117e-01 | 29  0.09462 -2.57841e+00 | 30  0.06155 -2.74580e+00
 31 -0.08095  1.73600e+00 | 32 -0.12416  1.85084e+00 | 33  0.10198 -5.06735e+00
 34 -0.10567  1.89210e+00 | 35  0.11304 -8.78334e+00 | 36 -0.01745 -1.32079e+00
 37 -0.09038  6.16985e-01 | 38 -0.24004  2.98963e+00 | 39 -0.09210  3.77653e-01
 40  0.04404 -3.82245e+00 | 41  0.02119 -1.25719e+00 | 42  0.01637 -7.88464e-01
 43  0.14085 -9.85946e+00 | 44  0.00754 -2.07769e+00 | 45 -0.06188  7.26084e-01
 46 -0.07443  1.04600e+00 | 47  0.06737 -2.82143e+00 | 48 -0.00392  5.38523e-01
 49 -0.06561  2.40071e+00 | 50  0.08755 -2.17812e+00 | 51  0.05784 -1.45440e+00
 52 -0.06269  1.98475e+00 | 53 -0.02215  1.51531e+00 | 54 -0.03942  1.98612e+00
 55 -0.07954  1.65483e+00 | 56  0.01337 -6.48450e-01 | 57  0.04788  9.53125e-02
 58 -0.03670  1.97747e+00 | 59  0.13494 -4.31980e+00 | 60 -0.04321  1.60901e+00
 61  0.10430 -3.89286e-01 | 62  0.10516  2.95158e-01 | 63  0.06741  2.48488e+00
 64  0.13655  9.13212e-01 | 65 -0.06097  3.10858e+00 | 66 -0.04549  3.56738e+00
 67 -0.09649  2.93136e+00 | 68 -0.03143  3.45679e+00 | 69  0.11757  3.22291e+00
 70 -0.10051  3.48584e+00 | 71 -0.03532  3.57196e+00 | 72  0.69480 -1.03181e+01
 73  0.13126  3.43888e-01 | 74  0.41491  7.93841e+01 | 75 -0.62949 -4.76229e-04
 76 -0.00035  2.61701e-02 | 77 -0.46669  2.21417e+00 | 78  0.23478 -7.66583e+00
 79  0.25448 -3.50677e+00 | 80  0.08640 -8.03610e+00 |

Initial statistics: 80 variables; iteration 0; function evaluation 0; phase 4
Function value 2.6885713e+02; maximum gradient component mag -1.1950e+02
Var    Value     Gradient |Var    Value     Gradient |Var    Value     Gradient
  1 -0.99815  2.08228e-01 |  2  0.29330 -4.98151e+00 |  3  0.16936 -3.51392e+01
  4 -0.58243 -1.19499e+02 |  5 -0.48534 -9.36213e+01 |  6 -0.48281 -4.93289e+01
  7 -0.04587 -1.14705e+01 |  8 -0.00366 -1.00375e-01 |  9 -0.00144 -3.90547e-03
 10 -0.00186  2.82453e-02 | 11 -0.00364 -9.29491e-02 | 12 -0.00503 -1.00772e-01
 13 -0.00486  2.02927e-01 | 14 -0.00983 -1.42585e-01 | 15 -0.01339 -1.39934e-01
 16 -0.01969 -3.90761e-01 | 17 -0.02602 -4.34553e-01 | 18 -0.02847  3.82011e-01
 19 -0.04129 -3.82337e-01 | 20 -0.04942 -1.82854e-01 | 21 -0.05859 -2.24220e-01
 22 -0.06606 -3.65421e-01 | 23 -0.06843 -5.42245e-01 | 24 -0.05964 -1.54850e-01
 25 -0.04559 -1.18337e-01 | 26 -0.03251 -2.04728e-01 | 27 -0.00628 -6.94144e-01
 28  0.06706 -5.64724e-01 | 29  0.09462 -2.60786e+00 | 30  0.06155 -2.77543e+00
 31 -0.08095  1.70647e+00 | 32 -0.12416  1.82164e+00 | 33  0.10198 -5.09674e+00
 34 -0.10567  1.86273e+00 | 35  0.11304 -8.81265e+00 | 36 -0.01746 -1.35055e+00
 37 -0.09038  5.87513e-01 | 38 -0.24004  2.96195e+00 | 39 -0.09210  3.48192e-01
 40  0.04404 -3.85215e+00 | 41  0.02119 -1.28694e+00 | 42  0.01637 -8.18225e-01
 43  0.14085 -9.88851e+00 | 44  0.00754 -2.10746e+00 | 45 -0.06188  6.96453e-01
 46 -0.07443  1.01643e+00 | 47  0.06737 -2.85103e+00 | 48 -0.00393  5.08752e-01
 49 -0.06561  2.37109e+00 | 50  0.08755 -2.20761e+00 | 51  0.05784 -1.48405e+00
 52 -0.06269  1.95513e+00 | 53 -0.02215  1.48556e+00 | 54 -0.03943  1.95640e+00
 55 -0.07955  1.62529e+00 | 56  0.01337 -6.78215e-01 | 57  0.04788  6.56251e-02
 58 -0.03670  1.94775e+00 | 59  0.13493 -4.34890e+00 | 60 -0.04321  1.57930e+00
 61  0.10430 -4.18659e-01 | 62  0.10516  2.65792e-01 | 63  0.06741  2.45527e+00
 64  0.13655  8.84123e-01 | 65 -0.06097  3.07895e+00 | 66 -0.04549  3.53768e+00
 67 -0.09649  2.90193e+00 | 68 -0.03143  3.42705e+00 | 69  0.11757  3.19364e+00
 70 -0.10051  3.45643e+00 | 71 -0.03532  3.54224e+00 | 72  0.69480 -1.03181e+01
 73  0.13126  3.43888e-01 | 74  0.41491  7.93841e+01 | 75 -0.62949 -4.76229e-04
 76 -0.00035  2.61701e-02 | 77 -0.46669  2.21417e+00 | 78  0.23478 -7.66583e+00
 79  0.25448 -3.50677e+00 | 80  0.08640 -8.03610e+00 |

Intermediate statistics: 80 variables; iteration 20; function evaluation 25; phase 4
Function value 2.6884436e+02; maximum gradient component mag -6.9995e+00
Var    Value     Gradient |Var    Value     Gradient |Var    Value     Gradient
  1 -0.99916  5.99552e-02 |  2  0.29327 -5.99141e-01 |  3  0.17348 -1.95279e+00
  4 -0.58400 -5.65530e+00 |  5 -0.48477 -4.29203e+00 |  6 -0.48291 -6.99955e+00
  7 -0.04586 -2.47996e+00 |  8 -0.00311 -1.09872e-02 |  9 -0.00145  3.67445e-04
 10 -0.00207  5.07080e-03 | 11 -0.00314 -1.02855e-02 | 12 -0.00452 -1.00157e-02
 13 -0.00622  2.68207e-02 | 14 -0.00916 -1.06056e-02 | 15 -0.01282 -7.25389e-03
 16 -0.01775 -2.17471e-02 | 17 -0.02397 -1.46730e-02 | 18 -0.03123  1.20431e-02
 19 -0.03989  4.41586e-03 | 20 -0.04932  2.70136e-03 | 21 -0.05846  1.94499e-03
 22 -0.06541  7.08467e-03 | 23 -0.06712  1.16850e-02 | 24 -0.06069 -3.62183e-02
 25 -0.04739 -4.84245e-02 | 26 -0.03468 -1.84514e-02 | 27 -0.00754  7.10650e-02
 28  0.06860  6.54289e-01 | 29  0.09398  6.67142e-01 | 30  0.06260  1.22277e-01
 31 -0.08203  1.62046e-01 | 32 -0.12393  2.76774e-01 | 33  0.10191 -1.90068e-01
 34 -0.10590  5.69756e-01 | 35  0.11322  1.26317e+00 | 36 -0.01746  5.93101e-01
 37 -0.09024  6.10668e-01 | 38 -0.24099  4.30091e-01 | 39 -0.09193  1.41557e-01
 40  0.04408  2.17871e-01 | 41  0.02112  5.51966e-01 | 42  0.01633  2.00113e-01
 43  0.14073 -3.32735e+00 | 44  0.00762 -1.51762e+00 | 45 -0.06207 -2.96889e-01
 46 -0.07422 -5.88715e-02 | 47  0.06726 -1.45531e+00 | 48 -0.00398 -4.47279e-01
 49 -0.06573  3.70588e-01 | 50  0.08746 -1.73375e+00 | 51  0.05777 -1.58663e+00
 52 -0.06269  2.90596e-01 | 53 -0.02218  5.31839e-01 | 54 -0.03948  8.53992e-01
 55 -0.07952  2.78095e-01 | 56  0.01350  4.20084e-01 | 57  0.04789  1.26087e+00
 58 -0.03673  6.38947e-01 | 59  0.13493 -1.33051e+00 | 60 -0.04307 -2.30369e-01
 61  0.10421 -9.04439e-01 | 62  0.10519 -7.57036e-01 | 63  0.06731  2.00455e-01
 64  0.13657 -2.65103e-01 | 65 -0.06093  3.77489e-01 | 66 -0.04554  6.65018e-01
 67 -0.09645  1.58964e-01 | 68 -0.03135  7.85432e-01 | 69  0.11757  5.85164e-01
 70 -0.10058  3.57895e-01 | 71 -0.03528  5.57260e-01 | 72  0.69487 -6.94707e-01
 73  0.13125  3.33875e-01 | 74  0.41479  4.15758e+00 | 75 -0.62950  6.09528e-04
 76 -0.00110  9.02783e-02 | 77 -0.46677  2.41234e-02 | 78  0.23475 -2.09108e+00
 79  0.25444  5.64959e-02 | 80  0.08648 -2.20044e+00 |
80 variables; iteration 40; function evaluation 47; phase 4
Function value 2.6884277e+02; maximum gradient component mag -2.5073e+01
Var    Value     Gradient |Var    Value     Gradient |Var    Value     Gradient
  1 -0.99924  5.59508e-02 |  2  0.29320 -1.74702e+00 |  3  0.17694 -7.21316e+00
  4 -0.58552 -2.50732e+01 |  5 -0.48416 -1.97282e+01 |  6 -0.48300 -1.46032e+01
  7 -0.04579 -3.65258e+00 |  8 -0.00317 -1.87781e-02 |  9 -0.00145 -9.93624e-04
 10 -0.00207  4.75036e-03 | 11 -0.00319 -1.71603e-02 | 12 -0.00457 -1.83627e-02
 13 -0.00617  3.32634e-02 | 14 -0.00925 -2.41168e-02 | 15 -0.01291 -2.23118e-02
 16 -0.01793 -5.15321e-02 | 17 -0.02415 -4.59575e-02 | 18 -0.03123  1.14705e-02
 19 -0.04002 -1.94069e-02 | 20 -0.04940 -1.72150e-02 | 21 -0.05852 -1.74559e-02
 22 -0.06543 -9.56402e-03 | 23 -0.06708  2.94398e-04 | 24 -0.06062 -4.84093e-02
 25 -0.04729 -6.52034e-02 | 26 -0.03453 -4.97485e-02 | 27 -0.00760 -3.83119e-02
 28  0.06892  8.38892e-01 | 29  0.09390  5.04212e-01 | 30  0.06237  1.93614e-01
 31 -0.08182  9.08298e-01 | 32 -0.12398  8.50991e-01 | 33  0.10195 -4.78981e-01
 34 -0.10604  9.89858e-01 | 35  0.11327  7.08861e-01 | 36 -0.01753  6.99965e-01
 37 -0.09044  8.13167e-01 | 38 -0.24067  1.15240e+00 | 39 -0.09203  4.11259e-01
 40  0.04417  4.13699e-02 | 41  0.02111  1.96001e-01 | 42  0.01621 -3.30354e-01
 43  0.14075 -4.81512e+00 | 44  0.00775 -1.37313e+00 | 45 -0.06220 -9.99669e-02
 46 -0.07423  2.86076e-01 | 47  0.06735 -1.20127e+00 | 48 -0.00391 -1.17477e-01
 49 -0.06587  4.28172e-01 | 50  0.08744 -2.86159e+00 | 51  0.05789 -1.47757e+00
 52 -0.06273  6.05619e-01 | 53 -0.02217  6.22076e-01 | 54 -0.03950  9.55747e-01
 55 -0.07943  6.47633e-01 | 56  0.01346 -1.71995e-01 | 57  0.04787  5.10096e-01
 58 -0.03674  8.30477e-01 | 59  0.13498 -1.61211e+00 | 60 -0.04310  3.02526e-01
 61  0.10428 -5.15604e-01 | 62  0.10517 -6.42330e-01 | 63  0.06740  8.51242e-01
 64  0.13656 -4.00723e-01 | 65 -0.06101  6.86447e-01 | 66 -0.04552  1.19578e+00
 67 -0.09636  8.34740e-01 | 68 -0.03145  1.06688e+00 | 69  0.11761  1.08117e+00
 70 -0.10060  1.11053e+00 | 71 -0.03530  1.15612e+00 | 72  0.69645 -1.87257e+00
 73  0.13118  2.12942e-01 | 74  0.41489  1.42339e+01 | 75 -0.62965  1.15388e-03
 76 -0.01112  4.67891e-02 | 77 -0.46681  8.27056e-01 | 78  0.23430 -2.72092e+00
 79  0.25444 -6.61123e-01 | 80  0.08700 -2.84698e+00 |
80 variables; iteration 60; function evaluation 70; phase 4
Function value 2.6884150e+02; maximum gradient component mag -1.3006e+01
Var    Value     Gradient |Var    Value     Gradient |Var    Value     Gradient
  1 -0.99958  1.27872e-02 |  2  0.29330 -7.55086e-01 |  3  0.17720 -3.78234e+00
  4 -0.58564 -1.30063e+01 |  5 -0.48411 -1.02181e+01 |  6 -0.48296 -7.15636e+00
  7 -0.04575 -1.70784e+00 |  8 -0.00287  2.52932e-02 |  9 -0.00144  2.50372e-04
 10 -0.00217 -8.86116e-03 | 11 -0.00291  2.28908e-02 | 12 -0.00428  2.32235e-02
 13 -0.00675 -5.16305e-02 | 14 -0.00893  2.49902e-02 | 15 -0.01267  1.65084e-02
 16 -0.01747  2.50482e-02 | 17 -0.02399 -1.53736e-02 | 18 -0.03094  6.67698e-02
 19 -0.04034 -7.10057e-02 | 20 -0.04947 -1.88633e-02 | 21 -0.05857 -1.41221e-02
 22 -0.06552 -1.05769e-02 | 23 -0.06723 -1.00763e-02 | 24 -0.06052  2.61848e-03
 25 -0.04714  1.84397e-03 | 26 -0.03453 -6.51320e-03 | 27 -0.00809 -5.68383e-02
 28  0.06920  4.49528e-01 | 29  0.09362  2.43973e-01 | 30  0.06262  7.25139e-02
 31 -0.08202  4.07339e-01 | 32 -0.12388  4.34027e-01 | 33  0.10199 -2.31971e-01
 34 -0.10622  3.11656e-01 | 35  0.11323  1.88898e-01 | 36 -0.01750  3.14731e-01
 37 -0.09045  2.97934e-01 | 38 -0.24093  4.98020e-01 | 39 -0.09188  2.60056e-01
 40  0.04414 -4.26992e-02 | 41  0.02103 -2.27154e-02 | 42  0.01623 -7.46716e-02
 43  0.14078 -2.22228e+00 | 44  0.00787 -4.89680e-01 | 45 -0.06210  9.20431e-03
 46 -0.07444 -8.46571e-02 | 47  0.06738 -5.64230e-01 | 48 -0.00392 -6.36782e-02
 49 -0.06602  1.61210e-01 | 50  0.08753 -1.26479e+00 | 51  0.05790 -6.63004e-01
 52 -0.06275  2.89099e-01 | 53 -0.02220  2.57857e-01 | 54 -0.03955  4.49207e-01
 55 -0.07951  1.06163e-01 | 56  0.01354 -2.00159e-02 | 57  0.04780  1.31313e-01
 58 -0.03679  3.19598e-01 | 59  0.13498 -7.56871e-01 | 60 -0.04287  2.37503e-01
 61  0.10423 -2.37203e-01 | 62  0.10524 -2.59603e-01 | 63  0.06733  3.95694e-01
 64  0.13657 -1.85930e-01 | 65 -0.06088  5.42026e-01 | 66 -0.04558  5.65045e-01
 67 -0.09637  2.99085e-01 | 68 -0.03144  5.13280e-01 | 69  0.11759  5.03836e-01
 70 -0.10049  6.48321e-01 | 71 -0.03536  3.99282e-01 | 72  0.69615 -1.04854e+00
 73  0.13119 -5.93554e-02 | 74  0.41486  7.24870e+00 | 75 -0.63101  1.98278e-03
 76 -0.02324 -1.06189e-02 | 77 -0.46676  5.47600e-01 | 78  0.23589 -1.28289e+00
 79  0.25445 -3.94373e-01 | 80  0.08543 -1.37271e+00 |

 - final statistics:
80 variables; iteration 71; function evaluation 86
Function value 2.6884e+02; maximum gradient component mag -4.3801e-01
Exit code = 1;  converg criter 1.0000e+00
Var    Value     Gradient |Var    Value     Gradient |Var    Value     Gradient
  1 -0.99958  1.08437e-02 |  2  0.29326 -2.76085e-02 |  3  0.17828 -1.30733e-01
  4 -0.58612 -4.38010e-01 |  5 -0.48390 -3.37848e-01 |  6 -0.48297 -1.90842e-01
  7 -0.04572 -5.53209e-03 |  8 -0.00310 -7.17804e-03 |  9 -0.00145 -5.75840e-04
 10 -0.00208  3.94796e-03 | 11 -0.00312 -6.36029e-03 | 12 -0.00446 -9.88016e-04
 13 -0.00645 -5.93245e-03 | 14 -0.00910  1.46131e-03 | 15 -0.01283 -3.77077e-03
 16 -0.01772 -9.40668e-03 | 17 -0.02385  1.46112e-02 | 18 -0.03138  5.29944e-04
 19 -0.04000  2.31754e-03 | 20 -0.04942  2.03036e-03 | 21 -0.05864 -1.37109e-02
 22 -0.06547  1.40832e-02 | 23 -0.06734 -1.69842e-02 | 24 -0.06061  3.31575e-04
 25 -0.04726 -2.84493e-03 | 26 -0.03465 -9.81278e-03 | 27 -0.00792 -9.33094e-03
 28  0.06903 -1.40599e-02 | 29  0.09367 -1.31284e-02 | 30  0.06268 -6.50912e-03
 31 -0.08210  3.54744e-03 | 32 -0.12388  5.10612e-03 | 33  0.10199 -2.04828e-02
 34 -0.10603  6.08782e-03 | 35  0.11318 -6.90427e-02 | 36 -0.01751 -9.38931e-03
 37 -0.09043 -3.88155e-03 | 38 -0.24102  9.44683e-03 | 39 -0.09184  6.40252e-03
 40  0.04412 -2.50392e-02 | 41  0.02103 -1.57648e-02 | 42  0.01615 -9.59904e-03
 43  0.14084  4.31887e-03 | 44  0.00789  1.23001e-02 | 45 -0.06219  9.84621e-03
 46 -0.07426  1.10375e-02 | 47  0.06734 -1.65660e-02 | 48 -0.00391 -5.94865e-03
 49 -0.06608  7.16593e-03 | 50  0.08758  1.39222e-02 | 51  0.05792  6.46571e-03
 52 -0.06280  1.33230e-03 | 53 -0.02221 -1.03351e-02 | 54 -0.03965 -1.39330e-02
 55 -0.07941  8.76551e-03 | 56  0.01355 -6.82805e-03 | 57  0.04777 -2.32171e-02
 58 -0.03681 -2.17938e-03 | 59  0.13500 -8.73528e-03 | 60 -0.04283  1.14021e-02
 61  0.10422  1.46097e-03 | 62  0.10529  1.16906e-02 | 63  0.06726 -7.33728e-03
 64  0.13659  4.65597e-03 | 65 -0.06092  4.39512e-03 | 66 -0.04562  1.65969e-03
 67 -0.09626  1.65303e-02 | 68 -0.03145  5.61386e-03 | 69  0.11759 -7.57047e-03
 70 -0.10060  5.71956e-03 | 71 -0.03530  1.61629e-02 | 72  0.69656 -3.18311e-02
 73  0.13116 -6.28858e-02 | 74  0.41488  2.25787e-01 | 75 -0.63692  1.85311e-03
 76 -0.02327 -2.19601e-04 | 77 -0.46684  3.51142e-02 | 78  0.23361 -3.10291e-02
 79  0.25439 -7.80613e-02 | 80  0.08766 -3.70968e-02 |

 - final statistics:
80 variables; iteration 0; function evaluation 0
Function value 2.6884e+02; maximum gradient component mag -4.3801e-01
Exit code = 0;  converg criter 1.0000e+00
Var    Value     Gradient |Var    Value     Gradient |Var    Value     Gradient
  1 -0.99958  1.08437e-02 |  2  0.29326 -2.76085e-02 |  3  0.17828 -1.30733e-01
  4 -0.58612 -4.38010e-01 |  5 -0.48390 -3.37848e-01 |  6 -0.48297 -1.90842e-01
  7 -0.04572 -5.53209e-03 |  8 -0.00310 -7.17804e-03 |  9 -0.00145 -5.75840e-04
 10 -0.00208  3.94796e-03 | 11 -0.00312 -6.36029e-03 | 12 -0.00446 -9.88016e-04
 13 -0.00645 -5.93245e-03 | 14 -0.00910  1.46131e-03 | 15 -0.01283 -3.77077e-03
 16 -0.01772 -9.40668e-03 | 17 -0.02385  1.46112e-02 | 18 -0.03138  5.29944e-04
 19 -0.04000  2.31754e-03 | 20 -0.04942  2.03036e-03 | 21 -0.05864 -1.37109e-02
 22 -0.06547  1.40832e-02 | 23 -0.06734 -1.69842e-02 | 24 -0.06061  3.31575e-04
 25 -0.04726 -2.84493e-03 | 26 -0.03465 -9.81278e-03 | 27 -0.00792 -9.33094e-03
 28  0.06903 -1.16947e-02 | 29  0.09367 -1.07749e-02 | 30  0.06268 -4.14147e-03
 31 -0.08209  5.90685e-03 | 32 -0.12388  7.44039e-03 | 33  0.10199 -1.81341e-02
 34 -0.10603  8.43407e-03 | 35  0.11318 -6.67011e-02 | 36 -0.01751 -7.01104e-03
 37 -0.09043 -1.52634e-03 | 38 -0.24102  1.16575e-02 | 39 -0.09184  8.75697e-03
 40  0.04412 -2.26657e-02 | 41  0.02103 -1.33870e-02 | 42  0.01615 -7.22064e-03
 43  0.14084  6.64006e-03 | 44  0.00790  1.46791e-02 | 45 -0.06219  1.22140e-02
 46 -0.07426  1.34006e-02 | 47  0.06734 -1.42001e-02 | 48 -0.00391 -3.56953e-03
 49 -0.06608  9.53229e-03 | 50  0.08758  1.62789e-02 | 51  0.05792  8.83504e-03
 52 -0.06280  3.69990e-03 | 53 -0.02221 -7.95737e-03 | 54 -0.03965 -1.15585e-02
 55 -0.07941  1.11262e-02 | 56  0.01355 -4.44941e-03 | 57  0.04777 -2.08447e-02
 58 -0.03681  1.95815e-04 | 59  0.13500 -6.40940e-03 | 60 -0.04283  1.37759e-02
 61  0.10422  3.80833e-03 | 62  0.10529  1.40373e-02 | 63  0.06726 -4.97137e-03
 64  0.13659  6.98059e-03 | 65 -0.06092  6.76341e-03 | 66 -0.04562  4.03275e-03
 67 -0.09626  1.88823e-02 | 68 -0.03145  7.99013e-03 | 69  0.11759 -5.23176e-03
 70 -0.10060  8.06909e-03 | 71 -0.03530  1.85384e-02 | 72  0.69656 -3.18311e-02
 73  0.13116 -6.28858e-02 | 74  0.41488  2.25787e-01 | 75 -0.63692  1.85311e-03
 76 -0.02327 -2.19601e-04 | 77 -0.46684  3.51142e-02 | 78  0.23361 -3.10291e-02
 79  0.25439 -7.80613e-02 | 80  0.08766 -3.70968e-02 |

Initial statistics: 81 variables; iteration 0; function evaluation 0; phase 6
Function value 2.6884106e+02; maximum gradient component mag -6.1598e-01
Var    Value     Gradient |Var    Value     Gradient |Var    Value     Gradient
  1 -0.99958  1.08437e-02 |  2  0.29326 -2.76085e-02 |  3  0.17828 -1.30733e-01
  4 -0.58612 -4.38010e-01 |  5 -0.48390 -3.37848e-01 |  6 -0.48297 -1.90842e-01
  7 -0.04572 -5.53209e-03 |  8 -0.00310 -7.17804e-03 |  9 -0.00145 -5.75840e-04
 10 -0.00208  3.94796e-03 | 11 -0.00312 -6.36029e-03 | 12 -0.00446 -9.88016e-04
 13 -0.00645 -5.93245e-03 | 14 -0.00910  1.46131e-03 | 15 -0.01283 -3.77077e-03
 16 -0.01772 -9.40668e-03 | 17 -0.02385  1.46112e-02 | 18 -0.03138  5.29944e-04
 19 -0.04000  2.31754e-03 | 20 -0.04942  2.03036e-03 | 21 -0.05864 -1.37109e-02
 22 -0.06547  1.40832e-02 | 23 -0.06734 -1.69842e-02 | 24 -0.06061  3.31575e-04
 25 -0.04726 -2.84493e-03 | 26 -0.03465 -9.81278e-03 | 27 -0.00792 -9.33094e-03
 28  0.06903 -1.16947e-02 | 29  0.09367 -1.07749e-02 | 30  0.06268 -4.14147e-03
 31 -0.08209  5.90685e-03 | 32 -0.12388  7.44039e-03 | 33  0.10199 -1.81341e-02
 34 -0.10603  8.43407e-03 | 35  0.11318 -6.67011e-02 | 36 -0.01751 -7.01104e-03
 37 -0.09043 -1.52634e-03 | 38 -0.24102  1.16575e-02 | 39 -0.09184  8.75697e-03
 40  0.04412 -2.26657e-02 | 41  0.02103 -1.33870e-02 | 42  0.01615 -7.22064e-03
 43  0.14084  6.64006e-03 | 44  0.00790  1.46791e-02 | 45 -0.06219  1.22140e-02
 46 -0.07426  1.34006e-02 | 47  0.06734 -1.42001e-02 | 48 -0.00391 -3.56953e-03
 49 -0.06608  9.53229e-03 | 50  0.08758  1.62789e-02 | 51  0.05792  8.83504e-03
 52 -0.06280  3.69990e-03 | 53 -0.02221 -7.95737e-03 | 54 -0.03965 -1.15585e-02
 55 -0.07941  1.11262e-02 | 56  0.01355 -4.44941e-03 | 57  0.04777 -2.08447e-02
 58 -0.03681  1.95815e-04 | 59  0.13500 -6.40940e-03 | 60 -0.04283  1.37759e-02
 61  0.10422  3.80833e-03 | 62  0.10529  1.40373e-02 | 63  0.06726 -4.97137e-03
 64  0.13659  6.98059e-03 | 65 -0.06092  6.76341e-03 | 66 -0.04562  4.03275e-03
 67 -0.09626  1.88823e-02 | 68 -0.03145  7.99013e-03 | 69  0.11759 -5.23176e-03
 70 -0.10060  8.06909e-03 | 71 -0.03530  1.85384e-02 | 72 -0.59356 -6.15985e-01
 73  0.69656 -3.18311e-02 | 74  0.13116 -6.28858e-02 | 75  0.41488  2.25787e-01
 76 -0.63692  1.85311e-03 | 77 -0.02327 -2.19601e-04 | 78 -0.46684  3.51142e-02
 79  0.23361 -3.10291e-02 | 80  0.25439 -7.80613e-02 | 81  0.08766 -3.70968e-02

Intermediate statistics: 81 variables; iteration 20; function evaluation 26; phase 6
Function value 2.6884049e+02; maximum gradient component mag 2.0481e+00
Var    Value     Gradient |Var    Value     Gradient |Var    Value     Gradient
  1 -0.99963  2.44313e-03 |  2  0.29326 -1.73506e-01 |  3  0.17846  4.16824e-01
  4 -0.58615  1.31617e+00 |  5 -0.48392  8.12976e-01 |  6 -0.48300 -2.63647e-01
  7 -0.04603  1.21822e+00 |  8 -0.00302 -3.09842e-03 |  9 -0.00143 -6.90452e-04
 10 -0.00208  2.60481e-04 | 11 -0.00305 -2.54508e-03 | 12 -0.00441 -1.48419e-03
 13 -0.00636 -2.97095e-03 | 14 -0.00903 -1.46909e-03 | 15 -0.01270 -2.80581e-03
 16 -0.01754 -3.84094e-03 | 17 -0.02376  1.74039e-03 | 18 -0.03118  1.37840e-04
 19 -0.03978  2.53841e-03 | 20 -0.04918  5.51026e-03 | 21 -0.05830  7.07731e-03
 22 -0.06523  1.67076e-02 | 23 -0.06694  1.91885e-02 | 24 -0.06024  3.19873e-02
 25 -0.04683  4.33149e-02 | 26 -0.03422  5.00838e-02 | 27 -0.00763  6.24734e-02
 28  0.06940  3.99943e-01 | 29  0.09354  4.65177e-01 | 30  0.06276  4.76747e-01
 31 -0.08204  3.45526e-01 | 32 -0.12388  2.38052e-01 | 33  0.10201  2.99489e-01
 34 -0.10607  1.49214e-01 | 35  0.11315 -2.80791e-01 | 36 -0.01752  4.57721e-02
 37 -0.09043  1.29460e-01 | 38 -0.24104  1.57487e-01 | 39 -0.09185  1.32464e-01
 40  0.04411  1.30112e-01 | 41  0.02103  3.30300e-01 | 42  0.01617  5.10980e-01
 43  0.14088  1.32557e+00 | 44  0.00791  5.44378e-01 | 45 -0.06219  2.99705e-01
 46 -0.07426  1.91066e-01 | 47  0.06732 -6.91556e-02 | 48 -0.00392  3.88666e-02
 49 -0.06608  1.40958e-01 | 50  0.08759  1.86034e-01 | 51  0.05793  1.08615e-01
 52 -0.06280  9.00883e-02 | 53 -0.02222 -3.07334e-02 | 54 -0.03966 -4.79442e-02
 55 -0.07943 -3.13849e-02 | 56  0.01353 -1.53994e-01 | 57  0.04778  3.67437e-02
 58 -0.03680  1.82312e-01 | 59  0.13501  1.37166e-01 | 60 -0.04285  1.43698e-01
 61  0.10421  3.41580e-02 | 62  0.10531  9.09718e-02 | 63  0.06725 -4.89655e-02
 64  0.13658 -3.08599e-01 | 65 -0.06092  9.51141e-02 | 66 -0.04562  5.47710e-02
 67 -0.09627  8.71882e-02 | 68 -0.03146  4.48566e-02 | 69  0.11756 -2.19107e-01
 70 -0.10061  1.22399e-01 | 71 -0.03531  1.04522e-01 | 72 -0.59183 -3.85257e-02
 73  0.69668 -2.14226e-01 | 74  0.13114 -1.06677e+00 | 75  0.41490  2.04810e+00
 76 -0.63694  3.23660e-03 | 77 -0.02328  4.61286e-03 | 78 -0.46682  4.68694e-01
 79  0.23362 -1.35518e-01 | 80  0.25441 -3.66537e-01 | 81  0.08771 -1.45639e-01
81 variables; iteration 40; function evaluation 47; phase 6
Function value 2.6884045e+02; maximum gradient component mag 2.0265e+00
Var    Value     Gradient |Var    Value     Gradient |Var    Value     Gradient
  1 -0.99963  2.31782e-03 |  2  0.29322 -2.28370e-01 |  3  0.17902  3.43217e-01
  4 -0.58639  9.24481e-01 |  5 -0.48382  4.99375e-01 |  6 -0.48301 -3.41663e-01
  7 -0.04604  1.08984e+00 |  8 -0.00301 -1.00249e-03 |  9 -0.00143  1.70003e-04
 10 -0.00207  1.32397e-03 | 11 -0.00304 -8.66404e-04 | 12 -0.00440  5.74725e-04
 13 -0.00634 -2.57999e-04 | 14 -0.00900  1.78328e-03 | 15 -0.01267  1.13733e-03
 16 -0.01751  6.83499e-04 | 17 -0.02372  6.91368e-03 | 18 -0.03114  5.69335e-03
 19 -0.03974  8.59152e-03 | 20 -0.04913  1.19150e-02 | 21 -0.05826  1.24923e-02
 22 -0.06518  2.21631e-02 | 23 -0.06692  1.86583e-02 | 24 -0.06023  2.63825e-02
 25 -0.04684  3.13415e-02 | 26 -0.03423  3.46512e-02 | 27 -0.00767  4.06804e-02
 28  0.06942  3.36250e-01 | 29  0.09356  4.15429e-01 | 30  0.06277  4.50944e-01
 31 -0.08212  2.92052e-01 | 32 -0.12387  2.35577e-01 | 33  0.10202  2.92504e-01
 34 -0.10609  1.24138e-01 | 35  0.11316 -3.01613e-01 | 36 -0.01753  4.91276e-02
 37 -0.09044  1.33575e-01 | 38 -0.24104  1.53953e-01 | 39 -0.09187  1.04385e-01
 40  0.04412  1.21171e-01 | 41  0.02103  3.13704e-01 | 42  0.01616  4.55330e-01
 43  0.14087  1.15681e+00 | 44  0.00792  5.22425e-01 | 45 -0.06219  2.91571e-01
 46 -0.07427  1.58224e-01 | 47  0.06732 -1.13986e-01 | 48 -0.00390  5.57678e-02
 49 -0.06611  1.09364e-01 | 50  0.08760  1.54638e-01 | 51  0.05793  6.23906e-02
 52 -0.06280  7.57939e-02 | 53 -0.02222 -2.27045e-02 | 54 -0.03966 -1.71170e-02
 55 -0.07942 -1.96625e-03 | 56  0.01354 -1.36933e-01 | 57  0.04777 -2.23273e-02
 58 -0.03679  1.79558e-01 | 59  0.13501  1.03252e-01 | 60 -0.04286  1.33035e-01
 61  0.10423  7.92734e-02 | 62  0.10531  9.32918e-02 | 63  0.06725 -5.74498e-02
 64  0.13658 -3.59513e-01 | 65 -0.06091  1.08159e-01 | 66 -0.04562  5.38572e-02
 67 -0.09627  9.33711e-02 | 68 -0.03145  5.25365e-02 | 69  0.11757 -1.62728e-01
 70 -0.10062  1.19925e-01 | 71 -0.03531  9.50928e-02 | 72 -0.59173 -3.45873e-02
 73  0.69689 -1.88622e-01 | 74  0.13113 -9.76300e-01 | 75  0.41491  2.02652e+00
 76 -0.63709  3.15098e-03 | 77 -0.02353  4.91341e-03 | 78 -0.46687  3.69778e-01
 79  0.23343 -1.46499e-01 | 80  0.25438 -4.01090e-01 | 81  0.08791 -1.55338e-01
81 variables; iteration 60; function evaluation 70; phase 6
Function value 2.6884031e+02; maximum gradient component mag 1.6528e-01
Var    Value     Gradient |Var    Value     Gradient |Var    Value     Gradient
  1 -0.99964  1.65080e-03 |  2  0.29326 -1.79626e-02 |  3  0.17882 -8.19370e-03
  4 -0.58631 -2.98253e-02 |  5 -0.48386 -2.52334e-02 |  6 -0.48300 -1.29013e-01
  7 -0.04615  8.58544e-02 |  8 -0.00295  3.95990e-03 |  9 -0.00141  1.87478e-03
 10 -0.00205  2.90665e-03 | 11 -0.00299  3.11633e-03 | 12 -0.00434  4.75139e-03
 13 -0.00627  5.69949e-03 | 14 -0.00892  8.00900e-03 | 15 -0.01257  8.38230e-03
 16 -0.01740  7.11240e-03 | 17 -0.02363  8.63806e-03 | 18 -0.03108  3.55142e-04
 19 -0.03971 -6.40152e-03 | 20 -0.04913 -1.03868e-02 | 21 -0.05822 -6.55304e-03
 22 -0.06515 -1.87735e-03 | 23 -0.06683  5.10176e-03 | 24 -0.06015  4.07565e-03
 25 -0.04675  5.59694e-03 | 26 -0.03416  3.09621e-03 | 27 -0.00765 -4.93404e-04
 28  0.06956  4.67680e-02 | 29  0.09350  4.41737e-02 | 30  0.06276  2.92607e-02
 31 -0.08216  4.96306e-03 | 32 -0.12390  1.01336e-02 | 33  0.10202  3.37184e-02
 34 -0.10611 -9.37111e-03 | 35  0.11318 -4.65625e-02 | 36 -0.01752  5.38372e-02
 37 -0.09042  8.35211e-02 | 38 -0.24105  2.96389e-02 | 39 -0.09186 -3.26781e-03
 40  0.04412 -1.94357e-04 | 41  0.02104  4.21352e-02 | 42  0.01614  1.69390e-02
 43  0.14084  8.33749e-02 | 44  0.00789  3.20252e-02 | 45 -0.06222 -7.72370e-04
 46 -0.07426 -5.21465e-04 | 47  0.06732 -5.16259e-02 | 48 -0.00387  9.19445e-02
 49 -0.06614 -1.98464e-02 | 50  0.08759 -3.09991e-03 | 51  0.05791 -2.14786e-02
 52 -0.06278  6.92335e-02 | 53 -0.02220  5.42836e-02 | 54 -0.03967 -5.30375e-02
 55 -0.07945 -8.09515e-02 | 56  0.01356  3.92202e-02 | 57  0.04776 -1.76853e-02
 58 -0.03682  1.49255e-02 | 59  0.13500  3.66273e-03 | 60 -0.04285  2.26512e-02
 61  0.10421  1.41448e-03 | 62  0.10529  6.98559e-03 | 63  0.06725 -1.26975e-03
 64  0.13659 -3.12714e-02 | 65 -0.06094 -8.72536e-03 | 66 -0.04562  1.33752e-02
 67 -0.09627  3.15293e-02 | 68 -0.03147 -1.42270e-02 | 69  0.11758 -6.93829e-03
 70 -0.10063  1.47542e-02 | 71 -0.03531  3.15367e-02 | 72 -0.59117 -4.60320e-03
 73  0.69679 -2.86102e-02 | 74  0.13115 -1.03341e-01 | 75  0.41490  1.65281e-01
 76 -0.63890  1.90390e-03 | 77 -0.02431 -2.14661e-03 | 78 -0.46685  5.82408e-02
 79  0.23271 -5.45409e-02 | 80  0.25439 -4.70632e-02 | 81  0.08861 -5.40169e-02
81 variables; iteration 80; function evaluation 102; phase 6
Function value 2.6884027e+02; maximum gradient component mag 2.1414e-01
Var    Value     Gradient |Var    Value     Gradient |Var    Value     Gradient
  1 -0.99965  2.47995e-04 |  2  0.29325  2.94499e-02 |  3  0.17890  4.71222e-02
  4 -0.58633  1.66402e-01 |  5 -0.48385  1.30854e-01 |  6 -0.48300  2.14135e-01
  7 -0.04616 -1.30896e-02 |  8 -0.00294  4.88191e-03 |  9 -0.00151 -1.26172e-02
 10 -0.00211 -6.51517e-03 | 11 -0.00299  4.02028e-03 | 12 -0.00433  6.28297e-03
 13 -0.00631 -9.41506e-04 | 14 -0.00901 -5.29963e-03 | 15 -0.01266 -6.11915e-03
 16 -0.01745 -1.95835e-03 | 17 -0.02370 -3.29985e-03 | 18 -0.03104  6.18281e-03
 19 -0.03966  1.39157e-03 | 20 -0.04906  1.74112e-03 | 21 -0.05817  1.94707e-03
 22 -0.06517 -7.82324e-03 | 23 -0.06679  9.20468e-03 | 24 -0.06016 -2.18095e-03
 25 -0.04684 -1.66570e-02 | 26 -0.03412  4.96607e-03 | 27 -0.00754  1.25905e-02
 28  0.06954 -1.43844e-02 | 29  0.09349 -1.55893e-02 | 30  0.06275 -3.86153e-03
 31 -0.08215 -1.26284e-02 | 32 -0.12389 -1.26880e-02 | 33  0.10201  5.37650e-03
 34 -0.10608 -3.72320e-03 | 35  0.11319  4.28439e-02 | 36 -0.01754 -1.51364e-02
 37 -0.09045 -2.94405e-02 | 38 -0.24106 -1.97688e-02 | 39 -0.09185 -6.40096e-03
 40  0.04413  6.42006e-03 | 41  0.02102 -1.54214e-02 | 42  0.01615 -5.08914e-03
 43  0.14083 -9.33873e-03 | 44  0.00789 -9.73568e-03 | 45 -0.06221 -8.84645e-03
 46 -0.07427 -3.52765e-03 | 47  0.06734  2.37930e-02 | 48 -0.00393 -2.85434e-02
 49 -0.06607 -2.05307e-03 | 50  0.08757  1.02418e-02 | 51  0.05792  1.14854e-02
 52 -0.06282 -2.97349e-02 | 53 -0.02222 -1.85793e-02 | 54 -0.03966  1.25189e-02
 55 -0.07940  1.89802e-02 | 56  0.01354 -9.77113e-03 | 57  0.04777  8.19501e-03
 58 -0.03683 -1.20730e-02 | 59  0.13500  1.04514e-02 | 60 -0.04286 -1.55707e-02
 61  0.10421  3.69520e-03 | 62  0.10529 -6.91219e-04 | 63  0.06725 -8.18211e-04
 64  0.13659  2.01268e-02 | 65 -0.06093 -6.41723e-03 | 66 -0.04563 -1.20743e-02
 67 -0.09628 -1.70004e-02 | 68 -0.03146 -6.93604e-03 | 69  0.11758  4.22874e-03
 70 -0.10063 -1.87264e-02 | 71 -0.03532 -2.15046e-02 | 72 -0.59110 -1.10329e-04
 73  0.69684  2.33089e-02 | 74  0.13112  9.41126e-04 | 75  0.41490 -1.59615e-01
 76 -0.65968  6.57908e-04 | 77 -0.02420 -7.55855e-04 | 78 -0.46686 -5.90153e-02
 79  0.23340  8.25282e-02 | 80  0.25438  7.35518e-02 | 81  0.08796  8.21963e-02
Warning: the following parameters had issues
  MGparm[1] is within 0.1% of lower bound: 3.00000e-01 < 3.00000e-01 < 5.00000e-01


 - final statistics:
81 variables; iteration 91; function evaluation 118
Function value 2.6884e+02; maximum gradient component mag 6.5190e-05
Exit code = 1;  converg criter 1.0000e-04
Var    Value     Gradient |Var    Value     Gradient |Var    Value     Gradient
  1 -0.99965  1.18652e-06 |  2  0.29326  8.53509e-06 |  3  0.17889  1.72051e-05
  4 -0.58633  6.02974e-05 |  5 -0.48385  4.68829e-05 |  6 -0.48300  6.51897e-05
  7 -0.04616  3.66203e-06 |  8 -0.00298  1.77405e-07 |  9 -0.00142 -3.27709e-07
 10 -0.00207 -5.13631e-07 | 11 -0.00301  4.48521e-07 | 12 -0.00437  1.53512e-07
 13 -0.00631  6.06504e-07 | 14 -0.00897 -1.53866e-07 | 15 -0.01262 -8.24597e-07
 16 -0.01744  1.02015e-06 | 17 -0.02368 -7.49268e-07 | 18 -0.03107  6.82846e-07
 19 -0.03967 -8.08924e-08 | 20 -0.04906  4.21504e-07 | 21 -0.05818  2.62003e-07
 22 -0.06513 -2.68527e-07 | 23 -0.06684  8.85780e-07 | 24 -0.06016 -1.95513e-07
 25 -0.04676  5.11668e-07 | 26 -0.03415  9.15209e-07 | 27 -0.00761  8.29058e-07
 28  0.06953 -7.85308e-07 | 29  0.09351  1.59833e-06 | 30  0.06274  1.17976e-06
 31 -0.08214 -2.55897e-06 | 32 -0.12389 -3.09608e-06 | 33  0.10201  5.83680e-06
 34 -0.10608 -2.43566e-06 | 35  0.11319  9.12141e-06 | 36 -0.01753 -9.66052e-08
 37 -0.09045 -2.15312e-06 | 38 -0.24106 -3.88671e-06 | 39 -0.09185 -2.12045e-06
 40  0.04412  2.09117e-06 | 41  0.02103  2.50842e-08 | 42  0.01615  1.97049e-07
 43  0.14083  9.03033e-06 | 44  0.00789  5.62565e-07 | 45 -0.06221 -1.66064e-06
 46 -0.07427 -1.98587e-06 | 47  0.06734  3.46935e-06 | 48 -0.00392 -9.97799e-07
 49 -0.06609 -2.02576e-06 | 50  0.08757  4.33833e-06 | 51  0.05792  2.27484e-06
 52 -0.06281 -2.85937e-06 | 53 -0.02222 -1.47720e-06 | 54 -0.03966 -9.11973e-07
 55 -0.07941 -1.45826e-06 | 56  0.01354  2.90046e-07 | 57  0.04777  1.19708e-06
 58 -0.03683 -2.16390e-06 | 59  0.13500  5.03648e-06 | 60 -0.04286 -2.68551e-06
 61  0.10421  2.00624e-06 | 62  0.10529  9.79953e-07 | 63  0.06725 -4.36813e-07
 64  0.13659  3.39578e-06 | 65 -0.06093 -3.04805e-06 | 66 -0.04563 -2.81191e-06
 67 -0.09628 -3.67492e-06 | 68 -0.03146 -3.05253e-06 | 69  0.11758  6.35213e-08
 70 -0.10063 -4.24218e-06 | 71 -0.03531 -4.29033e-06 | 72 -0.59111 -1.00245e-06
 73  0.69683  6.63898e-06 | 74  0.13111  2.99377e-05 | 75  0.41490 -3.64287e-05
 76 -0.67221 -6.90100e-08 | 77 -0.02411  4.51487e-08 | 78 -0.46686 -1.57037e-05
 79  0.23298  2.48353e-05 | 80  0.25438  2.24682e-05 | 81  0.08836  2.49969e-05
Estimating row 1 out of 81 for hessian
Estimating row 2 out of 81 for hessian
Estimating row 3 out of 81 for hessian
Estimating row 4 out of 81 for hessian
Estimating row 5 out of 81 for hessian
Estimating row 6 out of 81 for hessian
Estimating row 7 out of 81 for hessian
Estimating row 8 out of 81 for hessian
Estimating row 9 out of 81 for hessian
Estimating row 10 out of 81 for hessian
Estimating row 11 out of 81 for hessian
Estimating row 12 out of 81 for hessian
Estimating row 13 out of 81 for hessian
Estimating row 14 out of 81 for hessian
Estimating row 15 out of 81 for hessian
Estimating row 16 out of 81 for hessian
Estimating row 17 out of 81 for hessian
Estimating row 18 out of 81 for hessian
Estimating row 19 out of 81 for hessian
Estimating row 20 out of 81 for hessian
Estimating row 21 out of 81 for hessian
Estimating row 22 out of 81 for hessian
Estimating row 23 out of 81 for hessian
Estimating row 24 out of 81 for hessian
Estimating row 25 out of 81 for hessian
Estimating row 26 out of 81 for hessian
Estimating row 27 out of 81 for hessian
Estimating row 28 out of 81 for hessian
Estimating row 29 out of 81 for hessian
Estimating row 30 out of 81 for hessian
Estimating row 31 out of 81 for hessian
Estimating row 32 out of 81 for hessian
Estimating row 33 out of 81 for hessian
Estimating row 34 out of 81 for hessian
Estimating row 35 out of 81 for hessian
Estimating row 36 out of 81 for hessian
Estimating row 37 out of 81 for hessian
Estimating row 38 out of 81 for hessian
Estimating row 39 out of 81 for hessian
Estimating row 40 out of 81 for hessian
Estimating row 41 out of 81 for hessian
Estimating row 42 out of 81 for hessian
Estimating row 43 out of 81 for hessian
Estimating row 44 out of 81 for hessian
Estimating row 45 out of 81 for hessian
Estimating row 46 out of 81 for hessian
Estimating row 47 out of 81 for hessian
Estimating row 48 out of 81 for hessian
Estimating row 49 out of 81 for hessian
Estimating row 50 out of 81 for hessian
Estimating row 51 out of 81 for hessian
Estimating row 52 out of 81 for hessian
Estimating row 53 out of 81 for hessian
Estimating row 54 out of 81 for hessian
Estimating row 55 out of 81 for hessian
Estimating row 56 out of 81 for hessian
Estimating row 57 out of 81 for hessian
Estimating row 58 out of 81 for hessian
Estimating row 59 out of 81 for hessian
Estimating row 60 out of 81 for hessian
Estimating row 61 out of 81 for hessian
Estimating row 62 out of 81 for hessian
Estimating row 63 out of 81 for hessian
Estimating row 64 out of 81 for hessian
Estimating row 65 out of 81 for hessian
Estimating row 66 out of 81 for hessian
Estimating row 67 out of 81 for hessian
Estimating row 68 out of 81 for hessian
Estimating row 69 out of 81 for hessian
Estimating row 70 out of 81 for hessian
Estimating row 71 out of 81 for hessian
Estimating row 72 out of 81 for hessian
Estimating row 73 out of 81 for hessian
Estimating row 74 out of 81 for hessian
Estimating row 75 out of 81 for hessian
Estimating row 76 out of 81 for hessian
Estimating row 77 out of 81 for hessian
Estimating row 78 out of 81 for hessian
Estimating row 79 out of 81 for hessian
Estimating row 80 out of 81 for hessian
Estimating row 81 out of 81 for hessian
size of file gradfil1.tmp = 0
size of file gradfil2.tmp = 0
size of file varssave.tmp = 0
size of file cmpdiff.tmp = 0
