
Initial statistics: 58 variables; iteration 0; function evaluation 0; phase 1
Function value 1.1077710e+04; maximum gradient component mag 1.6307e+04
Var    Value     Gradient |Var    Value     Gradient |Var    Value     Gradient
  1 -0.31295  9.98392e+03 |  2 -0.00956  1.63073e+04 |  3  0.02272  3.19122e+00
  4 -0.01152 -1.59133e+00 |  5 -0.03910 -5.41720e+00 |  6 -0.01506 -2.05507e+00
  7 -0.03406 -4.67482e+00 |  8 -0.02744 -3.69868e+00 |  9  0.03512  5.23720e+00
 10 -0.02120 -2.56134e+00 | 11  0.00527  1.58164e+00 | 12 -0.03747 -4.15607e+00
 13 -0.05049 -5.36895e+00 | 14  0.04313  1.18963e+01 | 15 -0.00657  5.96710e+00
 16 -0.03316  4.97042e+00 | 17 -0.04638  8.36266e+00 | 18  0.01848  4.48411e+01
 19  0.04012  9.07375e+01 | 20  0.04075  1.47147e+02 | 21 -0.03054  1.10022e+02
 22  0.01864  2.33051e+02 | 23 -0.02989 -3.11308e+02 | 24 -0.00382 -1.31844e+02
 25  0.04705  2.58686e+02 | 26  0.01565 -5.94655e+02 | 27  0.01073  2.34764e+02
 28  0.00063 -1.77954e+02 | 29  0.04910  7.07344e+02 | 30  0.00744 -4.55102e+01
 31 -0.00876 -3.36562e+02 | 32 -0.00540  1.59219e+02 | 33 -0.01420  7.09139e+02
 34 -0.04631  4.69888e+02 | 35  0.04606  1.14131e+03 | 36 -0.02142 -8.40173e+00
 37 -0.03331 -3.24322e+02 | 38  0.00260 -3.64512e+02 | 39  0.05361  1.81943e+02
 40 -0.01640  7.59102e+01 | 41  0.00481  3.12117e+02 | 42 -0.04680 -2.43585e+02
 43 -0.01413  1.10454e+01 | 44 -0.03945 -2.01053e+02 | 45 -0.00870 -3.52118e+02
 46 -0.00935 -5.71885e+02 | 47 -0.00990 -2.68890e+02 | 48 -0.02874 -2.73915e+02
 49  0.00474  3.01291e+02 | 50  0.02553  9.57001e+02 | 51  0.02592  1.09971e+03
 52  0.04458  8.18533e+02 | 53 -0.03391 -1.44228e+02 | 54  0.05031 -1.09221e+02
 55 -0.00729 -6.12297e+02 | 56 -0.01224 -1.07895e+03 | 57  0.01284 -7.17902e+02
 58 -0.01145 -5.76950e+02 |

Intermediate statistics: 58 variables; iteration 20; function evaluation 25; phase 1
Function value 1.0513076e+04; maximum gradient component mag 1.5783e+04
Var    Value     Gradient |Var    Value     Gradient |Var    Value     Gradient
  1 -0.33030  9.24638e+03 |  2 -0.02741  1.57832e+04 |  3 -0.05152 -7.14239e+00
  4  0.02687  3.75627e+00 |  5  0.09033  1.24680e+01 |  6  0.03572  5.01790e+00
  7  0.07982  1.11294e+01 |  8  0.06594  9.31190e+00 |  9 -0.07065 -9.66276e+00
 10  0.05816  8.58941e+00 | 11  0.01007  2.03618e+00 | 12  0.10885  1.72425e+01
 13  0.14763  2.52747e+01 | 14  0.05612  1.24868e+01 | 15  0.15617  3.80154e+01
 16  0.21402  7.19066e+01 | 17  0.21919  1.07063e+02 | 18  0.11113  7.76338e+01
 19  0.13825  1.49263e+02 | 20  0.17523  3.07763e+02 | 21  0.12542  3.06730e+02
 22  0.15454  5.14427e+02 | 23 -0.10028 -3.37298e+02 | 24 -0.06919 -2.25225e+02
 25 -0.05698 -1.18687e+02 | 26  0.07973  8.33914e+01 | 27  0.00458  3.10136e+02
 28  0.04041  3.89980e+02 | 29  0.05284  9.47258e+02 | 30  0.04068  5.70328e+02
 31  0.04473  4.94322e+02 | 32 -0.00376  2.23891e+02 | 33 -0.05278  2.40301e+02
 34 -0.09752  2.55433e+01 | 35  0.02286  6.41281e+02 | 36 -0.01599  5.14217e+01
 37 -0.00496 -3.58561e+01 | 38  0.04287  9.31861e+01 | 39  0.07443  5.39866e+02
 40 -0.02648  2.72494e+01 | 41 -0.01929  6.52326e+01 | 42 -0.03382 -1.93630e+02
 43 -0.02627 -9.52159e+01 | 44 -0.04110 -1.97456e+02 | 45  0.00711 -1.44714e+02
 46  0.02259 -2.28327e+02 | 47 -0.00696 -1.94433e+02 | 48 -0.01662 -2.14309e+02
 49 -0.02308 -1.01977e+02 | 50 -0.02671  1.13477e+02 | 51 -0.02384  1.79651e+02
 52  0.00883  1.21345e+02 | 53 -0.03617 -1.62782e+02 | 54  0.06157  1.58303e+02
 55  0.03976 -9.75168e+01 | 56  0.07604 -4.26024e+02 | 57  0.06855 -3.30984e+02
 58  0.04495 -4.29842e+02 |
58 variables; iteration 40; function evaluation 49; phase 1
Function value 9.3492528e+03; maximum gradient component mag 2.9497e+03
Var    Value     Gradient |Var    Value     Gradient |Var    Value     Gradient
  1 -0.38689  2.31848e+03 |  2 -0.12680  2.94972e+03 |  3  0.04384  6.09703e+00
  4 -0.02878 -4.00571e+00 |  5  0.01562  2.18084e+00 |  6 -0.03607 -5.01536e+00
  7 -0.02205 -3.06413e+00 |  8 -0.04231 -5.87053e+00 |  9  0.03346  4.69583e+00
 10 -0.04676 -6.46117e+00 | 11 -0.00305 -3.38239e-01 | 12 -0.03770 -5.12903e+00
 13 -0.04838 -6.53623e+00 | 14 -0.00236  1.27217e-01 | 15 -0.04047 -5.04765e+00
 16  0.19913  3.20654e+01 | 17  0.36104  6.92768e+01 | 18  0.04938  1.27471e+01
 19  0.28662  8.87403e+01 | 20  0.31217  1.40274e+02 | 21  0.09182  4.17499e+01
 22  0.25713  1.65859e+02 | 23 -0.15199 -1.04046e+02 | 24 -0.09520 -2.94980e+01
 25 -0.02750  1.15213e+02 | 26  0.06573 -3.12339e+02 | 27 -0.02460  7.96740e-01
 28  0.04873  6.64109e+01 | 29  0.02509  2.06809e+02 | 30  0.03725  5.18506e+01
 31  0.04217 -1.94827e+00 | 32 -0.01551 -5.94115e+01 | 33 -0.05455  1.79440e+02
 34 -0.08943  1.45972e+02 | 35 -0.00142  1.51630e+02 | 36 -0.02264 -6.23728e+01
 37  0.00702  1.91062e+01 | 38  0.07933  1.73687e+02 | 39  0.04323  5.41776e+01
 40 -0.01169  1.11380e+02 | 41 -0.01376  1.62852e+02 | 42 -0.01593 -4.41455e+01
 43 -0.04938 -1.41827e+02 | 44 -0.05045 -1.58432e+02 | 45  0.03178  8.10689e+01
 46  0.02819 -1.52387e+02 | 47 -0.00855 -1.32681e+02 | 48 -0.02220 -1.64584e+02
 49 -0.01470  2.56367e+01 | 50 -0.01899  1.97551e+02 | 51 -0.04443  8.08779e+00
 52  0.01751  1.08786e+02 | 53 -0.02753 -2.99374e+01 | 54  0.06626  9.04473e+01
 55  0.02441 -7.81415e+01 | 56  0.10488 -1.47752e+02 | 57  0.09034 -2.91201e+01
 58  0.05315 -1.09394e+02 |
58 variables; iteration 60; function evaluation 83; phase 1
Function value 9.1665862e+03; maximum gradient component mag -9.4226e+01
Var    Value     Gradient |Var    Value     Gradient |Var    Value     Gradient
  1 -0.45931 -9.42256e+01 |  2 -0.14273 -3.94051e+01 |  3  0.00154  2.18039e-01
  4  0.04828  6.71069e+00 |  5 -0.00373 -5.14652e-01 |  6  0.00998  1.40094e+00
  7 -0.01206 -1.66707e+00 |  8  0.01892  2.66733e+00 |  9 -0.02194 -3.01769e+00
 10 -0.01942 -2.63680e+00 | 11  0.04391  6.30343e+00 | 12 -0.01854 -2.37019e+00
 13 -0.00480 -2.63807e-01 | 14 -0.02035 -2.22446e+00 | 15 -0.02295 -2.18465e+00
 16 -0.02968 -2.52155e+00 | 17 -0.06941 -7.64828e+00 | 18 -0.03184 -1.10996e-01
 19 -0.01314  6.17048e+00 | 20 -0.01487  9.53242e+00 | 21  0.01068  1.40828e+01
 22  0.07582  3.27902e+01 | 23 -0.24032  9.15881e-01 | 24 -0.22165  1.34561e+01
 25 -0.18706  2.98183e+01 | 26  0.14430  1.48035e+01 | 27 -0.02105 -3.52285e-01
 28  0.07461  4.48381e+00 | 29  0.01385 -1.53631e+01 | 30  0.06183 -3.37111e+00
 31  0.07022  5.21859e+00 | 32  0.01832  1.30342e+01 | 33 -0.08004 -1.56572e+01
 34 -0.12837 -8.91985e+00 | 35  0.00233 -2.13026e+01 | 36  0.01157  4.56777e+00
 37  0.02333 -1.12394e+00 | 38  0.08680 -9.48518e+00 | 39  0.07687 -2.33460e+00
 40 -0.02115 -1.76092e+01 | 41 -0.04002 -2.36384e+01 | 42  0.00981  9.36698e+00
 43 -0.01871  1.98445e+01 | 44 -0.01431  8.11982e+00 | 45  0.02999 -8.18272e+00
 46  0.06253  1.03961e+01 | 47  0.01320  1.03342e+01 | 48  0.01296  1.36651e+01
 49 -0.00510 -7.07559e+00 | 50 -0.04080 -1.91663e+01 | 51 -0.02701 -7.71974e+00
 52  0.02885 -1.09694e+00 | 53 -0.01242 -1.23958e+01 | 54  0.07694 -3.81765e+00
 55  0.04552  8.51369e+00 | 56  0.14680  1.71301e+01 | 57  0.07261 -3.03169e-01
 58 -0.03469  1.20888e+01 |

 - final statistics:
58 variables; iteration 72; function evaluation 98
Function value 9.1621e+03; maximum gradient component mag 9.4472e+00
Exit code = 1;  converg criter 1.0000e+01
Var    Value     Gradient |Var    Value     Gradient |Var    Value     Gradient
  1 -0.46427  5.99364e+00 |  2 -0.14099  9.44721e+00 |  3  0.00057  8.48032e-02
  4  0.00089  1.28358e-01 |  5 -0.00001  5.12623e-03 |  6  0.00057  9.12724e-02
  7  0.00084  1.38817e-01 |  8 -0.00634 -8.48802e-01 |  9 -0.00104 -8.16847e-02
 10  0.00442  7.31925e-01 | 11  0.00202  4.79784e-01 | 12  0.00182  5.95387e-01
 13 -0.00777 -5.42150e-01 | 14 -0.00810 -2.12823e-01 | 15 -0.01036  7.64732e-02
 16 -0.01489  3.80579e-01 | 17 -0.02233  7.21803e-01 | 18 -0.04033 -1.98028e-01
 19 -0.06126 -1.26087e+00 | 20 -0.07634 -1.35370e+00 | 21 -0.06269 -1.14436e+00
 22 -0.02530  5.12877e+00 | 23 -0.22326 -2.96574e-01 | 24 -0.24487 -3.12335e+00
 25 -0.23903 -2.42955e+00 | 26  0.14632  5.40471e-01 | 27 -0.01560 -1.33410e-01
 28  0.07622  7.55777e-01 | 29  0.01960  1.82695e+00 | 30  0.06371  2.48155e-01
 31  0.07112 -4.64785e-01 | 32  0.01755 -8.11275e-01 | 33 -0.07290  1.62056e+00
 34 -0.12233  4.52390e-02 | 35  0.00658  1.13550e+00 | 36  0.01159 -2.28050e-01
 37  0.02503 -4.22068e-01 | 38  0.08949 -2.82574e-01 | 39  0.07592 -1.18287e+00
 40 -0.01483  1.87420e+00 | 41 -0.03062  3.32533e+00 | 42  0.00925 -1.01272e+00
 43 -0.01970 -3.93536e-01 | 44 -0.01304  2.88015e-01 | 45  0.03331 -1.02005e+00
 46  0.06310 -4.24585e-01 | 47  0.01444 -1.82326e-01 | 48  0.01289 -6.03970e-01
 49 -0.00238  1.07311e-01 | 50 -0.03475  8.95545e-01 | 51 -0.02459 -3.45564e-01
 52  0.02960  1.17822e-01 | 53 -0.00747  5.52178e-01 | 54  0.07867 -7.47967e-01
 55  0.04654 -4.21621e-01 | 56  0.14582 -1.50123e+00 | 57  0.08275  1.40589e+00
 58 -0.06737 -1.89208e+00 |

Initial statistics: 63 variables; iteration 0; function evaluation 0; phase 2
Function value 9.1620767e+03; maximum gradient component mag 2.4222e+04
Var    Value     Gradient |Var    Value     Gradient |Var    Value     Gradient
  1 -0.29326 -7.21177e+02 |  2  0.45001 -2.00730e+03 |  3  0.09274  1.12790e+04
  4 -0.28356  1.61886e+04 |  5 -0.33032  2.42221e+04 |  6 -0.46427  5.99364e+00
  7 -0.14099  9.44721e+00 |  8  0.00057  8.48032e-02 |  9  0.00089  1.28358e-01
 10 -0.00001  5.12623e-03 | 11  0.00057  9.12724e-02 | 12  0.00084  1.38817e-01
 13 -0.00634 -8.48802e-01 | 14 -0.00104 -8.16847e-02 | 15  0.00442  7.31925e-01
 16  0.00202  4.79784e-01 | 17  0.00182  5.95387e-01 | 18 -0.00777 -5.42150e-01
 19 -0.00810 -2.12823e-01 | 20 -0.01036  7.64732e-02 | 21 -0.01489  3.80579e-01
 22 -0.02233  7.21803e-01 | 23 -0.04033 -1.98028e-01 | 24 -0.06126 -1.26087e+00
 25 -0.07634 -1.35370e+00 | 26 -0.06269 -1.14436e+00 | 27 -0.02530  5.12877e+00
 28 -0.22325 -2.01257e-01 | 29 -0.24486 -3.02928e+00 | 30 -0.23902 -2.33513e+00
 31  0.14632  6.39297e-01 | 32 -0.01560 -3.19444e-02 | 33  0.07622  8.56545e-01
 34  0.01961  1.92840e+00 | 35  0.06372  3.49143e-01 | 36  0.07112 -3.63922e-01
 37  0.01755 -7.09817e-01 | 38 -0.07289  1.72139e+00 | 39 -0.12232  1.44867e-01
 40  0.00659  1.23699e+00 | 41  0.01159 -1.26571e-01 | 42  0.02503 -3.20651e-01
 43  0.08949 -1.82079e-01 | 44  0.07592 -1.08210e+00 | 45 -0.01483  1.97567e+00
 46 -0.03062  3.42670e+00 | 47  0.00926 -9.11238e-01 | 48 -0.01970 -2.92089e-01
 49 -0.01304  3.89489e-01 | 50  0.03332 -9.18689e-01 | 51  0.06310 -3.23587e-01
 52  0.01444 -8.08569e-02 | 53  0.01289 -5.02495e-01 | 54 -0.00237  2.08807e-01
 55 -0.03475  9.96889e-01 | 56 -0.02459 -2.44144e-01 | 57  0.02961  2.19208e-01
 58 -0.00747  6.53667e-01 | 59  0.07868 -6.47245e-01 | 60  0.04654 -3.20396e-01
 61  0.14583 -1.40239e+00 | 62  0.08276  1.50653e+00 | 63 -0.06737 -1.79116e+00

Intermediate statistics: 63 variables; iteration 20; function evaluation 50; phase 2
Function value 3.5981467e+03; maximum gradient component mag 2.0442e+04
Var    Value     Gradient |Var    Value     Gradient |Var    Value     Gradient
  1  0.12445 -2.44848e+03 |  2 -0.20767  1.22463e+03 |  3  0.15719  5.47488e+03
  4 -0.64053  2.04422e+04 |  5 -0.43214  1.56266e+04 |  6 -0.29388  7.27953e+03
  7  0.10602  1.25086e+04 |  8  0.00041  1.35696e-01 |  9  0.00068  1.62099e-01
 10 -0.00008  1.13977e-01 | 11  0.00033  2.77841e-01 | 12  0.00046  4.91167e-01
 13 -0.00543 -7.22586e-03 | 14 -0.00150  1.20573e+00 | 15  0.00232  2.97931e+00
 16 -0.00043  4.61979e+00 | 17 -0.00205  7.96094e+00 | 18 -0.01163  1.16073e+01
 19 -0.01517  1.94830e+01 | 20 -0.02145  3.01561e+01 | 21 -0.03050  4.28517e+01
 22 -0.04168  5.59099e+01 | 23 -0.05830  6.47003e+01 | 24 -0.07376  7.25583e+01
 25 -0.07856  8.72764e+01 | 26 -0.04636  1.30868e+02 | 27  0.05936  1.99977e+02
 28 -0.17074 -4.38229e+02 | 29 -0.16103 -4.78409e+02 | 30 -0.12485 -5.22253e+02
 31  0.05536 -1.93397e+02 | 32 -0.13271 -3.73813e+02 | 33  0.18137  1.30101e+03
 34 -0.19915 -4.07635e+02 | 35  0.19391  1.92050e+03 | 36 -0.02243 -5.25719e+01
 37 -0.12027 -2.49150e+02 | 38 -0.24348 -3.50432e+02 | 39 -0.01691  1.11617e+02
 40  0.11127  1.29721e+03 | 41  0.05226  5.36856e+02 | 42  0.13260  1.10657e+03
 43 -0.00589 -1.28149e+02 | 44  0.12370  9.12614e+02 | 45 -0.13707 -3.08168e+02
 46 -0.15316 -3.47935e+02 | 47  0.08257  5.95988e+02 | 48  0.02365  3.48542e+02
 49  0.00986  1.64319e+02 | 50  0.07616  6.97950e+01 | 51  0.12732  4.39431e+02
 52 -0.15977 -3.82270e+02 | 53  0.07463  3.91708e+02 | 54 -0.05545 -3.24386e+02
 55 -0.07268 -5.02405e+02 | 56  0.02295 -6.65113e+02 | 57  0.13184 -2.09501e+02
 58 -0.01541 -3.59349e+02 | 59  0.14229 -6.00924e+02 | 60 -0.01299 -4.64456e+02
 61  0.09832 -7.32063e+02 | 62  0.15765 -9.98054e+02 | 63 -0.01448 -6.29872e+02
63 variables; iteration 40; function evaluation 74; phase 2
Function value 3.1717603e+03; maximum gradient component mag 1.2181e+04
Var    Value     Gradient |Var    Value     Gradient |Var    Value     Gradient
  1 -0.13710 -1.68893e+03 |  2 -0.11619  4.64395e+02 |  3  0.13769  3.29451e+03
  4 -0.66178  1.21807e+04 |  5 -0.40566  8.75222e+03 |  6 -0.32980  5.41406e+03
  7  0.04546  8.90908e+03 |  8 -0.01866 -2.49152e+00 |  9 -0.02364 -3.21086e+00
 10 -0.01113 -1.39306e+00 | 11 -0.03132 -4.12274e+00 | 12 -0.05233 -6.91138e+00
 13  0.05462  9.00933e+00 | 14 -0.08807 -1.13181e+01 | 15 -0.24922 -3.09256e+01
 16 -0.29256 -3.48247e+01 | 17 -0.37808 -4.07647e+01 | 18 -0.32932 -3.71967e+01
 19 -0.29343 -3.33599e+01 | 20 -0.13941 -8.50802e+00 | 21  0.00113  4.56059e+01
 22  0.01729  7.25180e+01 | 23 -0.02732  6.02175e+01 | 24 -0.02081  8.26051e+01
 25  0.05664  2.05861e+02 | 26  0.05636  2.53562e+02 | 27  0.15122  6.08938e+02
 28  0.00378 -1.65760e+02 | 29 -0.25729 -2.65422e+02 | 30  0.11384  3.07245e+02
 31  0.09943  6.97456e+02 | 32 -0.19299 -2.08897e+02 | 33  0.10719  6.64675e+02
 34  0.04778  7.28730e+02 | 35  0.11081  1.07931e+03 | 36  0.05696  8.85467e+02
 37 -0.08269  1.48697e+02 | 38 -0.24046 -1.55242e+02 | 39 -0.03085  4.18907e+02
 40  0.11597  1.88761e+03 | 41  0.00190  3.28963e+02 | 42  0.08090  5.38251e+02
 43  0.00592 -1.71823e+02 | 44  0.07195  1.77321e+02 | 45 -0.00729  1.61312e+02
 46 -0.20969 -2.42131e+02 | 47  0.09994  5.50742e+02 | 48  0.01048 -1.31854e+01
 49 -0.03460 -2.21480e+02 | 50  0.06628 -5.83804e+02 | 51  0.09196 -8.96393e+02
 52 -0.09117 -4.80114e+02 | 53  0.03869 -9.21365e+02 | 54 -0.04302 -7.80324e+02
 55 -0.06865 -6.56385e+02 | 56 -0.00308 -5.12308e+02 | 57  0.12999  6.97017e+01
 58 -0.07396 -2.80379e+02 | 59  0.15007  5.43956e+00 | 60 -0.12586 -2.70033e+02
 61  0.10232 -1.22566e+02 | 62  0.18090 -1.38607e+01 | 63 -0.20007 -2.84680e+02
Maximum number of function evaluations exceeded

 - final statistics:
63 variables; iteration 60; function evaluation 100
Function value 2.7356e+03; maximum gradient component mag 1.0113e+04
Exit code = 3;  converg criter 1.0000e+01
Var    Value     Gradient |Var    Value     Gradient |Var    Value     Gradient
  1 -0.48946 -8.37595e+02 |  2 -0.13701 -1.83128e+02 |  3  0.13403  2.57710e+03
  4 -0.68156  1.01125e+04 |  5 -0.39394  7.52095e+03 |  6 -0.39525  2.63174e+03
  7 -0.02133  1.84507e+03 |  8 -0.02460 -3.33824e+00 |  9 -0.02579 -3.52999e+00
 10 -0.01820 -2.42549e+00 | 11 -0.02983 -3.98330e+00 | 12 -0.00151  1.47273e-01
 13 -0.05465 -7.19254e+00 | 14  0.01794  3.63618e+00 | 15  0.08217  1.43688e+01
 16 -0.07480 -8.91496e+00 | 17  0.01818  7.20310e+00 | 18  0.16712  4.39454e+01
 19  0.13242  4.25205e+01 | 20  0.03446  2.10551e+01 | 21  0.08438  4.29380e+01
 22 -0.00223  1.94498e+01 | 23  0.15579  9.75597e+01 | 24 -0.10216 -2.11231e+00
 25  0.13888  1.06280e+02 | 26 -0.12247 -3.86636e+00 | 27  0.28323  3.04978e+02
 28 -0.10431 -1.79902e+02 | 29  0.05020 -1.19522e+02 | 30 -0.03206 -1.31902e+02
 31  0.06301  1.88231e+02 | 32 -0.12825 -1.35290e+02 | 33  0.09019  6.63550e+01
 34  0.00512  1.72925e+02 | 35  0.10702  4.61031e+02 | 36 -0.00330  1.93838e+02
 37 -0.08897  9.22664e+01 | 38 -0.15087  2.31277e+01 | 39 -0.01365  3.90188e+02
 40  0.09524  9.16041e+02 | 41 -0.00355  8.13615e+01 | 42  0.08198  2.36029e+02
 43  0.03004 -1.00665e+02 | 44  0.04321  1.58077e+02 | 45 -0.09880 -3.32144e+01
 46 -0.13499 -7.61871e+01 | 47  0.09084  9.07764e+02 | 48 -0.00354  2.73199e+02
 49 -0.02775  1.31134e+02 | 50  0.08450  3.06896e+02 | 51  0.06856  1.13648e+02
 52 -0.09526 -1.12142e+02 | 53  0.00018  2.30496e+01 | 54 -0.04386 -1.90521e+02
 55 -0.02403 -4.51568e+02 | 56  0.01835 -7.26408e+02 | 57  0.10496 -4.99170e+02
 58  0.00877 -1.22062e+02 | 59  0.12666 -5.61367e+02 | 60 -0.13207 -2.56001e+02
 61  0.08860 -3.02261e+02 | 62  0.16477 -1.29929e+02 | 63 -0.23090 -2.04705e+02

Initial statistics: 72 variables; iteration 0; function evaluation 0; phase 3
Function value 2.7355160e+03; maximum gradient component mag -5.5437e+04
Var    Value     Gradient |Var    Value     Gradient |Var    Value     Gradient
  1 -0.48946 -8.37595e+02 |  2 -0.13701 -1.83128e+02 |  3  0.13403  2.57710e+03
  4 -0.68156  1.01125e+04 |  5 -0.39394  7.52095e+03 |  6 -0.39525  2.63174e+03
  7 -0.02133  1.84507e+03 |  8 -0.02460 -3.33824e+00 |  9 -0.02579 -3.52999e+00
 10 -0.01820 -2.42549e+00 | 11 -0.02983 -3.98330e+00 | 12 -0.00151  1.47273e-01
 13 -0.05465 -7.19254e+00 | 14  0.01794  3.63618e+00 | 15  0.08217  1.43688e+01
 16 -0.07480 -8.91496e+00 | 17  0.01818  7.20310e+00 | 18  0.16712  4.39454e+01
 19  0.13242  4.25205e+01 | 20  0.03446  2.10551e+01 | 21  0.08438  4.29380e+01
 22 -0.00223  1.94498e+01 | 23  0.15579  9.75597e+01 | 24 -0.10216 -2.11231e+00
 25  0.13888  1.06280e+02 | 26 -0.12247 -3.86636e+00 | 27  0.28323  3.04978e+02
 28 -0.10463 -1.90352e+02 | 29  0.04989 -1.30102e+02 | 30 -0.03237 -1.42493e+02
 31  0.06269  1.77683e+02 | 32 -0.12857 -1.45669e+02 | 33  0.08988  5.58570e+01
 34  0.00481  1.62318e+02 | 35  0.10670  4.50610e+02 | 36 -0.00361  1.83229e+02
 37 -0.08928  8.17560e+01 | 38 -0.15119  1.28145e+01 | 39 -0.01396  3.79579e+02
 40  0.09493  9.05618e+02 | 41 -0.00386  7.07533e+01 | 42  0.08167  2.25523e+02
 43  0.02973 -1.11264e+02 | 44  0.04290  1.47498e+02 | 45 -0.09911 -4.36917e+01
 46 -0.13530 -8.65484e+01 | 47  0.09053  8.97326e+02 | 48 -0.00385  2.62591e+02
 49 -0.02806  1.20534e+02 | 50  0.08419  2.96400e+02 | 51  0.06825  1.03107e+02
 52 -0.09557 -1.22623e+02 | 53 -0.00013  1.24414e+01 | 54 -0.04417 -2.01097e+02
 55 -0.02434 -4.62160e+02 | 56  0.01804 -7.37022e+02 | 57  0.10464 -5.09676e+02
 58  0.00846 -1.32670e+02 | 59  0.12634 -5.71823e+02 | 60 -0.13238 -2.66354e+02
 61  0.08829 -3.12789e+02 | 62  0.16445 -1.40203e+02 | 63 -0.23123 -2.14581e+02
 64  0.89180  2.37619e+03 | 65 -0.30472  5.98440e+00 | 66  0.32412 -5.54369e+04
 67 -0.40415  1.27280e-01 | 68  0.18744  2.45653e+01 | 69 -0.84201 -9.31176e+02
 70  0.32136  3.33584e+00 | 71 -0.24328  5.64111e+02 | 72  0.27727  4.98367e+00

Intermediate statistics: 72 variables; iteration 20; function evaluation 27; phase 3
Function value 5.6996747e+02; maximum gradient component mag 3.6258e+03
Var    Value     Gradient |Var    Value     Gradient |Var    Value     Gradient
  1 -0.80205 -3.50695e+01 |  2  0.20889 -2.47555e+02 |  3  0.27031 -5.16105e+02
  4 -0.68453 -2.47573e+03 |  5 -0.43278 -1.89135e+03 |  6 -0.45294  2.09253e+02
  7 -0.03389  3.62579e+03 |  8 -0.01358 -1.80718e+00 |  9 -0.01423 -1.92742e+00
 10 -0.01004 -1.30602e+00 | 11 -0.01647 -2.14985e+00 | 12 -0.00084  1.51486e-01
 13 -0.03026 -3.86758e+00 | 14  0.00989  2.14070e+00 | 15  0.04589  7.99049e+00
 16 -0.04172 -4.51673e+00 | 17  0.00992  4.42680e+00 | 18  0.09841  2.27324e+01
 19  0.07728  2.25043e+01 | 20  0.01812  1.35269e+01 | 21  0.04850  2.63941e+01
 22 -0.00321  1.72415e+01 | 23  0.11624  7.22748e+01 | 24 -0.05823  9.82411e+00
 25  0.13981  1.18297e+02 | 26 -0.06372  1.59454e+01 | 27  0.36529  6.40690e+02
 28 -0.02422  1.91113e+02 | 29  0.11384  3.62224e+02 | 30  0.03320  2.65631e+02
 31 -0.01990  2.73340e+02 | 32 -0.09683  1.91291e+02 | 33  0.14979  5.02512e+02
 34 -0.07672  1.81560e+02 | 35  0.14493  3.55415e+02 | 36 -0.00321  1.68098e+02
 37 -0.10309  1.17815e+02 | 38 -0.21063  1.05850e+02 | 39 -0.03322 -1.06472e+01
 40 -0.02449 -2.65697e+02 | 41  0.11347 -4.52897e-01 | 42 -0.14620  4.19650e+01
 43  0.21850  6.21656e+02 | 44  0.02867  2.17103e+02 | 45 -0.04968  1.45948e+02
 46  0.00226  1.18640e+02 | 47  0.06276 -8.28839e+01 | 48  0.05838  1.18186e+02
 49 -0.01811  1.10079e+02 | 50  0.10992 -1.04929e+02 | 51  0.08166 -6.30587e+01
 52 -0.03608  7.20473e+01 | 53  0.01034  5.54435e+01 | 54  0.02235  9.38080e+01
 55 -0.00152 -9.90174e+01 | 56 -0.57344 -1.76470e+02 | 57  0.12877 -2.86041e+02
 58 -0.08010 -3.18185e+01 | 59  0.15505 -1.79536e+02 | 60 -0.04263  1.02805e+02
 61  0.16461  3.32363e+01 | 62  0.08806  2.33905e+01 | 63 -0.12006  1.04292e+02
 64  1.31707  2.28942e+02 | 65 -0.29463  1.40815e-03 | 66  0.41458  1.55082e+03
 67 -0.40425 -2.31472e-03 | 68  0.26357 -4.72742e+00 | 69 -0.64267  1.10067e+03
 70  0.30171  2.29382e+01 | 71 -0.51252 -4.34385e+02 | 72  0.24743  3.25070e+01
72 variables; iteration 40; function evaluation 57; phase 3
Function value 5.2375919e+02; maximum gradient component mag -4.3958e+03
Var    Value     Gradient |Var    Value     Gradient |Var    Value     Gradient
  1 -0.76592  9.35472e+01 |  2  0.21110 -2.28043e+02 |  3  0.17838 -1.07718e+03
  4 -0.65340 -4.39584e+03 |  5 -0.45200 -3.50265e+03 |  6 -0.40999 -5.16916e+02
  7 -0.03708  2.37663e+03 |  8  0.01087  1.56994e+00 |  9  0.01158  1.65158e+00
 10  0.00796  1.16815e+00 | 11  0.01282  1.88843e+00 | 12  0.00008  1.61379e-01
 13  0.02145  3.28150e+00 | 14 -0.00811 -7.57888e-01 | 15 -0.02919 -3.55323e+00
 16  0.01641  3.44462e+00 | 17 -0.00673  5.89679e-01 | 18  0.00480  3.23541e+00
 19  0.02233  7.50538e+00 | 20  0.00479  6.19438e+00 | 21  0.03552  1.45341e+01
 22 -0.00296  8.62518e+00 | 23  0.10291  3.81176e+01 | 24 -0.05366  5.15840e-01
 25  0.11973  5.05260e+01 | 26 -0.06557  1.68537e-01 | 27  0.34026  2.18639e+02
 28 -0.01721  1.84463e+02 | 29  0.12300  2.45344e+02 | 30  0.04870  2.10838e+02
 31 -0.06481  2.02878e+02 | 32 -0.11734  1.67885e+02 | 33  0.13258  1.43710e+02
 34 -0.14005  1.32499e+02 | 35  0.14362  1.22716e+02 | 36 -0.03878  1.29390e+02
 37 -0.05126  2.04037e+02 | 38 -0.19691  1.39531e+02 | 39 -0.15482  4.08444e+01
 40  0.07632 -7.38812e+01 | 41  0.05831 -4.22423e+01 | 42 -0.18839  5.21391e+01
 43  0.20781  5.25802e+02 | 44  0.04178  2.60700e+02 | 45 -0.06192  1.63907e+02
 46 -0.00894  1.12308e+02 | 47  0.05259 -1.03760e+02 | 48  0.04097  1.13778e+02
 49 -0.00987  1.66936e+02 | 50  0.10524 -9.34939e+01 | 51  0.05205 -1.26802e+02
 52 -0.03443  1.13966e+02 | 53  0.02244  1.05665e+02 | 54 -0.04577  5.58259e+01
 55  0.02662 -3.74208e+01 | 56 -0.51803 -1.66428e+02 | 57  0.10529 -2.72119e+02
 58 -0.04456  6.02338e+01 | 59  0.14445 -1.03232e+02 | 60 -0.05555  1.18221e+02
 61  0.12106 -6.45306e+00 | 62  0.13818  8.25068e+01 | 63  0.14230  1.78086e+02
 64  1.32495  3.06657e+02 | 65 -0.11951 -1.01941e-02 | 66  0.41285  1.92322e+03
 67 -0.41938 -2.43204e-03 | 68  1.31837  2.52537e-02 | 69 -0.66428  8.08305e+02
 70  0.23261  1.59028e+02 | 71 -0.57201 -3.17291e+02 | 72  0.13244  1.39094e+02
72 variables; iteration 60; function evaluation 81; phase 3
Function value 4.3528152e+02; maximum gradient component mag -2.6777e+03
Var    Value     Gradient |Var    Value     Gradient |Var    Value     Gradient
  1 -0.69160  2.21413e+01 |  2  0.16965 -1.94407e+02 |  3  0.16034 -6.89469e+02
  4 -0.63407 -2.67773e+03 |  5 -0.46777 -2.40921e+03 |  6 -0.41352 -3.39759e+01
  7 -0.04732  1.28783e+03 |  8  0.00092  1.72778e-01 |  9  0.00109  1.82628e-01
 10  0.00048  1.16329e-01 | 11  0.00056  1.61174e-01 | 12 -0.00127 -4.23821e-02
 13  0.00009  2.36541e-01 | 14 -0.00383 -1.80983e-01 | 15  0.00395  1.16095e+00
 16  0.01235  2.76168e+00 | 17 -0.02023 -1.53707e+00 | 18 -0.02661 -1.82388e+00
 19 -0.02364 -3.90665e-01 | 20 -0.02044  1.48879e+00 | 21 -0.02279  2.71059e+00
 22  0.03470  1.67253e+01 | 23  0.11226  4.07146e+01 | 24  0.12618  4.79817e+01
 25  0.04876  2.50380e+01 | 26 -0.10485 -8.35630e+00 | 27  0.36660  2.24952e+02
 28 -0.11114  1.30994e+01 | 29  0.14322  1.19386e+02 | 30  0.04641  5.52123e+01
 31 -0.09486  3.11718e+01 | 32 -0.11149  1.75957e+01 | 33  0.12542 -6.33441e+00
 34 -0.06841  3.59755e+01 | 35  0.14418  9.24403e+01 | 36 -0.02846 -1.09419e+01
 37 -0.11588 -5.70905e+00 | 38 -0.16835  2.06841e+01 | 39 -0.08460 -5.98974e+01
 40  0.05472 -1.67169e+02 | 41  0.07960 -2.54006e+01 | 42 -0.11653 -7.53980e+01
 43  0.19052  1.56053e+02 | 44  0.00095  2.61630e+01 | 45 -0.01210  7.64641e+01
 46 -0.09874  1.03928e+01 | 47  0.11505  3.00873e+02 | 48  0.03092  2.16693e+02
 49 -0.01596  1.18978e+02 | 50  0.09904  1.52226e+01 | 51  0.08175  3.19797e+00
 52 -0.04219  2.55972e+01 | 53  0.02086 -3.23187e+01 | 54 -0.09005 -1.33671e+02
 55  0.02145 -2.31381e+02 | 56 -0.39678 -3.21011e+02 | 57  0.10275 -3.90802e+02
 58 -0.06156 -7.86054e+01 | 59  0.15865 -2.13730e+01 | 60 -0.13064 -1.51434e+01
 61  0.15158  3.08406e+01 | 62  0.14183  2.41676e+00 | 63  0.01177  1.82527e+01
 64  1.31193  1.43981e+01 | 65 -0.20623 -8.92998e-04 | 66  0.40711 -4.23625e+02
 67 -0.49489 -3.09156e-03 | 68  0.56490 -8.12655e-02 | 69 -0.67415  8.67077e+01
 70  0.13848  1.45333e+02 | 71 -0.52302 -1.56015e+02 | 72  0.27928  8.66808e+01
Maximum number of function evaluations exceeded

 - final statistics:
72 variables; iteration 74; function evaluation 100
Function value 3.3578e+02; maximum gradient component mag -3.3871e+03
Exit code = 3;  converg criter 1.0000e+00
Var    Value     Gradient |Var    Value     Gradient |Var    Value     Gradient
  1 -0.46679  2.26817e+02 |  2  0.20694 -7.91627e+01 |  3  0.18460 -8.84161e+02
  4 -0.62301 -3.38705e+03 |  5 -0.47449 -2.76480e+03 |  6 -0.39641 -6.34818e+02
  7 -0.06172 -5.40161e+02 |  8 -0.02732  1.58851e+00 |  9 -0.11456  2.15885e+00
 10  0.08241  1.56127e+00 | 11  0.01880  1.96964e+00 | 12  0.16928  1.33509e+00
 13  0.06343  1.53851e+00 | 14 -0.06231  4.24052e+01 | 15  0.02096 -1.68336e+00
 16  0.09610  3.62137e+00 | 17 -0.18518  1.62905e+00 | 18  0.10043  1.13903e+00
 19  0.03592  1.28459e+01 | 20  0.20608  1.37903e+01 | 21  0.01060  1.28477e+01
 22 -0.13724 -1.37843e+01 | 23 -0.16769 -1.68203e+01 | 24 -0.27655 -2.95542e+01
 25 -0.05390 -9.88940e+00 | 26 -0.01110 -5.37132e+00 | 27  0.33495  4.02590e+01
 28 -0.01353 -9.80689e+00 | 29  0.17287  1.72859e+01 | 30 -0.01866 -3.27785e+00
 31 -0.00542  6.53283e+01 | 32 -0.13788  2.32664e+00 | 33  0.14978  1.90239e+02
 34 -0.10795  8.22637e+00 | 35  0.14426  8.77483e+01 | 36  0.01139  2.02764e+01
 37 -0.11451 -3.71514e+01 | 38 -0.29498 -3.40132e+01 | 39 -0.06066  1.52909e+01
 40  0.09163  1.40314e+02 | 41  0.08281  4.04605e+01 | 42 -0.09457 -1.24900e+02
 43  0.17454 -4.81726e+02 | 44 -0.02371 -2.06000e+02 | 45 -0.08037 -1.08164e+02
 46 -0.05910 -2.79702e+01 | 47  0.13472  3.62746e+02 | 48 -0.01259  3.32480e+01
 49 -0.04283  1.64572e+01 | 50  0.11460  5.76882e+01 | 51  0.09571 -2.32764e+01
 52 -0.09331 -8.30424e+01 | 53  0.01918 -2.45165e+02 | 54 -0.22436 -1.95191e+02
 55  0.01769 -2.82490e+02 | 56 -0.05922 -4.21490e+02 | 57  0.09760 -4.06157e+02
 58 -0.11136 -1.58987e+02 | 59  0.14620 -1.76460e+02 | 60 -0.03339  1.01154e+01
 61  0.14788  8.45338e+01 | 62  0.15313  3.26019e+01 | 63 -0.22519 -2.58617e+01
 64  1.37495 -4.93292e+01 | 65 -2.00289  3.50978e-01 | 66  0.39487 -1.18431e+03
 67 -0.61490 -4.47096e-03 | 68  0.02873 -2.20542e+01 | 69 -0.61270 -5.57311e+02
 70  0.21617 -4.95737e+01 | 71 -0.30773  9.91655e+01 | 72  0.20347 -3.80964e+01

Initial statistics: 72 variables; iteration 0; function evaluation 0; phase 4
Function value 3.3357825e+02; maximum gradient component mag -2.6763e+03
Var    Value     Gradient |Var    Value     Gradient |Var    Value     Gradient
  1 -0.46679  1.23742e+02 |  2  0.20694  7.84489e+01 |  3  0.18460 -6.98630e+02
  4 -0.62301 -2.67632e+03 |  5 -0.47449 -2.22244e+03 |  6 -0.39641 -1.18528e+02
  7 -0.06172 -5.95702e+02 |  8 -0.02732 -3.78541e+00 |  9 -0.11456 -1.56267e+01
 10  0.08241  1.14087e+01 | 11  0.01880  2.66480e+00 | 12  0.16928  2.27417e+01
 13  0.06343  8.96404e+00 | 14 -0.06231 -8.52497e+00 | 15  0.02096  3.26927e+00
 16  0.09610  1.42149e+01 | 17 -0.18518 -2.42089e+01 | 18  0.10043  1.64760e+01
 19  0.03592  7.47125e+00 | 20  0.20608  3.86875e+01 | 21  0.01060  4.61222e+00
 22 -0.13724 -1.79388e+01 | 23 -0.16769 -2.27857e+01 | 24 -0.27655 -3.46005e+01
 25 -0.05390 -1.13052e+01 | 26 -0.01110 -1.53801e+00 | 27  0.33495  5.59208e+01
 28 -0.01214  6.28926e+00 | 29  0.17431  5.75029e+01 | 30 -0.01727  1.26641e+01
 31 -0.00404  9.23462e+01 | 32 -0.13646  1.63701e+01 | 33  0.15120  2.75279e+02
 34 -0.10655  2.57010e+01 | 35  0.14568  1.67864e+02 | 36  0.01277  6.95999e+01
 37 -0.11310 -1.60917e+01 | 38 -0.29343 -2.74492e+01 | 39 -0.05927  5.88310e+01
 40  0.09303  2.79907e+02 | 41  0.08421  1.22223e+02 | 42 -0.09318 -1.07285e+02
 43  0.17597 -4.48451e+02 | 44 -0.02233 -2.05158e+02 | 45 -0.07898 -1.01838e+02
 46 -0.05771  4.34800e-01 | 47  0.13614  4.82769e+02 | 48 -0.01121  5.90710e+01
 49 -0.04144  4.24014e+01 | 50  0.11601  1.75703e+02 | 51  0.09711  6.88896e+01
 52 -0.09191 -5.34208e+01 | 53  0.02056 -1.61318e+02 | 54 -0.22288 -1.64377e+02
 55  0.01908 -1.05953e+02 | 56 -0.05783 -3.10805e+02 | 57  0.09900 -1.92732e+02
 58 -0.10996 -1.39579e+02 | 59  0.14762 -1.24228e+02 | 60 -0.03201  2.85929e+01
 61  0.14930  1.07398e+02 | 62  0.15455  3.91431e+01 | 63 -0.22372 -2.41723e+01
 64  0.62505  1.40824e+02 | 65  0.00289 -2.18114e+00 | 66  0.39487 -1.72627e+03
 67 -0.61490 -4.54395e-03 | 68  0.02873 -4.28775e+01 | 69 -0.61270 -8.67461e+02
 70  0.21617 -8.32440e+00 | 71 -0.30773  2.29587e+02 | 72  0.20347 -6.80967e+00

Intermediate statistics: 72 variables; iteration 20; function evaluation 27; phase 4
Function value 1.7462796e+02; maximum gradient component mag -1.6964e+03
Var    Value     Gradient |Var    Value     Gradient |Var    Value     Gradient
  1 -0.25511 -1.24071e+02 |  2  0.25688  5.84832e+01 |  3  0.25536  2.22090e+02
  4 -0.61620  9.59044e+02 |  5 -0.48093  7.26435e+02 |  6 -0.28665  3.82113e+02
  7 -0.07053  7.23947e-01 |  8 -0.00402 -5.48604e-01 |  9 -0.01733 -2.40757e+00
 10  0.01197  1.68465e+00 | 11  0.00250  3.73965e-01 | 12  0.02629  3.71508e+00
 13  0.00852  1.26758e+00 | 14 -0.00970 -1.23449e+00 | 15  0.00142  4.17410e-01
 16  0.01035  1.84507e+00 | 17 -0.03180 -3.93840e+00 | 18  0.00458  1.70986e+00
 19 -0.00610  7.27234e-01 | 20 -0.00308  2.05199e+00 | 21 -0.01601  9.55297e-01
 22 -0.02974 -5.91773e-01 | 23 -0.02935 -6.83453e-01 | 24 -0.04844 -5.10588e+00
 25  0.01572  2.33203e+00 | 26  0.01400  1.25175e+00 | 27  0.16813  1.37517e+01
 28  0.04163 -2.22081e+01 | 29  0.15390  1.59794e+01 | 30  0.02762 -8.92680e+00
 31 -0.08491 -1.55912e+01 | 32 -0.11777 -1.27058e+00 | 33  0.12266  1.42548e+02
 34 -0.10550 -4.99309e+00 | 35  0.11777 -7.11798e+00 | 36 -0.02186 -2.40084e+01
 37 -0.09243 -6.52547e+00 | 38 -0.21705 -3.75412e+00 | 39 -0.09148 -9.29044e+00
 40  0.05475  2.84640e+01 | 41  0.01323 -2.74967e-01 | 42  0.04548  2.79983e+01
 43  0.11821 -1.55609e+02 | 44  0.02196 -3.50523e+01 | 45 -0.07814 -2.68022e+01
 46 -0.07912 -2.00765e+01 | 47  0.07399  2.59981e+01 | 48 -0.01122 -1.59183e+01
 49 -0.06934 -3.12714e+01 | 50  0.08093 -3.81677e+01 | 51  0.06390  3.43781e+01
 52 -0.06945 -2.25573e+01 | 53 -0.03787 -8.16848e+01 | 54 -0.05836 -7.55517e+01
 55 -0.07507 -1.93046e+01 | 56  0.00706  5.01831e+01 | 57  0.07202  2.93402e+02
 58 -0.05408  3.17320e+01 | 59  0.13991  2.77808e+02 | 60 -0.07560  2.21758e+01
 61  0.11957  9.12830e+01 | 62  0.14416  1.89749e+01 | 63 -0.06733 -2.40041e+01
 64  0.63437  2.24032e+02 | 65  0.01043 -4.50363e+00 | 66  0.40297 -1.69637e+03
 67 -0.61486 -4.54335e-03 | 68  0.13587  2.43132e-01 | 69 -0.48013 -2.24721e+02
 70  0.42723 -1.60433e-02 | 71 -0.13817  1.72194e+02 | 72  0.36706 -1.24842e-01
72 variables; iteration 40; function evaluation 50; phase 4
Function value 1.6705323e+02; maximum gradient component mag -4.6709e+02
Var    Value     Gradient |Var    Value     Gradient |Var    Value     Gradient
  1 -0.14310  6.09187e+01 |  2  0.25493 -7.08837e+00 |  3  0.27345 -3.37922e+01
  4 -0.62244 -1.52295e+02 |  5 -0.47661 -1.19945e+02 |  6 -0.25539 -1.67157e+02
  7 -0.07003 -1.31314e+02 |  8  0.00039  6.14486e-02 |  9  0.00192  2.73216e-01
 10 -0.00133 -1.75432e-01 | 11 -0.00036 -3.31519e-02 | 12 -0.00313 -4.06669e-01
 13 -0.00116 -1.08830e-01 | 14  0.00016  1.16223e-01 | 15 -0.00131 -1.93581e-02
 16 -0.00240 -5.13603e-02 | 17 -0.00198  2.15198e-01 | 18 -0.00481  1.34258e-01
 19 -0.00892  2.59461e-02 | 20 -0.00778  9.06933e-01 | 21 -0.01885 -1.15369e-02
 22 -0.02451 -3.25026e-01 | 23 -0.02322 -3.73460e-01 | 24 -0.00895  6.81713e-02
 25 -0.00369 -1.58647e+00 | 26 -0.00185 -1.89821e+00 | 27  0.17063  1.23282e+01
 28  0.07305  8.27125e+00 | 29  0.14723  1.43062e+01 | 30  0.01123  7.94689e+00
 31 -0.05887  3.01957e+01 | 32 -0.13073  1.71887e+01 | 33  0.11744  7.49976e+01
 34 -0.11007  7.29548e+00 | 35  0.11471 -7.33836e+01 | 36 -0.01230 -1.41932e+01
 37 -0.09744 -9.48411e+00 | 38 -0.23752  4.04826e+00 | 39 -0.10004 -2.68893e+01
 40  0.05322 -3.13775e+01 | 41  0.00574 -2.95486e+01 | 42  0.04842  5.12501e+00
 43  0.11731 -2.45176e+02 | 44  0.01318 -7.65272e+01 | 45 -0.07725 -2.73870e+01
 46 -0.07655 -1.86409e+01 | 47  0.06434 -5.97501e+01 | 48 -0.00619 -1.18378e+01
 49 -0.07721 -5.76110e+00 | 50  0.08699  1.53363e+01 | 51  0.05803  4.62793e+01
 52 -0.06814  1.37873e+01 | 53 -0.03161 -2.60228e+01 | 54 -0.05855 -4.02818e+01
 55 -0.08016  4.17983e+00 | 56  0.00819  6.30584e+01 | 57  0.06128  2.23183e+02
 58 -0.04820  5.58952e+01 | 59  0.13106  1.73087e+02 | 60 -0.08600  3.73081e+01
 61  0.11748  1.01453e+02 | 62  0.14250  4.94130e+01 | 63 -0.00862  2.02065e+01
 64  0.71805  5.24489e+01 | 65  0.15240  1.55749e-02 | 66  0.41382 -4.67095e+02
 67 -0.61358 -4.52379e-03 | 68  0.05314  1.05928e-02 | 69 -0.47465 -8.29902e+01
 70  0.45794 -6.64074e-02 | 71 -0.13849  7.67600e+01 | 72  0.33243 -7.26249e-01
72 variables; iteration 60; function evaluation 79; phase 4
Function value 1.5664104e+02; maximum gradient component mag 1.4541e+02
Var    Value     Gradient |Var    Value     Gradient |Var    Value     Gradient
  1 -0.15169  3.88938e+00 |  2  0.25649 -2.84833e+00 |  3  0.17580  2.59381e+00
  4 -0.58239  2.50307e+00 |  5 -0.49294  1.62999e+01 |  6 -0.25299 -1.97877e+01
  7 -0.07083  1.45414e+02 |  8 -0.00106 -1.40403e-01 |  9 -0.00439 -6.07391e-01
 10  0.00281  4.02071e-01 | 11  0.00041  7.38527e-02 | 12  0.00591  8.54660e-01
 13  0.00125  2.26087e-01 | 14 -0.00253 -2.63808e-01 | 15 -0.00101  1.70128e-02
 16 -0.00015  2.56689e-01 | 17 -0.00828 -7.02441e-01 | 18  0.00646  1.75487e+00
 19 -0.00043  1.26809e+00 | 20 -0.01677 -4.99463e-01 | 21 -0.02069 -2.70492e-01
 22 -0.02190  2.80066e-01 | 23 -0.03143 -1.30205e+00 | 24 -0.02083 -1.00088e+00
 25 -0.00047  1.63300e-02 | 26  0.01957  2.54600e+00 | 27  0.11984  1.35417e+01
 28  0.09254  6.50121e+00 | 29  0.13266  2.89791e+01 | 30  0.03992  7.94678e+00
 31 -0.07564  6.96808e+00 | 32 -0.12419  3.18759e+00 | 33  0.10868  2.64417e+01
 34 -0.10166  3.68925e+00 | 35  0.11849  3.39956e+01 | 36 -0.01382  8.03904e+00
 37 -0.09531  8.64679e-01 | 38 -0.22982  4.25155e+00 | 39 -0.08438  8.02517e+00
 40  0.04619 -1.80614e+00 | 41  0.01879 -8.68298e+00 | 42  0.01528 -9.57984e+00
 43  0.13762 -3.73658e+01 | 44 -0.00286 -1.90533e+01 | 45 -0.06662 -3.10734e+00
 46 -0.07572 -1.04995e+00 | 47  0.06619 -3.57479e+00 | 48 -0.00936 -4.82115e+00
 49 -0.07166 -9.57380e+00 | 50  0.08553 -9.74437e+00 | 51  0.05131 -1.06154e+01
 52 -0.07143 -6.89011e+00 | 53 -0.02616 -1.03471e+00 | 54 -0.04347  6.35148e+00
 55 -0.07951  3.66299e+00 | 56  0.00947 -1.55158e+01 | 57  0.04071 -3.33463e+01
 58 -0.04162 -9.38321e+00 | 59  0.12508 -1.84760e+01 | 60 -0.07661  1.73333e+00
 61  0.10726 -8.72469e+00 | 62  0.13363 -6.84122e+00 | 63 -0.04322 -1.72358e+00
 64  0.62678  5.14142e+00 | 65  0.04595 -5.00099e-02 | 66  0.40862 -5.83421e+01
 67 -0.60100 -4.33830e-03 | 68  0.11653 -2.21724e-01 | 69 -0.47876 -1.11732e+00
 70  0.28672 -1.72863e-02 | 71 -0.14993 -5.17521e+00 | 72  0.52865 -1.69392e-02
Maximum number of function evaluations exceeded

 - final statistics:
72 variables; iteration 77; function evaluation 100
Function value 1.5527e+02; maximum gradient component mag 2.2894e+02
Exit code = 3;  converg criter 1.0000e+00
Var    Value     Gradient |Var    Value     Gradient |Var    Value     Gradient
  1 -0.15241  3.32871e+01 |  2  0.25929 -2.14144e+01 |  3  0.14156 -5.58991e+01
  4 -0.56562 -2.07979e+02 |  5 -0.50080 -1.70856e+02 |  6 -0.24715 -1.12068e+02
  7 -0.07441 -1.89573e+01 |  8 -0.00188 -2.56945e-01 |  9 -0.00792 -1.10064e+00
 10  0.00003  1.23954e-02 | 11 -0.00218 -2.90067e-01 | 12 -0.00601 -8.13533e-01
 13  0.00471  7.03444e-01 | 14  0.00222  3.89832e-01 | 15  0.00295  5.54750e-01
 16 -0.00543 -5.22243e-01 | 17 -0.00698 -5.69952e-01 | 18 -0.00718 -3.22701e-01
 19 -0.01166 -5.47791e-01 | 20 -0.01786 -8.68142e-01 | 21 -0.02588 -1.36287e+00
 22 -0.02211 -9.68148e-02 | 23 -0.02050  1.20462e-01 | 24 -0.00105  1.56683e+00
 25 -0.00166 -1.02497e+00 | 26  0.00420 -8.45664e-01 | 27  0.06178  5.45177e+00
 28  0.12615  1.07596e+01 | 29  0.10220  2.11755e+01 | 30  0.05553  1.31483e+01
 31 -0.07971  1.47465e+01 | 32 -0.12302  9.18965e+00 | 33  0.10596  8.37108e+00
 34 -0.09729  7.20510e+00 | 35  0.11403 -1.16486e+01 | 36 -0.01549 -5.81574e-01
 37 -0.09213  5.04699e+00 | 38 -0.23950  3.30069e+00 | 39 -0.08754  1.08691e+00
 40  0.04362 -9.26245e+00 | 41  0.01960  1.06945e+00 | 42  0.01215 -2.95302e+00
 43  0.13619 -1.47391e+01 | 44 -0.00015  7.44422e-01 | 45 -0.07151  3.81327e-01
 46 -0.07738 -1.57424e-01 | 47  0.06301 -1.97225e+01 | 48 -0.01199 -3.67624e+00
 49 -0.06785  8.53615e-01 | 50  0.08297 -1.27816e+01 | 51  0.04877 -8.43743e+00
 52 -0.06856  2.73957e+00 | 53 -0.03067 -7.86239e+00 | 54 -0.04548 -2.51335e+00
 55 -0.08686 -7.47405e+00 | 56  0.00933 -5.90585e+00 | 57  0.04076 -2.76192e+00
 58 -0.04070  6.73296e+00 | 59  0.12258 -7.45702e+00 | 60 -0.07978  9.06178e+00
 61  0.10576  8.13549e+00 | 62  0.13819  1.15154e+01 | 63 -0.01286  1.00573e+01
 64  0.61771 -3.00917e+01 | 65  0.03815 -3.19754e-01 | 66  0.40931  2.28937e+02
 67 -0.56460 -3.85386e-03 | 68  0.20696 -2.09194e-01 | 69 -0.47091  4.50941e+01
 70  0.08558 -2.07579e-01 | 71 -0.14130 -2.42724e+01 | 72  0.85208 -2.45423e-02

Initial statistics: 72 variables; iteration 0; function evaluation 0; phase 5
Function value 1.5526760e+02; maximum gradient component mag 2.2894e+02
Var    Value     Gradient |Var    Value     Gradient |Var    Value     Gradient
  1 -0.15241  3.32871e+01 |  2  0.25929 -2.14144e+01 |  3  0.14156 -5.58991e+01
  4 -0.56562 -2.07979e+02 |  5 -0.50080 -1.70856e+02 |  6 -0.24715 -1.12068e+02
  7 -0.07441 -1.89573e+01 |  8 -0.00188 -2.56945e-01 |  9 -0.00792 -1.10064e+00
 10  0.00003  1.23954e-02 | 11 -0.00218 -2.90067e-01 | 12 -0.00601 -8.13533e-01
 13  0.00471  7.03444e-01 | 14  0.00222  3.89832e-01 | 15  0.00295  5.54750e-01
 16 -0.00543 -5.22243e-01 | 17 -0.00698 -5.69952e-01 | 18 -0.00718 -3.22701e-01
 19 -0.01166 -5.47791e-01 | 20 -0.01786 -8.68142e-01 | 21 -0.02588 -1.36287e+00
 22 -0.02211 -9.68148e-02 | 23 -0.02050  1.20462e-01 | 24 -0.00105  1.56683e+00
 25 -0.00166 -1.02497e+00 | 26  0.00420 -8.45664e-01 | 27  0.06178  5.45177e+00
 28  0.12613  9.99130e+00 | 29  0.10218  2.04020e+01 | 30  0.05551  1.23676e+01
 31 -0.07973  1.39689e+01 | 32 -0.12304  8.42048e+00 | 33  0.10594  7.59826e+00
 34 -0.09732  6.43050e+00 | 35  0.11401 -1.24198e+01 | 36 -0.01551 -1.36504e+00
 37 -0.09216  4.27146e+00 | 38 -0.23952  2.57176e+00 | 39 -0.08757  3.10605e-01
 40  0.04360 -1.00443e+01 | 41  0.01958  2.86127e-01 | 42  0.01213 -3.73658e+00
 43  0.13616 -1.55050e+01 | 44 -0.00017 -3.92777e-02 | 45 -0.07153 -3.97432e-01
 46 -0.07740 -9.35337e-01 | 47  0.06299 -2.05025e+01 | 48 -0.01201 -4.45980e+00
 49 -0.06788  7.43629e-02 | 50  0.08295 -1.35587e+01 | 51  0.04875 -9.21885e+00
 52 -0.06858  1.96040e+00 | 53 -0.03069 -8.64517e+00 | 54 -0.04551 -3.29504e+00
 55 -0.08688 -8.25043e+00 | 56  0.00930 -6.68946e+00 | 57  0.04073 -3.54402e+00
 58 -0.04072  5.95085e+00 | 59  0.12256 -8.22629e+00 | 60 -0.07981  8.28419e+00
 61  0.10574  7.36262e+00 | 62  0.13817  1.07502e+01 | 63 -0.01289  9.27377e+00
 64  0.61771 -3.00917e+01 | 65  0.03815 -3.19754e-01 | 66  0.40931  2.28937e+02
 67 -0.56460 -3.85386e-03 | 68  0.20696 -2.09194e-01 | 69 -0.47091  4.50941e+01
 70  0.08558 -2.07579e-01 | 71 -0.14130 -2.42724e+01 | 72  0.85208 -2.45423e-02

Intermediate statistics: 72 variables; iteration 20; function evaluation 24; phase 5
Function value 1.5480101e+02; maximum gradient component mag -1.9129e+02
Var    Value     Gradient |Var    Value     Gradient |Var    Value     Gradient
  1 -0.15725  1.86314e+01 |  2  0.25942 -1.47796e+01 |  3  0.12193 -5.36626e+01
  4 -0.55632 -1.91286e+02 |  5 -0.50506 -1.64200e+02 |  6 -0.24827 -5.30973e+01
  7 -0.07460 -1.30659e+01 |  8 -0.00049 -6.22055e-02 |  9 -0.00195 -2.66904e-01
 10 -0.00004  3.16876e-03 | 11 -0.00061 -7.00022e-02 | 12 -0.00159 -1.96453e-01
 13  0.00089  1.70864e-01 | 14  0.00011  9.54206e-02 | 15 -0.00005  1.35468e-01
 16 -0.00260 -1.19558e-01 | 17 -0.00390 -1.25900e-01 | 18 -0.00544 -6.20033e-02
 19 -0.00875 -1.02462e-01 | 20 -0.01333 -1.54596e-01 | 21 -0.01891 -2.30593e-01
 22 -0.02169  2.39888e-02 | 23 -0.02127  6.69583e-02 | 24 -0.00955  3.90249e-01
 25  0.00340 -6.26119e-02 | 26  0.00831  1.41015e-01 | 27  0.02943  2.37250e+00
 28  0.14404  1.17096e+01 | 29  0.07445  1.39035e+01 | 30  0.07045  1.54837e+01
 31 -0.08760  1.03897e+01 | 32 -0.12171  5.98414e+00 | 33  0.10544  4.11158e+00
 34 -0.09708  4.73214e+00 | 35  0.11437  2.03824e+00 | 36 -0.01444  5.76889e+00
 37 -0.09217  7.06033e+00 | 38 -0.23527  3.39528e+00 | 39 -0.08734  2.75955e+00
 40  0.04450 -3.61617e-01 | 41  0.01907  3.64263e-01 | 42  0.01234 -3.24677e+00
 43  0.13629 -6.22657e+00 | 44  0.00010  3.27413e+00 | 45 -0.07063  1.43144e+00
 46 -0.07686  1.14999e+00 | 47  0.06385 -7.27079e+00 | 48 -0.01151  2.54062e-01
 49 -0.06727 -2.93803e-01 | 50  0.08269 -1.68453e+01 | 51  0.04831 -1.37352e+01
 52 -0.06865 -2.68056e-01 | 53 -0.02996 -7.48863e+00 | 54 -0.04556 -2.32761e+00
 55 -0.08558 -5.70526e+00 | 56  0.00953 -2.37875e+00 | 57  0.04121  2.02076e+00
 58 -0.04055  6.81258e+00 | 59  0.12376  1.70679e+00 | 60 -0.08117  3.56521e+00
 61  0.10417 -6.06192e+00 | 62  0.13696  2.23032e+00 | 63 -0.01890  5.30732e+00
 64  0.60929 -2.51335e+01 | 65  0.03950 -6.64075e-02 | 66  0.40835  1.74702e+02
 67 -0.56456 -3.85345e-03 | 68  0.20829 -2.32338e-01 | 69 -0.47138  2.90742e+01
 70  0.08643 -6.06918e-02 | 71 -0.14214 -1.63100e+01 | 72  0.85215 -8.35774e-04
72 variables; iteration 40; function evaluation 45; phase 5
Function value 1.5461743e+02; maximum gradient component mag -6.7652e+01
Var    Value     Gradient |Var    Value     Gradient |Var    Value     Gradient
  1 -0.16274  7.58357e+00 |  2  0.25849 -4.72522e+00 |  3  0.11480 -1.81375e+01
  4 -0.55277 -6.76521e+01 |  5 -0.50606 -5.59679e+01 |  6 -0.25075 -2.55645e+01
  7 -0.07472 -6.59698e+00 |  8  0.00023  3.79634e-02 |  9  0.00112  1.61040e-01
 10 -0.00007 -1.44313e-03 | 11  0.00021  4.34092e-02 | 12  0.00069  1.22073e-01
 13 -0.00107 -1.04818e-01 | 14 -0.00098 -5.79856e-02 | 15 -0.00161 -8.62363e-02
 16 -0.00104  9.83701e-02 | 17 -0.00213  1.21846e-01 | 18 -0.00435  8.78120e-02
 19 -0.00684  1.65378e-01 | 20 -0.01026  2.90900e-01 | 21 -0.01420  4.81274e-01
 22 -0.02151 -9.12904e-04 | 23 -0.02212 -1.70670e-01 | 24 -0.01635 -8.51902e-01
 25  0.00212 -6.10872e-01 | 26  0.00191 -1.11251e+00 | 27  0.01720  4.45612e-01
 28  0.14692  4.71877e+00 | 29  0.06755  5.75357e+00 | 30  0.07315  6.62244e+00
 31 -0.08941  3.52590e+00 | 32 -0.12209  2.01479e+00 | 33  0.10627  5.52305e+00
 34 -0.09799  1.75395e+00 | 35  0.11462 -1.07729e+00 | 36 -0.01384  1.72716e+00
 37 -0.09265  1.41438e+00 | 38 -0.23573 -1.43579e-01 | 39 -0.08700  9.81835e-01
 40  0.04426 -2.48189e+00 | 41  0.01937  2.28457e-01 | 42  0.01334 -2.88298e+00
 43  0.13587 -9.98855e+00 | 44  0.00019 -1.02640e+00 | 45 -0.06945  2.15908e-01
 46 -0.07761 -1.27673e+00 | 47  0.06388 -6.13979e+00 | 48 -0.01120 -1.93946e+00
 49 -0.06860 -2.70284e+00 | 50  0.08312 -3.06061e+00 | 51  0.04973 -3.16706e+00
 52 -0.07033 -1.08023e+00 | 53 -0.02795 -1.91510e+00 | 54 -0.04697 -2.12381e+00
 55 -0.08254 -2.34434e-01 | 56  0.00846 -2.15523e+00 | 57  0.04195 -1.93034e-01
 58 -0.04204  1.07527e+00 | 59  0.12370 -1.36653e+00 | 60 -0.08052  2.28469e+00
 61  0.10597  3.12242e-01 | 62  0.13698  2.73544e+00 | 63 -0.02147  1.70649e+00
 64  0.60189 -8.44898e+00 | 65  0.03967 -1.18752e-02 | 66  0.40718  4.50372e+01
 67 -0.56074 -3.80659e-03 | 68  0.37923 -1.29461e-02 | 69 -0.47527  3.21395e+00
 70  0.17637 -1.79030e-02 | 71 -0.14580 -3.25921e+00 | 72  0.85764  1.03166e-02
72 variables; iteration 60; function evaluation 73; phase 5
Function value 1.5454650e+02; maximum gradient component mag -2.2675e+01
Var    Value     Gradient |Var    Value     Gradient |Var    Value     Gradient
  1 -0.15616  3.54333e+00 |  2  0.25931 -8.36082e-01 |  3  0.09746 -6.87205e+00
  4 -0.54364 -2.26746e+01 |  5 -0.50972 -1.74883e+01 |  6 -0.24891 -9.97696e+00
  7 -0.07490 -3.19569e+00 |  8 -0.00013 -1.21671e-02 |  9 -0.00040 -5.14467e-02
 10 -0.00005  8.85276e-04 | 11 -0.00019 -1.32299e-02 | 12 -0.00044 -3.77823e-02
 13 -0.00005  3.59917e-02 | 14 -0.00039  2.15667e-02 | 15 -0.00079  2.29700e-02
 16 -0.00152  1.96991e-02 | 17 -0.00234  7.46753e-02 | 18 -0.00433  6.35081e-02
 19 -0.00714  8.13976e-02 | 20 -0.01183 -2.67577e-03 | 21 -0.01680  4.01977e-03
 22 -0.02303 -3.05628e-01 | 23 -0.02121 -3.76716e-02 | 24 -0.01225 -1.51371e-01
 25  0.00591  8.92232e-02 | 26  0.00979  4.67275e-02 | 27  0.01301 -2.04046e-01
 28  0.14674 -9.36755e-01 | 29  0.06207 -6.95497e-01 | 30  0.07491 -6.85787e-01
 31 -0.08942  4.67905e-01 | 32 -0.12124  3.21270e-01 | 33  0.10570 -9.77905e-01
 34 -0.09722  3.90220e-01 | 35  0.11460 -1.27295e+00 | 36 -0.01369 -1.25539e-01
 37 -0.09232  9.50068e-02 | 38 -0.23252  4.45864e-01 | 39 -0.08742  7.48714e-02
 40  0.04423 -1.00076e+00 | 41  0.01869 -6.75695e-01 | 42  0.01401 -4.38459e-01
 43  0.13590 -2.47665e+00 | 44 -0.00045 -8.28689e-01 | 45 -0.06964 -6.97350e-02
 46 -0.07690  1.72902e-01 | 47  0.06372 -9.70634e-01 | 48 -0.01177 -1.30249e-01
 49 -0.06645  3.44590e-01 | 50  0.08240 -3.21033e-01 | 51  0.04984  3.20216e-01
 52 -0.06976  5.90792e-01 | 53 -0.02794  6.51781e-01 | 54 -0.04660  5.57623e-01
 55 -0.08278  7.74301e-01 | 56  0.00844  3.07032e-01 | 57  0.04159  1.77612e-01
 58 -0.04219  4.40738e-01 | 59  0.12369  4.92390e-01 | 60 -0.08204  5.60121e-01
 61  0.10657  8.54238e-01 | 62  0.13575  5.18592e-01 | 63 -0.02035  7.31014e-01
 64  0.59974 -1.53578e+00 | 65  0.05099  9.71975e-01 | 66  0.40706  7.51186e+00
 67 -0.54877 -3.92748e-03 | 68  0.34003 -1.15295e-02 | 69 -0.47359  3.46853e-01
 70  0.19313 -1.42375e-02 | 71 -0.14418 -1.42573e-01 | 72  0.82251  7.33537e-03
Maximum number of function evaluations exceeded

 - final statistics:
72 variables; iteration 76; function evaluation 100
Function value 1.5454e+02; maximum gradient component mag 1.9691e+00
Exit code = 3;  converg criter 1.0000e+00
Var    Value     Gradient |Var    Value     Gradient |Var    Value     Gradient
  1 -0.15612  3.26792e-03 |  2  0.25935 -1.00266e-01 |  3  0.09039  6.07236e-01
  4 -0.53966  1.96914e+00 |  5 -0.51140  1.47198e+00 |  6 -0.24879 -5.70079e-01
  7 -0.07504  2.86366e-01 |  8 -0.00004 -4.77599e-05 |  9 -0.00003  7.85902e-04
 10 -0.00006 -2.04608e-04 | 11 -0.00009  7.23426e-04 | 12 -0.00013  4.13061e-03
 13 -0.00034 -4.84008e-03 | 14 -0.00054 -2.01301e-03 | 15 -0.00093  3.48157e-03
 16 -0.00173 -9.92403e-03 | 17 -0.00269  2.36580e-02 | 18 -0.00477 -2.06517e-03
 19 -0.00759  1.26898e-02 | 20 -0.01174  1.05907e-02 | 21 -0.01663  3.34670e-02
 22 -0.02133 -1.88626e-02 | 23 -0.02112  5.00268e-03 | 24 -0.01144  8.64384e-03
 25  0.00508  1.04886e-02 | 26  0.00904  6.11655e-03 | 27  0.01406  3.71518e-02
 28  0.14517  2.33943e-01 | 29  0.06420  2.76480e-01 | 30  0.07465  1.47160e-01
 31 -0.08891  1.63941e-01 | 32 -0.12108  1.11089e-01 | 33  0.10561  2.23638e-01
 34 -0.09718  2.20851e-02 | 35  0.11448 -1.13334e-01 | 36 -0.01354 -4.79122e-02
 37 -0.09206  4.64046e-03 | 38 -0.23245  2.26185e-03 | 39 -0.08741  4.16967e-03
 40  0.04412 -5.50458e-03 | 41  0.01877  3.18204e-02 | 42  0.01398  8.30949e-03
 43  0.13580 -2.35339e-01 | 44 -0.00030 -6.01095e-02 | 45 -0.06954 -7.52273e-03
 46 -0.07705 -5.73514e-02 | 47  0.06362 -1.58378e-01 | 48 -0.01169 -5.59599e-02
 49 -0.06655 -6.76514e-02 | 50  0.08232 -1.02207e-02 | 51  0.04976 -7.25617e-02
 52 -0.06977 -3.53470e-02 | 53 -0.02801 -9.98733e-02 | 54 -0.04661 -1.18186e-01
 55 -0.08290 -3.74454e-02 | 56  0.00836 -1.41874e-01 | 57  0.04159 -9.77829e-02
 58 -0.04218 -4.08421e-02 | 59  0.12361 -2.38931e-01 | 60 -0.08185 -2.36792e-02
 61  0.10640  1.52584e-03 | 62  0.13585  5.06908e-02 | 63 -0.02104  3.45609e-02
 64  0.59735  1.69303e-01 | 65  0.05109 -7.59355e-02 | 66  0.40690 -1.09288e+00
 67 -0.49332 -3.09338e-03 | 68  0.39857 -4.02206e-03 | 69 -0.47356  3.15094e-01
 70  0.24636 -6.83939e-03 | 71 -0.14418 -2.17286e-01 | 72  0.71961  2.84455e-03

Initial statistics: 74 variables; iteration 0; function evaluation 0; phase 6
Function value 1.5454006e+02; maximum gradient component mag 1.4534e+01
Var    Value     Gradient |Var    Value     Gradient |Var    Value     Gradient
  1 -0.15612 -7.91697e-03 |  2  0.25935 -9.66119e-02 |  3  0.09039  6.38162e-01
  4 -0.53966  2.05463e+00 |  5 -0.51140  1.53770e+00 |  6 -0.24879 -5.39783e-01
  7 -0.07504  2.97116e-01 |  8 -0.00004 -5.50478e-04 |  9 -0.00003 -4.79013e-04
 10 -0.00006 -3.71508e-04 | 11 -0.00009  8.32662e-04 | 12 -0.00013  5.16286e-03
 13 -0.00034 -4.23995e-03 | 14 -0.00054  1.36293e-04 | 15 -0.00093  2.91720e-03
 16 -0.00173 -1.03082e-02 | 17 -0.00269  2.33538e-02 | 18 -0.00477 -2.10309e-03
 19 -0.00759  1.18370e-02 | 20 -0.01174  9.87812e-03 | 21 -0.01663  3.31195e-02
 22 -0.02133 -1.77124e-02 | 23 -0.02112  4.89893e-03 | 24 -0.01144  8.45768e-03
 25  0.00508  1.02134e-02 | 26  0.00904  5.69768e-03 | 27  0.01406  3.68278e-02
 28  0.14517  2.38645e-01 | 29  0.06420  2.79352e-01 | 30  0.07465  1.50628e-01
 31 -0.08891  1.69294e-01 | 32 -0.12108  1.16446e-01 | 33  0.10561  2.28316e-01
 34 -0.09718  3.21772e-02 | 35  0.11448 -1.02335e-01 | 36 -0.01354 -3.71389e-02
 37 -0.09206  1.34114e-02 | 38 -0.23245  1.21505e-02 | 39 -0.08741  1.59541e-02
 40  0.04412  9.95659e-03 | 41  0.01877  4.62841e-02 | 42  0.01398  2.08611e-02
 43  0.13580 -2.07555e-01 | 44 -0.00030 -4.71989e-02 | 45 -0.06954  4.65231e-03
 46 -0.07705 -4.15546e-02 | 47  0.06362 -1.39300e-01 | 48 -0.01169 -4.18637e-02
 49 -0.06655 -5.17544e-02 | 50  0.08232  4.90317e-03 | 51  0.04976 -5.87882e-02
 52 -0.06977 -2.42523e-02 | 53 -0.02801 -8.87027e-02 | 54 -0.04661 -1.05788e-01
 55 -0.08290 -2.87711e-02 | 56  0.00836 -1.28890e-01 | 57  0.04159 -8.59939e-02
 58 -0.04218 -3.00226e-02 | 59  0.12361 -2.27136e-01 | 60 -0.08185 -1.38841e-02
 61  0.10640  1.05578e-02 | 62  0.13585  5.82576e-02 | 63 -0.02104  4.35827e-02
 64 -0.38539  1.45337e+01 | 65  0.07249  1.32302e+00 | 66  0.59735  1.80794e-01
 67  0.05109 -6.57423e-02 | 68  0.40690 -1.14113e+00 | 69 -0.49332 -3.08017e-03
 70  0.39857 -3.89354e-03 | 71 -0.47356  3.17437e-01 | 72  0.24636 -6.58895e-03
 73 -0.14418 -2.16940e-01 | 74  0.71961  2.83753e-03 |

Intermediate statistics: 74 variables; iteration 20; function evaluation 26; phase 6
Function value 1.5318855e+02; maximum gradient component mag -2.7690e+02
Var    Value     Gradient |Var    Value     Gradient |Var    Value     Gradient
  1 -0.15732 -5.01842e+00 |  2  0.25939  1.00480e+01 |  3  0.08622 -4.11624e+01
  4 -0.54032 -1.38433e+02 |  5 -0.51054 -1.24644e+02 |  6 -0.24389  6.73541e+01
  7 -0.06310 -2.76901e+02 |  8 -0.00010  1.02315e-02 |  9 -0.00007  6.61155e-03
 10 -0.00011  1.04459e-02 | 11 -0.00020  1.60426e-02 | 12 -0.00034  2.36054e-02
 13 -0.00053  4.41281e-02 | 14 -0.00090  6.52749e-02 | 15 -0.00151  9.93516e-02
 16 -0.00243  1.57874e-01 | 17 -0.00412  2.11606e-01 | 18 -0.00639  3.16846e-01
 19 -0.00990  4.15956e-01 | 20 -0.01459  5.27396e-01 | 21 -0.02021  6.00830e-01
 22 -0.02474  6.83635e-01 | 23 -0.02504  6.97810e-01 | 24 -0.01592  7.98085e-01
 25 -0.00019  9.78342e-01 | 26  0.00474  8.31695e-01 | 27  0.01241  2.52344e-01
 28  0.13996 -1.00101e+01 | 29  0.06431 -1.15077e+01 | 30  0.07265 -1.10609e+01
 31 -0.08746 -7.56576e+00 | 32 -0.12124 -9.29971e+00 | 33  0.10509 -1.50502e+01
 34 -0.09789 -9.98328e+00 | 35  0.11443 -5.25838e+00 | 36 -0.01385 -5.17000e+00
 37 -0.09242 -5.92426e+00 | 38 -0.23235 -7.43859e+00 | 39 -0.08725 -6.08942e+00
 40  0.04408 -1.41765e+00 | 41  0.01888  8.24317e-02 | 42  0.01412  1.39411e+00
 43  0.13622  2.24151e+01 | 44 -0.00040  4.11939e+00 | 45 -0.06972 -1.25029e+00
 46 -0.07642 -1.11614e+00 | 47  0.06430  1.47854e+01 | 48 -0.01192  5.72979e+00
 49 -0.06595  1.62846e+00 | 50  0.08300  2.36313e+01 | 51  0.05008  1.67004e+01
 52 -0.06974 -1.82142e-01 | 53 -0.02769  3.30941e+00 | 54 -0.04639  2.23083e+00
 55 -0.08277 -2.64411e-01 | 56  0.00875  5.91661e+00 | 57  0.04177  8.88395e+00
 58 -0.04175 -6.18439e-01 | 59  0.12416  1.96327e+01 | 60 -0.08175 -4.31058e+00
 61  0.10742  3.38658e+00 | 62  0.13578 -6.29071e+00 | 63 -0.01984 -9.03206e+00
 64 -0.51731 -2.85507e+01 | 65  0.05310  2.51237e+01 | 66  0.59400 -4.49329e+00
 67  0.06073 -1.13619e-03 | 68  0.40724  7.69066e+01 | 69 -0.49327 -3.07593e-03
 70  0.39865 -7.22449e-03 | 71 -0.47315 -4.05232e+01 | 72  0.24646  8.31368e-03
 73 -0.14415  2.37251e+01 | 74  0.71955  1.00850e-02 |
74 variables; iteration 40; function evaluation 47; phase 6
Function value 1.5237915e+02; maximum gradient component mag -1.7070e+02
Var    Value     Gradient |Var    Value     Gradient |Var    Value     Gradient
  1 -0.10803  1.83028e+01 |  2  0.25944 -3.13639e+00 |  3  0.07516 -4.93547e+01
  4 -0.53602 -1.53466e+02 |  5 -0.51159 -1.31821e+02 |  6 -0.22225 -3.81709e+01
  7 -0.05665 -1.70704e+02 |  8  0.00022  6.02194e-02 |  9  0.00012  3.53376e-02
 10  0.00018  5.60671e-02 | 11  0.00029  9.05918e-02 | 12  0.00048  1.48923e-01
 13  0.00044  1.95180e-01 | 14  0.00062  3.03316e-01 | 15  0.00065  4.41323e-01
 16  0.00009  5.69858e-01 | 17 -0.00058  8.00878e-01 | 18 -0.00349  8.49396e-01
 19 -0.00811  8.21609e-01 | 20 -0.01540  5.59924e-01 | 21 -0.02394  1.66088e-01
 22 -0.03093 -1.87342e-01 | 23 -0.03162 -2.73510e-01 | 24 -0.02283 -2.56880e-01
 25 -0.00823 -2.60355e-01 | 26 -0.00168 -2.02422e-01 | 27 -0.00246 -1.94483e+00
 28  0.14481 -2.81331e+00 | 29  0.06160 -4.11378e+00 | 30  0.07646 -4.03568e+00
 31 -0.09032 -1.33245e+00 | 32 -0.11961 -8.52785e-01 | 33  0.10491 -1.54670e+01
 34 -0.09550 -9.33974e-01 | 35  0.11529  2.08003e+00 | 36 -0.01134  4.85291e+00
 37 -0.09252 -8.62517e-01 | 38 -0.23156 -1.27889e-01 | 39 -0.08716 -1.54515e+00
 40  0.04357 -4.79543e+00 | 41  0.02016  1.22383e+00 | 42  0.01029 -5.48663e+00
 43  0.13717  7.79184e+00 | 44 -0.00128  1.77488e+00 | 45 -0.06975  2.34591e-01
 46 -0.07692 -2.04533e-01 | 47  0.06336  1.34842e+00 | 48 -0.00992  5.96480e+00
 49 -0.06950 -5.79297e-01 | 50  0.08317  4.95571e+00 | 51  0.04902  9.64818e-01
 52 -0.06975 -1.67892e-01 | 53 -0.02831 -3.15486e+00 | 54 -0.04771 -5.52763e+00
 55 -0.08314 -2.42531e+00 | 56  0.00854 -1.83850e+00 | 57  0.04130  2.23762e+00
 58 -0.04112  4.27245e+00 | 59  0.12351  8.33937e+00 | 60 -0.08036  2.06966e+00
 61  0.10592  4.34563e+00 | 62  0.13804  4.60023e+00 | 63 -0.02303 -5.82690e-01
 64 -0.55136 -1.73792e+01 | 65 -0.00285  1.55621e+00 | 66  0.58729 -1.15390e+01
 67  0.12617  9.79042e-05 | 68  0.40621  8.65936e+01 | 69 -0.48880 -3.03296e-03
 70  0.39250  1.20503e-03 | 71 -0.47257 -3.47930e-01 | 72  0.25384 -5.95507e-03
 73 -0.14423 -1.68032e+00 | 74  0.71614  2.76984e-03 |
74 variables; iteration 60; function evaluation 77; phase 6
Function value 1.5153205e+02; maximum gradient component mag -4.2897e+01
Var    Value     Gradient |Var    Value     Gradient |Var    Value     Gradient
  1 -0.11367  7.74282e+00 |  2  0.25880 -3.46803e+00 |  3  0.06359 -1.47096e+01
  4 -0.53180 -4.28973e+01 |  5 -0.51207 -3.30702e+01 |  6 -0.22111 -2.47498e+01
  7 -0.04134 -2.99702e+01 |  8 -0.00038  1.27931e-02 |  9 -0.00022  7.87836e-03
 10 -0.00036  1.17461e-02 | 11 -0.00057  1.71930e-02 | 12 -0.00092  2.37826e-02
 13 -0.00156  2.25718e-02 | 14 -0.00257  1.23280e-02 | 15 -0.00434 -3.32431e-02
 16 -0.00714 -1.30647e-01 | 17 -0.01114 -2.64732e-01 | 18 -0.01477 -1.78380e-01
 19 -0.01838  1.28509e-01 | 20 -0.02641 -6.36032e-02 | 21 -0.03271  1.25675e-01
 22 -0.04015 -9.73813e-02 | 23 -0.04480 -6.54849e-01 | 24 -0.03585 -2.29113e-01
 25 -0.02240  6.41145e-03 | 26 -0.01330  3.52249e-01 | 27  0.00407  8.40008e-03
 28  0.12612  1.93413e+00 | 29  0.07845  1.52701e+00 | 30  0.07079  1.96876e+00
 31 -0.08638  1.76683e+00 | 32 -0.12001  2.09684e+00 | 33  0.10535  2.02390e+00
 34 -0.09504  1.91742e+00 | 35  0.11432 -2.28750e-01 | 36 -0.01317  8.43546e-01
 37 -0.09117  2.17692e+00 | 38 -0.23032  1.97686e+00 | 39 -0.08750  1.62166e+00
 40  0.04371 -6.14746e-01 | 41  0.01839 -6.95444e-02 | 42  0.01348 -9.01026e-01
 43  0.13537 -5.43725e+00 | 44 -0.00093 -1.16047e+00 | 45 -0.07014 -1.05767e-01
 46 -0.07714 -2.62127e-01 | 47  0.06331 -2.77340e+00 | 48 -0.01207 -6.92305e-01
 49 -0.06777 -1.43813e+00 | 50  0.08172 -5.50679e+00 | 51  0.04878 -2.12857e+00
 52 -0.06954  1.44902e+00 | 53 -0.02896 -1.31784e+00 | 54 -0.04663  4.35288e-01
 55 -0.08366 -5.30616e-01 | 56  0.00847  5.76241e-01 | 57  0.04108 -1.41957e+00
 58 -0.04259 -4.05726e-01 | 59  0.12308 -1.23274e+00 | 60 -0.07989  1.53682e+00
 61  0.10572 -9.24017e-03 | 62  0.13552  2.18985e-01 | 63 -0.01282  1.26958e+00
 64 -0.62223 -4.80650e+00 | 65 -0.01106 -1.98681e+00 | 66  0.58130 -4.25702e+00
 67  0.18603  9.70314e-04 | 68  0.40541  1.71615e+01 | 69 -0.47216 -2.87821e-03
 70  0.36854  9.89708e-04 | 71 -0.47375  3.61359e+00 | 72  0.27349 -3.39560e-03
 73 -0.14495 -3.22133e+00 | 74  0.69861  2.97841e-03 |
74 variables; iteration 80; function evaluation 107; phase 6
Function value 1.5150221e+02; maximum gradient component mag 2.6909e+00
Var    Value     Gradient |Var    Value     Gradient |Var    Value     Gradient
  1 -0.10297 -3.64721e-01 |  2  0.25925  1.09281e-01 |  3  0.05774  9.37107e-01
  4 -0.52903  2.69085e+00 |  5 -0.51297  2.05278e+00 |  6 -0.21579  9.96305e-01
  7 -0.03881  1.34953e-02 |  8 -0.00059 -1.25757e-02 |  9 -0.00028  2.04550e-03
 10 -0.00054 -1.00250e-02 | 11 -0.00086 -1.84511e-02 | 12 -0.00125 -1.44506e-02
 13 -0.00175  5.70983e-03 | 14 -0.00296 -2.59169e-02 | 15 -0.00425  2.72258e-03
 16 -0.00643  7.40792e-03 | 17 -0.00968  3.41875e-03 | 18 -0.01403  3.82456e-03
 19 -0.01967  1.43185e-02 | 20 -0.02686 -1.77841e-02 | 21 -0.03427  1.06960e-02
 22 -0.04074 -2.03837e-03 | 23 -0.04260 -3.67415e-05 | 24 -0.03621  5.85256e-03
 25 -0.02427 -7.35555e-03 | 26 -0.01674  2.41846e-02 | 27  0.00402  1.68161e-02
 28  0.12364  7.43036e-02 | 29  0.08090  1.30007e-02 | 30  0.07030  1.03164e-02
 31 -0.08588 -6.26473e-02 | 32 -0.12040 -3.99357e-02 | 33  0.10532  4.95899e-02
 34 -0.09540 -3.34767e-02 | 35  0.11448  1.88620e-01 | 36 -0.01280  2.92903e-02
 37 -0.09121 -9.88735e-03 | 38 -0.23101 -4.47701e-02 | 39 -0.08761 -1.08437e-02
 40  0.04372  1.24294e-01 | 41  0.01816  5.38349e-02 | 42  0.01352  3.78928e-02
 43  0.13536  2.77298e-01 | 44 -0.00100  6.21175e-02 | 45 -0.07016 -5.11799e-03
 46 -0.07700 -1.16799e-02 | 47  0.06327  1.26009e-01 | 48 -0.01249  2.01812e-02
 49 -0.06704 -2.82896e-02 | 50  0.08174 -1.06840e-03 | 51  0.04879 -2.69932e-03
 52 -0.07035 -4.57624e-02 | 53 -0.02841 -7.34628e-02 | 54 -0.04704 -6.56836e-02
 55 -0.08322 -6.91304e-02 | 56  0.00813 -3.21899e-02 | 57  0.04108 -6.69562e-02
 58 -0.04230 -8.48936e-02 | 59  0.12304 -8.07870e-02 | 60 -0.08047 -7.37540e-02
 61  0.10572 -8.02134e-02 | 62  0.13592 -7.77560e-02 | 63 -0.01142 -9.12962e-02
 64 -0.63219  1.43122e-03 | 65 -0.02449  5.80069e-02 | 66  0.58083  2.81252e-01
 67  0.20249  8.83774e-04 | 68  0.40544 -1.46052e+00 | 69 -0.42872 -2.50753e-03
 70  0.35049  5.74038e-04 | 71 -0.47269 -6.29028e-02 | 72  0.30852 -1.43358e-03
 73 -0.14392  3.37551e-02 | 74  0.65305  1.94447e-03 |
74 variables; iteration 100; function evaluation 129; phase 6
Function value 1.5150157e+02; maximum gradient component mag 2.1646e-02
Var    Value     Gradient |Var    Value     Gradient |Var    Value     Gradient
  1 -0.10336 -5.09793e-03 |  2  0.25925  7.35710e-04 |  3  0.05812  2.21247e-03
  4 -0.52927  8.94472e-03 |  5 -0.51287  1.06200e-02 |  6 -0.21596  2.16461e-02
  7 -0.03878 -3.11640e-03 |  8 -0.00050  3.10719e-04 |  9 -0.00030 -6.29588e-05
 10 -0.00046  3.77288e-04 | 11 -0.00073  1.57746e-04 | 12 -0.00115  1.13900e-04
 13 -0.00180 -8.70404e-05 | 14 -0.00278  1.67856e-04 | 15 -0.00428  2.18027e-06
 16 -0.00649 -1.79090e-04 | 17 -0.00971  2.27643e-04 | 18 -0.01407 -1.77129e-04
 19 -0.01977 -1.26490e-04 | 20 -0.02677  3.98321e-04 | 21 -0.03435 -4.53115e-04
 22 -0.04075 -1.33774e-05 | 23 -0.04261  1.26629e-04 | 24 -0.03624  1.37575e-05
 25 -0.02421  5.41349e-04 | 26 -0.01682  2.10482e-04 | 27  0.00409  5.78074e-04
 28  0.12355  4.61162e-03 | 29  0.08099  2.58304e-03 | 30  0.07023  4.19813e-03
 31 -0.08587  7.96214e-04 | 32 -0.12042 -1.57998e-04 | 33  0.10533  8.96579e-03
 34 -0.09543 -6.71926e-04 | 35  0.11448 -7.47944e-05 | 36 -0.01282 -1.78568e-03
 37 -0.09123 -1.11130e-03 | 38 -0.23103 -1.22564e-03 | 39 -0.08761 -3.66536e-04
 40  0.04373  1.62614e-03 | 41  0.01816  4.36575e-04 | 42  0.01352 -2.05908e-04
 43  0.13536 -7.39342e-04 | 44 -0.00100 -9.66916e-04 | 45 -0.07016 -4.29701e-04
 46 -0.07700 -4.57588e-04 | 47  0.06327 -4.60574e-04 | 48 -0.01250 -2.68044e-03
 49 -0.06705 -3.50061e-03 | 50  0.08175 -3.88930e-03 | 51  0.04879 -6.66291e-04
 52 -0.07036  2.86119e-04 | 53 -0.02840  3.64774e-03 | 54 -0.04704  3.60841e-03
 55 -0.08321  1.91607e-03 | 56  0.00814  2.18500e-03 | 57  0.04108 -9.68059e-04
 58 -0.04229 -1.16876e-03 | 59  0.12304 -2.85038e-03 | 60 -0.08048 -2.36760e-03
 61  0.10572 -4.76555e-03 | 62  0.13592 -3.07587e-03 | 63 -0.01129 -1.48097e-03
 64 -0.63224 -7.12713e-04 | 65 -0.02407  5.03111e-03 | 66  0.58102  1.11516e-03
 67  0.19797  9.57160e-04 | 68  0.40546 -8.36972e-03 | 69  0.00728  2.44375e-05
 70  0.33599  1.96596e-04 | 71 -0.47270 -5.74055e-03 | 72  0.36288  5.56485e-05
 73 -0.14393  4.01167e-03 | 74  0.59865 -2.46858e-05 |
74 variables; iteration 120; function evaluation 155; phase 6
Function value 1.5150150e+02; maximum gradient component mag -1.1801e-02
Var    Value     Gradient |Var    Value     Gradient |Var    Value     Gradient
  1 -0.10337  2.77925e-03 |  2  0.25926 -2.16173e-03 |  3  0.05813 -1.39641e-03
  4 -0.52928 -6.92796e-03 |  5 -0.51286 -7.61875e-03 |  6 -0.21597 -1.18010e-02
  7 -0.03878  1.80261e-03 |  8 -0.00050 -3.22161e-04 |  9 -0.00030  5.00753e-05
 10 -0.00047 -2.97728e-04 | 11 -0.00073 -1.32162e-04 | 12 -0.00115 -5.87189e-05
 13 -0.00180  1.31967e-04 | 14 -0.00278 -1.05780e-04 | 15 -0.00428  1.86899e-05
 16 -0.00648  1.73580e-04 | 17 -0.00972 -2.52510e-04 | 18 -0.01407  1.95416e-04
 19 -0.01977  8.31032e-05 | 20 -0.02678 -2.87946e-04 | 21 -0.03435  5.13356e-04
 22 -0.04075  4.49171e-05 | 23 -0.04261 -1.00926e-04 | 24 -0.03624 -2.38368e-05
 25 -0.02421 -5.15801e-04 | 26 -0.01682 -9.02186e-05 | 27  0.00409 -4.71537e-04
 28  0.12354 -2.93613e-03 | 29  0.08100 -1.56775e-03 | 30  0.07023 -2.46389e-03
 31 -0.08587 -5.94197e-04 | 32 -0.12042  2.58679e-04 | 33  0.10533 -4.02500e-03
 34 -0.09543  3.16919e-05 | 35  0.11448 -1.09847e-03 | 36 -0.01282  2.31977e-05
 37 -0.09123  3.70783e-05 | 38 -0.23103  4.74332e-04 | 39 -0.08761 -3.06183e-04
 40  0.04373  1.16831e-03 | 41  0.01816 -6.73003e-04 | 42  0.01352  9.18392e-06
 43  0.13536  6.31667e-04 | 44 -0.00100  1.33897e-03 | 45 -0.07016  1.02138e-03
 46 -0.07700  1.15688e-03 | 47  0.06327  1.40206e-03 | 48 -0.01250  6.14508e-04
 49 -0.06705  8.46386e-04 | 50  0.08175 -1.18817e-03 | 51  0.04879  4.63717e-05
 52 -0.07036  3.91343e-04 | 53 -0.02840  4.04598e-04 | 54 -0.04704  5.69868e-04
 55 -0.08321  6.12779e-04 | 56  0.00814  2.68838e-04 | 57  0.04109  2.43898e-04
 58 -0.04229  9.42069e-04 | 59  0.12304  1.22010e-04 | 60 -0.08048  5.56917e-04
 61  0.10572  3.88443e-04 | 62  0.13592  9.50289e-04 | 63 -0.01130  7.44350e-04
 64 -0.63224  9.39931e-04 | 65 -0.02406 -2.73555e-03 | 66  0.58102 -1.54534e-03
 67  0.14404 -1.10609e-03 | 68  0.40546  1.06694e-02 | 69 -0.01771 -1.46405e-04
 70  0.31663 -7.78392e-05 | 71 -0.47270  5.86802e-03 | 72  0.36050 -1.65815e-05
 73 -0.14393 -3.14850e-03 | 74  0.59988  6.14378e-06 |

 - final statistics:
74 variables; iteration 125; function evaluation 160
Function value 1.5150e+02; maximum gradient component mag -8.1034e-05
Exit code = 1;  converg criter 1.0000e-04
Var    Value     Gradient |Var    Value     Gradient |Var    Value     Gradient
  1 -0.10337 -5.48298e-06 |  2  0.25925  6.55471e-06 |  3  0.05813  1.28870e-05
  4 -0.52928  5.04690e-05 |  5 -0.51286  5.08936e-05 |  6 -0.21597  1.83841e-05
  7 -0.03878 -7.99132e-05 |  8 -0.00050  3.43868e-07 |  9 -0.00030  8.67871e-08
 10 -0.00046  4.70496e-07 | 11 -0.00073  2.76369e-07 | 12 -0.00115  1.13665e-07
 13 -0.00180 -2.44945e-07 | 14 -0.00278 -6.65590e-08 | 15 -0.00428 -5.14863e-07
 16 -0.00649 -9.01549e-07 | 17 -0.00971  2.22914e-07 | 18 -0.01407 -1.53242e-06
 19 -0.01977 -5.75092e-07 | 20 -0.02677 -3.30359e-07 | 21 -0.03435 -2.03093e-06
 22 -0.04075 -5.72780e-07 | 23 -0.04261 -1.43528e-09 | 24 -0.03624 -1.11942e-07
 25 -0.02421  9.80057e-07 | 26 -0.01682 -1.27222e-06 | 27  0.00409  2.64167e-07
 28  0.12355 -2.53865e-05 | 29  0.08100 -1.64755e-05 | 30  0.07023 -2.03015e-05
 31 -0.08587 -6.72757e-06 | 32 -0.12042 -6.54658e-06 | 33  0.10533 -9.45682e-06
 34 -0.09543 -4.21555e-06 | 35  0.11448 -1.91287e-05 | 36 -0.01282 -6.58047e-06
 37 -0.09123 -2.44740e-06 | 38 -0.23103 -1.51578e-06 | 39 -0.08761  2.47688e-06
 40  0.04373 -4.17794e-06 | 41  0.01816  8.66433e-06 | 42  0.01352  5.94437e-06
 43  0.13536  1.30002e-05 | 44 -0.00100  1.65533e-06 | 45 -0.07016  4.71520e-07
 46 -0.07700  7.15061e-07 | 47  0.06327  9.75570e-06 | 48 -0.01250  6.69856e-06
 49 -0.06705  4.08436e-06 | 50  0.08175  1.92724e-05 | 51  0.04879  1.16497e-05
 52 -0.07036  4.69240e-06 | 53 -0.02840  7.84184e-06 | 54 -0.04704  5.77603e-06
 55 -0.08321  5.09277e-06 | 56  0.00814  1.01595e-05 | 57  0.04109  8.48489e-06
 58 -0.04229 -5.97621e-07 | 59  0.12304  7.70998e-06 | 60 -0.08048  6.94282e-07
 61  0.10572  1.05839e-06 | 62  0.13592 -2.31464e-06 | 63 -0.01129 -1.11164e-06
 64 -0.63224 -1.09596e-05 | 65 -0.02406 -1.46745e-07 | 66  0.58102  1.58615e-05
 67  0.14792  1.75216e-07 | 68  0.40546 -8.10343e-05 | 69 -0.01981  2.96736e-09
 70  0.31678  4.30512e-08 | 71 -0.47270 -1.30688e-05 | 72  0.36103  4.08104e-09
 73 -0.14393  7.19088e-06 | 74  0.59961  2.24417e-08 |
Estimating row 1 out of 74 for hessian
Estimating row 2 out of 74 for hessian
Estimating row 3 out of 74 for hessian
Estimating row 4 out of 74 for hessian
Estimating row 5 out of 74 for hessian
Estimating row 6 out of 74 for hessian
Estimating row 7 out of 74 for hessian
Estimating row 8 out of 74 for hessian
Estimating row 9 out of 74 for hessian
Estimating row 10 out of 74 for hessian
Estimating row 11 out of 74 for hessian
Estimating row 12 out of 74 for hessian
Estimating row 13 out of 74 for hessian
Estimating row 14 out of 74 for hessian
Estimating row 15 out of 74 for hessian
Estimating row 16 out of 74 for hessian
Estimating row 17 out of 74 for hessian
Estimating row 18 out of 74 for hessian
Estimating row 19 out of 74 for hessian
Estimating row 20 out of 74 for hessian
Estimating row 21 out of 74 for hessian
Estimating row 22 out of 74 for hessian
Estimating row 23 out of 74 for hessian
Estimating row 24 out of 74 for hessian
Estimating row 25 out of 74 for hessian
Estimating row 26 out of 74 for hessian
Estimating row 27 out of 74 for hessian
Estimating row 28 out of 74 for hessian
Estimating row 29 out of 74 for hessian
Estimating row 30 out of 74 for hessian
Estimating row 31 out of 74 for hessian
Estimating row 32 out of 74 for hessian
Estimating row 33 out of 74 for hessian
Estimating row 34 out of 74 for hessian
Estimating row 35 out of 74 for hessian
Estimating row 36 out of 74 for hessian
Estimating row 37 out of 74 for hessian
Estimating row 38 out of 74 for hessian
Estimating row 39 out of 74 for hessian
Estimating row 40 out of 74 for hessian
Estimating row 41 out of 74 for hessian
Estimating row 42 out of 74 for hessian
Estimating row 43 out of 74 for hessian
Estimating row 44 out of 74 for hessian
Estimating row 45 out of 74 for hessian
Estimating row 46 out of 74 for hessian
Estimating row 47 out of 74 for hessian
Estimating row 48 out of 74 for hessian
Estimating row 49 out of 74 for hessian
Estimating row 50 out of 74 for hessian
Estimating row 51 out of 74 for hessian
Estimating row 52 out of 74 for hessian
Estimating row 53 out of 74 for hessian
Estimating row 54 out of 74 for hessian
Estimating row 55 out of 74 for hessian
Estimating row 56 out of 74 for hessian
Estimating row 57 out of 74 for hessian
Estimating row 58 out of 74 for hessian
Estimating row 59 out of 74 for hessian
Estimating row 60 out of 74 for hessian
Estimating row 61 out of 74 for hessian
Estimating row 62 out of 74 for hessian
Estimating row 63 out of 74 for hessian
Estimating row 64 out of 74 for hessian
Estimating row 65 out of 74 for hessian
Estimating row 66 out of 74 for hessian
Estimating row 67 out of 74 for hessian
Estimating row 68 out of 74 for hessian
Estimating row 69 out of 74 for hessian
Estimating row 70 out of 74 for hessian
Estimating row 71 out of 74 for hessian
Estimating row 72 out of 74 for hessian
Estimating row 73 out of 74 for hessian
Estimating row 74 out of 74 for hessian
size of file gradfil1.tmp = 0
size of file gradfil2.tmp = 0
size of file varssave.tmp = 0
size of file cmpdiff.tmp = 0
