
Initial statistics: 65 variables; iteration 0; function evaluation 0; phase 1
Function value 1.1036218e+03; maximum gradient component mag 3.9724e+03
Var    Value     Gradient |Var    Value     Gradient |Var    Value     Gradient
  1 -0.09312  3.97242e+03 |  2 -0.03288  1.49106e+03 |  3  0.00000  9.31295e-02
  4  0.00000  5.37040e-02 |  5  0.00000  8.32195e-02 |  6  0.00000  1.30324e-01
  7  0.00000  2.03837e-01 |  8  0.00000  3.18487e-01 |  9  0.00000  4.94256e-01
 10  0.00000  7.66736e-01 | 11  0.00000  1.18002e+00 | 12  0.00000  1.80909e+00
 13  0.00000  2.70823e+00 | 14  0.00000  3.98339e+00 | 15  0.00000  5.70634e+00
 16  0.00000  7.80585e+00 | 17  0.00000  9.80357e+00 | 18  0.00000  1.04877e+01
 19  0.00000  7.96369e+00 | 20  0.00000  4.78192e-01 | 21  0.00000 -1.44339e+01
 22  0.00000 -4.24462e+01 | 23  0.00000 -3.45249e+02 | 24  0.00000 -3.72113e+02
 25  0.00000 -2.94343e+02 | 26  0.00000 -2.07313e+01 | 27  0.00000  9.10076e+01
 28  0.00000 -5.48547e+02 | 29  0.00000 -1.28294e+02 | 30  0.00000 -4.33704e+02
 31  0.00000  3.26487e+02 | 32  0.00000  1.03253e+03 | 33  0.00000  1.41430e+03
 34  0.00000  1.00166e+03 | 35  0.00000  2.82942e+02 | 36  0.00000  2.04728e+01
 37  0.00000 -2.61462e+02 | 38  0.00000 -6.25598e+02 | 39  0.00000 -1.48506e+02
 40  0.00000  4.68172e+02 | 41  0.00000  5.05075e+02 | 42  0.00000  1.56736e+02
 43  0.00000  2.94539e+02 | 44  0.00000  2.98795e+02 | 45  0.00000 -2.23632e+02
 46  0.00000 -1.56102e+02 | 47  0.00000  4.97461e+02 | 48  0.00000  6.36057e+02
 49  0.00000  8.20210e+02 | 50  0.00000  9.48703e+02 | 51  0.00000  4.67070e+02
 52  0.00000 -5.58350e+01 | 53  0.00000 -1.71483e+02 | 54  0.00000 -9.18506e+02
 55  0.00000 -6.69237e+02 | 56  0.00000 -1.00532e+03 | 57  0.00000 -1.17906e+03
 58  0.00000 -9.60982e+02 | 59  0.00000 -1.15342e+03 | 60  0.00000  1.46342e+02
 61  0.00000  4.49574e+02 | 62  0.00000  4.63105e+02 | 63  0.00000  2.37357e+01
 64  0.00000 -4.58169e+02 | 65  0.00000 -2.14670e+02 |

Intermediate statistics: 65 variables; iteration 20; function evaluation 31; phase 1
Function value 4.4041660e+02; maximum gradient component mag 5.2418e+03
Var    Value     Gradient |Var    Value     Gradient |Var    Value     Gradient
  1 -0.10984  5.24184e+03 |  2 -0.02984  1.81008e+03 |  3 -0.00061  7.51213e-02
  4 -0.00035  4.33174e-02 |  5 -0.00054  6.48355e-02 |  6 -0.00085  9.96526e-02
  7 -0.00133  1.52354e-01 |  8 -0.00207  2.31359e-01 |  9 -0.00320  3.48633e-01
 10 -0.00493  5.18805e-01 | 11 -0.00749  7.60850e-01 | 12 -0.01127  1.09280e+00
 13 -0.01640  1.51619e+00 | 14 -0.02315  2.05531e+00 | 15 -0.03126  2.75631e+00
 16 -0.03945  3.76947e+00 | 17 -0.04469  5.49737e+00 | 18 -0.04228  8.69375e+00
 19 -0.02901  1.41523e+01 | 20 -0.01008  2.16412e+01 | 21  0.00496  2.95278e+01
 22  0.02365  3.79513e+01 | 23  0.09748 -1.66468e+02 | 24  0.07988 -1.44053e+02
 25  0.03498 -1.28698e+02 | 26 -0.04538 -1.11210e+02 | 27 -0.07734 -9.53422e+01
 28  0.07423 -2.06438e+01 | 29 -0.04981 -6.84703e+01 | 30  0.07063  5.96040e+01
 31 -0.01769  1.39202e+02 | 32 -0.04052  3.85263e+02 | 33 -0.06057  5.10726e+02
 34 -0.04687  3.44805e+02 | 35  0.01462  2.03523e+02 | 36  0.00481  5.32818e+01
 37  0.00609 -2.34238e+01 | 38  0.09486  6.63186e+01 | 39 -0.00433 -1.54451e+01
 40 -0.04543  6.74866e+01 | 41 -0.03400  9.81483e+01 | 42  0.02549  7.48716e+01
 43 -0.00787  7.07460e+01 | 44 -0.03612  2.25758e+01 | 45  0.04359 -3.54837e+01
 46  0.02853 -4.58680e+01 | 47 -0.04414  4.32975e+01 | 48 -0.02661  1.41045e+02
 49 -0.03360  2.39782e+02 | 50 -0.03789  3.30303e+02 | 51 -0.00564  2.40212e+02
 52  0.02575  9.79143e+01 | 53 -0.05258 -1.32595e+02 | 54  0.11060 -9.95543e+01
 55 -0.22419 -3.32660e+02 | 56  0.07225 -3.35375e+02 | 57  0.07900 -3.11651e+02
 58  0.00935 -3.60431e+02 | 59  0.10567 -2.14146e+02 | 60 -0.07088 -1.67519e+02
 61 -0.03208  4.89675e+01 | 62 -0.06761 -9.17375e+00 | 63 -0.06668 -1.49673e+02
 64  0.14454 -1.30843e+02 | 65 -0.00268 -2.90423e+02 |
65 variables; iteration 40; function evaluation 54; phase 1
Function value 2.5865185e+02; maximum gradient component mag -2.8324e+02
Var    Value     Gradient |Var    Value     Gradient |Var    Value     Gradient
  1 -0.14765  1.74670e+02 |  2 -0.04295 -1.90508e+02 |  3  0.00196  3.66011e-01
  4  0.00113  2.11050e-01 |  5  0.00174  3.24396e-01 |  6  0.00270  5.03847e-01
  7  0.00414  7.78543e-01 |  8  0.00629  1.19455e+00 |  9  0.00930  1.79817e+00
 10  0.01339  2.66300e+00 | 11  0.01825  3.80490e+00 | 12  0.02287  5.16811e+00
 13  0.02465  6.40087e+00 | 14  0.01989  6.90091e+00 | 15  0.00375  5.60289e+00
 16 -0.02686  1.51388e+00 | 17 -0.06938 -5.15079e+00 | 18 -0.10862 -1.16249e+01
 19 -0.06905 -6.12199e+00 | 20  0.00275  4.49693e+00 | 21  0.02274  6.49550e+00
 22  0.04821  6.59802e+00 | 23  0.05929  3.67604e+00 | 24  0.14866  6.73366e+01
 25  0.00202  2.66402e+01 | 26 -0.03511  8.31328e+01 | 27 -0.05680  1.35777e+02
 28  0.08481  4.06267e+00 | 29 -0.03551  1.14145e+02 | 30  0.09604  1.66887e+01
 31 -0.01509  7.50709e+01 | 32 -0.08988  9.36874e+01 | 33 -0.13706  1.70480e+02
 34 -0.06579  1.89091e+02 | 35  0.03053  8.10614e+01 | 36  0.00473  9.47623e+00
 37 -0.00618  9.23838e+00 | 38  0.12489  1.56380e+02 | 39  0.02025  1.57426e+02
 40 -0.04838  1.28224e+02 | 41 -0.08847  2.80976e+01 | 42  0.04528 -1.55159e+01
 43 -0.01583  3.22260e+01 | 44 -0.04907  6.71241e+01 | 45  0.07467  2.08242e+01
 46  0.02828 -1.18452e+02 | 47 -0.06577 -1.39065e+01 | 48 -0.03967 -6.86516e+01
 49 -0.08541 -8.68527e+01 | 50 -0.05423  3.22460e+01 | 51  0.00373 -7.20242e+01
 52  0.00899 -2.83237e+02 | 53 -0.05899 -9.68704e+01 | 54  0.12161 -1.90693e+02
 55 -0.08271 -4.73189e+01 | 56  0.08924 -9.16601e+01 | 57  0.08546 -1.24218e+02
 58  0.05117 -5.87721e+01 | 59  0.11466 -1.65626e+02 | 60 -0.05951  1.87790e+01
 61 -0.05315  1.39541e+01 | 62 -0.10302  1.91798e+01 | 63 -0.07903  4.73410e+00
 64  0.14122 -1.06108e+02 | 65 -0.00076 -5.93912e+00 |
65 variables; iteration 60; function evaluation 86; phase 1
Function value 2.2151429e+02; maximum gradient component mag -5.3778e+01
Var    Value     Gradient |Var    Value     Gradient |Var    Value     Gradient
  1 -0.16721 -5.37784e+01 |  2 -0.03656  1.54142e+01 |  3  0.00001  8.37968e-02
  4 -0.00014  2.76754e-02 |  5 -0.00004  6.66234e-02 |  6  0.00021  1.43245e-01
  7  0.00059  2.59738e-01 |  8  0.00050  3.46437e-01 |  9 -0.00198  1.40892e-01
 10 -0.00946 -7.13163e-01 | 11 -0.01811 -1.65861e+00 | 12 -0.01770 -1.14676e+00
 13 -0.01864 -6.56748e-01 | 14 -0.01732  4.31477e-01 | 15 -0.01538  1.92124e+00
 16 -0.03831 -8.06647e-01 | 17 -0.03948 -5.67720e-02 | 18 -0.02992  1.82104e+00
 19 -0.03498 -4.83836e-01 | 20 -0.00189  2.52413e+00 | 21 -0.00545 -4.53120e-01
 22  0.03374  3.24611e-01 | 23  0.10434 -1.07448e+00 | 24  0.13420  1.23294e+01
 25  0.04470 -2.83326e+00 | 26 -0.07002 -6.10653e-01 | 27 -0.12917  7.69403e-02
 28  0.11335  7.02550e+00 | 29 -0.11507  5.65460e+00 | 30  0.12424  1.63806e+01
 31 -0.01931  2.09775e+00 | 32 -0.08700  9.67889e+00 | 33 -0.20346  2.27425e+01
 34 -0.09949  2.53623e+00 | 35  0.04557  1.53273e+00 | 36  0.01709  1.14573e+01
 37  0.01025  1.07065e+01 | 38  0.13474  3.50500e+00 | 39  0.00873 -3.96117e+00
 40 -0.08160 -1.19347e+00 | 41 -0.07482  3.70559e+00 | 42  0.06253  4.43112e+00
 43 -0.00877  3.59000e+00 | 44 -0.07285 -2.89144e+00 | 45  0.07778 -5.61967e+00
 46  0.05622 -1.05515e+00 | 47 -0.08126 -6.37021e+00 | 48 -0.02533 -4.09868e+00
 49 -0.04767 -2.16573e+00 | 50 -0.08237 -1.29116e+01 | 51  0.00170 -1.69903e+01
 52  0.04785 -5.98890e+00 | 53 -0.05003 -3.61769e+00 | 54  0.12786 -1.69628e+01
 55 -0.06581 -6.19735e+00 | 56  0.09418 -3.38312e+00 | 57  0.10285 -1.62065e+00
 58  0.05427 -2.72069e+00 | 59  0.13449 -4.14292e+00 | 60 -0.06977 -3.97781e+00
 61 -0.05319 -4.70576e+00 | 62 -0.11087  2.55347e+00 | 63 -0.09806 -1.26194e+00
 64  0.16601 -2.05125e+00 | 65 -0.01604  3.12823e+00 |
Maximum number of function evaluations exceeded

 - final statistics:
65 variables; iteration 69; function evaluation 100
Function value 2.2084e+02; maximum gradient component mag -1.9757e+01
Exit code = 3;  converg criter 1.0000e+01
Var    Value     Gradient |Var    Value     Gradient |Var    Value     Gradient
  1 -0.16612 -1.97574e+01 |  2 -0.03702 -2.76790e+00 |  3  0.00133  2.69486e-01
  4  0.00137  2.38814e-01 |  5  0.00151  2.85371e-01 |  6 -0.00006  1.06239e-01
  7 -0.00508 -5.37184e-01 |  8 -0.00802 -8.57827e-01 |  9  0.00653  1.36122e+00
 10 -0.00766 -4.46512e-01 | 11 -0.00619  9.66548e-02 | 12 -0.01022 -1.28592e-02
 13 -0.01379  1.10212e-01 | 14 -0.02142 -2.09869e-01 | 15 -0.02642  6.69540e-02
 16 -0.03306  1.30650e-01 | 17 -0.03982 -1.20409e-01 | 18 -0.03951  1.74422e-03
 19 -0.03229 -1.44805e-01 | 20 -0.01807 -1.34309e-01 | 21 -0.00637 -6.54940e-02
 22  0.02041  4.92741e-01 | 23  0.12657  2.49302e+00 | 24  0.11556  1.05994e+01
 25  0.05430  1.37231e-01 | 26 -0.06847  3.54204e+00 | 27 -0.12980 -1.43110e+00
 28  0.11306 -2.08993e+00 | 29 -0.12284 -3.86914e+00 | 30  0.12379  8.37198e-01
 31 -0.01718 -3.14013e-01 | 32 -0.08709 -5.17110e-01 | 33 -0.23040  6.41186e-01
 34 -0.09627 -1.04999e+00 | 35  0.04632  3.55621e-01 | 36  0.01521 -1.17945e+00
 37  0.00741 -1.40538e+00 | 38  0.13465  3.89504e-01 | 39  0.00951 -2.12605e+00
 40 -0.08161 -1.78633e+00 | 41 -0.07554  1.40639e+00 | 42  0.06191 -4.45562e-02
 43 -0.01034  7.68553e-01 | 44 -0.07059 -6.03779e-01 | 45  0.07753 -4.11265e-01
 46  0.05468 -6.85386e-01 | 47 -0.07790  1.61128e-01 | 48 -0.02600  1.77027e+00
 49 -0.04914  3.12406e+00 | 50 -0.07840  2.55817e+00 | 51  0.00236 -3.35387e-02
 52  0.04642 -2.05920e+00 | 53 -0.04945 -9.15656e-01 | 54  0.12715 -2.90900e+00
 55 -0.06033 -9.22479e-01 | 56  0.09275 -1.65433e+00 | 57  0.10222 -2.64809e+00
 58  0.05448 -8.37648e-01 | 59  0.13360 -2.87753e+00 | 60 -0.06804  6.49225e-01
 61 -0.05204  2.03740e+00 | 62 -0.11208  1.16567e+00 | 63 -0.09587  8.68742e-02
 64  0.16524 -2.36671e+00 | 65 -0.00619  2.19216e+00 |

Initial statistics: 68 variables; iteration 0; function evaluation 0; phase 2
Function value 2.2084286e+02; maximum gradient component mag 1.7093e+03
Var    Value     Gradient |Var    Value     Gradient |Var    Value     Gradient
  1  0.29696  1.14194e+02 |  2 -0.56978  1.70928e+03 |  3 -0.49467  1.19941e+03
  4 -0.16612 -1.97574e+01 |  5 -0.03702 -2.76790e+00 |  6  0.00133  2.69486e-01
  7  0.00137  2.38814e-01 |  8  0.00151  2.85371e-01 |  9 -0.00006  1.06239e-01
 10 -0.00508 -5.37184e-01 | 11 -0.00802 -8.57827e-01 | 12  0.00653  1.36122e+00
 13 -0.00766 -4.46512e-01 | 14 -0.00619  9.66548e-02 | 15 -0.01022 -1.28592e-02
 16 -0.01379  1.10212e-01 | 17 -0.02142 -2.09869e-01 | 18 -0.02642  6.69540e-02
 19 -0.03306  1.30650e-01 | 20 -0.03982 -1.20409e-01 | 21 -0.03951  1.74422e-03
 22 -0.03229 -1.44805e-01 | 23 -0.01807 -1.34309e-01 | 24 -0.00637 -6.54940e-02
 25  0.02041  4.92741e-01 | 26  0.12657  2.49039e+00 | 27  0.11556  1.05968e+01
 28  0.05430  1.34559e-01 | 29 -0.06847  3.53937e+00 | 30 -0.12980 -1.43373e+00
 31  0.11306 -2.09257e+00 | 32 -0.12284 -3.87177e+00 | 33  0.12379  8.34566e-01
 34 -0.01718 -3.16694e-01 | 35 -0.08709 -5.19767e-01 | 36 -0.23040  6.38678e-01
 37 -0.09627 -1.05264e+00 | 38  0.04632  3.52946e-01 | 39  0.01521 -1.18214e+00
 40  0.00741 -1.40807e+00 | 41  0.13465  3.86882e-01 | 42  0.00951 -2.12874e+00
 43 -0.08161 -1.78899e+00 | 44 -0.07554  1.40373e+00 | 45  0.06191 -4.72255e-02
 46 -0.01034  7.65871e-01 | 47 -0.07059 -6.06445e-01 | 48  0.07753 -4.13928e-01
 49  0.05468 -6.88058e-01 | 50 -0.07790  1.58466e-01 | 51 -0.02600  1.76759e+00
 52 -0.04914  3.12138e+00 | 53 -0.07840  2.55551e+00 | 54  0.00236 -3.62208e-02
 55  0.04642 -2.06187e+00 | 56 -0.04945 -9.18330e-01 | 57  0.12715 -2.91163e+00
 58 -0.06033 -9.25149e-01 | 59  0.09275 -1.65698e+00 | 60  0.10222 -2.65074e+00
 61  0.05448 -8.40320e-01 | 62  0.13360 -2.88016e+00 | 63 -0.06804  6.46558e-01
 64 -0.05204  2.03473e+00 | 65 -0.11208  1.16302e+00 | 66 -0.09587  8.42226e-02
 67  0.16524 -2.36930e+00 | 68 -0.00619  2.18948e+00 |

Intermediate statistics: 68 variables; iteration 20; function evaluation 23; phase 2
Function value 2.1434896e+02; maximum gradient component mag 1.2667e+03
Var    Value     Gradient |Var    Value     Gradient |Var    Value     Gradient
  1  0.27892  1.15147e+02 |  2 -0.58361  1.26668e+03 |  3 -0.48341  9.57348e+02
  4 -0.15838  5.99786e+02 |  5 -0.03119  4.34352e+02 |  6 -0.00036  4.46658e-02
  7 -0.00015  3.44364e-02 |  8 -0.00028  4.41447e-02 |  9 -0.00069  3.39366e-02
 10 -0.00157 -1.77864e-02 | 11 -0.00243 -2.86456e-02 | 12 -0.00192  2.11169e-01
 13 -0.00453  8.84466e-02 | 14 -0.00631  2.01477e-01 | 15 -0.00940  2.89508e-01
 16 -0.01333  4.32984e-01 | 17 -0.01845  6.12723e-01 | 18 -0.02421  9.03179e-01
 19 -0.02993  1.30613e+00 | 20 -0.03354  1.89165e+00 | 21 -0.03175  2.76874e+00
 22 -0.02161  4.06847e+00 | 23 -0.00539  5.93018e+00 | 24  0.00842  8.09089e+00
 25  0.03381  1.13941e+01 | 26  0.15113  1.68152e+01 | 27  0.09294  7.40992e+00
 28  0.05842 -7.23953e+00 | 29 -0.08885 -2.54604e+01 | 30 -0.12545 -2.14380e+01
 31  0.11189  3.76014e+01 | 32 -0.11182 -1.55945e+01 | 33  0.12336  7.43450e+01
 34 -0.01904 -7.54504e-01 | 35 -0.09293 -1.44749e+01 | 36 -0.23252 -2.22790e+01
 37 -0.09235 -1.25743e+01 | 38  0.04694  1.15963e+01 | 39  0.01597  5.71023e-01
 40  0.01059 -2.08299e+00 | 41  0.13569  3.45053e+01 | 42  0.00398 -7.78161e+00
 43 -0.07813 -1.64447e+01 | 44 -0.07529 -1.46880e+01 | 45  0.06442  8.58254e+00
 46 -0.01412 -9.87263e+00 | 47 -0.06974 -1.35106e+01 | 48  0.08119  2.80398e+01
 49  0.05136  7.74754e+00 | 50 -0.07626 -1.49390e+01 | 51 -0.02666 -2.17350e+00
 52 -0.04864 -3.61870e-01 | 53 -0.07945 -1.48155e+00 | 54  0.00767  3.00149e+01
 55  0.04450  2.90989e+01 | 56 -0.04517  1.08774e+00 | 57  0.12952  7.94732e+01
 58 -0.06130 -1.14245e+01 | 59  0.09341  1.37553e+01 | 60  0.10029 -5.42340e-01
 61  0.05492 -1.10031e+01 | 62  0.13044 -1.63531e+00 | 63 -0.07130 -2.40910e+01
 64 -0.05438 -1.92495e+01 | 65 -0.11039 -1.92499e+01 | 66 -0.09341 -2.01784e+01
 67  0.17269  1.09908e+01 | 68 -0.01253 -2.96630e+01 |
68 variables; iteration 40; function evaluation 45; phase 2
Function value 2.1169210e+02; maximum gradient component mag 4.4684e+01
Var    Value     Gradient |Var    Value     Gradient |Var    Value     Gradient
  1  0.27731  1.23811e+01 |  2 -0.58839  1.40564e+01 |  3 -0.48128  1.55265e+01
  4 -0.15846  4.46838e+01 |  5 -0.03349  3.99968e+01 |  6  0.00127  2.56720e-01
  7  0.00131  2.29346e-01 |  8  0.00145  2.72661e-01 |  9 -0.00009  9.57581e-02
 10 -0.00500 -5.33812e-01 | 11 -0.00788 -8.50526e-01 | 12  0.00608  1.27340e+00
 13 -0.00757 -4.68754e-01 | 14 -0.00629  2.45875e-02 | 15 -0.01023 -1.03901e-01
 16 -0.01380 -3.38375e-02 | 17 -0.02036 -2.57446e-01 | 18 -0.02505 -4.02622e-02
 19 -0.03005  1.57895e-01 | 20 -0.03207  5.83315e-01 | 21 -0.02816  1.22131e+00
 22 -0.01571  1.97075e+00 | 23  0.00149  2.45123e+00 | 24  0.01301  2.11230e+00
 25  0.03321  1.37434e+00 | 26  0.15121 -1.33753e+00 | 27  0.09209  3.33392e+00
 28  0.05547 -4.64361e+00 | 29 -0.08734 -3.87135e+00 | 30 -0.12624 -3.05577e+00
 31  0.11222  5.63529e+00 | 32 -0.10959  3.21606e-01 | 33  0.12098  7.48319e+00
 34 -0.01760  7.65706e+00 | 35 -0.09061  4.79551e+00 | 36 -0.23210 -2.69174e+00
 37 -0.09880 -1.68099e+01 | 38  0.04608 -1.14947e+01 | 39  0.02088  2.20237e+01
 40  0.01238  1.09745e+01 | 41  0.13502 -7.31165e+00 | 42  0.00447 -5.91143e+00
 43 -0.07829 -5.50517e+00 | 44 -0.07749 -6.80328e+00 | 45  0.06477 -5.12924e+00
 46 -0.01126  6.06547e+00 | 47 -0.07065  4.99104e-01 | 48  0.08110  6.79802e-01
 49  0.05002 -7.91996e+00 | 50 -0.07853 -6.06211e-01 | 51 -0.02073  2.03750e+01
 52 -0.05317 -6.32914e+00 | 53 -0.07973 -3.60680e+00 | 54  0.00482 -8.56841e+00
 55  0.04512  5.48111e+00 | 56 -0.04128  1.20161e+01 | 57  0.12751  3.26273e+00
 58 -0.06298 -3.08871e+00 | 59  0.09354 -1.22333e+00 | 60  0.09991 -1.32263e+00
 61  0.05518  2.28184e+00 | 62  0.12918 -2.97791e+00 | 63 -0.06783  7.55129e+00
 64 -0.05291  6.26221e+00 | 65 -0.11152 -1.40020e+00 | 66 -0.09674 -4.54242e+00
 67  0.16938 -3.95661e+00 | 68 -0.00634 -1.23005e+00 |

 - final statistics:
68 variables; iteration 53; function evaluation 63
Function value 2.1125e+02; maximum gradient component mag 9.6978e+00
Exit code = 1;  converg criter 1.0000e+01
Var    Value     Gradient |Var    Value     Gradient |Var    Value     Gradient
  1  0.27626  1.05928e+00 |  2 -0.58765  3.78380e+00 |  3 -0.48215  3.16719e+00
  4 -0.15884  9.69779e+00 |  5 -0.03378  5.19309e+00 |  6 -0.00118 -8.60456e-02
  7 -0.00094 -8.59697e-02 |  8 -0.00117 -9.43829e-02 |  9 -0.00098 -2.81744e-02
 10 -0.00030  1.26590e-01 | 11 -0.00101  1.19804e-01 | 12 -0.00317 -4.81405e-02
 13 -0.00476 -6.52533e-02 | 14 -0.00636  1.21419e-02 | 15 -0.00979 -4.21933e-02
 16 -0.01360 -9.78643e-03 | 17 -0.01909 -6.82362e-02 | 18 -0.02414  8.51751e-02
 19 -0.02926  2.38969e-01 | 20 -0.03163  5.38373e-01 | 21 -0.03084  4.71398e-01
 22 -0.02259  2.61853e-01 | 23 -0.00982 -1.13634e-01 | 24  0.00106 -2.68511e-01
 25  0.02931  6.29690e-01 | 26  0.15914  7.48672e-02 | 27  0.08045  4.45790e+00
 28  0.06211  1.59258e+00 | 29 -0.08800  7.36888e-01 | 30 -0.12415  4.72420e-01
 31  0.11225  4.21382e+00 | 32 -0.11085 -1.47023e-01 | 33  0.12167  3.55007e+00
 34 -0.01939  8.68188e-01 | 35 -0.09325  3.35944e-01 | 36 -0.23117  1.43597e-01
 37 -0.09272 -1.08042e+00 | 38  0.04802 -6.43988e-01 | 39  0.01600  5.40561e-01
 40  0.01044  4.97284e-01 | 41  0.13652 -6.03900e-01 | 42  0.00366 -1.24511e+00
 43 -0.07660  3.55750e-01 | 44 -0.07583 -4.54246e-01 | 45  0.06577 -2.17265e-01
 46 -0.01383  4.91192e-02 | 47 -0.06989 -6.62545e-01 | 48  0.08100 -7.35547e-01
 49  0.05112 -1.68960e+00 | 50 -0.07685 -1.59778e+00 | 51 -0.02655  2.62590e-01
 52 -0.04992 -2.01670e+00 | 53 -0.07967 -1.63653e-01 | 54  0.00654 -1.62666e+00
 55  0.04491 -4.81955e-01 | 56 -0.04531 -6.95522e-02 | 57  0.12804 -9.82743e-01
 58 -0.06009  6.64208e-01 | 59  0.09328 -7.75148e-01 | 60  0.10040 -4.69292e-01
 61  0.05456 -2.60742e-01 | 62  0.13003 -8.62188e-01 | 63 -0.07090  8.30671e-02
 64 -0.05420 -1.73378e-01 | 65 -0.11105 -6.15383e-01 | 66 -0.09464 -1.25501e+00
 67  0.17004 -6.64859e-01 | 68 -0.01134 -3.84340e-01 |

Initial statistics: 77 variables; iteration 0; function evaluation 0; phase 3
Function value 2.1125018e+02; maximum gradient component mag 2.0360e+02
Var    Value     Gradient |Var    Value     Gradient |Var    Value     Gradient
  1  0.27626  1.05928e+00 |  2 -0.58765  3.78380e+00 |  3 -0.48215  3.16719e+00
  4 -0.15884  9.69779e+00 |  5 -0.03378  5.19309e+00 |  6 -0.00118 -8.60456e-02
  7 -0.00094 -8.59697e-02 |  8 -0.00117 -9.43829e-02 |  9 -0.00098 -2.81744e-02
 10 -0.00030  1.26590e-01 | 11 -0.00101  1.19804e-01 | 12 -0.00317 -4.81405e-02
 13 -0.00476 -6.52533e-02 | 14 -0.00636  1.21419e-02 | 15 -0.00979 -4.21933e-02
 16 -0.01360 -9.78643e-03 | 17 -0.01909 -6.82362e-02 | 18 -0.02414  8.51751e-02
 19 -0.02926  2.38969e-01 | 20 -0.03163  5.38373e-01 | 21 -0.03084  4.71398e-01
 22 -0.02259  2.61853e-01 | 23 -0.00982 -1.13634e-01 | 24  0.00106 -2.68511e-01
 25  0.02931  6.29690e-01 | 26  0.15914  9.60039e-02 | 27  0.08046  4.47954e+00
 28  0.06211  1.61429e+00 | 29 -0.08800  7.58495e-01 | 30 -0.12415  4.93822e-01
 31  0.11226  4.23530e+00 | 32 -0.11085 -1.25538e-01 | 33  0.12167  3.57149e+00
 34 -0.01938  8.89992e-01 | 35 -0.09325  3.57525e-01 | 36 -0.23117  1.63990e-01
 37 -0.09272 -1.05884e+00 | 38  0.04802 -6.22235e-01 | 39  0.01600  5.62369e-01
 40  0.01045  5.19095e-01 | 41  0.13652 -5.82585e-01 | 42  0.00366 -1.22330e+00
 43 -0.07660  3.77407e-01 | 44 -0.07583 -4.32586e-01 | 45  0.06578 -1.95566e-01
 46 -0.01382  7.09289e-02 | 47 -0.06989 -6.40862e-01 | 48  0.08100 -7.13908e-01
 49  0.05112 -1.66785e+00 | 50 -0.07685 -1.57612e+00 | 51 -0.02655  2.84386e-01
 52 -0.04992 -1.99495e+00 | 53 -0.07967 -1.42009e-01 | 54  0.00655 -1.60484e+00
 55  0.04491 -4.60194e-01 | 56 -0.04531 -4.77926e-02 | 57  0.12804 -9.61368e-01
 58 -0.06009  6.85926e-01 | 59  0.09328 -7.53567e-01 | 60  0.10040 -4.47747e-01
 61  0.05457 -2.39007e-01 | 62  0.13003 -8.40827e-01 | 63 -0.07090  1.04747e-01
 64 -0.05420 -1.51642e-01 | 65 -0.11105 -5.93899e-01 | 66 -0.09463 -1.23343e+00
 67  0.17005 -6.43817e-01 | 68 -0.01134 -3.62528e-01 | 69  0.65401  2.07100e+01
 70 -0.72427  3.99424e-03 | 71  0.41039  2.14393e+01 | 72 -0.62194  2.79802e-03
 73  0.17556  1.11816e+01 | 74 -0.48798 -1.82504e+02 | 75  0.39156 -3.64864e-03
 76 -0.15803  2.03598e+02 | 77  0.67435 -9.19949e-03 |

Intermediate statistics: 77 variables; iteration 20; function evaluation 23; phase 3
Function value 2.0987030e+02; maximum gradient component mag 1.8850e+02
Var    Value     Gradient |Var    Value     Gradient |Var    Value     Gradient
  1  0.27860  4.92632e+01 |  2 -0.58220 -4.18167e+01 |  3 -0.48608 -2.39974e+01
  4 -0.15692  9.97392e+01 |  5 -0.03416  7.48053e+00 |  6 -0.00074 -1.63206e-02
  7 -0.00050 -1.98824e-02 |  8 -0.00068 -2.06053e-02 |  9 -0.00083 -5.29256e-04
 10 -0.00097  4.39084e-02 | 11 -0.00164  4.61023e-02 | 12 -0.00293  7.90497e-03
 13 -0.00442  1.20360e-02 | 14 -0.00642  4.28587e-02 | 15 -0.00956  4.53307e-02
 16 -0.01353  7.42335e-02 | 17 -0.01872  9.49598e-02 | 18 -0.02456  1.77566e-01
 19 -0.03052  2.89058e-01 | 20 -0.03455  4.71642e-01 | 21 -0.03381  6.73515e-01
 22 -0.02507  9.46173e-01 | 23 -0.01105  1.28256e+00 | 24  0.00013  1.70877e+00
 25  0.02385  2.60898e+00 | 26  0.16064  3.29250e+00 | 27  0.06838  1.74480e-01
 28  0.06879  1.97843e+00 | 29 -0.09012 -3.04725e+00 | 30 -0.12292 -1.20588e+00
 31  0.11291  2.97517e+01 | 32 -0.10807 -3.59190e-01 | 33  0.12070  9.10348e+00
 34 -0.01900 -1.76533e+00 | 35 -0.09311 -2.85760e+00 | 36 -0.23259 -3.96588e+00
 37 -0.09115  6.36463e+00 | 38  0.04946  3.30480e+01 | 39  0.01714  1.17269e+01
 40  0.01100 -1.86246e+00 | 41  0.13535 -1.92170e+01 | 42  0.00225 -1.35828e+01
 43 -0.07674 -6.43880e+00 | 44 -0.07589 -3.60785e+00 | 45  0.06594  9.37858e+00
 46 -0.01360  1.98001e+00 | 47 -0.06918 -1.60336e-01 | 48  0.08157  1.08266e+01
 49  0.05026 -3.59655e+00 | 50 -0.07557 -4.37400e+00 | 51 -0.02737 -2.24153e+00
 52 -0.04885 -6.89243e-02 | 53 -0.08035 -6.94762e-01 | 54  0.00757  4.88019e+00
 55  0.04361 -1.26340e+01 | 56 -0.04547 -1.07584e+01 | 57  0.12654 -3.55186e+01
 58 -0.06175 -1.10644e+01 | 59  0.09294 -1.04771e+01 | 60  0.09992 -3.06132e+00
 61  0.05484  9.68964e-02 | 62  0.12975  5.01266e+00 | 63 -0.07176 -4.27822e+00
 64 -0.05489 -3.17945e+00 | 65 -0.11054 -2.79339e+00 | 66 -0.09289 -3.03712e+00
 67  0.17130  7.66265e+00 | 68 -0.01057 -6.71160e+00 | 69  0.63208 -2.49332e+01
 70 -0.72421 -6.29305e-03 | 71  0.40873  1.88500e+02 | 72 -0.62187 -4.65191e-03
 73  0.11781 -5.54465e+00 | 74 -0.49417 -1.67993e+02 | 75  0.39158 -2.00198e-03
 76 -0.17189  1.18483e+02 | 77  0.67440 -4.91492e-03 |
77 variables; iteration 40; function evaluation 44; phase 3
Function value 2.0950782e+02; maximum gradient component mag 4.2469e+01
Var    Value     Gradient |Var    Value     Gradient |Var    Value     Gradient
  1  0.27723  7.11125e+00 |  2 -0.58319 -2.29783e+01 |  3 -0.48556 -1.52916e+01
  4 -0.15679  1.54750e+01 |  5 -0.03388 -1.22052e+00 |  6 -0.00067 -9.52369e-03
  7 -0.00041 -8.89981e-03 |  8 -0.00060 -1.02544e-02 |  9 -0.00084 -3.05269e-03
 10 -0.00113  1.74548e-02 | 11 -0.00179  1.95947e-02 | 12 -0.00297 -6.25018e-03
 13 -0.00450 -9.62704e-03 | 14 -0.00652  1.18130e-02 | 15 -0.00969  1.19864e-03
 16 -0.01365  1.95807e-02 | 17 -0.01895  5.87698e-03 | 18 -0.02471  6.91471e-02
 19 -0.03090  8.85967e-02 | 20 -0.03565  4.56689e-02 | 21 -0.03650 -1.99789e-01
 22 -0.02948 -4.54282e-01 | 23 -0.01585 -4.20554e-01 | 24 -0.00188  2.59200e-01
 25  0.01807  4.81781e-01 | 26  0.16463  1.60603e+00 | 27  0.06645  1.22752e-01
 28  0.06624 -1.81878e+00 | 29 -0.08763  7.50577e-01 | 30 -0.12396 -5.77166e-01
 31  0.11207  3.99982e+00 | 32 -0.11021 -1.28757e+00 | 33  0.12144  1.81113e+00
 34 -0.01969 -7.07576e-01 | 35 -0.09289  7.88008e-01 | 36 -0.22952  1.15637e+00
 37 -0.09229 -3.41502e-01 | 38  0.04748  2.93193e+00 | 39  0.01818  7.76242e+00
 40  0.00989  2.57876e-01 | 41  0.13706 -2.65776e+00 | 42  0.00042 -6.63002e+00
 43 -0.07648 -1.09121e+00 | 44 -0.07440  1.06603e+00 | 45  0.06505 -4.94448e-01
 46 -0.01372  1.33872e+00 | 47 -0.06871  1.27864e+00 | 48  0.08099 -2.61872e-01
 49  0.05039 -1.48019e+00 | 50 -0.07545 -8.23458e-02 | 51 -0.02720 -5.12176e-02
 52 -0.05014 -1.87920e+00 | 53 -0.07919  2.38601e+00 | 54  0.00666 -1.03462e+00
 55  0.04445 -5.93173e-01 | 56 -0.04495 -7.57667e-01 | 57  0.12786 -5.88351e+00
 58 -0.06149 -1.94060e+00 | 59  0.09320 -2.54055e+00 | 60  0.09968 -1.06329e+00
 61  0.05478  7.20724e-02 | 62  0.12925  1.68743e-01 | 63 -0.07141  6.09939e-01
 64 -0.05405  2.60699e+00 | 65 -0.11182 -2.16876e+00 | 66 -0.09205  7.48992e-01
 67  0.17152  2.20471e+00 | 68 -0.01037 -1.00840e+00 | 69  0.63707 -4.75643e+00
 70 -0.71691 -6.56372e-03 | 71  0.40871  4.24692e+01 | 72 -0.61196 -4.49931e-03
 73  0.12212 -7.47383e-01 | 74 -0.49492 -3.65884e+01 | 75  0.39425 -2.58577e-03
 76 -0.17527  2.78191e+01 | 77  0.68107 -6.42972e-03 |
77 variables; iteration 60; function evaluation 72; phase 3
Function value 2.0945665e+02; maximum gradient component mag -6.1020e+00
Var    Value     Gradient |Var    Value     Gradient |Var    Value     Gradient
  1  0.27717 -1.59182e+00 |  2 -0.58268  5.30685e+00 |  3 -0.48608  3.51060e+00
  4 -0.15705 -1.68968e+00 |  5 -0.03385  2.06488e+00 |  6 -0.00060  9.22664e-04
  7 -0.00030  6.50715e-03 |  8 -0.00050  3.45429e-03 |  9 -0.00082 -1.38272e-03
 10 -0.00118  1.00551e-02 | 11 -0.00176  2.30768e-02 | 12 -0.00297 -7.64635e-03
 13 -0.00449 -1.10123e-02 | 14 -0.00642  2.26570e-02 | 15 -0.00960  1.01040e-02
 16 -0.01368  9.68901e-03 | 17 -0.01892  3.42287e-03 | 18 -0.02512 -4.76260e-03
 19 -0.03107  5.74004e-02 | 20 -0.03535  1.07039e-01 | 21 -0.03580 -4.46625e-02
 22 -0.02672  6.58451e-02 | 23 -0.01361 -4.36688e-02 | 24 -0.00221  1.00950e-01
 25  0.01587 -1.30694e-01 | 26  0.16480  1.48063e-01 | 27  0.06310  2.26909e-01
 28  0.07042 -4.47403e-02 | 29 -0.09273 -6.64872e-01 | 30 -0.12275  9.10591e-02
 31  0.11193 -1.03990e-01 | 32 -0.10815  1.89907e-01 | 33  0.12145 -9.84772e-02
 34 -0.01892  2.61264e-02 | 35 -0.09358 -5.00439e-01 | 36 -0.23137  4.79849e-01
 37 -0.09162 -3.84867e-01 | 38  0.04810 -7.34667e-01 | 39  0.01621 -7.31511e-01
 40  0.01124  2.05633e-01 | 41  0.13683  4.68716e-01 | 42  0.00281  4.70159e-01
 43 -0.07719 -2.31714e-01 | 44 -0.07567  2.49118e-01 | 45  0.06574  1.33055e-01
 46 -0.01411 -3.30380e-02 | 47 -0.06960 -1.18350e-01 | 48  0.08151  2.26482e-02
 49  0.05045 -6.50369e-02 | 50 -0.07542  1.96202e-01 | 51 -0.02735 -3.63371e-02
 52 -0.04911 -8.92561e-02 | 53 -0.08050  2.11798e-01 | 54  0.00747  1.43502e-03
 55  0.04433 -1.97350e-01 | 56 -0.04491  1.30500e-01 | 57  0.12836  9.33411e-01
 58 -0.06091  5.43962e-01 | 59  0.09344  2.92049e-01 | 60  0.09981  1.76572e-01
 61  0.05495  1.65014e-01 | 62  0.12942 -8.95293e-02 | 63 -0.07193 -4.75703e-01
 64 -0.05475 -3.33293e-01 | 65 -0.11008  5.19879e-01 | 66 -0.09291 -4.51300e-02
 67  0.17185 -7.71933e-01 | 68 -0.01059  6.36641e-02 | 69  0.63453  7.11424e-01
 70 -0.70449 -6.02860e-03 | 71  0.40829 -6.10199e+00 | 72 -0.60157 -4.34647e-03
 73  0.12154  6.79931e-02 | 74 -0.49491  5.06901e+00 | 75  0.39887 -1.97215e-03
 76 -0.17634 -1.92669e+00 | 77  0.69260 -4.96635e-03 |

 - final statistics:
77 variables; iteration 65; function evaluation 81
Function value 2.0945e+02; maximum gradient component mag 8.2097e-01
Exit code = 1;  converg criter 1.0000e+00
Var    Value     Gradient |Var    Value     Gradient |Var    Value     Gradient
  1  0.27714  2.30351e-01 |  2 -0.58279  4.78111e-01 |  3 -0.48595  4.25188e-01
  4 -0.15710  8.20973e-01 |  5 -0.03387  1.64471e-01 |  6 -0.00074 -1.92868e-02
  7 -0.00042 -1.13066e-02 |  8 -0.00065 -1.83851e-02 |  9 -0.00086 -7.09865e-03
 10 -0.00096  4.03407e-02 | 11 -0.00168  3.52335e-02 | 12 -0.00294 -2.75219e-03
 13 -0.00438  4.40015e-03 | 14 -0.00669 -1.74863e-02 | 15 -0.00968 -2.24943e-03
 16 -0.01370  6.33929e-03 | 17 -0.01899 -9.30274e-03 | 18 -0.02510 -4.79219e-03
 19 -0.03202 -1.11924e-01 | 20 -0.03558  6.12635e-02 | 21 -0.03533  3.24848e-02
 22 -0.02730 -3.78708e-02 | 23 -0.01318  1.80172e-02 | 24 -0.00297 -1.08239e-03
 25  0.01695  2.52890e-02 | 26  0.16480  2.88999e-02 | 27  0.06301 -1.02019e-02
 28  0.07006  4.97465e-02 | 29 -0.09130  1.00651e-01 | 30 -0.12308 -2.29008e-02
 31  0.11194  1.11592e-01 | 32 -0.10846 -3.78749e-02 | 33  0.12147  1.25837e-01
 34 -0.01903 -5.26375e-03 | 35 -0.09310  6.65916e-02 | 36 -0.23237 -9.68882e-02
 37 -0.09144  3.25092e-02 | 38  0.04805  1.01128e-01 | 39  0.01642  1.00394e-01
 40  0.01104 -1.78904e-02 | 41  0.13684  4.16056e-02 | 42  0.00268 -5.33282e-02
 43 -0.07677  1.78681e-02 | 44 -0.07593 -5.19392e-02 | 45  0.06573  2.16802e-02
 46 -0.01408 -6.43215e-04 | 47 -0.06945 -2.87428e-04 | 48  0.08141  1.48958e-02
 49  0.05056  3.70292e-03 | 50 -0.07557 -5.83795e-02 | 51 -0.02729 -3.77108e-03
 52 -0.04907 -3.67933e-03 | 53 -0.08056 -3.99155e-02 | 54  0.00738  8.15266e-03
 55  0.04442  1.34975e-02 | 56 -0.04498 -3.54671e-02 | 57  0.12833 -7.46052e-02
 58 -0.06127 -9.04247e-02 | 59  0.09349 -3.28748e-02 | 60  0.09982 -3.70128e-02
 61  0.05489 -2.73977e-02 | 62  0.12944 -6.47489e-03 | 63 -0.07167  3.50301e-02
 64 -0.05464  6.83682e-03 | 65 -0.11045 -1.19280e-01 | 66 -0.09288 -3.31336e-02
 67  0.17183  3.91068e-02 | 68 -0.01022 -6.35555e-02 | 69  0.63486  5.39344e-02
 70 -0.69200 -5.74436e-03 | 71  0.40835  2.17918e-01 | 72 -0.59291 -4.22430e-03
 73  0.12187  3.47659e-02 | 74 -0.49532 -7.75222e-01 | 75  0.40262 -1.43987e-03
 76 -0.17676  3.79909e-01 | 77  0.70203 -3.60705e-03 |

 - final statistics:
77 variables; iteration 0; function evaluation 0
Function value 2.0945e+02; maximum gradient component mag 8.2097e-01
Exit code = 0;  converg criter 1.0000e+00
Var    Value     Gradient |Var    Value     Gradient |Var    Value     Gradient
  1  0.27714  2.30351e-01 |  2 -0.58279  4.78111e-01 |  3 -0.48595  4.25188e-01
  4 -0.15710  8.20973e-01 |  5 -0.03387  1.64471e-01 |  6 -0.00074 -1.92868e-02
  7 -0.00042 -1.13066e-02 |  8 -0.00065 -1.83851e-02 |  9 -0.00086 -7.09865e-03
 10 -0.00096  4.03407e-02 | 11 -0.00168  3.52335e-02 | 12 -0.00294 -2.75219e-03
 13 -0.00438  4.40015e-03 | 14 -0.00669 -1.74863e-02 | 15 -0.00968 -2.24943e-03
 16 -0.01370  6.33929e-03 | 17 -0.01899 -9.30274e-03 | 18 -0.02510 -4.79219e-03
 19 -0.03202 -1.11924e-01 | 20 -0.03558  6.12635e-02 | 21 -0.03533  3.24848e-02
 22 -0.02730 -3.78708e-02 | 23 -0.01318  1.80172e-02 | 24 -0.00297 -1.08239e-03
 25  0.01695  2.52890e-02 | 26  0.16480  2.90539e-02 | 27  0.06301 -1.00434e-02
 28  0.07006  4.99048e-02 | 29 -0.09130  1.00809e-01 | 30 -0.12308 -2.27445e-02
 31  0.11194  1.11749e-01 | 32 -0.10846 -3.77179e-02 | 33  0.12147  1.25993e-01
 34 -0.01903 -5.10455e-03 | 35 -0.09310  6.67492e-02 | 36 -0.23237 -9.67394e-02
 37 -0.09144  3.26668e-02 | 38  0.04805  1.01286e-01 | 39  0.01642  1.00553e-01
 40  0.01104 -1.77311e-02 | 41  0.13684  4.17612e-02 | 42  0.00268 -5.31689e-02
 43 -0.07677  1.80262e-02 | 44 -0.07593 -5.17810e-02 | 45  0.06573  2.18387e-02
 46 -0.01408 -4.83982e-04 | 47 -0.06945 -1.29103e-04 | 48  0.08141  1.50538e-02
 49  0.05056  3.86169e-03 | 50 -0.07557 -5.82214e-02 | 51 -0.02729 -3.61196e-03
 52 -0.04907 -3.52053e-03 | 53 -0.08056 -3.97575e-02 | 54  0.00738  8.31192e-03
 55  0.04442  1.36564e-02 | 56 -0.04498 -3.53082e-02 | 57  0.12833 -7.44491e-02
 58 -0.06127 -9.02661e-02 | 59  0.09349 -3.27172e-02 | 60  0.09982 -3.68555e-02
 61  0.05489 -2.72390e-02 | 62  0.12944 -6.31889e-03 | 63 -0.07167  3.51884e-02
 64 -0.05464  6.99550e-03 | 65 -0.11045 -1.19123e-01 | 66 -0.09288 -3.29760e-02
 67  0.17183  3.92603e-02 | 68 -0.01022 -6.33963e-02 | 69  0.63486  5.39344e-02
 70 -0.69200 -5.74436e-03 | 71  0.40835  2.17918e-01 | 72 -0.59291 -4.22430e-03
 73  0.12187  3.47659e-02 | 74 -0.49532 -7.75222e-01 | 75  0.40262 -1.43987e-03
 76 -0.17676  3.79909e-01 | 77  0.70203 -3.60705e-03 |

 - final statistics:
77 variables; iteration 0; function evaluation 0
Function value 2.0945e+02; maximum gradient component mag 8.2097e-01
Exit code = 0;  converg criter 1.0000e+00
Var    Value     Gradient |Var    Value     Gradient |Var    Value     Gradient
  1  0.27714  2.30351e-01 |  2 -0.58279  4.78111e-01 |  3 -0.48595  4.25188e-01
  4 -0.15710  8.20973e-01 |  5 -0.03387  1.64471e-01 |  6 -0.00074 -1.92868e-02
  7 -0.00042 -1.13066e-02 |  8 -0.00065 -1.83851e-02 |  9 -0.00086 -7.09865e-03
 10 -0.00096  4.03407e-02 | 11 -0.00168  3.52335e-02 | 12 -0.00294 -2.75219e-03
 13 -0.00438  4.40015e-03 | 14 -0.00669 -1.74863e-02 | 15 -0.00968 -2.24943e-03
 16 -0.01370  6.33929e-03 | 17 -0.01899 -9.30274e-03 | 18 -0.02510 -4.79219e-03
 19 -0.03202 -1.11924e-01 | 20 -0.03558  6.12635e-02 | 21 -0.03533  3.24848e-02
 22 -0.02730 -3.78708e-02 | 23 -0.01318  1.80172e-02 | 24 -0.00297 -1.08239e-03
 25  0.01695  2.52890e-02 | 26  0.16480  2.90539e-02 | 27  0.06301 -1.00434e-02
 28  0.07006  4.99048e-02 | 29 -0.09130  1.00809e-01 | 30 -0.12308 -2.27445e-02
 31  0.11194  1.11749e-01 | 32 -0.10846 -3.77179e-02 | 33  0.12147  1.25993e-01
 34 -0.01903 -5.10455e-03 | 35 -0.09310  6.67492e-02 | 36 -0.23237 -9.67394e-02
 37 -0.09144  3.26668e-02 | 38  0.04805  1.01286e-01 | 39  0.01642  1.00553e-01
 40  0.01104 -1.77311e-02 | 41  0.13684  4.17612e-02 | 42  0.00268 -5.31689e-02
 43 -0.07677  1.80262e-02 | 44 -0.07593 -5.17810e-02 | 45  0.06573  2.18387e-02
 46 -0.01408 -4.83982e-04 | 47 -0.06945 -1.29103e-04 | 48  0.08141  1.50538e-02
 49  0.05056  3.86169e-03 | 50 -0.07557 -5.82214e-02 | 51 -0.02729 -3.61196e-03
 52 -0.04907 -3.52053e-03 | 53 -0.08056 -3.97575e-02 | 54  0.00738  8.31192e-03
 55  0.04442  1.36564e-02 | 56 -0.04498 -3.53082e-02 | 57  0.12833 -7.44491e-02
 58 -0.06127 -9.02661e-02 | 59  0.09349 -3.27172e-02 | 60  0.09982 -3.68555e-02
 61  0.05489 -2.72390e-02 | 62  0.12944 -6.31889e-03 | 63 -0.07167  3.51884e-02
 64 -0.05464  6.99550e-03 | 65 -0.11045 -1.19123e-01 | 66 -0.09288 -3.29760e-02
 67  0.17183  3.92603e-02 | 68 -0.01022 -6.33963e-02 | 69  0.63486  5.39344e-02
 70 -0.69200 -5.74436e-03 | 71  0.40835  2.17918e-01 | 72 -0.59291 -4.22430e-03
 73  0.12187  3.47659e-02 | 74 -0.49532 -7.75222e-01 | 75  0.40262 -1.43987e-03
 76 -0.17676  3.79909e-01 | 77  0.70203 -3.60705e-03 |

Initial statistics: 79 variables; iteration 0; function evaluation 0; phase 6
Function value 2.0945458e+02; maximum gradient component mag -3.5253e+01
Var    Value     Gradient |Var    Value     Gradient |Var    Value     Gradient
  1  0.27714  2.30351e-01 |  2 -0.58279  4.78111e-01 |  3 -0.48595  4.25188e-01
  4 -0.15710  8.20973e-01 |  5 -0.03387  1.64471e-01 |  6 -0.00074 -1.92868e-02
  7 -0.00042 -1.13066e-02 |  8 -0.00065 -1.83851e-02 |  9 -0.00086 -7.09865e-03
 10 -0.00096  4.03407e-02 | 11 -0.00168  3.52335e-02 | 12 -0.00294 -2.75219e-03
 13 -0.00438  4.40015e-03 | 14 -0.00669 -1.74863e-02 | 15 -0.00968 -2.24943e-03
 16 -0.01370  6.33929e-03 | 17 -0.01899 -9.30274e-03 | 18 -0.02510 -4.79219e-03
 19 -0.03202 -1.11924e-01 | 20 -0.03558  6.12635e-02 | 21 -0.03533  3.24848e-02
 22 -0.02730 -3.78708e-02 | 23 -0.01318  1.80172e-02 | 24 -0.00297 -1.08239e-03
 25  0.01695  2.52890e-02 | 26  0.16480  2.90539e-02 | 27  0.06301 -1.00434e-02
 28  0.07006  4.99048e-02 | 29 -0.09130  1.00809e-01 | 30 -0.12308 -2.27445e-02
 31  0.11194  1.11749e-01 | 32 -0.10846 -3.77179e-02 | 33  0.12147  1.25993e-01
 34 -0.01903 -5.10455e-03 | 35 -0.09310  6.67492e-02 | 36 -0.23237 -9.67394e-02
 37 -0.09144  3.26668e-02 | 38  0.04805  1.01286e-01 | 39  0.01642  1.00553e-01
 40  0.01104 -1.77311e-02 | 41  0.13684  4.17612e-02 | 42  0.00268 -5.31689e-02
 43 -0.07677  1.80262e-02 | 44 -0.07593 -5.17810e-02 | 45  0.06573  2.18387e-02
 46 -0.01408 -4.83982e-04 | 47 -0.06945 -1.29103e-04 | 48  0.08141  1.50538e-02
 49  0.05056  3.86169e-03 | 50 -0.07557 -5.82214e-02 | 51 -0.02729 -3.61196e-03
 52 -0.04907 -3.52053e-03 | 53 -0.08056 -3.97575e-02 | 54  0.00738  8.31192e-03
 55  0.04442  1.36564e-02 | 56 -0.04498 -3.53082e-02 | 57  0.12833 -7.44491e-02
 58 -0.06127 -9.02661e-02 | 59  0.09349 -3.27172e-02 | 60  0.09982 -3.68555e-02
 61  0.05489 -2.72390e-02 | 62  0.12944 -6.31889e-03 | 63 -0.07167  3.51884e-02
 64 -0.05464  6.99550e-03 | 65 -0.11045 -1.19123e-01 | 66 -0.09288 -3.29760e-02
 67  0.17183  3.92603e-02 | 68 -0.01022 -6.33963e-02 | 69 -0.64529  2.48560e+00
 70 -0.33640 -3.52529e+01 | 71  0.63486  5.39344e-02 | 72 -0.69200 -5.74436e-03
 73  0.40835  2.17918e-01 | 74 -0.59291 -4.22430e-03 | 75  0.12187  3.47659e-02
 76 -0.49532 -7.75222e-01 | 77  0.40262 -1.43987e-03 | 78 -0.17676  3.79909e-01
 79  0.70203 -3.60705e-03 |

Intermediate statistics: 79 variables; iteration 20; function evaluation 27; phase 6
Function value 2.0510564e+02; maximum gradient component mag 4.4487e+02
Var    Value     Gradient |Var    Value     Gradient |Var    Value     Gradient
  1  0.27592  8.26530e+01 |  2 -0.57117 -3.73137e+01 |  3 -0.49460 -5.22910e+01
  4 -0.19146  4.44869e+02 |  5 -0.03688 -7.61102e+01 |  6 -0.00064 -1.21055e-02
  7 -0.00037 -5.95129e-03 |  8 -0.00056 -8.67259e-03 |  9 -0.00085 -9.37801e-03
 10 -0.00126 -5.62217e-03 | 11 -0.00197 -1.06412e-02 | 12 -0.00305 -2.10637e-02
 13 -0.00462 -2.59857e-02 | 14 -0.00694 -3.48730e-02 | 15 -0.01022 -3.89044e-02
 16 -0.01459 -4.24588e-02 | 17 -0.02025 -4.76716e-02 | 18 -0.02704 -5.33200e-02
 19 -0.03429 -8.09053e-02 | 20 -0.03998 -1.22741e-01 | 21 -0.04107 -2.44108e-01
 22 -0.03433 -4.52075e-01 | 23 -0.02230 -6.37630e-01 | 24 -0.01334 -5.09653e-01
 25  0.00727  1.97848e-01 | 26  0.14858 -1.72767e+01 | 27  0.07030 -1.49788e+01
 28  0.07199 -1.30576e+00 | 29 -0.09114 -1.59740e+01 | 30 -0.12238 -1.85963e+01
 31  0.10854  2.71088e+01 | 32 -0.10444 -1.45918e+01 | 33  0.11907  5.52464e+01
 34 -0.01702  5.98864e+00 | 35 -0.09215 -6.61413e+00 | 36 -0.23186 -1.99056e+01
 37 -0.08985 -1.15769e+01 | 38  0.04587  9.62612e+00 | 39  0.01652 -1.30578e+00
 40  0.01167 -4.76292e+00 | 41  0.13564  3.06599e+01 | 42  0.00089 -5.37387e+00
 43 -0.07401 -1.49439e+01 | 44 -0.07697 -1.67381e+01 | 45  0.06399  4.95402e+00
 46 -0.01327 -6.22124e+00 | 47 -0.06852 -1.28145e+01 | 48  0.08159  1.79456e+01
 49  0.05018  8.86683e+00 | 50 -0.07322 -1.28870e+01 | 51 -0.02779 -4.05888e+00
 52 -0.04843 -4.55714e+00 | 53 -0.08229 -7.68853e+00 | 54  0.00749  1.45394e+01
 55  0.04249  2.43335e+01 | 56 -0.04492 -2.91390e+00 | 57  0.12820  6.48710e+01
 58 -0.05784 -9.22094e+00 | 59  0.09341  1.97659e+01 | 60  0.09914  1.26060e+01
 61  0.05615 -3.46704e-01 | 62  0.12828  1.93824e+01 | 63 -0.07283 -1.78124e+01
 64 -0.05587 -1.35157e+01 | 65 -0.10975 -1.85985e+01 | 66 -0.09219 -2.11968e+01
 67  0.17375 -6.03236e+00 | 68 -0.00781 -2.78140e+01 | 69 -0.62343 -1.86745e+01
 70 -0.13454  8.06247e+01 | 71  0.65256  4.19876e+01 | 72 -0.69195 -4.16889e-03
 73  0.40854 -3.08948e+02 | 74 -0.59287 -4.22369e-03 | 75  0.14633  4.03064e+00
 76 -0.48890 -2.47775e+02 | 77  0.40264  2.64175e-03 | 78 -0.17218  1.39877e+02
 79  0.70206  7.11743e-03 |
79 variables; iteration 40; function evaluation 49; phase 6
Function value 2.0396530e+02; maximum gradient component mag 1.1734e+02
Var    Value     Gradient |Var    Value     Gradient |Var    Value     Gradient
  1  0.27409  2.65463e+01 |  2 -0.56366 -1.03574e+02 |  3 -0.49869 -8.78278e+01
  4 -0.20413  1.17342e+02 |  5 -0.03743 -1.27201e+01 |  6 -0.00092 -5.44413e-02
  7 -0.00050 -2.60161e-02 |  8 -0.00074 -3.62146e-02 |  9 -0.00111 -4.91665e-02
 10 -0.00164 -6.39046e-02 | 11 -0.00249 -9.19822e-02 | 12 -0.00373 -1.27863e-01
 13 -0.00552 -1.68487e-01 | 14 -0.00801 -2.10330e-01 | 15 -0.01148 -2.49133e-01
 16 -0.01584 -2.57539e-01 | 17 -0.02108 -1.91082e-01 | 18 -0.02696 -1.50393e-02
 19 -0.03239  3.60599e-01 | 20 -0.03765  5.60897e-01 | 21 -0.03849  7.11379e-01
 22 -0.03425  2.79894e-01 | 23 -0.02564 -2.40118e-01 | 24 -0.00946  1.28817e+00
 25  0.01584  2.32462e+00 | 26  0.13731  7.36980e-03 | 27  0.07988 -3.89864e-01
 28  0.06880  1.62108e+00 | 29 -0.09011 -4.00209e+00 | 30 -0.12133 -2.63319e+00
 31  0.10741  1.42481e+01 | 32 -0.10196 -2.00984e+00 | 33  0.11755  1.87065e+01
 34 -0.01465  4.10264e+00 | 35 -0.09310 -4.71451e+00 | 36 -0.23256 -6.30507e+00
 37 -0.09069 -6.03014e+00 | 38  0.04499  5.39021e+00 | 39  0.01862  8.22336e+00
 40  0.01261  1.67853e+00 | 41  0.13496  7.38915e+00 | 42  0.00151  2.92445e+00
 43 -0.06994  3.03080e+00 | 44 -0.07611 -1.18363e+00 | 45  0.06266 -1.92178e+00
 46 -0.01183  1.87078e-01 | 47 -0.06700 -9.64377e-01 | 48  0.08141  2.75767e+00
 49  0.05018 -3.25543e+00 | 50 -0.07362 -7.90746e+00 | 51 -0.02798 -3.55992e+00
 52 -0.04756 -1.03913e+00 | 53 -0.08301 -2.83631e+00 | 54  0.00790  5.04975e+00
 55  0.04079 -4.24329e-01 | 56 -0.04345 -4.01122e-01 | 57  0.12685  6.40659e+00
 58 -0.05645 -4.66388e+00 | 59  0.09266  5.28863e-01 | 60  0.09937  2.43060e+00
 61  0.05485 -7.61630e+00 | 62  0.12821  6.76945e+00 | 63 -0.07294 -5.52891e+00
 64 -0.05874 -1.35715e+01 | 65 -0.10927 -5.02412e+00 | 66 -0.09194 -4.56953e+00
 67  0.17509  5.86342e+00 | 68 -0.00999 -7.19953e+00 | 69 -0.61475 -4.79839e+00
 70 -0.07559  3.04532e+01 | 71  0.65244 -1.80230e+01 | 72 -0.68753 -1.74528e-02
 73  0.40956  7.04704e+01 | 74 -0.58841 -4.16248e-03 | 75  0.12903 -8.42318e+00
 76 -0.48735 -9.94890e+01 | 77  0.40391  4.73136e-04 | 78 -0.17165  5.49614e+01
 79  0.70522  1.35655e-03 |
79 variables; iteration 60; function evaluation 76; phase 6
Function value 2.0376508e+02; maximum gradient component mag 4.0466e+01
Var    Value     Gradient |Var    Value     Gradient |Var    Value     Gradient
  1  0.27446  1.31602e+00 |  2 -0.56393 -3.02300e+01 |  3 -0.49811 -2.28918e+01
  4 -0.20554  5.82904e+00 |  5 -0.03673  2.13015e+00 |  6  0.00006  8.27109e-02
  7 -0.00000  4.29109e-02 |  8 -0.00009  5.43790e-02 |  9 -0.00030  6.36524e-02
 10 -0.00071  6.63688e-02 | 11 -0.00139  6.30854e-02 | 12 -0.00263  2.76503e-02
 13 -0.00463 -4.18074e-02 | 14 -0.00749 -1.35217e-01 | 15 -0.01102 -1.81048e-01
 16 -0.01482 -1.00734e-01 | 17 -0.01934  8.50470e-02 | 18 -0.02593  1.50736e-01
 19 -0.03446 -3.06657e-02 | 20 -0.04090 -8.90714e-02 | 21 -0.04192 -2.36713e-02
 22 -0.03359  2.24084e-01 | 23 -0.02307 -1.44285e-01 | 24 -0.01233  1.80705e-01
 25  0.00701  2.38754e-02 | 26  0.13694  9.76791e-01 | 27  0.08158  1.78908e+00
 28  0.06790  1.52058e+00 | 29 -0.08925 -2.00738e-01 | 30 -0.12233  3.79675e-01
 31  0.10745  2.63463e+00 | 32 -0.10371 -7.72540e-01 | 33  0.11764  2.56267e+00
 34 -0.01611  2.28583e-01 | 35 -0.09118  4.77572e-01 | 36 -0.23230 -2.57018e-01
 37 -0.08923  3.27654e-01 | 38  0.04498  2.60855e-01 | 39  0.01746  1.45625e+00
 40  0.01267  4.71378e-01 | 41  0.13551 -7.32500e-01 | 42  0.00086  5.82185e-01
 43 -0.07183  1.28279e+00 | 44 -0.07730 -1.25733e-01 | 45  0.06370 -5.99138e-01
 46 -0.01271 -3.25833e-01 | 47 -0.06773  3.48009e-01 | 48  0.08157 -3.41528e-01
 49  0.05026 -1.04232e+00 | 50 -0.07266 -1.77979e+00 | 51 -0.02803 -7.90844e-01
 52 -0.04772 -6.81477e-02 | 53 -0.08281 -7.26005e-01 | 54  0.00751  5.39096e-01
 55  0.04130 -1.27142e+00 | 56 -0.04445 -5.95047e-01 | 57  0.12702 -2.43757e+00
 58 -0.05712 -1.57563e+00 | 59  0.09300 -8.23624e-01 | 60  0.09867 -3.49880e-01
 61  0.05641 -8.37005e-01 | 62  0.12763  7.46546e-01 | 63 -0.07310 -9.50835e-01
 64 -0.05670 -1.77339e+00 | 65 -0.10928  1.55681e-01 | 66 -0.09133  8.25841e-01
 67  0.17443  1.55512e+00 | 68 -0.00823  4.29240e-02 | 69 -0.61812 -2.25168e-01
 70 -0.07220  2.33483e+00 | 71  0.65243 -7.39275e+00 | 72 -0.67778 -9.57923e-03
 73  0.40953  4.04657e+01 | 74 -0.58641 -4.13545e-03 | 75  0.14221 -1.13657e+00
 76 -0.48650 -1.00059e+01 | 77  0.40480 -4.36120e-04 | 78 -0.17117  3.98835e+00
 79  0.70743 -1.09068e-03 |

 - final statistics:
79 variables; iteration 75; function evaluation 97
Function value 2.0375e+02; maximum gradient component mag -4.4697e-01
Exit code = 1;  converg criter 1.0000e+00
Var    Value     Gradient |Var    Value     Gradient |Var    Value     Gradient
  1  0.27474 -1.12039e-02 |  2 -0.56343 -4.46972e-01 |  3 -0.49845 -3.18232e-01
  4 -0.20657 -1.29526e-01 |  5 -0.03745 -2.93161e-01 |  6 -0.00055 -5.48188e-03
  7 -0.00047 -2.38217e-02 |  8 -0.00053 -8.70071e-03 |  9 -0.00064  1.33395e-02
 10 -0.00102  1.82044e-02 | 11 -0.00186 -1.04433e-02 | 12 -0.00306 -4.21860e-02
 13 -0.00405  2.77726e-02 | 14 -0.00647 -3.65497e-03 | 15 -0.00993 -4.42046e-02
 16 -0.01337  8.92827e-02 | 17 -0.01942  2.85168e-02 | 18 -0.02645  7.11555e-03
 19 -0.03396 -6.63005e-03 | 20 -0.03995  9.73364e-03 | 21 -0.04132  3.81153e-03
 22 -0.03432  2.32466e-03 | 23 -0.02157  1.63766e-03 | 24 -0.01287  1.23412e-02
 25  0.00739  4.12667e-04 | 26  0.13826  1.02475e-02 | 27  0.07877  1.27363e-02
 28  0.06867  7.17088e-03 | 29 -0.08876 -2.66726e-03 | 30 -0.12250  6.44997e-03
 31  0.10729  7.82707e-03 | 32 -0.10230 -3.80977e-03 | 33  0.11743 -9.25871e-04
 34 -0.01578  1.16321e-03 | 35 -0.09129  1.51935e-02 | 36 -0.23195  6.03580e-03
 37 -0.08930  9.02735e-03 | 38  0.04514 -4.98293e-03 | 39  0.01722  5.45430e-04
 40  0.01261 -1.16244e-03 | 41  0.13573 -2.18517e-02 | 42  0.00072 -9.29957e-04
 43 -0.07258  1.59347e-04 | 44 -0.07697  2.00505e-03 | 45  0.06371  2.90691e-04
 46 -0.01252 -1.35601e-02 | 47 -0.06812 -6.41502e-03 | 48  0.08170 -2.56766e-03
 49  0.05020 -1.08646e-02 | 50 -0.07185  4.26089e-03 | 51 -0.02809  3.32737e-03
 52 -0.04780 -5.84832e-03 | 53 -0.08255 -2.95247e-03 | 54  0.00736  9.99501e-04
 55  0.04140 -8.07034e-03 | 56 -0.04442 -5.15637e-03 | 57  0.12700 -2.39460e-02
 58 -0.05604 -6.83925e-03 | 59  0.09288 -8.70507e-03 | 60  0.09868 -1.81448e-03
 61  0.05670 -5.88035e-04 | 62  0.12752  3.80320e-04 | 63 -0.07278  3.74181e-03
 64 -0.05626  8.03459e-03 | 65 -0.10937  3.07440e-03 | 66 -0.09204  1.03817e-02
 67  0.17451  7.75644e-03 | 68 -0.01079  1.81649e-02 | 69 -0.61484 -8.10018e-02
 70 -0.06773  2.79608e-03 | 71  0.65292 -1.15634e-01 | 72 -0.64373 -5.82678e-03
 73  0.40947  3.00300e-01 | 74 -0.56860 -3.91350e-03 | 75  0.14270 -3.67354e-02
 76 -0.48572 -1.74746e-02 | 77  0.40711 -3.07600e-04 | 78 -0.17035  2.81064e-04
 79  0.71318 -7.29995e-04 |

Initial statistics: 173 variables; iteration 0; function evaluation 0; phase 7
Function value 2.0375014e+02; maximum gradient component mag 2.4234e+02
Var    Value     Gradient |Var    Value     Gradient |Var    Value     Gradient
  1  0.27474 -1.12039e-02 |  2 -0.56343 -4.46972e-01 |  3 -0.49845 -3.18232e-01
  4 -0.20657 -1.29526e-01 |  5 -0.03745 -2.93161e-01 |  6 -0.00055 -5.48188e-03
  7 -0.00047 -2.38217e-02 |  8 -0.00053 -8.70071e-03 |  9 -0.00064  1.33395e-02
 10 -0.00102  1.82044e-02 | 11 -0.00186 -1.04433e-02 | 12 -0.00306 -4.21860e-02
 13 -0.00405  2.77726e-02 | 14 -0.00647 -3.65497e-03 | 15 -0.00993 -4.42046e-02
 16 -0.01337  8.92827e-02 | 17 -0.01942  2.85168e-02 | 18 -0.02645  7.11555e-03
 19 -0.03396 -6.63005e-03 | 20 -0.03995  9.73364e-03 | 21 -0.04132  3.81153e-03
 22 -0.03432  2.32466e-03 | 23 -0.02157  1.63766e-03 | 24 -0.01287  1.23412e-02
 25  0.00739  4.12667e-04 | 26  0.13826  1.01164e-02 | 27  0.07877  1.26031e-02
 28  0.06867  7.03740e-03 | 29 -0.08876 -2.80022e-03 | 30 -0.12250  6.31818e-03
 31  0.10729  7.69471e-03 | 32 -0.10230 -3.94231e-03 | 33  0.11743 -1.05786e-03
 34 -0.01578  1.02899e-03 | 35 -0.09129  1.50607e-02 | 36 -0.23195  5.91035e-03
 37 -0.08930  8.89440e-03 | 38  0.04514 -5.11686e-03 | 39  0.01722  4.11214e-04
 40  0.01261 -1.29668e-03 | 41  0.13573 -2.19829e-02 | 42  0.00072 -1.06422e-03
 43 -0.07258  2.59537e-05 | 44 -0.07697  1.87176e-03 | 45  0.06371  1.57099e-04
 46 -0.01252 -1.36944e-02 | 47 -0.06812 -6.54852e-03 | 48  0.08170 -2.70082e-03
 49  0.05020 -1.09984e-02 | 50 -0.07185  4.12748e-03 | 51 -0.02809  3.19324e-03
 52 -0.04780 -5.98220e-03 | 53 -0.08255 -3.08561e-03 | 54  0.00736  8.65246e-04
 55  0.04140 -8.20432e-03 | 56 -0.04442 -5.29031e-03 | 57  0.12700 -2.40776e-02
 58 -0.05604 -6.97299e-03 | 59  0.09288 -8.83791e-03 | 60  0.09868 -1.94713e-03
 61  0.05670 -7.21768e-04 | 62  0.12752  2.48740e-04 | 63 -0.07278  3.60842e-03
 64 -0.05626  7.90085e-03 | 65 -0.10937  2.94211e-03 | 66 -0.09204  1.02488e-02
 67  0.17451  7.62719e-03 | 68 -0.01079  1.80307e-02 | 69 -0.61484 -8.10018e-02
 70 -0.06773  2.79608e-03 | 71  0.65292 -1.15634e-01 | 72 -0.64373 -5.82678e-03
 73  0.40947  3.00300e-01 | 74 -0.56860 -3.91350e-03 | 75  0.14270 -3.67354e-02
 76 -0.48572 -1.74746e-02 | 77  0.40711 -3.07600e-04 | 78 -0.17035  2.81064e-04
 79  0.71318 -7.29995e-04 | 80  0.00000  4.79101e+00 | 81  0.00000  7.72292e-01
 82  0.00000  6.78460e-01 | 83  0.00000 -1.82366e+00 | 84  0.00000  2.33750e+01
 85  0.00000  6.00010e+01 | 86  0.00000  6.08725e+01 | 87  0.00000 -9.51091e+01
 88  0.00000  1.09874e+02 | 89  0.00000 -6.12693e+01 | 90  0.00000  1.22545e+01
 91  0.00000  6.14160e+01 | 92  0.00000  6.76120e+01 | 93  0.00000  8.75940e+01
 94  0.00000  8.18398e-01 | 95  0.00000 -1.04050e+01 | 96  0.00000 -8.38963e+01
 97  0.00000  1.47151e+01 | 98  0.00000  8.12041e-01 | 99  0.00000  6.87442e+01
100  0.00000  2.79084e+01 |101  0.00000  3.48038e+01 |102  0.00000  1.41949e+02
103  0.00000 -1.79096e+02 |104  0.00000  1.13946e+01 |105  0.00000 -2.30596e+01
106  0.00000  1.35111e+01 |107  0.00000 -2.47457e+01 |108  0.00000 -6.37536e+01
109  0.00000 -1.05306e+02 |110  0.00000  3.87738e+01 |111  0.00000 -2.87846e+00
112  0.00000  2.90461e+01 |113  0.00000 -5.01619e+01 |114  0.00000 -7.64742e+01
115  0.00000  1.06563e+02 |116  0.00000 -5.01174e+01 |117  0.00000 -7.37474e+00
118  0.00000 -7.20071e-01 |119  0.00000  1.16065e+01 |120  0.00000  1.45448e+00
121  0.00000 -1.99369e+01 |122  0.00000  6.63505e-01 |123  0.00000 -7.99432e-15
124  0.00000  7.68924e-17 |125  0.00000  1.14310e-17 |126  0.00000  0.00000e+00
127  0.00000  8.58999e-01 |128  0.00000  1.01360e+01 |129  0.00000  1.15484e+01
130  0.00000 -4.73825e+00 |131  0.00000  1.33929e+01 |132  0.00000 -6.97794e+01
133  0.00000 -2.27457e+01 |134  0.00000  2.42339e+02 |135  0.00000  1.20431e+01
136  0.00000 -9.04891e+01 |137  0.00000  3.21825e+00 |138  0.00000 -4.19247e+01
139  0.00000 -1.62267e+01 |140  0.00000 -6.81466e+01 |141  0.00000 -6.19302e+01
142  0.00000 -3.25205e+01 |143  0.00000 -1.23168e+02 |144  0.00000 -2.73650e+01
145  0.00000  1.75844e+01 |146  0.00000  5.04733e+01 |147  0.00000  4.81721e+01
148  0.00000  1.02486e+02 |149  0.00000  2.40815e-01 |150  0.00000 -3.35500e+01
151  0.00000 -5.18770e+01 |152  0.00000 -2.39519e+01 |153  0.00000  6.54626e+00
154  0.00000  3.38027e+01 |155  0.00000  2.28308e+01 |156  0.00000  2.86345e+01
157  0.00000  1.08988e+02 |158  0.00000  4.01263e+01 |159  0.00000  2.22446e+01
160  0.00000  2.95327e+01 |161  0.00000 -9.32673e+00 |162  0.00000 -4.73440e+01
163  0.00000 -1.03608e+01 |164  0.00000 -6.08922e+01 |165  0.00000 -2.73364e+00
166  0.00000 -1.02299e+01 |167  0.00000  1.21147e+01 |168  0.00000  1.31979e-01
169  0.00000  1.15937e+00 |170  0.00000 -7.51140e-14 |171  0.00000  2.27879e-15
172  0.00000  2.80369e-16 |173  0.00000  0.00000e+00 |

Intermediate statistics: 173 variables; iteration 20; function evaluation 27; phase 7
Function value 1.3252132e+02; maximum gradient component mag 7.7240e+02
Var    Value     Gradient |Var    Value     Gradient |Var    Value     Gradient
  1  0.26750 -7.43435e+00 |  2 -0.57211  7.72401e+02 |  3 -0.48674  5.57395e+02
  4 -0.20293  3.66049e+02 |  5 -0.03230  1.97043e+02 |  6 -0.00054  1.57659e-02
  7 -0.00038  2.51092e-04 |  8 -0.00050  1.26083e-02 |  9 -0.00070  3.16721e-02
 10 -0.00111  4.81047e-02 | 11 -0.00185  5.72803e-02 | 12 -0.00294  7.61231e-02
 13 -0.00423  1.55830e-01 | 14 -0.00655  2.13597e-01 | 15 -0.00989  2.98049e-01
 16 -0.01389  4.86739e-01 | 17 -0.01973  6.30962e-01 | 18 -0.02670  8.23783e-01
 19 -0.03413  1.03737e+00 | 20 -0.04010  1.26429e+00 | 21 -0.04127  1.53250e+00
 22 -0.03394  2.08173e+00 | 23 -0.02053  3.16173e+00 | 24 -0.01098  4.23881e+00
 25  0.00917  5.44384e+00 | 26  0.11738  1.05766e+01 | 27  0.06905 -2.27157e+00
 28  0.02641 -1.39075e+01 | 29 -0.03084 -6.06670e+00 | 30 -0.08941  5.61059e+00
 31  0.08949  1.44691e+01 | 32 -0.04681 -2.16777e+01 | 33  0.09879  9.96568e+01
 34  0.01735  8.47122e+01 | 35 -0.11141  1.44867e+01 | 36 -0.23116 -2.08599e+00
 37 -0.05145  4.93093e+01 | 38  0.04242  9.10752e+01 | 39  0.01490  5.78208e+01
 40  0.01313  8.41456e+01 | 41  0.12252  2.36225e+02 | 42  0.01991  9.44098e+01
 43 -0.05389  3.53209e+01 | 44 -0.07342  2.29692e+01 | 45  0.07147  7.38233e+01
 46 -0.03305  2.75759e+01 | 47 -0.02896  4.42456e+01 | 48  0.09334  6.71862e+01
 49  0.02158 -2.31147e+01 | 50 -0.04588  4.23883e+00 | 51 -0.04663 -2.88798e+00
 52 -0.04909 -1.21236e+01 | 53 -0.09450 -1.65465e+01 | 54 -0.03497 -5.82824e+01
 55  0.04024 -6.26372e+01 | 56 -0.02304 -3.70964e+01 | 57  0.11246 -1.75933e+02
 58 -0.05369 -4.48981e+01 | 59  0.07074 -8.58211e+01 | 60  0.08687 -1.12212e+02
 61  0.09333 -3.03870e+01 | 62  0.11465 -8.11850e+01 | 63 -0.07812 -3.01435e+01
 64 -0.06795 -4.06326e+01 | 65 -0.11157 -2.87597e+01 | 66 -0.10383 -2.84733e+01
 67  0.13483 -6.24239e+01 | 68 -0.00945 -1.77393e+01 | 69 -0.61697  3.42317e+01
 70 -0.03946  2.45836e+01 | 71  0.65238  9.88526e+01 | 72 -0.64373  1.78874e-02
 73  0.40945 -5.96926e+02 | 74 -0.56864 -3.90195e-03 | 75  0.15842  2.83704e+01
 76 -0.54683  7.07147e+01 | 77  0.40711  3.42205e-03 | 78 -0.27182 -1.20876e+02
 79  0.71316  9.13679e-03 | 80 -0.01711  8.24155e+00 | 81 -0.00177  4.01779e-01
 82 -0.00083  1.89874e+00 | 83  0.00341  1.88079e+00 | 84 -0.03511  8.17078e+00
 85 -0.00798  4.64424e+01 | 86 -0.12683 -8.00273e+00 | 87  0.01968 -6.79501e+01
 88 -0.06075  4.74921e+01 | 89  0.03881 -1.92482e+01 | 90 -0.02417  1.19552e+01
 91 -0.07967 -2.08176e-01 | 92 -0.03310  2.81242e+01 | 93 -0.05171  4.52718e+01
 94 -0.03870  3.43330e+00 | 95  0.00170  1.96062e+01 | 96  0.07641 -6.29749e+00
 97 -0.05333  1.51262e+01 | 98 -0.01776  9.24946e+00 | 99 -0.05565  3.36591e+01
100 -0.05268  4.59310e+00 |101 -0.07129  7.19070e+00 |102 -0.07686  7.35560e+01
103  0.03431 -7.93612e+01 |104 -0.05590 -6.81122e-01 |105  0.02697  2.23002e+00
106 -0.02393  3.67030e+00 |107  0.04415  5.58154e+00 |108  0.04596 -1.86891e+01
109  0.05689 -2.98834e+01 |110 -0.03348  2.26933e+01 |111 -0.01183 -4.18076e+01
112 -0.06002 -4.31221e+00 |113  0.03694 -1.05996e+01 |114  0.05168 -2.02465e+01
115 -0.11982 -3.09478e+01 |116  0.00979 -1.82076e+01 |117 -0.00573 -1.10493e+00
118  0.00800  2.52838e+00 |119 -0.02373 -1.47513e+00 |120 -0.00388 -1.51597e+00
121  0.02250 -3.90986e+01 |122 -0.00135 -1.96980e-02 |123  0.00000 -2.85171e-14
124 -0.00000  1.80822e-16 |125 -0.00000  3.81585e-17 |126  0.00000  0.00000e+00
127 -0.00888  2.42929e+01 |128 -0.02574  3.69725e+00 |129 -0.02199  1.40269e+01
130  0.00454  2.33021e+01 |131  0.01753  2.36716e+01 |132  0.02707 -3.13931e+01
133  0.03178  5.38146e+00 |134 -0.02560  6.10651e+01 |135  0.05224  4.89941e+01
136 -0.01119 -5.55402e+01 |137  0.01672  5.15403e+01 |138  0.00629 -1.18053e+01
139  0.02126  9.56201e+00 |140  0.01354 -5.81782e+00 |141  0.00180  2.80981e+01
142 -0.01322  9.01055e+00 |143  0.01637 -2.15656e+01 |144  0.02060  8.31892e+01
145  0.00151  5.34980e+01 |146 -0.02274  4.96767e+01 |147 -0.01541  4.26210e+01
148 -0.00849  5.75154e+01 |149 -0.00841  7.94178e+00 |150  0.03214  1.15640e+01
151 -0.00325  1.06953e+01 |152 -0.00083  1.24590e+01 |153 -0.01262  1.26504e+01
154 -0.01061  3.07556e+01 |155 -0.00953  1.87997e+01 |156 -0.03078  1.18835e+01
157  0.00198  7.08498e+01 |158 -0.00188 -1.24288e+00 |159  0.02184  1.65766e+01
160 -0.01700 -1.59998e+00 |161  0.00734 -6.88384e+00 |162  0.02790 -1.95500e+01
163 -0.00511 -1.07182e+01 |164  0.04241 -1.22677e+01 |165 -0.00963 -1.31057e+01
166 -0.00219 -5.25839e+00 |167 -0.03574 -2.14514e+00 |168 -0.00410 -9.36182e-02
169 -0.00480  1.95343e-01 |170  0.00000 -2.54675e-13 |171 -0.00000  4.06155e-15
172 -0.00000  1.07508e-15 |173  0.00000  0.00000e+00 |
