
Initial statistics: 63 variables; iteration 0; function evaluation 0; phase 1
Function value 2.3679790e+03; maximum gradient component mag -5.5606e+04
Var    Value     Gradient |Var    Value     Gradient |Var    Value     Gradient
  1 -0.32528 -5.56064e+04 |  2 -0.03910 -2.46042e+03 |  3  0.00000 -9.68399e-01
  4  0.00000 -5.17415e-01 |  5  0.00000 -7.84583e-01 |  6  0.00000 -1.18766e+00
  7  0.00000 -1.79111e+00 |  8  0.00000 -2.67942e+00 |  9  0.00000 -3.99320e+00
 10  0.00000 -5.90361e+00 | 11  0.00000 -8.67292e+00 | 12  0.00000 -1.26418e+01
 13  0.00000 -1.82266e+01 | 14  0.00000 -2.58901e+01 | 15  0.00000 -3.64120e+01
 16  0.00000 -5.07287e+01 | 17  0.00000 -6.99306e+01 | 18  0.00000 -9.53838e+01
 19  0.00000 -1.28777e+02 | 20  0.00000 -1.72172e+02 | 21  0.00000 -2.29321e+02
 22  0.00000 -3.06821e+02 | 23  0.00000  3.11909e+03 | 24  0.00000  2.95415e+03
 25  0.00000  2.85398e+03 | 26  0.00000  2.88486e+03 | 27  0.00000  2.74358e+03
 28  0.00000  1.92982e+03 | 29  0.00000  2.10158e+03 | 30  0.00000  1.69773e+03
 31  0.00000  2.27708e+03 | 32  0.00000  2.77053e+03 | 33  0.00000  2.92927e+03
 34  0.00000  2.30699e+03 | 35  0.00000  1.32646e+03 | 36  0.00000  8.44666e+02
 37  0.00000  3.79568e+02 | 38  0.00000 -1.38598e+02 | 39  0.00000  2.99860e+02
 40  0.00000  9.69399e+02 | 41  0.00000  1.01944e+03 | 42  0.00000  5.68216e+02
 43  0.00000  5.71521e+02 | 44  0.00000  4.23015e+02 | 45  0.00000 -1.70009e+02
 46  0.00000 -5.78686e+01 | 47  0.00000  5.77827e+02 | 48  0.00000  5.44850e+02
 49  0.00000  3.48780e+02 | 50  0.00000 -4.61940e+01 | 51  0.00000 -1.05668e+03
 52  0.00000 -1.90522e+03 | 53  0.00000 -2.38546e+03 | 54  0.00000 -3.26922e+03
 55  0.00000 -2.87645e+03 | 56  0.00000 -2.92284e+03 | 57  0.00000 -4.91170e+03
 58  0.00000 -1.01299e+04 | 59  0.00000 -1.16950e+04 | 60  0.00000 -4.98977e+03
 61  0.00000  9.33492e+02 | 62  0.00000  3.34016e+03 | 63  0.00000  3.83898e+03

Intermediate statistics: 63 variables; iteration 20; function evaluation 30; phase 1
Function value 2.7852427e+02; maximum gradient component mag 3.4317e+03
Var    Value     Gradient |Var    Value     Gradient |Var    Value     Gradient
  1 -0.31762  3.43171e+03 |  2 -0.02476  8.13447e+02 |  3 -0.00079  2.44203e-01
  4 -0.00042  1.31038e-01 |  5 -0.00064  1.98726e-01 |  6 -0.00098  3.00827e-01
  7 -0.00148  4.53391e-01 |  8 -0.00224  6.78256e-01 |  9 -0.00337  1.00697e+00
 10 -0.00503  1.48185e+00 | 11 -0.00738  2.15377e+00 | 12 -0.01073  3.08776e+00
 13 -0.01520  4.33556e+00 | 14 -0.02076  5.94005e+00 | 15 -0.02721  7.99316e+00
 16 -0.03347  1.06259e+01 | 17 -0.03742  1.41109e+01 | 18 -0.03584  1.89724e+01
 19 -0.02636  2.59811e+01 | 20 -0.01098  3.58662e+01 | 21  0.00702  4.92916e+01
 22  0.03277  6.78233e+01 | 23  0.09719 -4.24072e+01 | 24  0.09520  2.66411e+00
 25  0.04983 -1.25306e+01 | 26 -0.05384 -7.90764e+01 | 27 -0.08632 -8.48182e+01
 28  0.09614  1.48255e+02 | 29 -0.02672  1.70453e+01 | 30  0.10097  1.76608e+02
 31  0.00512  1.33838e+01 | 32 -0.10665 -1.52393e+02 | 33 -0.32478 -2.20039e+02
 34 -0.07542 -1.13265e+02 | 35  0.05229  8.16874e+01 | 36  0.02815  2.45449e+01
 37  0.03472 -4.99768e+00 | 38  0.11448  2.93440e+01 | 39  0.02225  1.03905e+01
 40 -0.06575 -6.83800e+01 | 41 -0.05252 -2.20966e+01 | 42  0.06981  2.88418e+02
 43  0.00279  1.40611e+02 | 44 -0.03423  8.20597e+01 | 45  0.09557  5.07137e+02
 46  0.06639  3.38174e+02 | 47 -0.05358 -1.37051e+01 | 48 -0.02293  2.72157e+01
 49 -0.03777  4.24121e+01 | 50 -0.06013  5.55942e+01 | 51  0.02625  2.77373e+02
 52  0.05544  2.75063e+02 | 53  0.00007  7.53979e+01 | 54  0.12297  7.91994e+01
 55 -0.01941 -1.49216e+02 | 56  0.07123 -2.57697e+02 | 57  0.10636 -1.87528e+02
 58  0.07239 -1.12598e+02 | 59  0.14840 -1.00728e+01 | 60 -0.30300 -3.32396e+02
 61 -0.13247 -3.16368e+02 | 62 -0.12874 -2.68287e+02 | 63  0.02572 -2.25062e+02
63 variables; iteration 40; function evaluation 55; phase 1
Function value 2.1680219e+02; maximum gradient component mag 5.7400e+02
Var    Value     Gradient |Var    Value     Gradient |Var    Value     Gradient
  1 -0.31374  5.74003e+02 |  2 -0.03889  1.92781e+02 |  3 -0.00013  2.04807e-01
  4 -0.00008  1.08074e-01 |  5 -0.00012  1.64149e-01 |  6 -0.00017  2.49721e-01
  7 -0.00026  3.78270e-01 |  8 -0.00042  5.68202e-01 |  9 -0.00076  8.32969e-01
 10 -0.00154  1.18175e+00 | 11 -0.00332  1.57884e+00 | 12 -0.00714  1.92739e+00
 13 -0.01455  1.97594e+00 | 14 -0.02805  1.20519e+00 | 15 -0.05146 -1.24838e+00
 16 -0.08311 -5.31705e+00 | 17 -0.09194 -5.37059e+00 | 18 -0.03362  8.92319e+00
 19  0.02467  2.64191e+01 | 20  0.03336  2.87703e+01 | 21  0.01927  2.22291e+01
 22  0.02632  1.87003e+01 | 23  0.07883  1.46330e+01 | 24  0.09770  3.37084e+01
 25  0.02826  1.84587e+01 | 26 -0.06351  2.87130e+01 | 27 -0.07898  6.83931e+01
 28  0.09119  8.40476e+01 | 29 -0.03547  1.10587e+02 | 30  0.10640  1.37123e+02
 31 -0.02133  1.28367e+01 | 32 -0.11247 -8.23669e+00 | 33 -0.17500  3.34502e+01
 34 -0.10099 -1.63624e+01 | 35  0.04337  2.65559e+01 | 36  0.02231  8.77715e+01
 37  0.05001  1.47445e+02 | 38  0.11876  3.89462e+01 | 39  0.00567  3.56031e+01
 40 -0.05255  5.13965e+01 | 41 -0.06077  1.22999e+01 | 42  0.04512 -7.60290e+01
 43  0.00078  3.07913e+01 | 44 -0.04300  3.55808e+01 | 45  0.07625 -2.81074e+01
 46  0.04738 -3.84608e+01 | 47 -0.06705 -2.56618e+01 | 48 -0.03469 -5.50818e+01
 49 -0.04937 -5.18052e+01 | 50 -0.08261 -4.45310e+01 | 51  0.00746 -4.01740e+01
 52  0.04446  4.20024e+01 | 53 -0.00846  1.06268e+02 | 54  0.12165  1.16774e+02
 55 -0.00671  9.45452e+01 | 56  0.10319  1.27866e+02 | 57  0.11003 -3.74263e+00
 58  0.03481 -1.59436e+02 | 59  0.11289 -2.58945e+02 | 60 -0.18349 -1.53094e+02
 61 -0.10014 -8.98272e+01 | 62 -0.06991 -3.83743e+01 | 63  0.01019 -2.51810e+01
63 variables; iteration 60; function evaluation 83; phase 1
Function value 1.8983209e+02; maximum gradient component mag -2.0188e+02
Var    Value     Gradient |Var    Value     Gradient |Var    Value     Gradient
  1 -0.32709 -2.01882e+02 |  2 -0.03734  9.56839e+00 |  3 -0.00419 -4.18147e-01
  4 -0.00364 -4.18763e-01 |  5 -0.00414 -4.41945e-01 |  6 -0.00389 -3.37156e-01
  7 -0.00269 -6.01276e-02 |  8 -0.00155  2.67508e-01 |  9 -0.00197  4.50359e-01
 10 -0.00390  5.27164e-01 | 11 -0.00931  2.25695e-01 | 12 -0.02377 -1.30274e+00
 13 -0.03458 -2.13442e+00 | 14 -0.03971 -1.88526e+00 | 15 -0.02586  1.96915e+00
 16 -0.02421  3.96149e+00 | 17 -0.03303  3.48221e+00 | 18 -0.05481 -8.41984e-01
 19 -0.06159 -3.77709e+00 | 20 -0.04799 -4.00587e+00 | 21 -0.02926 -2.96185e+00
 22  0.00251 -2.12654e+00 | 23  0.11145  6.96838e+00 | 24  0.08656  1.32368e+01
 25  0.05092  1.44033e+01 | 26 -0.07369  1.99078e+01 | 27 -0.11807  2.04643e+01
 28  0.10736  1.85457e+01 | 29 -0.08846  2.25984e+01 | 30  0.11397  7.15635e+00
 31 -0.01042  2.24201e+01 | 32 -0.09577  1.27300e+01 | 33 -0.25480 -3.29321e-01
 34 -0.08007  1.29596e+01 | 35  0.05237  5.50952e+00 | 36  0.02335  2.61904e+00
 37  0.01609  2.02590e+00 | 38  0.14081  9.53893e+00 | 39  0.00702  1.47183e+01
 40 -0.07688 -1.37096e+00 | 41 -0.07756 -5.67897e-01 | 42  0.07364 -2.82859e+00
 43 -0.01478 -1.61128e+01 | 44 -0.06517 -8.71529e+00 | 45  0.08707 -2.73609e+01
 46  0.05402 -9.69359e+00 | 47 -0.07362 -6.28014e+00 | 48 -0.02299 -5.29561e+00
 49 -0.04243 -3.58942e+00 | 50 -0.07843 -4.71038e+00 | 51  0.01725 -5.84914e+00
 52  0.04870 -1.52813e+01 | 53 -0.04134 -1.00978e+01 | 54  0.13755 -1.62128e+01
 55 -0.05276  3.40662e+00 | 56  0.09800 -2.42640e+01 | 57  0.11084 -1.67299e+01
 58  0.05166 -5.66042e+01 | 59  0.12250 -5.70354e+01 | 60 -0.10430 -2.54470e+01
 61 -0.08037  7.26276e+00 | 62 -0.07246  1.61171e+01 | 63  0.00732  1.51128e+01
Maximum number of function evaluations exceeded

 - final statistics:
63 variables; iteration 71; function evaluation 100
Function value 1.8878e+02; maximum gradient component mag -1.9264e+02
Exit code = 3;  converg criter 1.0000e+01
Var    Value     Gradient |Var    Value     Gradient |Var    Value     Gradient
  1 -0.33066 -1.92638e+02 |  2 -0.03804 -1.95138e+01 |  3 -0.00261 -2.01109e-01
  4  0.00325  5.43716e-01 |  5 -0.00195 -1.38950e-01 |  6 -0.00101  6.28357e-02
  7  0.00237  6.48241e-01 |  8 -0.00665 -4.76772e-01 |  9 -0.00345  2.11326e-01
 10 -0.01419 -1.02208e+00 | 11 -0.00735  4.71902e-01 | 12 -0.01290  3.16857e-01
 13 -0.02024  7.59221e-02 | 14 -0.02918 -2.49700e-01 | 15 -0.03611 -7.36770e-02
 16 -0.04891 -9.81631e-01 | 17 -0.05289 -6.62341e-01 | 18 -0.05268 -5.42583e-01
 19 -0.04433 -4.84625e-01 | 20 -0.03141 -7.08318e-01 | 21 -0.02257 -1.29369e+00
 22 -0.00110 -1.90168e+00 | 23  0.12384  7.19791e+00 | 24  0.07366  8.35132e+00
 25  0.06099  6.07909e+00 | 26 -0.08374  7.92810e+00 | 27 -0.12705  6.97722e+00
 28  0.11039  2.77141e-01 | 29 -0.10517  6.58487e+00 | 30  0.11902 -1.16907e-01
 31 -0.01500  3.31120e+00 | 32 -0.09643  4.93024e+00 | 33 -0.23786  5.98268e+00
 34 -0.08330  4.02924e+00 | 35  0.05437  1.11457e+00 | 36  0.02509  2.12629e+00
 37  0.01703 -3.27263e-01 | 38  0.14297 -5.42941e+00 | 39  0.00160 -9.29401e-04
 40 -0.06995  2.81867e+00 | 41 -0.07448  3.23859e+00 | 42  0.07245 -1.13691e+00
 43 -0.00836  2.34336e+00 | 44 -0.06453  3.10381e+00 | 45  0.09004  3.25541e+00
 46  0.05413  1.85792e+00 | 47 -0.06937  2.68600e+00 | 48 -0.02196  1.54749e+00
 49 -0.04150  2.86214e-01 | 50 -0.07660 -5.22752e-01 | 51  0.01755 -2.59234e+00
 52  0.05084 -1.89797e+00 | 53 -0.04019 -4.00618e+00 | 54  0.14015 -3.45918e+00
 55 -0.06808 -3.51533e+00 | 56  0.10484  1.74270e-01 | 57  0.10882 -7.64251e+00
 58  0.05951 -2.45016e+01 | 59  0.12436 -3.10520e+01 | 60 -0.09656 -1.27682e+01
 61 -0.08305  2.46777e+00 | 62 -0.07809  1.16333e+01 | 63 -0.01216  1.34663e+01

Initial statistics: 68 variables; iteration 0; function evaluation 0; phase 2
Function value 1.8877599e+02; maximum gradient component mag 8.5188e+02
Var    Value     Gradient |Var    Value     Gradient |Var    Value     Gradient
  1 -0.38041 -2.43532e+01 |  2  0.29696 -1.72534e+02 |  3  0.11318  2.53561e+02
  4 -0.56978  8.51877e+02 |  5 -0.49467  7.49585e+02 |  6 -0.33066 -1.92638e+02
  7 -0.03804 -1.95138e+01 |  8 -0.00261 -2.01109e-01 |  9  0.00325  5.43716e-01
 10 -0.00195 -1.38950e-01 | 11 -0.00101  6.28357e-02 | 12  0.00237  6.48241e-01
 13 -0.00665 -4.76772e-01 | 14 -0.00345  2.11326e-01 | 15 -0.01419 -1.02208e+00
 16 -0.00735  4.71902e-01 | 17 -0.01290  3.16857e-01 | 18 -0.02024  7.59221e-02
 19 -0.02918 -2.49700e-01 | 20 -0.03611 -7.36770e-02 | 21 -0.04891 -9.81631e-01
 22 -0.05289 -6.62341e-01 | 23 -0.05268 -5.42583e-01 | 24 -0.04433 -4.84625e-01
 25 -0.03141 -7.08318e-01 | 26 -0.02257 -1.29369e+00 | 27 -0.00110 -1.90168e+00
 28  0.12383  6.84254e+00 | 29  0.07364  7.99153e+00 | 30  0.06098  5.71853e+00
 31 -0.08375  7.56898e+00 | 32 -0.12706  6.62216e+00 | 33  0.11037 -7.96537e-02
 34 -0.10518  6.22756e+00 | 35  0.11901 -4.72823e-01 | 36 -0.01502  2.94908e+00
 37 -0.09644  4.57215e+00 | 38 -0.23788  5.64540e+00 | 39 -0.08331  3.67010e+00
 40  0.05436  7.53662e-01 | 41  0.02508  1.76434e+00 | 42  0.01702 -6.89360e-01
 43  0.14296 -5.78256e+00 | 44  0.00159 -3.63155e-01 | 45 -0.06996  2.45862e+00
 46 -0.07449  2.87884e+00 | 47  0.07244 -1.49680e+00 | 48 -0.00837  1.98117e+00
 49 -0.06454  2.74344e+00 | 50  0.09003  2.89681e+00 | 51  0.05412  1.49700e+00
 52 -0.06938  2.32592e+00 | 53 -0.02198  1.18548e+00 | 54 -0.04151 -7.52426e-02
 55 -0.07661 -8.82358e-01 | 56  0.01754 -2.95443e+00 | 57  0.05083 -2.25904e+00
 58 -0.04021 -4.36768e+00 | 59  0.14014 -3.81268e+00 | 60 -0.06810 -3.87548e+00
 61  0.10483 -1.83056e-01 | 62  0.10881 -7.99948e+00 | 63  0.05950 -2.48623e+01
 64  0.12435 -3.14075e+01 | 65 -0.09657 -1.31262e+01 | 66 -0.08306  2.10861e+00
 67 -0.07810  1.12738e+01 | 68 -0.01217  1.31041e+01 |

Intermediate statistics: 68 variables; iteration 20; function evaluation 25; phase 2
Function value 1.7703809e+02; maximum gradient component mag -4.6542e+02
Var    Value     Gradient |Var    Value     Gradient |Var    Value     Gradient
  1 -0.25411  7.46606e+01 |  2  0.38982 -2.79301e+00 |  3  0.08798  1.37294e+02
  4 -0.54090  4.36327e+02 |  5 -0.51723  3.97375e+02 |  6 -0.30164 -4.65421e+02
  7 -0.03972 -6.41484e+01 |  8 -0.00105 -3.69628e-02 |  9 -0.00022  3.07706e-02
 10 -0.00087 -2.70128e-02 | 11 -0.00119 -1.95370e-02 | 12 -0.00154  1.16475e-02
 13 -0.00309 -8.50260e-02 | 14 -0.00420 -5.95315e-02 | 15 -0.00683 -1.64020e-01
 16 -0.00924 -1.15347e-01 | 17 -0.01351 -1.72252e-01 | 18 -0.01911 -2.32713e-01
 19 -0.02599 -2.85584e-01 | 20 -0.03395 -3.18390e-01 | 21 -0.04208 -3.22260e-01
 22 -0.04855 -3.10489e-01 | 23 -0.05008 -3.04023e-01 | 24 -0.04363 -3.70546e-01
 25 -0.03180 -4.80465e-01 | 26 -0.02203 -3.62378e-01 | 27  0.00067 -2.40313e-01
 28  0.11835  3.64449e+01 | 29  0.07921  3.28395e+01 | 30  0.06451  2.67679e+01
 31 -0.08621  2.93849e+01 | 32 -0.12900  3.29339e+01 | 33  0.10783  4.36820e+01
 34 -0.10003  5.05934e+01 | 35  0.12071  5.05980e+01 | 36 -0.01194  3.83232e+01
 37 -0.09142  2.35312e+01 | 38 -0.23084  3.24408e+01 | 39 -0.08394  2.58263e+01
 40  0.04798 -2.82039e+01 | 41  0.02206 -1.07880e+01 | 42  0.01819 -4.88453e+00
 43  0.13819 -7.83495e+01 | 44  0.00716  2.70785e+00 | 45 -0.06684  2.13419e+01
 46 -0.07112  1.87212e+01 | 47  0.06525 -4.36804e+01 | 48 -0.00696 -5.47464e+00
 49 -0.06374  1.55483e+01 | 50  0.08746 -1.63083e+01 | 51  0.05450 -1.20490e+01
 52 -0.06709  1.81720e+01 | 53 -0.02313  5.56238e+00 | 54 -0.04289  2.79189e+00
 55 -0.07695  6.41799e+00 | 56  0.01077 -3.16951e+01 | 57  0.04637 -3.71968e+01
 58 -0.03875  1.37526e+01 | 59  0.13469 -3.81278e+01 | 60 -0.05639  1.91433e+01
 61  0.10122 -1.01383e+00 | 62  0.10515 -2.99034e+00 | 63  0.06453  1.55162e+01
 64  0.12144 -1.74491e+01 | 65 -0.08788  2.99537e+01 | 66 -0.08354  3.27560e+01
 67 -0.07937  3.94270e+01 | 68 -0.00688  4.08336e+01 |
68 variables; iteration 40; function evaluation 47; phase 2
Function value 1.7452198e+02; maximum gradient component mag -1.3314e+02
Var    Value     Gradient |Var    Value     Gradient |Var    Value     Gradient
  1 -0.25095  2.94277e+01 |  2  0.39797 -9.48833e+00 |  3  0.07270  4.51003e+00
  4 -0.53492  2.46141e+01 |  5 -0.52208  4.29660e+01 |  6 -0.29774 -1.33141e+02
  7 -0.03751 -2.73611e+01 |  8 -0.00113 -4.92617e-02 |  9  0.00013  8.01940e-02
 10 -0.00092 -3.43204e-02 | 11 -0.00110 -6.95487e-03 | 12 -0.00103  8.27951e-02
 13 -0.00334 -1.20934e-01 | 14 -0.00393 -2.07776e-02 | 15 -0.00760 -2.74239e-01
 16 -0.00875 -3.89820e-02 | 17 -0.01323 -1.23888e-01 | 18 -0.01921 -2.39079e-01
 19 -0.02657 -3.68410e-01 | 20 -0.03448 -3.94551e-01 | 21 -0.04333 -5.37131e-01
 22 -0.04915 -4.28610e-01 | 23 -0.04972 -2.68178e-01 | 24 -0.04202 -1.21500e-01
 25 -0.02990 -1.79428e-01 | 26 -0.02104 -2.84832e-01 | 27  0.01131  9.80840e-01
 28  0.11598  7.81546e+00 | 29  0.08689  5.09037e+00 | 30  0.05305 -2.06113e-01
 31 -0.07593  1.04102e+01 | 32 -0.12901  6.35467e+00 | 33  0.10603  5.88113e-01
 34 -0.10378  1.61431e+01 | 35  0.11862 -1.49070e+00 | 36 -0.01426  7.98393e+00
 37 -0.09031 -1.82219e-01 | 38 -0.23409  4.31500e+00 | 39 -0.08613  3.46486e+00
 40  0.05078 -8.72807e+00 | 41  0.02119 -9.70279e+00 | 42  0.01736 -5.68067e+00
 43  0.14054 -2.17523e+01 | 44  0.00417 -2.01630e+00 | 45 -0.06804  3.90881e+00
 46 -0.07131  5.23837e+00 | 47  0.06833 -1.07541e+01 | 48 -0.00823 -4.73782e+00
 49 -0.06372  1.92092e+00 | 50  0.08733 -3.27572e+00 | 51  0.05379 -6.27203e+00
 52 -0.06616  7.36939e+00 | 53 -0.02153  6.39903e+00 | 54 -0.04524 -4.86065e+00
 55 -0.07705  2.58349e+00 | 56  0.01367  2.49871e+00 | 57  0.04664 -7.22523e+00
 58 -0.03794  6.46104e+00 | 59  0.13306 -4.49329e+00 | 60 -0.04458  1.28730e+01
 61  0.09831  1.93535e+00 | 62  0.10656  4.08572e+00 | 63  0.06205  3.01565e+00
 64  0.12284 -9.06589e-01 | 65 -0.08656  9.42375e+00 | 66 -0.08518  5.62427e+00
 67 -0.08698  5.53177e+00 | 68 -0.01153  9.90773e+00 |
68 variables; iteration 60; function evaluation 78; phase 2
Function value 1.7416138e+02; maximum gradient component mag -3.8729e+01
Var    Value     Gradient |Var    Value     Gradient |Var    Value     Gradient
  1 -0.25369  4.92796e+00 |  2  0.40746 -1.41800e+00 |  3  0.06723 -1.21288e+01
  4 -0.53083 -3.87286e+01 |  5 -0.52645 -2.91345e+01 |  6 -0.29774 -1.32665e+01
  7 -0.03645 -1.00189e+00 |  8 -0.00021  8.27616e-02 |  9 -0.00013  4.45958e-02
 10 -0.00025  6.35767e-02 | 11 -0.00053  7.83393e-02 | 12 -0.00089  1.11021e-01
 13 -0.00233  3.49818e-02 | 14 -0.00384  9.72224e-03 | 15 -0.00483  1.55348e-01
 16 -0.00927 -7.90295e-02 | 17 -0.01191  1.34270e-01 | 18 -0.01691  2.05146e-01
 19 -0.02601 -1.70203e-01 | 20 -0.03428 -2.18995e-01 | 21 -0.04196 -1.08174e-01
 22 -0.04847 -8.79179e-02 | 23 -0.04857  1.84740e-01 | 24 -0.04417 -2.75384e-01
 25 -0.03073 -5.93643e-02 | 26 -0.02090 -4.44112e-02 | 27  0.00242 -8.09416e-02
 28  0.11976  5.89373e-01 | 29  0.07906  9.33162e-01 | 30  0.06200  8.15610e-01
 31 -0.08654  7.82570e-01 | 32 -0.12600  5.59257e-01 | 33  0.10665 -2.85783e-01
 34 -0.11451  1.24512e+00 | 35  0.11975 -7.10004e-01 | 36 -0.01841  6.33050e-03
 37 -0.08723  9.44673e-01 | 38 -0.22853  8.82650e-01 | 39 -0.08687 -1.51981e-01
 40  0.05082 -7.03674e-01 | 41  0.02247 -3.82626e-01 | 42  0.01795 -5.12500e-01
 43  0.14044 -3.35717e+00 | 44  0.00429 -5.46449e-01 | 45 -0.06769  2.06932e-01
 46 -0.07214  9.32188e-02 | 47  0.06887 -1.53803e+00 | 48 -0.00758 -3.94002e-01
 49 -0.06239 -1.44442e-02 | 50  0.08652 -1.95080e+00 | 51  0.05482 -5.65318e-01
 52 -0.06702  2.54061e-01 | 53 -0.02313 -6.96921e-01 | 54 -0.04246 -3.16299e-01
 55 -0.07718 -1.39756e-01 | 56  0.01281 -7.15301e-01 | 57  0.04785 -9.61569e-02
 58 -0.03907 -7.91275e-02 | 59  0.13394 -1.64275e+00 | 60 -0.05134 -1.49114e-02
 61  0.09988  5.29146e-01 | 62  0.10581 -5.36114e-02 | 63  0.06230  5.53479e-01
 64  0.12285  7.59720e-01 | 65 -0.08744  9.70429e-01 | 66 -0.08438  6.79617e-01
 67 -0.08351  1.08255e+00 | 68 -0.00749  1.08994e+00 |

 - final statistics:
68 variables; iteration 72; function evaluation 98
Function value 1.7415e+02; maximum gradient component mag -9.4462e+00
Exit code = 1;  converg criter 1.0000e+01
Var    Value     Gradient |Var    Value     Gradient |Var    Value     Gradient
  1 -0.25380  1.57605e+00 |  2  0.40786 -8.03410e-02 |  3  0.06267 -3.04560e+00
  4 -0.52819 -9.44622e+00 |  5 -0.52773 -7.35739e+00 |  6 -0.29798 -5.25496e+00
  7 -0.03645 -6.22366e-01 |  8 -0.00105 -3.48483e-02 |  9 -0.00041  6.14584e-03
 10 -0.00087 -2.40650e-02 | 11 -0.00138 -4.25490e-02 | 12 -0.00185 -2.53391e-02
 13 -0.00265 -1.25443e-02 | 14 -0.00354  5.06120e-02 | 15 -0.00619 -4.70815e-02
 16 -0.00836  5.20913e-02 | 17 -0.01288 -2.05465e-02 | 18 -0.01884 -1.09738e-01
 19 -0.02461  5.47129e-02 | 20 -0.03284  2.44686e-02 | 21 -0.04086  8.82512e-02
 22 -0.04768  6.13149e-02 | 23 -0.04997 -7.94477e-02 | 24 -0.04245  5.14687e-02
 25 -0.03125 -1.41543e-01 | 26 -0.02122 -8.67398e-02 | 27  0.00226 -1.02644e-01
 28  0.11994 -1.77117e-01 | 29  0.07801 -1.25701e-01 | 30  0.06267 -5.31494e-02
 31 -0.08653  1.93319e-01 | 32 -0.12568  2.41946e-01 | 33  0.10679 -3.33901e-01
 34 -0.11522  2.21420e-01 | 35  0.11984 -5.68213e-01 | 36 -0.01809  7.57769e-02
 37 -0.08734  1.39583e-01 | 38 -0.22863  3.25606e-01 | 39 -0.08647  1.17985e-01
 40  0.05082 -2.85133e-01 | 41  0.02255 -1.76579e-01 | 42  0.01799 -1.00101e-01
 43  0.14053 -7.79185e-01 | 44  0.00435 -3.78127e-02 | 45 -0.06769  1.15319e-01
 46 -0.07204  1.32426e-01 | 47  0.06891 -3.17001e-01 | 48 -0.00751  6.40749e-03
 49 -0.06228  1.40351e-01 | 50  0.08661 -3.59047e-01 | 51  0.05479 -1.69094e-01
 52 -0.06702  1.74842e-01 | 53 -0.02291  8.47085e-02 | 54 -0.04238  1.80991e-01
 55 -0.07704  1.78543e-01 | 56  0.01290 -1.17131e-01 | 57  0.04781 -1.43014e-01
 58 -0.03887  1.11059e-01 | 59  0.13395 -4.11085e-01 | 60 -0.05068  2.07907e-01
 61  0.09972 -1.04336e-02 | 62  0.10601  1.75279e-01 | 63  0.06238  2.81557e-01
 64  0.12294  2.54885e-01 | 65 -0.08746  3.08823e-01 | 66 -0.08427  2.87870e-01
 67 -0.08371  3.65138e-01 | 68 -0.00970  2.96420e-01 |

Initial statistics: 76 variables; iteration 0; function evaluation 0; phase 3
Function value 1.7415401e+02; maximum gradient component mag 3.7765e+02
Var    Value     Gradient |Var    Value     Gradient |Var    Value     Gradient
  1 -0.25380  1.57605e+00 |  2  0.40786 -8.03410e-02 |  3  0.06267 -3.04560e+00
  4 -0.52819 -9.44622e+00 |  5 -0.52773 -7.35739e+00 |  6 -0.29798 -5.25496e+00
  7 -0.03645 -6.22366e-01 |  8 -0.00105 -3.48483e-02 |  9 -0.00041  6.14584e-03
 10 -0.00087 -2.40650e-02 | 11 -0.00138 -4.25490e-02 | 12 -0.00185 -2.53391e-02
 13 -0.00265 -1.25443e-02 | 14 -0.00354  5.06120e-02 | 15 -0.00619 -4.70815e-02
 16 -0.00836  5.20913e-02 | 17 -0.01288 -2.05465e-02 | 18 -0.01884 -1.09738e-01
 19 -0.02461  5.47129e-02 | 20 -0.03284  2.44686e-02 | 21 -0.04086  8.82512e-02
 22 -0.04768  6.13149e-02 | 23 -0.04997 -7.94477e-02 | 24 -0.04245  5.14687e-02
 25 -0.03125 -1.41543e-01 | 26 -0.02122 -8.67398e-02 | 27  0.00226 -1.02644e-01
 28  0.11994 -1.88067e-01 | 29  0.07801 -1.36764e-01 | 30  0.06267 -6.42422e-02
 31 -0.08654  1.82275e-01 | 32 -0.12568  2.31016e-01 | 33  0.10679 -3.44891e-01
 34 -0.11522  2.10455e-01 | 35  0.11984 -5.79163e-01 | 36 -0.01809  6.46346e-02
 37 -0.08734  1.28541e-01 | 38 -0.22863  3.15170e-01 | 39 -0.08647  1.06941e-01
 40  0.05082 -2.96244e-01 | 41  0.02255 -1.87719e-01 | 42  0.01799 -1.11244e-01
 43  0.14053 -7.90062e-01 | 44  0.00435 -4.89593e-02 | 45 -0.06769  1.04235e-01
 46 -0.07204  1.21351e-01 | 47  0.06891 -3.28082e-01 | 48 -0.00751 -4.73857e-03
 49 -0.06228  1.29258e-01 | 50  0.08661 -3.70091e-01 | 51  0.05479 -1.80200e-01
 52 -0.06702  1.63757e-01 | 53 -0.02291  7.35689e-02 | 54 -0.04238  1.69869e-01
 55 -0.07704  1.67477e-01 | 56  0.01290 -1.28276e-01 | 57  0.04781 -1.54130e-01
 58 -0.03888  9.99334e-02 | 59  0.13395 -4.21986e-01 | 60 -0.05068  1.96795e-01
 61  0.09972 -2.14440e-02 | 62  0.10601  1.64287e-01 | 63  0.06238  2.70463e-01
 64  0.12294  2.43946e-01 | 65 -0.08746  2.97782e-01 | 66 -0.08427  2.76820e-01
 67 -0.08371  3.54088e-01 | 68 -0.00970  2.85275e-01 | 69  0.65940  1.89019e+01
 70  0.11821 -3.04940e-02 | 71  0.41078 -1.61349e+01 | 72 -0.09439 -1.25775e-03
 73  0.11191 -5.90320e-02 | 74 -0.34908  3.77645e+02 | 75  0.26198  1.35347e-03
 76 -0.20514 -1.52843e+02 |

Intermediate statistics: 76 variables; iteration 20; function evaluation 24; phase 3
Function value 1.7352204e+02; maximum gradient component mag -2.3631e+02
Var    Value     Gradient |Var    Value     Gradient |Var    Value     Gradient
  1 -0.28135  2.29220e+01 |  2  0.41000 -9.56570e+00 |  3  0.04837 -8.16276e+01
  4 -0.51811 -2.36307e+02 |  5 -0.53352 -1.82133e+02 |  6 -0.30575 -4.80063e+01
  7 -0.03795 -1.08892e+01 |  8 -0.00087 -8.74321e-03 |  9 -0.00045  1.14239e-03
 10 -0.00075 -6.79660e-03 | 11 -0.00117 -1.20517e-02 | 12 -0.00172 -8.93659e-03
 13 -0.00260 -7.79171e-03 | 14 -0.00383  3.74461e-03 | 15 -0.00597 -2.47982e-02
 16 -0.00866 -1.17403e-02 | 17 -0.01280 -4.14668e-02 | 18 -0.01830 -7.82947e-02
 19 -0.02490 -7.75007e-02 | 20 -0.03298 -1.21666e-01 | 21 -0.04137 -1.65263e-01
 22 -0.04824 -2.37901e-01 | 23 -0.05017 -3.50898e-01 | 24 -0.04365 -4.91902e-01
 25 -0.03187 -7.34118e-01 | 26 -0.02256 -1.00254e+00 | 27  0.00051 -1.47573e+00
 28  0.11588 -5.13744e+00 | 29  0.07911 -3.80216e+00 | 30  0.06294 -3.73859e+00
 31 -0.08412  2.43531e-01 | 32 -0.12739  9.56376e-01 | 33  0.10718 -3.42094e-01
 34 -0.11943  2.07594e+00 | 35  0.12139  9.51440e+00 | 36 -0.01799  2.53443e+00
 37 -0.08664  5.02271e-01 | 38 -0.22837  1.01739e+00 | 39 -0.08804 -8.06781e-01
 40  0.04979 -1.10961e+01 | 41  0.02258 -3.65083e+00 | 42  0.01805  1.29468e+00
 43  0.14144  3.65338e+00 | 44  0.00647 -1.90172e+00 | 45 -0.06913 -1.72663e+00
 46 -0.07135 -1.65273e+00 | 47  0.06845 -1.01626e+01 | 48 -0.00676 -5.34845e+00
 49 -0.06211 -4.56350e-01 | 50  0.08660 -2.20974e+00 | 51  0.05514 -1.41915e+01
 52 -0.06800 -3.97332e+00 | 53 -0.02259 -5.83075e+00 | 54 -0.04272 -3.15827e+00
 55 -0.07625 -1.11389e+00 | 56  0.01224 -1.34019e+00 | 57  0.04824 -1.68545e+01
 58 -0.03995 -3.57859e+00 | 59  0.13398 -1.50906e+01 | 60 -0.05037 -5.74802e-01
 61  0.09959 -1.32927e+00 | 62  0.10683  2.74992e+00 | 63  0.06262  1.05620e+01
 64  0.12435  1.20249e+01 | 65 -0.08674  2.92336e+00 | 66 -0.08364  3.24188e+00
 67 -0.08591  2.90162e+00 | 68 -0.00951  1.73258e+00 | 69  0.61718 -3.06638e+01
 70  0.11960 -1.62065e-01 | 71  0.40691  2.02674e+02 | 72 -0.09437 -2.20104e-03
 73  0.11235 -7.54081e-02 | 74 -0.35596 -3.10898e+01 | 75  0.26197  1.35193e-03
 76 -0.21987  1.09290e+01 |
76 variables; iteration 40; function evaluation 44; phase 3
Function value 1.7339690e+02; maximum gradient component mag -6.7974e+01
Var    Value     Gradient |Var    Value     Gradient |Var    Value     Gradient
  1 -0.28192  9.02396e+00 |  2  0.40862 -5.23894e+00 |  3  0.04463 -2.25783e+01
  4 -0.51525 -6.79744e+01 |  5 -0.53442 -5.08686e+01 |  6 -0.30610 -2.37242e+01
  7 -0.03817 -2.17566e+00 |  8 -0.00092 -1.36366e-02 |  9 -0.00023  3.26085e-02
 10 -0.00079 -1.07600e-02 | 11 -0.00130 -2.91588e-02 | 12 -0.00154  1.97277e-02
 13 -0.00210  6.72522e-02 | 14 -0.00248  2.03171e-01 | 15 -0.00525  8.98542e-02
 16 -0.00675  2.87074e-01 | 17 -0.01106  2.45678e-01 | 18 -0.01661  2.22088e-01
 19 -0.02216  4.24625e-01 | 20 -0.03023  4.29999e-01 | 21 -0.03877  4.20805e-01
 22 -0.04606  3.47732e-01 | 23 -0.04807  3.18587e-01 | 24 -0.04113  3.65699e-01
 25 -0.02896  2.47108e-01 | 26 -0.02259 -5.23122e-01 | 27 -0.00567 -1.66952e+00
 28  0.11320 -8.02779e-01 | 29  0.08251  1.97006e+00 | 30  0.06397  2.22756e+00
 31 -0.08436  5.84835e-01 | 32 -0.12823  8.73184e-01 | 33  0.10700  2.33655e-01
 34 -0.11764  2.59328e+00 | 35  0.12005 -2.40337e+00 | 36 -0.01684  2.71931e+00
 37 -0.08547  2.03431e+00 | 38 -0.22934  7.92396e-01 | 39 -0.08879  7.99696e-01
 40  0.05053 -3.25085e-01 | 41  0.02214 -1.85087e+00 | 42  0.01785 -1.49958e-01
 43  0.14029 -5.28266e+00 | 44  0.00792 -2.65146e+00 | 45 -0.07022 -2.88534e+00
 46 -0.07224 -1.95385e+00 | 47  0.06822 -2.41546e+00 | 48 -0.00550  1.20869e+00
 49 -0.06209  9.22466e-01 | 50  0.08479 -3.19871e+00 | 51  0.05701 -9.55445e-01
 52 -0.06836  6.76673e-01 | 53 -0.02189  7.68705e-01 | 54 -0.04311 -5.22321e-01
 55 -0.07646 -3.15389e-01 | 56  0.01058  2.83495e-01 | 57  0.04998 -2.53570e-01
 58 -0.04145 -7.44043e-01 | 59  0.13411 -1.45430e+00 | 60 -0.05054  9.41866e-01
 61  0.09937  2.33305e-01 | 62  0.10718  5.38595e-01 | 63  0.06128  2.07261e+00
 64  0.12418  1.43213e+00 | 65 -0.08677  1.27928e+00 | 66 -0.08390  1.24749e+00
 67 -0.08795  5.31447e-01 | 68 -0.00323  2.57059e+00 | 69  0.61507 -8.71380e+00
 70  0.14860 -2.30934e-02 | 71  0.40660  6.60168e+01 | 72 -0.09330 -9.12251e-04
 73  0.17560 -1.35680e-02 | 74 -0.35570 -1.09534e+01 | 75  0.26055  1.33970e-03
 76 -0.21858  3.89336e+00 |
76 variables; iteration 60; function evaluation 70; phase 3
Function value 1.7334985e+02; maximum gradient component mag -1.5029e+01
Var    Value     Gradient |Var    Value     Gradient |Var    Value     Gradient
  1 -0.28582  2.54061e+00 |  2  0.41095 -5.43307e-01 |  3  0.03787 -4.73535e+00
  4 -0.51087 -1.50292e+01 |  5 -0.53688 -1.11404e+01 |  6 -0.30743 -9.69835e+00
  7 -0.03828 -7.73236e-01 |  8 -0.00093 -1.46430e-02 |  9 -0.00046  5.04424e-04
 10 -0.00079 -1.07536e-02 | 11 -0.00125 -2.03112e-02 | 12 -0.00171 -3.08845e-03
 13 -0.00237  3.14053e-02 | 14 -0.00274  1.69923e-01 | 15 -0.00509  1.16391e-01
 16 -0.00595  4.12179e-01 | 17 -0.01011  4.00513e-01 | 18 -0.01603  3.24645e-01
 19 -0.02459  3.29785e-02 | 20 -0.03381 -1.81147e-01 | 21 -0.04112  4.05532e-03
 22 -0.04757  7.51124e-02 | 23 -0.05124 -2.78552e-01 | 24 -0.04290  5.31681e-02
 25 -0.03278 -2.97119e-01 | 26 -0.02054  2.00883e-01 | 27  0.00019 -2.41157e-01
 28  0.11477  1.70489e-01 | 29  0.07953  4.85190e-01 | 30  0.06450  3.30149e-01
 31 -0.08303  4.42641e-01 | 32 -0.12775  4.49186e-01 | 33  0.10725 -4.44456e-01
 34 -0.11976  4.11205e-01 | 35  0.12061 -1.59823e+00 | 36 -0.01743  1.68445e-01
 37 -0.08563  1.06636e-01 | 38 -0.22751  7.77562e-01 | 39 -0.08869  3.78071e-01
 40  0.05050 -2.60721e-01 | 41  0.02280 -3.59011e-01 | 42  0.01760 -2.57166e-01
 43  0.14032 -2.62698e+00 | 44  0.00806 -4.52825e-01 | 45 -0.06873  1.60889e-01
 46 -0.07168  2.14828e-02 | 47  0.06833 -4.47589e-01 | 48 -0.00575 -8.40290e-03
 49 -0.06204  2.14038e-01 | 50  0.08502 -9.39529e-01 | 51  0.05703 -2.35988e-02
 52 -0.06797  6.69923e-01 | 53 -0.02205  1.49021e-01 | 54 -0.04271  2.86556e-01
 55 -0.07606  1.93983e-01 | 56  0.01055  1.77059e-01 | 57  0.05017  6.82544e-01
 58 -0.04064  6.63364e-01 | 59  0.13415 -1.43350e-01 | 60 -0.05003  7.33949e-01
 61  0.09943  1.24837e-01 | 62  0.10747  1.23035e-01 | 63  0.06118  2.76023e-01
 64  0.12430 -1.82372e-02 | 65 -0.08629  1.04900e+00 | 66 -0.08382  4.75182e-01
 67 -0.08704  6.30266e-01 | 68 -0.01095  6.05310e-01 | 69  0.61128 -1.11964e+00
 70  0.14040 -1.84475e-02 | 71  0.40615  1.05214e+01 | 72 -0.08983 -2.01221e-03
 73  0.19335 -1.38557e-02 | 74 -0.35583  5.63404e+00 | 75  0.25778  1.32207e-03
 76 -0.21884 -1.95748e+00 |

 - final statistics:
76 variables; iteration 73; function evaluation 90
Function value 1.7334e+02; maximum gradient component mag -6.3712e-01
Exit code = 1;  converg criter 1.0000e+00
Var    Value     Gradient |Var    Value     Gradient |Var    Value     Gradient
  1 -0.28381  1.21765e-01 |  2  0.41109 -8.69149e-03 |  3  0.03275 -2.34950e-01
  4 -0.50726 -6.37116e-01 |  5 -0.53871 -4.73744e-01 |  6 -0.30679 -4.13565e-01
  7 -0.03841 -1.08291e-01 |  8 -0.00092 -1.40791e-02 |  9 -0.00039  9.37361e-03
 10 -0.00079 -1.17397e-02 | 11 -0.00120 -1.57218e-02 | 12 -0.00166  2.61037e-03
 13 -0.00256  7.70844e-04 | 14 -0.00407 -2.63322e-02 | 15 -0.00588 -4.85011e-03
 16 -0.00861  6.52955e-03 | 17 -0.01288 -3.80516e-02 | 18 -0.01787  1.48123e-02
 19 -0.02472 -9.78611e-03 | 20 -0.03266 -1.61030e-03 | 21 -0.04116 -1.87584e-02
 22 -0.04797 -5.12458e-03 | 23 -0.04985  4.97344e-03 | 24 -0.04343 -3.91669e-03
 25 -0.03131  2.29865e-02 | 26 -0.02257 -3.48862e-02 | 27  0.00092  1.60753e-02
 28  0.11448  1.50072e-02 | 29  0.07889 -2.95848e-02 | 30  0.06499 -1.85750e-02
 31 -0.08274  3.32691e-02 | 32 -0.12757  2.58443e-02 | 33  0.10710 -5.20754e-02
 34 -0.11950  6.61237e-03 | 35  0.12057 -6.90731e-02 | 36 -0.01734 -4.07350e-02
 37 -0.08525  5.29547e-03 | 38 -0.22782  9.71404e-03 | 39 -0.08859  1.38101e-02
 40  0.05032 -3.76827e-02 | 41  0.02287  2.57416e-03 | 42  0.01750 -2.76582e-02
 43  0.14030 -9.79610e-02 | 44  0.00802  1.46003e-03 | 45 -0.06869  4.12228e-02
 46 -0.07151  4.76477e-02 | 47  0.06814 -2.51732e-02 | 48 -0.00570 -2.20709e-02
 49 -0.06205  2.37244e-03 | 50  0.08497 -1.45130e-02 | 51  0.05694 -4.42003e-03
 52 -0.06807  1.42652e-02 | 53 -0.02202  9.65085e-03 | 54 -0.04277  1.61455e-02
 55 -0.07605  3.60563e-02 | 56  0.01047  7.48572e-03 | 57  0.05001  1.64371e-02
 58 -0.04072  5.36313e-02 | 59  0.13407  4.17106e-03 | 60 -0.05016  1.22404e-02
 61  0.09938  1.88408e-02 | 62  0.10740  1.44724e-02 | 63  0.06119  1.09527e-02
 64  0.12426  4.97643e-03 | 65 -0.08660  7.74173e-03 | 66 -0.08381  4.21442e-02
 67 -0.08699  3.75553e-02 | 68 -0.01004  2.38241e-02 | 69  0.60826 -4.13537e-02
 70  0.15618  3.12848e-03 | 71  0.40586  6.90060e-02 | 72 -0.08984 -1.49678e-04
 73  0.23159 -5.32407e-03 | 74 -0.35599  1.90677e-01 | 75  0.25151  1.28304e-03
 76 -0.21938 -4.18413e-02 |

 - final statistics:
77 variables; iteration 0; function evaluation 0
Function value 1.7334e+02; maximum gradient component mag -6.3712e-01
Exit code = 0;  converg criter 1.0000e+00
Var    Value     Gradient |Var    Value     Gradient |Var    Value     Gradient
  1 -0.28381  1.21765e-01 |  2  0.41109 -8.69149e-03 |  3  0.03275 -2.34950e-01
  4 -0.50726 -6.37116e-01 |  5 -0.53871 -4.73744e-01 |  6 -0.30679 -4.13565e-01
  7 -0.03841 -1.08291e-01 |  8 -0.00092 -1.40791e-02 |  9 -0.00039  9.37361e-03
 10 -0.00079 -1.17397e-02 | 11 -0.00120 -1.57218e-02 | 12 -0.00166  2.61037e-03
 13 -0.00256  7.70844e-04 | 14 -0.00407 -2.63322e-02 | 15 -0.00588 -4.85011e-03
 16 -0.00861  6.52955e-03 | 17 -0.01288 -3.80516e-02 | 18 -0.01787  1.48123e-02
 19 -0.02472 -9.78611e-03 | 20 -0.03266 -1.61030e-03 | 21 -0.04116 -1.87584e-02
 22 -0.04797 -5.12458e-03 | 23 -0.04985  4.97344e-03 | 24 -0.04343 -3.91669e-03
 25 -0.03131  2.29865e-02 | 26 -0.02257 -3.48862e-02 | 27  0.00092  1.60753e-02
 28  0.11448  1.27194e-02 | 29  0.07889 -3.18923e-02 | 30  0.06499 -2.08882e-02
 31 -0.08274  3.09635e-02 | 32 -0.12757  2.35656e-02 | 33  0.10710 -5.43679e-02
 34 -0.11950  4.32796e-03 | 35  0.12057 -7.13567e-02 | 36 -0.01734 -4.30594e-02
 37 -0.08525  2.99103e-03 | 38 -0.22782  7.53609e-03 | 39 -0.08859  1.15073e-02
 40  0.05032 -4.00007e-02 | 41  0.02287  2.50404e-04 | 42  0.01750 -2.99826e-02
 43  0.14030 -1.00230e-01 | 44  0.00802 -8.65040e-04 | 45 -0.06869  3.89111e-02
 46 -0.07151  4.53371e-02 | 47  0.06814 -2.74852e-02 | 48 -0.00570 -2.43961e-02
 49 -0.06205  5.82200e-05 | 50  0.08497 -1.68176e-02 | 51  0.05694 -6.73599e-03
 52 -0.06807  1.19532e-02 | 53 -0.02202  7.32698e-03 | 54 -0.04277  1.38255e-02
 55 -0.07605  3.37477e-02 | 56  0.01047  5.16078e-03 | 57  0.05001  1.41190e-02
 58 -0.04072  5.13108e-02 | 59  0.13407  1.89718e-03 | 60 -0.05016  9.92231e-03
 61  0.09938  1.65438e-02 | 62  0.10740  1.21801e-02 | 63  0.06119  8.63820e-03
 64  0.12426  2.69533e-03 | 65 -0.08660  5.43795e-03 | 66 -0.08381  3.98391e-02
 67 -0.08699  3.52517e-02 | 68 -0.01004  2.14992e-02 | 69  0.60826 -4.13537e-02
 70  0.15618  3.12848e-03 | 71  0.40586  6.90060e-02 | 72 -0.08984 -1.49678e-04
 73  0.23159 -5.32407e-03 | 74 -0.35599  1.90677e-01 | 75  0.25151  1.28304e-03
 76 -0.21938 -4.18413e-02 | 77  0.88668  1.74455e-02 |

 - final statistics:
77 variables; iteration 0; function evaluation 0
Function value 1.7334e+02; maximum gradient component mag -6.3712e-01
Exit code = 0;  converg criter 1.0000e+00
Var    Value     Gradient |Var    Value     Gradient |Var    Value     Gradient
  1 -0.28381  1.21765e-01 |  2  0.41109 -8.69149e-03 |  3  0.03275 -2.34950e-01
  4 -0.50726 -6.37116e-01 |  5 -0.53871 -4.73744e-01 |  6 -0.30679 -4.13565e-01
  7 -0.03841 -1.08291e-01 |  8 -0.00092 -1.40791e-02 |  9 -0.00039  9.37361e-03
 10 -0.00079 -1.17397e-02 | 11 -0.00120 -1.57218e-02 | 12 -0.00166  2.61037e-03
 13 -0.00256  7.70844e-04 | 14 -0.00407 -2.63322e-02 | 15 -0.00588 -4.85011e-03
 16 -0.00861  6.52955e-03 | 17 -0.01288 -3.80516e-02 | 18 -0.01787  1.48123e-02
 19 -0.02472 -9.78611e-03 | 20 -0.03266 -1.61030e-03 | 21 -0.04116 -1.87584e-02
 22 -0.04797 -5.12458e-03 | 23 -0.04985  4.97344e-03 | 24 -0.04343 -3.91669e-03
 25 -0.03131  2.29865e-02 | 26 -0.02257 -3.48862e-02 | 27  0.00092  1.60753e-02
 28  0.11448  1.27194e-02 | 29  0.07889 -3.18923e-02 | 30  0.06499 -2.08882e-02
 31 -0.08274  3.09635e-02 | 32 -0.12757  2.35656e-02 | 33  0.10710 -5.43679e-02
 34 -0.11950  4.32796e-03 | 35  0.12057 -7.13567e-02 | 36 -0.01734 -4.30594e-02
 37 -0.08525  2.99103e-03 | 38 -0.22782  7.53609e-03 | 39 -0.08859  1.15073e-02
 40  0.05032 -4.00007e-02 | 41  0.02287  2.50404e-04 | 42  0.01750 -2.99826e-02
 43  0.14030 -1.00230e-01 | 44  0.00802 -8.65040e-04 | 45 -0.06869  3.89111e-02
 46 -0.07151  4.53371e-02 | 47  0.06814 -2.74852e-02 | 48 -0.00570 -2.43961e-02
 49 -0.06205  5.82200e-05 | 50  0.08497 -1.68176e-02 | 51  0.05694 -6.73599e-03
 52 -0.06807  1.19532e-02 | 53 -0.02202  7.32698e-03 | 54 -0.04277  1.38255e-02
 55 -0.07605  3.37477e-02 | 56  0.01047  5.16078e-03 | 57  0.05001  1.41190e-02
 58 -0.04072  5.13108e-02 | 59  0.13407  1.89718e-03 | 60 -0.05016  9.92231e-03
 61  0.09938  1.65438e-02 | 62  0.10740  1.21801e-02 | 63  0.06119  8.63820e-03
 64  0.12426  2.69533e-03 | 65 -0.08660  5.43795e-03 | 66 -0.08381  3.98391e-02
 67 -0.08699  3.52517e-02 | 68 -0.01004  2.14992e-02 | 69  0.60826 -4.13537e-02
 70  0.15618  3.12848e-03 | 71  0.40586  6.90060e-02 | 72 -0.08984 -1.49678e-04
 73  0.23159 -5.32407e-03 | 74 -0.35599  1.90677e-01 | 75  0.25151  1.28304e-03
 76 -0.21938 -4.18413e-02 | 77  0.88668  1.74455e-02 |

Initial statistics: 79 variables; iteration 0; function evaluation 0; phase 6
Function value 1.7334212e+02; maximum gradient component mag 4.2376e+00
Var    Value     Gradient |Var    Value     Gradient |Var    Value     Gradient
  1 -0.28381  1.21765e-01 |  2  0.41109 -8.69149e-03 |  3  0.03275 -2.34950e-01
  4 -0.50726 -6.37116e-01 |  5 -0.53871 -4.73744e-01 |  6 -0.30679 -4.13565e-01
  7 -0.03841 -1.08291e-01 |  8 -0.00092 -1.40791e-02 |  9 -0.00039  9.37361e-03
 10 -0.00079 -1.17397e-02 | 11 -0.00120 -1.57218e-02 | 12 -0.00166  2.61037e-03
 13 -0.00256  7.70844e-04 | 14 -0.00407 -2.63322e-02 | 15 -0.00588 -4.85011e-03
 16 -0.00861  6.52955e-03 | 17 -0.01288 -3.80516e-02 | 18 -0.01787  1.48123e-02
 19 -0.02472 -9.78611e-03 | 20 -0.03266 -1.61030e-03 | 21 -0.04116 -1.87584e-02
 22 -0.04797 -5.12458e-03 | 23 -0.04985  4.97344e-03 | 24 -0.04343 -3.91669e-03
 25 -0.03131  2.29865e-02 | 26 -0.02257 -3.48862e-02 | 27  0.00092  1.60753e-02
 28  0.11448  1.27194e-02 | 29  0.07889 -3.18923e-02 | 30  0.06499 -2.08882e-02
 31 -0.08274  3.09635e-02 | 32 -0.12757  2.35656e-02 | 33  0.10710 -5.43679e-02
 34 -0.11950  4.32796e-03 | 35  0.12057 -7.13567e-02 | 36 -0.01734 -4.30594e-02
 37 -0.08525  2.99103e-03 | 38 -0.22782  7.53609e-03 | 39 -0.08859  1.15073e-02
 40  0.05032 -4.00007e-02 | 41  0.02287  2.50404e-04 | 42  0.01750 -2.99826e-02
 43  0.14030 -1.00230e-01 | 44  0.00802 -8.65040e-04 | 45 -0.06869  3.89111e-02
 46 -0.07151  4.53371e-02 | 47  0.06814 -2.74852e-02 | 48 -0.00570 -2.43961e-02
 49 -0.06205  5.82200e-05 | 50  0.08497 -1.68176e-02 | 51  0.05694 -6.73599e-03
 52 -0.06807  1.19532e-02 | 53 -0.02202  7.32698e-03 | 54 -0.04277  1.38255e-02
 55 -0.07605  3.37477e-02 | 56  0.01047  5.16078e-03 | 57  0.05001  1.41190e-02
 58 -0.04072  5.13108e-02 | 59  0.13407  1.89718e-03 | 60 -0.05016  9.92231e-03
 61  0.09938  1.65438e-02 | 62  0.10740  1.21801e-02 | 63  0.06119  8.63820e-03
 64  0.12426  2.69533e-03 | 65 -0.08660  5.43795e-03 | 66 -0.08381  3.98391e-02
 67 -0.08699  3.52517e-02 | 68 -0.01004  2.14992e-02 | 69 -0.61351 -2.15377e+00
 70  0.11808  4.23755e+00 | 71  0.60826 -4.13537e-02 | 72  0.15618  3.12848e-03
 73  0.40586  6.90060e-02 | 74 -0.08984 -1.49678e-04 | 75  0.23159 -5.32407e-03
 76 -0.35599  1.90677e-01 | 77  0.25151  1.28304e-03 | 78 -0.21938 -4.18413e-02
 79  0.88668  1.74455e-02 |

Intermediate statistics: 79 variables; iteration 20; function evaluation 22; phase 6
Function value 1.7325729e+02; maximum gradient component mag 7.1073e+00
Var    Value     Gradient |Var    Value     Gradient |Var    Value     Gradient
  1 -0.25537  2.13748e+00 |  2  0.41098  6.41426e-01 |  3  0.03232 -4.67183e+00
  4 -0.50940 -6.33395e+00 |  5 -0.53659  3.58624e+00 |  6 -0.29413 -4.14105e+00
  7 -0.03956 -3.24305e+00 |  8 -0.00066  3.57828e-03 |  9 -0.00042 -4.29572e-03
 10 -0.00059  3.09994e-03 | 11 -0.00092  4.02160e-03 | 12 -0.00150 -3.52564e-03
 13 -0.00230 -3.87641e-03 | 14 -0.00344  5.10373e-03 | 15 -0.00529 -4.05864e-03
 16 -0.00792 -8.85842e-03 | 17 -0.01151  9.37412e-03 | 18 -0.01664 -6.19763e-03
 19 -0.02290  1.46053e-02 | 20 -0.03047  3.34487e-02 | 21 -0.03837  7.87071e-02
 22 -0.04478  1.37843e-01 | 23 -0.04616  2.36512e-01 | 24 -0.03898  3.88820e-01
 25 -0.02639  5.52098e-01 | 26 -0.01716  7.04363e-01 | 27  0.00472  8.03258e-01
 28  0.12054  3.07288e+00 | 29  0.07693  1.70722e+00 | 30  0.06619  1.03477e+00
 31 -0.08388  4.21884e-02 | 32 -0.12814  1.90330e-01 | 33  0.10771  4.64967e+00
 34 -0.11952  5.79739e-01 | 35  0.12090 -1.30056e+00 | 36 -0.01715 -9.42394e-01
 37 -0.08492 -2.60849e-01 | 38 -0.22782  4.58328e-01 | 39 -0.08883  5.42785e-01
 40  0.05069  4.35734e+00 | 41  0.02283  2.77750e+00 | 42  0.01723  1.45060e+00
 43  0.14041  3.51758e+00 | 44  0.00810  2.18593e+00 | 45 -0.06887  1.40929e+00
 46 -0.07153  1.73843e+00 | 47  0.06856  4.37791e+00 | 48 -0.00609  6.25820e-01
 49 -0.06262 -1.99305e-02 | 50  0.08502 -1.40599e+00 | 51  0.05673 -1.97735e+00
 52 -0.06850 -9.92162e-01 | 53 -0.02236 -1.80424e+00 | 54 -0.04277 -4.01868e-01
 55 -0.07596 -3.64556e-02 | 56  0.01004 -3.21283e+00 | 57  0.04972 -1.26126e+00
 58 -0.04096  9.71353e-01 | 59  0.13419  5.34292e+00 | 60 -0.05061  7.98372e-01
 61  0.09908 -2.07887e+00 | 62  0.10708 -3.45416e+00 | 63  0.06063 -3.97613e+00
 64  0.12423 -3.69827e+00 | 65 -0.08637  4.98025e-01 | 66 -0.08368  6.12908e-01
 67 -0.08700  3.95862e-01 | 68 -0.01070  5.67706e-01 | 69 -0.60772 -1.49858e+00
 70  0.08752  3.05900e+00 | 71  0.60777 -1.98626e+00 | 72  0.15612  2.83871e-03
 73  0.40574  7.10732e+00 | 74 -0.08984 -1.83156e-04 | 75  0.23169 -5.62296e-03
 76 -0.35599 -3.67624e+00 | 77  0.25149  1.28046e-03 | 78 -0.21976  1.31171e+00
 79  0.88633  1.73904e-02 |
79 variables; iteration 40; function evaluation 44; phase 6
Function value 1.7323801e+02; maximum gradient component mag -2.2287e+01
Var    Value     Gradient |Var    Value     Gradient |Var    Value     Gradient
  1 -0.24135  5.51364e+00 |  2  0.41088 -3.93533e-01 |  3  0.02858 -1.09363e+01
  4 -0.50724 -2.22871e+01 |  5 -0.53758 -9.96242e+00 |  6 -0.28792 -1.38688e+01
  7 -0.03829 -4.10164e+00 |  8 -0.00082 -1.72824e-02 |  9 -0.00038  2.37318e-03
 10 -0.00071 -1.36543e-02 | 11 -0.00109 -1.89729e-02 | 12 -0.00156 -1.07328e-02
 13 -0.00241 -1.75295e-02 | 14 -0.00378 -4.23711e-02 | 15 -0.00555 -3.90735e-02
 16 -0.00819 -4.55835e-02 | 17 -0.01217 -8.60827e-02 | 18 -0.01711 -7.48493e-02
 19 -0.02364 -1.01359e-01 | 20 -0.03131 -1.06936e-01 | 21 -0.03947 -1.16809e-01
 22 -0.04607 -1.10740e-01 | 23 -0.04779 -1.07449e-01 | 24 -0.04120 -1.10905e-01
 25 -0.02905 -8.07629e-02 | 26 -0.02026 -1.68204e-02 | 27  0.00296  3.02892e-01
 28  0.11987  3.17090e+00 | 29  0.07982  2.52329e+00 | 30  0.06496  7.73489e-01
 31 -0.08316  6.60750e-01 | 32 -0.12717  1.51953e+00 | 33  0.10732  2.32873e+00
 34 -0.11869  1.26359e+00 | 35  0.12091 -1.73859e+00 | 36 -0.01702 -1.13029e+00
 37 -0.08489 -4.07481e-01 | 38 -0.22770  8.72499e-01 | 39 -0.08867  9.48450e-01
 40  0.05030  3.04225e+00 | 41  0.02267  2.81801e+00 | 42  0.01725  1.69194e+00
 43  0.14013  6.70324e-01 | 44  0.00774  1.07548e+00 | 45 -0.06887  1.28404e+00
 46 -0.07175  1.66907e+00 | 47  0.06827  3.88192e+00 | 48 -0.00602  1.44468e+00
 49 -0.06267  2.14622e-01 | 50  0.08447 -4.27341e+00 | 51  0.05675 -1.04013e+00
 52 -0.06833  4.51523e-01 | 53 -0.02235 -9.67331e-01 | 54 -0.04329 -1.71103e+00
 55 -0.07659 -1.26872e+00 | 56  0.00987 -3.38917e+00 | 57  0.04949 -4.72357e-01
 58 -0.04107  1.57223e+00 | 59  0.13378  3.53978e+00 | 60 -0.05113  6.84367e-01
 61  0.09898 -1.98247e+00 | 62  0.10661 -3.40767e+00 | 63  0.06107 -1.26740e+00
 64  0.12397 -3.87570e+00 | 65 -0.08662  7.43106e-01 | 66 -0.08399  8.09935e-01
 67 -0.08731  6.79424e-01 | 68 -0.00850  1.40200e+00 | 69 -0.61446 -2.09284e+00
 70  0.07477  1.40929e+00 | 71  0.60599 -3.94010e+00 | 72  0.15579  2.27846e-03
 73  0.40557  1.84103e+01 | 74 -0.08982 -2.49417e-04 | 75  0.23238 -5.91403e-03
 76 -0.35687 -3.28277e+00 | 77  0.25133  1.27706e-03 | 78 -0.22248  1.14776e+00
 79  0.88423  1.70680e-02 |
79 variables; iteration 60; function evaluation 70; phase 6
Function value 1.7321138e+02; maximum gradient component mag -5.6344e+00
Var    Value     Gradient |Var    Value     Gradient |Var    Value     Gradient
  1 -0.22934  9.42117e-01 |  2  0.41107 -2.29670e-01 |  3  0.02893 -2.24161e+00
  4 -0.50750 -5.63443e+00 |  5 -0.53777 -4.00283e+00 |  6 -0.28212 -2.36168e+00
  7 -0.03890 -2.32999e-01 |  8 -0.00052  1.61550e-02 |  9 -0.00024  1.75183e-02
 10 -0.00049  1.14804e-02 | 11 -0.00077  1.69957e-02 | 12 -0.00112  3.75963e-02
 13 -0.00180  4.91448e-02 | 14 -0.00297  4.63305e-02 | 15 -0.00455  6.57024e-02
 16 -0.00708  6.31048e-02 | 17 -0.01096  2.00318e-02 | 18 -0.01605 -1.05778e-02
 19 -0.02236 -2.22132e-02 | 20 -0.02975  5.64003e-04 | 21 -0.03778 -5.38279e-03
 22 -0.04451 -3.81588e-02 | 23 -0.04619 -4.44686e-02 | 24 -0.03937 -3.60499e-02
 25 -0.02695 -1.34126e-03 | 26 -0.01812  2.73045e-03 | 27  0.00418  5.57841e-02
 28  0.12131  9.58525e-02 | 29  0.07853  1.35778e-01 | 30  0.06636  7.93602e-02
 31 -0.08349  1.04527e-01 | 32 -0.12730  1.89617e-01 | 33  0.10738  9.04676e-02
 34 -0.11886  1.46289e-01 | 35  0.12118 -1.84123e-01 | 36 -0.01670 -2.58749e-02
 37 -0.08453  7.66836e-02 | 38 -0.22742  2.40993e-01 | 39 -0.08855  8.83114e-02
 40  0.05017  9.21957e-02 | 41  0.02220 -4.22077e-02 | 42  0.01714  2.06012e-01
 43  0.14008 -5.30585e-01 | 44  0.00770  1.82090e-02 | 45 -0.06902  2.16940e-02
 46 -0.07178  4.06337e-02 | 47  0.06791 -1.25358e-01 | 48 -0.00622 -1.67614e-02
 49 -0.06273  1.05957e-01 | 50  0.08473 -4.08387e-01 | 51  0.05647 -1.99686e-01
 52 -0.06863 -4.71578e-02 | 53 -0.02232 -3.03360e-02 | 54 -0.04315 -2.32238e-02
 55 -0.07653  1.09331e-02 | 56  0.01018 -1.06065e-01 | 57  0.04928 -5.04044e-02
 58 -0.04134 -1.74468e-02 | 59  0.13337  2.44597e-02 | 60 -0.05098  1.92147e-01
 61  0.09903 -9.70534e-02 | 62  0.10678 -6.93926e-02 | 63  0.06107  3.55344e-02
 64  0.12432 -8.12393e-02 | 65 -0.08673  1.34312e-02 | 66 -0.08413  1.82156e-01
 67 -0.08725  1.47816e-01 | 68 -0.00953  1.78736e-01 | 69 -0.61032 -6.73001e-02
 70  0.05953  8.14981e-02 | 71  0.60562 -7.86096e-01 | 72  0.15042 -5.09002e-03
 73  0.40549  3.89403e+00 | 74 -0.08913 -4.71266e-04 | 75  0.24420 -4.56890e-03
 76 -0.35768 -4.34422e+00 | 77  0.24846  1.25249e-03 | 78 -0.22496  1.48181e+00
 79  0.84936  1.30116e-02 |
79 variables; iteration 80; function evaluation 104; phase 6
Function value 1.7320871e+02; maximum gradient component mag 1.8725e+00
Var    Value     Gradient |Var    Value     Gradient |Var    Value     Gradient
  1 -0.22764 -4.13691e-01 |  2  0.41106  7.38616e-02 |  3  0.02910  7.68126e-01
  4 -0.50769  1.87245e+00 |  5 -0.53766  1.37570e+00 |  6 -0.28128  1.43951e+00
  7 -0.03889  7.73196e-02 |  8 -0.00058  7.18953e-03 |  9 -0.00037 -8.44350e-04
 10 -0.00054  4.29913e-03 | 11 -0.00083  8.81319e-03 | 12 -0.00134  6.51232e-03
 13 -0.00216 -2.56622e-03 | 14 -0.00327  1.64472e-03 | 15 -0.00503 -5.42847e-03
 16 -0.00765 -2.50661e-02 | 17 -0.01066  6.08382e-02 | 18 -0.01598 -6.17105e-03
 19 -0.02204  2.18115e-02 | 20 -0.02967  4.89798e-03 | 21 -0.03801 -5.60314e-02
 22 -0.04407  3.27101e-02 | 23 -0.04603 -2.48689e-02 | 24 -0.03886  4.77654e-02
 25 -0.02714 -4.47437e-02 | 26 -0.01802  8.33154e-03 | 27  0.00379  9.87247e-03
 28  0.12174 -4.20600e-02 | 29  0.07831 -5.77397e-02 | 30  0.06646 -4.60412e-02
 31 -0.08351 -7.70221e-02 | 32 -0.12732 -8.04553e-02 | 33  0.10739  3.62979e-02
 34 -0.11883 -7.29086e-02 | 35  0.12120  1.01400e-01 | 36 -0.01666 -2.00582e-02
 37 -0.08450 -4.30017e-02 | 38 -0.22764 -9.23154e-02 | 39 -0.08848 -3.62504e-02
 40  0.05015  6.47984e-02 | 41  0.02225  4.17564e-02 | 42  0.01698  4.54452e-03
 43  0.14014  2.44668e-01 | 44  0.00758  8.66732e-03 | 45 -0.06898 -3.04144e-02
 46 -0.07178 -2.65503e-02 | 47  0.06791  1.01502e-01 | 48 -0.00623  1.70216e-02
 49 -0.06283 -2.91230e-02 | 50  0.08478  1.56785e-01 | 51  0.05642  6.68379e-02
 52 -0.06858 -1.95184e-02 | 53 -0.02236 -3.23053e-03 | 54 -0.04315  4.34270e-04
 55 -0.07655 -2.00831e-02 | 56  0.01021  6.85203e-02 | 57  0.04923  5.87677e-02
 58 -0.04128 -8.79284e-03 | 59  0.13335  1.23503e-01 | 60 -0.05111 -6.33776e-02
 61  0.09906  2.40217e-02 | 62  0.10676 -8.29381e-03 | 63  0.06109 -4.32768e-02
 64  0.12432 -3.18559e-02 | 65 -0.08666 -6.84841e-02 | 66 -0.08418 -8.85343e-02
 67 -0.08724 -8.37932e-02 | 68 -0.00944 -7.69970e-02 | 69 -0.61035 -3.40119e-03
 70  0.05747  1.44695e-01 | 71  0.60568  2.72217e-01 | 72  0.14793 -1.10273e-03
 73  0.40549 -1.33942e+00 | 74 -0.07502 -4.22624e-04 | 75  0.37921  1.28301e-03
 76 -0.35859 -1.75673e+00 | 77  0.19952 -2.92072e-03 | 78 -0.22775  5.94660e-01
 79  0.42910 -2.16931e-04 |
79 variables; iteration 100; function evaluation 129; phase 6
Function value 1.7320846e+02; maximum gradient component mag -1.6144e+00
Var    Value     Gradient |Var    Value     Gradient |Var    Value     Gradient
  1 -0.22804 -5.35213e-02 |  2  0.41106 -4.50540e-03 |  3  0.02893 -1.60401e-02
  4 -0.50755 -4.49881e-02 |  5 -0.53773 -4.46335e-02 |  6 -0.28148  3.33147e-01
  7 -0.03891  1.04096e-02 |  8 -0.00063  1.06358e-03 |  9 -0.00037 -4.06567e-04
 10 -0.00054  4.28949e-03 | 11 -0.00091 -2.50825e-03 | 12 -0.00133  7.61129e-03
 13 -0.00214 -3.76580e-04 | 14 -0.00327  4.34701e-04 | 15 -0.00501 -3.43259e-03
 16 -0.00749 -5.50278e-04 | 17 -0.01111 -6.04215e-03 | 18 -0.01595 -1.48430e-03
 19 -0.02218  6.67577e-05 | 20 -0.02970 -6.60471e-04 | 21 -0.03767  5.28055e-03
 22 -0.04425  3.21965e-04 | 23 -0.04588  3.03004e-03 | 24 -0.03914 -2.24742e-03
 25 -0.02687  2.33274e-03 | 26 -0.01807  6.04248e-04 | 27  0.00377  1.97125e-03
 28  0.12166 -1.19506e-02 | 29  0.07834 -1.15985e-02 | 30  0.06646 -8.91203e-03
 31 -0.08350 -1.70742e-02 | 32 -0.12731 -1.20003e-02 | 33  0.10739  2.59128e-02
 34 -0.11882 -9.83235e-03 | 35  0.12120  2.66807e-02 | 36 -0.01666 -5.44717e-03
 37 -0.08450 -7.69364e-03 | 38 -0.22760 -1.39429e-02 | 39 -0.08849 -1.88442e-03
 40  0.05015  3.12171e-02 | 41  0.02225  1.00230e-02 | 42  0.01701  1.22031e-02
 43  0.14013  2.78628e-02 | 44  0.00760 -8.49552e-03 | 45 -0.06898 -1.31447e-02
 46 -0.07178 -1.12846e-02 | 47  0.06791  1.18161e-02 | 48 -0.00622 -3.25728e-03
 49 -0.06281 -4.87286e-03 | 50  0.08477  2.26090e-02 | 51  0.05643 -3.67189e-03
 52 -0.06858 -1.15610e-02 | 53 -0.02235 -5.03411e-03 | 54 -0.04314  1.63261e-03
 55 -0.07654 -3.14540e-03 | 56  0.01021  2.89173e-02 | 57  0.04924  1.67126e-02
 58 -0.04128 -3.39906e-04 | 59  0.13335  4.76654e-02 | 60 -0.05109 -6.86493e-03
 61  0.09906  6.71594e-03 | 62  0.10676 -2.45817e-03 | 63  0.06109 -5.18926e-03
 64  0.12433 -1.20986e-02 | 65 -0.08667 -2.18690e-02 | 66 -0.08417 -1.66010e-02
 67 -0.08723 -1.53228e-02 | 68 -0.00962 -2.48912e-02 | 69 -0.61027 -5.80982e-04
 70  0.05796  8.49356e-02 | 71  0.60562 -1.62957e-03 | 72  0.14616 -2.19346e-03
 73  0.40549  6.28207e-03 | 74 -0.03882 -2.86522e-04 | 75  0.32427 -1.39041e-04
 76 -0.35956 -1.61445e+00 | 77  0.27763 -1.50760e-04 | 78 -0.23072  5.33430e-01
 79  0.36585 -2.89470e-04 |
79 variables; iteration 120; function evaluation 150; phase 6
Function value 1.7320839e+02; maximum gradient component mag -1.0859e+00
Var    Value     Gradient |Var    Value     Gradient |Var    Value     Gradient
  1 -0.22803 -5.12994e-02 |  2  0.41106 -3.57178e-04 |  3  0.02894  2.48716e-02
  4 -0.50756  5.84437e-02 |  5 -0.53773  3.65817e-02 |  6 -0.28148  2.66162e-01
  7 -0.03891  9.81184e-03 |  8 -0.00063  7.70804e-05 |  9 -0.00036  1.07063e-04
 10 -0.00058 -1.02293e-03 | 11 -0.00088  7.92380e-04 | 12 -0.00139 -1.54215e-03
 13 -0.00214  7.22201e-04 | 14 -0.00327  6.52275e-04 | 15 -0.00499 -3.61156e-04
 16 -0.00748  6.34643e-05 | 17 -0.01107 -9.94655e-05 | 18 -0.01594  8.83755e-05
 19 -0.02217  4.70826e-04 | 20 -0.02970  1.84827e-04 | 21 -0.03769  3.95003e-04
 22 -0.04425  6.51729e-04 | 23 -0.04590  5.22447e-04 | 24 -0.03912  5.75409e-04
 25 -0.02688  5.66969e-04 | 26 -0.01807  7.57208e-04 | 27  0.00377  1.56179e-03
 28  0.12167 -8.49435e-03 | 29  0.07834 -8.97843e-03 | 30  0.06646 -6.78774e-03
 31 -0.08350 -1.33021e-02 | 32 -0.12731 -1.07973e-02 | 33  0.10739  1.78040e-02
 34 -0.11882 -9.02334e-03 | 35  0.12120  2.14078e-02 | 36 -0.01666 -3.63977e-03
 37 -0.08451 -7.86479e-03 | 38 -0.22760 -1.27451e-02 | 39 -0.08849 -2.31650e-03
 40  0.05015  2.13962e-02 | 41  0.02225  8.79059e-03 | 42  0.01700  5.60856e-03
 43  0.14013  2.87828e-02 | 44  0.00759 -5.54628e-03 | 45 -0.06898 -8.82235e-03
 46 -0.07178 -8.06751e-03 | 47  0.06791  1.26524e-02 | 48 -0.00622 -2.04397e-03
 49 -0.06281 -5.14337e-03 | 50  0.08478  2.05921e-02 | 51  0.05643  4.58580e-04
 52 -0.06858 -8.08793e-03 | 53 -0.02235 -2.87736e-03 | 54 -0.04314  1.43235e-04
 55 -0.07654 -2.57646e-03 | 56  0.01021  1.98538e-02 | 57  0.04924  1.22306e-02
 58 -0.04128  8.76449e-05 | 59  0.13335  3.40267e-02 | 60 -0.05109 -7.50687e-03
 61  0.09906  5.28162e-03 | 62  0.10676 -2.34449e-03 | 63  0.06109 -4.69377e-03
 64  0.12433 -8.69085e-03 | 65 -0.08667 -1.57487e-02 | 66 -0.08417 -1.39763e-02
 67 -0.08723 -1.31536e-02 | 68 -0.00960 -1.70100e-02 | 69 -0.61027 -3.43505e-04
 70  0.05793  5.81452e-02 | 71  0.60562  1.08179e-02 | 72  0.13529 -4.96661e-04
 73  0.40549 -5.64463e-02 | 74  0.06565  2.25411e-04 | 75  0.33545  9.19174e-05
 76 -0.36190 -1.08595e+00 | 77  0.27527 -9.66304e-05 | 78 -0.23820  3.38140e-01
 79  0.37368 -5.04517e-05 |
79 variables; iteration 140; function evaluation 173; phase 6
Function value 1.7320831e+02; maximum gradient component mag -3.3028e-01
Var    Value     Gradient |Var    Value     Gradient |Var    Value     Gradient
  1 -0.22804 -1.61399e-02 |  2  0.41106  1.92514e-04 |  3  0.02894  9.90670e-03
  4 -0.50756  2.37088e-02 |  5 -0.53773  1.58074e-02 |  6 -0.28148  8.08349e-02
  7 -0.03891  3.04526e-03 |  8 -0.00064 -2.80743e-05 |  9 -0.00037  6.31171e-05
 10 -0.00057 -6.39743e-04 | 11 -0.00089  4.34698e-04 | 12 -0.00139 -1.01132e-03
 13 -0.00214  3.14179e-04 | 14 -0.00328  2.19345e-04 | 15 -0.00499  6.39511e-05
 16 -0.00748  7.68123e-05 | 17 -0.01106  2.65020e-04 | 18 -0.01594  1.19834e-04
 19 -0.02217  1.78746e-04 | 20 -0.02970  1.24914e-04 | 21 -0.03770 -7.90700e-05
 22 -0.04425  2.25018e-04 | 23 -0.04590  5.83814e-05 | 24 -0.03912  3.16271e-04
 25 -0.02688  1.12456e-04 | 26 -0.01807  2.57143e-04 | 27  0.00377  4.57667e-04
 28  0.12166 -2.44994e-03 | 29  0.07834 -2.61842e-03 | 30  0.06646 -1.98063e-03
 31 -0.08350 -4.06177e-03 | 32 -0.12731 -3.31283e-03 | 33  0.10739  5.28286e-03
 34 -0.11882 -2.86107e-03 | 35  0.12120  6.55842e-03 | 36 -0.01666 -1.12796e-03
 37 -0.08451 -2.40555e-03 | 38 -0.22760 -3.94081e-03 | 39 -0.08849 -8.08214e-04
 40  0.05015  6.33527e-03 | 41  0.02225  2.70219e-03 | 42  0.01700  1.57915e-03
 43  0.14013  9.18809e-03 | 44  0.00759 -1.47080e-03 | 45 -0.06897 -2.58968e-03
 46 -0.07178 -2.35848e-03 | 47  0.06791  4.12517e-03 | 48 -0.00622 -5.49544e-04
 49 -0.06281 -1.61081e-03 | 50  0.08478  6.29977e-03 | 51  0.05643  3.67898e-04
 52 -0.06858 -2.41727e-03 | 53 -0.02235 -8.34417e-04 | 54 -0.04314 -4.60023e-05
 55 -0.07654 -8.75580e-04 | 56  0.01021  5.71862e-03 | 57  0.04924  3.63208e-03
 58 -0.04128  8.47376e-06 | 59  0.13335  1.01089e-02 | 60 -0.05109 -2.32220e-03
 61  0.09906  1.53822e-03 | 62  0.10676 -7.84299e-04 | 63  0.06109 -1.49852e-03
 64  0.12433 -2.61684e-03 | 65 -0.08667 -4.69450e-03 | 66 -0.08417 -4.27647e-03
 67 -0.08723 -4.05775e-03 | 68 -0.00960 -4.95882e-03 | 69 -0.61027 -1.49618e-04
 70  0.05794  1.70928e-02 | 71  0.60562  3.95697e-03 | 72  0.14940 -3.41054e-05
 73  0.40549 -2.09122e-02 | 74 -0.02965 -8.25267e-05 | 75  0.32624  1.01586e-05
 76 -0.36474 -3.30282e-01 | 77  0.27801 -1.75977e-05 | 78 -0.24791  9.57473e-02
 79  0.37395 -3.64999e-06 |
79 variables; iteration 160; function evaluation 193; phase 6
Function value 1.7320831e+02; maximum gradient component mag -2.8281e-01
Var    Value     Gradient |Var    Value     Gradient |Var    Value     Gradient
  1 -0.22805 -1.15660e-02 |  2  0.41106 -4.48912e-04 |  3  0.02894  4.29596e-03
  4 -0.50756  1.01960e-02 |  5 -0.53773  5.94345e-03 |  6 -0.28149  6.14631e-02
  7 -0.03891  2.53388e-03 |  8 -0.00063  3.56273e-05 |  9 -0.00037 -7.06497e-05
 10 -0.00057  5.88579e-04 | 11 -0.00089 -3.75061e-04 | 12 -0.00138  9.30176e-04
 13 -0.00214 -2.52885e-04 | 14 -0.00328 -1.29655e-04 | 15 -0.00499 -1.20325e-04
 16 -0.00748 -2.51888e-05 | 17 -0.01107 -2.58052e-04 | 18 -0.01594 -3.66941e-05
 19 -0.02218 -5.84454e-05 | 20 -0.02970 -2.68318e-05 | 21 -0.03769  1.95300e-04
 22 -0.04425 -2.13943e-05 | 23 -0.04590  1.65512e-04 | 24 -0.03912 -2.26915e-05
 25 -0.02688  2.73521e-04 | 26 -0.01807  2.36086e-04 | 27  0.00377  3.87726e-04
 28  0.12166 -1.80777e-03 | 29  0.07834 -1.94479e-03 | 30  0.06646 -1.42411e-03
 31 -0.08350 -2.87425e-03 | 32 -0.12731 -2.45063e-03 | 33  0.10739  4.39704e-03
 34 -0.11882 -1.88511e-03 | 35  0.12120  5.20641e-03 | 36 -0.01666 -6.02863e-04
 37 -0.08451 -1.99590e-03 | 38 -0.22760 -2.89816e-03 | 39 -0.08849 -3.49511e-04
 40  0.05015  4.96388e-03 | 41  0.02225  2.16657e-03 | 42  0.01700  1.04531e-03
 43  0.14013  6.60337e-03 | 44  0.00759 -1.51553e-03 | 45 -0.06897 -1.93901e-03
 46 -0.07178 -1.90651e-03 | 47  0.06791  2.87165e-03 | 48 -0.00622 -6.33582e-04
 49 -0.06281 -1.31136e-03 | 50  0.08478  4.63378e-03 | 51  0.05643 -1.02712e-04
 52 -0.06858 -1.91076e-03 | 53 -0.02235 -6.57268e-04 | 54 -0.04314 -1.01844e-04
 55 -0.07654 -4.88592e-04 | 56  0.01021  4.55450e-03 | 57  0.04924  2.71787e-03
 58 -0.04128  8.22997e-05 | 59  0.13335  7.82008e-03 | 60 -0.05109 -1.86694e-03
 61  0.09906  1.27128e-03 | 62  0.10676 -6.02547e-04 | 63  0.06109 -9.87651e-04
 64  0.12433 -1.96643e-03 | 65 -0.08667 -3.58514e-03 | 66 -0.08417 -3.19255e-03
 67 -0.08723 -3.01233e-03 | 68 -0.00961 -4.49633e-03 | 69 -0.61027 -1.74930e-05
 70  0.05794  1.38051e-02 | 71  0.60562  2.06341e-03 | 72  0.14857 -2.09578e-05
 73  0.40549 -1.06426e-02 | 74 -0.01396 -1.03248e-06 | 75  0.32599 -2.05709e-05
 76 -0.36588 -2.82806e-01 | 77  0.27900  1.05225e-06 | 78 -0.25206  7.75867e-02
 79  0.37360 -3.76969e-06 |

 - final statistics:
79 variables; iteration 172; function evaluation 205
Function value 1.7321e+02; maximum gradient component mag -4.2389e-06
Exit code = 1;  converg criter 1.0000e-04
Var    Value     Gradient |Var    Value     Gradient |Var    Value     Gradient
  1 -0.22805 -1.98540e-07 |  2  0.41106 -6.26237e-09 |  3  0.02894  1.03922e-07
  4 -0.50756  2.92934e-07 |  5 -0.53773  2.12084e-07 |  6 -0.28149  1.02168e-06
  7 -0.03891  5.37284e-08 |  8 -0.00064  1.19445e-09 |  9 -0.00037 -2.80296e-09
 10 -0.00057  2.93944e-08 | 11 -0.00089 -2.02683e-08 | 12 -0.00138  4.64451e-08
 13 -0.00214 -1.51352e-08 | 14 -0.00328 -1.12529e-08 | 15 -0.00499  1.34958e-09
 16 -0.00748 -2.06584e-09 | 17 -0.01107 -6.26840e-09 | 18 -0.01594 -2.15013e-09
 19 -0.02218 -6.25120e-09 | 20 -0.02970 -1.42914e-09 | 21 -0.03770  6.66132e-09
 22 -0.04425 -5.71726e-09 | 23 -0.04590  2.72533e-09 | 24 -0.03912 -3.38919e-09
 25 -0.02688  8.89797e-09 | 26 -0.01807  9.92344e-09 | 27  0.00377  9.20298e-09
 28  0.12166 -1.29304e-08 | 29  0.07834 -1.76043e-08 | 30  0.06646 -1.56704e-08
 31 -0.08350 -4.14110e-08 | 32 -0.12731 -3.82481e-08 | 33  0.10739  8.77856e-08
 34 -0.11882 -2.74786e-08 | 35  0.12120  9.73947e-08 | 36 -0.01666 -6.35254e-09
 37 -0.08451 -3.89231e-08 | 38 -0.22760 -4.53690e-08 | 39 -0.08849 -2.58388e-09
 40  0.05015  9.01439e-08 | 41  0.02225  4.66048e-08 | 42  0.01700  2.01715e-08
 43  0.14013  1.31080e-07 | 44  0.00759 -1.62850e-08 | 45 -0.06897 -2.28918e-08
 46 -0.07178 -2.57997e-08 | 47  0.06791  6.69951e-08 | 48 -0.00622 -6.36049e-09
 49 -0.06281 -2.24540e-08 | 50  0.08478  6.46402e-08 | 51  0.05643  6.09481e-10
 52 -0.06858 -3.35772e-08 | 53 -0.02235 -1.25487e-08 | 54 -0.04314 -1.41122e-08
 55 -0.07654 -1.18148e-08 | 56  0.01021  5.32879e-08 | 57  0.04924  3.97274e-08
 58 -0.04128 -1.95392e-09 | 59  0.13335  1.32277e-07 | 60 -0.05109 -3.55341e-08
 61  0.09906  1.25609e-08 | 62  0.10676 -2.48564e-08 | 63  0.06109 -2.41729e-08
 64  0.12433 -4.33111e-08 | 65 -0.08667 -6.00431e-08 | 66 -0.08417 -5.24657e-08
 67 -0.08723 -5.26892e-08 | 68 -0.00961 -8.92654e-08 | 69 -0.61027 -2.91591e-09
 70  0.05794  2.27039e-07 | 71  0.60562  4.16974e-08 | 72  0.14859 -1.81669e-09
 73  0.40549 -2.29654e-07 | 74 -0.01381  1.02926e-09 | 75  0.32662  7.54639e-10
 76 -0.36624 -4.23891e-06 | 77  0.27896  2.23165e-09 | 78 -0.25338  1.14487e-06
 79  0.37379  9.33102e-10 |
Estimating row 1 out of 79 for hessian
Estimating row 2 out of 79 for hessian
Estimating row 3 out of 79 for hessian
Estimating row 4 out of 79 for hessian
Estimating row 5 out of 79 for hessian
Estimating row 6 out of 79 for hessian
Estimating row 7 out of 79 for hessian
Estimating row 8 out of 79 for hessian
Estimating row 9 out of 79 for hessian
Estimating row 10 out of 79 for hessian
Estimating row 11 out of 79 for hessian
Estimating row 12 out of 79 for hessian
Estimating row 13 out of 79 for hessian
Estimating row 14 out of 79 for hessian
Estimating row 15 out of 79 for hessian
Estimating row 16 out of 79 for hessian
Estimating row 17 out of 79 for hessian
Estimating row 18 out of 79 for hessian
Estimating row 19 out of 79 for hessian
Estimating row 20 out of 79 for hessian
Estimating row 21 out of 79 for hessian
Estimating row 22 out of 79 for hessian
Estimating row 23 out of 79 for hessian
Estimating row 24 out of 79 for hessian
Estimating row 25 out of 79 for hessian
Estimating row 26 out of 79 for hessian
Estimating row 27 out of 79 for hessian
Estimating row 28 out of 79 for hessian
Estimating row 29 out of 79 for hessian
Estimating row 30 out of 79 for hessian
Estimating row 31 out of 79 for hessian
Estimating row 32 out of 79 for hessian
Estimating row 33 out of 79 for hessian
Estimating row 34 out of 79 for hessian
Estimating row 35 out of 79 for hessian
Estimating row 36 out of 79 for hessian
Estimating row 37 out of 79 for hessian
Estimating row 38 out of 79 for hessian
Estimating row 39 out of 79 for hessian
Estimating row 40 out of 79 for hessian
Estimating row 41 out of 79 for hessian
Estimating row 42 out of 79 for hessian
Estimating row 43 out of 79 for hessian
Estimating row 44 out of 79 for hessian
Estimating row 45 out of 79 for hessian
Estimating row 46 out of 79 for hessian
Estimating row 47 out of 79 for hessian
Estimating row 48 out of 79 for hessian
Estimating row 49 out of 79 for hessian
Estimating row 50 out of 79 for hessian
Estimating row 51 out of 79 for hessian
Estimating row 52 out of 79 for hessian
Estimating row 53 out of 79 for hessian
Estimating row 54 out of 79 for hessian
Estimating row 55 out of 79 for hessian
Estimating row 56 out of 79 for hessian
Estimating row 57 out of 79 for hessian
Estimating row 58 out of 79 for hessian
Estimating row 59 out of 79 for hessian
Estimating row 60 out of 79 for hessian
Estimating row 61 out of 79 for hessian
Estimating row 62 out of 79 for hessian
Estimating row 63 out of 79 for hessian
Estimating row 64 out of 79 for hessian
Estimating row 65 out of 79 for hessian
Estimating row 66 out of 79 for hessian
Estimating row 67 out of 79 for hessian
Estimating row 68 out of 79 for hessian
Estimating row 69 out of 79 for hessian
Estimating row 70 out of 79 for hessian
Estimating row 71 out of 79 for hessian
Estimating row 72 out of 79 for hessian
Estimating row 73 out of 79 for hessian
Estimating row 74 out of 79 for hessian
Estimating row 75 out of 79 for hessian
Estimating row 76 out of 79 for hessian
Estimating row 77 out of 79 for hessian
Estimating row 78 out of 79 for hessian
Estimating row 79 out of 79 for hessian
size of file gradfil1.tmp = 0
size of file gradfil2.tmp = 0
size of file varssave.tmp = 0
size of file cmpdiff.tmp = 0
