
Initial statistics: 66 variables; iteration 0; function evaluation 0; phase 1
Function value 2.9258812e+03; maximum gradient component mag -5.7626e+04
Var    Value     Gradient |Var    Value     Gradient |Var    Value     Gradient
  1 -0.32528 -5.76261e+04 |  2 -0.03910 -2.46126e+03 |  3  0.00000 -9.68808e-01
  4  0.00000 -5.17633e-01 |  5  0.00000 -7.84914e-01 |  6  0.00000 -1.18816e+00
  7  0.00000 -1.79187e+00 |  8  0.00000 -2.68055e+00 |  9  0.00000 -3.99491e+00
 10  0.00000 -5.90613e+00 | 11  0.00000 -8.67664e+00 | 12  0.00000 -1.26473e+01
 13  0.00000 -1.82345e+01 | 14  0.00000 -2.59013e+01 | 15  0.00000 -3.64276e+01
 16  0.00000 -5.07503e+01 | 17  0.00000 -6.99598e+01 | 18  0.00000 -9.54223e+01
 19  0.00000 -1.28826e+02 | 20  0.00000 -1.72234e+02 | 21  0.00000 -2.29398e+02
 22  0.00000 -3.06914e+02 | 23  0.00000  2.98702e+03 | 24  0.00000  2.82203e+03
 25  0.00000  2.72182e+03 | 26  0.00000  2.75264e+03 | 27  0.00000  2.61130e+03
 28  0.00000  1.79747e+03 | 29  0.00000  1.96914e+03 | 30  0.00000  1.56521e+03
 31  0.00000  2.14446e+03 | 32  0.00000  2.63779e+03 | 33  0.00000  2.79640e+03
 34  0.00000  2.17397e+03 | 35  0.00000  1.19327e+03 | 36  0.00000  7.11310e+02
 37  0.00000  2.46053e+02 | 38  0.00000 -2.72263e+02 | 39  0.00000  1.66043e+02
 40  0.00000  8.35413e+02 | 41  0.00000  8.85233e+02 | 42  0.00000  4.33765e+02
 43  0.00000  4.36794e+02 | 44  0.00000  2.87989e+02 | 45  0.00000 -3.05346e+02
 46  0.00000 -1.93531e+02 | 47  0.00000  4.41814e+02 | 48  0.00000  4.08432e+02
 49  0.00000  2.11860e+02 | 50  0.00000 -1.83720e+02 | 51  0.00000 -1.19488e+03
 52  0.00000 -2.04414e+03 | 53  0.00000 -2.52505e+03 | 54  0.00000 -3.40937e+03
 55  0.00000 -3.01673e+03 | 56  0.00000 -3.06259e+03 | 57  0.00000 -5.05912e+03
 58  0.00000 -1.03506e+04 | 59  0.00000 -1.21738e+04 | 60  0.00000 -5.55992e+03
 61  0.00000  1.51652e+02 | 62  0.00000  2.10617e+03 | 63  0.00000  2.33267e+03
 64  0.00000  2.50348e+03 | 65  0.00000  3.49745e+03 | 66  0.00000  3.52242e+03

Intermediate statistics: 66 variables; iteration 20; function evaluation 31; phase 1
Function value 3.6882754e+02; maximum gradient component mag 3.8933e+03
Var    Value     Gradient |Var    Value     Gradient |Var    Value     Gradient
  1 -0.31719  3.89331e+03 |  2 -0.02228  9.93373e+02 |  3 -0.00067  3.23946e-01
  4 -0.00036  1.73710e-01 |  5 -0.00055  2.63520e-01 |  6 -0.00084  3.99104e-01
  7 -0.00128  6.01985e-01 |  8 -0.00194  9.01878e-01 |  9 -0.00292  1.34170e+00
 10 -0.00436  1.97994e+00 | 11 -0.00643  2.88742e+00 | 12 -0.00938  4.15878e+00
 13 -0.01333  5.87123e+00 | 14 -0.01830  8.08839e+00 | 15 -0.02414  1.09275e+01
 16 -0.02998  1.45055e+01 | 17 -0.03403  1.90360e+01 | 18 -0.03357  2.49420e+01
 19 -0.02660  3.29080e+01 | 20 -0.01486  4.36447e+01 | 21 -0.00123  5.78437e+01
 22  0.01835  7.72454e+01 | 23  0.09595 -1.47303e+01 | 24  0.09148  4.23681e+01
 25  0.05132  4.08912e+01 | 26 -0.05146 -5.08177e+01 | 27 -0.08829 -6.05447e+01
 28  0.10850  5.42389e+02 | 29 -0.02648  1.32937e+02 | 30  0.12052  7.16748e+02
 31 -0.00420  8.98356e+01 | 32 -0.10592 -1.37943e+02 | 33 -0.50599 -2.22419e+02
 34 -0.07025 -7.13341e+01 | 35  0.06127  2.70130e+02 | 36  0.02994  9.11141e+01
 37  0.03556  2.50020e+01 | 38  0.12003  6.50276e+01 | 39  0.01224 -7.73127e+01
 40 -0.07902 -1.67187e+02 | 41 -0.06924 -1.52318e+02 | 42  0.06797  2.90017e+01
 43 -0.00634 -8.95352e+01 | 44 -0.06211 -1.67760e+02 | 45  0.07539 -8.30716e+01
 46  0.04844 -5.55169e+01 | 47 -0.05895 -1.13789e+02 | 48 -0.02425 -4.17674e+01
 49 -0.03737  3.85692e+00 | 50 -0.05313  5.48693e+01 | 51  0.02778  2.71154e+02
 52  0.04949  2.53711e+02 | 53  0.01574  1.94699e+02 | 54  0.11326  2.58428e+02
 55  0.04069  1.50621e+02 | 56  0.09229  2.47560e+01 | 57  0.09512 -1.92942e+02
 58  0.04896 -2.67996e+02 | 59  0.13315 -3.28719e+02 | 60 -0.23780 -4.02433e+02
 61 -0.03609 -2.33105e+02 | 62 -0.07874 -1.99816e+02 | 63 -0.01895 -1.88461e+02
 64  0.12089 -1.11659e+02 | 65 -0.09954 -2.35256e+02 | 66 -0.02141 -2.14550e+02
66 variables; iteration 40; function evaluation 53; phase 1
Function value 2.9324068e+02; maximum gradient component mag 5.7367e+02
Var    Value     Gradient |Var    Value     Gradient |Var    Value     Gradient
  1 -0.32266  5.73672e+02 |  2 -0.03682  4.14661e+01 |  3 -0.00320 -2.66498e-01
  4 -0.00177 -1.50115e-01 |  5 -0.00263 -2.21274e-01 |  6 -0.00389 -3.22168e-01
  7 -0.00566 -4.60268e-01 |  8 -0.00813 -6.44504e-01 |  9 -0.01141 -8.76540e-01
 10 -0.01578 -1.16666e+00 | 11 -0.02128 -1.50106e+00 | 12 -0.02792 -1.84146e+00
 13 -0.03500 -2.07154e+00 | 14 -0.04296 -2.27349e+00 | 15 -0.05630 -3.27311e+00
 16 -0.07996 -6.18825e+00 | 17 -0.10221 -9.24231e+00 | 18 -0.09353 -7.71896e+00
 19 -0.06204 -3.28291e+00 | 20 -0.04611 -2.12466e+00 | 21 -0.03434 -7.99622e-01
 22  0.09665  1.57532e+01 | 23  0.08577 -2.45512e+01 | 24  0.07848 -2.61512e+01
 25  0.05538 -1.56255e+01 | 26 -0.07556 -6.38957e+00 | 27 -0.10127  9.14577e+00
 28  0.09877 -8.84386e+00 | 29 -0.03883  6.03774e+01 | 30  0.10917 -1.07321e+01
 31 -0.00686 -3.38047e+01 | 32 -0.11435 -7.07614e+01 | 33 -0.29195 -5.66050e+01
 34 -0.09949 -9.18386e+01 | 35  0.04736 -8.54809e+01 | 36  0.02777  1.73437e+01
 37  0.02865  4.33287e+01 | 38  0.13612  8.81263e+01 | 39  0.02090  4.84111e+01
 40 -0.08299 -3.19175e+01 | 41 -0.09562 -5.56032e+01 | 42  0.06600 -5.14664e+01
 43 -0.00207  3.12311e+00 | 44 -0.07031 -1.39594e+01 | 45  0.08685  4.95737e+01
 46  0.06090  6.42478e+01 | 47 -0.09021 -4.34064e+01 | 48 -0.02818 -3.31985e+01
 49 -0.04048 -8.98407e+00 | 50 -0.08995 -3.29470e+01 | 51  0.01700  4.50336e+01
 52  0.04584  1.19478e+02 | 53  0.00348  1.92161e+02 | 54  0.11661  2.43719e+02
 55  0.03423  2.90580e+02 | 56  0.10471  3.16674e+02 | 57  0.12222  1.99073e+02
 58  0.03396 -1.06217e+02 | 59  0.12382 -2.32354e+02 | 60 -0.13364 -1.55175e+02
 61 -0.04008 -3.48684e+01 | 62 -0.07576  1.78309e+01 | 63 -0.01212  2.88681e+01
 64  0.11814  1.88752e+01 | 65 -0.09245 -1.42706e+01 | 66 -0.02771 -3.17658e+01
66 variables; iteration 60; function evaluation 82; phase 1
Function value 2.6503103e+02; maximum gradient component mag -1.5100e+02
Var    Value     Gradient |Var    Value     Gradient |Var    Value     Gradient
  1 -0.33314 -1.51001e+02 |  2 -0.03942 -3.69868e+01 |  3 -0.00127 -9.48568e-03
  4 -0.00022  5.92691e-02 |  5 -0.00078  2.73191e-02 |  6 -0.00200 -7.36848e-02
  7 -0.00431 -2.94533e-01 |  8 -0.00802 -6.67181e-01 |  9 -0.01261 -1.10443e+00
 10 -0.01660 -1.36376e+00 | 11 -0.01852 -1.19463e+00 | 12 -0.02009 -7.77813e-01
 13 -0.02316 -3.62665e-01 | 14 -0.02756  7.45373e-02 | 15 -0.03830 -3.87874e-01
 16 -0.04775 -6.40200e-01 | 17 -0.04447  1.22244e+00 | 18 -0.05667 -8.20440e-01
 19 -0.02840  3.62400e+00 | 20 -0.02642  1.98504e+00 | 21  0.00277  5.62616e+00
 22  0.05849  9.94383e+00 | 23  0.09125  1.80298e+01 | 24  0.10714  2.50203e+01
 25  0.05100  8.24386e+00 | 26 -0.09532 -2.36208e+00 | 27 -0.11706  1.46487e+01
 28  0.11309  2.21988e+01 | 29 -0.12129 -3.34308e+00 | 30  0.12185  1.37857e+01
 31 -0.01090  5.40357e+00 | 32 -0.09950 -1.26496e+01 | 33 -0.27441 -1.57618e+01
 34 -0.08783 -2.32165e+01 | 35  0.05648 -9.92736e+00 | 36  0.02757 -5.67862e-01
 37  0.00993 -8.03632e+00 | 38  0.14876  3.61116e+01 | 39  0.00152 -1.03372e+00
 40 -0.07798 -1.64545e+01 | 41 -0.08227 -1.24636e+01 | 42  0.07850  8.85630e-01
 43 -0.01704 -1.80258e+01 | 44 -0.06092 -2.99259e-01 | 45  0.09217  2.01091e+01
 46  0.05703  7.33306e+00 | 47 -0.07923 -1.27361e+01 | 48 -0.01399  2.13029e+00
 49 -0.05059 -3.31468e+01 | 50 -0.07588 -1.72573e+01 | 51  0.01702 -1.82826e+01
 52  0.05216  8.16058e+00 | 53 -0.03573  1.29148e+01 | 54  0.13943  6.28648e+01
 55 -0.03624  3.55095e+01 | 56  0.09957  2.93616e+01 | 57  0.11390  3.24384e+01
 58  0.05640 -2.81212e+01 | 59  0.13816 -3.23733e+01 | 60 -0.08235 -4.65738e+01
 61 -0.04053 -1.38679e+01 | 62 -0.09381 -9.12877e+00 | 63 -0.02746 -8.70551e+00
 64  0.12486  8.30097e+00 | 65 -0.09888  2.87588e+00 | 66 -0.02229 -2.05798e+00
Maximum number of function evaluations exceeded

 - final statistics:
66 variables; iteration 72; function evaluation 100
Function value 2.6249e+02; maximum gradient component mag -2.2279e+02
Exit code = 3;  converg criter 1.0000e+01
Var    Value     Gradient |Var    Value     Gradient |Var    Value     Gradient
  1 -0.32978 -2.22792e+02 |  2 -0.03759 -2.73932e+00 |  3  0.00084  2.86607e-01
  4 -0.00625 -7.85959e-01 |  5 -0.00122 -3.54964e-02 |  6  0.00134  3.96070e-01
  7 -0.00226 -5.29497e-03 |  8 -0.00487 -2.19408e-01 |  9  0.00827  1.91918e+00
 10 -0.01150 -6.18159e-01 | 11 -0.01336 -4.22561e-01 | 12 -0.01623 -1.82879e-01
 13 -0.01399  1.12020e+00 | 14 -0.03389 -1.00782e+00 | 15 -0.03552  8.15943e-02
 16 -0.04531 -2.50257e-01 | 17 -0.05424 -8.32119e-01 | 18 -0.05214 -3.21319e-01
 19 -0.04527 -4.98199e-01 | 20 -0.03263 -6.74884e-01 | 21 -0.02228 -8.92676e-01
 22  0.01560  6.17129e-01 | 23  0.11775  1.19283e+01 | 24  0.07873  1.36893e+01
 25  0.06204  9.58713e+00 | 26 -0.08936  5.77019e+00 | 27 -0.13494  2.20465e+00
 28  0.11228 -4.71943e-01 | 29 -0.12726 -5.39107e+00 | 30  0.12103 -5.07023e+00
 31 -0.01885 -2.43198e+00 | 32 -0.09408  7.41253e+00 | 33 -0.24484  5.19470e+00
 34 -0.08272  5.87725e+00 | 35  0.05433 -7.13622e-01 | 36  0.02517 -3.93382e+00
 37  0.01222 -1.06631e+01 | 38  0.14459 -1.30093e+01 | 39 -0.00135 -7.55157e+00
 40 -0.07115 -2.90489e+00 | 41 -0.07907 -1.54338e+00 | 42  0.07424  4.54034e-01
 43 -0.01089 -2.02213e+00 | 44 -0.06518  1.32162e+00 | 45  0.08949 -2.10959e+00
 46  0.05428  2.23591e+00 | 47 -0.07121  2.35339e+00 | 48 -0.02225  3.41502e+00
 49 -0.04084  5.48902e+00 | 50 -0.07786  1.60583e+00 | 51  0.01793  3.83981e+00
 52  0.05067  6.29121e-01 | 53 -0.04229 -5.65078e+00 | 54  0.13955 -3.26179e-01
 55 -0.06161  4.51358e+00 | 56  0.10277  3.11367e+00 | 57  0.10848 -3.08675e+00
 58  0.05690 -3.09825e+01 | 59  0.13492 -4.01487e+01 | 60 -0.07271 -1.89301e+01
 61 -0.04060  4.84433e+00 | 62 -0.09113  9.63468e+00 | 63 -0.02221  1.47551e+01
 64  0.12123  1.25306e+01 | 65 -0.09754  1.12235e+01 | 66 -0.02118  1.27626e+01

Initial statistics: 71 variables; iteration 0; function evaluation 0; phase 2
Function value 2.6249410e+02; maximum gradient component mag 6.4923e+02
Var    Value     Gradient |Var    Value     Gradient |Var    Value     Gradient
  1 -0.38041 -7.14857e-01 |  2  0.29696 -2.87420e+02 |  3  0.11318  1.86788e+02
  4 -0.56978  6.49235e+02 |  5 -0.49467  5.92900e+02 |  6 -0.32978 -2.22792e+02
  7 -0.03759 -2.73932e+00 |  8  0.00084  2.86607e-01 |  9 -0.00625 -7.85959e-01
 10 -0.00122 -3.54964e-02 | 11  0.00134  3.96070e-01 | 12 -0.00226 -5.29497e-03
 13 -0.00487 -2.19408e-01 | 14  0.00827  1.91918e+00 | 15 -0.01150 -6.18159e-01
 16 -0.01336 -4.22561e-01 | 17 -0.01623 -1.82879e-01 | 18 -0.01399  1.12020e+00
 19 -0.03389 -1.00782e+00 | 20 -0.03552  8.15943e-02 | 21 -0.04531 -2.50257e-01
 22 -0.05424 -8.32119e-01 | 23 -0.05214 -3.21319e-01 | 24 -0.04527 -4.98199e-01
 25 -0.03263 -6.74884e-01 | 26 -0.02228 -8.92676e-01 | 27  0.01560  6.17129e-01
 28  0.11775  1.19458e+01 | 29  0.07873  1.37070e+01 | 30  0.06205  9.60481e+00
 31 -0.08936  5.78778e+00 | 32 -0.13494  2.22201e+00 | 33  0.11228 -4.54454e-01
 34 -0.12726 -5.37366e+00 | 35  0.12103 -5.05279e+00 | 36 -0.01885 -2.41423e+00
 37 -0.09408  7.43011e+00 | 38 -0.24484  5.21117e+00 | 39 -0.08272  5.89486e+00
 40  0.05433 -6.95922e-01 | 41  0.02517 -3.91607e+00 | 42  0.01222 -1.06453e+01
 43  0.14459 -1.29920e+01 | 44 -0.00135 -7.53381e+00 | 45 -0.07115 -2.88723e+00
 46 -0.07907 -1.52575e+00 | 47  0.07424  4.71678e-01 | 48 -0.01089 -2.00436e+00
 49 -0.06518  1.33929e+00 | 50  0.08950 -2.09200e+00 | 51  0.05428  2.25361e+00
 52 -0.07121  2.37105e+00 | 53 -0.02225  3.43277e+00 | 54 -0.04084  5.50675e+00
 55 -0.07786  1.62346e+00 | 56  0.01793  3.85757e+00 | 57  0.05067  6.46829e-01
 58 -0.04229 -5.63306e+00 | 59  0.13955 -3.08839e-01 | 60 -0.06161  4.53126e+00
 61  0.10277  3.13121e+00 | 62  0.10848 -3.06924e+00 | 63  0.05690 -3.09648e+01
 64  0.13492 -4.01314e+01 | 65 -0.07271 -1.89125e+01 | 66 -0.04060  4.86206e+00
 67 -0.09113  9.65227e+00 | 68 -0.02221  1.47729e+01 | 69  0.12123  1.25480e+01
 70 -0.09754  1.12411e+01 | 71 -0.02118  1.27803e+01 |

Intermediate statistics: 71 variables; iteration 20; function evaluation 26; phase 2
Function value 2.5033501e+02; maximum gradient component mag -4.0716e+02
Var    Value     Gradient |Var    Value     Gradient |Var    Value     Gradient
  1 -0.29583  7.53708e+01 |  2  0.34922 -1.64527e+02 |  3  0.08732  6.03679e+01
  4 -0.55081  2.50100e+02 |  5 -0.50540  2.95035e+02 |  6 -0.31059 -4.07161e+02
  7 -0.03898 -2.93545e+01 |  8 -0.00059  4.87853e-02 |  9 -0.00174 -1.69912e-01
 10 -0.00091 -1.45838e-02 | 11 -0.00072  7.19620e-02 | 12 -0.00199 -1.52971e-02
 13 -0.00332 -6.41140e-02 | 14 -0.00187  3.51926e-01 | 15 -0.00749 -1.52694e-01
 16 -0.01027 -1.19024e-01 | 17 -0.01423 -7.92803e-02 | 18 -0.01852  1.28713e-01
 19 -0.02735 -1.80210e-01 | 20 -0.03437  1.01387e-02 | 21 -0.04263  4.01404e-02
 22 -0.04917  9.13413e-02 | 23 -0.05006  3.01817e-01 | 24 -0.04331  4.53394e-01
 25 -0.03103  6.64780e-01 | 26 -0.02050  1.15835e+00 | 27  0.00752  2.73850e+00
 28  0.11480  3.99840e+01 | 29  0.08036  4.05452e+01 | 30  0.06486  4.01946e+01
 31 -0.08656  2.61482e+01 | 32 -0.13475  2.48495e+01 | 33  0.11213  1.08127e+02
 34 -0.12308  3.35507e+01 | 35  0.12598  1.55744e+02 | 36 -0.01559  5.28745e+01
 37 -0.08914  3.47469e+01 | 38 -0.23629  2.38942e+01 | 39 -0.08533  1.56567e+01
 40  0.04916 -3.55657e+01 | 41  0.02254 -2.96489e+01 | 42  0.01400 -2.96353e+01
 43  0.14061 -1.08813e+02 | 44  0.00323 -2.78670e+01 | 45 -0.07275 -9.78692e+00
 46 -0.07490 -1.06024e+01 | 47  0.06566 -8.95678e+01 | 48 -0.00822 -3.29001e+01
 49 -0.06607 -5.09458e+00 | 50  0.08738 -3.49222e+01 | 51  0.05646 -9.87367e+00
 52 -0.06955  6.54788e+00 | 53 -0.02361 -6.16010e+00 | 54 -0.04289 -6.81038e+00
 55 -0.07832 -3.45530e+00 | 56  0.01297 -2.61025e+01 | 57  0.04814 -2.65684e+01
 58 -0.04143  4.09875e+00 | 59  0.13686 -9.04667e+00 | 60 -0.05509  1.84859e+01
 61  0.10297  1.09270e+01 | 62  0.10711 -1.56100e+01 | 63  0.05798 -4.65454e+01
 64  0.12841 -1.40881e+02 | 65 -0.06722 -1.15022e+01 | 66 -0.04331 -4.18861e+00
 67 -0.09273  1.41515e+01 | 68 -0.02447  2.93460e+01 | 69  0.12406  6.57120e+01
 70 -0.09609  2.92873e+01 | 71 -0.02738  2.25538e+01 |
71 variables; iteration 40; function evaluation 50; phase 2
Function value 2.4040440e+02; maximum gradient component mag 8.8874e+01
Var    Value     Gradient |Var    Value     Gradient |Var    Value     Gradient
  1 -0.28878 -2.80552e+00 |  2  0.41382 -3.81031e+01 |  3  0.07397  1.43004e+01
  4 -0.54150  6.74222e+01 |  5 -0.51665  8.88742e+01 |  6 -0.30371  5.04409e+00
  7 -0.03711 -4.47855e+00 |  8  0.00152  3.37179e-01 |  9 -0.01020 -1.35881e+00
 10 -0.00182 -1.49622e-01 | 11  0.00250  5.15593e-01 | 12 -0.00317 -1.96375e-01
 13 -0.00707 -6.17409e-01 | 14  0.01407  2.62299e+00 | 15 -0.01602 -1.43794e+00
 16 -0.01753 -1.25821e+00 | 17 -0.02005 -1.05067e+00 | 18 -0.01660  3.28525e-01
 19 -0.03664 -1.85575e+00 | 20 -0.03775 -7.64851e-01 | 21 -0.04494 -6.30071e-01
 22 -0.04984 -3.86550e-01 | 23 -0.04962 -1.47665e-01 | 24 -0.04303 -3.54790e-01
 25 -0.03392 -1.22636e+00 | 26 -0.03055 -2.57192e+00 | 27  0.01153 -1.93282e-01
 28  0.10857 -2.49420e+00 | 29  0.08682  2.78247e+00 | 30  0.05765  4.43766e+00
 31 -0.08110  1.79685e+00 | 32 -0.13356 -4.63388e+00 | 33  0.10727  5.89864e+00
 34 -0.12188 -1.19910e+00 | 35  0.12049  1.44408e+01 | 36 -0.02008 -6.93100e-01
 37 -0.09228 -4.31166e+00 | 38 -0.21708  8.64013e+00 | 39 -0.09283 -3.78186e+00
 40  0.05235  6.97996e+00 | 41  0.01960 -4.70738e+00 | 42  0.01918  1.53780e+00
 43  0.13960 -2.30821e+00 | 44  0.00367 -1.44943e+00 | 45 -0.07513 -3.10712e+00
 46 -0.06544  8.53350e+00 | 47  0.06617 -5.65585e+00 | 48 -0.00748 -2.23455e-01
 49 -0.06336  9.55985e-01 | 50  0.08573 -2.39346e+00 | 51  0.05370 -1.78253e+00
 52 -0.06794  2.74099e-01 | 53 -0.02430 -1.44314e+00 | 54 -0.04283 -1.56664e+00
 55 -0.07968 -4.71437e+00 | 56  0.01354  1.52950e+00 | 57  0.04690 -2.19282e+00
 58 -0.03875  1.29863e+00 | 59  0.13376  1.14891e+00 | 60 -0.05119  1.29475e+00
 61  0.09826 -1.38869e+00 | 62  0.10480 -6.22844e-01 | 63  0.06182 -2.08338e+00
 64  0.13332 -4.82744e+00 | 65 -0.06279  3.46466e-01 | 66 -0.04455 -1.36214e+00
 67 -0.09451 -6.28092e-01 | 68 -0.02742  8.99076e-01 | 69  0.11856  4.38095e+00
 70 -0.09651  4.29727e-01 | 71 -0.03210 -5.39571e+00 |
71 variables; iteration 60; function evaluation 75; phase 2
Function value 2.3970679e+02; maximum gradient component mag 4.0488e+01
Var    Value     Gradient |Var    Value     Gradient |Var    Value     Gradient
  1 -0.28681 -3.45333e+00 |  2  0.43127 -1.13651e+01 |  3  0.07124  9.86043e+00
  4 -0.53729  3.60663e+01 |  5 -0.52181  4.04880e+01 |  6 -0.30370  1.22049e+01
  7 -0.03713  1.71142e+00 |  8 -0.00225 -1.91619e-01 |  9  0.00708  1.05978e+00
 10  0.00010  1.20492e-01 | 11 -0.00305 -2.65415e-01 | 12 -0.00101  1.09134e-01
 13 -0.00195  1.11246e-01 | 14  0.00214  9.02488e-01 | 15 -0.01374 -1.10332e+00
 16 -0.02057 -1.70500e+00 | 17 -0.02511 -1.81566e+00 | 18 -0.01691  2.92955e-01
 19 -0.02777 -3.64734e-01 | 20 -0.03136  3.98245e-01 | 21 -0.04632 -8.08144e-01
 22 -0.05517 -1.26810e+00 | 23 -0.03300  3.35167e+00 | 24 -0.04735 -7.67386e-01
 25 -0.03460 -6.62767e-01 | 26 -0.00657  2.11175e+00 | 27  0.00348 -5.87974e-01
 28  0.10998 -2.42050e+00 | 29  0.08560  7.59424e-01 | 30  0.05829  1.91126e-01
 31 -0.08629 -2.02741e+00 | 32 -0.12745 -9.86405e-01 | 33  0.10691 -1.43145e-01
 34 -0.12041 -1.35344e+00 | 35  0.11998  1.11617e+00 | 36 -0.02038 -1.53506e+00
 37 -0.08799 -1.71760e+00 | 38 -0.23251 -8.13915e-01 | 39 -0.08854 -7.32520e-01
 40  0.05096  1.17451e+00 | 41  0.02230  1.99940e-01 | 42  0.01656 -1.66442e+00
 43  0.14025  1.78789e+00 | 44  0.00459  1.14535e+00 | 45 -0.07522 -5.09183e+00
 46 -0.06914  4.10741e+00 | 47  0.06864  1.33654e+00 | 48 -0.01138 -3.75513e+00
 49 -0.05846  5.77897e+00 | 50  0.08526  1.81218e-01 | 51  0.05403  3.71957e-01
 52 -0.06766  1.17477e+00 | 53 -0.02404 -4.57712e-01 | 54 -0.04326 -8.52460e-01
 55 -0.07745  2.46020e-01 | 56  0.01292  7.39777e-01 | 57  0.04755  5.44623e-01
 58 -0.03959 -6.41476e-01 | 59  0.13431  1.21025e+00 | 60 -0.05415 -1.61870e+00
 61  0.09921  2.85440e-02 | 62  0.10465 -1.00891e-02 | 63  0.06211 -3.77386e-02
 64  0.13385  1.64048e+00 | 65 -0.06303 -1.45507e-01 | 66 -0.04413 -3.32512e-01
 67 -0.09454 -1.24397e+00 | 68 -0.02683  2.83076e-01 | 69  0.11795 -2.59105e-01
 70 -0.09272  5.04284e+00 | 71 -0.03259 -3.46515e+00 |

 - final statistics:
71 variables; iteration 65; function evaluation 84
Function value 2.3948e+02; maximum gradient component mag 9.3304e+00
Exit code = 1;  converg criter 1.0000e+01
Var    Value     Gradient |Var    Value     Gradient |Var    Value     Gradient
  1 -0.28665 -2.02000e+00 |  2  0.43920 -1.07800e+00 |  3  0.06810  3.02931e+00
  4 -0.53437  9.33044e+00 |  5 -0.52470  8.60244e+00 |  6 -0.30374  7.36965e+00
  7 -0.03718  1.75949e+00 |  8 -0.00068  2.85798e-02 |  9 -0.00350 -4.20861e-01
 10 -0.00098 -3.00245e-02 | 11 -0.00122 -6.70431e-03 | 12 -0.00154  3.69903e-02
 13 -0.00141  1.91150e-01 | 14 -0.00713 -4.28975e-01 | 15 -0.00741 -1.74660e-01
 16 -0.01410 -7.35306e-01 | 17 -0.01712 -5.83013e-01 | 18 -0.01960 -1.20664e-01
 19 -0.02200  6.23980e-01 | 20 -0.03288  1.57415e-01 | 21 -0.04730 -9.58518e-01
 22 -0.05138 -5.23854e-01 | 23 -0.04935  1.56205e-01 | 24 -0.04162  3.60879e-01
 25 -0.02842  5.19974e-01 | 26 -0.02047  6.09230e-02 | 27  0.00356  5.45212e-02
 28  0.11734  6.55037e-01 | 29  0.07826  9.79811e-01 | 30  0.06013  7.14607e-01
 31 -0.08593 -1.58603e-01 | 32 -0.12723 -1.52344e-01 | 33  0.10687  1.06437e+00
 34 -0.11990 -2.88188e-01 | 35  0.11989  1.17418e+00 | 36 -0.02049 -9.07963e-02
 37 -0.08750 -2.31278e-01 | 38 -0.23233 -3.61477e-01 | 39 -0.08846 -1.62436e-01
 40  0.05091  3.37664e-01 | 41  0.02205  1.05729e-01 | 42  0.01713 -1.98797e-01
 43  0.14033  9.61068e-01 | 44  0.00290  2.72212e-01 | 45 -0.06993 -4.74040e-01
 46 -0.07335  3.43605e-01 | 47  0.06875  5.43262e-01 | 48 -0.00882 -2.35895e-01
 49 -0.06322  5.30077e-01 | 50  0.08614  2.64669e-01 | 51  0.05385 -1.73229e-02
 52 -0.06839 -2.42097e-01 | 53 -0.02375 -2.85775e-01 | 54 -0.04304 -3.36690e-01
 55 -0.07763 -2.13749e-01 | 56  0.01297 -1.49276e-01 | 57  0.04754 -2.06750e-01
 58 -0.03936 -4.12744e-01 | 59  0.13419 -1.14155e-01 | 60 -0.05311 -5.67542e-01
 61  0.09912 -2.82666e-01 | 62  0.10471 -3.23960e-01 | 63  0.06211 -3.53713e-01
 64  0.13379 -8.65232e-02 | 65 -0.06311 -3.79640e-01 | 66 -0.04410 -3.62382e-01
 67 -0.09413 -4.72283e-01 | 68 -0.02725 -3.20011e-01 | 69  0.11840 -3.45644e-01
 70 -0.09639  1.67112e-01 | 71 -0.03173 -7.00499e-01 |

Initial statistics: 79 variables; iteration 0; function evaluation 0; phase 3
Function value 2.3948405e+02; maximum gradient component mag 1.5645e+03
Var    Value     Gradient |Var    Value     Gradient |Var    Value     Gradient
  1 -0.28665 -2.02000e+00 |  2  0.43920 -1.07800e+00 |  3  0.06810  3.02931e+00
  4 -0.53437  9.33044e+00 |  5 -0.52470  8.60244e+00 |  6 -0.30374  7.36965e+00
  7 -0.03718  1.75949e+00 |  8 -0.00068  2.85798e-02 |  9 -0.00350 -4.20861e-01
 10 -0.00098 -3.00245e-02 | 11 -0.00122 -6.70431e-03 | 12 -0.00154  3.69903e-02
 13 -0.00141  1.91150e-01 | 14 -0.00713 -4.28975e-01 | 15 -0.00741 -1.74660e-01
 16 -0.01410 -7.35306e-01 | 17 -0.01712 -5.83013e-01 | 18 -0.01960 -1.20664e-01
 19 -0.02200  6.23980e-01 | 20 -0.03288  1.57415e-01 | 21 -0.04730 -9.58518e-01
 22 -0.05138 -5.23854e-01 | 23 -0.04935  1.56205e-01 | 24 -0.04162  3.60879e-01
 25 -0.02842  5.19974e-01 | 26 -0.02047  6.09230e-02 | 27  0.00356  5.45212e-02
 28  0.11734  6.63904e-01 | 29  0.07826  9.88764e-01 | 30  0.06013  7.23587e-01
 31 -0.08593 -1.49664e-01 | 32 -0.12723 -1.43504e-01 | 33  0.10687  1.07326e+00
 34 -0.11990 -2.79327e-01 | 35  0.11989  1.18304e+00 | 36 -0.02049 -8.17805e-02
 37 -0.08750 -2.22342e-01 | 38 -0.23233 -3.53050e-01 | 39 -0.08846 -1.53502e-01
 40  0.05091  3.46655e-01 | 41  0.02205  1.14745e-01 | 42  0.01713 -1.89780e-01
 43  0.14033  9.69870e-01 | 44  0.00290  2.81232e-01 | 45 -0.06993 -4.65074e-01
 46 -0.07335  3.52566e-01 | 47  0.06875  5.52230e-01 | 48 -0.00882 -2.26876e-01
 49 -0.06322  5.39053e-01 | 50  0.08614  2.73607e-01 | 51  0.05385 -8.33466e-03
 52 -0.06839 -2.33128e-01 | 53 -0.02375 -2.76761e-01 | 54 -0.04304 -3.27690e-01
 55 -0.07763 -2.04795e-01 | 56  0.01297 -1.40258e-01 | 57  0.04754 -1.97755e-01
 58 -0.03936 -4.03741e-01 | 59  0.13419 -1.05334e-01 | 60 -0.05311 -5.58553e-01
 61  0.09912 -2.73755e-01 | 62  0.10472 -3.15061e-01 | 63  0.06211 -3.44735e-01
 64  0.13379 -7.77011e-02 | 65 -0.06311 -3.70664e-01 | 66 -0.04410 -3.53384e-01
 67 -0.09413 -4.63361e-01 | 68 -0.02725 -3.10999e-01 | 69  0.11840 -3.36779e-01
 70 -0.09639  1.76029e-01 | 71 -0.03173 -6.91490e-01 | 72  0.65940 -9.07149e+00
 73  0.11821 -2.50672e-02 | 74  0.41078  1.56417e+02 | 75 -0.09439 -1.06824e-03
 76  0.11191 -6.72900e-02 | 77 -0.34908  1.56447e+03 | 78  0.26198  1.36434e-03
 79 -0.20514 -6.32543e+02 |

Intermediate statistics: 79 variables; iteration 20; function evaluation 25; phase 3
Function value 2.3559055e+02; maximum gradient component mag 4.0050e+02
Var    Value     Gradient |Var    Value     Gradient |Var    Value     Gradient
  1 -0.38761  2.92654e+01 |  2  0.44679 -1.15310e+01 |  3  0.06799 -1.15807e+02
  4 -0.54062 -3.34551e+02 |  5 -0.52042 -2.41382e+02 |  6 -0.33386 -5.17864e+01
  7 -0.03636  1.49995e+01 |  8 -0.00093  2.60359e-02 |  9 -0.00126 -9.21508e-02
 10 -0.00088  4.85049e-03 | 11 -0.00127  1.51321e-02 | 12 -0.00187  3.16673e-02
 13 -0.00263  7.52602e-02 | 14 -0.00507 -5.55619e-02 | 15 -0.00683  1.37753e-02
 16 -0.01064 -9.00111e-02 | 17 -0.01465 -4.35159e-02 | 18 -0.01975  4.14532e-02
 19 -0.02614  1.23995e-01 | 20 -0.03475  1.87717e-04 | 21 -0.04368 -2.02363e-01
 22 -0.05000 -3.17243e-01 | 23 -0.05124 -5.14177e-01 | 24 -0.04439 -8.19905e-01
 25 -0.03174 -1.23959e+00 | 26 -0.02083 -1.94630e+00 | 27  0.00418 -3.09209e+00
 28  0.11821 -8.42699e+00 | 29  0.07732 -7.37702e+00 | 30  0.05750 -1.07804e+01
 31 -0.08073 -1.96339e-01 | 32 -0.13527  8.97883e-01 | 33  0.10937 -3.09728e+01
 34 -0.13979 -2.71923e+00 | 35  0.12215 -5.06431e+01 | 36 -0.02335 -1.09363e+01
 37 -0.08640 -3.15023e+00 | 38 -0.23157  4.98316e+00 | 39 -0.09387  8.25058e+00
 40  0.05398  1.98903e+01 | 41  0.02246  7.98305e+00 | 42  0.01586  2.79634e+00
 43  0.14090 -1.70902e+00 | 44  0.01452  4.09442e+00 | 45 -0.07527  2.74398e+00
 46 -0.06983  1.36794e+00 | 47  0.06767 -2.18753e+01 | 48 -0.00442 -8.22089e+00
 49 -0.06352 -2.60793e+00 | 50  0.08238 -2.51017e+01 | 51  0.06023 -1.16305e+01
 52 -0.07175  3.06376e+00 | 53 -0.02125  1.20480e+00 | 54 -0.04354  4.68186e+00
 55 -0.07411  6.16189e+00 | 56  0.00830  1.41578e+01 | 57  0.05633  2.94145e+01
 58 -0.04299  1.33883e+01 | 59  0.13605  2.09588e+01 | 60 -0.05265  9.74729e+00
 61  0.10020  1.52221e+01 | 62  0.10931  1.22967e+01 | 63  0.05798  6.80357e+00
 64  0.13837  2.39254e+01 | 65 -0.06131  1.03870e+01 | 66 -0.04211  1.16518e+01
 67 -0.09794  1.02851e+01 | 68 -0.03355  1.69778e+01 | 69  0.12263  5.00233e+01
 70 -0.09019  1.16253e+01 | 71 -0.03313  1.22204e+01 | 72  0.64641 -5.57782e+01
 73  0.11859 -5.59566e-02 | 74  0.40990  4.00496e+02 | 75 -0.09438 -1.19186e-03
 76  0.11236 -6.92234e-02 | 77 -0.35624  1.16444e+02 | 78  0.26197  1.34925e-03
 79 -0.21135 -4.03468e+01 |
79 variables; iteration 40; function evaluation 46; phase 3
Function value 2.3533621e+02; maximum gradient component mag 2.8046e+02
Var    Value     Gradient |Var    Value     Gradient |Var    Value     Gradient
  1 -0.39259  1.42740e+01 |  2  0.44812 -6.24112e+00 |  3  0.07144 -7.59756e+01
  4 -0.54243 -2.22563e+02 |  5 -0.51982 -1.60867e+02 |  6 -0.33541 -1.11374e+01
  7 -0.03683  1.94981e+01 |  8 -0.00156 -5.05616e-02 |  9  0.00003  9.45343e-02
 10 -0.00113 -2.15502e-02 | 11 -0.00177 -4.04545e-02 | 12 -0.00272 -6.88452e-02
 13 -0.00426 -1.28642e-01 | 14 -0.00507 -1.34607e-02 | 15 -0.00807 -1.08431e-01
 16 -0.01096 -5.24687e-02 | 17 -0.01600 -1.34224e-01 | 18 -0.02241 -2.28712e-01
 19 -0.02983 -2.91772e-01 | 20 -0.03774 -2.63374e-01 | 21 -0.04566 -2.36199e-01
 22 -0.05154 -1.94939e-01 | 23 -0.05183 -8.04129e-02 | 24 -0.04393  3.94267e-02
 25 -0.03160 -3.31152e-02 | 26 -0.02338 -5.17555e-01 | 27 -0.00684 -1.42423e+00
 28  0.13340  3.05408e+00 | 29  0.05423  4.74303e-01 | 30  0.06935  3.57819e+00
 31 -0.08605  2.70182e+00 | 32 -0.13374  2.36752e+00 | 33  0.10905 -1.29846e+01
 34 -0.13630 -5.19691e-01 | 35  0.12228 -2.86259e+01 | 36 -0.02341 -7.54825e+00
 37 -0.08696 -3.92584e+00 | 38 -0.23260  1.85985e+00 | 39 -0.09374  6.07901e+00
 40  0.05324  1.27161e+01 | 41  0.02178  2.93594e+00 | 42  0.01588  8.36039e-01
 43  0.14073  2.30455e-01 | 44  0.01458  2.25592e+00 | 45 -0.07494  5.96228e-01
 46 -0.07139 -1.81576e+00 | 47  0.06812 -1.66269e+01 | 48 -0.00436 -6.70082e+00
 49 -0.06340 -2.95898e+00 | 50  0.08259 -2.02448e+01 | 51  0.06001 -1.37518e+01
 52 -0.07224  3.08392e-01 | 53 -0.02036  1.34500e+00 | 54 -0.04387  1.23912e+00
 55 -0.07453  8.73307e-01 | 56  0.00804  7.83208e+00 | 57  0.05604  1.88235e+01
 58 -0.04347  7.33229e+00 | 59  0.13591  1.15120e+01 | 60 -0.05306  5.08448e+00
 61  0.10039  1.09141e+01 | 62  0.10955  6.38779e+00 | 63  0.05694 -2.54003e+00
 64  0.13831  1.34513e+01 | 65 -0.06116  6.08587e+00 | 66 -0.04165  8.50218e+00
 67 -0.09798  6.17400e+00 | 68 -0.03359  1.13024e+01 | 69  0.12163  3.39148e+01
 70 -0.08946  7.96790e+00 | 71 -0.03211  1.16680e+01 | 72  0.64973 -3.70663e+01
 73  0.12336 -1.80066e-02 | 74  0.40996  2.80456e+02 | 75 -0.09411 -1.67996e-03
 76  0.12710 -4.07561e-02 | 77 -0.35686  4.85199e+01 | 78  0.26158  1.34918e-03
 79 -0.21240 -1.61888e+01 |
79 variables; iteration 60; function evaluation 71; phase 3
Function value 2.3501733e+02; maximum gradient component mag -2.8370e+01
Var    Value     Gradient |Var    Value     Gradient |Var    Value     Gradient
  1 -0.39664  2.88821e-01 |  2  0.45132  2.68925e+00 |  3  0.06861 -2.19357e+00
  4 -0.53895 -5.45482e+00 |  5 -0.52227 -3.86265e+00 |  6 -0.33746  3.05932e+00
  7 -0.03799 -5.11135e-01 |  8 -0.00168 -6.71055e-02 |  9  0.00013  1.09630e-01
 10 -0.00120 -3.14154e-02 | 11 -0.00187 -5.35863e-02 | 12 -0.00283 -8.30888e-02
 13 -0.00434 -1.38804e-01 | 14 -0.00500 -5.49141e-04 | 15 -0.00776 -5.95713e-02
 16 -0.01028  5.47992e-02 | 17 -0.01467  7.82356e-02 | 18 -0.02025  1.28196e-01
 19 -0.02684  2.28273e-01 | 20 -0.03462  3.10805e-01 | 21 -0.04341  2.11893e-01
 22 -0.05021  9.82723e-02 | 23 -0.05166 -1.32897e-02 | 24 -0.04553 -2.56088e-01
 25 -0.03626 -8.59424e-01 | 26 -0.01852  2.83144e-01 | 27  0.00670  3.16310e-01
 28  0.12100  5.11834e-02 | 29  0.07160 -5.73856e-01 | 30  0.06312 -6.41763e-01
 31 -0.08288 -1.12347e+00 | 32 -0.13490 -9.46754e-02 | 33  0.10938  5.64239e-02
 34 -0.13590  4.96444e-01 | 35  0.12289 -2.08803e+00 | 36 -0.02198  1.16077e+00
 37 -0.08580 -7.58169e-01 | 38 -0.23111  2.83290e-01 | 39 -0.09597 -4.33201e-02
 40  0.05143 -4.33180e-01 | 41  0.02229  1.07501e+00 | 42  0.01522 -7.79055e-01
 43  0.14018 -5.70442e-01 | 44  0.01371 -1.90987e+00 | 45 -0.07381  2.71503e+00
 46 -0.06962  3.15642e+00 | 47  0.06782 -1.41842e+00 | 48 -0.00478 -1.25835e+00
 49 -0.06146  2.66230e+00 | 50  0.08212 -1.00439e-01 | 51  0.06133 -4.44022e-01
 52 -0.07299  4.54672e-01 | 53 -0.02009  1.40229e+00 | 54 -0.04480 -1.67514e+00
 55 -0.07416 -1.77208e+00 | 56  0.00721  1.98688e+00 | 57  0.05501  5.88027e-01
 58 -0.04455  2.83739e-01 | 59  0.13562  1.10674e+00 | 60 -0.05298 -1.35741e-01
 61  0.09947  4.04806e-01 | 62  0.10955 -7.88116e-03 | 63  0.05849 -3.08889e-02
 64  0.13807 -8.14097e-02 | 65 -0.06122 -4.76591e-01 | 66 -0.04202 -5.17071e-01
 67 -0.09844 -1.60520e-01 | 68 -0.03504  3.69222e-01 | 69  0.12006  1.01209e+00
 70 -0.08873 -1.44130e-01 | 71 -0.03413 -1.62475e+00 | 72  0.64357 -1.53966e+00
 73  0.15406  1.07293e-02 | 74  0.40879  7.37110e+00 | 75 -0.09237  7.67966e-04
 76  0.16544 -1.54078e-02 | 77 -0.35815 -2.83704e+01 | 78  0.25940  1.32679e-03
 79 -0.21450  1.02654e+01 |
Maximum number of function evaluations exceeded

 - final statistics:
79 variables; iteration 78; function evaluation 100
Function value 2.3499e+02; maximum gradient component mag -1.1622e+01
Exit code = 3;  converg criter 1.0000e+00
Var    Value     Gradient |Var    Value     Gradient |Var    Value     Gradient
  1 -0.39876 -7.46025e-01 |  2  0.44935  3.65636e-02 |  3  0.07199  6.29284e-01
  4 -0.54126  1.71235e+00 |  5 -0.52084  1.24341e+00 |  6 -0.33818  3.72118e+00
  7 -0.03788  9.78841e-02 |  8 -0.00149 -3.75661e-02 |  9 -0.00025  5.70141e-02
 10 -0.00112 -1.77061e-02 | 11 -0.00170 -2.87438e-02 | 12 -0.00249 -3.20452e-02
 13 -0.00359 -2.75349e-02 | 14 -0.00503  1.12750e-03 | 15 -0.00771 -4.36948e-02
 16 -0.01055  2.37851e-02 | 17 -0.01534 -1.22239e-02 | 18 -0.02075  6.54901e-02
 19 -0.02856 -4.53784e-02 | 20 -0.03623  4.39900e-02 | 21 -0.04480 -2.50949e-02
 22 -0.05073  2.41028e-02 | 23 -0.05196 -3.51779e-02 | 24 -0.04488 -6.94764e-02
 25 -0.03149  3.08406e-02 | 26 -0.02016 -2.86602e-02 | 27  0.00545  1.09383e-02
 28  0.12023 -1.44494e-01 | 29  0.07386 -1.56638e-01 | 30  0.06169 -1.84467e-01
 31 -0.08120 -1.83352e-01 | 32 -0.13525 -1.72439e-01 | 33  0.10951  1.89890e-01
 34 -0.13716 -1.46429e-01 | 35  0.12332  1.98679e-01 | 36 -0.02287 -6.61937e-02
 37 -0.08524 -1.30060e-01 | 38 -0.23210 -1.79272e-01 | 39 -0.09594 -8.10407e-02
 40  0.05174  2.37847e-01 | 41  0.02186  1.11462e-01 | 42  0.01582  3.15897e-02
 43  0.13998  4.00495e-01 | 44  0.01523 -4.13135e-02 | 45 -0.07548 -9.53346e-02
 46 -0.07124 -1.08895e-01 | 47  0.06835  1.62285e-01 | 48 -0.00387 -1.94182e-02
 49 -0.06377 -6.67223e-02 | 50  0.08262  2.77126e-01 | 51  0.06139  6.11877e-02
 52 -0.07303 -1.17780e-01 | 53 -0.02052 -1.54911e-03 | 54 -0.04427 -3.46649e-02
 55 -0.07341 -4.64151e-02 | 56  0.00687  2.51724e-01 | 57  0.05522  2.04398e-01
 58 -0.04452 -1.93648e-02 | 59  0.13570  4.68305e-01 | 60 -0.05277 -1.02556e-01
 61  0.09950  1.26688e-01 | 62  0.10968  4.58527e-02 | 63  0.05855 -2.03800e-02
 64  0.13814  4.73595e-02 | 65 -0.06103 -1.55211e-01 | 66 -0.04186 -1.18216e-01
 67 -0.09833 -1.05614e-01 | 68 -0.03509 -8.39973e-02 | 69  0.12008  8.90466e-02
 70 -0.08886 -2.16323e-01 | 71 -0.03349 -1.46533e-01 | 72  0.64565  2.45089e-01
 73  0.13541  8.01158e-04 | 74  0.40897 -1.50489e+00 | 75 -0.09209 -4.39694e-04
 76  0.21992 -4.64154e-03 | 77 -0.35837 -1.16216e+01 | 78  0.25159  1.27579e-03
 79 -0.21508  4.57961e+00 |

Initial statistics: 80 variables; iteration 0; function evaluation 0; phase 4
Function value 2.3499245e+02; maximum gradient component mag -1.1622e+01
Var    Value     Gradient |Var    Value     Gradient |Var    Value     Gradient
  1 -0.39876 -7.46025e-01 |  2  0.44935  3.65636e-02 |  3  0.07199  6.29284e-01
  4 -0.54126  1.71235e+00 |  5 -0.52084  1.24341e+00 |  6 -0.33818  3.72118e+00
  7 -0.03788  9.78841e-02 |  8 -0.00149 -3.75661e-02 |  9 -0.00025  5.70141e-02
 10 -0.00112 -1.77061e-02 | 11 -0.00170 -2.87438e-02 | 12 -0.00249 -3.20452e-02
 13 -0.00359 -2.75349e-02 | 14 -0.00503  1.12750e-03 | 15 -0.00771 -4.36948e-02
 16 -0.01055  2.37851e-02 | 17 -0.01534 -1.22239e-02 | 18 -0.02075  6.54901e-02
 19 -0.02856 -4.53784e-02 | 20 -0.03623  4.39900e-02 | 21 -0.04480 -2.50949e-02
 22 -0.05073  2.41028e-02 | 23 -0.05196 -3.51779e-02 | 24 -0.04488 -6.94764e-02
 25 -0.03149  3.08406e-02 | 26 -0.02016 -2.86602e-02 | 27  0.00545  1.09383e-02
 28  0.12023 -1.43614e-01 | 29  0.07386 -1.55748e-01 | 30  0.06169 -1.83574e-01
 31 -0.08120 -1.82462e-01 | 32 -0.13525 -1.71562e-01 | 33  0.10951  1.90774e-01
 34 -0.13716 -1.45553e-01 | 35  0.12332  1.99559e-01 | 36 -0.02287 -6.52974e-02
 37 -0.08524 -1.29171e-01 | 38 -0.23210 -1.78434e-01 | 39 -0.09594 -8.01539e-02
 40  0.05174  2.38740e-01 | 41  0.02186  1.12359e-01 | 42  0.01582  3.24863e-02
 43  0.13998  4.01370e-01 | 44  0.01523 -4.04168e-02 | 45 -0.07548 -9.44440e-02
 46 -0.07124 -1.08004e-01 | 47  0.06835  1.63177e-01 | 48 -0.00387 -1.85213e-02
 49 -0.06377 -6.58299e-02 | 50  0.08262  2.78016e-01 | 51  0.06139  6.20805e-02
 52 -0.07303 -1.16889e-01 | 53 -0.02052 -6.52661e-04 | 54 -0.04427 -3.37702e-02
 55 -0.07341 -4.55241e-02 | 56  0.00687  2.52621e-01 | 57  0.05522  2.05292e-01
 58 -0.04452 -1.84700e-02 | 59  0.13570  4.69182e-01 | 60 -0.05277 -1.01662e-01
 61  0.09950  1.27574e-01 | 62  0.10968  4.67363e-02 | 63  0.05855 -1.94869e-02
 64  0.13814  4.82354e-02 | 65 -0.06103 -1.54318e-01 | 66 -0.04186 -1.17321e-01
 67 -0.09833 -1.04728e-01 | 68 -0.03509 -8.31018e-02 | 69  0.12008  8.99276e-02
 70 -0.08886 -2.15435e-01 | 71 -0.03349 -1.45637e-01 | 72  0.64565  2.45089e-01
 73  0.13541  8.01158e-04 | 74  0.40897 -1.50489e+00 | 75 -0.09209 -4.39694e-04
 76  0.21992 -4.64154e-03 | 77 -0.35837 -1.16216e+01 | 78  0.25159  1.27579e-03
 79 -0.21508  4.57961e+00 | 80  0.88668  1.74437e-02 |

 - final statistics:
80 variables; iteration 2; function evaluation 4
Function value 2.3499e+02; maximum gradient component mag 5.9064e-01
Exit code = 1;  converg criter 1.0000e+00
Var    Value     Gradient |Var    Value     Gradient |Var    Value     Gradient
  1 -0.39876 -6.92881e-03 |  2  0.44935  1.89938e-02 |  3  0.07199  4.77363e-02
  4 -0.54126  9.56865e-02 |  5 -0.52084  1.45282e-01 |  6 -0.33818 -1.53464e-01
  7 -0.03788 -8.46535e-02 |  8 -0.00149 -3.76632e-02 |  9 -0.00025  5.69430e-02
 10 -0.00112 -1.77876e-02 | 11 -0.00170 -2.88656e-02 | 12 -0.00249 -3.22298e-02
 13 -0.00359 -2.78132e-02 | 14 -0.00503  7.07741e-04 | 15 -0.00771 -4.42911e-02
 16 -0.01055  2.29061e-02 | 17 -0.01534 -1.34464e-02 | 18 -0.02075  6.37797e-02
 19 -0.02856 -4.76170e-02 | 20 -0.03623  4.10143e-02 | 21 -0.04480 -2.88926e-02
 22 -0.05073  1.92041e-02 | 23 -0.05196 -4.15307e-02 | 24 -0.04488 -7.81024e-02
 25 -0.03149  1.86489e-02 | 26 -0.02016 -4.54630e-02 | 27  0.00545 -1.50668e-02
 28  0.12023 -4.25993e-02 | 29  0.07386 -3.88917e-02 | 30  0.06169 -9.11564e-02
 31 -0.08120 -3.02066e-03 | 32 -0.13525 -4.05868e-03 | 33  0.10951 -3.85387e-02
 34 -0.13716  6.53706e-03 | 35  0.12332 -1.11619e-01 | 36 -0.02287 -5.26412e-03
 37 -0.08524 -5.39201e-03 | 38 -0.23210  7.35899e-03 | 39 -0.09594 -1.23845e-02
 40  0.05174 -2.05563e-02 | 41  0.02186  8.79431e-03 | 42  0.01582 -1.35810e-02
 43  0.13998 -2.31813e-02 | 44  0.01523  1.00080e-02 | 45 -0.07548  2.86550e-02
 46 -0.07124  6.32935e-03 | 47  0.06835 -1.85399e-02 | 48 -0.00387  7.73733e-03
 49 -0.06377  2.09631e-02 | 50  0.08262  1.81056e-02 | 51  0.06139  1.75641e-02
 52 -0.07303  2.12848e-03 | 53 -0.02052  3.86014e-02 | 54 -0.04427 -8.67128e-03
 55 -0.07341  3.13959e-03 | 56  0.00687  5.31553e-02 | 57  0.05522  2.83880e-02
 58 -0.04452  1.08599e-02 | 59  0.13570 -2.19346e-03 | 60 -0.05277  1.45139e-02
 61  0.09950  2.19129e-02 | 62  0.10968  1.95083e-02 | 63  0.05855  1.52912e-02
 64  0.13814  1.82217e-02 | 65 -0.06103  2.11969e-02 | 66 -0.04186  9.83755e-03
 67 -0.09833  2.85312e-02 | 68 -0.03509  6.34225e-03 | 69  0.12008  1.81769e-02
 70 -0.08886  2.25302e-03 | 71 -0.03349 -2.59227e-03 | 72  0.64565  2.80067e-02
 73  0.13541  7.83909e-04 | 74  0.40898 -2.03670e-01 | 75 -0.09209 -4.41542e-04
 76  0.21992 -4.68128e-03 | 77 -0.35836  2.39368e-01 | 78  0.25159  1.27540e-03
 79 -0.21508  5.90644e-01 | 80  0.88668  1.74436e-02 |

 - final statistics:
80 variables; iteration 0; function evaluation 0
Function value 2.3499e+02; maximum gradient component mag 5.9064e-01
Exit code = 0;  converg criter 1.0000e+00
Var    Value     Gradient |Var    Value     Gradient |Var    Value     Gradient
  1 -0.39876 -6.92881e-03 |  2  0.44935  1.89938e-02 |  3  0.07199  4.77363e-02
  4 -0.54126  9.56865e-02 |  5 -0.52084  1.45282e-01 |  6 -0.33818 -1.53464e-01
  7 -0.03788 -8.46535e-02 |  8 -0.00149 -3.76632e-02 |  9 -0.00025  5.69430e-02
 10 -0.00112 -1.77876e-02 | 11 -0.00170 -2.88656e-02 | 12 -0.00249 -3.22298e-02
 13 -0.00359 -2.78132e-02 | 14 -0.00503  7.07741e-04 | 15 -0.00771 -4.42911e-02
 16 -0.01055  2.29061e-02 | 17 -0.01534 -1.34464e-02 | 18 -0.02075  6.37797e-02
 19 -0.02856 -4.76170e-02 | 20 -0.03623  4.10143e-02 | 21 -0.04480 -2.88926e-02
 22 -0.05073  1.92041e-02 | 23 -0.05196 -4.15307e-02 | 24 -0.04488 -7.81024e-02
 25 -0.03149  1.86489e-02 | 26 -0.02016 -4.54630e-02 | 27  0.00545 -1.50668e-02
 28  0.12023 -4.25984e-02 | 29  0.07386 -3.88908e-02 | 30  0.06169 -9.11554e-02
 31 -0.08120 -3.01972e-03 | 32 -0.13525 -4.05776e-03 | 33  0.10951 -3.85377e-02
 34 -0.13716  6.53799e-03 | 35  0.12332 -1.11618e-01 | 36 -0.02287 -5.26318e-03
 37 -0.08524 -5.39107e-03 | 38 -0.23210  7.35987e-03 | 39 -0.09594 -1.23835e-02
 40  0.05174 -2.05553e-02 | 41  0.02186  8.79525e-03 | 42  0.01582 -1.35801e-02
 43  0.13998 -2.31803e-02 | 44  0.01523  1.00090e-02 | 45 -0.07548  2.86559e-02
 46 -0.07124  6.33029e-03 | 47  0.06835 -1.85390e-02 | 48 -0.00387  7.73828e-03
 49 -0.06377  2.09641e-02 | 50  0.08262  1.81066e-02 | 51  0.06139  1.75650e-02
 52 -0.07303  2.12943e-03 | 53 -0.02052  3.86024e-02 | 54 -0.04427 -8.67034e-03
 55 -0.07341  3.14053e-03 | 56  0.00687  5.31563e-02 | 57  0.05522  2.83889e-02
 58 -0.04452  1.08608e-02 | 59  0.13570 -2.19253e-03 | 60 -0.05277  1.45148e-02
 61  0.09950  2.19138e-02 | 62  0.10968  1.95092e-02 | 63  0.05855  1.52921e-02
 64  0.13814  1.82226e-02 | 65 -0.06103  2.11979e-02 | 66 -0.04186  9.83850e-03
 67 -0.09833  2.85321e-02 | 68 -0.03509  6.34320e-03 | 69  0.12008  1.81779e-02
 70 -0.08886  2.25396e-03 | 71 -0.03349 -2.59132e-03 | 72  0.64565  2.80067e-02
 73  0.13541  7.83909e-04 | 74  0.40898 -2.03670e-01 | 75 -0.09209 -4.41542e-04
 76  0.21992 -4.68128e-03 | 77 -0.35836  2.39368e-01 | 78  0.25159  1.27540e-03
 79 -0.21508  5.90644e-01 | 80  0.88668  1.74436e-02 |

Initial statistics: 82 variables; iteration 0; function evaluation 0; phase 6
Function value 2.3499238e+02; maximum gradient component mag -1.8696e+00
Var    Value     Gradient |Var    Value     Gradient |Var    Value     Gradient
  1 -0.39876 -6.92881e-03 |  2  0.44935  1.89938e-02 |  3  0.07199  4.77363e-02
  4 -0.54126  9.56865e-02 |  5 -0.52084  1.45282e-01 |  6 -0.33818 -1.53464e-01
  7 -0.03788 -8.46535e-02 |  8 -0.00149 -3.76632e-02 |  9 -0.00025  5.69430e-02
 10 -0.00112 -1.77876e-02 | 11 -0.00170 -2.88656e-02 | 12 -0.00249 -3.22298e-02
 13 -0.00359 -2.78132e-02 | 14 -0.00503  7.07741e-04 | 15 -0.00771 -4.42911e-02
 16 -0.01055  2.29061e-02 | 17 -0.01534 -1.34464e-02 | 18 -0.02075  6.37797e-02
 19 -0.02856 -4.76170e-02 | 20 -0.03623  4.10143e-02 | 21 -0.04480 -2.88926e-02
 22 -0.05073  1.92041e-02 | 23 -0.05196 -4.15307e-02 | 24 -0.04488 -7.81024e-02
 25 -0.03149  1.86489e-02 | 26 -0.02016 -4.54630e-02 | 27  0.00545 -1.50668e-02
 28  0.12023 -4.25984e-02 | 29  0.07386 -3.88908e-02 | 30  0.06169 -9.11554e-02
 31 -0.08120 -3.01972e-03 | 32 -0.13525 -4.05776e-03 | 33  0.10951 -3.85377e-02
 34 -0.13716  6.53799e-03 | 35  0.12332 -1.11618e-01 | 36 -0.02287 -5.26318e-03
 37 -0.08524 -5.39107e-03 | 38 -0.23210  7.35987e-03 | 39 -0.09594 -1.23835e-02
 40  0.05174 -2.05553e-02 | 41  0.02186  8.79525e-03 | 42  0.01582 -1.35801e-02
 43  0.13998 -2.31803e-02 | 44  0.01523  1.00090e-02 | 45 -0.07548  2.86559e-02
 46 -0.07124  6.33029e-03 | 47  0.06835 -1.85390e-02 | 48 -0.00387  7.73828e-03
 49 -0.06377  2.09641e-02 | 50  0.08262  1.81066e-02 | 51  0.06139  1.75650e-02
 52 -0.07303  2.12943e-03 | 53 -0.02052  3.86024e-02 | 54 -0.04427 -8.67034e-03
 55 -0.07341  3.14053e-03 | 56  0.00687  5.31563e-02 | 57  0.05522  2.83889e-02
 58 -0.04452  1.08608e-02 | 59  0.13570 -2.19253e-03 | 60 -0.05277  1.45148e-02
 61  0.09950  2.19138e-02 | 62  0.10968  1.95092e-02 | 63  0.05855  1.52921e-02
 64  0.13814  1.82226e-02 | 65 -0.06103  2.11979e-02 | 66 -0.04186  9.83850e-03
 67 -0.09833  2.85321e-02 | 68 -0.03509  6.34320e-03 | 69  0.12008  1.81779e-02
 70 -0.08886  2.25396e-03 | 71 -0.03349 -2.59132e-03 | 72 -0.61351 -1.86959e+00
 73  0.11808  6.90508e-02 | 74  0.64565  2.80067e-02 | 75  0.13541  7.83909e-04
 76  0.40898 -2.03670e-01 | 77 -0.09209 -4.41542e-04 | 78  0.21992 -4.68128e-03
 79 -0.35836  2.39368e-01 | 80  0.25159  1.27540e-03 | 81 -0.21508  5.90644e-01
 82  0.88668  1.74436e-02 |

Intermediate statistics: 82 variables; iteration 20; function evaluation 25; phase 6
Function value 2.3498385e+02; maximum gradient component mag -4.0475e+01
Var    Value     Gradient |Var    Value     Gradient |Var    Value     Gradient
  1 -0.39817 -1.24001e+00 |  2  0.44933 -2.22612e-01 |  3  0.07251 -9.20753e-01
  4 -0.54140 -3.01613e+00 |  5 -0.52085 -2.71284e+00 |  6 -0.33821  9.58760e+00
  7 -0.03890  5.43476e-01 |  8 -0.00120 -5.38992e-03 |  9 -0.00054  1.24895e-02
 10 -0.00097 -1.98710e-03 | 11 -0.00147 -3.41973e-03 | 12 -0.00220 -2.92571e-03
 13 -0.00329 -3.40287e-04 | 14 -0.00483  7.76675e-03 | 15 -0.00719  2.79951e-03
 16 -0.01031  2.10448e-02 | 17 -0.01478  2.21151e-02 | 18 -0.02045  4.71885e-02
 19 -0.02758  4.18257e-02 | 20 -0.03553  7.69871e-02 | 21 -0.04366  8.90380e-02
 22 -0.04967  1.30060e-01 | 23 -0.05051  1.64582e-01 | 24 -0.04305  2.26807e-01
 25 -0.02988  3.32230e-01 | 26 -0.01838  3.95464e-01 | 27  0.00644  5.13547e-01
 28  0.12172  1.50374e+00 | 29  0.07293  7.65109e-01 | 30  0.06183  5.20754e-01
 31 -0.08137 -1.34766e-01 | 32 -0.13533 -1.30270e-01 | 33  0.10970  4.35901e+00
 34 -0.13720 -1.08913e-01 | 35  0.12320  1.04100e+00 | 36 -0.02283  5.83790e-02
 37 -0.08522 -1.40059e-01 | 38 -0.23217 -4.87177e-01 | 39 -0.09600 -3.22730e-01
 40  0.05169  5.30577e-01 | 41  0.02191  5.47305e-01 | 42  0.01579  2.63485e-01
 43  0.14000  1.71271e+00 | 44  0.01530  2.07378e-01 | 45 -0.07541 -2.93876e-01
 46 -0.07129 -7.42836e-01 | 47  0.06820 -1.76042e+00 | 48 -0.00386 -9.82865e-01
 49 -0.06377 -6.30094e-01 | 50  0.08260 -4.86641e-01 | 51  0.06137 -6.62265e-01
 52 -0.07301 -3.61512e-01 | 53 -0.02044  1.31341e-01 | 54 -0.04431 -1.81363e-01
 55 -0.07347 -1.39222e-01 | 56  0.00696  1.31450e+00 | 57  0.05525  1.03973e+00
 58 -0.04457 -2.20434e-01 | 59  0.13569  2.45466e-01 | 60 -0.05280 -6.13130e-01
 61  0.09947 -8.03196e-01 | 62  0.10966 -9.92197e-01 | 63  0.05853 -8.99825e-01
 64  0.13808 -1.66174e+00 | 65 -0.06102 -6.88331e-01 | 66 -0.04187 -6.34000e-01
 67 -0.09833 -5.18469e-01 | 68 -0.03514 -5.47128e-01 | 69  0.12008 -1.91089e-01
 70 -0.08894 -6.78848e-01 | 71 -0.03357 -5.71897e-01 | 72 -0.60809 -1.20030e+00
 73  0.11893  3.19369e+00 | 74  0.64609 -4.28940e-01 | 75  0.13540  9.00611e-04
 76  0.40901  3.27901e+00 | 77 -0.09208 -4.29342e-04 | 78  0.21997 -4.41510e-03
 79 -0.36041 -4.04746e+01 | 80  0.25157  1.27632e-03 | 81 -0.22128  1.35921e+01
 82  0.88648  1.74134e-02 |
82 variables; iteration 40; function evaluation 46; phase 6
Function value 2.3498095e+02; maximum gradient component mag -3.9458e+01
Var    Value     Gradient |Var    Value     Gradient |Var    Value     Gradient
  1 -0.39568 -1.79563e+00 |  2  0.44945  1.08002e-01 |  3  0.07304  7.80870e-01
  4 -0.54180  1.68741e+00 |  5 -0.52064  8.53354e-01 |  6 -0.33713  1.08960e+01
  7 -0.03920  3.64469e-01 |  8 -0.00114 -2.26845e-03 |  9 -0.00052  1.20134e-02
 10 -0.00093 -1.12573e-04 | 11 -0.00142 -9.64373e-04 | 12 -0.00213 -2.72345e-04
 13 -0.00321  1.81714e-03 | 14 -0.00473  7.75000e-03 | 15 -0.00707 -6.76186e-06
 16 -0.01021  8.90380e-03 | 17 -0.01470 -1.41298e-03 | 18 -0.02045 -8.90041e-05
 19 -0.02755 -1.32188e-02 | 20 -0.03560 -8.51278e-03 | 21 -0.04361  8.35219e-03
 22 -0.04963  3.34169e-02 | 23 -0.05031  7.77161e-02 | 24 -0.04275  1.31336e-01
 25 -0.02967  1.82767e-01 | 26 -0.01823  2.06474e-01 | 27  0.00574  1.88839e-01
 28  0.12271  4.33122e-01 | 29  0.07194 -7.76539e-02 | 30  0.06233  5.10051e-02
 31 -0.08144 -2.54077e-01 | 32 -0.13534 -4.05834e-01 | 33  0.10958  1.88861e+00
 34 -0.13707 -2.29793e-01 | 35  0.12336  1.08484e+00 | 36 -0.02301 -4.34361e-01
 37 -0.08512 -2.81146e-01 | 38 -0.23219 -5.95260e-01 | 39 -0.09611 -6.38664e-01
 40  0.05168  4.75977e-01 | 41  0.02199  1.00406e+00 | 42  0.01580  4.14597e-01
 43  0.13995  1.22706e+00 | 44  0.01525 -1.74151e-01 | 45 -0.07560 -6.11993e-01
 46 -0.07139 -7.05301e-01 | 47  0.06832 -9.14038e-02 | 48 -0.00389 -1.86710e-01
 49 -0.06375 -3.02425e-01 | 50  0.08253  4.45701e-02 | 51  0.06147  1.67967e-01
 52 -0.07325 -7.45861e-01 | 53 -0.02059 -5.40855e-01 | 54 -0.04439 -3.01596e-01
 55 -0.07330  3.14338e-01 | 56  0.00700  1.46505e+00 | 57  0.05506  6.43770e-02
 58 -0.04448 -5.33859e-02 | 59  0.13563  9.62844e-01 | 60 -0.05260 -1.84431e-01
 61  0.09945  3.95908e-02 | 62  0.10963 -3.16895e-01 | 63  0.05852 -4.19967e-01
 64  0.13810 -5.93986e-01 | 65 -0.06109 -6.15379e-01 | 66 -0.04181 -1.57367e-02
 67 -0.09823 -8.99075e-02 | 68 -0.03511 -2.58943e-01 | 69  0.12009  1.62048e-01
 70 -0.08889 -6.22704e-01 | 71 -0.03368 -8.52108e-01 | 72 -0.60602 -4.42489e-01
 73  0.11634  2.55433e+00 | 74  0.64620  2.31644e-01 | 75  0.13474  7.04308e-04
 76  0.40900 -1.16268e+00 | 77 -0.09178 -4.25417e-04 | 78  0.22305 -3.98139e-03
 79 -0.36088 -3.94585e+01 | 80  0.25067  1.26837e-03 | 81 -0.22278  1.31115e+01
 82  0.87418  1.56714e-02 |
82 variables; iteration 60; function evaluation 68; phase 6
Function value 2.3497879e+02; maximum gradient component mag -3.0229e+01
Var    Value     Gradient |Var    Value     Gradient |Var    Value     Gradient
  1 -0.39865 -1.79203e+00 |  2  0.44937  1.04964e-01 |  3  0.07267  1.62090e+00
  4 -0.54145  4.62618e+00 |  5 -0.52085  3.15036e+00 |  6 -0.33835  9.42436e+00
  7 -0.03951  9.08752e-02 |  8 -0.00110  2.01302e-03 |  9 -0.00068 -1.11668e-02
 10 -0.00092  3.46864e-05 | 11 -0.00139  8.79032e-04 | 12 -0.00211  3.57944e-04
 13 -0.00320 -1.38816e-03 | 14 -0.00479 -6.72715e-03 | 15 -0.00700  2.14713e-03
 16 -0.01023 -5.62177e-03 | 17 -0.01455  6.89100e-03 | 18 -0.02030  4.35268e-03
 19 -0.02721  1.88758e-02 | 20 -0.03533  7.30344e-03 | 21 -0.04338  1.41986e-02
 22 -0.04947  1.72034e-02 | 23 -0.05023  3.48593e-02 | 24 -0.04275  4.51126e-02
 25 -0.02980  3.57049e-02 | 26 -0.01836  2.34996e-02 | 27  0.00572 -3.47472e-02
 28  0.12221 -5.14454e-01 | 29  0.07202 -5.53999e-01 | 30  0.06255 -2.82678e-01
 31 -0.08168 -4.96262e-01 | 32 -0.13517 -4.04366e-01 | 33  0.10950 -6.20911e-02
 34 -0.13724 -4.05048e-01 | 35  0.12338  7.19967e-01 | 36 -0.02294 -2.72515e-01
 37 -0.08521 -3.13256e-01 | 38 -0.23222 -4.92152e-01 | 39 -0.09597 -2.73110e-01
 40  0.05175  6.75749e-01 | 41  0.02187  4.14059e-01 | 42  0.01586  2.25351e-01
 43  0.13996  8.00112e-01 | 44  0.01519 -2.31227e-01 | 45 -0.07544 -2.85359e-01
 46 -0.07134 -3.22386e-01 | 47  0.06837  7.77271e-01 | 48 -0.00381  2.40411e-01
 49 -0.06389 -1.89223e-01 | 50  0.08266  8.91696e-01 | 51  0.06140  2.30833e-01
 52 -0.07307 -4.31324e-01 | 53 -0.02060 -3.84811e-01 | 54 -0.04427 -9.08907e-02
 55 -0.07334  6.89398e-02 | 56  0.00686  4.41467e-01 | 57  0.05517  1.65065e-01
 58 -0.04450  1.37943e-02 | 59  0.13573  1.32816e+00 | 60 -0.05300 -4.09145e-01
 61  0.09954  4.22951e-01 | 62  0.10970  3.58953e-01 | 63  0.05851 -1.38178e-01
 64  0.13815  3.85203e-01 | 65 -0.06100 -2.09184e-01 | 66 -0.04185 -9.96616e-02
 67 -0.09835 -2.13918e-01 | 68 -0.03499  5.72129e-02 | 69  0.12006  2.34273e-01
 70 -0.08894 -5.59278e-01 | 71 -0.03351 -3.09403e-01 | 72 -0.60407  1.22418e-01
 73  0.11903  1.91690e+00 | 74  0.64620  6.35598e-01 | 75  0.13400  3.70233e-04
 76  0.40901 -3.94592e+00 | 77 -0.09133 -4.31737e-04 | 78  0.22738 -3.58894e-03
 79 -0.36127 -3.02290e+01 | 80  0.24934  1.25718e-03 | 81 -0.22398  1.00944e+01
 82  0.85731  1.37646e-02 |
82 variables; iteration 80; function evaluation 101; phase 6
Function value 2.3496984e+02; maximum gradient component mag -4.7624e+01
Var    Value     Gradient |Var    Value     Gradient |Var    Value     Gradient
  1 -0.39783 -2.43173e+00 |  2  0.44929 -1.48446e-02 |  3  0.07242  1.81130e+00
  4 -0.54139  5.18405e+00 |  5 -0.52084  3.52211e+00 |  6 -0.33795  1.29437e+01
  7 -0.03936  7.46485e-01 |  8 -0.00084  3.89762e-02 |  9 -0.00162 -1.41570e-01
 10 -0.00085  1.03826e-02 | 11 -0.00102  5.44181e-02 | 12 -0.00159  7.56576e-02
 13 -0.00302  2.64545e-02 | 14 -0.00492 -2.28545e-02 | 15 -0.00598  1.56958e-01
 16 -0.01099 -1.14713e-01 | 17 -0.01450  2.27945e-02 | 18 -0.01898  2.27891e-01
 19 -0.02829 -1.49589e-01 | 20 -0.03590 -7.73430e-02 | 21 -0.04348  1.48546e-02
 22 -0.04954  2.73162e-02 | 23 -0.05035  3.89185e-02 | 24 -0.04233  1.54794e-01
 25 -0.03075 -9.21706e-02 | 26 -0.01833  7.84121e-02 | 27  0.00619  1.02299e-01
 28  0.12199 -3.04202e-01 | 29  0.07250 -4.16636e-01 | 30  0.06227 -2.81169e-01
 31 -0.08150 -5.75971e-01 | 32 -0.13524 -5.44978e-01 | 33  0.10953  7.73981e-01
 34 -0.13724 -5.08320e-01 | 35  0.12334  1.01919e+00 | 36 -0.02284 -1.26313e-01
 37 -0.08531 -4.60458e-01 | 38 -0.23205 -5.35898e-01 | 39 -0.09588 -7.34536e-02
 40  0.05174  9.51410e-01 | 41  0.02181  2.25042e-01 | 42  0.01579  8.42220e-02
 43  0.13998  1.43653e+00 | 44  0.01520 -2.01614e-01 | 45 -0.07558 -4.73871e-01
 46 -0.07119 -2.96461e-01 | 47  0.06835  6.34075e-01 | 48 -0.00395 -2.20872e-01
 49 -0.06377 -2.57079e-01 | 50  0.08263  9.23349e-01 | 51  0.06135  2.02127e-02
 52 -0.07302 -3.43186e-01 | 53 -0.02051  3.93204e-02 | 54 -0.04427 -7.33519e-02
 55 -0.07348 -2.91074e-01 | 56  0.00685  5.96413e-01 | 57  0.05521  6.82906e-01
 58 -0.04457 -1.16849e-01 | 59  0.13568  1.56456e+00 | 60 -0.05274 -3.04606e-01
 61  0.09949  3.33689e-01 | 62  0.10964 -1.22958e-02 | 63  0.05858  2.62691e-02
 64  0.13813  3.86778e-02 | 65 -0.06109 -6.83608e-01 | 66 -0.04188 -4.90998e-01
 67 -0.09836 -4.87536e-01 | 68 -0.03513 -3.91098e-01 | 69  0.12009  2.94383e-01
 70 -0.08894 -7.35300e-01 | 71 -0.03351 -3.91871e-01 | 72 -0.60491  2.27363e-02
 73  0.11809  2.68417e+00 | 74  0.64608  6.63383e-01 | 75  0.10061 -4.33623e-02
 76  0.40900 -3.98349e+00 | 77 -0.08063 -2.53916e-03 | 78  0.30325 -4.81973e-03
 79 -0.36523 -4.76238e+01 | 80  0.22002  5.24439e-04 | 81 -0.23730  1.39910e+01
 82  0.55974  3.40590e-03 |
82 variables; iteration 100; function evaluation 127; phase 6
Function value 2.3495789e+02; maximum gradient component mag -1.0193e+01
Var    Value     Gradient |Var    Value     Gradient |Var    Value     Gradient
  1 -0.39798 -5.55959e-01 |  2  0.44931 -6.50129e-03 |  3  0.07256  4.34530e-01
  4 -0.54146  1.28305e+00 |  5 -0.52081  8.93801e-01 |  6 -0.33802  2.86448e+00
  7 -0.03938  1.87645e-01 |  8 -0.00123 -1.62525e-02 |  9 -0.00048  1.77820e-02
 10 -0.00127 -4.89949e-02 | 11 -0.00087  7.47841e-02 | 12 -0.00248 -5.05149e-02
 13 -0.00308  1.74816e-02 | 14 -0.00488 -1.71187e-02 | 15 -0.00692  1.70962e-02
 16 -0.01016  7.70122e-03 | 17 -0.01439  3.54636e-02 | 18 -0.02022  2.19994e-02
 19 -0.02739 -5.07699e-03 | 20 -0.03560 -3.40596e-02 | 21 -0.04355 -1.00252e-02
 22 -0.04962 -4.02403e-03 | 23 -0.05033  2.03911e-02 | 24 -0.04298  5.29946e-03
 25 -0.03003 -2.78131e-03 | 26 -0.01846  6.16797e-03 | 27  0.00615  1.62728e-02
 28  0.12193 -9.34486e-02 | 29  0.07263 -1.17602e-01 | 30  0.06220 -8.75246e-02
 31 -0.08149 -1.32955e-01 | 32 -0.13524 -1.24366e-01 | 33  0.10953  8.21407e-02
 34 -0.13722 -1.16831e-01 | 35  0.12335  2.18987e-01 | 36 -0.02287 -9.74035e-03
 37 -0.08527 -1.04285e-01 | 38 -0.23215 -1.14682e-01 | 39 -0.09590  1.96305e-02
 40  0.05174  2.24023e-01 | 41  0.02182  1.28414e-04 | 42  0.01580 -1.39065e-02
 43  0.13998  3.01818e-01 | 44  0.01519 -5.10747e-02 | 45 -0.07551 -1.03212e-01
 46 -0.07125 -4.92324e-02 | 47  0.06836  2.05781e-01 | 48 -0.00392 -5.60445e-02
 49 -0.06379 -3.48615e-02 | 50  0.08264  2.55735e-01 | 51  0.06136 -3.99507e-03
 52 -0.07302 -5.27729e-02 | 53 -0.02053  4.77712e-02 | 54 -0.04427 -1.78293e-02
 55 -0.07346 -1.09727e-01 | 56  0.00685  5.59288e-02 | 57  0.05520  1.57458e-01
 58 -0.04455 -3.83037e-02 | 59  0.13569  3.53613e-01 | 60 -0.05278 -3.31421e-02
 61  0.09950  1.00812e-01 | 62  0.10965  1.77747e-02 | 63  0.05857  7.13288e-02
 64  0.13814  7.25752e-02 | 65 -0.06107 -1.60804e-01 | 66 -0.04188 -1.11593e-01
 67 -0.09836 -1.21022e-01 | 68 -0.03511 -1.13336e-01 | 69  0.12008  8.35938e-02
 70 -0.08893 -1.53639e-01 | 71 -0.03352 -6.15728e-02 | 72 -0.60479  5.17107e-02
 73  0.11826  5.64789e-01 | 74  0.64613  1.61957e-01 | 75  0.19550  1.01650e-03
 76  0.40901 -1.02739e+00 | 77  0.03105  1.54661e-04 | 78  0.50269  2.97583e-03
 79 -0.37160 -1.01933e+01 | 80  0.82928  1.14271e-02 | 81 -0.26220  2.83245e+00
 82  0.31208 -7.93034e-04 |
82 variables; iteration 120; function evaluation 150; phase 6
Function value 2.3494083e+02; maximum gradient component mag -3.3295e+01
Var    Value     Gradient |Var    Value     Gradient |Var    Value     Gradient
  1 -0.39822 -1.06224e+00 |  2  0.44934  1.59151e-02 |  3  0.07276  6.95620e-01
  4 -0.54156  1.85738e+00 |  5 -0.52077  1.21889e+00 |  6 -0.33813  5.88687e+00
  7 -0.03934  2.32576e-01 |  8 -0.00111  1.21291e-03 |  9 -0.00061 -4.83443e-04
 10 -0.00078  1.99421e-02 | 11 -0.00171 -4.30691e-02 | 12 -0.00203  1.31913e-02
 13 -0.00330 -1.29767e-02 | 14 -0.00467  1.48145e-02 | 15 -0.00701  5.57928e-03
 16 -0.01029 -7.44134e-03 | 17 -0.01475 -1.53867e-02 | 18 -0.02054 -2.33768e-02
 19 -0.02730  1.79758e-02 | 20 -0.03530  2.96855e-02 | 21 -0.04351  9.53173e-03
 22 -0.04959  1.53443e-02 | 23 -0.05051  1.24555e-03 | 24 -0.04306  1.07860e-02
 25 -0.03000  2.72546e-02 | 26 -0.01848  3.04756e-02 | 27  0.00617  4.82598e-02
 28  0.12182 -1.31288e-01 | 29  0.07277 -1.59302e-01 | 30  0.06214 -1.24404e-01
 31 -0.08148 -2.72417e-01 | 32 -0.13525 -2.45352e-01 | 33  0.10954  4.28928e-01
 34 -0.13723 -2.19846e-01 | 35  0.12335  4.80996e-01 | 36 -0.02291 -1.19788e-01
 37 -0.08524 -1.82536e-01 | 38 -0.23220 -2.98186e-01 | 39 -0.09594 -1.37227e-01
 40  0.05174  3.98063e-01 | 41  0.02185  2.21058e-01 | 42  0.01581  1.03843e-01
 43  0.13998  6.21653e-01 | 44  0.01520 -1.02448e-01 | 45 -0.07548 -1.85804e-01
 46 -0.07128 -2.05191e-01 | 47  0.06834  2.20041e-01 | 48 -0.00387 -2.64488e-02
 49 -0.06383 -1.54553e-01 | 50  0.08263  3.52365e-01 | 51  0.06138  5.64805e-02
 52 -0.07304 -2.10282e-01 | 53 -0.02056 -1.21927e-01 | 54 -0.04427 -3.48916e-02
 55 -0.07341 -1.79738e-02 | 56  0.00688  3.93799e-01 | 57  0.05518  2.34755e-01
 58 -0.04453 -2.40633e-02 | 59  0.13570  7.16129e-01 | 60 -0.05286 -2.16291e-01
 61  0.09951  1.38860e-01 | 62  0.10967  2.41324e-02 | 63  0.05854 -1.19119e-01
 64  0.13814 -1.85023e-02 | 65 -0.06104 -2.47349e-01 | 66 -0.04187 -1.77679e-01
 67 -0.09834 -1.73190e-01 | 68 -0.03507 -7.89814e-02 | 69  0.12008  1.21132e-01
 70 -0.08893 -3.36320e-01 | 71 -0.03353 -2.33230e-01 | 72 -0.60505 -4.29839e-02
 73  0.11847  1.28911e+00 | 74  0.64621  2.59014e-01 | 75  0.05834  4.28057e-05
 76  0.40901 -1.49866e+00 | 77  0.13634  6.57828e-04 | 78  0.75408  7.68397e-03
 79 -0.38006 -3.32945e+01 | 80  0.14166 -2.66239e-03 | 81 -0.30453  6.00008e+00
 82  0.59116  2.80380e-03 |
82 variables; iteration 140; function evaluation 172; phase 6
Function value 2.3493299e+02; maximum gradient component mag -2.6134e+01
Var    Value     Gradient |Var    Value     Gradient |Var    Value     Gradient
  1 -0.39807 -8.01679e-01 |  2  0.44931 -1.14799e-02 |  3  0.07260  6.01047e-01
  4 -0.54148  1.72917e+00 |  5 -0.52080  1.17577e+00 |  6 -0.33806  4.29256e+00
  7 -0.03937  2.37822e-01 |  8 -0.00114 -3.16287e-03 |  9 -0.00061  3.26440e-05
 10 -0.00115 -3.21669e-02 | 11 -0.00094  6.43326e-02 | 12 -0.00230 -2.49646e-02
 13 -0.00308  1.76598e-02 | 14 -0.00487 -1.54996e-02 | 15 -0.00701  4.22753e-03
 16 -0.01017  7.32338e-03 | 17 -0.01447  2.38681e-02 | 18 -0.02015  3.48252e-02
 19 -0.02746 -1.58574e-02 | 20 -0.03559 -2.96716e-02 | 21 -0.04352 -3.09567e-03
 22 -0.04964 -4.25136e-03 | 23 -0.05037  1.65545e-02 | 24 -0.04296  1.35402e-02
 25 -0.03004 -3.07554e-04 | 26 -0.01845  1.17661e-02 | 27  0.00610  1.46524e-02
 28  0.12191 -1.43634e-01 | 29  0.07266 -1.67451e-01 | 30  0.06218 -1.37193e-01
 31 -0.08148 -2.03814e-01 | 32 -0.13524 -1.85587e-01 | 33  0.10953  1.66996e-01
 34 -0.13722 -1.71033e-01 | 35  0.12334  3.07473e-01 | 36 -0.02287 -4.39802e-02
 37 -0.08527 -1.57694e-01 | 38 -0.23215 -1.83586e-01 | 39 -0.09590  5.51558e-04
 40  0.05174  3.43031e-01 | 41  0.02182  5.79465e-02 | 42  0.01580  1.38049e-02
 43  0.13998  4.54160e-01 | 44  0.01519 -8.62863e-02 | 45 -0.07551 -1.52455e-01
 46 -0.07125 -9.43433e-02 | 47  0.06836  2.70728e-01 | 48 -0.00392 -6.72134e-02
 49 -0.06379 -6.53268e-02 | 50  0.08263  3.59898e-01 | 51  0.06136  1.69695e-03
 52 -0.07302 -9.76918e-02 | 53 -0.02053  3.04160e-02 | 54 -0.04427 -2.16107e-02
 55 -0.07345 -1.17233e-01 | 56  0.00685  1.63779e-01 | 57  0.05520  2.31066e-01
 58 -0.04455 -3.63410e-02 | 59  0.13569  5.52006e-01 | 60 -0.05278 -7.76048e-02
 61  0.09950  1.33987e-01 | 62  0.10965  1.55586e-02 | 63  0.05857  4.91434e-02
 64  0.13814  4.72090e-02 | 65 -0.06107 -2.29988e-01 | 66 -0.04188 -1.59544e-01
 67 -0.09836 -1.62552e-01 | 68 -0.03511 -1.32952e-01 | 69  0.12008  1.14539e-01
 70 -0.08893 -2.37269e-01 | 71 -0.03352 -1.09442e-01 | 72 -0.60481  4.60795e-02
 73  0.11830  8.77335e-01 | 74  0.64614  2.24344e-01 | 75  0.09334 -4.00967e-03
 76  0.40901 -1.39133e+00 | 77  0.00920 -7.96286e-04 | 78  0.36130 -7.83006e-04
 79 -0.38325 -2.61337e+01 | 80  0.32403 -1.65218e-03 | 81 -0.32468  4.14454e+00
 82  0.26193 -6.99266e-03 |
82 variables; iteration 160; function evaluation 197; phase 6
Function value 2.3492478e+02; maximum gradient component mag -2.9430e+01
Var    Value     Gradient |Var    Value     Gradient |Var    Value     Gradient
  1 -0.39818 -7.12014e-01 |  2  0.44932 -2.16916e-03 |  3  0.07267  5.09385e-01
  4 -0.54152  1.40413e+00 |  5 -0.52078  9.34578e-01 |  6 -0.33810  3.89397e+00
  7 -0.03936  1.88356e-01 |  8 -0.00112 -5.81983e-04 |  9 -0.00058  4.16270e-03
 10 -0.00092  5.23740e-04 | 11 -0.00143 -4.57794e-03 | 12 -0.00214 -1.99758e-03
 13 -0.00322 -3.17175e-03 | 14 -0.00475  1.90054e-03 | 15 -0.00702  2.83970e-03
 16 -0.01021  1.96593e-03 | 17 -0.01459  6.93725e-03 | 18 -0.02037  1.26698e-03
 19 -0.02736  3.58701e-03 | 20 -0.03546 -2.52130e-03 | 21 -0.04354 -1.51089e-03
 22 -0.04962  1.93446e-03 | 23 -0.05044  5.82335e-03 | 24 -0.04303  4.92664e-03
 25 -0.03002  8.34118e-03 | 26 -0.01847  1.25831e-02 | 27  0.00612  1.94163e-02
 28  0.12187 -1.18953e-01 | 29  0.07271 -1.35282e-01 | 30  0.06217 -1.08878e-01
 31 -0.08148 -1.87162e-01 | 32 -0.13524 -1.66021e-01 | 33  0.10953  2.05920e-01
 34 -0.13722 -1.49697e-01 | 35  0.12335  2.90026e-01 | 36 -0.02289 -6.22919e-02
 37 -0.08525 -1.32612e-01 | 38 -0.23217 -1.83204e-01 | 39 -0.09592 -4.18449e-02
 40  0.05174  2.96983e-01 | 41  0.02184  1.06251e-01 | 42  0.01580  4.50876e-02
 43  0.13998  4.12276e-01 | 44  0.01519 -7.69789e-02 | 45 -0.07550 -1.29271e-01
 46 -0.07126 -1.11876e-01 | 47  0.06835  2.00588e-01 | 48 -0.00390 -3.76215e-02
 49 -0.06381 -7.85120e-02 | 50  0.08263  2.86980e-01 | 51  0.06137  1.81194e-02
 52 -0.07303 -1.11795e-01 | 53 -0.02054 -2.75873e-02 | 54 -0.04427 -2.03123e-02
 55 -0.07344 -5.70240e-02 | 56  0.00686  2.13176e-01 | 57  0.05519  1.86457e-01
 58 -0.04454 -1.99602e-02 | 59  0.13570  4.97722e-01 | 60 -0.05282 -1.05860e-01
 61  0.09951  1.05465e-01 | 62  0.10966  1.21432e-02 | 63  0.05855 -2.00719e-02
 64  0.13814  5.71831e-03 | 65 -0.06105 -1.87283e-01 | 66 -0.04187 -1.31677e-01
 67 -0.09835 -1.29585e-01 | 68 -0.03509 -8.27662e-02 | 69  0.12008  9.12708e-02
 70 -0.08893 -2.19728e-01 | 71 -0.03352 -1.25270e-01 | 72 -0.60493  9.62400e-03
 73  0.11838  8.21320e-01 | 74  0.64617  1.87904e-01 | 75  0.62844  4.75711e-03
 76  0.40901 -1.12696e+00 | 77 -0.30974 -1.66198e-03 | 78  0.35133  4.38115e-04
 79 -0.38815 -2.94301e+01 | 80  0.25446 -2.74008e-03 | 81 -0.36225  3.58619e+00
 82  0.34770 -2.50964e-03 |
82 variables; iteration 180; function evaluation 220; phase 6
Function value 2.3491744e+02; maximum gradient component mag -7.8398e+00
Var    Value     Gradient |Var    Value     Gradient |Var    Value     Gradient
  1 -0.39826 -1.92606e-01 |  2  0.44933  7.54373e-03 |  3  0.07271  1.26554e-01
  4 -0.54154  3.29219e-01 |  5 -0.52078  2.16438e-01 |  6 -0.33814  1.05475e+00
  7 -0.03935  3.92189e-02 |  8 -0.00112  6.18101e-04 |  9 -0.00061 -7.05936e-04
 10 -0.00088  6.30353e-03 | 11 -0.00149 -1.25471e-02 | 12 -0.00209  5.02662e-03
 13 -0.00323 -3.66720e-03 | 14 -0.00474  4.41119e-03 | 15 -0.00704 -2.35991e-05
 16 -0.01025 -2.68197e-03 | 17 -0.01468 -6.09815e-03 | 18 -0.02043 -7.43163e-03
 19 -0.02736  4.81173e-03 | 20 -0.03539  1.00131e-02 | 21 -0.04351  3.82192e-03
 22 -0.04961  4.27589e-03 | 23 -0.05047 -5.09913e-04 | 24 -0.04303  2.62302e-03
 25 -0.03001  6.88853e-03 | 26 -0.01847  7.70583e-03 | 27  0.00615  1.17459e-02
 28  0.12184 -1.41394e-02 | 29  0.07274 -2.02306e-02 | 30  0.06215 -1.40144e-02
 31 -0.08148 -4.66380e-02 | 32 -0.13524 -4.31390e-02 | 33  0.10953  9.49100e-02
 34 -0.13723 -3.84906e-02 | 35  0.12335  9.67276e-02 | 36 -0.02290 -2.32003e-02
 37 -0.08525 -2.87681e-02 | 38 -0.23218 -5.61740e-02 | 39 -0.09593 -3.60011e-02
 40  0.05174  6.17220e-02 | 41  0.02184  4.69664e-02 | 42  0.01581  2.33073e-02
 43  0.13998  1.12969e-01 | 44  0.01520 -1.36879e-02 | 45 -0.07549 -3.12444e-02
 46 -0.07127 -4.14704e-02 | 47  0.06835  2.73715e-02 | 48 -0.00388 -5.55276e-05
 49 -0.06382 -3.32221e-02 | 50  0.08263  4.97453e-02 | 51  0.06138  1.54893e-02
 52 -0.07303 -4.37024e-02 | 53 -0.02055 -3.36120e-02 | 54 -0.04427 -7.85206e-03
 55 -0.07342  5.45369e-03 | 56  0.00687  7.69865e-02 | 57  0.05519  3.35542e-02
 58 -0.04453 -5.19630e-03 | 59  0.13570  1.18661e-01 | 60 -0.05284 -4.72281e-02
 61  0.09951  2.14950e-02 | 62  0.10966  5.60119e-03 | 63  0.05855 -3.42718e-02
 64  0.13814 -4.40753e-03 | 65 -0.06105 -3.86688e-02 | 66 -0.04187 -2.89260e-02
 67 -0.09835 -2.87968e-02 | 68 -0.03508 -9.10842e-03 | 69  0.12008  1.80421e-02
 70 -0.08893 -6.06393e-02 | 71 -0.03353 -4.91687e-02 | 72 -0.60498 -1.53476e-02
 73  0.11846  2.34353e-01 | 74  0.64619  4.59116e-02 | 75  0.50987  3.24048e-03
 76  0.40901 -2.55286e-01 | 77  0.53314  3.48649e-03 | 78  0.36928  9.03629e-04
 79 -0.39215 -7.83984e+00 | 80  0.26694  5.93501e-04 | 81 -0.40190  8.56567e-01
 82  0.45693  1.88213e-03 |
82 variables; iteration 200; function evaluation 244; phase 6
Function value 2.3491417e+02; maximum gradient component mag -5.2372e+00
Var    Value     Gradient |Var    Value     Gradient |Var    Value     Gradient
  1 -0.39831 -1.12171e-01 |  2  0.44933  7.74584e-03 |  3  0.07277  5.02589e-02
  4 -0.54157  1.08283e-01 |  5 -0.52076  6.10479e-02 |  6 -0.33816  6.63555e-01
  7 -0.03934  5.78215e-03 |  8 -0.00111  2.16034e-03 |  9 -0.00064 -5.18228e-03
 10 -0.00085  9.86451e-03 | 11 -0.00151 -1.53748e-02 | 12 -0.00203  1.35814e-02
 13 -0.00321 -1.23115e-03 | 14 -0.00474  3.67093e-03 | 15 -0.00710 -7.92283e-03
 16 -0.01024 -1.44361e-03 | 17 -0.01473 -1.32671e-02 | 18 -0.02043 -6.69088e-03
 19 -0.02738  1.95721e-03 | 20 -0.03536  1.49225e-02 | 21 -0.04348  8.88707e-03
 22 -0.04961  5.56986e-03 | 23 -0.05048 -2.27857e-03 | 24 -0.04303  3.85548e-03
 25 -0.03000  8.66639e-03 | 26 -0.01848  6.53687e-03 | 27  0.00616  1.20237e-02
 28  0.12183  1.85167e-03 | 29  0.07275 -2.48538e-03 | 30  0.06215 -1.38060e-03
 31 -0.08148 -2.77141e-02 | 32 -0.13524 -2.58065e-02 | 33  0.10953  9.34029e-02
 34 -0.13723 -2.25742e-02 | 35  0.12335  6.53667e-02 | 36 -0.02290 -2.43399e-02
 37 -0.08525 -1.54664e-02 | 38 -0.23219 -4.02930e-02 | 39 -0.09594 -4.21758e-02
 40  0.05174  2.90232e-02 | 41  0.02185  5.02143e-02 | 42  0.01581  2.69510e-02
 43  0.13998  7.09335e-02 | 44  0.01520 -6.93518e-03 | 45 -0.07549 -1.87506e-02
 46 -0.07127 -3.55595e-02 | 47  0.06834 -7.20861e-03 | 48 -0.00388  7.99061e-03
 49 -0.06382 -3.05324e-02 | 50  0.08263  1.02600e-02 | 51  0.06138  1.64131e-02
 52 -0.07304 -3.90927e-02 | 53 -0.02055 -4.26425e-02 | 54 -0.04427 -4.68170e-03
 55 -0.07342  2.48047e-02 | 56  0.00687  7.62990e-02 | 57  0.05519  1.16382e-02
 58 -0.04453  1.22268e-03 | 59  0.13570  7.06862e-02 | 60 -0.05285 -4.56554e-02
 61  0.09951  6.59457e-03 | 62  0.10967  2.46864e-03 | 63  0.05854 -4.83408e-02
 64  0.13814 -1.87528e-02 | 65 -0.06104 -1.56457e-02 | 66 -0.04187 -1.28783e-02
 67 -0.09835 -1.06826e-02 | 68 -0.03508  9.04835e-03 | 69  0.12008  6.68458e-03
 70 -0.08893 -4.05078e-02 | 71 -0.03353 -4.22661e-02 | 72 -0.60500 -2.67553e-02
 73  0.11850  1.63951e-01 | 74  0.64621  2.02764e-02 | 75  0.12281  3.45222e-03
 76  0.40901 -9.05533e-02 | 77 -0.03713  3.86833e-05 | 78  0.28360 -9.44180e-05
 79 -0.39303 -5.23716e+00 | 80  0.26901 -3.50221e-04 | 81 -0.41211  5.85689e-01
 82  0.39060  1.33973e-04 |
82 variables; iteration 220; function evaluation 266; phase 6
Function value 2.3491091e+02; maximum gradient component mag -1.7422e+01
Var    Value     Gradient |Var    Value     Gradient |Var    Value     Gradient
  1 -0.39819 -3.44936e-01 |  2  0.44932 -9.30866e-03 |  3  0.07264  2.63239e-01
  4 -0.54150  7.68004e-01 |  5 -0.52079  5.25930e-01 |  6 -0.33810  1.83154e+00
  7 -0.03936  1.09321e-01 |  8 -0.00115 -3.95315e-03 |  9 -0.00055  7.31802e-03
 10 -0.00102 -1.42382e-02 | 11 -0.00125  2.17269e-02 | 12 -0.00225 -1.86358e-02
 13 -0.00318  2.30624e-03 | 14 -0.00479 -4.61381e-03 | 15 -0.00697  9.87400e-03
 16 -0.01020  2.60937e-03 | 17 -0.01451  1.83249e-02 | 18 -0.02030  1.03181e-02
 19 -0.02738 -1.99190e-03 | 20 -0.03553 -1.84512e-02 | 21 -0.04356 -9.21978e-03
 22 -0.04963 -4.48266e-03 | 23 -0.05041  7.04295e-03 | 24 -0.04301  8.54953e-05
 25 -0.03004 -4.53609e-03 | 26 -0.01847  1.40414e-03 | 27  0.00611  1.56232e-03
 28  0.12189 -7.49502e-02 | 29  0.07268 -8.16603e-02 | 30  0.06218 -6.66204e-02
 31 -0.08148 -9.12177e-02 | 32 -0.13524 -8.08525e-02 | 33  0.10953  3.85721e-02
 34 -0.13722 -7.40022e-02 | 35  0.12335  1.23372e-01 | 36 -0.02288 -1.30138e-02
 37 -0.08526 -6.91716e-02 | 38 -0.23217 -7.58682e-02 | 39 -0.09591  1.51678e-02
 40  0.05174  1.55906e-01 | 41  0.02183  1.07287e-02 | 42  0.01580 -3.19958e-03
 43  0.13998  1.88693e-01 | 44  0.01519 -4.10897e-02 | 45 -0.07550 -6.55431e-02
 46 -0.07126 -3.43159e-02 | 47  0.06835  1.36027e-01 | 48 -0.00391 -3.30436e-02
 49 -0.06380 -1.98091e-02 | 50  0.08263  1.73260e-01 | 51  0.06136 -4.24573e-03
 52 -0.07302 -3.20224e-02 | 53 -0.02054  2.81746e-02 | 54 -0.04427 -9.07274e-03
 55 -0.07345 -6.44331e-02 | 56  0.00686  5.36249e-02 | 57  0.05519  1.07770e-01
 58 -0.04454 -1.63208e-02 | 59  0.13569  2.45703e-01 | 60 -0.05280 -2.05941e-02
 61  0.09950  6.38236e-02 | 62  0.10966  8.23102e-03 | 63  0.05856  4.00281e-02
 64  0.13814  3.11736e-02 | 65 -0.06106 -1.03824e-01 | 66 -0.04188 -7.12990e-02
 67 -0.09836 -7.38175e-02 | 68 -0.03510 -6.48243e-02 | 69  0.12008  5.43173e-02
 70 -0.08893 -9.95031e-02 | 71 -0.03352 -3.74067e-02 | 72 -0.60487  3.25962e-02
 73  0.11836  3.63640e-01 | 74  0.64616  9.89982e-02 | 75  0.11378  5.67005e-04
 76  0.40901 -6.26384e-01 | 77  0.09065  7.22686e-04 | 78  0.31593  5.44322e-04
 79 -0.39491 -1.74224e+01 | 80  0.22772 -2.81830e-03 | 81 -0.43654  1.37237e+00
 82  0.39783 -9.90857e-04 |
82 variables; iteration 240; function evaluation 290; phase 6
Function value 2.3490598e+02; maximum gradient component mag -7.2976e+01
Var    Value     Gradient |Var    Value     Gradient |Var    Value     Gradient
  1 -0.39824 -1.18924e+00 |  2  0.44932 -4.71096e-04 |  3  0.07266  8.12439e-01
  4 -0.54152  2.26473e+00 |  5 -0.52078  1.51888e+00 |  6 -0.33812  6.48509e+00
  7 -0.03936  2.98497e-01 |  8 -0.00113 -1.64916e-03 |  9 -0.00058  3.85652e-03
 10 -0.00097 -6.70855e-03 | 11 -0.00133  1.04769e-02 | 12 -0.00219 -9.19073e-03
 13 -0.00320  9.74941e-04 | 14 -0.00478 -1.71547e-03 | 15 -0.00700  6.37007e-03
 16 -0.01021  2.64392e-03 | 17 -0.01457  1.03924e-02 | 18 -0.02035  6.10574e-03
 19 -0.02737  3.31376e-03 | 20 -0.03548 -4.26179e-03 | 21 -0.04354  3.00994e-04
 22 -0.04963  4.73690e-03 | 23 -0.05043  1.22798e-02 | 24 -0.04302  1.18147e-02
 25 -0.03002  1.57444e-02 | 26 -0.01847  2.49003e-02 | 27  0.00612  3.70070e-02
 28  0.12187 -1.82919e-01 | 29  0.07270 -2.13804e-01 | 30  0.06217 -1.69325e-01
 31 -0.08148 -3.05123e-01 | 32 -0.13524 -2.75566e-01 | 33  0.10953  3.58669e-01
 34 -0.13722 -2.50067e-01 | 35  0.12335  5.00098e-01 | 36 -0.02289 -9.92752e-02
 37 -0.08526 -2.17510e-01 | 38 -0.23217 -3.05109e-01 | 39 -0.09592 -7.89038e-02
 40  0.05174  4.71649e-01 | 41  0.02183  1.63034e-01 | 42  0.01580  6.53131e-02
 43  0.13998  6.78875e-01 | 44  0.01519 -1.22338e-01 | 45 -0.07550 -2.15978e-01
 46 -0.07126 -1.87127e-01 | 47  0.06835  3.24343e-01 | 48 -0.00390 -6.36209e-02
 49 -0.06380 -1.35616e-01 | 50  0.08263  4.64837e-01 | 51  0.06137  3.49338e-02
 52 -0.07303 -1.89631e-01 | 53 -0.02054 -4.74569e-02 | 54 -0.04427 -3.61479e-02
 55 -0.07344 -9.67765e-02 | 56  0.00686  3.41645e-01 | 57  0.05519  3.02828e-01
 58 -0.04454 -4.04006e-02 | 59  0.13570  8.12646e-01 | 60 -0.05281 -1.78603e-01
 61  0.09951  1.80668e-01 | 62  0.10966  2.91056e-02 | 63  0.05856 -2.91794e-02
 64  0.13814  3.36639e-02 | 65 -0.06106 -3.06661e-01 | 66 -0.04187 -2.16003e-01
 67 -0.09835 -2.17320e-01 | 68 -0.03509 -1.41375e-01 | 69  0.12008  1.56650e-01
 70 -0.08893 -3.63621e-01 | 71 -0.03352 -2.12424e-01 | 72 -0.60490  9.60779e-03
 73  0.11841  1.37557e+00 | 74  0.64617  3.08103e-01 | 75  0.15366  4.65631e-03
 76  0.40901 -1.85127e+00 | 77 -0.05645  2.10649e-04 | 78  0.28412 -7.87148e-04
 79 -0.39785 -7.29762e+01 | 80  0.28047 -1.69350e-04 | 81 -0.48365  4.01510e+00
 82  0.37833 -5.95157e-05 |
82 variables; iteration 260; function evaluation 313; phase 6
Function value 2.3490166e+02; maximum gradient component mag -1.9672e+01
Var    Value     Gradient |Var    Value     Gradient |Var    Value     Gradient
  1 -0.39827 -2.90637e-01 |  2  0.44932 -1.28287e-03 |  3  0.07266  2.07583e-01
  4 -0.54151  5.84376e-01 |  5 -0.52079  3.94472e-01 |  6 -0.33813  1.57017e+00
  7 -0.03936  7.95653e-02 |  8 -0.00113 -1.25916e-03 |  9 -0.00059  2.72205e-03
 10 -0.00095 -4.32338e-03 | 11 -0.00136  6.08781e-03 | 12 -0.00217 -6.18627e-03
 13 -0.00320  5.23810e-05 | 14 -0.00477 -1.07109e-03 | 15 -0.00701  4.04860e-03
 16 -0.01022  1.08419e-03 | 17 -0.01460  5.60866e-03 | 18 -0.02036  1.82828e-03
 19 -0.02737  1.46536e-03 | 20 -0.03546 -3.89973e-03 | 21 -0.04353 -2.27825e-03
 22 -0.04962  1.77915e-04 | 23 -0.05044  3.67925e-03 | 24 -0.04302  1.77639e-03
 25 -0.03002  2.69032e-03 | 26 -0.01847  5.33136e-03 | 27  0.00613  7.34181e-03
 28  0.12186 -4.86290e-02 | 29  0.07271 -5.58968e-02 | 30  0.06217 -4.44115e-02
 31 -0.08148 -7.47285e-02 | 32 -0.13524 -6.71992e-02 | 33  0.10953  7.47188e-02
 34 -0.13722 -6.10983e-02 | 35  0.12335  1.18570e-01 | 36 -0.02289 -2.11257e-02
 37 -0.08526 -5.38000e-02 | 38 -0.23218 -7.22694e-02 | 39 -0.09592 -1.20650e-02
 40  0.05174  1.18727e-01 | 41  0.02184  3.32272e-02 | 42  0.01580  1.21357e-02
 43  0.13998  1.64745e-01 | 44  0.01519 -3.05718e-02 | 45 -0.07550 -5.25172e-02
 46 -0.07127 -4.20923e-02 | 47  0.06835  8.74979e-02 | 48 -0.00390 -1.79384e-02
 49 -0.06381 -2.92846e-02 | 50  0.08263  1.20411e-01 | 51  0.06137  6.00167e-03
 52 -0.07303 -4.18889e-02 | 53 -0.02054 -4.18550e-03 | 54 -0.04427 -8.67351e-03
 55 -0.07344 -3.05561e-02 | 56  0.00686  7.37495e-02 | 57  0.05519  7.66821e-02
 58 -0.04454 -1.09842e-02 | 59  0.13570  1.98878e-01 | 60 -0.05282 -3.77604e-02
 61  0.09951  4.59349e-02 | 62  0.10966  7.14986e-03 | 63  0.05855  1.94712e-03
 64  0.13814  1.25294e-02 | 65 -0.06105 -7.74184e-02 | 66 -0.04187 -5.41637e-02
 67 -0.09835 -5.49856e-02 | 68 -0.03509 -3.90192e-02 | 69  0.12008  3.92985e-02
 70 -0.08893 -8.73161e-02 | 71 -0.03352 -4.73546e-02 | 72 -0.60492  8.66593e-03
 73  0.11843  3.27329e-01 | 74  0.64617  7.79349e-02 | 75  0.24835  1.30387e-03
 76  0.40901 -4.74727e-01 | 77 -0.12912 -6.45223e-04 | 78  0.35999  6.71164e-04
 79 -0.40039 -1.96723e+01 | 80  0.27959 -2.54828e-04 | 81 -0.53922  8.26465e-01
 82  0.37802 -1.37032e-04 |
82 variables; iteration 280; function evaluation 337; phase 6
Function value 2.3489911e+02; maximum gradient component mag -2.9221e+01
Var    Value     Gradient |Var    Value     Gradient |Var    Value     Gradient
  1 -0.39829 -3.82173e-01 |  2  0.44933  8.00426e-04 |  3  0.07267  2.58035e-01
  4 -0.54152  7.17052e-01 |  5 -0.52078  4.79970e-01 |  6 -0.33814  2.08853e+00
  7 -0.03935  9.25447e-02 |  8 -0.00112 -3.67348e-04 |  9 -0.00060  9.07880e-04
 10 -0.00093 -1.21618e-03 | 11 -0.00139  1.58494e-03 | 12 -0.00214 -1.83137e-03
 13 -0.00320 -7.08765e-05 | 14 -0.00477  8.88188e-06 | 15 -0.00703  1.58256e-03
 16 -0.01022  5.58894e-04 | 17 -0.01462  1.94425e-03 | 18 -0.02037  7.28056e-04
 19 -0.02738  1.65141e-03 | 20 -0.03544  3.73576e-04 | 21 -0.04352  8.23547e-04
 22 -0.04962  2.11486e-03 | 23 -0.05045  3.56481e-03 | 24 -0.04302  3.94557e-03
 25 -0.03002  5.90781e-03 | 26 -0.01847  8.54344e-03 | 27  0.00613  1.28191e-02
 28  0.12185 -5.67513e-02 | 29  0.07272 -6.67869e-02 | 30  0.06216 -5.27527e-02
 31 -0.08148 -9.78331e-02 | 32 -0.13524 -8.84932e-02 | 33  0.10953  1.21356e-01
 34 -0.13722 -8.02288e-02 | 35  0.12335  1.62527e-01 | 36 -0.02289 -3.35733e-02
 37 -0.08525 -6.92941e-02 | 38 -0.23218 -9.93821e-02 | 39 -0.09593 -2.91999e-02
 40  0.05174  1.49457e-01 | 41  0.02184  5.58786e-02 | 42  0.01580  2.30778e-02
 43  0.13998  2.18632e-01 | 44  0.01520 -3.88132e-02 | 45 -0.07549 -6.90854e-02
 46 -0.07127 -6.21227e-02 | 47  0.06835  1.00218e-01 | 48 -0.00389 -1.88371e-02
 49 -0.06381 -4.54567e-02 | 50  0.08263  1.45751e-01 | 51  0.06137  1.28036e-02
 52 -0.07303 -6.31538e-02 | 53 -0.02054 -1.93768e-02 | 54 -0.04427 -1.16996e-02
 55 -0.07343 -2.74114e-02 | 56  0.00687  1.14256e-01 | 57  0.05519  9.53561e-02
 58 -0.04454 -1.24469e-02 | 59  0.13570  2.60292e-01 | 60 -0.05282 -6.04214e-02
 61  0.09951  5.70843e-02 | 62  0.10966  9.59263e-03 | 63  0.05855 -1.40979e-02
 64  0.13814  8.99892e-03 | 65 -0.06105 -9.69677e-02 | 66 -0.04187 -6.84637e-02
 67 -0.09835 -6.87362e-02 | 68 -0.03509 -4.29754e-02 | 69  0.12008  4.94195e-02
 70 -0.08893 -1.17390e-01 | 71 -0.03352 -7.06554e-02 | 72 -0.60494 -2.59917e-05
 73  0.11845  4.45335e-01 | 74  0.64618  9.81811e-02 | 75  0.33553  1.82634e-03
 76  0.40901 -5.86457e-01 | 77 -0.08602 -4.29072e-04 | 78  0.35331  4.95071e-04
 79 -0.40204 -2.92209e+01 | 80  0.29017  1.49766e-04 | 81 -0.58800  8.99871e-01
 82  0.37925  1.18021e-04 |
82 variables; iteration 300; function evaluation 363; phase 6
Function value 2.3489706e+02; maximum gradient component mag -4.4039e+01
Var    Value     Gradient |Var    Value     Gradient |Var    Value     Gradient
  1 -0.39830 -5.23397e-01 |  2  0.44933  9.91371e-04 |  3  0.07267  3.62378e-01
  4 -0.54152  1.00558e+00 |  5 -0.52078  6.73867e-01 |  6 -0.33815  2.84921e+00
  7 -0.03936  1.33703e-01 |  8 -0.00112 -5.62462e-04 |  9 -0.00060  1.28253e-03
 10 -0.00094 -2.25150e-03 | 11 -0.00138  3.52093e-03 | 12 -0.00214 -3.01056e-03
 13 -0.00320  3.81392e-04 | 14 -0.00477 -4.65472e-04 | 15 -0.00703  2.18189e-03
 16 -0.01022  1.02900e-03 | 17 -0.01461  3.64565e-03 | 18 -0.02037  2.33442e-03
 19 -0.02738  1.46344e-03 | 20 -0.03545 -8.93674e-04 | 21 -0.04353  8.04111e-04
 22 -0.04962  2.47334e-03 | 23 -0.05045  5.21961e-03 | 24 -0.04302  5.48938e-03
 25 -0.03002  7.38643e-03 | 26 -0.01847  1.12646e-02 | 27  0.00613  1.69653e-02
 28  0.12186 -7.80931e-02 | 29  0.07271 -9.19164e-02 | 30  0.06216 -7.26728e-02
 31 -0.08148 -1.33570e-01 | 32 -0.13524 -1.20853e-01 | 33  0.10953  1.62184e-01
 34 -0.13722 -1.09571e-01 | 35  0.12335  2.22077e-01 | 36 -0.02289 -4.39068e-02
 37 -0.08525 -9.46901e-02 | 38 -0.23218 -1.34461e-01 | 39 -0.09592 -3.67620e-02
 40  0.05174  2.06390e-01 | 41  0.02184  7.42855e-02 | 42  0.01580  3.05232e-02
 43  0.13998  2.99814e-01 | 44  0.01520 -5.24829e-02 | 45 -0.07549 -9.44490e-02
 46 -0.07127 -8.30331e-02 | 47  0.06835  1.39849e-01 | 48 -0.00389 -2.69380e-02
 49 -0.06381 -6.07401e-02 | 50  0.08263  2.01221e-01 | 51  0.06137  1.61873e-02
 52 -0.07303 -8.47090e-02 | 53 -0.02054 -2.34727e-02 | 54 -0.04427 -1.62913e-02
 55 -0.07343 -4.05729e-02 | 56  0.00687  1.51850e-01 | 57  0.05519  1.31107e-01
 58 -0.04454 -1.78732e-02 | 59  0.13570  3.54614e-01 | 60 -0.05282 -8.04858e-02
 61  0.09951  7.78182e-02 | 62  0.10966  1.21593e-02 | 63  0.05855 -1.63312e-02
 64  0.13814  1.26986e-02 | 65 -0.06105 -1.33867e-01 | 66 -0.04187 -9.46382e-02
 67 -0.09835 -9.50698e-02 | 68 -0.03509 -6.11003e-02 | 69  0.12008  6.71641e-02
 70 -0.08893 -1.60035e-01 | 71 -0.03352 -9.50135e-02 | 72 -0.60493  2.81086e-03
 73  0.11845  6.04369e-01 | 74  0.64618  1.35929e-01 | 75  0.39882  2.27323e-03
 76  0.40901 -8.14343e-01 | 77 -0.00494 -2.47954e-05 | 78  0.33508 -5.84875e-05
 79 -0.40347 -4.40395e+01 | 80  0.28182 -1.42069e-04 | 81 -0.64554  9.54338e-01
 82  0.37996 -2.18407e-05 |
82 variables; iteration 320; function evaluation 389; phase 6
Function value 2.3489557e+02; maximum gradient component mag -8.3064e+00
Var    Value     Gradient |Var    Value     Gradient |Var    Value     Gradient
  1 -0.39832 -9.33496e-02 |  2  0.44933  1.26365e-04 |  3  0.07268  6.45866e-02
  4 -0.54152  1.79417e-01 |  5 -0.52078  1.20267e-01 |  6 -0.33815  5.08291e-01
  7 -0.03935  2.38232e-02 |  8 -0.00112 -1.17784e-04 |  9 -0.00060  2.56213e-04
 10 -0.00093 -4.52551e-04 | 11 -0.00140  6.99747e-04 | 12 -0.00213 -6.05482e-04
 13 -0.00320  7.12740e-05 | 14 -0.00477 -9.77627e-05 | 15 -0.00704  4.23252e-04
 16 -0.01022  1.91833e-04 | 17 -0.01463  7.05618e-04 | 18 -0.02037  4.36645e-04
 19 -0.02738  2.56827e-04 | 20 -0.03544 -2.22464e-04 | 21 -0.04352  1.01890e-04
 22 -0.04962  4.18280e-04 | 23 -0.05045  9.40681e-04 | 24 -0.04302  9.56541e-04
 25 -0.03002  1.28078e-03 | 26 -0.01847  1.98189e-03 | 27  0.00614  2.98685e-03
 28  0.12185 -1.40569e-02 | 29  0.07272 -1.65015e-02 | 30  0.06216 -1.30698e-02
 31 -0.08148 -2.38614e-02 | 32 -0.13524 -2.15763e-02 | 33  0.10953  2.86597e-02
 34 -0.13722 -1.95645e-02 | 35  0.12335  3.95090e-02 | 36 -0.02289 -7.80020e-03
 37 -0.08525 -1.69352e-02 | 38 -0.23218 -2.39566e-02 | 39 -0.09593 -6.42521e-03
 40  0.05174  3.69052e-02 | 41  0.02184  1.31161e-02 | 42  0.01580  5.35284e-03
 43  0.13998  5.34374e-02 | 44  0.01520 -9.41286e-03 | 45 -0.07549 -1.68741e-02
 46 -0.07127 -1.47515e-02 | 47  0.06835  2.51246e-02 | 48 -0.00389 -4.85907e-03
 49 -0.06381 -1.07653e-02 | 50  0.08263  3.60797e-02 | 51  0.06137  2.83874e-03
 52 -0.07303 -1.50302e-02 | 53 -0.02054 -4.03206e-03 | 54 -0.04427 -2.89577e-03
 55 -0.07343 -7.36820e-03 | 56  0.00687  2.69613e-02 | 57  0.05519  2.34919e-02
 58 -0.04454 -3.19327e-03 | 59  0.13570  6.33879e-02 | 60 -0.05282 -1.42434e-02
 61  0.09951  1.39603e-02 | 62  0.10966  2.18982e-03 | 63  0.05855 -2.72224e-03
 64  0.13814  2.35849e-03 | 65 -0.06105 -2.39418e-02 | 66 -0.04187 -1.69144e-02
 67 -0.09835 -1.69969e-02 | 68 -0.03509 -1.09782e-02 | 69  0.12008  1.20586e-02
 70 -0.08893 -2.85375e-02 | 71 -0.03352 -1.68546e-02 | 72 -0.60494  6.01657e-04
 73  0.11846  1.07768e-01 | 74  0.64618  2.43470e-02 | 75  0.38032  2.13686e-03
 76  0.40901 -1.45468e-01 | 77  0.00129  5.88745e-06 | 78  0.33658 -9.14117e-06
 79 -0.40449 -8.30643e+00 | 80  0.28550 -4.55955e-05 | 81 -0.70261  1.44086e-01
 82  0.37877 -9.88884e-06 |
82 variables; iteration 340; function evaluation 416; phase 6
Function value 2.3489452e+02; maximum gradient component mag -3.3554e+01
Var    Value     Gradient |Var    Value     Gradient |Var    Value     Gradient
  1 -0.39833 -3.45138e-01 |  2  0.44933  2.29890e-03 |  3  0.07269  2.33794e-01
  4 -0.54153  6.42359e-01 |  5 -0.52078  4.28014e-01 |  6 -0.33816  1.88917e+00
  7 -0.03935  8.31869e-02 |  8 -0.00112  2.81797e-04 |  9 -0.00061 -4.39011e-04
 10 -0.00092  9.14083e-04 | 11 -0.00141 -1.25385e-03 | 12 -0.00211  1.27365e-03
 13 -0.00320  5.39653e-05 | 14 -0.00476  4.83702e-04 | 15 -0.00705 -3.82182e-04
 16 -0.01023  2.40811e-04 | 17 -0.01464 -4.89834e-04 | 18 -0.02038  3.36296e-04
 19 -0.02738  1.11699e-03 | 20 -0.03543  2.53510e-03 | 21 -0.04352  2.52745e-03
 22 -0.04962  2.71523e-03 | 23 -0.05046  2.79954e-03 | 24 -0.04302  4.43793e-03
 25 -0.03002  6.36772e-03 | 26 -0.01847  8.40668e-03 | 27  0.00614  1.30161e-02
 28  0.12185 -4.72807e-02 | 29  0.07272 -5.67874e-02 | 30  0.06216 -4.46313e-02
 31 -0.08148 -8.76463e-02 | 32 -0.13524 -7.95830e-02 | 33  0.10953  1.19715e-01
 34 -0.13723 -7.20312e-02 | 35  0.12335  1.50321e-01 | 36 -0.02289 -3.20012e-02
 37 -0.08525 -6.14322e-02 | 38 -0.23218 -9.09648e-02 | 39 -0.09593 -3.14071e-02
 40  0.05174  1.32739e-01 | 41  0.02184  5.60960e-02 | 42  0.01580  2.44160e-02
 43  0.13998  1.99314e-01 | 44  0.01520 -3.36019e-02 | 45 -0.07549 -6.19873e-02
 46 -0.07127 -5.84360e-02 | 47  0.06835  8.41222e-02 | 48 -0.00389 -1.50485e-02
 49 -0.06381 -4.37834e-02 | 50  0.08263  1.25482e-01 | 51  0.06137  1.33204e-02
 52 -0.07303 -6.02646e-02 | 53 -0.02054 -2.33005e-02 | 54 -0.04427 -1.09846e-02
 55 -0.07343 -1.97673e-02 | 56  0.00687  1.09209e-01 | 57  0.05519  8.29668e-02
 58 -0.04454 -1.08031e-02 | 59  0.13570  2.32323e-01 | 60 -0.05283 -5.90280e-02
 61  0.09951  4.90443e-02 | 62  0.10966  7.82379e-03 | 63  0.05855 -2.01658e-02
 64  0.13814  3.71241e-03 | 65 -0.06105 -8.56056e-02 | 66 -0.04187 -6.09197e-02
 67 -0.09835 -6.06969e-02 | 68 -0.03509 -3.57736e-02 | 69  0.12008  4.25158e-02
 70 -0.08893 -1.06821e-01 | 71 -0.03352 -6.72595e-02 | 72 -0.60495 -4.13198e-03
 73  0.11847  4.05517e-01 | 74  0.64618  8.77187e-02 | 75  0.24682  1.28223e-03
 76  0.40901 -5.19002e-01 | 77  0.00376  1.65033e-05 | 78  0.33873  5.82542e-05
 79 -0.40525 -3.35540e+01 | 80  0.28888  5.78919e-05 | 81 -0.76267  3.60260e-01
 82  0.37782  2.71938e-05 |
82 variables; iteration 360; function evaluation 441; phase 6
Function value 2.3489402e+02; maximum gradient component mag -7.2970e-01
Var    Value     Gradient |Var    Value     Gradient |Var    Value     Gradient
  1 -0.39836 -8.25069e-03 |  2  0.44933 -2.48389e-05 |  3  0.07273  6.23757e-03
  4 -0.54155  1.74793e-02 |  5 -0.52077  1.18459e-02 |  6 -0.33817  4.40322e-02
  7 -0.03935  2.56038e-03 |  8 -0.00112 -3.46426e-05 |  9 -0.00061  7.51469e-05
 10 -0.00092 -1.41141e-04 | 11 -0.00140  2.17835e-04 | 12 -0.00212 -1.90589e-04
 13 -0.00320  1.57747e-05 | 14 -0.00477 -4.35127e-05 | 15 -0.00704  1.16859e-04
 16 -0.01022  3.68520e-05 | 17 -0.01463  1.86942e-04 | 18 -0.02038  9.34626e-05
 19 -0.02738  1.77601e-05 | 20 -0.03544 -1.51556e-04 | 21 -0.04352 -7.54897e-05
 22 -0.04962 -8.99469e-06 | 23 -0.05045  1.12220e-04 | 24 -0.04302  5.40573e-05
 25 -0.03002  5.55407e-05 | 26 -0.01847  1.40888e-04 | 27  0.00614  1.89009e-04
 28  0.12185 -1.36710e-03 | 29  0.07272 -1.57667e-03 | 30  0.06216 -1.24962e-03
 31 -0.08148 -2.09224e-03 | 32 -0.13524 -1.88795e-03 | 33  0.10953  1.99832e-03
 34 -0.13723 -1.71593e-03 | 35  0.12335  3.37641e-03 | 36 -0.02289 -5.15935e-04
 37 -0.08525 -1.49956e-03 | 38 -0.23218 -1.99067e-03 | 39 -0.09593 -2.47101e-04
 40  0.05174  3.38967e-03 | 41  0.02184  8.59638e-04 | 42  0.01580  3.06756e-04
 43  0.13998  4.68208e-03 | 44  0.01520 -8.20729e-04 | 45 -0.07549 -1.47065e-03
 46 -0.07127 -1.12378e-03 | 47  0.06835  2.55110e-03 | 48 -0.00389 -5.39160e-04
 49 -0.06381 -7.84898e-04 | 50  0.08263  3.43585e-03 | 51  0.06137  1.35865e-04
 52 -0.07303 -1.13000e-03 | 53 -0.02054 -2.75185e-05 | 54 -0.04427 -2.61524e-04
 55 -0.07343 -9.66618e-04 | 56  0.00687  1.90638e-03 | 57  0.05519  2.16308e-03
 58 -0.04454 -3.50384e-04 | 59  0.13570  5.51948e-03 | 60 -0.05282 -1.00169e-03
 61  0.09951  1.28210e-03 | 62  0.10966  1.75889e-04 | 63  0.05855  1.46909e-04
 64  0.13814  3.94344e-04 | 65 -0.06105 -2.21578e-03 | 66 -0.04187 -1.55731e-03
 67 -0.09835 -1.59011e-03 | 68 -0.03509 -1.18327e-03 | 69  0.12008  1.08283e-03
 70 -0.08893 -2.44178e-03 | 71 -0.03352 -1.29370e-03 | 72 -0.60493  3.51163e-04
 73  0.11849  9.05358e-03 | 74  0.64619  2.21547e-03 | 75  0.11801 -1.06800e-03
 76  0.40901 -1.39201e-02 | 77 -0.03171 -1.61889e-05 | 78  0.28278 -2.29764e-05
 79 -0.40556 -7.29697e-01 | 80  0.28734  2.21561e-06 | 81 -0.79614  1.06828e-02
 82  0.37829  1.13595e-06 |
82 variables; iteration 380; function evaluation 462; phase 6
Function value 2.3489396e+02; maximum gradient component mag -5.7769e+00
Var    Value     Gradient |Var    Value     Gradient |Var    Value     Gradient
  1 -0.39836 -5.58974e-02 |  2  0.44933 -3.77920e-04 |  3  0.07273  3.65557e-02
  4 -0.54155  1.03006e-01 |  5 -0.52077  6.91150e-02 |  6 -0.33817  3.07122e-01
  7 -0.03935  1.28316e-02 |  8 -0.00112 -1.29213e-04 |  9 -0.00060  2.55977e-04
 10 -0.00093 -4.94568e-04 | 11 -0.00140  7.35273e-04 | 12 -0.00213 -6.71138e-04
 13 -0.00320  4.77155e-05 | 14 -0.00477 -1.39306e-04 | 15 -0.00704  4.23430e-04
 16 -0.01022  1.56984e-04 | 17 -0.01463  6.68690e-04 | 18 -0.02037  3.38647e-04
 19 -0.02738  1.25485e-04 | 20 -0.03544 -4.54380e-04 | 21 -0.04352 -1.53767e-04
 22 -0.04962  1.56388e-04 | 23 -0.05045  6.10917e-04 | 24 -0.04302  4.49839e-04
 25 -0.03002  5.73691e-04 | 26 -0.01847  1.02339e-03 | 27  0.00613  1.55415e-03
 28  0.12185 -9.28033e-03 | 29  0.07272 -1.05868e-02 | 30  0.06216 -8.51512e-03
 31 -0.08148 -1.45883e-02 | 32 -0.13524 -1.31249e-02 | 33  0.10953  1.58179e-02
 34 -0.13723 -1.19195e-02 | 35  0.12335  2.29066e-02 | 36 -0.02289 -4.70285e-03
 37 -0.08526 -1.05665e-02 | 38 -0.23218 -1.43517e-02 | 39 -0.09593 -3.24490e-03
 40  0.05174  2.25511e-02 | 41  0.02184  7.06361e-03 | 42  0.01580  2.60636e-03
 43  0.13998  3.15644e-02 | 44  0.01520 -6.18830e-03 | 45 -0.07549 -1.04293e-02
 46 -0.07127 -8.64208e-03 | 47  0.06835  1.59616e-02 | 48 -0.00389 -3.25468e-03
 49 -0.06381 -6.14770e-03 | 50  0.08263  2.28133e-02 | 51  0.06137  1.41379e-03
 52 -0.07303 -8.64964e-03 | 53 -0.02054 -1.57789e-03 | 54 -0.04427 -1.57805e-03
 55 -0.07343 -4.98593e-03 | 56  0.00687  1.59271e-02 | 57  0.05519  1.49099e-02
 58 -0.04454 -1.80033e-03 | 59  0.13570  3.92820e-02 | 60 -0.05282 -7.95816e-03
 61  0.09951  8.99777e-03 | 62  0.10966  1.55366e-03 | 63  0.05855 -5.45663e-04
 64  0.13814  2.05518e-03 | 65 -0.06105 -1.47150e-02 | 66 -0.04187 -1.02790e-02
 67 -0.09835 -1.03596e-02 | 68 -0.03509 -6.85449e-03 | 69  0.12008  7.90320e-03
 70 -0.08893 -1.71638e-02 | 71 -0.03352 -9.61717e-03 | 72 -0.60493  5.93096e-04
 73  0.11849  6.53237e-02 | 74  0.64619  1.43277e-02 | 75  0.11844  4.10394e-04
 76  0.40901 -8.63692e-02 | 77 -0.03305  6.62072e-06 | 78  0.27934 -1.23044e-04
 79 -0.40573 -5.77692e+00 | 80  0.28601 -4.11998e-05 | 81 -0.81810  4.31320e-02
 82  0.37855 -1.51943e-05 |
  ic > imax  in fminim is answer attained ?
Var    Value     Gradient |Var    Value     Gradient |Var    Value     Gradient
  1 -0.39836  3.76302e-06 |  2  0.44933  1.01830e-07 |  3  0.07273 -3.10512e-06
  4 -0.54155 -8.95990e-06 |  5 -0.52077 -6.15070e-06 |  6 -0.33817 -1.97108e-05
  7 -0.03935 -1.40162e-06 |  8 -0.00112  5.40621e-08 |  9 -0.00061 -1.00819e-07
 10 -0.00092  1.90790e-07 | 11 -0.00140 -2.79830e-07 | 12 -0.00212  2.53123e-07
 13 -0.00320 -1.31745e-08 | 14 -0.00476  5.71023e-08 | 15 -0.00704 -1.43201e-07
 16 -0.01022 -4.36993e-08 | 17 -0.01463 -2.23865e-07 | 18 -0.02038 -8.91951e-08
 19 -0.02738 -7.78671e-09 | 20 -0.03544  2.19716e-07 | 21 -0.04352  1.36270e-07
 22 -0.04962  5.35546e-08 | 23 -0.05045 -8.20396e-08 | 24 -0.04302  2.27226e-08
 25 -0.03002  4.59065e-08 | 26 -0.01847 -1.12913e-08 | 27  0.00614  5.66339e-09
 28  0.12185  8.51511e-07 | 29  0.07272  9.24530e-07 | 30  0.06216  7.57667e-07
 31 -0.08148  9.90505e-07 | 32 -0.13524  8.72553e-07 | 33  0.10953 -2.88388e-07
 34 -0.13723  7.96136e-07 | 35  0.12335 -1.32552e-06 | 36 -0.02289  1.03605e-07
 37 -0.08525  7.46034e-07 | 38 -0.23218  8.04861e-07 | 39 -0.09593 -2.44556e-07
 40  0.05174 -1.75794e-06 | 41  0.02184 -7.96974e-08 | 42  0.01580  4.99856e-08
 43  0.13998 -2.07354e-06 | 44  0.01520  4.42666e-07 | 45 -0.07549  6.90805e-07
 46 -0.07127  3.39340e-07 | 47  0.06835 -1.57107e-06 | 48 -0.00389  3.76362e-07
 49 -0.06381  1.73194e-07 | 50  0.08263 -1.94338e-06 | 51  0.06137  7.73490e-08
 52 -0.07303  3.05295e-07 | 53 -0.02054 -3.64010e-07 | 54 -0.04427  1.01625e-07
 55 -0.07343  7.70984e-07 | 56  0.00687 -4.69678e-07 | 57  0.05519 -1.17294e-06
 58 -0.04454  1.92794e-07 | 59  0.13570 -2.63861e-06 | 60 -0.05282  1.70185e-07
 61  0.09951 -6.90053e-07 | 62  0.10966 -7.58657e-08 | 63  0.05855 -5.10666e-07
 64  0.13814 -3.58932e-07 | 65 -0.06105  1.15281e-06 | 66 -0.04187  7.88680e-07
 67 -0.09835  8.18164e-07 | 68 -0.03509  7.48119e-07 | 69  0.12008 -5.78904e-07
 70 -0.08893  1.06129e-06 | 71 -0.03352  3.64314e-07 | 72 -0.60494 -4.46844e-07
 73  0.11849 -3.82955e-06 | 74  0.64619 -1.12784e-06 | 75  0.11830 -2.40667e-08
 76  0.40901  7.21038e-06 | 77 -0.03188 -3.11684e-09 | 78  0.28334  4.63512e-09
 79 -0.40579  3.68145e-04 | 80  0.28732  3.62046e-08 | 81 -0.82697 -2.54066e-06
 82  0.37831  1.47314e-08 |
Function minimizer not making progress ... is minimum attained?
Minimprove criterion = 0.0000e+00

 - final statistics:
82 variables; iteration 396; function evaluation 510
Function value 2.3489e+02; maximum gradient component mag 3.6815e-04
Exit code = 1;  converg criter 1.0000e-04
Var    Value     Gradient |Var    Value     Gradient |Var    Value     Gradient
  1 -0.39836  3.76302e-06 |  2  0.44933  1.01830e-07 |  3  0.07273 -3.10512e-06
  4 -0.54155 -8.95990e-06 |  5 -0.52077 -6.15070e-06 |  6 -0.33817 -1.97108e-05
  7 -0.03935 -1.40162e-06 |  8 -0.00112  5.40621e-08 |  9 -0.00061 -1.00819e-07
 10 -0.00092  1.90790e-07 | 11 -0.00140 -2.79830e-07 | 12 -0.00212  2.53123e-07
 13 -0.00320 -1.31745e-08 | 14 -0.00476  5.71023e-08 | 15 -0.00704 -1.43201e-07
 16 -0.01022 -4.36993e-08 | 17 -0.01463 -2.23865e-07 | 18 -0.02038 -8.91951e-08
 19 -0.02738 -7.78671e-09 | 20 -0.03544  2.19716e-07 | 21 -0.04352  1.36270e-07
 22 -0.04962  5.35546e-08 | 23 -0.05045 -8.20396e-08 | 24 -0.04302  2.27226e-08
 25 -0.03002  4.59065e-08 | 26 -0.01847 -1.12913e-08 | 27  0.00614  5.66339e-09
 28  0.12185  8.51511e-07 | 29  0.07272  9.24530e-07 | 30  0.06216  7.57667e-07
 31 -0.08148  9.90505e-07 | 32 -0.13524  8.72553e-07 | 33  0.10953 -2.88388e-07
 34 -0.13723  7.96136e-07 | 35  0.12335 -1.32552e-06 | 36 -0.02289  1.03605e-07
 37 -0.08525  7.46034e-07 | 38 -0.23218  8.04861e-07 | 39 -0.09593 -2.44556e-07
 40  0.05174 -1.75794e-06 | 41  0.02184 -7.96974e-08 | 42  0.01580  4.99856e-08
 43  0.13998 -2.07354e-06 | 44  0.01520  4.42666e-07 | 45 -0.07549  6.90805e-07
 46 -0.07127  3.39340e-07 | 47  0.06835 -1.57107e-06 | 48 -0.00389  3.76362e-07
 49 -0.06381  1.73194e-07 | 50  0.08263 -1.94338e-06 | 51  0.06137  7.73490e-08
 52 -0.07303  3.05295e-07 | 53 -0.02054 -3.64010e-07 | 54 -0.04427  1.01625e-07
 55 -0.07343  7.70984e-07 | 56  0.00687 -4.69678e-07 | 57  0.05519 -1.17294e-06
 58 -0.04454  1.92794e-07 | 59  0.13570 -2.63861e-06 | 60 -0.05282  1.70185e-07
 61  0.09951 -6.90053e-07 | 62  0.10966 -7.58657e-08 | 63  0.05855 -5.10666e-07
 64  0.13814 -3.58932e-07 | 65 -0.06105  1.15281e-06 | 66 -0.04187  7.88680e-07
 67 -0.09835  8.18164e-07 | 68 -0.03509  7.48119e-07 | 69  0.12008 -5.78904e-07
 70 -0.08893  1.06129e-06 | 71 -0.03352  3.64314e-07 | 72 -0.60494 -4.46844e-07
 73  0.11849 -3.82955e-06 | 74  0.64619 -1.12784e-06 | 75  0.11830 -2.40667e-08
 76  0.40901  7.21038e-06 | 77 -0.03188 -3.11684e-09 | 78  0.28334  4.63512e-09
 79 -0.40579  3.68145e-04 | 80  0.28732  3.62046e-08 | 81 -0.82697 -2.54066e-06
 82  0.37831  1.47314e-08 |
Estimating row 1 out of 82 for hessian
Estimating row 2 out of 82 for hessian
Estimating row 3 out of 82 for hessian
Estimating row 4 out of 82 for hessian
Estimating row 5 out of 82 for hessian
Estimating row 6 out of 82 for hessian
Estimating row 7 out of 82 for hessian
Estimating row 8 out of 82 for hessian
Estimating row 9 out of 82 for hessian
Estimating row 10 out of 82 for hessian
Estimating row 11 out of 82 for hessian
Estimating row 12 out of 82 for hessian
Estimating row 13 out of 82 for hessian
Estimating row 14 out of 82 for hessian
Estimating row 15 out of 82 for hessian
Estimating row 16 out of 82 for hessian
Estimating row 17 out of 82 for hessian
Estimating row 18 out of 82 for hessian
Estimating row 19 out of 82 for hessian
Estimating row 20 out of 82 for hessian
Estimating row 21 out of 82 for hessian
Estimating row 22 out of 82 for hessian
Estimating row 23 out of 82 for hessian
Estimating row 24 out of 82 for hessian
Estimating row 25 out of 82 for hessian
Estimating row 26 out of 82 for hessian
Estimating row 27 out of 82 for hessian
Estimating row 28 out of 82 for hessian
Estimating row 29 out of 82 for hessian
Estimating row 30 out of 82 for hessian
Estimating row 31 out of 82 for hessian
Estimating row 32 out of 82 for hessian
Estimating row 33 out of 82 for hessian
Estimating row 34 out of 82 for hessian
Estimating row 35 out of 82 for hessian
Estimating row 36 out of 82 for hessian
Estimating row 37 out of 82 for hessian
Estimating row 38 out of 82 for hessian
Estimating row 39 out of 82 for hessian
Estimating row 40 out of 82 for hessian
Estimating row 41 out of 82 for hessian
Estimating row 42 out of 82 for hessian
Estimating row 43 out of 82 for hessian
Estimating row 44 out of 82 for hessian
Estimating row 45 out of 82 for hessian
Estimating row 46 out of 82 for hessian
Estimating row 47 out of 82 for hessian
Estimating row 48 out of 82 for hessian
Estimating row 49 out of 82 for hessian
Estimating row 50 out of 82 for hessian
Estimating row 51 out of 82 for hessian
Estimating row 52 out of 82 for hessian
Estimating row 53 out of 82 for hessian
Estimating row 54 out of 82 for hessian
Estimating row 55 out of 82 for hessian
Estimating row 56 out of 82 for hessian
Estimating row 57 out of 82 for hessian
Estimating row 58 out of 82 for hessian
Estimating row 59 out of 82 for hessian
Estimating row 60 out of 82 for hessian
Estimating row 61 out of 82 for hessian
Estimating row 62 out of 82 for hessian
Estimating row 63 out of 82 for hessian
Estimating row 64 out of 82 for hessian
Estimating row 65 out of 82 for hessian
Estimating row 66 out of 82 for hessian
Estimating row 67 out of 82 for hessian
Estimating row 68 out of 82 for hessian
Estimating row 69 out of 82 for hessian
Estimating row 70 out of 82 for hessian
Estimating row 71 out of 82 for hessian
Estimating row 72 out of 82 for hessian
Estimating row 73 out of 82 for hessian
Estimating row 74 out of 82 for hessian
Estimating row 75 out of 82 for hessian
Estimating row 76 out of 82 for hessian
Estimating row 77 out of 82 for hessian
Estimating row 78 out of 82 for hessian
Estimating row 79 out of 82 for hessian
Estimating row 80 out of 82 for hessian
Estimating row 81 out of 82 for hessian
Estimating row 82 out of 82 for hessian
size of file gradfil1.tmp = 0
size of file gradfil2.tmp = 0
size of file varssave.tmp = 0
size of file cmpdiff.tmp = 0
