
Initial statistics: 59 variables; iteration 0; function evaluation 0; phase 1
Function value 1.5858659e+03; maximum gradient component mag -4.4442e+04
Var    Value     Gradient |Var    Value     Gradient |Var    Value     Gradient
  1 -0.32528 -4.44415e+04 |  2 -0.03910 -2.33152e+03 |  3  0.00000 -9.05929e-01
  4  0.00000 -4.84028e-01 |  5  0.00000 -7.33920e-01 |  6  0.00000 -1.11087e+00
  7  0.00000 -1.67509e+00 |  8  0.00000 -2.50523e+00 |  9  0.00000 -3.73283e+00
 10  0.00000 -5.51719e+00 | 11  0.00000 -8.10363e+00 | 12  0.00000 -1.18094e+01
 13  0.00000 -1.70240e+01 | 14  0.00000 -2.41815e+01 | 15  0.00000 -3.40161e+01
 16  0.00000 -4.74212e+01 | 17  0.00000 -6.54591e+01 | 18  0.00000 -8.94954e+01
 19  0.00000 -1.21232e+02 | 20  0.00000 -1.62712e+02 | 21  0.00000 -2.17617e+02
 22  0.00000 -2.92494e+02 | 23  0.00000  2.55405e+03 | 24  0.00000  2.39552e+03
 25  0.00000  2.30271e+03 | 26  0.00000  2.34203e+03 | 27  0.00000  2.21051e+03
 28  0.00000  1.40788e+03 | 29  0.00000  1.59197e+03 | 30  0.00000  1.20160e+03
 31  0.00000  1.79595e+03 | 32  0.00000  2.30723e+03 | 33  0.00000  2.48594e+03
 34  0.00000  1.88645e+03 | 35  0.00000  9.31700e+02 | 36  0.00000  4.75840e+02
 37  0.00000  3.48561e+01 | 38  0.00000 -4.60152e+02 | 39  0.00000  1.48954e+00
 40  0.00000  6.96943e+02 | 41  0.00000  7.80078e+02 | 42  0.00000  3.66828e+02
 43  0.00000  4.12294e+02 | 44  0.00000  3.09597e+02 | 45  0.00000 -2.35969e+02
 46  0.00000 -7.40048e+01 | 47  0.00000  6.15337e+02 | 48  0.00000  6.44397e+02
 49  0.00000  5.25177e+02 | 50  0.00000  2.22756e+02 | 51  0.00000 -6.84561e+02
 52  0.00000 -1.42424e+03 | 53  0.00000 -1.79931e+03 | 54  0.00000 -2.59289e+03
 55  0.00000 -2.17728e+03 | 56  0.00000 -2.28285e+03 | 57  0.00000 -3.97473e+03
 58  0.00000 -7.82484e+03 | 59  0.00000 -6.96831e+03 |

Intermediate statistics: 59 variables; iteration 20; function evaluation 31; phase 1
Function value 1.8319017e+02; maximum gradient component mag 8.8970e+02
Var    Value     Gradient |Var    Value     Gradient |Var    Value     Gradient
  1 -0.29932  8.89705e+02 |  2 -0.03498  3.88235e+02 |  3 -0.00076  1.59999e-01
  4 -0.00041  8.58134e-02 |  5 -0.00062  1.30082e-01 |  6 -0.00094  1.96915e-01
  7 -0.00143  2.96868e-01 |  8 -0.00216  4.44754e-01 |  9 -0.00323  6.60352e-01
 10 -0.00482  9.72142e-01 | 11 -0.00708  1.41141e+00 | 12 -0.01029  2.02113e+00
 13 -0.01458  2.82938e+00 | 14 -0.01997  3.85309e+00 | 15 -0.02634  5.12718e+00
 16 -0.03277  6.67539e+00 | 17 -0.03742  8.55333e+00 | 18 -0.03734  1.08755e+01
 19 -0.03012  1.38124e+01 | 20 -0.01742  1.75499e+01 | 21 -0.00244  2.21962e+01
 22  0.02309  2.76542e+01 | 23  0.08613  6.10486e+00 | 24  0.07527  1.76009e+01
 25  0.03113  2.38365e+01 | 26 -0.05658  3.56674e+01 | 27 -0.07947  6.41317e+01
 28  0.08764  1.66868e+02 | 29 -0.02806  1.36292e+02 | 30  0.09300  1.78847e+02
 31 -0.00831  8.50315e+01 | 32 -0.10414  4.11765e+00 | 33 -0.23752 -4.26439e+01
 34 -0.08324 -8.49510e+00 | 35  0.02969 -2.69678e+01 | 36  0.01903  4.88013e+01
 37  0.03470  8.82331e+01 | 38  0.11063  7.32845e+01 | 39  0.02211  1.13496e+02
 40 -0.06377  4.22249e+01 | 41 -0.07188  3.84811e+00 | 42  0.05433  1.99755e+01
 43 -0.01339 -1.33068e+00 | 44 -0.06287 -2.12138e+01 | 45  0.07728  2.32168e+00
 46  0.04588 -4.17591e+01 | 47 -0.08668 -8.83991e+01 | 48 -0.03338 -9.77697e+01
 49 -0.05494 -1.13663e+02 | 50 -0.10080 -1.28072e+02 | 51  0.00515 -1.33885e+02
 52  0.03721 -1.21359e+02 | 53 -0.04151 -8.21363e+01 | 54  0.12253 -1.47677e+02
 55 -0.07664 -9.00109e+01 | 56  0.09865 -8.78334e+01 | 57  0.07058 -8.92001e+01
 58 -0.05071 -5.97110e+01 | 59  0.13964 -4.89042e+01 |
59 variables; iteration 40; function evaluation 57; phase 1
Function value 1.6993874e+02; maximum gradient component mag 3.9444e+02
Var    Value     Gradient |Var    Value     Gradient |Var    Value     Gradient
  1 -0.30366  3.94438e+02 |  2 -0.03836  1.62411e+02 |  3  0.00055  2.84994e-01
  4  0.00033  1.56904e-01 |  5  0.00046  2.32151e-01 |  6  0.00060  3.40156e-01
  7  0.00071  4.88645e-01 |  8  0.00066  6.82224e-01 |  9  0.00015  9.03603e-01
 10 -0.00141  1.11172e+00 | 11 -0.00496  1.19593e+00 | 12 -0.01198  9.67886e-01
 13 -0.02369  1.96655e-01 | 14 -0.03978 -1.16129e+00 | 15 -0.05624 -2.48495e+00
 16 -0.06179 -1.79327e+00 | 17 -0.04713  2.93251e+00 | 18 -0.02429  9.38807e+00
 19 -0.01134  1.22736e+01 | 20 -0.01098  1.05748e+01 | 21 -0.01311  7.98876e+00
 22  0.00300  6.90878e+00 | 23  0.10579  3.67736e+00 | 24  0.06294 -1.98640e+00
 25  0.04604  9.72010e+00 | 26 -0.07498  1.22691e+01 | 27 -0.10353  2.47294e+01
 28  0.09309  2.08496e+01 | 29 -0.07051  2.99232e+01 | 30  0.10210  3.25971e+01
 31 -0.01716  1.54312e+01 | 32 -0.11278 -8.66769e+00 | 33 -0.21654  4.22882e+00
 34 -0.08554  2.36703e+01 | 35  0.04477  5.42562e+01 | 36  0.01355  3.09493e+01
 37  0.02502  5.00243e+01 | 38  0.12586  4.78193e+01 | 39  0.00296  2.49070e+01
 40 -0.07813  3.09933e+00 | 41 -0.06967  9.48512e-01 | 42  0.05612 -3.88588e+01
 43 -0.01813 -2.55329e+01 | 44 -0.06298 -1.42981e+01 | 45  0.07595 -3.32319e+01
 46  0.04468 -1.07552e+01 | 47 -0.06947  8.61914e-01 | 48 -0.03032  3.03601e+00
 49 -0.05007 -4.55626e+00 | 50 -0.08325 -6.47520e+00 | 51  0.01071  1.32106e+01
 52  0.04019 -6.07602e+00 | 53 -0.04278 -1.75017e+01 | 54  0.12517 -1.12849e+01
 55 -0.04745 -5.77454e+00 | 56  0.09130 -1.49239e+01 | 57  0.08390  1.04300e+01
 58 -0.03977  2.21849e-01 | 59  0.12745 -2.56292e+00 |
59 variables; iteration 60; function evaluation 90; phase 1
Function value 1.6688553e+02; maximum gradient component mag 8.1753e+01
Var    Value     Gradient |Var    Value     Gradient |Var    Value     Gradient
  1 -0.31016  8.17535e+01 |  2 -0.04080  2.18264e+00 |  3 -0.00155 -4.34237e-02
  4 -0.00159 -1.29818e-01 |  5 -0.00159 -8.19997e-02 |  6 -0.00153 -2.88167e-04
  7 -0.00209  3.00269e-02 |  8 -0.00419 -1.03765e-01 |  9 -0.00631 -1.70113e-01
 10 -0.00539  3.21110e-01 | 11 -0.00911  2.75316e-01 | 12 -0.01601 -6.95749e-02
 13 -0.02219 -1.04827e-01 | 14 -0.02758  2.06971e-01 | 15 -0.03868 -2.88079e-01
 16 -0.04621 -1.63548e-01 | 17 -0.05040  2.39656e-01 | 18 -0.04990  5.53276e-01
 19 -0.04451  2.12785e-01 | 20 -0.03216  1.15685e-01 | 21 -0.02287 -1.80737e-01
 22  0.00809  7.84800e-01 | 23  0.11172 -5.84648e+00 | 24  0.07049 -5.40915e+00
 25  0.05106 -5.61816e+00 | 26 -0.08655 -4.98687e+00 | 27 -0.12863 -4.52236e+00
 28  0.10194 -5.75770e+00 | 29 -0.10416 -4.63866e+00 | 30  0.10989 -5.17653e+00
 31 -0.02060 -2.91762e+00 | 32 -0.10281 -2.95792e+00 | 33 -0.23350 -2.54176e+00
 34 -0.08890 -2.08683e+00 | 35  0.04617 -2.19109e+00 | 36  0.01807 -1.27440e+00
 37  0.01356 -2.05517e+00 | 38  0.13320 -1.50564e+00 | 39 -0.00250 -4.09648e-01
 40 -0.07493 -3.98776e-01 | 41 -0.07655 -6.06842e-01 | 42  0.06335 -1.33957e+00
 43 -0.01504 -5.96095e-01 | 44 -0.06521  1.12590e-01 | 45  0.08096  2.67290e-01
 46  0.04669  3.87634e-01 | 47 -0.07204  3.26434e-01 | 48 -0.02953  6.65557e-01
 49 -0.04798  9.04551e-01 | 50 -0.08026  1.73764e+00 | 51  0.01017  2.50889e+00
 52  0.04283  2.77612e+00 | 53 -0.03846  3.35454e+00 | 54  0.12778  3.57818e+00
 55 -0.05233  3.93389e+00 | 56  0.09748  3.95732e+00 | 57  0.08038  8.28371e+00
 58 -0.03400  1.69184e+01 | 59  0.14565  1.53824e+01 |
Maximum number of function evaluations exceeded

 - final statistics:
59 variables; iteration 66; function evaluation 100
Function value 1.6684e+02; maximum gradient component mag 8.5560e+01
Exit code = 3;  converg criter 1.0000e+01
Var    Value     Gradient |Var    Value     Gradient |Var    Value     Gradient
  1 -0.31064  8.55601e+01 |  2 -0.04073  4.90136e+00 |  3  0.00080  2.87151e-01
  4 -0.00328 -3.65980e-01 |  5  0.00040  1.98795e-01 |  6 -0.00071  1.15345e-01
  7 -0.00574 -4.86670e-01 |  8  0.00076  6.06610e-01 |  9 -0.00710 -2.82558e-01
 10 -0.00734  3.49003e-02 | 11 -0.01035  9.12398e-02 | 12 -0.01519  6.33180e-02
 13 -0.02155  6.48177e-03 | 14 -0.02984 -1.68776e-01 | 15 -0.03769 -9.51747e-02
 16 -0.04496  9.36068e-02 | 17 -0.05090  1.78242e-01 | 18 -0.05090  4.25450e-01
 19 -0.04209  8.05899e-01 | 20 -0.03183  4.01101e-01 | 21 -0.01779  9.42048e-01
 22  0.00033  2.51287e-02 | 23  0.11581 -5.02996e+00 | 24  0.06562 -6.15369e+00
 25  0.05332 -5.61556e+00 | 26 -0.08765 -5.42961e+00 | 27 -0.12809 -4.40873e+00
 28  0.10245 -6.27948e+00 | 29 -0.10794 -8.32229e+00 | 30  0.11031 -7.14833e+00
 31 -0.02003 -2.73480e+00 | 32 -0.10316 -4.53463e+00 | 33 -0.23533 -4.15952e+00
 34 -0.08860 -2.72656e+00 | 35  0.04629 -1.83330e+00 | 36  0.01848  4.19134e-01
 37  0.01387 -8.29223e-01 | 38  0.13309  1.29655e+00 | 39 -0.00126  3.14146e+00
 40 -0.07482  8.54240e-01 | 41 -0.07625 -8.43122e-02 | 42  0.06338 -1.53686e+00
 43 -0.01479 -5.79245e-01 | 44 -0.06504  6.26430e-02 | 45  0.08113  1.23365e-01
 46  0.04685  3.60261e-02 | 47 -0.07185 -4.60983e-02 | 48 -0.02947 -2.95313e-01
 49 -0.04788 -1.69429e-01 | 50 -0.08040  5.22599e-01 | 51  0.01046  2.60187e+00
 52  0.04292  3.14670e+00 | 53 -0.03784  4.81330e+00 | 54  0.12790  6.27461e+00
 55 -0.05108  5.20745e+00 | 56  0.09741  4.36567e+00 | 57  0.08078  8.73591e+00
 58 -0.03462  1.63191e+01 | 59  0.14335  1.49009e+01 |

Initial statistics: 64 variables; iteration 0; function evaluation 0; phase 2
Function value 1.6683601e+02; maximum gradient component mag 1.1967e+03
Var    Value     Gradient |Var    Value     Gradient |Var    Value     Gradient
  1 -0.38041 -9.68192e+01 |  2  0.29696 -1.63673e+02 |  3  0.11318  3.56077e+02
  4 -0.56978  1.19673e+03 |  5 -0.49467  1.00818e+03 |  6 -0.31064  8.55601e+01
  7 -0.04073  4.90136e+00 |  8  0.00080  2.87151e-01 |  9 -0.00328 -3.65980e-01
 10  0.00040  1.98795e-01 | 11 -0.00071  1.15345e-01 | 12 -0.00574 -4.86670e-01
 13  0.00076  6.06610e-01 | 14 -0.00710 -2.82558e-01 | 15 -0.00734  3.49003e-02
 16 -0.01035  9.12398e-02 | 17 -0.01519  6.33180e-02 | 18 -0.02155  6.48177e-03
 19 -0.02984 -1.68776e-01 | 20 -0.03769 -9.51747e-02 | 21 -0.04496  9.36068e-02
 22 -0.05090  1.78242e-01 | 23 -0.05090  4.25450e-01 | 24 -0.04209  8.05899e-01
 25 -0.03183  4.01101e-01 | 26 -0.01779  9.42048e-01 | 27  0.00033  2.51287e-02
 28  0.11581 -5.15340e+00 | 29  0.06562 -6.27854e+00 | 30  0.05332 -5.74063e+00
 31 -0.08766 -5.55392e+00 | 32 -0.12809 -4.53170e+00 | 33  0.10245 -6.40337e+00
 34 -0.10794 -8.44599e+00 | 35  0.11031 -7.27196e+00 | 36 -0.02004 -2.86024e+00
 37 -0.10317 -4.65849e+00 | 38 -0.23534 -4.27653e+00 | 39 -0.08861 -2.85085e+00
 40  0.04629 -1.95847e+00 | 41  0.01848  2.93682e-01 | 42  0.01387 -9.54699e-01
 43  0.13309  1.17378e+00 | 44 -0.00127  3.01596e+00 | 45 -0.07483  7.29599e-01
 46 -0.07625 -2.08919e-01 | 47  0.06337 -1.66174e+00 | 48 -0.01480 -7.04716e-01
 49 -0.06505 -6.22081e-02 | 50  0.08113 -1.12297e-03 | 51  0.04684 -8.91399e-02
 52 -0.07186 -1.70805e-01 | 53 -0.02947 -4.20684e-01 | 54 -0.04788 -2.94580e-01
 55 -0.08041  3.98093e-01 | 56  0.01046  2.47638e+00 | 57  0.04291  3.02148e+00
 58 -0.03784  4.68801e+00 | 59  0.12790  6.15164e+00 | 60 -0.05108  5.08235e+00
 61  0.09741  4.24164e+00 | 62  0.08078  8.61142e+00 | 63 -0.03462  1.61938e+01
 64  0.14334  1.47786e+01 |

Intermediate statistics: 64 variables; iteration 20; function evaluation 27; phase 2
Function value 1.5461759e+02; maximum gradient component mag -1.2409e+02
Var    Value     Gradient |Var    Value     Gradient |Var    Value     Gradient
  1 -0.22764 -1.62345e+01 |  2  0.33575 -1.24092e+02 |  3  0.13507 -7.05537e+00
  4 -0.56684 -1.78310e+01 |  5 -0.50433  9.10279e+00 |  6 -0.28754  8.63506e+01
  7 -0.03884 -6.04475e+01 |  8 -0.00052  3.71958e-02 |  9 -0.00104 -8.35977e-02
 10 -0.00051  2.49640e-02 | 11 -0.00105  1.33866e-03 | 12 -0.00254 -1.27380e-01
 13 -0.00201  7.34246e-02 | 14 -0.00465 -1.17120e-01 | 15 -0.00635 -8.04060e-02
 16 -0.00928 -1.00059e-01 | 17 -0.01353 -1.41214e-01 | 18 -0.01914 -1.89418e-01
 19 -0.02617 -2.54143e-01 | 20 -0.03413 -2.78206e-01 | 21 -0.04225 -2.88417e-01
 22 -0.04879 -3.31051e-01 | 23 -0.05038 -4.06988e-01 | 24 -0.04402 -5.80860e-01
 25 -0.03298 -9.53051e-01 | 26 -0.02307 -1.04388e+00 | 27 -0.00052 -1.13049e+00
 28  0.11712 -5.98157e+00 | 29  0.07988  1.51467e+00 | 30  0.06310  1.33144e+01
 31 -0.08569  4.81496e+00 | 32 -0.12827 -3.11662e-01 | 33  0.10317  1.98528e+01
 34 -0.10596  9.42180e+00 | 35  0.12121  1.03846e+02 | 36 -0.01632  2.65296e+01
 37 -0.09204  1.11942e+01 | 38 -0.22928  5.85718e-02 | 39 -0.08805  4.79475e-01
 40  0.04898  1.13474e+01 | 41  0.02114  7.12900e+00 | 42  0.01691  6.92069e+00
 43  0.14031  3.00645e+01 | 44  0.00540  3.06184e+00 | 45 -0.06989 -9.16194e+00
 46 -0.07283 -2.08365e+01 | 47  0.06181 -8.69082e+01 | 48 -0.00952 -4.13873e+01
 49 -0.06406 -1.87178e+01 | 50  0.08545 -2.81019e+01 | 51  0.05374 -1.76730e+01
 52 -0.06777 -7.16149e+00 | 53 -0.02431 -6.70936e+00 | 54 -0.04339 -5.34232e+00
 55 -0.07753 -6.33714e+00 | 56  0.01078 -2.53628e+01 | 57  0.04085 -5.11722e+01
 58 -0.04060 -8.79793e+00 | 59  0.13040  3.56351e+01 | 60 -0.04762  1.95575e+01
 61  0.10390  5.40321e+01 | 62  0.08370  2.86034e+01 | 63 -0.04677  1.15343e+01
 64  0.02126 -1.20286e+00 |
64 variables; iteration 40; function evaluation 52; phase 2
Function value 1.5070994e+02; maximum gradient component mag 1.5428e+02
Var    Value     Gradient |Var    Value     Gradient |Var    Value     Gradient
  1 -0.26052 -4.43126e+01 |  2  0.37176 -5.12477e+01 |  3  0.13924  3.74558e+01
  4 -0.57006  1.20611e+02 |  5 -0.50585  1.02617e+02 |  6 -0.30187  1.54283e+02
  7 -0.03714 -1.53242e+01 |  8 -0.00287 -2.74431e-01 |  9 -0.00041  1.45671e-02
 10 -0.00216 -1.92089e-01 | 11 -0.00281 -2.25044e-01 | 12 -0.00255 -9.71836e-02
 13 -0.00703 -5.95059e-01 | 14 -0.00680 -3.59843e-01 | 15 -0.01070 -6.21803e-01
 16 -0.01454 -7.54089e-01 | 17 -0.01878 -7.68969e-01 | 18 -0.02334 -6.20114e-01
 19 -0.02786 -2.26983e-01 | 20 -0.03416  1.06785e-01 | 21 -0.04117  3.90298e-01
 22 -0.04675  6.64723e-01 | 23 -0.04714  1.05965e+00 | 24 -0.03803  1.89209e+00
 25 -0.02164  3.24288e+00 | 26 -0.01599  3.03843e+00 | 27  0.00376  3.50203e+00
 28  0.13785  6.59062e+00 | 29  0.05894 -1.72735e+00 | 30  0.07021  1.16514e+01
 31 -0.09004 -1.59281e+00 | 32 -0.12182 -2.63147e+00 | 33  0.10715  1.25376e+01
 34 -0.11512 -6.28146e+00 | 35  0.12309  5.63039e+01 | 36 -0.01682  9.22253e+00
 37 -0.09227 -3.17461e+00 | 38 -0.22193 -3.59228e+00 | 39 -0.08652 -4.47328e+00
 40  0.05328  1.09565e+01 | 41  0.02231  9.07501e-02 | 42  0.02018  4.41256e+00
 43  0.14364  3.28091e+01 | 44  0.00484 -2.38208e+00 | 45 -0.06919 -1.07041e+01
 46 -0.06802 -1.06915e+01 | 47  0.06826 -2.61241e+01 | 48 -0.00457 -1.08070e+01
 49 -0.06337 -1.19223e+01 | 50  0.08898 -4.62215e+00 | 51  0.05589 -2.53305e+00
 52 -0.06249 -3.01296e+00 | 53 -0.02347 -1.07279e+01 | 54 -0.04142 -1.00198e+01
 55 -0.07575 -9.55604e+00 | 56  0.01419 -1.12587e+01 | 57  0.04802 -1.32225e+01
 58 -0.03801 -1.05132e+01 | 59  0.13292  1.35570e+01 | 60 -0.04531  5.78247e+00
 61  0.10352  1.38302e+01 | 62  0.08642  4.21626e+00 | 63 -0.05400 -2.49247e+00
 64 -0.05133 -1.77829e+01 |
64 variables; iteration 60; function evaluation 82; phase 2
Function value 1.4897091e+02; maximum gradient component mag -1.0126e+01
Var    Value     Gradient |Var    Value     Gradient |Var    Value     Gradient
  1 -0.22746  1.88148e+00 |  2  0.40778 -1.58419e+00 |  3  0.10706 -3.71642e+00
  4 -0.54923 -1.01260e+01 |  5 -0.51945 -5.14342e+00 |  6 -0.29409 -4.55259e+00
  7 -0.03545 -1.12614e+00 |  8 -0.00057  2.78658e-02 |  9 -0.00031  1.72724e-02
 10 -0.00053  2.12372e-02 | 11 -0.00088  2.35219e-02 | 12 -0.00156  9.78745e-03
 13 -0.00281 -4.32472e-02 | 14 -0.00465 -1.19762e-01 | 15 -0.00614 -5.46053e-02
 16 -0.00638  3.28771e-01 | 17 -0.00961  4.57208e-01 | 18 -0.01939 -2.25410e-01
 19 -0.02545 -1.19472e-01 | 20 -0.03305 -5.35746e-02 | 21 -0.04138 -6.24567e-02
 22 -0.04823 -1.11782e-01 | 23 -0.04947 -5.74638e-02 | 24 -0.04602 -6.55764e-01
 25 -0.02842  3.41778e-01 | 26 -0.02017  4.04306e-02 | 27  0.00136 -3.29827e-01
 28  0.12362 -5.29785e-01 | 29  0.08220 -3.31683e-01 | 30  0.06110 -8.05654e-01
 31 -0.08758  1.86422e-01 | 32 -0.12611  1.82082e-01 | 33  0.10754 -5.54003e-01
 34 -0.11568  2.37678e-01 | 35  0.12128 -8.87670e-01 | 36 -0.01748 -5.89874e-03
 37 -0.08682  2.42212e-02 | 38 -0.22825  4.36660e-01 | 39 -0.08618 -6.63932e-02
 40  0.05167 -3.13924e-01 | 41  0.02285 -4.96032e-01 | 42  0.01912  1.82586e-01
 43  0.14176 -1.08977e+00 | 44  0.00603  8.49909e-02 | 45 -0.06671  1.39480e-01
 46 -0.07093  2.04022e-01 | 47  0.07001 -2.20933e-01 | 48 -0.00632  6.83619e-02
 49 -0.06205  1.30096e-02 | 50  0.08785 -2.34472e-01 | 51  0.05619 -2.38115e-01
 52 -0.06591  5.55570e-01 | 53 -0.02224  7.08156e-02 | 54 -0.04164  4.26482e-01
 55 -0.07666  2.18600e-01 | 56  0.01311  1.30997e-01 | 57  0.04806  4.93782e-02
 58 -0.03872  2.68075e-01 | 59  0.13246  3.57617e-01 | 60 -0.05588  4.89259e-01
 61  0.10308  5.17020e-01 | 62  0.08516  5.00530e-01 | 63 -0.07048  4.33899e-01
 64 -0.00973  3.23628e-01 |

 - final statistics:
64 variables; iteration 61; function evaluation 84
Function value 1.4897e+02; maximum gradient component mag -9.5244e+00
Exit code = 1;  converg criter 1.0000e+01
Var    Value     Gradient |Var    Value     Gradient |Var    Value     Gradient
  1 -0.22751  1.76039e+00 |  2  0.40787 -1.46597e+00 |  3  0.10706 -3.47352e+00
  4 -0.54921 -9.52445e+00 |  5 -0.51947 -4.88310e+00 |  6 -0.29411 -4.28872e+00
  7 -0.03546 -1.06741e+00 |  8 -0.00104 -3.74579e-02 |  9 -0.00059 -2.13724e-02
 10 -0.00088 -2.79410e-02 | 11 -0.00131 -3.63021e-02 | 12 -0.00191 -4.03308e-02
 13 -0.00275 -3.40559e-02 | 14 -0.00401 -2.74758e-02 | 15 -0.00587 -1.41182e-02
 16 -0.00729  1.93395e-01 | 17 -0.00947  4.79243e-01 | 18 -0.01999 -3.20111e-01
 19 -0.02495 -3.46088e-02 | 20 -0.03251  4.25000e-02 | 21 -0.04089  3.01133e-02
 22 -0.04703  1.19412e-01 | 23 -0.04988 -1.32452e-01 | 24 -0.04594 -6.37235e-01
 25 -0.02854  3.24237e-01 | 26 -0.02015  5.05297e-02 | 27  0.00149 -3.01307e-01
 28  0.12360 -5.03709e-01 | 29  0.08218 -3.04681e-01 | 30  0.06114 -7.54016e-01
 31 -0.08763  1.73001e-01 | 32 -0.12610  1.71328e-01 | 33  0.10754 -5.07128e-01
 34 -0.11570  2.20768e-01 | 35  0.12128 -8.27254e-01 | 36 -0.01750 -5.71080e-03
 37 -0.08681  3.18563e-02 | 38 -0.22829  4.07133e-01 | 39 -0.08617 -6.08892e-02
 40  0.05167 -2.92842e-01 | 41  0.02287 -4.58678e-01 | 42  0.01910  1.69569e-01
 43  0.14177 -1.02417e+00 | 44  0.00601  7.56226e-02 | 45 -0.06670  1.34936e-01
 46 -0.07094  1.90003e-01 | 47  0.07002 -2.08894e-01 | 48 -0.00633  6.42997e-02
 49 -0.06204  1.55652e-02 | 50  0.08785 -2.23930e-01 | 51  0.05620 -2.20064e-01
 52 -0.06593  5.14328e-01 | 53 -0.02223  7.23356e-02 | 54 -0.04164  3.99889e-01
 55 -0.07665  2.10353e-01 | 56  0.01311  1.24030e-01 | 57  0.04807  4.37068e-02
 58 -0.03872  2.51975e-01 | 59  0.13247  3.32274e-01 | 60 -0.05590  4.53092e-01
 61  0.10308  4.82578e-01 | 62  0.08516  4.67165e-01 | 63 -0.07049  4.06911e-01
 64 -0.00967  3.14436e-01 |

Initial statistics: 72 variables; iteration 0; function evaluation 0; phase 3
Function value 1.4897049e+02; maximum gradient component mag 4.2971e+02
Var    Value     Gradient |Var    Value     Gradient |Var    Value     Gradient
  1 -0.22751  1.76039e+00 |  2  0.40787 -1.46597e+00 |  3  0.10706 -3.47352e+00
  4 -0.54921 -9.52445e+00 |  5 -0.51947 -4.88310e+00 |  6 -0.29411 -4.28872e+00
  7 -0.03546 -1.06741e+00 |  8 -0.00104 -3.74579e-02 |  9 -0.00059 -2.13724e-02
 10 -0.00088 -2.79410e-02 | 11 -0.00131 -3.63021e-02 | 12 -0.00191 -4.03308e-02
 13 -0.00275 -3.40559e-02 | 14 -0.00401 -2.74758e-02 | 15 -0.00587 -1.41182e-02
 16 -0.00729  1.93395e-01 | 17 -0.00947  4.79243e-01 | 18 -0.01999 -3.20111e-01
 19 -0.02495 -3.46088e-02 | 20 -0.03251  4.25000e-02 | 21 -0.04089  3.01133e-02
 22 -0.04703  1.19412e-01 | 23 -0.04988 -1.32452e-01 | 24 -0.04594 -6.37235e-01
 25 -0.02854  3.24237e-01 | 26 -0.02015  5.05297e-02 | 27  0.00149 -3.01307e-01
 28  0.12360 -5.12507e-01 | 29  0.08218 -3.13573e-01 | 30  0.06114 -7.62941e-01
 31 -0.08763  1.64119e-01 | 32 -0.12610  1.62537e-01 | 33  0.10754 -5.15967e-01
 34 -0.11570  2.11949e-01 | 35  0.12128 -8.36058e-01 | 36 -0.01750 -1.46738e-02
 37 -0.08681  2.29732e-02 | 38 -0.22829  3.98737e-01 | 39 -0.08617 -6.97735e-02
 40  0.05167 -3.01779e-01 | 41  0.02287 -4.67638e-01 | 42  0.01910  1.60607e-01
 43  0.14177 -1.03291e+00 | 44  0.00601  6.66567e-02 | 45 -0.06670  1.26019e-01
 46 -0.07094  1.81092e-01 | 47  0.07002 -2.17806e-01 | 48 -0.00633  5.53338e-02
 49 -0.06204  6.64135e-03 | 50  0.08785 -2.32811e-01 | 51  0.05620 -2.28996e-01
 52 -0.06593  5.05409e-01 | 53 -0.02223  6.33747e-02 | 54 -0.04164  3.90942e-01
 55 -0.07665  2.01451e-01 | 56  0.01311  1.15066e-01 | 57  0.04807  3.47660e-02
 58 -0.03872  2.43026e-01 | 59  0.13247  3.23502e-01 | 60 -0.05590  4.44160e-01
 61  0.10308  4.73729e-01 | 62  0.08516  4.58279e-01 | 63 -0.07049  3.98000e-01
 64 -0.00967  3.05471e-01 | 65  0.65940  5.22395e+01 | 66  0.11821 -1.88375e-02
 67  0.41078 -3.41451e+02 | 68 -0.09439 -7.57166e-04 | 69  0.11191 -2.69842e-02
 70 -0.34908  4.29711e+02 | 71  0.26198  1.36853e-03 | 72 -0.20514 -1.73886e+02

Intermediate statistics: 72 variables; iteration 20; function evaluation 24; phase 3
Function value 1.4762130e+02; maximum gradient component mag -3.2935e+02
Var    Value     Gradient |Var    Value     Gradient |Var    Value     Gradient
  1 -0.27514  5.89548e+01 |  2  0.41225 -1.06515e+01 |  3  0.07559 -1.07692e+02
  4 -0.52936 -3.29349e+02 |  5 -0.52944 -2.43922e+02 |  6 -0.30862 -1.76883e+02
  7 -0.03850 -2.43178e+01 |  8 -0.00081 -3.36523e-03 |  9 -0.00046 -2.57094e-03
 10 -0.00070 -3.80267e-03 | 11 -0.00108 -5.69793e-03 | 12 -0.00166 -8.06882e-03
 13 -0.00253 -1.10233e-02 | 14 -0.00383 -1.65322e-02 | 15 -0.00577 -2.54372e-02
 16 -0.00850 -3.09198e-02 | 17 -0.01245 -4.97109e-02 | 18 -0.01791 -1.03300e-01
 19 -0.02461 -1.47965e-01 | 20 -0.03262 -2.14638e-01 | 21 -0.04101 -2.96181e-01
 22 -0.04795 -4.12155e-01 | 23 -0.04988 -5.36441e-01 | 24 -0.04358 -7.30154e-01
 25 -0.03259 -1.16378e+00 | 26 -0.02349 -1.53373e+00 | 27 -0.00068 -2.11777e+00
 28  0.11537  4.04650e+00 | 29  0.08469  6.93334e+00 | 30  0.06497  8.70102e+00
 31 -0.08208  1.18620e+01 | 32 -0.12956  1.14194e+01 | 33  0.10904  3.84213e+00
 34 -0.12323  9.60295e+00 | 35  0.12239 -2.19597e+01 | 36 -0.01758 -3.01803e+00
 37 -0.08428  2.98531e+00 | 38 -0.22792  9.84908e+00 | 39 -0.08861  9.54959e+00
 40  0.05225  2.02894e+00 | 41  0.02353 -4.12697e+00 | 42  0.01884 -9.79671e+00
 43  0.14105 -6.54499e+01 | 44  0.01032 -2.18835e+01 | 45 -0.07021 -5.34895e+00
 46 -0.06956  1.45840e-01 | 47  0.07010 -1.61080e+01 | 48 -0.00490 -7.24436e+00
 49 -0.06236  2.67616e+00 | 50  0.08679 -5.60639e+00 | 51  0.05875 -8.46614e+00
 52 -0.06767  7.87477e+00 | 53 -0.01938  1.04999e+01 | 54 -0.04190  9.51409e+00
 55 -0.07472  1.03588e+01 | 56  0.01121  1.05596e+01 | 57  0.05001 -9.54103e+00
 58 -0.04084  6.83792e+00 | 59  0.13237 -6.53645e+00 | 60 -0.05569  1.13440e+01
 61  0.10265  9.38045e+00 | 62  0.08787  5.64778e+00 | 63 -0.07401  1.21810e+01
 64 -0.01004  1.34602e+01 | 65  0.59820 -4.94617e+01 | 66  0.11979 -3.00481e-01
 67  0.40675  2.77530e+02 | 68 -0.09436 -4.73455e-03 | 69  0.11214 -8.01597e-02
 70 -0.35778 -9.56329e+01 | 71  0.26197  1.35470e-03 | 72 -0.22206  3.23367e+01
72 variables; iteration 40; function evaluation 47; phase 3
Function value 1.4739938e+02; maximum gradient component mag -1.6774e+02
Var    Value     Gradient |Var    Value     Gradient |Var    Value     Gradient
  1 -0.27588  2.54568e+01 |  2  0.40964 -8.71657e+00 |  3  0.07091 -5.34818e+01
  4 -0.52762 -1.67741e+02 |  5 -0.52974 -1.26263e+02 |  6 -0.30799 -7.21899e+01
  7 -0.03829 -1.05166e+01 |  8 -0.00074  8.10175e-03 |  9 -0.00043  2.98891e-03
 10 -0.00066  4.75745e-03 | 11 -0.00102  7.40194e-03 | 12 -0.00156  1.22654e-02
 13 -0.00237  2.04731e-02 | 14 -0.00360  2.98345e-02 | 15 -0.00545  4.07606e-02
 16 -0.00807  6.26727e-02 | 17 -0.01199  6.29186e-02 | 18 -0.01730  5.32771e-02
 19 -0.02410  1.89000e-02 | 20 -0.03226 -3.87503e-02 | 21 -0.04079 -1.01438e-01
 22 -0.04766 -1.40868e-01 | 23 -0.04911 -7.14779e-02 | 24 -0.04131  1.95937e-01
 25 -0.02786  4.18557e-01 | 26 -0.01746  3.54231e-01 | 27  0.00087 -9.15155e-01
 28  0.11501  1.61864e-01 | 29  0.08244  1.88673e+00 | 30  0.06645  2.83589e+00
 31 -0.08649  2.31624e+00 | 32 -0.12758  5.15816e+00 | 33  0.10847  2.73791e-01
 34 -0.12263  3.20461e+00 | 35  0.12208 -8.74310e+00 | 36 -0.01602  1.92495e+00
 37 -0.08348  2.90307e+00 | 38 -0.23043  2.25520e+00 | 39 -0.08979  1.08190e-01
 40  0.05159 -1.97921e+00 | 41  0.02397 -1.94022e+00 | 42  0.01753 -5.50944e+00
 43  0.14173 -2.09421e+01 | 44  0.01163 -4.54558e+00 | 45 -0.06943 -1.67565e+00
 46 -0.06976 -3.59160e-01 | 47  0.06918 -8.71017e+00 | 48 -0.00351 -5.03187e-01
 49 -0.06139  2.18724e+00 | 50  0.08585 -4.96352e+00 | 51  0.05933 -3.49666e+00
 52 -0.06876  1.46319e+00 | 53 -0.01946  4.86981e+00 | 54 -0.04228  1.04663e+00
 55 -0.07667 -8.03043e-01 | 56  0.01123  5.14624e+00 | 57  0.05052 -1.94764e+00
 58 -0.03951  6.58140e+00 | 59  0.13246  1.50432e-01 | 60 -0.05504  5.61117e+00
 61  0.10200  4.12858e+00 | 62  0.08852  3.97243e+00 | 63 -0.07260  5.46220e+00
 64 -0.00777  5.89021e+00 | 65  0.60391 -1.98953e+01 | 66  0.12749 -4.82831e-02
 67  0.40735  1.31728e+02 | 68 -0.09521 -3.24924e-03 | 69  0.13407 -3.86829e-02
 70 -0.35660 -2.37689e+01 | 71  0.26082  1.35555e-03 | 72 -0.21941  8.29827e+00
72 variables; iteration 60; function evaluation 71; phase 3
Function value 1.4722120e+02; maximum gradient component mag -3.3376e+01
Var    Value     Gradient |Var    Value     Gradient |Var    Value     Gradient
  1 -0.27636  4.02971e+00 |  2  0.41301 -3.85261e-02 |  3  0.04507 -1.10394e+01
  4 -0.51144 -3.33760e+01 |  5 -0.53775 -2.55507e+01 |  6 -0.30741 -1.26181e+01
  7 -0.03865 -1.60312e+00 |  8 -0.00054  3.43673e-02 |  9 -0.00017  3.84036e-02
 10 -0.00043  3.59797e-02 | 11 -0.00092  1.88653e-02 | 12 -0.00192 -4.18738e-02
 13 -0.00363 -1.63100e-01 | 14 -0.00570 -2.77652e-01 | 15 -0.00765 -2.88658e-01
 16 -0.00887 -6.89522e-02 | 17 -0.01150  1.20893e-01 | 18 -0.01808 -8.92064e-02
 19 -0.02587 -2.94347e-01 | 20 -0.02887  5.37314e-01 | 21 -0.04149 -2.24947e-01
 22 -0.04869 -3.01650e-01 | 23 -0.05015 -2.05519e-01 | 24 -0.04489 -4.04368e-01
 25 -0.02957  1.95809e-01 | 26 -0.02507 -5.93179e-01 | 27  0.00025 -2.86560e-01
 28  0.11371 -2.79369e-01 | 29  0.08255  1.09275e-01 | 30  0.06552  9.87187e-02
 31 -0.08111  8.72667e-01 | 32 -0.12826  6.62649e-01 | 33  0.10768 -2.19382e+00
 34 -0.12079  6.07194e-01 | 35  0.12202 -3.40837e-01 | 36 -0.01596  1.99897e-01
 37 -0.08328  6.08427e-01 | 38 -0.22639  1.07887e+00 | 39 -0.08881  4.32065e-02
 40  0.05055 -2.95276e+00 | 41  0.02375 -1.11510e+00 | 42  0.01837 -4.23042e-01
 43  0.14170 -3.35517e-01 | 44  0.01076  3.64736e-01 | 45 -0.06748  1.00330e+00
 46 -0.06981  7.66755e-01 | 47  0.06885 -1.73099e+00 | 48 -0.00375 -3.20321e-01
 49 -0.06124  2.59832e-01 | 50  0.08536 -2.30393e+00 | 51  0.05908 -6.01488e-01
 52 -0.06743  1.02251e-01 | 53 -0.02118 -1.30760e+00 | 54 -0.04198  6.29499e-02
 55 -0.07481  7.76480e-01 | 56  0.00948 -1.76486e+00 | 57  0.05143  1.08380e+00
 58 -0.04129  1.93283e-02 | 59  0.13269  1.07188e+00 | 60 -0.05579  9.96744e-01
 61  0.10197  1.14039e+00 | 62  0.08854  1.35693e+00 | 63 -0.07357  7.08405e-01
 64 -0.01349  5.66244e-01 | 65  0.59149 -2.82048e+00 | 66  0.16595  1.67176e-02
 67  0.40605  1.78305e+01 | 68 -0.10021  4.85556e-04 | 69  0.20319 -9.95536e-03
 70 -0.35660  3.22226e+01 | 71  0.25328  1.31365e-03 | 72 -0.21979 -1.11089e+01

 - final statistics:
72 variables; iteration 72; function evaluation 93
Function value 1.4721e+02; maximum gradient component mag -3.0223e-01
Exit code = 1;  converg criter 1.0000e+00
Var    Value     Gradient |Var    Value     Gradient |Var    Value     Gradient
  1 -0.27576 -4.54410e-02 |  2  0.41237  4.10391e-02 |  3  0.03841 -5.82011e-02
  4 -0.50696 -2.17591e-01 |  5 -0.53984 -1.86587e-01 |  6 -0.30711  1.37578e-01
  7 -0.03887 -6.73342e-02 |  8 -0.00068  1.42284e-02 |  9 -0.00027  2.32461e-02
 10 -0.00056  1.64656e-02 | 11 -0.00101  5.45164e-03 | 12 -0.00162 -1.78531e-03
 13 -0.00239  1.14663e-02 | 14 -0.00362  1.80087e-02 | 15 -0.00573 -1.25678e-02
 16 -0.00848 -1.74752e-02 | 17 -0.01240 -2.41961e-02 | 18 -0.01766 -3.29550e-02
 19 -0.02413 -1.67738e-02 | 20 -0.03166  4.21774e-02 | 21 -0.04018  1.45172e-02
 22 -0.04718  7.31716e-03 | 23 -0.04937 -1.64007e-03 | 24 -0.04323 -5.60448e-03
 25 -0.03163 -1.68968e-02 | 26 -0.02276  1.60752e-02 | 27  0.00004 -4.51119e-03
 28  0.11289 -4.07813e-02 | 29  0.08206 -3.20659e-02 | 30  0.06620 -3.40849e-02
 31 -0.08109 -9.00345e-03 | 32 -0.12836 -2.07220e-02 | 33  0.10766 -7.76295e-02
 34 -0.12075 -9.01807e-03 | 35  0.12179  1.25895e-02 | 36 -0.01562 -1.87609e-02
 37 -0.08306 -2.51411e-03 | 38 -0.22695 -1.18878e-02 | 39 -0.08882 -2.14839e-03
 40  0.05054 -6.46923e-02 | 41  0.02373 -1.07404e-02 | 42  0.01843  2.69456e-04
 43  0.14142  1.18729e-01 | 44  0.01095 -9.27591e-03 | 45 -0.06770  5.10026e-02
 46 -0.07012  2.62962e-02 | 47  0.06878  2.47350e-02 | 48 -0.00372 -1.37480e-02
 49 -0.06141  1.07574e-02 | 50  0.08529 -4.88578e-03 | 51  0.05898  2.00208e-02
 52 -0.06753 -1.02219e-02 | 53 -0.02088 -3.83356e-02 | 54 -0.04211  3.71795e-03
 55 -0.07520  2.19683e-02 | 56  0.00963 -3.69450e-02 | 57  0.05113  6.08653e-02
 58 -0.04106 -9.82803e-03 | 59  0.13249  7.08527e-02 | 60 -0.05571  1.08533e-02
 61  0.10186  2.04308e-02 | 62  0.08835  9.99521e-03 | 63 -0.07322 -4.19133e-03
 64 -0.01133 -5.00223e-02 | 65  0.58806  4.55771e-02 | 66  0.16434  7.64984e-03
 67  0.40573 -3.02231e-01 | 68 -0.10164  2.51929e-06 | 69  0.24831 -4.26914e-03
 70 -0.35696  1.78989e-01 | 71  0.24609  1.27152e-03 | 72 -0.22074 -5.90464e-03

 - final statistics:
73 variables; iteration 0; function evaluation 0
Function value 1.4721e+02; maximum gradient component mag -3.0223e-01
Exit code = 0;  converg criter 1.0000e+00
Var    Value     Gradient |Var    Value     Gradient |Var    Value     Gradient
  1 -0.27576 -4.54410e-02 |  2  0.41237  4.10391e-02 |  3  0.03841 -5.82011e-02
  4 -0.50696 -2.17591e-01 |  5 -0.53984 -1.86587e-01 |  6 -0.30711  1.37578e-01
  7 -0.03887 -6.73342e-02 |  8 -0.00068  1.42284e-02 |  9 -0.00027  2.32461e-02
 10 -0.00056  1.64656e-02 | 11 -0.00101  5.45164e-03 | 12 -0.00162 -1.78531e-03
 13 -0.00239  1.14663e-02 | 14 -0.00362  1.80087e-02 | 15 -0.00573 -1.25678e-02
 16 -0.00848 -1.74752e-02 | 17 -0.01240 -2.41961e-02 | 18 -0.01766 -3.29550e-02
 19 -0.02413 -1.67738e-02 | 20 -0.03166  4.21774e-02 | 21 -0.04018  1.45172e-02
 22 -0.04718  7.31716e-03 | 23 -0.04937 -1.64007e-03 | 24 -0.04323 -5.60448e-03
 25 -0.03163 -1.68968e-02 | 26 -0.02276  1.60752e-02 | 27  0.00004 -4.51119e-03
 28  0.11289 -3.95502e-02 | 29  0.08206 -3.08256e-02 | 30  0.06620 -3.28410e-02
 31 -0.08109 -7.76293e-03 | 32 -0.12836 -1.94967e-02 | 33  0.10766 -7.63967e-02
 34 -0.12075 -7.78984e-03 | 35  0.12179  1.38173e-02 | 36 -0.01562 -1.75106e-02
 37 -0.08306 -1.27408e-03 | 38 -0.22695 -1.07158e-02 | 39 -0.08882 -9.09888e-04
 40  0.05054 -6.34456e-02 | 41  0.02373 -9.49064e-03 | 42  0.01843  1.51959e-03
 43  0.14142  1.19949e-01 | 44  0.01095 -8.02545e-03 | 45 -0.06770  5.22462e-02
 46 -0.07012  2.75392e-02 | 47  0.06878  2.59783e-02 | 48 -0.00372 -1.24973e-02
 49 -0.06141  1.20022e-02 | 50  0.08529 -3.64633e-03 | 51  0.05898  2.12661e-02
 52 -0.06753 -8.97828e-03 | 53 -0.02088 -3.70857e-02 | 54 -0.04211  4.96587e-03
 55 -0.07520  2.32102e-02 | 56  0.00963 -3.56945e-02 | 57  0.05113  6.21119e-02
 58 -0.04106 -8.57998e-03 | 59  0.13249  7.20764e-02 | 60 -0.05571  1.20992e-02
 61  0.10186  2.16655e-02 | 62  0.08835  1.12338e-02 | 63 -0.07322 -2.94894e-03
 64 -0.01133 -4.87719e-02 | 65  0.58806  4.55771e-02 | 66  0.16434  7.64984e-03
 67  0.40573 -3.02231e-01 | 68 -0.10164  2.51929e-06 | 69  0.24831 -4.26914e-03
 70 -0.35696  1.78989e-01 | 71  0.24609  1.27152e-03 | 72 -0.22074 -5.90464e-03
 73  0.88668  1.74503e-02 |

 - final statistics:
73 variables; iteration 0; function evaluation 0
Function value 1.4721e+02; maximum gradient component mag -3.0223e-01
Exit code = 0;  converg criter 1.0000e+00
Var    Value     Gradient |Var    Value     Gradient |Var    Value     Gradient
  1 -0.27576 -4.54410e-02 |  2  0.41237  4.10391e-02 |  3  0.03841 -5.82011e-02
  4 -0.50696 -2.17591e-01 |  5 -0.53984 -1.86587e-01 |  6 -0.30711  1.37578e-01
  7 -0.03887 -6.73342e-02 |  8 -0.00068  1.42284e-02 |  9 -0.00027  2.32461e-02
 10 -0.00056  1.64656e-02 | 11 -0.00101  5.45164e-03 | 12 -0.00162 -1.78531e-03
 13 -0.00239  1.14663e-02 | 14 -0.00362  1.80087e-02 | 15 -0.00573 -1.25678e-02
 16 -0.00848 -1.74752e-02 | 17 -0.01240 -2.41961e-02 | 18 -0.01766 -3.29550e-02
 19 -0.02413 -1.67738e-02 | 20 -0.03166  4.21774e-02 | 21 -0.04018  1.45172e-02
 22 -0.04718  7.31716e-03 | 23 -0.04937 -1.64007e-03 | 24 -0.04323 -5.60448e-03
 25 -0.03163 -1.68968e-02 | 26 -0.02276  1.60752e-02 | 27  0.00004 -4.51119e-03
 28  0.11289 -3.95502e-02 | 29  0.08206 -3.08256e-02 | 30  0.06620 -3.28410e-02
 31 -0.08109 -7.76293e-03 | 32 -0.12836 -1.94967e-02 | 33  0.10766 -7.63967e-02
 34 -0.12075 -7.78984e-03 | 35  0.12179  1.38173e-02 | 36 -0.01562 -1.75106e-02
 37 -0.08306 -1.27408e-03 | 38 -0.22695 -1.07158e-02 | 39 -0.08882 -9.09888e-04
 40  0.05054 -6.34456e-02 | 41  0.02373 -9.49064e-03 | 42  0.01843  1.51959e-03
 43  0.14142  1.19949e-01 | 44  0.01095 -8.02545e-03 | 45 -0.06770  5.22462e-02
 46 -0.07012  2.75392e-02 | 47  0.06878  2.59783e-02 | 48 -0.00372 -1.24973e-02
 49 -0.06141  1.20022e-02 | 50  0.08529 -3.64633e-03 | 51  0.05898  2.12661e-02
 52 -0.06753 -8.97828e-03 | 53 -0.02088 -3.70857e-02 | 54 -0.04211  4.96587e-03
 55 -0.07520  2.32102e-02 | 56  0.00963 -3.56945e-02 | 57  0.05113  6.21119e-02
 58 -0.04106 -8.57998e-03 | 59  0.13249  7.20764e-02 | 60 -0.05571  1.20992e-02
 61  0.10186  2.16655e-02 | 62  0.08835  1.12338e-02 | 63 -0.07322 -2.94894e-03
 64 -0.01133 -4.87719e-02 | 65  0.58806  4.55771e-02 | 66  0.16434  7.64984e-03
 67  0.40573 -3.02231e-01 | 68 -0.10164  2.51929e-06 | 69  0.24831 -4.26914e-03
 70 -0.35696  1.78989e-01 | 71  0.24609  1.27152e-03 | 72 -0.22074 -5.90464e-03
 73  0.88668  1.74503e-02 |

Initial statistics: 75 variables; iteration 0; function evaluation 0; phase 6
Function value 1.4720695e+02; maximum gradient component mag 7.2539e+00
Var    Value     Gradient |Var    Value     Gradient |Var    Value     Gradient
  1 -0.27576 -4.54410e-02 |  2  0.41237  4.10391e-02 |  3  0.03841 -5.82011e-02
  4 -0.50696 -2.17591e-01 |  5 -0.53984 -1.86587e-01 |  6 -0.30711  1.37578e-01
  7 -0.03887 -6.73342e-02 |  8 -0.00068  1.42284e-02 |  9 -0.00027  2.32461e-02
 10 -0.00056  1.64656e-02 | 11 -0.00101  5.45164e-03 | 12 -0.00162 -1.78531e-03
 13 -0.00239  1.14663e-02 | 14 -0.00362  1.80087e-02 | 15 -0.00573 -1.25678e-02
 16 -0.00848 -1.74752e-02 | 17 -0.01240 -2.41961e-02 | 18 -0.01766 -3.29550e-02
 19 -0.02413 -1.67738e-02 | 20 -0.03166  4.21774e-02 | 21 -0.04018  1.45172e-02
 22 -0.04718  7.31716e-03 | 23 -0.04937 -1.64007e-03 | 24 -0.04323 -5.60448e-03
 25 -0.03163 -1.68968e-02 | 26 -0.02276  1.60752e-02 | 27  0.00004 -4.51119e-03
 28  0.11289 -3.95502e-02 | 29  0.08206 -3.08256e-02 | 30  0.06620 -3.28410e-02
 31 -0.08109 -7.76293e-03 | 32 -0.12836 -1.94967e-02 | 33  0.10766 -7.63967e-02
 34 -0.12075 -7.78984e-03 | 35  0.12179  1.38173e-02 | 36 -0.01562 -1.75106e-02
 37 -0.08306 -1.27408e-03 | 38 -0.22695 -1.07158e-02 | 39 -0.08882 -9.09888e-04
 40  0.05054 -6.34456e-02 | 41  0.02373 -9.49064e-03 | 42  0.01843  1.51959e-03
 43  0.14142  1.19949e-01 | 44  0.01095 -8.02545e-03 | 45 -0.06770  5.22462e-02
 46 -0.07012  2.75392e-02 | 47  0.06878  2.59783e-02 | 48 -0.00372 -1.24973e-02
 49 -0.06141  1.20022e-02 | 50  0.08529 -3.64633e-03 | 51  0.05898  2.12661e-02
 52 -0.06753 -8.97828e-03 | 53 -0.02088 -3.70857e-02 | 54 -0.04211  4.96587e-03
 55 -0.07520  2.32102e-02 | 56  0.00963 -3.56945e-02 | 57  0.05113  6.21119e-02
 58 -0.04106 -8.57998e-03 | 59  0.13249  7.20764e-02 | 60 -0.05571  1.20992e-02
 61  0.10186  2.16655e-02 | 62  0.08835  1.12338e-02 | 63 -0.07322 -2.94894e-03
 64 -0.01133 -4.87719e-02 | 65 -0.61351 -1.78836e+00 | 66  0.11808  7.25394e+00
 67  0.58806  4.55771e-02 | 68  0.16434  7.64984e-03 | 69  0.40573 -3.02231e-01
 70 -0.10164  2.51929e-06 | 71  0.24831 -4.26914e-03 | 72 -0.35696  1.78989e-01
 73  0.24609  1.27152e-03 | 74 -0.22074 -5.90464e-03 | 75  0.88668  1.74503e-02

Intermediate statistics: 75 variables; iteration 20; function evaluation 22; phase 6
Function value 1.4690808e+02; maximum gradient component mag 5.5920e+01
Var    Value     Gradient |Var    Value     Gradient |Var    Value     Gradient
  1 -0.20686  1.54111e+01 |  2  0.41178 -8.48370e-01 |  3  0.03577 -1.92284e+01
  4 -0.51009 -4.31506e+01 |  5 -0.53594 -1.83293e+01 |  6 -0.27621 -5.21994e+01
  7 -0.03865 -1.17525e+01 |  8 -0.00069 -1.18060e-02 |  9 -0.00046 -1.55321e-02
 10 -0.00063 -1.24151e-02 | 11 -0.00090 -7.22939e-03 | 12 -0.00135 -4.84882e-03
 13 -0.00215 -1.52598e-02 | 14 -0.00329 -2.22923e-02 | 15 -0.00483 -8.50627e-03
 16 -0.00723 -9.56730e-03 | 17 -0.01067 -8.48041e-03 | 18 -0.01534 -2.10715e-03
 19 -0.02137  1.12525e-04 | 20 -0.02871 -9.80739e-04 | 21 -0.03619  6.96649e-02
 22 -0.04226  1.69719e-01 | 23 -0.04350  3.14998e-01 | 24 -0.03648  4.80172e-01
 25 -0.02413  6.11098e-01 | 26 -0.01553  6.08798e-01 | 27  0.00566  3.85593e-01
 28  0.12178  3.14902e+00 | 29  0.07831  3.15288e+00 | 30  0.07177  5.23044e+00
 31 -0.08439  1.96362e+00 | 32 -0.13017  1.24225e+00 | 33  0.10800 -3.58049e+00
 34 -0.11935  3.34250e+00 | 35  0.12238 -4.97674e+00 | 36 -0.01378  3.24631e+00
 37 -0.08133  3.69187e+00 | 38 -0.22663  3.58920e+00 | 39 -0.08928  2.03137e+00
 40  0.05048 -3.77048e-01 | 41  0.02341  3.13272e-01 | 42  0.01800 -1.81778e+00
 43  0.14119 -1.85629e+01 | 44  0.00976 -8.06468e+00 | 45 -0.06851 -2.15084e+00
 46 -0.07125 -7.17764e-01 | 47  0.06903 -3.12680e+00 | 48 -0.00491 -2.19646e+00
 49 -0.06305  2.04801e+00 | 50  0.08605  1.05934e+01 | 51  0.05896  6.01621e+00
 52 -0.06810  2.62603e+00 | 53 -0.02203 -3.19307e-01 | 54 -0.04141  5.23210e+00
 55 -0.07475  4.29335e+00 | 56  0.00847 -4.97504e+00 | 57  0.05019 -7.80554e+00
 58 -0.04198  1.37842e-01 | 59  0.13191 -5.30251e+00 | 60 -0.05591  2.78895e+00
 61  0.10108  1.67427e+00 | 62  0.08921  8.86704e+00 | 63 -0.07324  4.77559e+00
 64 -0.01165  4.07930e+00 | 65 -0.61657 -3.17971e+00 | 66  0.04237 -3.45530e+00
 67  0.58644 -9.78985e+00 | 68  0.16413  5.74570e-03 | 69  0.40558  5.59202e+01
 70 -0.10164 -1.28446e-04 | 71  0.24843 -5.02726e-03 | 72 -0.35705  2.64805e+00
 73  0.24605  1.25989e-03 | 74 -0.22147 -8.52311e-01 | 75  0.88618  1.73704e-02
75 variables; iteration 40; function evaluation 44; phase 6
Function value 1.4683009e+02; maximum gradient component mag -6.3772e+01
Var    Value     Gradient |Var    Value     Gradient |Var    Value     Gradient
  1 -0.18414  1.59750e+01 |  2  0.41195 -2.18424e+00 |  3  0.03052 -2.68040e+01
  4 -0.50669 -6.37716e+01 |  5 -0.53780 -3.88193e+01 |  6 -0.26580 -4.45905e+01
  7 -0.03787 -1.08785e+01 |  8 -0.00054  4.09540e-03 |  9 -0.00022  1.55774e-02
 10 -0.00046  7.69889e-03 | 11 -0.00084 -4.67081e-03 | 12 -0.00137 -1.52599e-02
 13 -0.00205 -1.14802e-02 | 14 -0.00314 -1.67888e-02 | 15 -0.00499 -5.42343e-02
 16 -0.00747 -7.69907e-02 | 17 -0.01103 -1.06635e-01 | 18 -0.01585 -1.41569e-01
 19 -0.02191 -1.65075e-01 | 20 -0.02912 -1.68943e-01 | 21 -0.03704 -2.04105e-01
 22 -0.04360 -2.31415e-01 | 23 -0.04552 -2.79300e-01 | 24 -0.03933 -3.67926e-01
 25 -0.02779 -4.87031e-01 | 26 -0.01915 -4.75983e-01 | 27  0.00422 -2.69553e-01
 28  0.12049  2.05814e+00 | 29  0.08458  2.94459e+00 | 30  0.06770  2.21351e+00
 31 -0.08176  2.19830e+00 | 32 -0.12821  2.81882e+00 | 33  0.10749 -3.44076e+00
 34 -0.11870  3.16655e+00 | 35  0.12244 -4.07891e+00 | 36 -0.01454  1.49707e-01
 37 -0.08140  1.90010e+00 | 38 -0.22649  2.99688e+00 | 39 -0.08871  2.62257e+00
 40  0.04962 -1.52248e+00 | 41  0.02298  1.87565e+00 | 42  0.01856  1.02743e+00
 43  0.14034 -1.72419e+01 | 44  0.00977 -6.79654e+00 | 45 -0.06848 -1.62894e+00
 46 -0.07145 -8.03189e-01 | 47  0.06827 -3.52450e+00 | 48 -0.00495 -8.71501e-01
 49 -0.06276  2.50051e+00 | 50  0.08520  6.05611e+00 | 51  0.05837  2.95016e+00
 52 -0.06836  1.95785e+00 | 53 -0.02209 -7.93133e-01 | 54 -0.04238  1.57102e+00
 55 -0.07629  5.82848e-01 | 56  0.00844 -3.10345e+00 | 57  0.04986 -2.85656e+00
 58 -0.04210  1.79413e+00 | 59  0.13127 -1.65120e+00 | 60 -0.05582  3.23339e+00
 61  0.10105  2.70538e+00 | 62  0.08770  5.64941e+00 | 63 -0.07389  3.66407e+00
 64 -0.00767  3.83561e+00 | 65 -0.62037 -2.26725e+00 | 66  0.02237 -1.41455e+00
 67  0.58350 -1.13669e+01 | 68  0.16202  3.74271e-03 | 69  0.40521  6.10606e+01
 70 -0.10161 -2.33026e-04 | 71  0.25000 -4.97824e-03 | 72 -0.35934 -4.13316e+01
 73  0.24563  1.25539e-03 | 74 -0.22876  1.34462e+01 | 75  0.88031  1.64996e-02
75 variables; iteration 60; function evaluation 75; phase 6
Function value 1.4675697e+02; maximum gradient component mag -3.2665e+00
Var    Value     Gradient |Var    Value     Gradient |Var    Value     Gradient
  1 -0.16052  4.00977e-01 |  2  0.41232 -1.32335e-01 |  3  0.02788 -1.19209e+00
  4 -0.50605 -3.26651e+00 |  5 -0.53829 -2.67291e+00 |  6 -0.25293 -1.12730e+00
  7 -0.03777  4.86544e-02 |  8 -0.00050  3.84185e-03 |  9 -0.00028  3.06713e-03
 10 -0.00046  3.31579e-03 | 11 -0.00073  3.51537e-03 | 12 -0.00115  4.05039e-03
 13 -0.00181  5.19020e-03 | 14 -0.00282  4.24322e-03 | 15 -0.00437 -2.44340e-05
 16 -0.00667 -7.48865e-03 | 17 -0.00997 -1.41947e-02 | 18 -0.01443 -1.01765e-02
 19 -0.02024 -9.84259e-03 | 20 -0.02746 -2.88742e-02 | 21 -0.03487  1.72465e-02
 22 -0.04147 -1.65548e-02 | 23 -0.04330 -3.21000e-02 | 24 -0.03644  3.54294e-02
 25 -0.02468  8.13190e-03 | 26 -0.01650 -3.57968e-03 | 27  0.00475  3.87637e-03
 28  0.12513 -2.46023e-02 | 29  0.08208  6.06250e-03 | 30  0.06884  1.61688e-02
 31 -0.08209  7.53537e-02 | 32 -0.12777  7.62618e-02 | 33  0.10808  3.36720e-02
 34 -0.11919 -9.66003e-03 | 35  0.12285 -8.69031e-02 | 36 -0.01421  1.23546e-03
 37 -0.08145  6.31695e-02 | 38 -0.22662  1.38295e-02 | 39 -0.08868  5.09796e-02
 40  0.04998 -1.07920e-01 | 41  0.02232 -1.50370e-01 | 42  0.01724 -1.01153e-01
 43  0.14085 -1.52813e-01 | 44  0.00989  2.46610e-02 | 45 -0.06830  1.17445e-01
 46 -0.07087 -7.76652e-03 | 47  0.06810 -1.78647e-01 | 48 -0.00491 -7.61549e-02
 49 -0.06305 -1.48683e-02 | 50  0.08473 -4.45706e-01 | 51  0.05776 -2.53392e-01
 52 -0.06859  5.38694e-03 | 53 -0.02162  3.17649e-02 | 54 -0.04286  4.71999e-02
 55 -0.07626  2.93133e-02 | 56  0.00916  1.19347e-01 | 57  0.04963  9.55671e-02
 58 -0.04202  3.75223e-02 | 59  0.13139  1.56568e-01 | 60 -0.05659  7.99912e-02
 61  0.10157  6.18431e-02 | 62  0.08657 -7.63425e-03 | 63 -0.07378  4.25469e-02
 64 -0.00958  7.63548e-02 | 65 -0.62038  5.22945e-02 | 66 -0.01247 -4.17919e-02
 67  0.58094 -2.93780e-01 | 68  0.15487  1.57985e-03 | 69  0.40481  1.58732e+00
 70 -0.10012 -4.58946e-04 | 71  0.26704 -3.15477e-03 | 72 -0.35935  3.64622e-01
 73  0.24021  1.21772e-03 | 74 -0.22954 -7.59453e-02 | 75  0.81939  1.07636e-02
75 variables; iteration 80; function evaluation 110; phase 6
Function value 1.4675490e+02; maximum gradient component mag 5.0720e+00
Var    Value     Gradient |Var    Value     Gradient |Var    Value     Gradient
  1 -0.15831 -8.53395e-01 |  2  0.41228  1.87689e-01 |  3  0.02737  1.87732e+00
  4 -0.50577  5.07201e+00 |  5 -0.53834  4.01969e+00 |  6 -0.25188  2.89394e+00
  7 -0.03769  4.01871e-02 |  8 -0.00047  7.78959e-03 |  9 -0.00026  6.45523e-03
 10 -0.00041  1.00083e-02 | 11 -0.00086 -1.48002e-02 | 12 -0.00146 -3.87203e-02
 13 -0.00194 -1.31254e-02 | 14 -0.00295 -1.48988e-02 | 15 -0.00409  4.04264e-02
 16 -0.00663 -4.28099e-03 | 17 -0.00972  2.07971e-02 | 18 -0.01422  1.96645e-02
 19 -0.01987  4.74116e-02 | 20 -0.02730 -4.33413e-03 | 21 -0.03495 -4.96136e-04
 22 -0.04134  4.01257e-03 | 23 -0.04301  2.20657e-02 | 24 -0.03681 -2.64305e-02
 25 -0.02460  3.09880e-02 | 26 -0.01678 -2.84620e-02 | 27  0.00451  1.53452e-02
 28  0.12525 -1.74997e-02 | 29  0.08208 -5.62236e-02 | 30  0.06893 -6.09265e-02
 31 -0.08208 -1.79220e-01 | 32 -0.12779 -1.67514e-01 | 33  0.10803  5.65767e-02
 34 -0.11894 -7.24141e-02 | 35  0.12282  2.46838e-01 | 36 -0.01413 -2.21265e-02
 37 -0.08145 -1.26536e-01 | 38 -0.22646 -1.09792e-01 | 39 -0.08874 -8.48950e-02
 40  0.04993  2.46481e-01 | 41  0.02233  2.30721e-01 | 42  0.01725  1.63662e-01
 43  0.14080  4.44791e-01 | 44  0.00988 -1.74918e-02 | 45 -0.06846 -1.58192e-01
 46 -0.07082 -3.11343e-02 | 47  0.06806  3.33293e-01 | 48 -0.00491  9.90843e-02
 49 -0.06315 -8.13609e-03 | 50  0.08475  6.56199e-01 | 51  0.05775  3.32160e-01
 52 -0.06860 -6.09135e-02 | 53 -0.02166 -5.81596e-02 | 54 -0.04289 -6.95149e-02
 55 -0.07627 -7.07321e-02 | 56  0.00909 -7.28744e-02 | 57  0.04958 -6.93356e-02
 58 -0.04201 -8.01909e-02 | 59  0.13133 -7.46262e-02 | 60 -0.05658 -1.77499e-01
 61  0.10153 -1.01341e-01 | 62  0.08655 -7.66845e-02 | 63 -0.07370 -1.61368e-01
 64 -0.00956 -1.99958e-01 | 65 -0.62102 -6.45473e-02 | 66 -0.01481  3.07844e-01
 67  0.58046  5.34737e-01 | 68  0.16679  1.67901e-03 | 69  0.40476 -2.79562e+00
 70 -0.08076 -3.50952e-04 | 71  0.37027  9.60173e-04 | 72 -0.36039 -4.27773e+00
 73  0.19308 -1.13759e-03 | 74 -0.23281  1.38844e+00 | 75  0.43675  1.17719e-03
75 variables; iteration 100; function evaluation 137; phase 6
Function value 1.4675443e+02; maximum gradient component mag -1.2146e+00
Var    Value     Gradient |Var    Value     Gradient |Var    Value     Gradient
  1 -0.15963 -7.33317e-02 |  2  0.41230  1.54099e-04 |  3  0.02768  4.52441e-02
  4 -0.50594  1.16206e-01 |  5 -0.53831  8.16033e-02 |  6 -0.25251  3.59276e-01
  7 -0.03774  1.82518e-02 |  8 -0.00052  4.89155e-04 |  9 -0.00030  8.27158e-04
 10 -0.00047  2.09507e-03 | 11 -0.00076 -1.14450e-03 | 12 -0.00117  1.41941e-03
 13 -0.00186 -1.97136e-03 | 14 -0.00285 -2.19462e-04 | 15 -0.00438 -1.60480e-03
 16 -0.00662 -1.50312e-03 | 17 -0.00986  1.18549e-03 | 18 -0.01435  1.62943e-03
 19 -0.02018 -1.27740e-03 | 20 -0.02729 -5.49603e-04 | 21 -0.03497 -2.04021e-03
 22 -0.04137  9.19948e-04 | 23 -0.04313  2.67602e-04 | 24 -0.03664  9.23353e-04
 25 -0.02474  2.23009e-03 | 26 -0.01653  6.15429e-04 | 27  0.00461  4.08083e-03
 28  0.12518 -5.74289e-03 | 29  0.08207 -8.36375e-03 | 30  0.06888 -3.98847e-03
 31 -0.08209 -1.76552e-02 | 32 -0.12778 -1.55788e-02 | 33  0.10806  2.94552e-02
 34 -0.11907 -1.35222e-02 | 35  0.12283  3.64663e-02 | 36 -0.01417 -3.23074e-03
 37 -0.08146 -1.15948e-02 | 38 -0.22653 -1.82470e-02 | 39 -0.08871 -5.31551e-03
 40  0.04996  2.93965e-02 | 41  0.02232  1.22741e-02 | 42  0.01724  6.03229e-03
 43  0.14083  4.09226e-02 | 44  0.00989 -9.09893e-03 | 45 -0.06838 -1.36014e-02
 46 -0.07084 -1.39290e-02 | 47  0.06808  1.81964e-02 | 48 -0.00491 -4.97386e-03
 49 -0.06309 -1.12578e-02 | 50  0.08474  2.81834e-02 | 51  0.05775  1.13170e-03
 52 -0.06859 -1.36758e-02 | 53 -0.02164 -5.83377e-03 | 54 -0.04288 -2.60577e-03
 55 -0.07626 -7.40510e-03 | 56  0.00913  2.10988e-02 | 57  0.04961  1.21083e-02
 58 -0.04201 -3.26187e-03 | 59  0.13136  3.65182e-02 | 60 -0.05658 -1.66499e-02
 61  0.10155  6.22852e-04 | 62  0.08656 -1.83482e-02 | 63 -0.07373 -2.27592e-02
 64 -0.00958 -2.55292e-02 | 65 -0.62065 -3.06677e-03 | 66 -0.01340  7.57067e-02
 67  0.58074  1.77825e-02 | 68  0.14764 -1.71382e-03 | 69  0.40479 -9.16240e-02
 70 -0.02618 -1.87267e-04 | 71  0.32639 -2.52055e-04 | 72 -0.36182 -1.21464e+00
 73  0.31989  9.14520e-04 | 74 -0.23739  4.04464e-01 | 75  0.30893 -3.03134e-04
75 variables; iteration 120; function evaluation 160; phase 6
Function value 1.4675413e+02; maximum gradient component mag -5.4826e-01
Var    Value     Gradient |Var    Value     Gradient |Var    Value     Gradient
  1 -0.15969 -2.29751e-02 |  2  0.41230 -2.00292e-03 |  3  0.02768  2.15398e-03
  4 -0.50594  4.79355e-04 |  5 -0.53831 -6.12290e-03 |  6 -0.25254  1.27781e-01
  7 -0.03774  3.80284e-03 |  8 -0.00053 -1.41084e-04 |  9 -0.00031 -9.24703e-04
 10 -0.00049 -9.55518e-04 | 11 -0.00075  1.16728e-03 | 12 -0.00119 -4.74948e-04
 13 -0.00183  2.37697e-03 | 14 -0.00285 -2.57802e-04 | 15 -0.00436  2.04548e-03
 16 -0.00659  3.35264e-03 | 17 -0.00988 -2.08371e-03 | 18 -0.01436 -7.61309e-04
 19 -0.02018 -9.96749e-04 | 20 -0.02728  6.33113e-04 | 21 -0.03496  3.34832e-04
 22 -0.04137 -3.44367e-04 | 23 -0.04313 -1.50777e-04 | 24 -0.03664  7.78956e-04
 25 -0.02474 -3.69866e-04 | 26 -0.01651  1.69944e-03 | 27  0.00461  2.41208e-04
 28  0.12518 -6.95785e-03 | 29  0.08208 -5.42223e-03 | 30  0.06888 -5.11439e-03
 31 -0.08208 -7.66151e-03 | 32 -0.12778 -5.70563e-03 | 33  0.10806  9.12362e-03
 34 -0.11907 -6.08346e-03 | 35  0.12283  1.01612e-02 | 36 -0.01417 -1.93479e-03
 37 -0.08146 -4.78238e-03 | 38 -0.22654 -7.51620e-03 | 39 -0.08871 -5.84200e-04
 40  0.04996  1.10601e-02 | 41  0.02233  3.53974e-03 | 42  0.01724  2.16022e-03
 43  0.14083  1.60355e-02 | 44  0.00989 -3.01239e-03 | 45 -0.06838 -4.07595e-03
 46 -0.07084 -4.30346e-03 | 47  0.06808  5.67299e-03 | 48 -0.00491 -1.12241e-03
 49 -0.06309 -2.96611e-03 | 50  0.08474  7.12719e-03 | 51  0.05775 -2.14050e-03
 52 -0.06859 -4.56818e-03 | 53 -0.02164 -1.58127e-03 | 54 -0.04288  3.69107e-04
 55 -0.07626 -1.19845e-03 | 56  0.00913  1.18591e-02 | 57  0.04961  7.66459e-03
 58 -0.04201  2.61053e-04 | 59  0.13136  1.97191e-02 | 60 -0.05658 -5.55896e-03
 61  0.10155  1.21028e-03 | 62  0.08656 -7.06980e-03 | 63 -0.07374 -9.17417e-03
 64 -0.00959 -1.06206e-02 | 65 -0.62064 -4.92656e-04 | 66 -0.01335  2.95162e-02
 67  0.58074  3.21461e-03 | 68  0.18954  7.84718e-04 | 69  0.40479 -1.59401e-02
 70  0.18958  9.43633e-04 | 71  0.30431 -9.28919e-04 | 72 -0.36563 -5.48265e-01
 73  0.25404 -4.01001e-04 | 74 -0.25059  1.74929e-01 | 75  0.34786 -5.91361e-05
75 variables; iteration 140; function evaluation 181; phase 6
Function value 1.4675380e+02; maximum gradient component mag -1.7641e+00
Var    Value     Gradient |Var    Value     Gradient |Var    Value     Gradient
  1 -0.15970 -7.57342e-02 |  2  0.41230 -1.55613e-03 |  3  0.02768  3.88912e-02
  4 -0.50595  9.39834e-02 |  5 -0.53830  6.13993e-02 |  6 -0.25254  3.87575e-01
  7 -0.03774  1.19675e-02 |  8 -0.00052  2.19645e-04 |  9 -0.00031 -5.00144e-04
 10 -0.00049 -1.45374e-03 | 11 -0.00074  1.73629e-03 | 12 -0.00120 -1.78300e-03
 13 -0.00183  2.33557e-03 | 14 -0.00285 -9.88618e-04 | 15 -0.00435  3.69531e-03
 16 -0.00659  3.77908e-03 | 17 -0.00989 -2.35635e-03 | 18 -0.01436  6.24755e-04
 19 -0.02017  2.26655e-04 | 20 -0.02728  8.70035e-05 | 21 -0.03496  5.35639e-04
 22 -0.04138 -2.98571e-04 | 23 -0.04312  9.72223e-04 | 24 -0.03664  1.08908e-03
 25 -0.02474  7.29991e-04 | 26 -0.01652  1.59119e-03 | 27  0.00460  1.34268e-03
 28  0.12518 -1.47316e-02 | 29  0.08208 -1.45096e-02 | 30  0.06888 -1.22356e-02
 31 -0.08208 -2.13334e-02 | 32 -0.12778 -1.77043e-02 | 33  0.10806  2.62442e-02
 34 -0.11906 -1.30472e-02 | 35  0.12283  3.32997e-02 | 36 -0.01417 -4.91363e-03
 37 -0.08146 -1.43792e-02 | 38 -0.22654 -2.00644e-02 | 39 -0.08871 -3.78868e-03
 40  0.04996  3.26298e-02 | 41  0.02233  1.40498e-02 | 42  0.01724  7.67080e-03
 43  0.14083  4.55799e-02 | 44  0.00989 -9.07514e-03 | 45 -0.06838 -1.47333e-02
 46 -0.07084 -1.15607e-02 | 47  0.06808  2.02242e-02 | 48 -0.00491 -2.81196e-03
 49 -0.06309 -8.79906e-03 | 50  0.08474  3.22672e-02 | 51  0.05775  5.49530e-04
 52 -0.06859 -1.32150e-02 | 53 -0.02164 -5.96620e-03 | 54 -0.04288 -1.75212e-03
 55 -0.07626 -4.79248e-03 | 56  0.00913  2.73247e-02 | 57  0.04961  1.60158e-02
 58 -0.04201 -9.45022e-04 | 59  0.13136  4.61053e-02 | 60 -0.05658 -1.56634e-02
 61  0.10155  1.15216e-03 | 62  0.08656 -1.81287e-02 | 63 -0.07374 -2.62549e-02
 64 -0.00960 -3.00134e-02 | 65 -0.62064 -1.32050e-03 | 66 -0.01335  8.38642e-02
 67  0.58074  1.70692e-02 | 68  0.15706  1.75114e-03 | 69  0.40479 -8.46048e-02
 70 -0.02314  1.74094e-06 | 71  0.32263 -3.64944e-04 | 72 -0.36827 -1.76410e+00
 73  0.27869  3.08459e-04 | 74 -0.26063  4.65146e-01 | 75  0.34097  1.74282e-04
75 variables; iteration 160; function evaluation 203; phase 6
Function value 1.4675365e+02; maximum gradient component mag 4.5609e-01
Var    Value     Gradient |Var    Value     Gradient |Var    Value     Gradient
  1 -0.15970  3.43923e-03 |  2  0.41230  4.34674e-03 |  3  0.02768  2.79855e-02
  4 -0.50595  7.53623e-02 |  5 -0.53830  6.30859e-02 |  6 -0.25253 -4.74037e-02
  7 -0.03774 -6.51589e-03 |  8 -0.00052  1.74752e-04 |  9 -0.00031 -3.34010e-05
 10 -0.00050 -2.00340e-03 | 11 -0.00075  1.45495e-03 | 12 -0.00120 -1.96701e-03
 13 -0.00184  1.23825e-03 | 14 -0.00285 -3.04957e-04 | 15 -0.00436  1.78746e-03
 16 -0.00660  1.18958e-03 | 17 -0.00988 -1.04980e-03 | 18 -0.01436 -6.83730e-04
 19 -0.02017  1.00778e-03 | 20 -0.02729 -1.28439e-03 | 21 -0.03496 -5.26390e-04
 22 -0.04138 -1.45999e-03 | 23 -0.04312  6.73552e-04 | 24 -0.03664 -6.29465e-04
 25 -0.02474 -6.07310e-04 | 26 -0.01652  6.32774e-04 | 27  0.00460 -1.39297e-03
 28  0.12518  1.87207e-03 | 29  0.08208  2.74381e-03 | 30  0.06888  7.11470e-04
 31 -0.08208  1.68954e-03 | 32 -0.12778  1.01716e-03 | 33  0.10806 -6.86762e-03
 34 -0.11906  4.14988e-03 | 35  0.12283 -4.53125e-03 | 36 -0.01417  9.74054e-04
 37 -0.08146  1.06185e-03 | 38 -0.22653  4.24815e-03 | 39 -0.08871 -7.47220e-04
 40  0.04996 -4.34915e-03 | 41  0.02233  8.60442e-04 | 42  0.01724  7.15173e-04
 43  0.14083 -1.88864e-03 | 44  0.00989  3.04392e-03 | 45 -0.06838 -1.86906e-04
 46 -0.07084  5.12059e-03 | 47  0.06808  1.72779e-03 | 48 -0.00491  4.12207e-03
 49 -0.06309  2.13968e-03 | 50  0.08475  5.07268e-03 | 51  0.05775  6.78911e-03
 52 -0.06859  2.77856e-03 | 53 -0.02164  4.87921e-04 | 54 -0.04288 -1.26720e-03
 55 -0.07626  4.36939e-04 | 56  0.00913 -8.95096e-03 | 57  0.04961 -5.48369e-03
 58 -0.04201 -1.42721e-03 | 59  0.13136 -1.34642e-02 | 60 -0.05658 -5.05406e-04
 61  0.10155 -2.47043e-03 | 62  0.08656  2.86797e-03 | 63 -0.07373  4.16009e-03
 64 -0.00959  2.87463e-03 | 65 -0.62064 -2.25486e-03 | 66 -0.01336 -1.68700e-02
 67  0.58074  5.87135e-03 | 68  0.15050  4.43884e-04 | 69  0.40479 -3.64139e-02
 70  0.00075  8.76123e-05 | 71  0.32770 -1.64483e-04 | 72 -0.37063  4.56093e-01
 73  0.28113  3.12619e-04 | 74 -0.27028 -9.49972e-02 | 75  0.33789  1.00595e-04
75 variables; iteration 180; function evaluation 229; phase 6
Function value 1.4675352e+02; maximum gradient component mag -1.9448e+00
Var    Value     Gradient |Var    Value     Gradient |Var    Value     Gradient
  1 -0.15974 -7.55072e-02 |  2  0.41230 -3.16917e-04 |  3  0.02769  4.36107e-02
  4 -0.50595  1.06185e-01 |  5 -0.53830  7.13010e-02 |  6 -0.25255  3.78923e-01
  7 -0.03774  1.48103e-02 |  8 -0.00052  8.62321e-05 |  9 -0.00030  2.97004e-04
 10 -0.00048  1.27750e-05 | 11 -0.00076 -1.30372e-04 | 12 -0.00118 -1.49351e-04
 13 -0.00185 -5.35618e-04 | 14 -0.00285  1.47739e-05 | 15 -0.00437 -2.92988e-04
 16 -0.00662 -7.90552e-04 | 17 -0.00987  4.96205e-04 | 18 -0.01436  3.18028e-04
 19 -0.02017  5.33491e-04 | 20 -0.02729 -2.10877e-04 | 21 -0.03496  8.51731e-05
 22 -0.04137  2.42652e-04 | 23 -0.04313  6.35351e-04 | 24 -0.03664  4.64824e-04
 25 -0.02474  1.23144e-03 | 26 -0.01653  1.24756e-03 | 27  0.00461  2.48900e-03
 28  0.12518 -1.23059e-02 | 29  0.08207 -1.33691e-02 | 30  0.06888 -1.02873e-02
 31 -0.08208 -2.01686e-02 | 32 -0.12778 -1.72902e-02 | 33  0.10806  2.62134e-02
 34 -0.11906 -1.33645e-02 | 35  0.12283  3.37665e-02 | 36 -0.01418 -4.90541e-03
 37 -0.08146 -1.32587e-02 | 38 -0.22654 -1.94834e-02 | 39 -0.08871 -4.08475e-03
 40  0.04996  3.10325e-02 | 41  0.02233  1.39332e-02 | 42  0.01724  6.39326e-03
 43  0.14083  4.46768e-02 | 44  0.00989 -9.02368e-03 | 45 -0.06838 -1.36958e-02
 46 -0.07084 -1.22423e-02 | 47  0.06808  1.96669e-02 | 48 -0.00491 -3.72331e-03
 49 -0.06309 -9.25729e-03 | 50  0.08474  3.12458e-02 | 51  0.05775  8.94144e-04
 52 -0.06859 -1.31612e-02 | 53 -0.02164 -5.60486e-03 | 54 -0.04288 -2.54695e-03
 55 -0.07626 -4.90930e-03 | 56  0.00913  2.51582e-02 | 57  0.04961  1.47947e-02
 58 -0.04201 -1.88960e-03 | 59  0.13136  4.26968e-02 | 60 -0.05658 -1.52462e-02
 61  0.10155  7.61426e-04 | 62  0.08656 -1.77312e-02 | 63 -0.07374 -2.45558e-02
 64 -0.00959 -2.71204e-02 | 65 -0.62063 -6.43674e-04 | 66 -0.01333  8.09268e-02
 67  0.58074  1.81658e-02 | 68  0.14914 -2.73673e-04 | 69  0.40479 -8.94254e-02
 70 -0.00840 -9.31020e-08 | 71  0.33151 -3.94224e-05 | 72 -0.37382 -1.94482e+00
 73  0.27035 -1.67777e-05 | 74 -0.28456  4.16099e-01 | 75  0.33974 -3.83182e-05
75 variables; iteration 200; function evaluation 252; phase 6
Function value 1.4675349e+02; maximum gradient component mag -1.3307e+00
Var    Value     Gradient |Var    Value     Gradient |Var    Value     Gradient
  1 -0.15976 -4.83636e-02 |  2  0.41230 -2.38943e-04 |  3  0.02769  2.77732e-02
  4 -0.50595  6.76754e-02 |  5 -0.53830  4.54275e-02 |  6 -0.25256  2.43037e-01
  7 -0.03774  9.47584e-03 |  8 -0.00052  6.69151e-05 |  9 -0.00031  2.10690e-04
 10 -0.00048  3.82059e-05 | 11 -0.00076 -9.81044e-05 | 12 -0.00118 -9.20410e-05
 13 -0.00185 -3.81518e-04 | 14 -0.00285 -1.00249e-05 | 15 -0.00437 -1.85157e-04
 16 -0.00662 -5.35010e-04 | 17 -0.00987  3.36982e-04 | 18 -0.01436  2.67816e-04
 19 -0.02017  3.47071e-04 | 20 -0.02729 -1.32707e-04 | 21 -0.03496  5.51322e-05
 22 -0.04137  1.78246e-04 | 23 -0.04313  4.07549e-04 | 24 -0.03664  2.99234e-04
 25 -0.02474  8.12116e-04 | 26 -0.01653  7.35692e-04 | 27  0.00461  1.61200e-03
 28  0.12518 -7.87795e-03 | 29  0.08207 -8.61387e-03 | 30  0.06888 -6.60351e-03
 31 -0.08208 -1.29286e-02 | 32 -0.12778 -1.10792e-02 | 33  0.10806  1.68230e-02
 34 -0.11906 -8.55364e-03 | 35  0.12283  2.16145e-02 | 36 -0.01418 -3.16698e-03
 37 -0.08146 -8.52400e-03 | 38 -0.22654 -1.25000e-02 | 39 -0.08871 -2.60647e-03
 40  0.04996  1.99554e-02 | 41  0.02233  8.96278e-03 | 42  0.01724  4.12321e-03
 43  0.14083  2.85557e-02 | 44  0.00989 -5.84621e-03 | 45 -0.06838 -8.79782e-03
 46 -0.07084 -7.88702e-03 | 47  0.06808  1.26037e-02 | 48 -0.00491 -2.42175e-03
 49 -0.06309 -5.93179e-03 | 50  0.08474  2.00719e-02 | 51  0.05775  5.43571e-04
 52 -0.06859 -8.44710e-03 | 53 -0.02163 -3.60585e-03 | 54 -0.04288 -1.62111e-03
 55 -0.07626 -3.14984e-03 | 56  0.00913  1.61842e-02 | 57  0.04961  9.49095e-03
 58 -0.04201 -1.17404e-03 | 59  0.13136  2.74255e-02 | 60 -0.05658 -9.73065e-03
 61  0.10155  5.07807e-04 | 62  0.08656 -1.13487e-02 | 63 -0.07374 -1.57585e-02
 64 -0.00959 -1.73867e-02 | 65 -0.62063 -3.93958e-04 | 66 -0.01332  5.19570e-02
 67  0.58074  1.15999e-02 | 68  0.14988 -1.19094e-04 | 69  0.40479 -5.69955e-02
 70 -0.01408 -1.57077e-05 | 71  0.33114 -3.87380e-05 | 72 -0.37591 -1.33068e+00
 73  0.27030 -2.48770e-05 | 74 -0.29483  2.61549e-01 | 75  0.34031 -3.28427e-05
  ic > imax  in fminim is answer attained ?
Var    Value     Gradient |Var    Value     Gradient |Var    Value     Gradient
  1 -0.15977  1.86720e-05 |  2  0.41230 -1.73797e-07 |  3  0.02769 -1.25170e-05
  4 -0.50595 -3.08192e-05 |  5 -0.53830 -2.12035e-05 |  6 -0.25256 -9.16101e-05
  7 -0.03774 -3.68598e-06 |  8 -0.00052 -3.12058e-08 |  9 -0.00031 -1.23618e-07
 10 -0.00048 -1.91737e-08 | 11 -0.00076  6.93586e-08 | 12 -0.00118  4.87032e-08
 13 -0.00185  2.35128e-07 | 14 -0.00285 -1.01402e-08 | 15 -0.00437  1.45115e-07
 16 -0.00661  3.52280e-07 | 17 -0.00987 -2.10628e-07 | 18 -0.01436 -1.04481e-07
 19 -0.02017 -1.82879e-07 | 20 -0.02728  1.03457e-07 | 21 -0.03496  5.88735e-09
 22 -0.04137 -4.81140e-08 | 23 -0.04313 -1.51660e-07 | 24 -0.03664 -5.43633e-08
 25 -0.02474 -3.26045e-07 | 26 -0.01652 -2.45172e-07 | 27  0.00461 -6.44782e-07
 28  0.12518  2.89610e-06 | 29  0.08207  3.19416e-06 | 30  0.06888  2.44602e-06
 31 -0.08208  4.92460e-06 | 32 -0.12778  4.23479e-06 | 33  0.10806 -6.17443e-06
 34 -0.11906  3.22931e-06 | 35  0.12283 -8.17815e-06 | 36 -0.01418  1.16653e-06
 37 -0.08146  3.20026e-06 | 38 -0.22654  4.67086e-06 | 39 -0.08871  1.04480e-06
 40  0.04996 -7.44571e-06 | 41  0.02233 -3.46426e-06 | 42  0.01724 -1.59305e-06
 43  0.14083 -1.10623e-05 | 44  0.00989  2.05469e-06 | 45 -0.06838  3.29121e-06
 46 -0.07084  2.87354e-06 | 47  0.06808 -4.93789e-06 | 48 -0.00491  7.54275e-07
 49 -0.06309  2.18979e-06 | 50  0.08474 -7.87349e-06 | 51  0.05775 -5.28096e-07
 52 -0.06859  3.13946e-06 | 53 -0.02163  1.34350e-06 | 54 -0.04288  7.09214e-07
 55 -0.07626  1.19951e-06 | 56  0.00913 -5.77264e-06 | 57  0.04961 -3.39042e-06
 58 -0.04201  5.90268e-07 | 59  0.13136 -9.82447e-06 | 60 -0.05658  3.78577e-06
 61  0.10155 -4.30909e-08 | 62  0.08656  4.26149e-06 | 63 -0.07374  5.86909e-06
 64 -0.00959  6.46195e-06 | 65 -0.62063  1.60114e-07 | 66 -0.01331 -1.91633e-05
 67  0.58075 -4.99969e-06 | 68  0.14999 -2.30397e-07 | 69  0.40479  2.47046e-05
 70 -0.01188 -7.56568e-09 | 71  0.33233  1.13646e-09 | 72 -0.37654  4.93945e-04
 73  0.27069  6.28652e-09 | 74 -0.29813 -9.46773e-05 | 75  0.34124  1.34405e-08
Function minimizer not making progress ... is minimum attained?
Minimprove criterion = 0.0000e+00

 - final statistics:
75 variables; iteration 218; function evaluation 302
Function value 1.4675e+02; maximum gradient component mag 4.9394e-04
Exit code = 1;  converg criter 1.0000e-04
Var    Value     Gradient |Var    Value     Gradient |Var    Value     Gradient
  1 -0.15977  1.86720e-05 |  2  0.41230 -1.73797e-07 |  3  0.02769 -1.25170e-05
  4 -0.50595 -3.08192e-05 |  5 -0.53830 -2.12035e-05 |  6 -0.25256 -9.16101e-05
  7 -0.03774 -3.68598e-06 |  8 -0.00052 -3.12058e-08 |  9 -0.00031 -1.23618e-07
 10 -0.00048 -1.91737e-08 | 11 -0.00076  6.93586e-08 | 12 -0.00118  4.87032e-08
 13 -0.00185  2.35128e-07 | 14 -0.00285 -1.01402e-08 | 15 -0.00437  1.45115e-07
 16 -0.00661  3.52280e-07 | 17 -0.00987 -2.10628e-07 | 18 -0.01436 -1.04481e-07
 19 -0.02017 -1.82879e-07 | 20 -0.02728  1.03457e-07 | 21 -0.03496  5.88735e-09
 22 -0.04137 -4.81140e-08 | 23 -0.04313 -1.51660e-07 | 24 -0.03664 -5.43633e-08
 25 -0.02474 -3.26045e-07 | 26 -0.01652 -2.45172e-07 | 27  0.00461 -6.44782e-07
 28  0.12518  2.89610e-06 | 29  0.08207  3.19416e-06 | 30  0.06888  2.44602e-06
 31 -0.08208  4.92460e-06 | 32 -0.12778  4.23479e-06 | 33  0.10806 -6.17443e-06
 34 -0.11906  3.22931e-06 | 35  0.12283 -8.17815e-06 | 36 -0.01418  1.16653e-06
 37 -0.08146  3.20026e-06 | 38 -0.22654  4.67086e-06 | 39 -0.08871  1.04480e-06
 40  0.04996 -7.44571e-06 | 41  0.02233 -3.46426e-06 | 42  0.01724 -1.59305e-06
 43  0.14083 -1.10623e-05 | 44  0.00989  2.05469e-06 | 45 -0.06838  3.29121e-06
 46 -0.07084  2.87354e-06 | 47  0.06808 -4.93789e-06 | 48 -0.00491  7.54275e-07
 49 -0.06309  2.18979e-06 | 50  0.08474 -7.87349e-06 | 51  0.05775 -5.28096e-07
 52 -0.06859  3.13946e-06 | 53 -0.02163  1.34350e-06 | 54 -0.04288  7.09214e-07
 55 -0.07626  1.19951e-06 | 56  0.00913 -5.77264e-06 | 57  0.04961 -3.39042e-06
 58 -0.04201  5.90268e-07 | 59  0.13136 -9.82447e-06 | 60 -0.05658  3.78577e-06
 61  0.10155 -4.30909e-08 | 62  0.08656  4.26149e-06 | 63 -0.07374  5.86909e-06
 64 -0.00959  6.46195e-06 | 65 -0.62063  1.60114e-07 | 66 -0.01331 -1.91633e-05
 67  0.58075 -4.99969e-06 | 68  0.14999 -2.30397e-07 | 69  0.40479  2.47046e-05
 70 -0.01188 -7.56568e-09 | 71  0.33233  1.13646e-09 | 72 -0.37654  4.93945e-04
 73  0.27069  6.28652e-09 | 74 -0.29813 -9.46773e-05 | 75  0.34124  1.34405e-08
Estimating row 1 out of 75 for hessian
Estimating row 2 out of 75 for hessian
Estimating row 3 out of 75 for hessian
Estimating row 4 out of 75 for hessian
Estimating row 5 out of 75 for hessian
Estimating row 6 out of 75 for hessian
Estimating row 7 out of 75 for hessian
Estimating row 8 out of 75 for hessian
Estimating row 9 out of 75 for hessian
Estimating row 10 out of 75 for hessian
Estimating row 11 out of 75 for hessian
Estimating row 12 out of 75 for hessian
Estimating row 13 out of 75 for hessian
Estimating row 14 out of 75 for hessian
Estimating row 15 out of 75 for hessian
Estimating row 16 out of 75 for hessian
Estimating row 17 out of 75 for hessian
Estimating row 18 out of 75 for hessian
Estimating row 19 out of 75 for hessian
Estimating row 20 out of 75 for hessian
Estimating row 21 out of 75 for hessian
Estimating row 22 out of 75 for hessian
Estimating row 23 out of 75 for hessian
Estimating row 24 out of 75 for hessian
Estimating row 25 out of 75 for hessian
Estimating row 26 out of 75 for hessian
Estimating row 27 out of 75 for hessian
Estimating row 28 out of 75 for hessian
Estimating row 29 out of 75 for hessian
Estimating row 30 out of 75 for hessian
Estimating row 31 out of 75 for hessian
Estimating row 32 out of 75 for hessian
Estimating row 33 out of 75 for hessian
Estimating row 34 out of 75 for hessian
Estimating row 35 out of 75 for hessian
Estimating row 36 out of 75 for hessian
Estimating row 37 out of 75 for hessian
Estimating row 38 out of 75 for hessian
Estimating row 39 out of 75 for hessian
Estimating row 40 out of 75 for hessian
Estimating row 41 out of 75 for hessian
Estimating row 42 out of 75 for hessian
Estimating row 43 out of 75 for hessian
Estimating row 44 out of 75 for hessian
Estimating row 45 out of 75 for hessian
Estimating row 46 out of 75 for hessian
Estimating row 47 out of 75 for hessian
Estimating row 48 out of 75 for hessian
Estimating row 49 out of 75 for hessian
Estimating row 50 out of 75 for hessian
Estimating row 51 out of 75 for hessian
Estimating row 52 out of 75 for hessian
Estimating row 53 out of 75 for hessian
Estimating row 54 out of 75 for hessian
Estimating row 55 out of 75 for hessian
Estimating row 56 out of 75 for hessian
Estimating row 57 out of 75 for hessian
Estimating row 58 out of 75 for hessian
Estimating row 59 out of 75 for hessian
Estimating row 60 out of 75 for hessian
Estimating row 61 out of 75 for hessian
Estimating row 62 out of 75 for hessian
Estimating row 63 out of 75 for hessian
Estimating row 64 out of 75 for hessian
Estimating row 65 out of 75 for hessian
Estimating row 66 out of 75 for hessian
Estimating row 67 out of 75 for hessian
Estimating row 68 out of 75 for hessian
Estimating row 69 out of 75 for hessian
Estimating row 70 out of 75 for hessian
Estimating row 71 out of 75 for hessian
Estimating row 72 out of 75 for hessian
Estimating row 73 out of 75 for hessian
Estimating row 74 out of 75 for hessian
Estimating row 75 out of 75 for hessian
size of file gradfil1.tmp = 0
size of file gradfil2.tmp = 0
size of file varssave.tmp = 0
size of file cmpdiff.tmp = 0
