
Initial statistics: 59 variables; iteration 0; function evaluation 0; phase 1
Function value 1.3654927e+06; maximum gradient component mag -5.6779e+04
Var    Value     Gradient |Var    Value     Gradient |Var    Value     Gradient
  1 -0.33088 -5.67790e+04 |  2 -0.09194 -1.33489e+04 |  3  0.04277 -2.03427e+02
  4  0.00088 -6.38571e+01 |  5  0.00688 -9.31836e+01 |  6 -0.00218 -1.23680e+02
  7 -0.03976 -1.34398e+02 |  8  0.03725 -3.27796e+02 |  9  0.01297 -2.25168e+02
 10  0.04931 -3.40154e+02 | 11  0.03879 -3.89839e+02 | 12  0.00916 -3.59499e+02
 13  0.02592 -4.54618e+02 | 14  0.00051 -3.56950e+02 | 15 -0.03708 -2.57106e+02
 16 -0.03718 -2.74666e+02 | 17  0.03535 -5.44009e+02 | 18 -0.00286 -4.44059e+02
 19 -0.00957 -4.39280e+02 | 20  0.00296 -5.10689e+02 | 21 -0.04958 -3.86658e+02
 22  0.00735 -6.63290e+02 | 23 -0.01889  1.66660e+03 | 24 -0.02535  1.33197e+03
 25  0.01027 -3.86247e+02 | 26 -0.03502  3.51153e+02 | 27  0.02108 -2.94270e+03
 28  0.05578 -4.81886e+03 | 29  0.04615 -4.56385e+03 | 30 -0.04114 -3.03024e+02
 31 -0.04064  1.25893e+02 | 32  0.01903 -1.63000e+03 | 33 -0.01754 -1.96178e+02
 34  0.02281 -1.25205e+03 | 35  0.00573 -9.57898e+02 | 36 -0.03924  5.57443e+02
 37  0.01337 -1.23774e+03 | 38  0.03285 -2.44258e+03 | 39 -0.01586 -3.09269e+02
 40 -0.02532  7.32081e+02 | 41 -0.01880  1.06633e+03 | 42  0.01876 -9.24199e+01
 43 -0.02473  1.37663e+03 | 44  0.04814 -9.00516e+02 | 45  0.00144  4.80666e+02
 46 -0.02782  1.18017e+03 | 47  0.00392  1.18486e+03 | 48  0.02684  4.73834e+02
 49 -0.04497  1.81160e+03 | 50  0.04823 -1.26467e+03 | 51  0.01103 -5.63077e+02
 52  0.05196 -2.20890e+03 | 53 -0.01958  5.87397e+02 | 54 -0.01805  2.92186e+02
 55  0.00781  6.08009e+02 | 56 -0.02561  1.81347e+03 | 57 -0.04043  2.79499e+03
 58  0.00874  3.31165e+03 | 59  0.02516  4.35180e+03 |

Intermediate statistics: 59 variables; iteration 20; function evaluation 35; phase 1
Function value 1.3429631e+06; maximum gradient component mag 1.5342e+04
Var    Value     Gradient |Var    Value     Gradient |Var    Value     Gradient
  1  0.12325  4.24240e+03 |  2  0.24193  1.53423e+04 |  3  0.16571  4.26425e+01
  4  0.11156  2.52021e+01 |  5  0.09351  2.86374e+01 |  6  0.06889  3.16383e+01
  7  0.03538  3.22797e+01 |  8  0.10443  8.48319e+01 |  9  0.01057  9.77889e+01
 10  0.03503  1.85466e+02 | 11  0.05291  2.24959e+02 | 12  0.00837  2.23212e+02
 13  0.01719  3.19459e+02 | 14 -0.04197  3.19663e+02 | 15 -0.10510  2.82191e+02
 16 -0.12095  3.49160e+02 | 17 -0.05854  7.85051e+02 | 18 -0.10793  6.80066e+02
 19 -0.12248  8.09984e+02 | 20 -0.13640  9.64028e+02 | 21 -0.18006  8.81490e+02
 22 -0.15797  1.35867e+03 | 23 -0.03518  1.72644e+02 | 24 -0.06052  1.69331e+02
 25 -0.04124  2.17222e+02 | 26 -0.11039  1.61371e+02 | 27 -0.03710  3.06965e+02
 28  0.08408  6.38135e+02 | 29  0.04804  5.51785e+02 | 30 -0.07348  2.12823e+02
 31 -0.11367  1.56141e+02 | 32 -0.09219  1.71981e+02 | 33 -0.89058 -2.95616e+00
 34 -0.05650  1.49245e+02 | 35  0.07422  1.51822e+02 | 36  0.04502  1.46611e+02
 37  0.12559  2.30335e+02 | 38  0.20007  2.13883e+02 | 39  0.12947  1.89150e+02
 40 -0.03472  1.28018e+02 | 41 -0.04578  9.37191e+01 | 42  0.07162  6.39488e+01
 43  0.03807  2.88047e+01 | 44 -0.32229 -1.86308e+01 | 45  0.11330  6.29235e+01
 46  0.11763  1.24668e+02 | 47 -0.04720  4.24397e+01 | 48 -0.03250 -1.18236e+01
 49 -0.01603  7.64928e+01 | 50 -0.02158  7.51239e+01 | 51  0.05146  1.03830e+02
 52  0.12456  6.61723e+01 | 53  0.04768  1.05313e+02 | 54  0.15662 -1.11305e+02
 55  0.05182  1.06611e+02 | 56  0.14743  1.09909e+02 | 57  0.15060  1.64016e+02
 58  0.03703  1.79056e+02 | 59  0.11381  1.83366e+02 |
59 variables; iteration 40; function evaluation 57; phase 1
Function value 1.3426837e+06; maximum gradient component mag 8.3095e+03
Var    Value     Gradient |Var    Value     Gradient |Var    Value     Gradient
  1  0.12705  2.78751e+03 |  2  0.11985  8.30950e+03 |  3  0.50334  1.29268e+01
  4  0.04294  5.52820e+00 |  5  0.30765  3.45189e+01 |  6  0.23791  3.00114e+01
  7  0.14198  2.00085e+01 |  8  0.38068  5.13048e+01 |  9  0.15949  4.58653e+01
 10  0.28959  1.38149e+02 | 11  0.28438  9.86201e+01 | 12  0.21080  9.35870e+01
 13  0.23004  1.26184e+02 | 14  0.14613  1.38168e+02 | 15  0.07605  1.38288e+02
 16  0.04399  1.58390e+02 | 17  0.16127  5.14077e+02 | 18  0.10286  4.33481e+02
 19  0.08161  5.03642e+02 | 20  0.06489  5.98787e+02 | 21 -0.00388  4.59260e+02
 22  0.03746  8.24349e+02 | 23 -0.02344  1.05470e+01 | 24 -0.07501 -1.46395e+01
 25 -0.02978  4.84817e+01 | 26 -0.13001 -2.49827e+01 | 27 -0.09211  3.31669e+01
 28  0.04113  2.11795e+02 | 29  0.02951  2.27642e+02 | 30  0.00146  9.86404e+01
 31 -0.07460 -3.79632e+00 | 32 -0.15153 -5.83823e+01 | 33 -0.52850 -9.88829e+01
 34 -0.15041 -7.50551e+01 | 35  0.12527  9.08255e+01 | 36  0.03467 -2.13833e+01
 37  0.09281  5.81807e+00 | 38  0.20771  9.90449e+01 | 39  0.10817 -1.94798e+00
 40 -0.03652 -3.89904e+01 | 41 -0.11776 -1.11557e+02 | 42  0.04922 -1.04118e+02
 43  0.07584  1.00011e+02 | 44 -0.10392 -1.03551e+02 | 45  0.09968 -2.16139e+01
 46  0.09031 -4.85186e+01 | 47  0.00443  5.10371e+01 | 48 -0.01375 -5.07664e+01
 49 -0.04069 -5.24736e+01 | 50  0.01963  8.89529e+01 | 51  0.04689  4.62129e+01
 52  0.12381  2.74597e+01 | 53  0.00060 -9.95684e+01 | 54  0.17713 -1.03114e+02
 55 -0.02167 -8.89039e+01 | 56  0.13730 -4.00909e+01 | 57  0.16344  8.82099e+01
 58 -0.07498 -6.19605e+01 | 59 -0.01899 -3.71817e+01 |
59 variables; iteration 60; function evaluation 83; phase 1
Function value 1.3424771e+06; maximum gradient component mag 2.0622e+03
Var    Value     Gradient |Var    Value     Gradient |Var    Value     Gradient
  1  0.14147  8.27048e+02 |  2  0.13169  2.06218e+03 |  3  0.63377  1.64250e+01
  4  0.06072  8.37131e+00 |  5 -0.05580 -7.62388e+00 |  6  0.12002  1.77074e+01
  7 -0.02336 -2.36299e+00 |  8  0.29186  4.96438e+01 |  9 -0.03684 -1.30120e+00
 10  0.12180  3.85946e+01 | 11  0.32711  4.21984e+01 | 12  0.18654  3.71078e+01
 13  0.25983  2.74629e+01 | 14  0.07849  2.36803e+01 | 15  0.01078  3.20592e+01
 16 -0.03634  3.51734e+01 | 17  0.06794  1.28047e+02 | 18  0.00825  8.56953e+01
 19 -0.01763  1.01417e+02 | 20 -0.03532  1.32479e+02 | 21 -0.10573  1.00131e+02
 22 -0.07233  1.94018e+02 | 23 -0.05065  1.36176e+01 | 24 -0.05546  1.92038e+01
 25 -0.16941 -1.99239e+01 | 26 -0.08723  2.06568e+01 | 27 -0.15621  1.42978e+00
 28  0.00713  3.95893e+01 | 29 -0.04325  3.68516e+01 | 30  0.01547  1.06766e+01
 31 -0.09110 -1.40555e+01 | 32 -0.09883  1.42562e+00 | 33 -0.09933  2.56280e+01
 34 -0.05665  4.02292e+01 | 35  0.11095  9.27308e+01 | 36  0.04848  3.47081e+01
 37  0.08145  2.75192e+01 | 38  0.19356  5.36478e+01 | 39  0.11093  4.36591e+01
 40 -0.07520  8.68565e+00 | 41 -0.02386  4.88681e+01 | 42  0.05665 -5.95930e+00
 43  0.00018  2.47958e+00 | 44 -0.00101  4.06421e+01 | 45  0.07496  2.04554e+00
 46  0.09746 -9.75412e+00 | 47 -0.05133 -5.23806e+00 | 48 -0.00185  2.33698e+00
 49 -0.05185 -2.83586e+01 | 50 -0.01700  2.24750e+01 | 51  0.03593  2.81292e+01
 52  0.11142  1.07918e+01 | 53  0.01788  3.43693e+00 | 54  0.18140  1.12809e+01
 55 -0.01747 -1.99435e+01 | 56  0.12908 -1.07548e+01 | 57  0.12468  2.71323e+01
 58 -0.10077 -1.14115e+01 | 59 -0.13009 -1.09390e+01 |
Maximum number of function evaluations exceeded

 - final statistics:
59 variables; iteration 72; function evaluation 100
Function value 1.3424e+06; maximum gradient component mag 6.9826e+01
Exit code = 3;  converg criter 1.0000e+01
Var    Value     Gradient |Var    Value     Gradient |Var    Value     Gradient
  1  0.14265  6.98256e+01 |  2  0.11204 -6.89302e+01 |  3  0.82104  3.93635e-01
  4  0.00705  8.67556e-01 |  5  0.00462  6.46104e-01 |  6  0.01777  2.70669e+00
  7  0.00086  6.04875e-01 |  8  0.05618  9.07065e+00 |  9  0.00085  2.32151e+00
 10  0.00547  4.75821e+00 | 11  0.37863 -5.60660e-01 | 12  0.07136  5.97586e+00
 13  0.38460 -9.10628e+00 | 14  0.16574  1.15953e+00 | 15  0.01715  4.66426e-01
 16 -0.04238 -1.45644e-01 | 17 -0.00218  3.37439e+00 | 18  0.00352 -1.71390e+01
 19 -0.03493 -1.63654e+01 | 20 -0.08032 -1.01483e+01 | 21 -0.15464 -9.25565e+00
 22 -0.15400  3.96211e+00 | 23 -0.06055 -2.51761e+00 | 24 -0.08416 -4.74110e+00
 25 -0.06794  2.34821e+00 | 26 -0.11901 -4.30435e+00 | 27 -0.12912  7.59080e+00
 28  0.04022  9.67315e+00 | 29 -0.06728  8.61092e+00 | 30  0.06179 -4.93018e+00
 31 -0.04501 -4.72248e+00 | 32 -0.09763 -6.18938e-01 | 33 -0.13900 -2.09626e-01
 34 -0.10277  9.35015e-02 | 35  0.10965  7.46769e+00 | 36  0.04423 -2.91170e+00
 37  0.08119 -1.88272e+00 | 38  0.19594  6.46893e-01 | 39  0.10543  2.18585e+00
 40 -0.07372 -1.07134e+00 | 41 -0.06590 -1.19678e+00 | 42  0.06639  5.00509e+00
 43  0.00350  3.24192e+00 | 44 -0.02690  3.30046e+00 | 45  0.08024  4.15462e+00
 46  0.09851  2.56042e-01 | 47 -0.05055  1.33313e+00 | 48 -0.00697  3.54285e-01
 49 -0.03835 -1.60252e+00 | 50 -0.02956  4.80845e+00 | 51  0.02985  3.39409e+00
 52  0.11156  6.74405e+00 | 53  0.01321  3.18579e-01 | 54  0.17946  7.89870e+00
 55 -0.00243  3.03759e-01 | 56  0.13086  1.11658e+00 | 57  0.11174  4.83849e+00
 58 -0.10261 -2.25633e+00 | 59 -0.14955 -5.89090e+00 |

Initial statistics: 64 variables; iteration 0; function evaluation 0; phase 2
Function value 1.3424360e+06; maximum gradient component mag -1.3204e+05
Var    Value     Gradient |Var    Value     Gradient |Var    Value     Gradient
  1 -0.26523  1.68261e+03 |  2  0.32489 -1.63606e+04 |  3  0.14711 -2.03715e+04
  4 -0.86370 -1.32036e+05 |  5 -0.84538 -1.58117e+04 |  6  0.14265  6.98256e+01
  7  0.11204 -6.89302e+01 |  8  0.82104  3.93635e-01 |  9  0.00705  8.67556e-01
 10  0.00462  6.46104e-01 | 11  0.01777  2.70669e+00 | 12  0.00086  6.04875e-01
 13  0.05618  9.07065e+00 | 14  0.00085  2.32151e+00 | 15  0.00547  4.75821e+00
 16  0.37863 -5.60660e-01 | 17  0.07136  5.97586e+00 | 18  0.38460 -9.10628e+00
 19  0.16574  1.15953e+00 | 20  0.01715  4.66426e-01 | 21 -0.04238 -1.45644e-01
 22 -0.00218  3.37439e+00 | 23  0.00352 -1.71390e+01 | 24 -0.03493 -1.63654e+01
 25 -0.08032 -1.01483e+01 | 26 -0.15464 -9.25565e+00 | 27 -0.15400  3.96211e+00
 28 -0.06059 -3.79398e+00 | 29 -0.08419 -6.01205e+00 | 30 -0.06798  1.07331e+00
 31 -0.11905 -5.56414e+00 | 32 -0.12916  6.33481e+00 | 33  0.04018  8.39356e+00
 34 -0.06732  7.33584e+00 | 35  0.06175 -6.20637e+00 | 36 -0.04505 -6.00144e+00
 37 -0.09767 -1.88606e+00 | 38 -0.13904 -1.46135e+00 | 39 -0.10281 -1.17201e+00
 40  0.10961  6.20454e+00 | 41  0.04419 -4.19081e+00 | 42  0.08115 -3.15452e+00
 43  0.19590 -5.75056e-01 | 44  0.10540  9.21214e-01 | 45 -0.07376 -2.34492e+00
 46 -0.06594 -2.47209e+00 | 47  0.06635  3.72989e+00 | 48  0.00346  1.95975e+00
 49 -0.02694  2.01942e+00 | 50  0.08020  2.88263e+00 | 51  0.09847 -1.01084e+00
 52 -0.05059  5.49789e-02 | 53 -0.00700 -9.27827e-01 | 54 -0.03838 -2.88237e+00
 55 -0.02960  3.52764e+00 | 56  0.02982  2.11331e+00 | 57  0.11153  5.48156e+00
 58  0.01317 -9.63335e-01 | 59  0.17942  6.66724e+00 | 60 -0.00247 -9.78420e-01
 61  0.13082 -1.38618e-01 | 62  0.11170  3.57604e+00 | 63 -0.10265 -3.52186e+00
 64 -0.14959 -7.13777e+00 |

Intermediate statistics: 64 variables; iteration 20; function evaluation 36; phase 2
Function value 1.1589224e+04; maximum gradient component mag 8.1664e+03
Var    Value     Gradient |Var    Value     Gradient |Var    Value     Gradient
  1  0.10292 -2.47255e+03 |  2  2.03765  4.21265e+03 |  3 -0.55487  8.16641e+03
  4  1.04497 -2.55459e+02 |  5 -0.62350  8.11642e+03 |  6 -0.26272  6.98955e+03
  7 -0.11429  2.73061e+03 |  8  0.62574  4.11459e+01 |  9  0.00086  1.24023e-01
 10  0.00085  1.24528e-01 | 11  0.00255  3.65909e-01 | 12  0.00160  2.40009e-01
 13  0.00973  1.38652e+00 | 14  0.00550  8.15682e-01 | 15  0.01101  1.62119e+00
 16  0.35003  4.10952e+01 | 17  0.06570  9.47040e+00 | 18  1.07238 -1.60860e+01
 19  0.42822  5.41890e+01 | 20  0.24338  3.68926e+01 | 21  0.27327  4.60181e+01
 22  0.67825  1.45705e+02 | 23  1.27056 -2.12611e+02 | 24  1.46947 -2.40250e+02
 25  1.48059 -3.27519e+02 | 26  1.29994 -6.64766e+02 | 27  0.51143  6.51534e+02
 28 -0.01228 -3.10699e+01 | 29 -0.06688 -5.12313e+01 | 30 -0.03377  6.28402e+01
 31  0.23945  3.21789e+03 | 32 -0.01436  1.51473e+02 | 33  0.20238  2.75914e+03
 34  0.15372  1.97465e+03 | 35  0.09631  7.83853e+02 | 36  0.11126  1.08010e+03
 37  0.03722  5.97054e+02 | 38 -0.11200 -6.52071e+01 | 39 -0.07416 -1.01864e+02
 40  0.17997  1.97339e+03 | 41  0.04900  1.41037e+02 | 42  0.17163  8.60588e+02
 43  0.11146  2.46645e+02 | 44 -2.10168 -6.15038e+02 | 45  0.04687  1.40468e+02
 46 -0.26387 -2.49883e+02 | 47  0.14066  7.11157e+02 | 48  0.08181  1.88111e+02
 49 -0.78085 -1.19467e+02 | 50  0.18991  1.27935e+02 | 51 -0.48356 -4.11555e+02
 52 -0.04835 -6.61577e+02 | 53  0.08383 -1.24341e+02 | 54 -0.12017 -4.02505e+02
 55  0.04975 -3.85081e+01 | 56  0.06004 -5.75018e+02 | 57  0.15242 -3.20261e+02
 58 -0.56661 -2.00503e+02 | 59  0.12128 -1.55639e+03 | 60 -0.20197 -3.87740e+02
 61  0.23373  1.23004e+02 | 62  0.06777 -1.74966e+02 | 63 -0.07122 -2.33700e+02
 64  0.18490 -1.75582e+02 |
64 variables; iteration 40; function evaluation 59; phase 2
Function value 1.0934912e+04; maximum gradient component mag 8.9150e+03
Var    Value     Gradient |Var    Value     Gradient |Var    Value     Gradient
  1  0.22103 -2.39713e+03 |  2  1.90047  3.12081e+03 |  3 -0.50145  8.91498e+03
  4  1.06630 -3.80271e+02 |  5 -0.64959  7.32782e+03 |  6 -0.15135  7.74233e+03
  7 -0.16354  2.86734e+03 |  8 -0.26912 -3.32135e+01 |  9 -0.01048 -1.46036e+00
 10 -0.00636 -8.85757e-01 | 11 -0.02566 -3.57215e+00 | 12  0.00153  2.17129e-01
 13 -0.07818 -1.07885e+01 | 14  0.00918  1.29426e+00 | 15  0.01211  1.71515e+00
 16  0.01188  1.70345e+00 | 17  0.00616  9.41068e-01 | 18  3.06130 -8.49588e+00
 19  1.16050 -2.93076e+01 | 20  0.57719  5.70390e+01 | 21  0.80021  5.41084e+01
 22  1.97819 -4.66898e+00 | 23  2.53814  4.40314e+01 | 24  1.57166 -1.12535e+02
 25  1.30264 -2.71905e+02 | 26  1.03055 -6.86557e+01 | 27  0.89086  3.38396e+02
 28 -0.06608 -2.42734e+02 | 29 -0.10834 -2.42249e+02 | 30 -0.07753 -1.69736e+02
 31  0.09676  8.01225e+02 | 32  0.05377  5.81136e+02 | 33  0.13198  1.64425e+03
 34  0.11836  1.57920e+03 | 35  0.06152  2.67387e+02 | 36 -0.05032 -5.75770e+02
 37 -0.07367 -4.44454e+02 | 38 -0.13705 -3.22752e+02 | 39 -0.06447 -2.43078e+02
 40  0.15595  1.94890e+03 | 41 -0.07775 -4.89348e+02 | 42  0.11012  3.58798e+01
 43 -0.00318 -5.10544e+02 | 44 -2.08393 -8.39927e+02 | 45  0.12287  1.54940e+03
 46 -0.42903 -3.59653e+02 | 47  0.10405  9.43703e+02 | 48  0.02933  3.43215e+02
 49 -1.92535  2.82070e+02 | 50  0.16444  1.03712e+03 | 51 -0.25291 -6.37519e+02
 52  0.01778 -3.66143e+02 | 53 -0.01225 -2.40395e+02 | 54 -0.02835 -2.37786e+02
 55 -0.03095 -9.80035e+01 | 56  0.02656 -3.21910e+02 | 57  0.01132 -4.66980e+01
 58  0.14177  7.91715e+02 | 59  0.05744 -7.03319e+02 | 60 -0.24225 -4.83365e+02
 61  0.18041 -1.49493e+02 | 62  0.01197 -4.21989e+02 | 63 -0.02350 -4.11374e+02
 64  1.84161  3.53070e+02 |
64 variables; iteration 60; function evaluation 84; phase 2
Function value 8.2863106e+03; maximum gradient component mag -8.8887e+03
Var    Value     Gradient |Var    Value     Gradient |Var    Value     Gradient
  1  0.44554  4.57694e+02 |  2  1.38001  2.28550e+02 |  3 -0.64192 -8.88867e+03
  4  1.19832 -2.82711e+02 |  5 -0.65010  1.67984e+03 |  6 -0.18018 -1.15154e+03
  7 -0.08325 -3.78540e+03 |  8 -1.40789  4.25417e+01 |  9 -0.03848 -5.35200e+00
 10 -0.01877 -2.61371e+00 | 11 -0.14103 -1.90276e+01 | 12  0.01563  2.18718e+00
 13 -0.46005 -4.40375e+01 | 14  0.08716  1.20456e+01 | 15  0.18501  2.45183e+01
 16 -0.31135 -3.68120e+01 | 17  1.88080 -1.64930e+01 | 18  2.99326  9.39839e-01
 19  4.28783  3.71197e+01 | 20  0.09394  1.38592e+01 | 21  1.38231 -6.77854e+01
 22  1.52946 -7.06775e+01 | 23  0.05201  1.02135e+01 | 24  0.31771  6.76733e+01
 25  1.37412 -2.13530e+02 | 26  1.45304 -2.56955e+02 | 27  0.09256  3.57096e+01
 28 -0.10915  2.35801e+02 | 29 -0.92045  1.77276e+01 | 30 -0.30987  1.67774e+02
 31  0.07793  2.10655e+02 | 32  0.05922  3.68289e+02 | 33  0.09853 -3.36419e+01
 34  0.10294 -9.54237e+02 | 35  0.04820 -1.54764e+03 | 36  0.00546 -2.06956e+03
 37  0.02725 -2.94397e+03 | 38 -0.14503 -7.13110e+02 | 39 -0.12230 -2.92034e+02
 40  0.10372  5.95655e+02 | 41 -0.02762  1.81168e+02 | 42  0.09157  5.98242e+02
 43  0.15024  1.10428e+03 | 44 -2.08752 -1.15207e+03 | 45  0.04241  9.52950e+02
 46 -0.01870  6.49072e+02 | 47  0.10453  1.07227e+03 | 48 -0.00084  3.13447e+02
 49 -1.69767 -1.18726e+02 | 50  0.16107  7.22302e+02 | 51 -0.36717 -1.50216e+01
 52  0.14248  1.26247e+03 | 53 -0.10046  2.11601e+02 | 54  0.00239  4.20754e+02
 55 -0.02909  4.59629e+02 | 56  0.02641  3.18221e+02 | 57  0.03146  3.71667e+02
 58  0.03892  3.86597e+02 | 59  0.06795  3.39574e+02 | 60  0.17269  1.50762e+03
 61  0.15116  7.89470e+02 | 62  0.08590  4.25743e+02 | 63  0.08754  3.67673e+02
 64  1.58900 -2.28264e+02 |
Maximum number of function evaluations exceeded

 - final statistics:
64 variables; iteration 74; function evaluation 100
Function value 7.4746e+03; maximum gradient component mag -1.1137e+04
Exit code = 3;  converg criter 1.0000e+01
Var    Value     Gradient |Var    Value     Gradient |Var    Value     Gradient
  1  0.82810  4.04039e+02 |  2  1.30180  4.20004e+02 |  3 -0.62915 -1.11373e+04
  4  1.26498  9.98788e+01 |  5 -0.72454  6.59039e+01 |  6 -0.18193 -6.18364e+03
  7 -0.04232 -3.63213e+03 |  8  0.20209  2.63330e+01 |  9  6.11182  1.52738e+01
 10  0.95060  6.88481e+00 | 11 -1.72687  3.35815e+01 | 12  0.37693  4.11976e+01
 13  1.87137 -1.74826e+01 | 14  4.28084  3.44241e+01 | 15  4.55561  4.47090e+01
 16  2.03898  5.37948e+00 | 17  3.93326 -9.17843e+00 | 18  4.06759  9.64729e+00
 19  3.97177 -3.69453e+00 | 20  0.26294  3.60820e+01 | 21  2.39091  4.17665e+01
 22  1.73616 -4.24768e+01 | 23 -0.34197 -3.88774e+01 | 24 -0.25709 -3.16494e+01
 25  1.83447 -3.78029e+01 | 26  1.49450 -2.12706e+02 | 27 -0.04613  6.16186e-01
 28 -0.04562  4.27567e+02 | 29 -1.52805 -2.63504e+02 | 30 -0.11363  3.60703e+02
 31  0.06344  2.82376e+02 | 32 -0.01089  4.64009e+02 | 33  0.08759  7.16783e+02
 34  0.08203  6.12126e+02 | 35  0.08825  7.44902e+02 | 36  0.08175  8.73566e+02
 37  0.10614  1.74684e+03 | 38 -0.10591  5.35985e+02 | 39 -0.09629  4.13780e+02
 40  0.03830  4.00968e+02 | 41  0.06060  4.92147e+02 | 42  0.07913  3.75726e+02
 43  0.14552  2.14644e+02 | 44 -2.05788 -3.08312e+02 | 45 -0.05753  2.67421e+02
 46 -0.05987  2.24140e+02 | 47  0.05071 -1.49284e+02 | 48  0.03175 -3.82594e+02
 49 -1.52303 -2.11048e+02 | 50  0.17179 -1.22949e+03 | 51 -0.12905 -1.34529e+02
 52  0.01565 -6.47973e+02 | 53 -0.01599 -1.21556e+02 | 54  0.03656  2.44102e+02
 55 -0.07652  3.04681e+02 | 56  0.05473  2.63537e+02 | 57  0.01630  2.23283e+02
 58  0.05347  2.66120e+02 | 59  0.11902 -3.57953e+02 | 60  0.00357 -8.49072e+01
 61  0.15771 -2.01315e+03 | 62  0.10192 -1.96331e+03 | 63 -0.12022 -1.98671e+02
 64  1.93975  1.92131e+03 |

Initial statistics: 73 variables; iteration 0; function evaluation 0; phase 3
Function value 7.4727593e+03; maximum gradient component mag -8.7751e+04
Var    Value     Gradient |Var    Value     Gradient |Var    Value     Gradient
  1  0.82810  4.04039e+02 |  2  0.69820 -4.20004e+02 |  3 -0.62915 -1.11373e+04
  4  0.73502 -9.98788e+01 |  5 -0.72454  6.59039e+01 |  6 -0.18193 -6.18364e+03
  7 -0.04232 -3.63213e+03 |  8  0.20209  2.63330e+01 |  9 -0.11182 -1.52738e+01
 10  0.95060  6.88481e+00 | 11 -0.27313 -3.35815e+01 | 12  0.37693  4.11976e+01
 13  0.12863  1.74826e+01 | 14  0.28084  3.44241e+01 | 15  0.55561  4.47090e+01
 16 -0.03898 -5.37948e+00 | 17 -0.06674 -9.17843e+00 | 18  0.06759  9.64729e+00
 19 -0.02823 -3.69453e+00 | 20  0.26294  3.60820e+01 | 21 -0.39091 -4.17665e+01
 22  0.26384  4.24768e+01 | 23 -0.34197 -3.88774e+01 | 24 -0.25709 -3.16494e+01
 25  0.16553  3.78029e+01 | 26  0.50550  2.12706e+02 | 27 -0.04613  6.16186e-01
 28 -0.04736  3.69853e+02 | 29 -0.47431  2.20132e+02 | 30 -0.11540  3.03680e+02
 31  0.06170  2.24935e+02 | 32 -0.01263  4.06208e+02 | 33  0.08584  6.59789e+02
 34  0.08028  5.55012e+02 | 35  0.08650  6.87929e+02 | 36  0.08000  8.16540e+02
 37  0.10438  1.69063e+03 | 38 -0.10767  4.78770e+02 | 39 -0.09804  3.56500e+02
 40  0.03657  3.43339e+02 | 41  0.05886  4.34732e+02 | 42  0.07739  3.18491e+02
 43  0.14374  1.58461e+02 | 44  0.05614  2.50824e+02 | 45 -0.05927  2.09816e+02
 46 -0.06161  1.66564e+02 | 47  0.04897 -2.06934e+02 | 48  0.03001 -4.40369e+02
 49 -0.47935  1.68148e+02 | 50  0.16999 -1.28619e+03 | 51 -0.13082 -1.91024e+02
 52  0.01391 -7.05788e+02 | 53 -0.01772 -1.79313e+02 | 54  0.03483  1.86437e+02
 55 -0.07826  2.47227e+02 | 56  0.05299  2.06010e+02 | 57  0.01457  1.65524e+02
 58  0.05173  2.08583e+02 | 59  0.11726 -4.14951e+02 | 60  0.00184 -1.42696e+02
 61  0.15593 -2.07063e+03 | 62  0.10017 -2.02125e+03 | 63 -0.12199 -2.55296e+02
 64  0.05851 -1.97935e+03 | 65  0.89180  5.38889e+03 | 66 -0.30274 -3.99675e+00
 67  0.27810 -8.77514e+04 | 68 -0.88203 -1.67497e-02 | 69  0.23493 -3.20380e+01
 70 -0.31607  2.06197e+03 | 71  0.45560  4.56864e-03 | 72 -0.12558 -2.39538e+03
 73  0.89803  2.53712e-02 |

Intermediate statistics: 73 variables; iteration 20; function evaluation 30; phase 3
Function value 1.9786964e+03; maximum gradient component mag -4.8955e+03
Var    Value     Gradient |Var    Value     Gradient |Var    Value     Gradient
  1  0.68140  1.33399e+02 |  2  0.23155  5.90227e+02 |  3 -0.41514 -4.89552e+03
  4 -0.24563 -1.41832e+02 |  5 -1.58486 -2.72797e+03 |  6 -0.22033  1.63777e+03
  7 -0.11105 -2.68188e+03 |  8  0.08745  1.20422e+01 |  9 -0.04613 -6.41044e+00
 10  0.91329  1.19418e+01 | 11 -0.12472 -1.69507e+01 | 12  0.19014  2.49646e+01
 13  0.05347  7.41992e+00 | 14  0.12925  1.75290e+01 | 15  0.34505  3.92023e+01
 16 -0.01573 -2.19723e+00 | 17 -0.02708 -3.78034e+00 | 18  0.02783  3.85150e+00
 19 -0.01114 -1.58560e+00 | 20  0.12300  1.65651e+01 | 21 -0.19999 -2.61110e+01
 22  0.13152  1.73711e+01 | 23 -0.16617 -2.21869e+01 | 24 -0.11516 -1.56997e+01
 25  0.10082  1.63166e+01 | 26  0.62582  1.38161e+02 | 27  0.00299  4.29281e+00
 28  0.04016 -6.27901e+01 | 29 -0.24074 -1.23077e+02 | 30  0.17172  3.00798e+02
 31  0.10089  2.49116e+02 | 32 -0.11502 -5.64957e+01 | 33  0.06331 -1.04187e+02
 34 -0.02154  1.12286e+02 | 35  0.18210  1.18709e+03 | 36  0.11705  2.62313e+02
 37 -0.33339 -3.30030e+02 | 38 -0.08242 -1.46812e+02 | 39 -0.25898 -2.81418e+02
 40  0.04995 -3.31857e+02 | 41  0.00450 -3.27838e+02 | 42  0.12802 -2.77392e+02
 43 -0.19139 -3.35072e+02 | 44  0.18694  1.58676e+02 | 45 -0.05453  3.17400e+01
 46  0.08507  2.04573e+02 | 47 -0.37762 -2.01316e+02 | 48  0.10957  2.47179e+02
 49  0.05565  2.98526e+02 | 50 -0.04674 -1.65340e+02 | 51  0.18768  9.16047e+02
 52 -0.20214 -1.93910e+02 | 53  0.01745 -5.26652e+01 | 54  0.00380  1.62743e+02
 55 -0.02039  1.90334e+02 | 56 -0.00246  2.21862e+02 | 57  0.09610  5.58610e+02
 58 -0.04642 -6.67119e+01 | 59  0.11918  1.40314e+02 | 60  0.04751  9.57585e-01
 61  0.07072 -1.49624e+02 | 62  0.07785 -1.81858e+02 | 63  0.08222  7.33590e+01
 64  0.00844 -8.52865e+01 | 65  1.53132  3.94410e+02 | 66 -0.29844 -3.43328e-01
 67  0.39969  6.36392e+02 | 68 -0.88196 -1.67401e-02 | 69  0.48611 -2.52175e+00
 70 -0.38285 -1.42063e+03 | 71  0.45560  8.46219e-03 | 72  0.34567  2.54286e+02
 73  0.89797  3.34380e-02 |
73 variables; iteration 40; function evaluation 52; phase 3
Function value 1.8311545e+03; maximum gradient component mag -3.9977e+03
Var    Value     Gradient |Var    Value     Gradient |Var    Value     Gradient
  1  0.34249 -2.72184e+01 |  2  0.28337  6.68440e+02 |  3 -0.41591 -3.99772e+03
  4 -0.24811  5.89162e+02 |  5 -1.58425 -3.27895e+03 |  6 -0.25049  2.74680e+03
  7 -0.11503 -2.80224e+03 |  8 -0.16147 -2.15625e+01 |  9  0.09188  1.26352e+01
 10  0.02803  3.90408e+00 | 11  0.20998  2.72021e+01 | 12 -0.26469 -3.28010e+01
 13 -0.10522 -1.44073e+01 | 14 -0.21436 -2.76831e+01 | 15 -0.31040 -3.67430e+01
 16  0.03249  4.51994e+00 | 17  0.05547  7.68932e+00 | 18 -0.05509 -7.64762e+00
 19  0.02420  3.36197e+00 | 20 -0.19316 -2.53135e+01 | 21  0.26934  3.33259e+01
 22 -0.17307 -2.29455e+01 | 23  0.23512  3.10268e+01 | 24  0.17555  2.50601e+01
 25 -0.03696 -4.30643e+00 | 26  0.52470  1.03832e+02 | 27  0.05582  1.23371e+01
 28 -0.02427 -1.97025e+02 | 29 -0.04978 -1.92067e+02 | 30  0.13955  1.34142e+02
 31  0.11545  2.90777e+02 | 32 -0.10867 -1.41471e+02 | 33  0.05777 -1.66480e+02
 34 -0.04633 -3.91631e+01 | 35  0.19352  1.71612e+03 | 36  0.11992  5.30177e+02
 37 -0.28633 -4.29834e+02 | 38 -0.18255 -2.82478e+02 | 39 -0.20222 -3.55210e+02
 40  0.04420 -2.88886e+02 | 41  0.00131 -3.27832e+02 | 42  0.13432 -4.21506e+01
 43 -0.17683 -4.19280e+02 | 44  0.18077  4.09168e+02 | 45 -0.03680  3.13551e+01
 46  0.07842  2.66176e+02 | 47 -0.46747 -2.54529e+02 | 48  0.12398  5.17949e+02
 49  0.03753  2.15241e+02 | 50 -0.02550 -2.13760e+02 | 51  0.17573  7.63434e+02
 52 -0.18651 -2.98750e+02 | 53  0.00453 -2.21074e+02 | 54 -0.02042 -9.52351e+01
 55 -0.03943 -4.45046e+01 | 56 -0.02082 -1.79682e+01 | 57  0.11013  7.60004e+02
 58 -0.05681 -1.37509e+02 | 59  0.13708  3.79425e+02 | 60  0.02011 -1.01352e+02
 61  0.07980 -2.05818e+02 | 62  0.07332 -2.98759e+02 | 63  0.06227 -9.01450e+01
 64  0.02135 -1.90112e+02 | 65  1.53732  1.49442e+02 | 66 -0.24751 -2.70797e-01
 67  0.39832 -2.97334e+02 | 68 -0.88130 -1.66450e-02 | 69  1.80133  1.27229e+02
 70 -0.31277 -1.18302e+03 | 71  0.45561  7.88893e-03 | 72  0.46994  1.37960e+02
 73  0.89720  3.63665e-02 |
73 variables; iteration 60; function evaluation 82; phase 3
Function value 1.0188165e+03; maximum gradient component mag -2.7130e+03
Var    Value     Gradient |Var    Value     Gradient |Var    Value     Gradient
  1  0.18295 -2.60970e+02 |  2  0.16438  5.16458e+02 |  3 -0.44509 -2.71298e+03
  4  0.14110  9.05701e+02 |  5 -1.25092 -1.27584e+03 |  6 -0.22178  2.32179e+03
  7 -0.07894  6.93767e+02 |  8  0.06806  9.41908e+00 |  9 -0.05408 -7.50479e+00
 10 -0.12473 -1.69519e+01 | 11 -0.05365 -7.44546e+00 | 12  0.06013  8.33696e+00
 13  0.05885  8.16199e+00 | 14  0.05048  7.01479e+00 | 15  0.18042  2.38619e+01
 16 -0.02234 -3.10009e+00 | 17 -0.03658 -5.06705e+00 | 18  0.02965  4.20785e+00
 19 -0.02246 -3.02185e+00 | 20 -0.02734 -3.59693e+00 | 21 -0.02665 -3.27572e+00
 22 -0.23789 -3.00061e+01 | 23  0.14847  2.62951e+01 | 24 -0.10937 -1.36109e+01
 25  0.09059  2.10371e+01 | 26  0.19550  5.54030e+01 | 27  0.01126  1.15213e+01
 28  0.10471 -2.15605e+01 | 29 -0.00633 -9.37957e+01 | 30  0.11963  8.95966e+01
 31  0.04236  1.11160e+02 | 32 -0.07268  7.97725e+00 | 33  0.08191  3.78574e+01
 34 -0.06208 -7.74542e+01 | 35  0.13043  4.58238e+02 | 36  0.06591  4.52212e-01
 37 -0.31733 -3.32180e+02 | 38 -0.09324 -3.57517e+01 | 39 -0.15510 -2.22218e+02
 40  0.03089 -2.04526e+01 | 41  0.02946  6.53257e+01 | 42  0.09624  3.23764e+02
 43 -0.00256 -2.27178e+02 | 44  0.13935  6.88869e+02 | 45 -0.12548 -3.35259e+01
 46  0.03605  5.42283e+02 | 47  0.03006  3.01461e+02 | 48  0.07510  5.76126e+02
 49 -0.02328 -2.66709e+01 | 50 -0.05980 -3.41308e+02 | 51  0.15085  7.26318e+02
 52 -0.28634 -2.38310e+02 | 53  0.00655 -2.42807e+01 | 54 -0.00537  1.62277e+02
 55 -0.07182 -3.81559e+01 | 56 -0.02300 -4.66621e+01 | 57  0.05700 -6.38638e+01
 58 -0.04965 -2.02142e+02 | 59  0.08963 -4.38404e+02 | 60 -0.00269 -2.44573e+02
 61  0.06616 -2.53596e+02 | 62  0.08976 -1.54117e+02 | 63  0.03754 -1.75586e+01
 64 -0.12022 -1.45349e+02 | 65  1.58525 -3.09803e+02 | 66  1.62193 -2.12115e-03
 67  0.38656 -1.34762e+03 | 68 -0.84836 -1.29343e-02 | 69  1.92785 -3.57513e-04
 70 -0.39034 -1.00287e+03 | 71  0.45708  5.19854e-03 | 72  0.19532  4.76322e+02
 73  0.85897  2.21522e-02 |
Maximum number of function evaluations exceeded

 - final statistics:
73 variables; iteration 72; function evaluation 100
Function value 5.1287e+02; maximum gradient component mag 7.8385e+02
Exit code = 3;  converg criter 1.0000e+00
Var    Value     Gradient |Var    Value     Gradient |Var    Value     Gradient
  1 -0.22381 -8.31268e+01 |  2  0.21473 -3.08332e+01 |  3 -0.28528 -1.54579e+02
  4 -0.14513  7.83850e+02 |  5 -1.30056 -7.16037e+02 |  6 -0.33056  2.15123e+02
  7 -0.07973  3.69295e+02 |  8  0.04212  5.85641e+00 |  9 -0.04819 -6.69365e+00
 10  0.09496  1.30477e+01 | 11 -0.01334 -1.85746e+00 | 12 -0.01294 -1.80112e+00
 13  0.05066  7.04407e+00 | 14  0.01322  1.85687e+00 | 15 -0.13215 -1.78946e+01
 16 -0.01458 -1.99143e+00 | 17 -0.02299 -3.12955e+00 | 18  0.03471  5.05313e+00
 19  0.00338  8.03425e-01 | 20  0.07479  1.14212e+01 | 21 -0.10053 -1.32820e+01
 22  0.02404  5.76751e+00 | 23  0.11083  2.30421e+01 | 24  0.17517  4.08429e+01
 25  0.06427  1.51517e+01 | 26 -0.10538 -1.28761e+01 | 27  0.20751  5.47151e+01
 28 -0.14236  2.74811e+01 | 29  0.17490  1.95019e+02 | 30  0.08205  9.82724e+01
 31  0.02270  9.22672e+01 | 32 -0.11055  3.30435e+01 | 33  0.14320  1.74249e+02
 34 -0.06820  2.11424e+01 | 35  0.13938  6.80780e+01 | 36  0.07373 -4.59410e+01
 37 -0.28018 -1.24676e+02 | 38 -0.26703 -5.82103e+01 | 39 -0.06439 -2.92304e+01
 40  0.07436  9.60917e+01 | 41  0.06986  1.51385e+02 | 42  0.10600  1.63136e+02
 43  0.07117 -1.60433e+02 | 44  0.12208  2.87458e+02 | 45 -0.04459  1.26016e+02
 46  0.00163  1.49054e+02 | 47  0.04879 -6.00458e+01 | 48  0.04499  9.29433e+01
 49  0.03959  5.31847e+01 | 50 -0.01512 -2.17265e+02 | 51  0.15609  3.33811e+02
 52 -0.74061 -3.73068e+01 | 53  0.03826 -3.65994e+01 | 54 -0.04430 -2.58076e+01
 55 -0.03632  1.84850e+01 | 56  0.01378 -2.54670e+01 | 57  0.08750  7.55934e+01
 58 -0.01050  3.96889e+01 | 59  0.15385  1.36040e+02 | 60  0.04108  1.52589e+02
 61  0.11215  9.97640e+01 | 62  0.12198  3.12416e+01 | 63 -0.04624  4.35883e+01
 64 -0.17679  1.94456e+01 | 65  1.72550  1.94181e+02 | 66  1.74695 -1.31886e-03
 67  0.35198 -2.62359e+02 | 68 -0.76369 -8.07017e-03 | 69  2.27816  1.46731e-03
 70  0.01732 -2.10343e+01 | 71  0.45511  2.72710e-03 | 72  0.75292  4.08420e+00
 73  0.75652  7.80901e-03 |

Initial statistics: 73 variables; iteration 0; function evaluation 0; phase 4
Function value 5.1137148e+02; maximum gradient component mag 7.8385e+02
Var    Value     Gradient |Var    Value     Gradient |Var    Value     Gradient
  1 -0.22381 -8.31268e+01 |  2  0.21473 -3.08332e+01 |  3 -0.28528 -1.54579e+02
  4 -0.14513  7.83850e+02 |  5 -0.69944  7.16037e+02 |  6 -0.33056  2.15123e+02
  7 -0.07973  3.69295e+02 |  8  0.04212  5.85641e+00 |  9 -0.04819 -6.69365e+00
 10  0.09496  1.30477e+01 | 11 -0.01334 -1.85746e+00 | 12 -0.01294 -1.80112e+00
 13  0.05066  7.04407e+00 | 14  0.01322  1.85687e+00 | 15 -0.13215 -1.78946e+01
 16 -0.01458 -1.99143e+00 | 17 -0.02299 -3.12955e+00 | 18  0.03471  5.05313e+00
 19  0.00338  8.03425e-01 | 20  0.07479  1.14212e+01 | 21 -0.10053 -1.32820e+01
 22  0.02404  5.76751e+00 | 23  0.11083  2.30421e+01 | 24  0.17517  4.08429e+01
 25  0.06427  1.51517e+01 | 26 -0.10538 -1.28761e+01 | 27  0.20751  5.47151e+01
 28 -0.14396 -2.32392e+01 | 29  0.17328  1.45045e+02 | 30  0.08047  4.66896e+01
 31  0.02114  4.02746e+01 | 32 -0.11214 -1.81950e+01 | 33  0.14160  1.23601e+02
 34 -0.06977 -3.05802e+01 | 35  0.13779  1.73006e+01 | 36  0.07216 -9.76492e+01
 37 -0.28191 -1.71527e+02 | 38 -0.26874 -1.05602e+02 | 39 -0.06596 -8.09731e+01
 40  0.07279  4.44298e+01 | 41  0.06830  9.96956e+01 | 42  0.10442  1.11873e+02
 43  0.06960 -2.12195e+02 | 44  0.12049  2.36496e+02 | 45 -0.04615  7.41013e+01
 46  0.00007  9.70251e+01 | 47  0.04723 -1.11943e+02 | 48  0.04343  4.10511e+01
 49  0.03803  1.25640e+00 | 50 -0.01668 -2.69263e+02 | 51  0.15448  2.83516e+02
 52 -0.74458 -5.70867e+01 | 53  0.03670 -8.85473e+01 | 54 -0.04587 -7.76972e+01
 55 -0.03788 -3.34547e+01 | 56  0.01222 -7.74878e+01 | 57  0.08593  2.40631e+01
 58 -0.01206 -1.23326e+01 | 59  0.15224  8.55757e+01 | 60  0.03952  1.00684e+02
 61  0.11056  4.85615e+01 | 62  0.12039 -1.98448e+01 | 63 -0.04781 -8.30211e+00
 64 -0.17842 -3.05678e+01 | 65  0.27450 -1.94181e+02 | 66  0.25305  1.31886e-03
 67  0.35198 -2.62359e+02 | 68 -0.76369 -8.07017e-03 | 69 -0.27816 -1.46731e-03
 70  0.01732 -2.10343e+01 | 71  0.45511  2.72710e-03 | 72  0.75292  4.08420e+00
 73  0.75652  7.80901e-03 |

Intermediate statistics: 73 variables; iteration 20; function evaluation 27; phase 4
Function value 2.9966100e+02; maximum gradient component mag -6.3402e+02
Var    Value     Gradient |Var    Value     Gradient |Var    Value     Gradient
  1 -0.12698 -1.20838e+02 |  2  0.23985 -5.12996e+00 |  3 -0.10550 -6.62114e+01
  4 -0.39676 -1.25190e+01 |  5 -0.57812  4.41801e+01 |  6 -0.22296  4.09481e+02
  7 -0.09791 -6.34020e+02 |  8 -0.00245 -3.40707e-01 |  9  0.00277  3.86864e-01
 10 -0.00497 -6.92120e-01 | 11  0.00078  1.10228e-01 | 12  0.00075  1.06996e-01
 13 -0.00296 -4.07660e-01 | 14 -0.00088 -1.11114e-01 | 15  0.00591  8.49304e-01
 16  0.00052  1.20675e-01 | 17  0.00070  1.93814e-01 | 18 -0.00376 -3.47146e-01
 19 -0.00290 -7.62130e-02 | 20 -0.01131 -1.03991e+00 | 21  0.00049  1.01346e+00
 22 -0.01568 -1.04961e+00 | 23 -0.03474 -3.95584e+00 | 24 -0.03258 -4.62755e+00
 25  0.01057  1.50149e-01 | 26  0.01660  3.95275e+00 | 27  0.21883  4.43348e+01
 28  0.06355  1.04499e+02 | 29  0.12850  1.59170e+02 | 30  0.04413  1.24126e+02
 31 -0.01321  1.57100e+02 | 32 -0.10332  1.24738e+02 | 33  0.13521  5.10176e+02
 34 -0.07760  1.46603e+02 | 35  0.12309  4.55804e+02 | 36  0.03099  3.47805e+02
 37 -0.06346  2.07696e+02 | 38 -0.21211  8.53810e+01 | 39 -0.09848  6.14351e+01
 40  0.05704  1.24272e+02 | 41  0.02480  8.70768e+01 | 42  0.06633  1.59182e+02
 43  0.12022 -2.67006e+01 | 44  0.02881  7.64682e+01 | 45 -0.04165  1.04594e+02
 46 -0.05857  5.58672e+01 | 47  0.03494 -4.75149e+01 | 48  0.06438  1.91066e+02
 49 -0.25319 -9.90715e+00 | 50  0.10634  2.00791e+02 | 51  0.07705  2.38171e+02
 52 -0.08461  6.28073e+01 | 53  0.00597  1.72728e+02 | 54 -0.03502  1.01234e+02
 55 -0.07089  5.05974e+01 | 56  0.01047 -3.06648e+01 | 57  0.04405 -1.41928e+02
 58 -0.05818 -5.59844e+01 | 59  0.14480 -1.22411e+02 | 60 -0.14376  1.21484e+01
 61  0.12597  6.59318e+01 | 62  0.08004 -1.55110e+01 | 63 -0.07241  5.88607e+01
 64 -0.01978  7.27734e+01 | 65  0.39308 -2.05174e+02 | 66  0.25304 -8.00160e-04
 67  0.37862  2.53762e+02 | 68 -0.76361 -8.06716e-03 | 69 -0.27814 -2.11807e-03
 70  0.15368 -8.92353e+01 | 71  0.45508  2.72686e-03 | 72  0.66752  2.08008e+01
 73  0.75644  7.80625e-03 |
73 variables; iteration 40; function evaluation 51; phase 4
Function value 2.6753588e+02; maximum gradient component mag 3.7175e+02
Var    Value     Gradient |Var    Value     Gradient |Var    Value     Gradient
  1  0.33590 -6.45992e+01 |  2  0.24706  2.63881e+01 |  3 -0.10471  8.80254e+01
  4 -0.36687  2.57215e+02 |  5 -0.60524  2.13132e+02 |  6 -0.04252  2.85719e+02
  7 -0.10176 -9.29436e+01 |  8  0.00911  1.27086e+00 |  9 -0.01043 -1.45378e+00
 10  0.02117  2.95063e+00 | 11 -0.00280 -3.90565e-01 | 12 -0.00266 -3.70625e-01
 13  0.01106  1.54502e+00 | 14  0.00313  4.41225e-01 | 15 -0.02805 -3.89616e+00
 16 -0.00160 -1.96525e-01 | 17 -0.00184 -1.97838e-01 | 18  0.00896  1.38491e+00
 19  0.00617  1.12674e+00 | 20  0.01070  2.01661e+00 | 21  0.01980  3.74146e+00
 22 -0.01010 -2.71758e-01 | 23 -0.04285 -5.17925e+00 | 24 -0.04137 -6.09804e+00
 25 -0.03493 -5.72867e+00 | 26  0.12268  2.35871e+01 | 27  0.17180  3.75645e+01
 28  0.09238  1.14717e+02 | 29  0.13833  1.90669e+02 | 30  0.05124  1.24960e+02
 31 -0.03641  1.02307e+02 | 32 -0.11722  8.02842e+01 | 33  0.12382  3.71755e+02
 34 -0.08186  9.91562e+01 | 35  0.11347  2.90422e+02 | 36  0.02460  2.37801e+02
 37 -0.08951  9.75598e+01 | 38 -0.20938  5.65447e+01 | 39 -0.09277  3.69523e+01
 40  0.04352  3.03537e+01 | 41  0.01871  2.09371e+01 | 42  0.04263  5.35126e+01
 43  0.12051 -1.20379e+02 | 44 -0.00986 -1.33106e+01 | 45 -0.03787  7.51551e+01
 46 -0.07166  4.22633e+01 | 47  0.03877 -2.61512e+01 | 48  0.03885  1.24566e+02
 49 -0.17595 -2.12898e+01 | 50  0.09741  1.58002e+02 | 51  0.05605  1.13031e+02
 52 -0.08168  2.89657e+01 | 53 -0.01614  1.02779e+02 | 54 -0.03050  1.13818e+02
 55 -0.09198  1.91337e+01 | 56  0.00184 -7.69672e+00 | 57  0.04276 -4.54079e+01
 58 -0.05875 -4.14162e+01 | 59  0.13016 -1.00286e+02 | 60 -0.13085 -4.50980e+00
 61  0.11501  7.35154e+01 | 62  0.06320 -1.73003e+01 | 63 -0.07867  4.20616e+01
 64  0.13057  8.66967e+01 | 65  0.42829 -1.63780e+02 | 66  0.25316 -2.41147e-03
 67  0.38461  3.63619e+02 | 68 -0.76008 -7.93692e-03 | 69 -0.27732 -2.21406e-03
 70  0.44778 -5.91126e+01 | 71  0.45389  2.71656e-03 | 72  0.52845  8.35407e+01
 73  0.75303  7.68708e-03 |
73 variables; iteration 60; function evaluation 81; phase 4
Function value 2.2633429e+02; maximum gradient component mag -1.0823e+02
Var    Value     Gradient |Var    Value     Gradient |Var    Value     Gradient
  1  0.55889  1.52563e+01 |  2  0.24410 -4.20084e+01 |  3 -0.06205 -8.66083e+00
  4 -0.41186  8.65012e+01 |  5 -0.58566  9.91456e+01 |  6  0.01179 -1.08229e+02
  7 -0.09516  9.38377e+01 |  8  0.00637  8.87944e-01 |  9 -0.00712 -9.93130e-01
 10  0.00918  1.28010e+00 | 11 -0.00227 -3.15947e-01 | 12 -0.00228 -3.18144e-01
 13  0.00735  1.02615e+00 | 14  0.00182  2.56580e-01 | 15 -0.01000 -1.38781e+00
 16 -0.00479 -6.52326e-01 | 17 -0.00875 -1.18320e+00 | 18  0.00699  1.06943e+00
 19 -0.00233 -1.38142e-01 | 20  0.01888  3.06884e+00 | 21 -0.01767 -1.87478e+00
 22 -0.00956 -4.23544e-01 | 23  0.00299  1.12844e+00 | 24 -0.02435 -4.44862e+00
 25  0.00893 -2.77882e+00 | 26  0.01604 -8.48917e-01 | 27  0.03773  3.55915e+00
 28  0.16121  3.34006e+01 | 29  0.08484  2.97303e+01 | 30  0.07128  2.96250e+01
 31 -0.06731  4.11472e+00 | 32 -0.11423  2.61488e+00 | 33  0.10689 -1.47619e+01
 34 -0.05918  2.39963e+01 | 35  0.11149 -2.99699e+00 | 36 -0.00634 -1.84027e+01
 37 -0.09524 -4.92942e+00 | 38 -0.20169  1.05220e+01 | 39 -0.08032  2.68499e+00
 40  0.04141 -3.11773e+01 | 41  0.02540 -3.08829e+01 | 42 -0.00118 -4.91287e+01
 43  0.13712 -3.13348e+01 | 44 -0.01845 -2.81400e+01 | 45 -0.06151  5.21233e-01
 46 -0.08387 -4.97866e+00 | 47  0.06039  7.97465e+00 | 48 -0.01082  3.07557e+01
 49 -0.04784  2.31426e+01 | 50  0.08028  2.57859e+01 | 51  0.04306 -3.46297e+01
 52 -0.06924 -2.04567e+01 | 53 -0.03065 -1.88647e+01 | 54 -0.05069 -2.01029e+01
 55 -0.08480 -2.33158e+01 | 56  0.00679 -2.38830e+01 | 57  0.03476 -4.22168e+01
 58 -0.03686 -1.70999e+01 | 59  0.12280 -4.12372e+01 | 60 -0.05462 -5.21864e+00
 61  0.08448 -1.60210e+01 | 62  0.08530 -1.12711e+01 | 63 -0.06279  5.15875e+00
 64 -0.02744  5.93251e+00 | 65  0.51875 -2.00261e+01 | 66  0.30367  7.95252e-04
 67  0.39570  1.50190e+01 | 68 -0.72445 -6.79869e-03 | 69 -0.26663 -3.54389e-03
 70  0.42642  3.14465e+01 | 71  0.44130  2.60984e-03 | 72  0.43944  3.69619e+00
 73  0.71845  6.63378e-03 |
Maximum number of function evaluations exceeded

 - final statistics:
73 variables; iteration 73; function evaluation 100
Function value 2.1962e+02; maximum gradient component mag 1.5024e+02
Exit code = 3;  converg criter 1.0000e+00
Var    Value     Gradient |Var    Value     Gradient |Var    Value     Gradient
  1  0.83616 -4.77667e+00 |  2  0.27362  5.71902e+00 |  3  0.02335  3.52291e+00
  4 -0.46362  1.28222e+01 |  5 -0.57251  2.60203e+01 |  6  0.03860  1.50244e+02
  7 -0.09172 -5.74108e+01 |  8 -0.00386 -5.38069e-01 |  9  0.00543  7.57692e-01
 10 -0.01787 -2.49098e+00 | 11 -0.00102 -1.41765e-01 | 12 -0.00182 -2.52858e-01
 13 -0.00560 -7.78908e-01 | 14 -0.00265 -3.66514e-01 | 15  0.00184  2.64854e-01
 16 -0.02473 -3.42839e+00 | 17 -0.00644 -8.51699e-01 | 18 -0.02599 -3.53377e+00
 19  0.02628  3.93755e+00 | 20 -0.04036 -5.28582e+00 | 21 -0.01116 -8.13248e-01
 22 -0.01623 -1.19213e+00 | 23  0.02082  4.18617e+00 | 24  0.00550  1.67789e-01
 25  0.02746  1.43567e-01 | 26  0.02883  5.38618e-02 | 27 -0.04569 -8.40232e+00
 28  0.17814 -1.46901e+01 | 29  0.06154 -1.50263e+01 | 30  0.06831 -1.02817e+01
 31 -0.07457 -1.28514e+01 | 32 -0.11252 -1.09826e+01 | 33  0.11751  2.53995e+01
 34 -0.09116 -1.17538e+01 | 35  0.11759  5.12237e+01 | 36 -0.00277  2.66387e+01
 37 -0.09203  4.87053e+00 | 38 -0.21931 -1.13739e+01 | 39 -0.07861 -1.04307e+01
 40  0.04751  1.54041e+01 | 41  0.02522  2.62576e+01 | 42  0.02716  3.56461e+01
 43  0.13165  7.40368e+01 | 44 -0.00274  2.37490e+01 | 45 -0.07344 -2.42197e+00
 46 -0.07346  2.53724e-01 | 47  0.06811 -3.31188e+00 | 48 -0.03459 -4.30577e+01
 49 -0.03640 -1.41201e+01 | 50  0.07703 -3.74265e+01 | 51  0.04877  2.56847e+00
 52 -0.05642  6.24741e+00 | 53 -0.03277 -9.32394e+00 | 54 -0.04598  1.40776e+00
 55 -0.07486  1.52517e+00 | 56  0.00780 -1.64075e+01 | 57  0.03802 -4.26274e-02
 58 -0.03061 -8.95688e+00 | 59  0.12418 -2.11298e+01 | 60 -0.04874 -7.28883e+00
 61  0.08351 -1.36384e+01 | 62  0.09143  2.28781e+00 | 63 -0.07325 -1.29956e+01
 64 -0.05959 -1.30026e+01 | 65  0.57734  1.96785e+01 | 66  0.46381  2.27406e-03
 67  0.40111 -3.39525e+01 | 68 -0.62760 -4.74349e-03 | 69 -0.15718 -7.44638e-02
 70  0.29509 -6.08321e+01 | 71  0.40320  2.30676e-03 | 72  0.33379  1.28618e+02
 73  0.62385  4.68338e-03 |

Initial statistics: 73 variables; iteration 0; function evaluation 0; phase 5
Function value 2.1962484e+02; maximum gradient component mag 1.5024e+02
Var    Value     Gradient |Var    Value     Gradient |Var    Value     Gradient
  1  0.83616 -4.77667e+00 |  2  0.27362  5.71902e+00 |  3  0.02335  3.52291e+00
  4 -0.46362  1.28222e+01 |  5 -0.57251  2.60203e+01 |  6  0.03860  1.50244e+02
  7 -0.09172 -5.74108e+01 |  8 -0.00386 -5.38069e-01 |  9  0.00543  7.57692e-01
 10 -0.01787 -2.49098e+00 | 11 -0.00102 -1.41765e-01 | 12 -0.00182 -2.52858e-01
 13 -0.00560 -7.78908e-01 | 14 -0.00265 -3.66514e-01 | 15  0.00184  2.64854e-01
 16 -0.02473 -3.42839e+00 | 17 -0.00644 -8.51699e-01 | 18 -0.02599 -3.53377e+00
 19  0.02628  3.93755e+00 | 20 -0.04036 -5.28582e+00 | 21 -0.01116 -8.13248e-01
 22 -0.01623 -1.19213e+00 | 23  0.02082  4.18617e+00 | 24  0.00550  1.67789e-01
 25  0.02746  1.43567e-01 | 26  0.02883  5.38618e-02 | 27 -0.04569 -8.40232e+00
 28  0.17814 -1.46160e+01 | 29  0.06154 -1.49496e+01 | 30  0.06831 -1.02050e+01
 31 -0.07457 -1.27748e+01 | 32 -0.11252 -1.09067e+01 | 33  0.11751  2.54753e+01
 34 -0.09116 -1.16775e+01 | 35  0.11759  5.12995e+01 | 36 -0.00277  2.67159e+01
 37 -0.09203  4.94685e+00 | 38 -0.21930 -1.13013e+01 | 39 -0.07861 -1.03542e+01
 40  0.04751  1.54810e+01 | 41  0.02522  2.63347e+01 | 42  0.02716  3.57231e+01
 43  0.13165  7.41122e+01 | 44 -0.00274  2.38261e+01 | 45 -0.07344 -2.34536e+00
 46 -0.07346  3.30334e-01 | 47  0.06811 -3.23520e+00 | 48 -0.03459 -4.29807e+01
 49 -0.03640 -1.40431e+01 | 50  0.07703 -3.73499e+01 | 51  0.04877  2.64537e+00
 52 -0.05642  6.32424e+00 | 53 -0.03277 -9.24692e+00 | 54 -0.04598  1.48468e+00
 55 -0.07486  1.60176e+00 | 56  0.00780 -1.63304e+01 | 57  0.03802  3.43574e-02
 58 -0.03061 -8.87984e+00 | 59  0.12418 -2.10541e+01 | 60 -0.04874 -7.21193e+00
 61  0.08352 -1.35620e+01 | 62  0.09143  2.36413e+00 | 63 -0.07325 -1.29190e+01
 64 -0.05959 -1.29258e+01 | 65  0.57734  1.96785e+01 | 66  0.46381  2.27406e-03
 67  0.40111 -3.39525e+01 | 68 -0.62760 -4.74349e-03 | 69 -0.15718 -7.44638e-02
 70  0.29509 -6.08321e+01 | 71  0.40320  2.30676e-03 | 72  0.33379  1.28618e+02
 73  0.62385  4.68338e-03 |

Intermediate statistics: 73 variables; iteration 20; function evaluation 24; phase 5
Function value 2.1682890e+02; maximum gradient component mag 3.6753e+02
Var    Value     Gradient |Var    Value     Gradient |Var    Value     Gradient
  1  0.82271 -1.78743e+01 |  2  0.29020  5.89865e+01 |  3  0.00715  5.53606e+01
  4 -0.44152  1.65507e+02 |  5 -0.58886  1.73070e+02 |  6  0.02987  3.67527e+02
  7 -0.09104  2.86178e+01 |  8 -0.00048 -6.74292e-02 |  9  0.00068  9.49944e-02
 10 -0.00224 -3.12792e-01 | 11 -0.00013 -1.76912e-02 | 12 -0.00023 -3.15242e-02
 13 -0.00071 -9.72616e-02 | 14 -0.00036 -4.51767e-02 | 15  0.00017  3.46093e-02
 16 -0.00323 -4.26423e-01 | 17 -0.00112 -9.94843e-02 | 18 -0.00389 -4.22438e-01
 19  0.00162  4.89806e-01 | 20 -0.00753 -5.62901e-01 | 21 -0.00640  1.68623e-03
 22 -0.00940  3.79730e-02 | 23 -0.00569  6.24328e-01 | 24  0.00298  3.84633e-01
 25  0.02396  6.32917e-01 | 26  0.02445  9.95586e-01 | 27  0.00655 -7.60884e-01
 28  0.16274 -9.64784e+00 | 29  0.07611 -1.58215e+01 | 30  0.06004 -1.24474e+01
 31 -0.06995 -1.82538e+01 | 32 -0.10944 -1.52980e+01 | 33  0.11514  5.16083e+01
 34 -0.08000 -8.80277e+00 | 35  0.11351  4.25618e+01 | 36 -0.00807  2.02364e+00
 37 -0.09332 -1.03146e+01 | 38 -0.21119 -1.81779e+01 | 39 -0.07651 -1.28098e+01
 40  0.04503  3.60424e+00 | 41  0.02512  6.73843e+00 | 42  0.02329  5.48692e+00
 43  0.12989  4.01459e+01 | 44 -0.01145 -4.34460e+00 | 45 -0.06716 -1.07771e+01
 46 -0.07599 -1.31378e+01 | 47  0.06209 -2.42985e+00 | 48 -0.02000 -1.85892e+01
 49 -0.04815 -2.28554e+01 | 50  0.07955 -1.08430e+00 | 51  0.04678  1.28909e+01
 52 -0.06236 -8.10284e+00 | 53 -0.02943  4.13672e+00 | 54 -0.04736  5.22808e+00
 55 -0.07776 -2.40831e+00 | 56  0.00917  2.82283e+00 | 57  0.03418  3.98373e+00
 58 -0.03037 -6.34234e+00 | 59  0.12452  3.07108e+01 | 60 -0.05396 -1.18434e+01
 61  0.08657  1.32995e+01 | 62  0.08711  3.13842e+00 | 63 -0.06324 -2.14753e+01
 64 -0.04666 -2.51047e+01 | 65  0.55220  2.59697e+01 | 66  0.46379  2.35196e-03
 67  0.39720 -1.67617e+02 | 68 -0.62756 -4.74279e-03 | 69 -0.15650 -6.08766e-02
 70  0.21206 -1.63957e+02 | 71  0.40318  2.30660e-03 | 72  0.29260  2.44741e+02
 73  0.62381  4.68270e-03 |
73 variables; iteration 40; function evaluation 46; phase 5
Function value 2.1604154e+02; maximum gradient component mag 2.9920e+02
Var    Value     Gradient |Var    Value     Gradient |Var    Value     Gradient
  1  0.77309 -1.55237e+01 |  2  0.28447  3.91958e+01 |  3  0.00889  4.41184e+01
  4 -0.43650  1.17604e+02 |  5 -0.59250  1.14382e+02 |  6  0.01226  2.99201e+02
  7 -0.08970  6.82495e+00 |  8  0.00037  5.14334e-02 |  9 -0.00052 -7.23778e-02
 10  0.00170  2.37755e-01 | 11  0.00009  1.36369e-02 | 12  0.00017  2.43512e-02
 13  0.00052  7.48272e-02 | 14  0.00022  3.58131e-02 | 15 -0.00026 -2.38682e-02
 16  0.00217  3.31334e-01 | 17  0.00018  8.82000e-02 | 18  0.00157  3.56802e-01
 19 -0.00464 -3.73958e-01 | 20  0.00023  5.92368e-01 | 21 -0.00569  1.82426e-01
 22 -0.00840  3.20751e-01 | 23 -0.01155 -5.16869e-02 | 24  0.00217  5.67035e-01
 25  0.02278  8.68761e-01 | 26  0.02162  1.14222e+00 | 27  0.01743  1.01154e+00
 28  0.15733 -1.62772e+00 | 29  0.07930 -5.51252e+00 | 30  0.06585  4.60751e+00
 31 -0.06773 -1.02598e+01 | 32 -0.11846 -2.17826e+01 | 33  0.11386  1.89655e+01
 34 -0.08272 -1.25923e+01 | 35  0.11463  3.58431e+01 | 36 -0.00877  1.98708e+00
 37 -0.08655  3.08505e+00 | 38 -0.22395 -1.92363e+01 | 39 -0.07185  4.20721e+00
 40  0.04727  2.80213e+01 | 41  0.02321  4.92358e+00 | 42  0.02462  5.53889e+00
 43  0.12972  2.69733e+01 | 44 -0.00971 -2.76065e+00 | 45 -0.06595 -6.70602e+00
 46 -0.07529 -6.26661e+00 | 47  0.06226  1.96357e+01 | 48 -0.01499  7.90716e+00
 49 -0.04701 -3.09757e+00 | 50  0.08298  2.90901e+01 | 51  0.04439 -4.68799e+00
 52 -0.06214 -1.71782e+01 | 53 -0.03188 -1.65620e+01 | 54 -0.04800 -9.87978e+00
 55 -0.08003 -1.06475e+01 | 56  0.01158  1.40548e+01 | 57  0.03601  1.67558e+01
 58 -0.03188 -5.42368e+00 | 59  0.12541  2.82884e+01 | 60 -0.04918 -9.27285e+00
 61  0.08155 -1.36824e+01 | 62  0.08766 -5.11919e+00 | 63 -0.06316 -1.69431e+01
 64 -0.04865 -1.94933e+01 | 65  0.55240  1.42070e+00 | 66  0.45985  2.47364e-03
 67  0.39798 -7.29178e+00 | 68 -0.61975 -4.61869e-03 | 69 -0.06748 -1.24756e-01
 70  0.17400 -1.46765e+02 | 71  0.39938  2.27786e-03 | 72  0.28374  2.16475e+02
 73  0.61610  4.56225e-03 |
73 variables; iteration 60; function evaluation 76; phase 5
Function value 2.1344759e+02; maximum gradient component mag 4.9576e+02
Var    Value     Gradient |Var    Value     Gradient |Var    Value     Gradient
  1  0.57837 -5.19808e+01 |  2  0.29031  7.12223e+01 |  3  0.01710  1.08201e+02
  4 -0.43415  2.84366e+02 |  5 -0.59655  2.48072e+02 |  6 -0.03853  4.95757e+02
  7 -0.08544  6.76359e+01 |  8 -0.00234 -3.26687e-01 |  9  0.00333  4.64297e-01
 10 -0.01097 -1.52960e+00 | 11 -0.00057 -7.88516e-02 | 12 -0.00101 -1.38185e-01
 13 -0.00316 -4.36380e-01 | 14 -0.00118 -1.55371e-01 | 15  0.00170  2.57242e-01
 16 -0.01066 -1.44598e+00 | 17  0.00012  1.09043e-01 | 18  0.00034  2.40519e-01
 19  0.00258  7.57278e-01 | 20 -0.00994 -6.89190e-01 | 21 -0.01771 -1.29325e+00
 22 -0.02523 -1.78216e+00 | 23 -0.04269 -4.16638e+00 | 24 -0.00104  1.23522e+00
 25  0.03910  4.65092e+00 | 26 -0.00161 -8.40608e-01 | 27  0.00935  7.69198e-01
 28  0.14734 -7.48734e+00 | 29  0.08053 -1.49933e+01 | 30  0.06109 -8.92880e+00
 31 -0.06918 -1.76227e+01 | 32 -0.10891 -1.95006e+01 | 33  0.11118  4.06699e+01
 34 -0.07889 -1.41622e+01 | 35  0.11199  5.36273e+01 | 36 -0.00625  8.31423e+00
 37 -0.09447 -1.42042e+01 | 38 -0.20957 -2.18900e+01 | 39 -0.07564 -8.91871e+00
 40  0.04578  2.99875e+01 | 41  0.02553  1.41901e+01 | 42  0.02116  3.36711e+00
 43  0.13025  5.56164e+01 | 44 -0.00989 -2.98433e+00 | 45 -0.06798 -1.59159e+01
 46 -0.07283 -9.78273e+00 | 47  0.06109  2.03225e+01 | 48 -0.01772 -3.63142e+00
 49 -0.04410 -7.34709e+00 | 50  0.08059  2.42339e+01 | 51  0.04550  5.52899e+00
 52 -0.06124 -1.67558e+01 | 53 -0.03052 -7.69900e+00 | 54 -0.04878 -7.38628e+00
 55 -0.07806 -5.75079e+00 | 56  0.01045  1.44160e+01 | 57  0.03402  1.47125e+01
 58 -0.02982 -5.99989e+00 | 59  0.12392  3.26244e+01 | 60 -0.05112 -1.96403e+01
 61  0.08580 -6.92692e+00 | 62  0.08127 -2.02799e+01 | 63 -0.05592 -2.64895e+01
 64 -0.04725 -3.26829e+01 | 65  0.56752  3.78344e+01 | 66  0.42264  2.45784e-03
 67  0.39972 -1.74044e+02 | 68 -0.55324 -3.71645e-03 | 69  0.62936  4.73370e-03
 70  0.05703 -2.35161e+02 | 71  0.36631  2.03769e-03 | 72  0.23994  2.83371e+02
 73  0.55039  3.68287e-03 |
Maximum number of function evaluations exceeded

 - final statistics:
73 variables; iteration 76; function evaluation 100
Function value 1.9818e+02; maximum gradient component mag -4.4761e+02
Exit code = 3;  converg criter 1.0000e+00
Var    Value     Gradient |Var    Value     Gradient |Var    Value     Gradient
  1 -0.11543  6.66299e+01 |  2  0.32000  6.78756e+01 |  3  0.19705 -1.04228e+02
  4 -0.58455 -4.47611e+02 |  5 -0.50029 -4.40680e+02 |  6 -0.25315 -1.25320e+01
  7 -0.07812  7.16184e+01 |  8 -0.00366 -1.14435e+00 |  9  0.00510  1.65589e+00
 10 -0.12505  4.29691e+00 | 11  0.00123 -1.22811e-01 | 12  0.00324 -1.34387e-01
 13  0.01063 -4.52239e-01 | 14  0.02015  9.46462e-01 | 15  0.01876  1.32048e+00
 16  0.18400  1.47044e+01 | 17  0.00363 -1.29711e+00 | 18 -0.06446  8.45620e+00
 19 -0.22362 -1.41459e+01 | 20 -0.01724 -7.72125e+00 | 21  0.09204  8.50502e+00
 22 -0.01465 -1.76153e+00 | 23  0.08091  6.19187e+00 | 24  0.04875 -2.62748e-01
 25 -0.12549 -1.64251e+01 | 26 -0.00306 -8.84079e+00 | 27  0.06252 -8.04177e+00
 28  0.11303 -7.54852e+01 | 29  0.14210 -6.46406e+01 | 30  0.04907 -5.56297e+01
 31 -0.09532 -1.65540e+01 | 32 -0.11570 -1.41091e+01 | 33  0.11391 -1.32476e+01
 34 -0.07736  1.34727e+00 | 35  0.11933 -8.04728e+01 | 36 -0.02424 -3.93891e+01
 37 -0.07583  3.64456e+00 | 38 -0.23377  3.92075e+00 | 39 -0.06612  4.17634e+01
 40  0.04615  2.23809e+01 | 41  0.02300  3.26577e+01 | 42  0.03246  4.28535e+01
 43  0.14033 -3.86117e+01 | 44 -0.01070 -2.72601e+01 | 45 -0.04433  1.29659e+00
 46 -0.09311 -1.58929e+01 | 47  0.07349 -2.78308e+01 | 48 -0.01106 -5.51047e+00
 49 -0.06255  9.27170e-01 | 50  0.09081 -1.06700e+01 | 51  0.04974  2.18052e+00
 52 -0.05844  1.52062e+01 | 53 -0.02145  3.53489e+01 | 54 -0.03436  4.00708e+01
 55 -0.08440  1.72612e+01 | 56  0.02271  4.33776e+01 | 57  0.03858  2.31018e+01
 58 -0.02966  1.80485e+01 | 59  0.13209  5.84131e+01 | 60 -0.04898  1.35710e+01
 61  0.10098  9.59767e+00 | 62  0.08972  1.87466e+01 | 63 -0.10538 -8.91027e+00
 64 -0.08922 -9.23899e+00 | 65  0.63674  1.82335e+00 | 66 -0.29239  3.35055e-02
 67  0.40858 -7.53824e+01 | 68  0.06460 -9.16038e-04 | 69  4.10204  3.91976e-02
 70 -0.35462 -2.82399e+02 | 71  0.21750 -1.32376e+01 | 72 -0.00097  4.06107e+02
 73  0.26575 -1.41894e+01 |

Initial statistics: 75 variables; iteration 0; function evaluation 0; phase 6
Function value 1.9817436e+02; maximum gradient component mag -1.1277e+03
Var    Value     Gradient |Var    Value     Gradient |Var    Value     Gradient
  1 -0.11543  5.91824e+01 |  2  0.32000  1.98150e+02 |  3  0.19705 -2.94583e+02
  4 -0.58455 -1.12774e+03 |  5 -0.50029 -8.43221e+02 |  6 -0.25315  1.69918e+02
  7 -0.07812 -2.17385e+02 |  8 -0.00366 -5.07479e-01 |  9  0.00510  7.13360e-01
 10 -0.12505 -1.69907e+01 | 11  0.00123  1.78548e-01 | 12  0.00324  4.65640e-01
 13  0.01063  1.50878e+00 | 14  0.02015  2.85932e+00 | 15  0.01876  2.70703e+00
 16  0.18400  2.48284e+01 | 17  0.00363  7.72468e-01 | 18 -0.06446 -8.65481e+00
 19 -0.22362 -2.85494e+01 | 20 -0.01724 -1.25981e+00 | 21  0.09204  1.68434e+01
 22 -0.01465  4.72876e-01 | 23  0.08091  1.63192e+01 | 24  0.04875  7.54506e+00
 25 -0.12549 -1.83017e+01 | 26 -0.00306 -4.94534e+00 | 27  0.06252  1.51163e+00
 28  0.11310 -2.18806e+01 | 29  0.14217  1.55106e+01 | 30  0.04914 -5.71218e+00
 31 -0.09525 -2.12495e+01 | 32 -0.11563 -6.90572e+00 | 33  0.11398  5.97065e+01
 34 -0.07728  1.57042e+01 | 35  0.11941 -4.47318e+01 | 36 -0.02417 -4.92277e+01
 37 -0.07576 -8.62247e-01 | 38 -0.23369 -8.18537e+00 | 39 -0.06605  4.85918e+01
 40  0.04622  1.68681e+01 | 41  0.02307  7.78652e+00 | 42  0.03253  1.52642e+01
 43  0.14040 -9.83410e+01 | 44 -0.01063 -7.13732e+01 | 45 -0.04426 -2.12791e+01
 46 -0.09303 -3.90815e+01 | 47  0.07356 -4.71280e+01 | 48 -0.01099 -3.52266e+01
 49 -0.06248 -2.10023e+01 | 50  0.09088 -1.74634e+01 | 51  0.04981 -4.83948e+01
 52 -0.05837 -1.72314e+00 | 53 -0.02138  2.44183e+01 | 54 -0.03429  4.38457e+01
 55 -0.08433  1.36553e+01 | 56  0.02278  9.95918e+01 | 57  0.03866  2.80134e+01
 58 -0.02958  3.61819e+01 | 59  0.13216  1.24331e+02 | 60 -0.04890  1.61623e+01
 61  0.10106  3.55141e+01 | 62  0.08979  8.89271e+00 | 63 -0.10531 -2.60821e+01
 64 -0.08915 -2.32516e+01 | 65 -0.28798 -4.35589e+00 | 66  0.07330  1.26411e+02
 67  0.63674 -8.50369e+01 | 68 -0.29239 -7.30571e-01 | 69  0.40858  3.99529e+02
 70  0.06460 -2.33651e+00 | 71  0.10204 -7.78179e+01 | 72 -0.35462 -5.86328e+02
 73  0.21750  5.01022e+00 | 74 -0.00097  6.56193e+02 | 75  0.26575  5.11783e+00

Intermediate statistics: 75 variables; iteration 20; function evaluation 25; phase 6
Function value 1.6934934e+02; maximum gradient component mag -6.6026e+02
Var    Value     Gradient |Var    Value     Gradient |Var    Value     Gradient
  1 -0.13953  4.83911e+01 |  2  0.29332  1.31605e+02 |  3  0.16837 -1.81562e+02
  4 -0.58606 -6.60264e+02 |  5 -0.48785 -4.42283e+02 |  6 -0.23892  5.87028e+01
  7 -0.07232 -2.47372e+02 |  8 -0.00004  3.73478e-03 |  9 -0.00001  4.60569e-03
 10 -0.00099 -1.27635e-01 | 11 -0.00007  8.39687e-03 | 12 -0.00012  1.36477e-02
 13 -0.00022  2.23431e-02 | 14 -0.00040  3.29306e-02 | 15 -0.00075  4.52528e-02
 16 -0.00038  2.00058e-01 | 17 -0.00232  9.20072e-02 | 18 -0.00322  2.20356e-01
 19 -0.00740 -3.58228e-03 | 20 -0.00989  1.63563e-01 | 21 -0.02345 -1.28914e+00
 22 -0.02000 -2.55420e-01 | 23 -0.03040 -2.09344e+00 | 24 -0.01115 -6.91315e-01
 25  0.00815 -3.54361e-01 | 26  0.01920  1.97589e-01 | 27  0.02703  1.44111e-01
 28  0.15392 -2.90979e+01 | 29  0.07539 -2.29200e+01 | 30  0.07595 -2.70022e+01
 31 -0.09602 -2.19199e+01 | 32 -0.12091 -1.81967e+01 | 33  0.10285 -5.27962e+01
 34 -0.08823 -3.30507e+00 | 35  0.11955  6.48594e+00 | 36 -0.01177  3.32570e-01
 37 -0.08385  4.90081e+00 | 38 -0.23131 -1.70816e+00 | 39 -0.07113  4.63065e+01
 40  0.04179  1.25781e+01 | 41  0.02391  1.82986e+00 | 42  0.01921 -3.23510e+01
 43  0.13257 -1.79027e+02 | 44 -0.00206 -7.72783e+01 | 45 -0.06246 -3.14643e+01
 46 -0.07851 -2.06031e+01 | 47  0.06915  1.58123e+00 | 48 -0.00934 -6.13807e+00
 49 -0.06690 -1.01884e+01 | 50  0.08453 -2.19837e+01 | 51  0.04892 -2.97560e+01
 52 -0.06427  2.12806e+00 | 53 -0.02288  2.72419e+01 | 54 -0.04056  3.11141e+01
 55 -0.08435  1.56918e+01 | 56  0.01676  7.86696e+01 | 57  0.03974  3.37055e+01
 58 -0.04016  1.09448e+01 | 59  0.12810  6.83046e+01 | 60 -0.05545  4.19992e+00
 61  0.09839  2.55548e+01 | 62  0.08402  2.23367e+01 | 63 -0.07068 -7.67461e+00
 64 -0.02232 -1.27888e+01 | 65 -0.41053 -1.01916e+01 | 66  0.05926  6.47234e+01
 67  0.62603 -8.84494e+01 | 68 -0.30620 -8.26864e-02 | 69  0.41062  5.45215e+02
 70  0.04694 -8.81088e-01 | 71  0.11847 -4.61096e+01 | 72 -0.42498 -3.28674e+02
 73  0.15854  6.48998e+00 | 74 -0.08490  3.16961e+02 | 75  0.23137  3.01635e+00
75 variables; iteration 40; function evaluation 45; phase 6
Function value 1.6648291e+02; maximum gradient component mag -4.0815e+02
Var    Value     Gradient |Var    Value     Gradient |Var    Value     Gradient
  1 -0.27910  1.01960e+02 |  2  0.28686  7.07784e+01 |  3  0.16457 -1.14988e+02
  4 -0.58384 -4.08149e+02 |  5 -0.48927 -2.64048e+02 |  6 -0.30046 -2.96853e+02
  7 -0.06345 -3.31779e+02 |  8  0.00016  5.06978e-02 |  9 -0.00049 -5.14432e-02
 10  0.00857  1.22571e+00 | 11 -0.00032  4.98232e-04 | 12 -0.00063 -1.43394e-02
 13 -0.00147 -8.63272e-02 | 14 -0.00264 -1.79855e-01 | 15 -0.00320 -1.44330e-01
 16 -0.01502 -1.65803e+00 | 17 -0.00467  9.42792e-02 | 18 -0.00114  1.01839e+00
 19  0.00282  2.21815e+00 | 20 -0.01421  3.37464e-01 | 21 -0.03746 -2.58726e+00
 22 -0.02780 -4.67089e-01 | 23 -0.04550 -3.57716e+00 | 24 -0.02477 -1.86376e+00
 25  0.00239 -3.25575e-01 | 26  0.01512  2.44520e-02 | 27  0.03476 -3.96620e-01
 28  0.15075 -2.34571e+01 | 29  0.05532 -1.28868e+01 | 30  0.09041 -3.18983e+01
 31 -0.11555 -1.29803e+01 | 32 -0.13127 -1.00176e+01 | 33  0.11062 -3.02915e+01
 34 -0.08931  1.45739e+01 | 35  0.12062 -4.37383e+01 | 36 -0.01248 -8.03776e+00
 37 -0.08162  9.37533e+00 | 38 -0.24386  7.19018e+00 | 39 -0.07483  3.82716e+01
 40  0.04700  1.60351e+01 | 41  0.02967  1.62386e+01 | 42  0.01494 -2.54450e+01
 43  0.14086 -1.76709e+02 | 44 -0.00674 -7.78973e+01 | 45 -0.05800 -2.54825e+01
 46 -0.07994 -1.61878e+01 | 47  0.07028 -3.04881e+01 | 48 -0.00419  3.64250e+00
 49 -0.06151  1.17093e+01 | 50  0.08776 -1.29344e+01 | 51  0.05470 -2.43552e+01
 52 -0.06972  2.71370e+00 | 53 -0.01751  2.77393e+01 | 54 -0.04011  2.40431e+01
 55 -0.07986  1.75362e+01 | 56  0.01818  4.14374e+01 | 57  0.04168 -1.06372e+01
 58 -0.03676  1.68164e+01 | 59  0.13226  4.07180e+01 | 60 -0.05398  2.10808e+01
 61  0.10451  3.49428e+01 | 62  0.08758  3.11851e+01 | 63 -0.07327  1.48557e+01
 64 -0.03465  1.19465e+01 | 65 -0.47428 -2.58630e+01 | 66  0.16883 -2.48650e+01
 67  0.65120 -5.95155e+01 | 68 -0.57816 -1.06247e-01 | 69  0.41285  2.87790e+02
 70 -0.35831 -3.21938e-01 | 71  0.12365 -3.82648e+01 | 72 -0.43866 -2.12041e+02
 73  0.05448 -8.40213e+01 | 74 -0.09395  2.09438e+02 | 75  0.37553 -5.60086e+01
75 variables; iteration 60; function evaluation 68; phase 6
Function value 1.6177395e+02; maximum gradient component mag -1.6567e+02
Var    Value     Gradient |Var    Value     Gradient |Var    Value     Gradient
  1 -0.17826  1.29602e-01 |  2  0.26784  3.29139e+01 |  3  0.14120  3.47024e+01
  4 -0.56863  9.20369e+01 |  5 -0.49778  5.76558e+01 |  6 -0.26313  3.18051e+01
  7 -0.06003 -1.65673e+02 |  8  0.00001  2.88487e-02 |  9 -0.00012  2.16382e-04
 10 -0.00001  2.67733e-02 | 11 -0.00013  2.84203e-02 | 12 -0.00024  4.27969e-02
 13 -0.00050  5.50560e-02 | 14 -0.00089  7.74945e-02 | 15 -0.00116  1.64521e-01
 16  0.00155  7.50456e-01 | 17 -0.00110  6.82677e-01 | 18  0.00398  1.90761e+00
 19 -0.00998  4.54784e-01 | 20  0.00777  4.21023e+00 | 21 -0.04414 -3.25698e+00
 22 -0.00276  4.54499e+00 | 23 -0.06823 -6.58590e+00 | 24 -0.00478  1.99098e+00
 25 -0.02154 -3.30308e+00 | 26 -0.01469 -3.48746e+00 | 27 -0.05043 -8.69406e+00
 28  0.15729 -7.87031e+00 | 29  0.07112 -8.83435e+00 | 30  0.07646 -1.85356e+01
 31 -0.09410 -1.31189e+01 | 32 -0.11896 -8.68598e+00 | 33  0.10834 -6.89974e+00
 34 -0.08369  5.74854e+00 | 35  0.11869 -1.04456e+01 | 36 -0.01211 -1.12889e+01
 37 -0.08471 -3.82189e+00 | 38 -0.24168 -1.02430e+01 | 39 -0.08217  2.85721e+00
 40  0.04733  1.19606e+01 | 41  0.02355  1.08472e+01 | 42  0.01425 -1.72099e+00
 43  0.14071  2.21069e+00 | 44  0.00419 -4.93373e+00 | 45 -0.06448 -5.93964e+00
 46 -0.07865 -9.67109e+00 | 47  0.06891  3.43304e+00 | 48 -0.01006  1.17120e+00
 49 -0.05935  8.39701e+00 | 50  0.08620  1.58243e+01 | 51  0.05481  3.41425e+00
 52 -0.07239 -9.20842e+00 | 53 -0.02022  1.46027e+01 | 54 -0.04061  1.12088e+01
 55 -0.08447 -5.42654e+00 | 56  0.01508  2.16544e+01 | 57  0.04367  6.33849e+00
 58 -0.04052 -4.16933e+00 | 59  0.13036  8.51912e+00 | 60 -0.06245 -6.40110e+00
 61  0.10632  1.18032e+01 | 62  0.07794 -1.08159e+01 | 63 -0.07390 -6.23839e+00
 64 -0.02383 -5.95510e+00 | 65 -0.49317 -1.00004e+01 | 66  0.10708  8.26985e+00
 67  0.65719  4.85537e+01 | 68 -0.99456 -2.88470e-01 | 69  0.41282 -1.48797e+02
 70 -0.53506  3.87349e-02 | 71  0.14449 -7.02622e-02 | 72 -0.45755 -9.68523e+01
 73 -0.04380 -6.48291e+00 | 74 -0.12246  9.57607e+01 | 75  0.54824 -7.27061e+00
75 variables; iteration 80; function evaluation 99; phase 6
Function value 1.5871997e+02; maximum gradient component mag -8.9473e+01
Var    Value     Gradient |Var    Value     Gradient |Var    Value     Gradient
  1 -0.20686  6.35040e+00 |  2  0.25999 -8.61073e+00 |  3  0.10702 -9.66826e+00
  4 -0.56023 -3.60953e+01 |  5 -0.49839 -2.71069e+01 |  6 -0.26474 -2.89697e+01
  7 -0.04247  1.41154e+01 |  8  0.00000  7.89253e-02 |  9  0.00455  6.81445e-01
 10 -0.00386 -4.69045e-01 | 11  0.00046  1.75640e-01 | 12 -0.00098  3.46936e-02
 13 -0.00067  1.76253e-01 | 14  0.00314  8.66778e-01 | 15 -0.00556 -1.57248e-01
 16 -0.00210  6.78492e-01 | 17 -0.01269 -4.07289e-01 | 18 -0.01482 -7.86238e-02
 19 -0.02257 -4.22779e-01 | 20 -0.03287 -1.02450e+00 | 21 -0.03956 -9.79521e-01
 22 -0.04384 -7.50509e-01 | 23 -0.04026  4.72678e-02 | 24 -0.03773 -8.49211e-01
 25 -0.01677  4.46984e-01 | 26 -0.01072 -2.23388e-02 | 27  0.01481  5.44215e-01
 28  0.13207 -1.16540e-01 | 29  0.08329  1.07653e+00 | 30  0.07051 -1.62184e-01
 31 -0.08395  2.67358e+00 | 32 -0.11918  2.01468e+00 | 33  0.11008  1.55596e-02
 34 -0.09932 -3.01962e-01 | 35  0.11951 -1.65775e+00 | 36 -0.01185  9.27025e-01
 37 -0.09025  6.00605e-01 | 38 -0.22896  2.21378e+00 | 39 -0.08553  8.24738e-01
 40  0.04832 -2.77933e+00 | 41  0.02160 -1.15544e+00 | 42  0.01674 -3.82424e-01
 43  0.14001 -3.28586e+00 | 44  0.00526  1.86817e+00 | 45 -0.06749  1.80458e+00
 46 -0.07292  1.47280e+00 | 47  0.06826 -1.35860e+00 | 48 -0.00829 -7.30062e-01
 49 -0.06552 -8.74663e-01 | 50  0.08617 -3.03709e+00 | 51  0.05373 -6.07534e-01
 52 -0.06708  1.83014e+00 | 53 -0.02454 -1.29184e+00 | 54 -0.04380 -9.31608e-01
 55 -0.07803  1.80201e+00 | 56  0.01134 -3.45544e+00 | 57  0.04569 -1.34168e+00
 58 -0.03920  1.46888e+00 | 59  0.13019 -2.48278e+00 | 60 -0.05604  2.03634e+00
 61  0.10088 -1.03546e+00 | 62  0.08344  2.62231e+00 | 63 -0.07265  2.03584e+00
 64 -0.01441  2.42115e+00 | 65 -0.58827  8.34613e+00 | 66  0.06872 -4.94368e+00
 67  0.65582 -8.94731e+01 | 68 -0.82797 -5.11275e-02 | 69  0.41362  3.10679e+01
 70 -0.80918  9.41092e-02 | 71  0.15292 -5.63728e-01 | 72 -0.48024  2.30779e+01
 73 -0.09864 -1.47151e+00 | 74 -0.15101 -2.12882e+01 | 75  0.67106 -1.92063e+00
75 variables; iteration 100; function evaluation 125; phase 6
Function value 1.5849807e+02; maximum gradient component mag -1.7829e+01
Var    Value     Gradient |Var    Value     Gradient |Var    Value     Gradient
  1 -0.15927  7.65891e-01 |  2  0.26125 -7.08816e-01 |  3  0.08219  2.23265e+00
  4 -0.54685  8.38728e+00 |  5 -0.50437  6.52172e+00 |  6 -0.24533 -5.71839e+00
  7 -0.03766  1.20087e+00 |  8 -0.00045  2.06102e-02 |  9 -0.00040 -8.01462e-03
 10 -0.00039  2.00845e-02 | 11 -0.00105 -3.11055e-02 | 12 -0.00125  5.63730e-03
 13 -0.00188  1.81679e-02 | 14 -0.00315 -1.10990e-02 | 15 -0.00463  6.05407e-03
 16 -0.00711 -1.52721e-02 | 17 -0.01018  3.06248e-02 | 18 -0.01499 -1.57538e-02
 19 -0.02059  2.12252e-02 | 20 -0.02785 -7.03431e-03 | 21 -0.03529  1.55427e-02
 22 -0.04127  5.66877e-02 | 23 -0.04315 -3.23235e-02 | 24 -0.03605 -1.50867e-02
 25 -0.02342 -2.35800e-02 | 26 -0.01487 -6.78559e-03 | 27  0.00602 -6.24325e-02
 28  0.13249  9.44767e-02 | 29  0.08096  1.09591e-01 | 30  0.07315 -1.72241e-01
 31 -0.08441  2.08969e-01 | 32 -0.11888  3.28252e-01 | 33  0.10982 -4.51797e-01
 34 -0.09661  1.61032e-01 | 35  0.11924 -1.03755e+00 | 36 -0.01125 -1.68484e-01
 37 -0.08880  1.89286e-02 | 38 -0.22870  1.99594e-01 | 39 -0.08528  1.13361e-01
 40  0.04814 -8.93866e-02 | 41  0.02154  7.05164e-02 | 42  0.01666  1.42542e-01
 43  0.13954 -5.81763e-01 | 44  0.00446 -9.75573e-02 | 45 -0.06789  8.98951e-02
 46 -0.07315  1.16337e-01 | 47  0.06762 -8.05451e-02 | 48 -0.00858  1.64882e-01
 49 -0.06418  2.61819e-01 | 50  0.08536 -2.01222e-01 | 51  0.05352 -9.47943e-02
 52 -0.06793  2.30219e-01 | 53 -0.02429  1.90708e-01 | 54 -0.04381  1.17664e-01
 55 -0.07901  3.29304e-02 | 56  0.01115 -1.41820e-01 | 57  0.04530 -3.21089e-01
 58 -0.03995  7.42773e-02 | 59  0.12988 -7.45345e-01 | 60 -0.05671  1.86356e-01
 61  0.10078 -1.44993e-01 | 62  0.08259  2.14816e-01 | 63 -0.07191  4.31827e-01
 64 -0.01284  4.63457e-01 | 65 -0.61206  4.03635e-01 | 66  0.01445 -1.77733e+00
 67  0.65584 -1.78285e+01 | 68 -0.81282 -2.62451e-02 | 69  0.41382 -2.82112e+00
 70 -0.93679 -1.29507e-02 | 71  0.14803  1.86470e-01 | 72 -0.47769  2.82449e+00
 73 -0.22141 -7.82759e-02 | 74 -0.14731 -2.02720e+00 | 75  0.85843 -2.63804e-01
75 variables; iteration 120; function evaluation 147; phase 6
Function value 1.5844341e+02; maximum gradient component mag -1.1673e+01
Var    Value     Gradient |Var    Value     Gradient |Var    Value     Gradient
  1 -0.15837 -4.22182e-01 |  2  0.26114  1.45516e-01 |  3  0.08826 -1.14046e+00
  4 -0.54962 -5.45851e+00 |  5 -0.50348 -3.76148e+00 |  6 -0.24506  3.22302e+00
  7 -0.03782  3.95169e-01 |  8 -0.00068 -1.17895e-02 |  9 -0.00035 -1.56553e-03
 10 -0.00060 -8.64692e-03 | 11 -0.00084 -1.39164e-03 | 12 -0.00134 -6.24203e-03
 13 -0.00203 -3.66354e-03 | 14 -0.00302  7.11536e-03 | 15 -0.00466  2.48999e-03
 16 -0.00687  2.18553e-02 | 17 -0.01035  7.76360e-03 | 18 -0.01489  1.74590e-03
 19 -0.02087 -1.94601e-02 | 20 -0.02795 -1.81317e-02 | 21 -0.03535  1.15000e-02
 22 -0.04154  1.57589e-02 | 23 -0.04293  2.25442e-02 | 24 -0.03623 -2.23771e-02
 25 -0.02345  1.50689e-02 | 26 -0.01484  5.95864e-02 | 27  0.00645  9.68766e-02
 28  0.13296  4.03535e-02 | 29  0.08077  3.33567e-02 | 30  0.07304  1.83136e-01
 31 -0.08467 -4.57369e-02 | 32 -0.11885  5.26497e-02 | 33  0.10991  3.16683e-01
 34 -0.09693 -2.82220e-01 | 35  0.11936  7.42757e-01 | 36 -0.01137  1.10380e-01
 37 -0.08900 -4.64944e-02 | 38 -0.22876 -2.02096e-01 | 39 -0.08521  3.59968e-02
 40  0.04822 -4.90592e-02 | 41  0.02154 -1.88127e-01 | 42  0.01673 -5.86697e-02
 43  0.13958  1.76044e-01 | 44  0.00452  7.17727e-02 | 45 -0.06796 -9.48330e-02
 46 -0.07310 -1.50220e-01 | 47  0.06769 -2.12838e-02 | 48 -0.00863 -1.91445e-01
 49 -0.06417 -2.12739e-01 | 50  0.08544 -1.05948e-02 | 51  0.05355 -2.03540e-02
 52 -0.06785 -3.58152e-02 | 53 -0.02434 -1.89376e-01 | 54 -0.04387 -1.63930e-01
 55 -0.07882  1.41630e-01 | 56  0.01117  5.92975e-02 | 57  0.04534  7.34180e-02
 58 -0.03981  1.73920e-01 | 59  0.12993  4.20927e-01 | 60 -0.05678 -1.11992e-01
 61  0.10073 -5.76248e-02 | 62  0.08274  8.96695e-02 | 63 -0.07190 -1.54078e-01
 64 -0.01318 -2.28731e-01 | 65 -0.61154  1.38723e-01 | 66  0.01204  1.06164e+00
 67  0.65241 -1.16734e+01 | 68 -0.41376 -1.07874e+00 | 69  0.41336  4.51987e+00
 70 -0.97342 -6.78792e-02 | 71  0.14801 -6.23022e-01 | 72 -0.47782 -1.08690e+00
 73 -0.30592 -1.01566e-02 | 74 -0.14734  6.75890e-01 | 75  0.98345  1.03890e-01
75 variables; iteration 140; function evaluation 169; phase 6
Function value 1.5832293e+02; maximum gradient component mag 2.1840e+01
Var    Value     Gradient |Var    Value     Gradient |Var    Value     Gradient
  1 -0.15462  3.32157e+00 |  2  0.26136 -1.55453e+00 |  3  0.07750 -2.07783e+00
  4 -0.54393 -5.01097e+00 |  5 -0.50581 -4.52921e+00 |  6 -0.24325 -1.41848e+01
  7 -0.03787 -5.08506e+00 |  8 -0.00051  1.01941e-02 |  9 -0.00034 -1.01628e-03
 10 -0.00031  2.92384e-02 | 11 -0.00083 -1.43128e-03 | 12 -0.00122  6.76964e-03
 13 -0.00194  4.15706e-03 | 14 -0.00313 -1.60597e-02 | 15 -0.00462 -3.35927e-03
 16 -0.00725 -5.04757e-02 | 17 -0.01030 -7.98677e-03 | 18 -0.01472 -2.81417e-03
 19 -0.02022  4.30745e-02 | 20 -0.02733  3.35271e-02 | 21 -0.03508 -2.73132e-03
 22 -0.04142 -2.98877e-02 | 23 -0.04296 -5.34850e-02 | 24 -0.03564  1.51501e-02
 25 -0.02293  3.14645e-02 | 26 -0.01534 -6.65089e-02 | 27  0.00468 -1.75954e-01
 28  0.13407  6.37138e-01 | 29  0.07839  1.45793e-02 | 30  0.07453  1.61465e-01
 31 -0.08467  5.61790e-01 | 32 -0.11906  3.79020e-01 | 33  0.10976 -1.70511e+00
 34 -0.09640  4.57516e-01 | 35  0.11920 -2.26410e+00 | 36 -0.01105 -1.73701e-01
 37 -0.08862  2.39350e-01 | 38 -0.22834  6.90795e-01 | 39 -0.08535  1.87186e-01
 40  0.04805 -5.70841e-01 | 41  0.02167  1.51136e-01 | 42  0.01652 -2.26927e-01
 43  0.13949 -2.08152e+00 | 44  0.00454 -1.84663e-01 | 45 -0.06799  1.39528e-01
 46 -0.07301  4.13774e-01 | 47  0.06750 -5.00108e-01 | 48 -0.00849  3.23959e-01
 49 -0.06414  5.23483e-01 | 50  0.08528 -5.32600e-01 | 51  0.05353 -2.77384e-01
 52 -0.06804  2.79798e-01 | 53 -0.02427  2.16535e-01 | 54 -0.04387  6.73361e-02
 55 -0.07906  8.52445e-02 | 56  0.01102 -2.79210e-01 | 57  0.04537  5.21970e-02
 58 -0.04001  3.80476e-01 | 59  0.12980 -8.73447e-01 | 60 -0.05679  6.27450e-01
 61  0.10076  2.34017e-01 | 62  0.08255  2.66536e-01 | 63 -0.07200  9.04702e-01
 64 -0.01284  9.81945e-01 | 65 -0.61445 -8.95445e-01 | 66  0.00836 -2.80319e+00
 67  0.64182  2.18404e+01 | 68 -0.30243  1.94739e+00 | 69  0.41241  1.01583e+00
 70 -0.52170  6.41002e-02 | 71  0.15791  1.19111e-01 | 72 -0.47776  4.85488e+00
 73 -0.24795 -5.72410e-02 | 74 -0.14745 -3.57512e+00 | 75  0.89945 -1.94568e-01
75 variables; iteration 160; function evaluation 192; phase 6
Function value 1.5796457e+02; maximum gradient component mag -4.7296e+00
Var    Value     Gradient |Var    Value     Gradient |Var    Value     Gradient
  1 -0.13823  2.78025e-01 |  2  0.26145  3.38500e-01 |  3  0.05421 -1.82613e+00
  4 -0.52884 -4.72965e+00 |  5 -0.51276 -4.15234e+00 |  6 -0.23459  1.01529e-01
  7 -0.03760 -5.09437e-01 |  8 -0.00021  4.93380e-02 |  9 -0.00061 -4.06310e-02
 10 -0.00040  1.39837e-02 | 11 -0.00103 -3.39577e-02 | 12 -0.00112  1.48718e-02
 13 -0.00213 -3.24423e-02 | 14 -0.00323 -4.38221e-02 | 15 -0.00466 -2.76651e-02
 16 -0.00698 -3.95154e-02 | 17 -0.00991  1.08181e-02 | 18 -0.01407  4.26766e-02
 19 -0.02007 -3.80383e-03 | 20 -0.02685  3.02871e-02 | 21 -0.03459  7.64890e-04
 22 -0.04042  1.01335e-01 | 23 -0.04258  3.46007e-02 | 24 -0.03626 -2.38204e-03
 25 -0.02378  3.49181e-02 | 26 -0.01627 -1.25318e-02 | 27  0.00457 -7.68569e-02
 28  0.12872 -2.50069e-01 | 29  0.08203 -2.67179e-01 | 30  0.07532  4.80987e-02
 31 -0.08276  2.18508e-02 | 32 -0.11855 -1.90937e-01 | 33  0.10939 -5.84114e-01
 34 -0.09538  5.66449e-02 | 35  0.11900 -1.26577e-01 | 36 -0.00993  4.74069e-02
 37 -0.08745  1.87524e-01 | 38 -0.22775  3.32462e-02 | 39 -0.08560 -4.71711e-01
 40  0.04747 -1.97281e-01 | 41  0.02164 -7.17798e-02 | 42  0.01640 -2.18851e-01
 43  0.13928 -2.85713e-01 | 44  0.00443 -1.98079e-01 | 45 -0.06761 -8.87553e-02
 46 -0.07318  1.30042e-01 | 47  0.06692 -1.80718e-02 | 48 -0.00836 -3.92882e-03
 49 -0.06404  1.40531e-01 | 50  0.08476  1.99116e-01 | 51  0.05343  1.73166e-01
 52 -0.06801 -1.50089e-01 | 53 -0.02440  2.02121e-01 | 54 -0.04394  1.76546e-01
 55 -0.07932  3.74979e-02 | 56  0.01051  3.45681e-01 | 57  0.04520  5.73732e-01
 58 -0.04025 -9.91902e-02 | 59  0.12936  5.27528e-01 | 60 -0.05673  1.11109e-01
 61  0.10039  3.48182e-01 | 62  0.08241 -3.24451e-02 | 63 -0.07239 -1.85195e-02
 64 -0.01298 -2.40682e-02 | 65 -0.62407 -2.52068e-01 | 66 -0.01256  3.79372e-01
 67  0.59945  2.33501e+00 | 68 -0.21436  1.14259e+00 | 69  0.40789  1.04418e+00
 70 -1.63789 -2.09070e-02 | 71  0.16972  1.02670e-01 | 72 -0.47715 -1.29956e+00
 73 -0.28215 -2.26316e-02 | 74 -0.14704  4.19894e-01 | 75  0.95290 -2.59494e-02
75 variables; iteration 180; function evaluation 212; phase 6
Function value 1.5796165e+02; maximum gradient component mag 1.1618e+00
Var    Value     Gradient |Var    Value     Gradient |Var    Value     Gradient
  1 -0.13506 -1.54115e-01 |  2  0.26144  5.28736e-02 |  3  0.05305  3.72765e-01
  4 -0.52806  1.16184e+00 |  5 -0.51309  9.07362e-01 |  6 -0.23299  4.18787e-01
  7 -0.03770  1.48668e-01 |  8 -0.00056 -9.35741e-04 |  9 -0.00032  4.87309e-04
 10 -0.00049  7.99153e-04 | 11 -0.00077  6.49400e-04 | 12 -0.00121 -8.93211e-05
 13 -0.00188  1.26767e-03 | 14 -0.00289  1.26620e-03 | 15 -0.00442  8.70334e-04
 16 -0.00666  1.83730e-04 | 17 -0.00989  1.51906e-03 | 18 -0.01425 -5.83111e-04
 19 -0.01991  2.65227e-03 | 20 -0.02688  5.46423e-04 | 21 -0.03442  1.53567e-03
 22 -0.04081 -1.41981e-03 | 23 -0.04261  9.09908e-04 | 24 -0.03608  4.95357e-03
 25 -0.02384  8.14012e-03 | 26 -0.01616  9.67631e-03 | 27  0.00492  1.22111e-02
 28  0.12855  8.05882e-02 | 29  0.08263  3.07318e-02 | 30  0.07517  3.81588e-02
 31 -0.08263 -1.24268e-02 | 32 -0.11836 -1.17019e-02 | 33  0.10940  8.50576e-02
 34 -0.09540 -1.03728e-02 | 35  0.11900  6.65043e-02 | 36 -0.00983  4.48533e-03
 37 -0.08747 -1.54937e-02 | 38 -0.22787 -2.28072e-02 | 39 -0.08540  3.92448e-03
 40  0.04738  3.28752e-02 | 41  0.02159  2.59205e-02 | 42  0.01642  6.52439e-03
 43  0.13923  7.39199e-02 | 44  0.00441  1.66139e-02 | 45 -0.06754 -1.16115e-02
 46 -0.07337 -9.90298e-03 | 47  0.06688  2.44663e-02 | 48 -0.00835 -1.34960e-03
 49 -0.06417 -2.11132e-02 | 50  0.08473  9.55899e-03 | 51  0.05334 -7.52748e-03
 52 -0.06789 -2.58965e-02 | 53 -0.02450 -2.47986e-02 | 54 -0.04398 -3.48673e-02
 55 -0.07933 -2.35692e-02 | 56  0.01047 -4.06317e-02 | 57  0.04508 -3.02319e-02
 58 -0.04015 -2.24071e-02 | 59  0.12928 -5.88036e-02 | 60 -0.05673 -3.25191e-02
 61  0.10031 -3.27898e-02 | 62  0.08238 -3.47968e-02 | 63 -0.07239 -2.67374e-02
 64 -0.01289 -2.68434e-02 | 65 -0.62420  1.92949e-02 | 66 -0.01639  2.99949e-02
 67  0.59700  1.31504e-01 | 68 -0.22344  1.08210e-04 | 69  0.40760 -6.84590e-01
 70 -1.75413  1.46062e-03 | 71  0.16991  3.85983e-02 | 72 -0.47687 -1.84694e-03
 73 -0.28461 -2.30003e-02 | 74 -0.14677 -2.66683e-02 | 75  0.95703 -1.91077e-02
75 variables; iteration 200; function evaluation 245; phase 6
Function value 1.5795491e+02; maximum gradient component mag -1.7868e+00
Var    Value     Gradient |Var    Value     Gradient |Var    Value     Gradient
  1 -0.13510  2.70707e-01 |  2  0.26144 -1.60079e-01 |  3  0.05340 -6.14126e-01
  4 -0.52822 -1.78678e+00 |  5 -0.51304 -1.35176e+00 |  6 -0.23297 -8.03325e-01
  7 -0.03768 -1.19540e-01 |  8 -0.00055 -3.81230e-04 |  9 -0.00031  7.84962e-04
 10 -0.00053 -3.77606e-03 | 11 -0.00078  3.62230e-04 | 12 -0.00121  7.07863e-05
 13 -0.00188  1.29951e-03 | 14 -0.00287  3.48701e-03 | 15 -0.00441  1.73401e-03
 16 -0.00661  7.32092e-03 | 17 -0.00989  1.98244e-03 | 18 -0.01426 -1.02667e-03
 19 -0.01995 -4.45597e-03 | 20 -0.02691 -5.14638e-03 | 21 -0.03446 -7.16553e-03
 22 -0.04081 -3.91906e-03 | 23 -0.04264 -6.45203e-03 | 24 -0.03612 -4.82021e-03
 25 -0.02387 -2.61849e-03 | 26 -0.01615 -1.54492e-03 | 27  0.00498 -1.01922e-02
 28  0.12849 -5.79852e-02 | 29  0.08265 -7.28650e-02 | 30  0.07517 -6.36850e-02
 31 -0.08265  4.77946e-03 | 32 -0.11836  2.28995e-02 | 33  0.10940 -1.79155e-01
 34 -0.09542 -1.05160e-02 | 35  0.11902 -1.11744e-01 | 36 -0.00984 -2.45453e-03
 37 -0.08748  2.68150e-02 | 38 -0.22786  4.96133e-02 | 39 -0.08541  1.02452e-02
 40  0.04738 -6.32819e-02 | 41  0.02159 -2.08499e-02 | 42  0.01643 -2.64301e-02
 43  0.13924 -1.53183e-01 | 44  0.00441 -7.73963e-03 | 45 -0.06754  2.01686e-02
 46 -0.07338  1.97979e-02 | 47  0.06689 -3.17735e-02 | 48 -0.00835  4.11865e-03
 49 -0.06416  2.64499e-02 | 50  0.08474 -2.19794e-02 | 51  0.05335  1.64014e-02
 52 -0.06788  5.24688e-02 | 53 -0.02450  1.62224e-02 | 54 -0.04398  2.49666e-02
 55 -0.07934  3.45635e-02 | 56  0.01048  4.38312e-02 | 57  0.04509  5.82857e-02
 58 -0.04015  5.94409e-02 | 59  0.12929  7.90161e-02 | 60 -0.05671  5.86889e-02
 61  0.10031  2.57424e-02 | 62  0.08238  6.85371e-02 | 63 -0.07239  5.68535e-02
 64 -0.01291  5.53125e-02 | 65 -0.62376 -2.36201e-02 | 66 -0.01653 -7.76086e-02
 67  0.59844 -1.58958e+00 | 68 -0.26548 -4.41615e-01 | 69  0.40776  1.37997e+00
 70 -1.45510 -5.47015e-03 | 71  0.16688 -8.91696e-02 | 72 -0.47687  2.53713e-01
 73 -0.28065 -2.47252e-02 | 74 -0.14676 -1.64553e-01 | 75  0.95644 -2.17945e-02
75 variables; iteration 220; function evaluation 267; phase 6
Function value 1.5795337e+02; maximum gradient component mag 2.2312e+01
Var    Value     Gradient |Var    Value     Gradient |Var    Value     Gradient
  1 -0.13390 -5.60554e+00 |  2  0.26132  2.66458e+00 |  3  0.05388  5.56398e+00
  4 -0.52870  1.56345e+01 |  5 -0.51277  1.21813e+01 |  6 -0.23253  2.23123e+01
  7 -0.03767  6.12763e+00 |  8 -0.00056 -1.30719e-03 |  9 -0.00022  1.36297e-02
 10 -0.00066 -2.32078e-02 | 11 -0.00072  7.39054e-03 | 12 -0.00117  5.97849e-03
 13 -0.00169  2.80953e-02 | 14 -0.00259  4.26930e-02 | 15 -0.00432  1.47532e-02
 16 -0.00636  4.40431e-02 | 17 -0.00970  3.14752e-02 | 18 -0.01454 -4.37346e-02
 19 -0.01998 -5.16311e-03 | 20 -0.02739 -8.12771e-02 | 21 -0.03441  8.40182e-03
 22 -0.04118 -6.26236e-02 | 23 -0.04256  1.61581e-02 | 24 -0.03650 -6.29208e-02
 25 -0.02393  1.27139e-02 | 26 -0.01627  3.88265e-02 | 27  0.00578  2.21809e-01
 28  0.12897 -9.00939e-01 | 29  0.08189 -1.08101e+00 | 30  0.07535 -5.24020e-01
 31 -0.08271 -1.03786e+00 | 32 -0.11831 -1.14085e+00 | 33  0.10937 -5.43203e-02
 34 -0.09565 -1.25166e+00 | 35  0.11906  2.12092e+00 | 36 -0.00984  3.74744e-02
 37 -0.08762 -7.66148e-01 | 38 -0.22799 -1.18493e+00 | 39 -0.08529 -4.56895e-01
 40  0.04740  9.81722e-01 | 41  0.02155  4.40671e-01 | 42  0.01649  5.40550e-01
 43  0.13923  4.12156e+00 | 44  0.00443  7.77860e-01 | 45 -0.06756 -2.81275e-01
 46 -0.07340 -4.31586e-01 | 47  0.06693  1.79829e+00 | 48 -0.00834  3.62015e-01
 49 -0.06426 -5.09970e-01 | 50  0.08480  1.80824e+00 | 51  0.05330  8.63369e-01
 52 -0.06781 -5.18881e-01 | 53 -0.02455 -3.40619e-01 | 54 -0.04403 -3.78350e-01
 55 -0.07927 -2.70492e-01 | 56  0.01051  7.28177e-01 | 57  0.04508  1.12610e+00
 58 -0.04001 -1.62100e-01 | 59  0.12928  1.31619e+00 | 60 -0.05667 -1.00502e+00
 61  0.10027 -5.11785e-01 | 62  0.08236 -8.39913e-01 | 63 -0.07224 -1.36787e+00
 64 -0.01268 -1.48751e+00 | 65 -0.62337  1.38683e+00 | 66 -0.01795  3.74779e+00
 67  0.60014  4.22448e+00 | 68 -0.26615  3.58953e-01 | 69  0.40794 -1.30703e+01
 70 -1.58652 -1.25112e-02 | 71  0.16861  7.70652e-01 | 72 -0.47699 -6.43607e+00
 73 -0.17603 -3.53149e-02 | 74 -0.14691  3.81861e+00 | 75  0.96321  3.47146e-02
75 variables; iteration 240; function evaluation 290; phase 6
Function value 1.5789656e+02; maximum gradient component mag -5.5263e+00
Var    Value     Gradient |Var    Value     Gradient |Var    Value     Gradient
  1 -0.12379  1.31795e+00 |  2  0.26163 -5.35175e-01 |  3  0.05229 -2.05017e+00
  4 -0.52656 -5.52632e+00 |  5 -0.51439 -4.08712e+00 |  6 -0.22909 -4.86472e+00
  7 -0.03781 -2.04531e+00 |  8 -0.00057 -5.95416e-03 |  9 -0.00026  7.07090e-03
 10 -0.00044  5.24004e-03 | 11 -0.00071  6.28828e-03 | 12 -0.00119 -2.34087e-03
 13 -0.00182  2.25766e-03 | 14 -0.00282 -7.50593e-04 | 15 -0.00430  2.42257e-03
 16 -0.00657 -8.08358e-03 | 17 -0.00979 -1.02881e-02 | 18 -0.01400  2.44610e-03
 19 -0.01957  1.20653e-02 | 20 -0.02647  1.76280e-02 | 21 -0.03410  1.17865e-03
 22 -0.04053 -4.04628e-03 | 23 -0.04239 -4.51663e-03 | 24 -0.03572  3.05932e-02
 25 -0.02358  2.05168e-02 | 26 -0.01607  1.56770e-02 | 27  0.00468 -9.11406e-03
 28  0.12864  5.60421e-01 | 29  0.08297  5.35986e-01 | 30  0.07476  4.62611e-01
 31 -0.08211  3.17968e-01 | 32 -0.11854  3.29567e-01 | 33  0.10964  3.57105e-01
 34 -0.09568  3.11506e-01 | 35  0.11906 -1.42360e-01 | 36 -0.00987  9.87641e-02
 37 -0.08752  2.06236e-01 | 38 -0.22757  2.42546e-01 | 39 -0.08536  1.47600e-01
 40  0.04748 -3.11250e-01 | 41  0.02166 -1.75697e-01 | 42  0.01651 -2.19947e-01
 43  0.13908 -1.09986e+00 | 44  0.00445 -2.20169e-01 | 45 -0.06786  1.30777e-02
 46 -0.07334  1.88644e-02 | 47  0.06678 -5.53510e-01 | 48 -0.00838 -1.57333e-01
 49 -0.06385  2.11166e-02 | 50  0.08455 -5.75540e-01 | 51  0.05342 -3.42120e-01
 52 -0.06802  5.80974e-02 | 53 -0.02449 -7.70715e-03 | 54 -0.04412 -1.18420e-02
 55 -0.07920 -8.29797e-03 | 56  0.01023 -2.98725e-01 | 57  0.04521 -4.11188e-01
 58 -0.04034  2.70683e-02 | 59  0.12929 -4.57697e-01 | 60 -0.05678  2.04204e-01
 61  0.10007  9.42369e-02 | 62  0.08258  9.66293e-02 | 63 -0.07255  2.90303e-01
 64 -0.01282  3.18416e-01 | 65 -0.62304 -4.77260e-01 | 66 -0.03456 -6.25562e-01
 67  0.59792 -8.71420e-01 | 68 -0.26428 -6.98122e-02 | 69  0.40764  3.75982e+00
 70 -1.40975  3.04963e-03 | 71  0.16612 -2.21463e-01 | 72 -0.47787  1.36521e+00
 73  0.15871 -1.67044e-02 | 74 -0.14746 -7.95777e-01 | 75  1.11087 -1.52981e-02
75 variables; iteration 260; function evaluation 310; phase 6
Function value 1.5789358e+02; maximum gradient component mag -1.0259e-01
Var    Value     Gradient |Var    Value     Gradient |Var    Value     Gradient
  1 -0.12290  9.40358e-03 |  2  0.26157 -5.95394e-03 |  3  0.05195 -4.42254e-02
  4 -0.52634 -1.02587e-01 |  5 -0.51448 -6.31161e-02 |  6 -0.22869 -3.41223e-02
  7 -0.03774  1.84649e-02 |  8 -0.00053  2.35732e-04 |  9 -0.00030  4.55358e-04
 10 -0.00048 -4.43562e-04 | 11 -0.00075  3.53930e-04 | 12 -0.00117  2.95275e-04
 13 -0.00183  8.45407e-04 | 14 -0.00281  1.05569e-03 | 15 -0.00431  4.21006e-04
 16 -0.00651  8.42022e-04 | 17 -0.00971  6.79076e-04 | 18 -0.01402 -9.16065e-04
 19 -0.01964  3.87106e-04 | 20 -0.02658 -1.13348e-03 | 21 -0.03411 -4.98179e-04
 22 -0.04052 -2.04532e-03 | 23 -0.04237 -5.92641e-04 | 24 -0.03589 -9.50780e-05
 25 -0.02369  9.07425e-04 | 26 -0.01613  8.32692e-04 | 27  0.00495  2.53519e-03
 28  0.12845  1.57597e-02 | 29  0.08296  1.23232e-02 | 30  0.07479  1.60520e-02
 31 -0.08205  5.72918e-03 | 32 -0.11853  4.62648e-03 | 33  0.10963 -2.73704e-03
 34 -0.09568 -3.35402e-04 | 35  0.11907  7.84761e-03 | 36 -0.00984  5.19763e-03
 37 -0.08751  2.95779e-03 | 38 -0.22755  8.19542e-04 | 39 -0.08536  1.98420e-03
 40  0.04748 -9.92427e-03 | 41  0.02165 -5.20020e-03 | 42  0.01652 -4.95623e-03
 43  0.13908 -1.21180e-02 | 44  0.00445 -1.42520e-03 | 45 -0.06785  1.53034e-03
 46 -0.07334 -1.50905e-04 | 47  0.06678 -3.36000e-03 | 48 -0.00837 -2.55894e-04
 49 -0.06385 -1.90023e-03 | 50  0.08455 -5.68176e-03 | 51  0.05342 -5.55027e-03
 52 -0.06800 -5.13200e-04 | 53 -0.02450 -3.71582e-03 | 54 -0.04412 -4.16917e-03
 55 -0.07920 -2.28344e-03 | 56  0.01023 -3.88418e-03 | 57  0.04521 -4.82769e-03
 58 -0.04033  2.76225e-03 | 59  0.12929 -9.51253e-03 | 60 -0.05677  2.16844e-03
 61  0.10004 -3.51467e-03 | 62  0.08259 -5.81371e-03 | 63 -0.07254  2.91807e-03
 64 -0.01280  3.15298e-03 | 65 -0.62335  3.76235e-03 | 66 -0.03542 -1.16658e-03
 67  0.59764 -1.97292e-02 | 68 -0.26228 -5.99647e-03 | 69  0.40761  3.58867e-02
 70 -1.46502  1.52153e-04 | 71  0.16633  5.70194e-04 | 72 -0.47787  2.91557e-02
 73  0.36034 -3.15533e-05 | 74 -0.14748 -2.16052e-02 | 75  1.40670  1.22404e-04

 - final statistics:
75 variables; iteration 268; function evaluation 318
Function value 1.5789e+02; maximum gradient component mag -2.0380e-05
Exit code = 1;  converg criter 1.0000e-04
Var    Value     Gradient |Var    Value     Gradient |Var    Value     Gradient
  1 -0.12287  1.95161e-06 |  2  0.26157  4.71247e-07 |  3  0.05194 -7.31110e-06
  4 -0.52633 -2.03804e-05 |  5 -0.51449 -1.54725e-05 |  6 -0.22868 -4.06260e-06
  7 -0.03774 -1.32960e-05 |  8 -0.00053  4.32369e-08 |  9 -0.00031 -4.78074e-08
 10 -0.00048  1.02124e-07 | 11 -0.00075 -3.94507e-08 | 12 -0.00118  1.78250e-09
 13 -0.00183 -9.26886e-08 | 14 -0.00282 -1.29076e-07 | 15 -0.00432 -5.23132e-08
 16 -0.00651 -1.62167e-07 | 17 -0.00971 -8.00261e-08 | 18 -0.01401  1.54891e-07
 19 -0.01964  7.78150e-08 | 20 -0.02657  2.92881e-07 | 21 -0.03411  1.38349e-07
 22 -0.04051  4.40261e-07 | 23 -0.04237  2.03883e-07 | 24 -0.03589  4.23347e-07
 25 -0.02369  3.97928e-07 | 26 -0.01613  3.80946e-07 | 27  0.00494  6.17613e-08
 28  0.12844  4.15944e-06 | 29  0.08297  4.51952e-06 | 30  0.07479  4.11555e-06
 31 -0.08205  1.53296e-06 | 32 -0.11853  1.32552e-06 | 33  0.10963  1.08648e-05
 34 -0.09568  2.72754e-06 | 35  0.11907  5.41229e-06 | 36 -0.00984  1.48470e-06
 37 -0.08751  1.65250e-06 | 38 -0.22754  4.37192e-07 | 39 -0.08536  1.43132e-07
 40  0.04748 -3.61013e-07 | 41  0.02165 -1.20809e-06 | 42  0.01652 -2.00367e-06
 43  0.13908 -3.99525e-06 | 44  0.00445 -1.10048e-06 | 45 -0.06785 -7.19471e-07
 46 -0.07334 -9.28464e-07 | 47  0.06678 -4.26522e-06 | 48 -0.00837 -2.23497e-06
 49 -0.06385 -9.44721e-07 | 50  0.08455 -4.12329e-06 | 51  0.05342 -2.16736e-06
 52 -0.06799 -1.19508e-06 | 53 -0.02450 -1.25126e-07 | 54 -0.04412 -4.39869e-07
 55 -0.07920 -1.26341e-06 | 56  0.01023 -3.33531e-06 | 57  0.04521 -4.35882e-06
 58 -0.04033 -2.53242e-06 | 59  0.12929 -3.69548e-06 | 60 -0.05677 -2.45484e-07
 61  0.10004  1.06495e-06 | 62  0.08259 -5.54592e-07 | 63 -0.07254 -2.75367e-07
 64 -0.01281  9.18556e-08 | 65 -0.62336 -4.27183e-06 | 66 -0.03544  1.49137e-06
 67  0.59762 -1.84618e-06 | 68 -0.26215  8.18965e-08 | 69  0.40760  1.63658e-05
 70 -1.46727  7.78424e-09 | 71  0.16631 -1.83072e-06 | 72 -0.47787 -1.34257e-06
 73  0.36022  2.67359e-09 | 74 -0.14748  8.81618e-08 | 75  1.40467 -1.06131e-09
Estimating row 1 out of 75 for hessian
Estimating row 2 out of 75 for hessian
Estimating row 3 out of 75 for hessian
Estimating row 4 out of 75 for hessian
Estimating row 5 out of 75 for hessian
Estimating row 6 out of 75 for hessian
Estimating row 7 out of 75 for hessian
Estimating row 8 out of 75 for hessian
Estimating row 9 out of 75 for hessian
Estimating row 10 out of 75 for hessian
Estimating row 11 out of 75 for hessian
Estimating row 12 out of 75 for hessian
Estimating row 13 out of 75 for hessian
Estimating row 14 out of 75 for hessian
Estimating row 15 out of 75 for hessian
Estimating row 16 out of 75 for hessian
Estimating row 17 out of 75 for hessian
Estimating row 18 out of 75 for hessian
Estimating row 19 out of 75 for hessian
Estimating row 20 out of 75 for hessian
Estimating row 21 out of 75 for hessian
Estimating row 22 out of 75 for hessian
Estimating row 23 out of 75 for hessian
Estimating row 24 out of 75 for hessian
Estimating row 25 out of 75 for hessian
Estimating row 26 out of 75 for hessian
Estimating row 27 out of 75 for hessian
Estimating row 28 out of 75 for hessian
Estimating row 29 out of 75 for hessian
Estimating row 30 out of 75 for hessian
Estimating row 31 out of 75 for hessian
Estimating row 32 out of 75 for hessian
Estimating row 33 out of 75 for hessian
Estimating row 34 out of 75 for hessian
Estimating row 35 out of 75 for hessian
Estimating row 36 out of 75 for hessian
Estimating row 37 out of 75 for hessian
Estimating row 38 out of 75 for hessian
Estimating row 39 out of 75 for hessian
Estimating row 40 out of 75 for hessian
Estimating row 41 out of 75 for hessian
Estimating row 42 out of 75 for hessian
Estimating row 43 out of 75 for hessian
Estimating row 44 out of 75 for hessian
Estimating row 45 out of 75 for hessian
Estimating row 46 out of 75 for hessian
Estimating row 47 out of 75 for hessian
Estimating row 48 out of 75 for hessian
Estimating row 49 out of 75 for hessian
Estimating row 50 out of 75 for hessian
Estimating row 51 out of 75 for hessian
Estimating row 52 out of 75 for hessian
Estimating row 53 out of 75 for hessian
Estimating row 54 out of 75 for hessian
Estimating row 55 out of 75 for hessian
Estimating row 56 out of 75 for hessian
Estimating row 57 out of 75 for hessian
Estimating row 58 out of 75 for hessian
Estimating row 59 out of 75 for hessian
Estimating row 60 out of 75 for hessian
Estimating row 61 out of 75 for hessian
Estimating row 62 out of 75 for hessian
Estimating row 63 out of 75 for hessian
Estimating row 64 out of 75 for hessian
Estimating row 65 out of 75 for hessian
Estimating row 66 out of 75 for hessian
Estimating row 67 out of 75 for hessian
Estimating row 68 out of 75 for hessian
Estimating row 69 out of 75 for hessian
Estimating row 70 out of 75 for hessian
Estimating row 71 out of 75 for hessian
Estimating row 72 out of 75 for hessian
Estimating row 73 out of 75 for hessian
Estimating row 74 out of 75 for hessian
Estimating row 75 out of 75 for hessian
size of file gradfil1.tmp = 0
size of file gradfil2.tmp = 0
size of file varssave.tmp = 0
size of file cmpdiff.tmp = 0
