
Initial statistics: 64 variables; iteration 0; function evaluation 0; phase 1
Function value 1.4104616e+04; maximum gradient component mag 1.3139e+04
Var    Value     Gradient |Var    Value     Gradient |Var    Value     Gradient
  1 -0.34562  1.31393e+04 |  2 -0.05062 -4.72506e+03 |  3  0.01410  4.77351e+00
  4 -0.04337 -5.32266e+00 |  5  0.04005  7.46255e+00 |  6 -0.02611 -2.07157e+00
  7 -0.01083  9.40712e-01 |  8  0.02298  7.61540e+00 |  9  0.04688  1.38348e+01
 10 -0.01386  4.31649e+00 | 11  0.03834  1.81484e+01 | 12 -0.00614  1.14066e+01
 13 -0.04737  5.15141e+00 | 14  0.03963  3.59465e+01 | 15 -0.02487  2.02300e+01
 16 -0.03191  2.38910e+01 | 17 -0.01256  3.89226e+01 | 18  0.04330  8.15754e+01
 19  0.00906  6.88930e+01 | 20 -0.01181  6.01921e+01 | 21  0.00513  5.52961e+01
 22  0.01747  6.77633e+00 | 23 -0.04898 -1.03570e+03 | 24 -0.00840 -9.92319e+02
 25  0.02125 -6.47384e+02 | 26  0.01331 -1.71006e+02 | 27  0.04729  3.11063e+02
 28  0.00520 -4.05045e+02 | 29 -0.02872 -3.56937e+02 | 30  0.03566  1.34632e+02
 31  0.00114  3.62730e+02 | 32 -0.03876  3.51999e+02 | 33 -0.04720  5.63180e+02
 34  0.03328  1.85474e+03 | 35  0.03620  1.44124e+03 | 36 -0.01981  2.96740e+02
 37 -0.02050 -1.66623e+01 | 38 -0.04759 -5.76058e+02 | 39  0.02197  9.47983e+01
 40  0.01568  7.30042e+02 | 41  0.04261  1.31693e+03 | 42  0.04605  9.93885e+02
 43 -0.04205 -1.50132e+02 | 44 -0.00427  3.14467e+01 | 45 -0.04119 -6.31826e+02
 46 -0.02774 -7.00944e+02 | 47 -0.03580 -1.33860e+02 | 48  0.04435  1.13585e+03
 49 -0.04233  1.81402e+02 | 50  0.02994  1.44556e+03 | 51 -0.04988  1.42662e+02
 52  0.00007  4.59791e+02 | 53  0.04755  1.08362e+03 | 54  0.02278 -1.50811e+02
 55 -0.05292 -6.27866e+02 | 56  0.01881 -8.14485e+02 | 57  0.04644 -1.10593e+03
 58  0.03295 -1.17530e+03 | 59 -0.02425 -1.74251e+03 | 60 -0.04542 -8.37824e+02
 61  0.04096  8.74417e+01 | 62  0.02171  2.58295e+02 | 63  0.03592 -1.33526e+02
 64 -0.03537 -8.74426e+02 |

Intermediate statistics: 64 variables; iteration 20; function evaluation 28; phase 1
Function value 1.2874294e+04; maximum gradient component mag 1.4091e+04
Var    Value     Gradient |Var    Value     Gradient |Var    Value     Gradient
  1 -0.34420  1.40909e+04 |  2  0.08139  6.28709e+02 |  3 -0.07920 -7.89430e-01
  4 -0.03785  3.18705e-01 |  5 -0.04969  1.82818e-01 |  6 -0.06260  2.25466e-01
  7 -0.08119 -5.35638e-01 |  8 -0.10595 -2.37954e+00 |  9 -0.13257 -4.42094e+00
 10 -0.15034 -4.03936e+00 | 11 -0.18103 -6.59998e+00 | 12 -0.20253 -6.52212e+00
 13 -0.22406 -6.40786e+00 | 14 -0.25484 -8.79300e+00 | 15 -0.27318 -7.66052e+00
 16 -0.29580 -8.06283e+00 | 17 -0.32132 -1.00305e+01 | 18 -0.35672 -1.51858e+01
 19 -0.36275 -1.26727e+01 | 20 -0.35993 -7.95654e+00 | 21 -0.30412  1.16432e+01
 22 -0.23313  3.75092e+01 | 23  0.01248 -7.82739e+02 | 24  0.08646 -4.12427e+02
 25  0.04030 -3.12184e+02 | 26  0.00545 -1.06722e+02 | 27  0.03871  3.64968e+02
 28  0.02421 -1.02902e+02 | 29 -0.01935 -1.97744e+02 | 30  0.02429  7.43094e+01
 31 -0.01013  2.35804e+02 | 32 -0.06060  1.33482e+02 | 33 -0.07622  2.50888e+02
 34  0.01167  1.44320e+03 | 35  0.01830  1.15564e+03 | 36 -0.04398  1.05980e+02
 37 -0.04690 -1.01573e+02 | 38 -0.00242 -8.25074e+01 | 39  0.02914  4.20791e+02
 40 -0.02299  3.38095e+02 | 41 -0.01741  4.39011e+02 | 42 -0.00864  1.60162e+02
 43 -0.09241 -4.75002e+02 | 44 -0.04431 -2.36532e+02 | 45 -0.02271 -3.49665e+02
 46  0.00866 -2.29463e+02 | 47 -0.10005 -4.37680e+02 | 48  0.00549  5.94049e+02
 49 -0.09302 -1.98690e+02 | 50  0.00251  1.03274e+03 | 51 -0.05977  1.01867e+02
 52 -0.00313  5.27321e+02 | 53  0.02354  9.05573e+02 | 54  0.04231  3.52514e+02
 55 -0.02779 -3.15318e+02 | 56  0.04696 -2.90743e+02 | 57  0.06213 -5.73404e+02
 58  0.05480 -5.01807e+02 | 59  0.11278 -3.99434e+02 | 60 -0.00249 -3.98109e+02
 61  0.04124  1.73405e+02 | 62  0.00788  1.60840e+02 | 63  0.01443 -2.38057e+02
 64  0.09311 -6.53596e+02 |
64 variables; iteration 40; function evaluation 55; phase 1
Function value 1.2298061e+04; maximum gradient component mag 9.7697e+03
Var    Value     Gradient |Var    Value     Gradient |Var    Value     Gradient
  1 -0.39184  9.76974e+03 |  2  0.08293  1.53932e+02 |  3 -0.20691 -2.34337e+01
  4 -0.05149 -2.44036e+00 |  5 -0.24056 -2.89932e+01 |  6 -0.12964 -1.26934e+01
  7 -0.17193 -1.79866e+01 |  8 -0.20383 -2.13249e+01 |  9 -0.16697 -1.25990e+01
 10 -0.16002 -7.38713e+00 | 11 -0.16219 -2.82423e+00 | 12 -0.19172 -4.92704e+00
 13 -0.21705 -5.95436e+00 | 14 -0.18831  1.17267e+01 | 15 -0.20518  1.46973e+01
 16 -0.23102  1.31918e+01 | 17 -0.26826  5.61644e+00 | 18 -0.35410 -1.65252e+01
 19 -0.36207 -1.51258e+01 | 20 -0.37413 -1.50379e+01 | 21 -0.35929 -1.14985e+01
 22 -0.20073  6.04023e+01 | 23  0.03874 -4.92176e+02 | 24  0.11331 -1.30504e+02
 25  0.00902 -3.21200e+02 | 26  0.01841  5.81991e+01 | 27  0.04366  3.71277e+02
 28  0.01666 -1.89940e+02 | 29 -0.01340 -1.28759e+02 | 30  0.04053  1.14786e+02
 31 -0.02409  3.95080e+01 | 32 -0.08912 -7.04080e+01 | 33 -0.11130  7.44183e-01
 34 -0.01843  8.46339e+02 | 35 -0.01090  7.01969e+02 | 36 -0.01864  5.90020e+02
 37  0.03066  9.65375e+02 | 38 -0.03748 -2.09259e+02 | 39  0.03475  3.52314e+02
 40 -0.06005  1.94262e+01 | 41 -0.06561  4.13033e+01 | 42  0.01106  4.82458e+02
 43 -0.03664  5.14298e+01 | 44 -0.05158 -1.23198e+02 | 45 -0.00382 -1.28622e+02
 46  0.03102  9.91345e+00 | 47 -0.08563 -2.31661e+02 | 48  0.02471  7.48213e+02
 49 -0.10690 -2.10303e+02 | 50  0.02539  1.12522e+03 | 51 -0.05165  7.30218e+01
 52  0.01817  3.90813e+02 | 53  0.00419 -8.19339e+01 | 54  0.03195 -1.01702e+03
 55 -0.00638 -6.45177e+02 | 56  0.04821 -3.24243e+02 | 57  0.09392 -2.24758e+02
 58  0.05300 -3.52953e+02 | 59  0.14473  5.51143e+01 | 60  0.03984  4.65745e+01
 61  0.02791  9.09260e+01 | 62 -0.10396 -4.06757e+02 | 63 -0.01131 -2.14805e+02
 64  0.04577 -5.21397e+02 |
64 variables; iteration 60; function evaluation 81; phase 1
Function value 1.2095929e+04; maximum gradient component mag 8.6019e+03
Var    Value     Gradient |Var    Value     Gradient |Var    Value     Gradient
  1 -0.42841  8.60194e+03 |  2  0.08743  6.27923e+02 |  3 -0.12176 -1.08218e+01
  4 -0.03996 -1.18216e+00 |  5 -0.01534  5.27569e+00 |  6  0.02241  1.70145e+01
  7  0.01802  2.11936e+01 |  8 -0.02623  1.46682e+01 |  9 -0.13348 -7.28660e+00
 10 -0.07915  1.20894e+01 | 11 -0.27607 -2.72629e+01 | 12 -0.09154  2.66867e+01
 13 -0.13905  1.73044e+01 | 14 -0.33932 -2.89771e+01 | 15 -0.12857  5.13281e+01
 16 -0.20696  2.05704e+01 | 17 -0.18151  4.90981e+01 | 18 -0.32435 -8.85650e+00
 19 -0.30813  3.06182e+00 | 20 -0.23898  5.03015e+01 | 21 -0.41122 -1.98989e+01
 22 -0.13677  1.70162e+02 | 23  0.07128 -3.67680e+02 | 24  0.12061 -1.18141e+02
 25  0.02011 -3.30857e+02 | 26 -0.00998 -1.91388e+02 | 27 -0.00234 -1.12903e+02
 28  0.04757 -1.10407e+02 | 29 -0.01841 -1.47955e+02 | 30  0.07558  4.41032e+02
 31 -0.03158 -3.74839e+01 | 32 -0.08213 -7.06796e+01 | 33 -0.09573  4.57193e+01
 34 -0.03012  5.77645e+02 | 35  0.00195  7.55215e+02 | 36  0.01317  9.03350e+02
 37  0.03458  8.95341e+02 | 38 -0.02332 -1.89535e+02 | 39  0.02828  1.62179e+02
 40 -0.05287  1.51610e+01 | 41 -0.05724  6.50133e+01 | 42  0.01221  4.34693e+02
 43 -0.02824  1.44522e+02 | 44 -0.00060  3.02110e+02 | 45 -0.00882 -9.14026e+01
 46  0.04346  1.65760e+02 | 47 -0.08607 -2.26773e+02 | 48 -0.00458  3.51916e+02
 49 -0.09274 -1.39369e+02 | 50  0.00277  8.17949e+02 | 51 -0.00869  6.50400e+02
 52  0.05899  1.23465e+03 | 53  0.01268  3.15543e+02 | 54  0.05570 -2.88454e+02
 55 -0.01210 -5.66137e+02 | 56  0.05166 -7.03241e+02 | 57  0.09007 -6.11474e+02
 58  0.04285 -6.28447e+02 | 59  0.14559 -5.28893e+02 | 60 -0.03748 -5.57256e+02
 61 -0.02859 -4.89784e+02 | 62 -0.13231 -5.59293e+02 | 63 -0.08874 -5.10467e+02
 64  0.00699 -5.68160e+02 |
Maximum number of function evaluations exceeded

 - final statistics:
64 variables; iteration 75; function evaluation 100
Function value 1.1996e+04; maximum gradient component mag 2.2682e+03
Exit code = 3;  converg criter 1.0000e+01
Var    Value     Gradient |Var    Value     Gradient |Var    Value     Gradient
  1 -0.46040  2.26818e+03 |  2  0.09440  2.24813e+02 |  3 -0.05628 -7.45035e-01
  4 -0.00800  2.98778e+00 |  5 -0.04606 -2.16709e+00 |  6 -0.02524  3.44255e+00
  7 -0.03116  4.90534e+00 |  8 -0.08462 -3.27040e+00 |  9 -0.08307  3.25607e-01
 10 -0.09931  6.73329e-01 | 11 -0.03906  2.64123e+01 | 12 -0.11876  6.94025e+00
 13 -0.15453  2.65417e+00 | 14 -0.13310  1.89754e+01 | 15 -0.27348 -1.76964e+01
 16 -0.20265  9.52992e+00 | 17 -0.23964  3.02423e+00 | 18 -0.22664  1.55962e+01
 19 -0.26151  7.17406e+00 | 20 -0.35099 -1.76153e+01 | 21 -0.25848  8.89470e+00
 22 -0.17400  2.75963e+01 | 23  0.07450 -1.19680e+02 | 24  0.12045 -5.69818e+01
 25  0.03063 -9.98554e+01 | 26 -0.04573 -4.35552e+01 | 27 -0.01003  5.39214e+00
 28  0.06151 -1.21965e+02 | 29 -0.01292 -3.18629e+01 | 30  0.07668  4.18081e+01
 31 -0.00202  6.93521e+01 | 32 -0.09442 -1.31710e+01 | 33 -0.14779 -2.49915e+01
 34 -0.03238  2.56232e+02 | 35  0.02811 -2.96831e+02 | 36  0.02144 -9.67998e+02
 37  0.04671 -5.88806e+02 | 38  0.01485 -2.70280e+02 | 39  0.03224 -2.36446e+02
 40 -0.07665 -1.61258e+02 | 41 -0.06956 -1.72175e+02 | 42  0.03305 -4.64558e+02
 43 -0.02866 -5.43022e+02 | 44 -0.00352 -3.54081e+02 | 45  0.02300  8.92335e+01
 46  0.05861  2.31398e+02 | 47 -0.08155 -5.98091e+00 | 48 -0.00475  2.20823e+02
 49 -0.07557  1.81183e+01 | 50  0.00608  4.38393e+02 | 51 -0.00352  5.41666e+02
 52  0.06881  1.63455e+03 | 53  0.01560  9.30159e+02 | 54  0.06902  6.81276e+02
 55 -0.00266  3.42124e+02 | 56  0.06608  3.72281e+02 | 57  0.09200 -7.28257e+01
 58  0.06699 -1.47845e+02 | 59  0.16087 -1.74927e+02 | 60 -0.05276 -2.06201e+02
 61 -0.05571 -2.32148e+02 | 62 -0.15681 -2.02718e+02 | 63 -0.16866 -1.83060e+02
 64 -0.04706 -1.59962e+02 |

Initial statistics: 69 variables; iteration 0; function evaluation 0; phase 2
Function value 1.1995617e+04; maximum gradient component mag 7.0581e+03
Var    Value     Gradient |Var    Value     Gradient |Var    Value     Gradient
  1 -0.53835 -7.80437e+02 |  2  0.33917  9.26579e+02 |  3  0.06830  3.30155e+03
  4 -0.32912  7.05808e+03 |  5 -0.84538  1.80576e+03 |  6 -0.46040  2.26818e+03
  7  0.09440  2.24813e+02 |  8 -0.05628 -7.45035e-01 |  9 -0.00800  2.98778e+00
 10 -0.04606 -2.16709e+00 | 11 -0.02524  3.44255e+00 | 12 -0.03116  4.90534e+00
 13 -0.08462 -3.27040e+00 | 14 -0.08307  3.25607e-01 | 15 -0.09931  6.73329e-01
 16 -0.03906  2.64123e+01 | 17 -0.11876  6.94025e+00 | 18 -0.15453  2.65417e+00
 19 -0.13310  1.89754e+01 | 20 -0.27348 -1.76964e+01 | 21 -0.20265  9.52992e+00
 22 -0.23964  3.02423e+00 | 23 -0.22664  1.55962e+01 | 24 -0.26151  7.17406e+00
 25 -0.35099 -1.76153e+01 | 26 -0.25848  8.89470e+00 | 27 -0.17400  2.75963e+01
 28  0.07457 -1.17440e+02 | 29  0.12053 -5.47667e+01 | 30  0.03071 -9.76035e+01
 31 -0.04565 -4.13074e+01 | 32 -0.00996  7.64586e+00 | 33  0.06158 -1.19720e+02
 34 -0.01284 -2.96095e+01 | 35  0.07676  4.40451e+01 | 36 -0.00194  7.16061e+01
 37 -0.09434 -1.09419e+01 | 38 -0.14771 -2.27986e+01 | 39 -0.03230  2.58485e+02
 40  0.02819 -2.94578e+02 | 41  0.02151 -9.65742e+02 | 42  0.04679 -5.86553e+02
 43  0.01492 -2.68025e+02 | 44  0.03232 -2.34193e+02 | 45 -0.07657 -1.59022e+02
 46 -0.06948 -1.69937e+02 | 47  0.03313 -4.62304e+02 | 48 -0.02858 -5.40773e+02
 49 -0.00344 -3.51828e+02 | 50  0.02307  9.14856e+01 | 51  0.05869  2.33640e+02
 52 -0.08148 -3.74545e+00 | 53 -0.00468  2.23077e+02 | 54 -0.07550  2.03567e+01
 55  0.00616  4.40646e+02 | 56 -0.00344  5.43920e+02 | 57  0.06889  1.63677e+03
 58  0.01568  9.32410e+02 | 59  0.06910  6.83507e+02 | 60 -0.00258  3.44378e+02
 61  0.06616  3.74518e+02 | 62  0.09207 -7.05939e+01 | 63  0.06707 -1.45602e+02
 64  0.16094 -1.72739e+02 | 65 -0.05269 -2.03957e+02 | 66 -0.05563 -2.29905e+02
 67 -0.15674 -2.00538e+02 | 68 -0.16858 -1.80891e+02 | 69 -0.04698 -1.57715e+02

Intermediate statistics: 69 variables; iteration 20; function evaluation 29; phase 2
Function value 1.1450050e+04; maximum gradient component mag -5.7100e+03
Var    Value     Gradient |Var    Value     Gradient |Var    Value     Gradient
  1 -0.69343  5.57670e+02 |  2  0.06819 -6.08832e+02 |  3 -0.33864 -5.71003e+03
  4 -0.31710 -5.45192e+03 |  5 -0.52181 -4.76847e+03 |  6 -0.47797 -1.31965e+03
  7  0.12771 -1.13499e+03 |  8 -0.05240 -4.27457e+00 |  9 -0.01056  9.90107e-02
 10 -0.04127 -4.04388e+00 | 11 -0.02727 -1.19693e+00 | 12 -0.03431 -1.39742e+00
 13 -0.07655 -7.26267e+00 | 14 -0.07868 -6.42169e+00 | 15 -0.09436 -7.63354e+00
 16 -0.06292  6.01251e-01 | 17 -0.11895 -8.15049e+00 | 18 -0.14854 -1.15454e+01
 19 -0.14423 -8.01079e+00 | 20 -0.24144 -2.37730e+01 | 21 -0.20043 -1.44412e+01
 22 -0.22869 -1.80315e+01 | 23 -0.22710 -1.61222e+01 | 24 -0.25081 -1.95502e+01
 25 -0.31231 -2.87637e+01 | 26 -0.23913 -1.65907e+01 | 27 -0.14249 -7.34769e+00
 28  0.05778  7.89352e+01 | 29  0.08496 -8.30253e-01 | 30  0.05148 -1.24518e+02
 31 -0.10653 -8.61993e+01 | 32 -0.16991  2.54474e+01 | 33  0.14254  7.88534e+01
 34 -0.13725  2.81295e+01 | 35  0.15499 -1.07870e+02 | 36  0.02437 -2.36781e+02
 37 -0.02442 -2.30847e+02 | 38 -0.14034 -8.07303e+01 | 39 -0.00455 -6.07673e+02
 40  0.02649 -8.92048e+02 | 41  0.07821 -1.04047e+02 | 42  0.03330  2.00818e+02
 43  0.06466  5.03777e+01 | 44  0.05307  2.26841e+01 | 45 -0.15798  2.23598e+01
 46 -0.14732  4.41010e+01 | 47  0.10008  4.11482e+02 | 48  0.02667 -1.25500e+02
 49 -0.05631 -4.00357e+02 | 50 -0.01659 -8.43172e+02 | 51  0.12114 -1.15754e+03
 52 -0.07991 -1.24755e+02 | 53 -0.01474 -4.29047e+02 | 54 -0.02928 -4.69318e+02
 55 -0.04491 -3.71159e+02 | 56  0.03080  1.14385e+02 | 57  0.14581  1.97617e+03
 58  0.04772  1.25420e+03 | 59  0.11227  1.04240e+03 | 60 -0.13599  1.04554e+02
 61  0.00209  4.91416e-01 | 62  0.17023  6.18859e+02 | 63  0.03357  7.56947e+01
 64  0.15357 -5.84726e+01 | 65 -0.04126  9.48141e+01 | 66 -0.03014  1.31735e+02
 67 -0.13685  9.09572e+01 | 68 -0.15978  6.75121e+01 | 69 -0.07507  8.67248e+01
69 variables; iteration 40; function evaluation 51; phase 2
Function value 1.1424830e+04; maximum gradient component mag -2.1296e+03
Var    Value     Gradient |Var    Value     Gradient |Var    Value     Gradient
  1 -0.81571  9.41402e+01 |  2  0.09624 -3.81207e+02 |  3 -0.33462 -2.12960e+03
  4 -0.32522 -1.97127e+03 |  5 -0.51605 -2.04693e+03 |  6 -0.52981  2.22326e+01
  7  0.12519 -7.77083e+02 |  8 -0.03473  1.87075e+00 |  9 -0.02905 -1.47461e+00
 10 -0.00962  2.75122e+00 | 11 -0.03934 -1.05560e+00 | 12 -0.05075 -1.54467e+00
 13 -0.03392  3.84960e+00 | 14 -0.05665  1.86116e+00 | 15 -0.07164  1.79437e+00
 16 -0.13710 -9.15202e+00 | 17 -0.11415 -3.58777e-01 | 18 -0.12730  8.88888e-01
 19 -0.16234 -3.61430e+00 | 20 -0.16260  1.76353e+00 | 21 -0.18959 -6.37769e-01
 22 -0.20408  6.56624e-01 | 23 -0.22351  1.07913e-01 | 24 -0.23141  3.55452e+00
 25 -0.23955  7.21588e+00 | 26 -0.21049  2.65445e+01 | 27 -0.11133  9.88817e+01
 28  0.02954  2.36863e+01 | 29  0.01960  4.38983e+00 | 30  0.12732  2.84247e+01
 31 -0.06828 -8.73409e+01 | 32 -0.18978 -5.65858e+01 | 33  0.14438  3.33809e+02
 34 -0.13093 -1.51558e+01 | 35  0.15619  5.08184e+02 | 36  0.03738  8.98512e+01
 37 -0.00073  7.34770e+01 | 38 -0.20107 -3.03334e+01 | 39 -0.00613 -3.14452e+01
 40  0.04992 -1.78995e+02 | 41  0.08223  4.25986e+02 | 42  0.02327  2.33499e+02
 43  0.09228  1.47096e+02 | 44  0.08226  3.08271e+01 | 45 -0.22105 -9.93254e+01
 46 -0.13499 -9.93100e+01 | 47  0.09540  2.92560e+01 | 48  0.03617 -2.77231e+02
 49 -0.02609 -5.30074e+02 | 50 -0.07608 -5.24608e+02 | 51  0.15653 -5.95241e+02
 52 -0.09377 -1.27381e+02 | 53 -0.02026 -3.27915e+02 | 54 -0.02810 -3.48939e+02
 55 -0.02453 -3.71284e+02 | 56  0.02138 -1.08862e+02 | 57  0.15117  1.32242e+03
 58  0.05347  8.24602e+02 | 59  0.12276  3.73979e+02 | 60 -0.11876 -9.33499e+01
 61 -0.01456 -3.22585e+02 | 62  0.18480  2.14790e+02 | 63  0.03543 -8.01191e+01
 64  0.16154 -2.22055e+02 | 65 -0.03192 -2.42598e+01 | 66 -0.01747  2.59411e+01
 67 -0.12200 -9.65091e+00 | 68 -0.13251 -2.59818e+01 | 69 -0.20675 -3.96247e+01
69 variables; iteration 60; function evaluation 76; phase 2
Function value 1.1309540e+04; maximum gradient component mag 7.7692e+03
Var    Value     Gradient |Var    Value     Gradient |Var    Value     Gradient
  1 -0.69673 -8.83592e+02 |  2  0.14790  5.03238e+02 |  3 -0.31509  7.46148e+03
  4 -0.32103  7.76924e+03 |  5 -0.53293  5.49653e+03 |  6 -0.49305  4.14582e+03
  7  0.14441  1.33470e+03 |  8 -0.04663  2.76405e+00 |  9 -0.04159 -2.16031e+00
 10 -0.00820  5.34652e+00 | 11 -0.04533  3.53087e-01 | 12 -0.05467  9.03668e-01
 13 -0.06983  6.75715e-01 | 14 -0.07539  3.12832e+00 | 15 -0.07849  7.23796e+00
 16 -0.16233 -9.06172e+00 | 17 -0.12189  7.14620e+00 | 18 -0.14432  7.09541e+00
 19 -0.15199  1.27522e+01 | 20 -0.24530 -1.01864e+01 | 21 -0.20208  1.16508e+01
 22 -0.21082  1.78774e+01 | 23 -0.23336  1.74153e+01 | 24 -0.25757  1.55376e+01
 25 -0.32822 -5.09921e+00 | 26 -0.31457  4.60609e+00 | 27 -0.22408  5.65238e+01
 28  0.06632 -2.62381e+02 | 29  0.03857 -2.91133e+02 | 30  0.09762 -2.23445e+02
 31 -0.00833 -2.88525e+02 | 32 -0.13682 -3.00159e+02 | 33  0.11937  5.75378e+00
 34 -0.22015 -3.69147e+02 | 35  0.14321  5.17258e+02 | 36  0.01204 -8.75354e+01
 37 -0.03688 -1.08513e+02 | 38 -0.17141 -2.29029e+02 | 39 -0.01316  1.15484e+02
 40  0.06407  1.44459e+02 | 41  0.06012  1.25011e+02 | 42  0.01750 -1.32205e+02
 43  0.06035 -1.70524e+02 | 44  0.07819  3.21142e+01 | 45 -0.15096 -3.28987e+02
 46 -0.15578 -3.13476e+02 | 47  0.06754  3.84262e+02 | 48  0.03772  2.13284e+02
 49 -0.03950 -2.28859e+02 | 50 -0.00305 -4.39780e+02 | 51  0.09985 -9.44573e+01
 52 -0.13331 -3.23123e+02 | 53 -0.00341 -8.06314e+01 | 54 -0.01950  1.21560e+01
 55 -0.01711  9.51618e+01 | 56  0.02334  5.22709e+02 | 57  0.11649  1.80499e+03
 58  0.02661  7.83016e+02 | 59  0.12231  1.22446e+03 | 60 -0.14996 -2.64889e+02
 61  0.03348 -1.22277e+02 | 62  0.15281  2.67175e+02 | 63  0.04701 -2.96393e+02
 64  0.17626 -2.08977e+02 | 65 -0.04713 -3.45907e+02 | 66 -0.03848 -3.34710e+02
 67 -0.13788 -3.36845e+02 | 68 -0.14933 -3.48440e+02 | 69 -0.05788 -3.46769e+02
Maximum number of function evaluations exceeded

 - final statistics:
69 variables; iteration 79; function evaluation 100
Function value 1.1247e+04; maximum gradient component mag 7.4867e+03
Exit code = 3;  converg criter 1.0000e+01
Var    Value     Gradient |Var    Value     Gradient |Var    Value     Gradient
  1 -0.62013 -9.66114e+02 |  2  0.13680  4.69248e+02 |  3 -0.30759  7.00257e+03
  4 -0.32080  7.48669e+03 |  5 -0.53853  5.31731e+03 |  6 -0.46679  3.90571e+03
  7  0.13344  4.46966e+02 |  8  0.01251  1.16481e+01 |  9  0.02109  7.01608e+00
 10  0.01951  8.29540e+00 | 11 -0.01851  3.14428e+00 | 12  0.02875  1.54738e+01
 13 -0.01949  8.14759e+00 | 14  0.00309  1.83132e+01 | 15 -0.06145  6.25082e+00
 16 -0.01871  2.58585e+01 | 17 -0.11537  2.30552e+00 | 18 -0.08245  2.02374e+01
 19 -0.18808 -6.61585e+00 | 20 -0.19701 -3.46241e+00 | 21 -0.18929  5.99343e+00
 22 -0.25147 -7.53245e+00 | 23 -0.23815  2.99963e+00 | 24 -0.24006  9.52963e+00
 25 -0.24241  1.59890e+01 | 26 -0.23433  2.48859e+01 | 27 -0.23078  2.32259e+01
 28  0.01634 -2.75223e+02 | 29  0.10226 -2.43670e+02 | 30  0.06549 -2.71337e+02
 31  0.00919 -2.65238e+02 | 32 -0.16827 -3.05341e+02 | 33  0.10812 -2.15058e+02
 34 -0.12009 -2.98988e+02 | 35  0.11565 -9.65853e+01 | 36  0.01867 -1.95275e+02
 37 -0.02930 -1.65576e+02 | 38 -0.16177 -2.44064e+02 | 39 -0.04952 -1.92330e+02
 40  0.08047  4.92121e+01 | 41  0.05932  3.08868e+02 | 42  0.00502  3.95985e+01
 43  0.06098 -4.69138e+01 | 44  0.03912 -1.01084e+02 | 45 -0.12314 -2.20430e+02
 46 -0.09050 -1.03309e+02 | 47  0.05129  5.51473e+02 | 48  0.04015  5.36763e+02
 49 -0.03289  6.63963e+01 | 50  0.01148 -4.76527e+01 | 51  0.08221  9.15195e+01
 52 -0.07858 -1.79302e+02 | 53 -0.00191  3.73634e+00 | 54 -0.02986  2.05010e-01
 55 -0.00052  1.93293e+02 | 56  0.01220  4.07773e+02 | 57  0.09593  1.42247e+03
 58 -0.02237  4.26086e+02 | 59  0.13412  1.67403e+03 | 60 -0.12246 -1.69994e+02
 61  0.04938  1.38143e+01 | 62  0.13605  1.09068e+02 | 63  0.04068 -3.24889e+02
 64  0.16237 -3.75694e+02 | 65 -0.04333 -3.17184e+02 | 66 -0.05062 -3.38873e+02
 67 -0.13944 -3.07798e+02 | 68 -0.11321 -2.93119e+02 | 69 -0.12234 -3.19105e+02

Initial statistics: 78 variables; iteration 0; function evaluation 0; phase 3
Function value 1.1246915e+04; maximum gradient component mag -9.8170e+04
Var    Value     Gradient |Var    Value     Gradient |Var    Value     Gradient
  1 -0.62013 -9.66114e+02 |  2  0.13680  4.69248e+02 |  3 -0.30759  7.00257e+03
  4 -0.32080  7.48669e+03 |  5 -0.53853  5.31731e+03 |  6 -0.46679  3.90571e+03
  7  0.13344  4.46966e+02 |  8  0.01251  1.16481e+01 |  9  0.02109  7.01608e+00
 10  0.01951  8.29540e+00 | 11 -0.01851  3.14428e+00 | 12  0.02875  1.54738e+01
 13 -0.01949  8.14759e+00 | 14  0.00309  1.83132e+01 | 15 -0.06145  6.25082e+00
 16 -0.01871  2.58585e+01 | 17 -0.11537  2.30552e+00 | 18 -0.08245  2.02374e+01
 19 -0.18808 -6.61585e+00 | 20 -0.19701 -3.46241e+00 | 21 -0.18929  5.99343e+00
 22 -0.25147 -7.53245e+00 | 23 -0.23815  2.99963e+00 | 24 -0.24006  9.52963e+00
 25 -0.24241  1.59890e+01 | 26 -0.23433  2.48859e+01 | 27 -0.23078  2.32259e+01
 28  0.01637 -2.74378e+02 | 29  0.10229 -2.42834e+02 | 30  0.06552 -2.70496e+02
 31  0.00922 -2.64393e+02 | 32 -0.16824 -3.04529e+02 | 33  0.10815 -2.14223e+02
 34 -0.12006 -2.98161e+02 | 35  0.11568 -9.57537e+01 | 36  0.01870 -1.94430e+02
 37 -0.02927 -1.64732e+02 | 38 -0.16174 -2.43250e+02 | 39 -0.04949 -1.91488e+02
 40  0.08050  5.00498e+01 | 41  0.05935  3.09708e+02 | 42  0.00505  4.04432e+01
 43  0.06100 -4.60728e+01 | 44  0.03915 -1.00240e+02 | 45 -0.12311 -2.19603e+02
 46 -0.09047 -1.02474e+02 | 47  0.05132  5.52313e+02 | 48  0.04018  5.37604e+02
 49 -0.03286  6.72400e+01 | 50  0.01151 -4.68081e+01 | 51  0.08224  9.23566e+01
 52 -0.07855 -1.78465e+02 | 53 -0.00188  4.58106e+00 | 54 -0.02983  1.04881e+00
 55 -0.00049  1.94138e+02 | 56  0.01222  4.08618e+02 | 57  0.09596  1.42330e+03
 58 -0.02234  4.26930e+02 | 59  0.13415  1.67484e+03 | 60 -0.12243 -1.69166e+02
 61  0.04941  1.46564e+01 | 62  0.13608  1.09892e+02 | 63  0.04071 -3.24045e+02
 64  0.16240 -3.74872e+02 | 65 -0.04330 -3.16342e+02 | 66 -0.05059 -3.38032e+02
 67 -0.13941 -3.06976e+02 | 68 -0.11318 -2.92290e+02 | 69 -0.12231 -3.18278e+02
 70  0.89180  6.33832e+03 | 71 -0.91342 -2.28069e-02 | 72  0.24340 -9.81702e+04
 73 -0.88203 -1.67497e-02 | 74  0.22539  2.73551e+01 | 75 -0.84201 -5.34736e+02
 76  0.23673  1.34103e+00 | 77 -0.14648  4.03777e+02 | 78  0.48733  8.39920e-01

Intermediate statistics: 78 variables; iteration 20; function evaluation 31; phase 3
Function value 4.8419242e+02; maximum gradient component mag -1.1774e+03
Var    Value     Gradient |Var    Value     Gradient |Var    Value     Gradient
  1 -0.88598  3.79203e+01 |  2  0.52478  1.56089e+01 |  3 -0.15587 -2.91501e+02
  4 -0.33031 -3.52713e+02 |  5 -0.68375 -4.12405e+02 |  6 -0.48215 -2.03412e+02
  7  0.06492 -1.17742e+03 |  8 -0.03614 -7.29831e-01 |  9 -0.01234  1.69152e-01
 10 -0.01827 -8.83637e-02 | 11 -0.02596 -4.65368e-01 | 12 -0.03787 -1.36523e+00
 13 -0.04548 -1.32108e+00 | 14 -0.06558 -3.30312e+00 | 15 -0.06904 -1.94405e+00
 16 -0.10593 -6.85862e+00 | 17 -0.09490 -1.81294e+00 | 18 -0.13295 -7.07985e+00
 19 -0.11776  8.20427e-02 | 20 -0.13681 -6.51225e-01 | 21 -0.16393 -3.79870e+00
 22 -0.16133  6.29132e-01 | 23 -0.17927 -2.31969e+00 | 24 -0.18336 -3.36018e+00
 25 -0.18152 -4.35612e+00 | 26 -0.17827 -7.85649e+00 | 27 -0.14434 -1.51244e+01
 28  0.07483  2.71071e+00 | 29  0.09209 -1.09058e+01 | 30  0.10562 -5.96927e+01
 31 -0.17343 -2.80603e+01 | 32 -0.09468  3.95665e+01 | 33  0.12251 -5.51734e+01
 34 -0.14235  2.14174e+01 | 35  0.13358 -4.01622e+00 | 36  0.03526  4.39581e+01
 37 -0.22887 -8.70695e+01 | 38 -0.13137  2.11137e+01 | 39 -0.10157  1.85619e+01
 40  0.05928 -6.91412e+00 | 41  0.01634 -9.41304e+01 | 42  0.01368 -9.97731e+01
 43  0.13516 -2.04952e+02 | 44  0.05202 -1.78174e+02 | 45 -0.05144  2.12028e+01
 46 -0.02656  5.86751e+01 | 47  0.06908  7.79557e+01 | 48  0.00728  2.82641e+01
 49 -0.02642  1.17378e+02 | 50  0.09170  4.18782e+02 | 51  0.09660  3.00660e+02
 52 -0.04884  1.44666e+02 | 53  0.01558  2.00980e+02 | 54  0.00185  8.36849e+01
 55 -0.54486 -8.03688e+01 | 56  0.03407  2.08324e+02 | 57  0.08675  2.48185e+02
 58 -0.03356  8.69894e+01 | 59  0.13298  1.74985e+02 | 60  0.04291  1.42764e+02
 61  0.09109 -6.75509e+01 | 62  0.11745 -2.22446e+02 | 63  0.06471 -5.52259e+01
 64  0.14740 -2.82425e+02 | 65 -0.04461 -2.67582e+01 | 66 -0.03360 -1.75515e+01
 67 -0.09512  3.44665e+01 | 68 -0.07236  2.85810e+01 | 69 -0.02557  1.71569e+01
 70  1.26374 -7.43515e+01 | 71 -0.91327 -2.26558e-02 | 72  0.42414  3.24829e+02
 73 -0.88193 -1.67350e-02 | 74  0.33731 -3.61504e+00 | 75 -0.81018  1.10646e+02
 76  0.24938 -2.44758e+00 | 77 -0.84401 -1.45750e+01 | 78  0.49631 -1.63020e+00
78 variables; iteration 40; function evaluation 54; phase 3
Function value 4.5019584e+02; maximum gradient component mag -1.2400e+03
Var    Value     Gradient |Var    Value     Gradient |Var    Value     Gradient
  1 -0.77735  1.43720e+02 |  2  0.47162 -1.04045e+02 |  3 -0.15402 -6.90825e+02
  4 -0.32312 -1.10429e+03 |  5 -0.68660 -9.48505e+02 |  6 -0.45273 -7.13429e+02
  7  0.06129 -1.23998e+03 |  8 -0.04874 -3.27275e+00 |  9 -0.03525 -3.46392e+00
 10 -0.03934 -3.56100e+00 | 11 -0.02948 -1.27693e+00 | 12 -0.06038 -5.34253e+00
 13 -0.04784 -2.07588e+00 | 14 -0.07110 -4.65818e+00 | 15 -0.06695 -1.98817e+00
 16 -0.10160 -6.44584e+00 | 17 -0.09586 -2.57500e+00 | 18 -0.12161 -5.10662e+00
 19 -0.11383  4.85306e-01 | 20 -0.13126  3.02464e-01 | 21 -0.16157 -3.56253e+00
 22 -0.14689  4.89075e+00 | 23 -0.17220 -8.30079e-02 | 24 -0.17937 -1.49644e+00
 25 -0.18062 -2.34655e+00 | 26 -0.17355 -3.16577e+00 | 27 -0.09941 -1.02324e+00
 28  0.05803  1.54588e+01 | 29  0.06661  3.26034e+00 | 30  0.11179  6.34762e+00
 31 -0.13722  3.87441e+00 | 32 -0.11024  5.81701e+01 | 33  0.12233  2.74853e+01
 34 -0.16077  2.81033e+01 | 35  0.13022 -1.02248e+02 | 36 -0.01882 -7.29350e+01
 37 -0.12143 -8.42894e+01 | 38 -0.15923  9.96511e+00 | 39 -0.10793 -1.70303e+01
 40  0.04277 -1.94917e+02 | 41 -0.00366 -1.91237e+02 | 42  0.02118 -1.38039e+02
 43  0.11904 -3.02010e+02 | 44  0.06332 -2.09462e+02 | 45 -0.07076 -2.74643e+00
 46 -0.04030  1.90875e+01 | 47  0.07022  1.23621e+01 | 48 -0.01749 -7.44968e+01
 49 -0.03763  2.91063e+01 | 50  0.07903  2.38720e+02 | 51  0.09067  1.71611e+02
 52 -0.06361  8.88974e+01 | 53 -0.00184  9.95556e+01 | 54  0.00352  7.26257e+01
 55 -0.41040 -9.17266e+01 | 56  0.01767  5.51424e+01 | 57  0.07235  4.95439e+01
 58 -0.04523  4.19436e+01 | 59  0.12380  1.18990e+02 | 60  0.04120  1.74075e+02
 61  0.08229  1.18726e+01 | 62  0.13034 -9.29010e+00 | 63  0.04234 -2.58850e+01
 64  0.14743 -1.42237e+02 | 65 -0.05130  9.00577e+00 | 66 -0.03693  2.74232e+01
 67 -0.10514  5.85959e+01 | 68 -0.08490  4.31501e+01 | 69  0.11603  4.97339e+01
 70  1.25812 -8.37034e+00 | 71 -0.90712 -2.13619e-02 | 72  0.42452  9.20874e+02
 73 -0.87608 -1.59274e-02 | 74  1.03089 -6.20519e-02 | 75 -0.83876  2.99942e+01
 76  0.51736 -8.00284e-04 | 77 -0.86984 -4.68755e+00 | 78  0.70607 -2.28453e-02
78 variables; iteration 60; function evaluation 80; phase 3
Function value 4.0781289e+02; maximum gradient component mag -8.8365e+02
Var    Value     Gradient |Var    Value     Gradient |Var    Value     Gradient
  1 -0.70849  1.32476e+02 |  2  0.42252 -1.77151e+02 |  3 -0.15603 -4.60592e+02
  4 -0.31771 -8.22502e+02 |  5 -0.68632 -8.83650e+02 |  6 -0.42854 -7.68618e+02
  7  0.07419 -2.78963e+01 |  8 -0.00792  5.21379e+00 |  9  0.01090  4.27398e+00
 10  0.01063  5.26092e+00 | 11 -0.01873  1.51296e+00 | 12  0.00220  6.98711e+00
 13 -0.03590  1.79160e+00 | 14 -0.04542  2.30372e+00 | 15 -0.07364 -7.69216e-01
 16 -0.08868 -8.32329e-01 | 17 -0.11369 -2.86415e+00 | 18 -0.10958  2.48828e+00
 19 -0.17816 -1.02086e+01 | 20 -0.18502 -7.81188e+00 | 21 -0.17924 -1.40414e+00
 22 -0.19020  3.99853e-01 | 23 -0.17882  9.01403e+00 | 24 -0.17578  1.34983e+01
 25 -0.22934 -3.74457e+00 | 26 -0.16807  2.01825e+01 | 27 -0.14357  2.04374e+01
 28  0.06566  1.03264e+02 | 29  0.10239  1.13935e+02 | 30  0.07473  1.01095e+02
 31 -0.04945  8.86295e+01 | 32 -0.15319  6.23648e+01 | 33  0.11326  4.36723e+01
 34 -0.19026  3.46419e+01 | 35  0.12195 -9.12986e+01 | 36 -0.04131 -4.72615e+01
 37 -0.09099 -2.21356e+01 | 38 -0.17645  3.82747e+01 | 39 -0.10627 -2.24967e-01
 40  0.01683 -2.47079e+02 | 41 -0.00838 -1.31353e+02 | 42  0.02487  3.43290e+01
 43  0.10964  1.14546e+02 | 44  0.09633  2.51096e+02 | 45 -0.11504  6.07423e+01
 46 -0.03801  7.26703e+01 | 47  0.05542 -1.11640e+01 | 48 -0.01335 -8.47771e+01
 49 -0.05210 -2.13882e+01 | 50  0.06160 -2.85590e+01 | 51  0.07761 -1.17294e+02
 52 -0.10031  3.60214e+00 | 53 -0.00590  2.44110e+01 | 54 -0.02307  8.58774e+01
 55 -0.09851 -3.95590e+01 | 56  0.00120  3.63064e+01 | 57  0.05140 -2.50616e+02
 58 -0.03839 -3.50604e+01 | 59  0.10401 -3.11865e+02 | 60  0.02478  2.88048e+01
 61  0.08809 -2.76231e+01 | 62  0.11760 -5.87055e+01 | 63  0.05066  4.47587e+01
 64  0.15047 -1.04583e+01 | 65 -0.05243  4.45908e+01 | 66 -0.04511  3.50254e+01
 67 -0.12478  5.44346e+01 | 68 -0.09668  5.53023e+01 | 69  0.11058  7.06421e+01
 70  1.20919 -7.46091e+01 | 71 -0.88129 -1.63289e-02 | 72  0.42377 -1.32092e+02
 73 -0.85149 -1.32178e-02 | 74  0.30056 -2.83329e+00 | 75 -0.83076  1.71283e+01
 76  0.40385 -1.36207e-02 | 77 -0.80695 -7.16952e+00 | 78  0.73762 -1.87595e-02
Maximum number of function evaluations exceeded

 - final statistics:
78 variables; iteration 76; function evaluation 100
Function value 3.8546e+02; maximum gradient component mag -1.1706e+03
Exit code = 3;  converg criter 1.0000e+00
Var    Value     Gradient |Var    Value     Gradient |Var    Value     Gradient
  1 -0.68452  1.61470e+02 |  2  0.44066 -1.44229e+02 |  3 -0.16435 -7.24775e+02
  4 -0.32851 -1.17055e+03 |  5 -0.66380 -1.07676e+03 |  6 -0.43297 -7.66223e+02
  7  0.08008  1.49344e+02 |  8 -0.03511 -1.78603e-01 |  9 -0.01194  4.74077e-01
 10 -0.02389 -6.47425e-01 | 11 -0.00578  3.45298e+00 | 12 -0.01952  2.53775e+00
 13 -0.13521 -1.54187e+01 | 14 -0.01943  7.21643e+00 | 15 -0.05936  1.67298e+00
 16 -0.11697 -7.41795e+00 | 17 -0.07823  5.03423e+00 | 18 -0.08524  8.28365e+00
 19 -0.12491  2.36199e+00 | 20 -0.15993 -2.23711e+00 | 21 -0.15949  3.33234e+00
 22 -0.17430  3.94792e+00 | 23 -0.20878 -3.28113e+00 | 24 -0.20125  6.90980e-01
 25 -0.20195  4.31571e-01 | 26 -0.20662 -4.23585e+00 | 27 -0.15715 -6.70825e+00
 28  0.03141  4.61558e+01 | 29  0.09266  4.31004e+01 | 30  0.08702  6.36577e+01
 31 -0.05142  6.23322e+01 | 32 -0.15456  4.99416e+01 | 33  0.11121 -1.34539e+00
 34 -0.14640  5.57303e+01 | 35  0.12163 -6.24512e+01 | 36 -0.03060 -6.86014e+00
 37 -0.05064  5.52947e+01 | 38 -0.21418  3.21784e+01 | 39 -0.11707  9.71809e+00
 40  0.03317 -7.76809e+01 | 41  0.01145 -2.25529e+01 | 42  0.01992  3.83502e+01
 43  0.11857  7.32065e+01 | 44  0.08652  9.38988e+01 | 45 -0.09918  3.42766e+01
 46 -0.05580  1.62853e+00 | 47  0.04952 -5.21408e+01 | 48  0.02263 -7.71349e+00
 49 -0.05455 -1.36241e+00 | 50  0.05362 -9.16847e+01 | 51  0.08542 -1.16714e+02
 52 -0.08127  1.11283e+01 | 53 -0.01669 -3.19113e+01 | 54 -0.03142  5.20340e+01
 55 -0.06406  4.47545e+00 | 56 -0.00797  2.73282e+01 | 57  0.06326 -1.86554e+02
 58 -0.04694 -3.87625e+01 | 59  0.10887 -2.90021e+02 | 60  0.02311  2.06957e+01
 61  0.09052 -2.91261e+01 | 62  0.12168 -5.95182e+01 | 63  0.04932  2.35321e+01
 64  0.15257 -3.70124e+01 | 65 -0.04976  3.84615e+01 | 66 -0.04101  3.32442e+01
 67 -0.12679  4.19274e+01 | 68 -0.10471  4.11885e+01 | 69  0.00390  5.46756e+01
 70  1.20161 -1.79343e+01 | 71 -0.84010 -1.21244e-02 | 72  0.42591  5.15463e+02
 73 -0.81793 -1.06818e-02 | 74  0.25726 -6.51747e+00 | 75 -0.84140  2.26839e+01
 76  0.25307 -4.15628e-01 | 77 -0.85139 -4.35808e+00 | 78  0.67849 -1.86476e-01

Initial statistics: 78 variables; iteration 0; function evaluation 0; phase 4
Function value 3.8545673e+02; maximum gradient component mag -1.1706e+03
Var    Value     Gradient |Var    Value     Gradient |Var    Value     Gradient
  1 -0.68452  1.61470e+02 |  2  0.44066 -1.44229e+02 |  3 -0.16435 -7.24775e+02
  4 -0.32851 -1.17055e+03 |  5 -0.66380 -1.07676e+03 |  6 -0.43297 -7.66223e+02
  7  0.08008  1.49344e+02 |  8 -0.03511 -1.78603e-01 |  9 -0.01194  4.74077e-01
 10 -0.02389 -6.47425e-01 | 11 -0.00578  3.45298e+00 | 12 -0.01952  2.53775e+00
 13 -0.13521 -1.54187e+01 | 14 -0.01943  7.21643e+00 | 15 -0.05936  1.67298e+00
 16 -0.11697 -7.41795e+00 | 17 -0.07823  5.03423e+00 | 18 -0.08524  8.28365e+00
 19 -0.12491  2.36199e+00 | 20 -0.15993 -2.23711e+00 | 21 -0.15949  3.33234e+00
 22 -0.17430  3.94792e+00 | 23 -0.20878 -3.28113e+00 | 24 -0.20125  6.90980e-01
 25 -0.20195  4.31571e-01 | 26 -0.20662 -4.23585e+00 | 27 -0.15715 -6.70825e+00
 28  0.03149  4.86492e+01 | 29  0.09274  4.55699e+01 | 30  0.08710  6.61300e+01
 31 -0.05134  6.48216e+01 | 32 -0.15447  5.23669e+01 | 33  0.11129  1.11338e+00
 34 -0.14632  5.81632e+01 | 35  0.12171 -5.99982e+01 | 36 -0.03051 -4.36625e+00
 37 -0.05056  5.77842e+01 | 38 -0.21409  3.45369e+01 | 39 -0.11698  1.21731e+01
 40  0.03325 -7.51869e+01 | 41  0.01153 -2.00564e+01 | 42  0.02000  4.08456e+01
 43  0.11866  7.56582e+01 | 44  0.08660  9.63708e+01 | 45 -0.09910  3.67439e+01
 46 -0.05571  4.11579e+00 | 47  0.04960 -4.96510e+01 | 48  0.02272 -5.21825e+00
 49 -0.05446  1.12525e+00 | 50  0.05371 -8.91958e+01 | 51  0.08550 -1.14238e+02
 52 -0.08118  1.36051e+01 | 53 -0.01660 -2.94154e+01 | 54 -0.03133  5.45281e+01
 55 -0.06398  6.95971e+00 | 56 -0.00788  2.98249e+01 | 57  0.06335 -1.84067e+02
 58 -0.04685 -3.62729e+01 | 59  0.10896 -2.87554e+02 | 60  0.02320  2.31907e+01
 61  0.09061 -2.66539e+01 | 62  0.12177 -5.70654e+01 | 63  0.04941  2.60212e+01
 64  0.15266 -3.45858e+01 | 65 -0.04967  4.09511e+01 | 66 -0.04092  3.57362e+01
 67 -0.12670  4.43761e+01 | 68 -0.10462  4.36526e+01 | 69  0.00399  5.71723e+01
 70  0.79839  1.79343e+01 | 71 -0.84010 -1.21244e-02 | 72  0.42591  5.15463e+02
 73 -0.81793 -1.06818e-02 | 74  0.25726 -6.51747e+00 | 75 -0.84140  2.26839e+01
 76  0.25307 -4.15628e-01 | 77 -0.85139 -4.35808e+00 | 78  0.67849 -1.86476e-01

Intermediate statistics: 78 variables; iteration 20; function evaluation 24; phase 4
Function value 3.4581939e+02; maximum gradient component mag 9.7500e+02
Var    Value     Gradient |Var    Value     Gradient |Var    Value     Gradient
  1 -0.78219  9.28645e+01 |  2  0.30689 -5.24464e+01 |  3 -0.10209 -4.05450e+02
  4 -0.44518 -5.28401e+02 |  5 -0.53605 -2.84878e+02 |  6 -0.43263 -5.25154e+02
  7  0.06679 -4.91147e+02 |  8 -0.03562 -9.12713e-01 |  9 -0.01490 -3.15983e-01
 10 -0.02117 -6.58348e-01 | 11 -0.02397 -2.75850e-01 | 12 -0.03305 -7.06916e-01
 13 -0.05604 -3.35105e+00 | 14 -0.05466 -1.51702e+00 | 15 -0.06812 -2.04177e+00
 16 -0.08177 -2.36286e+00 | 17 -0.10071 -3.52049e+00 | 18 -0.11998 -4.72258e+00
 19 -0.13350 -4.49930e+00 | 20 -0.14756 -4.28975e+00 | 21 -0.16874 -6.01920e+00
 22 -0.18414 -6.91337e+00 | 23 -0.18782 -6.04300e+00 | 24 -0.19591 -8.33355e+00
 25 -0.19369 -9.94601e+00 | 26 -0.17964 -1.11500e+01 | 27 -0.14742 -1.84433e+01
 28  0.02218 -1.25610e+01 | 29  0.10991 -6.80346e+01 | 30  0.02976 -6.48854e+01
 31 -0.01091 -2.49429e+01 | 32 -0.16103 -9.47197e+00 | 33  0.10728 -1.75588e+02
 34 -0.15265 -1.92238e+01 | 35  0.11534 -2.21689e+02 | 36 -0.00115 -6.25849e+01
 37 -0.07806 -4.44226e+01 | 38 -0.21198 -1.21297e+00 | 39 -0.11009 -1.48983e+00
 40  0.04244  1.33025e+00 | 41  0.02262 -1.00151e+01 | 42  0.01682 -2.86749e+01
 43  0.12069 -8.87767e+01 | 44  0.06805 -7.69626e+01 | 45 -0.08844 -4.88739e+00
 46 -0.05068  6.65756e-01 | 47  0.05629 -7.97221e+00 | 48  0.01477 -2.42688e+01
 49 -0.05604 -6.87519e+00 | 50  0.06017 -1.34474e+01 | 51  0.08608 -4.21103e+01
 52 -0.08350 -4.75316e+00 | 53 -0.00778 -2.91390e+01 | 54 -0.05934 -4.64883e+01
 55 -0.05891 -4.42498e+01 | 56 -0.02990 -8.02244e+01 | 57  0.07083 -4.24757e+01
 58 -0.04886  1.26913e+01 | 59  0.13123  8.52958e+01 | 60 -0.01961  1.10123e+01
 61  0.08893  1.08586e+01 | 62  0.12754  6.12272e+01 | 63  0.04724  3.15843e+01
 64  0.15361  6.97467e+01 | 65 -0.05251  2.19062e+01 | 66 -0.04177  2.32199e+01
 67 -0.12552  1.79101e+01 | 68 -0.09608  1.52220e+01 | 69  0.01960  1.26103e+01
 70  0.61987 -9.95376e+01 | 71 -0.84002 -1.35539e-02 | 72  0.41608  9.75004e+02
 73 -0.81786 -1.06772e-02 | 74  0.28505 -8.84097e+00 | 75 -0.78782  2.93742e+01
 76  0.25492 -3.02439e-01 | 77 -0.83013 -1.50386e+01 | 78  0.67932 -1.37580e-01
78 variables; iteration 40; function evaluation 45; phase 4
Function value 3.4264349e+02; maximum gradient component mag 1.0778e+03
Var    Value     Gradient |Var    Value     Gradient |Var    Value     Gradient
  1 -0.78859  6.83608e+01 |  2  0.30229 -6.25432e+01 |  3 -0.09959 -3.93356e+02
  4 -0.44735 -5.61340e+02 |  5 -0.53565 -3.50912e+02 |  6 -0.43513 -3.21846e+02
  7  0.06751 -2.77158e+02 |  8 -0.03771 -5.71059e-01 |  9 -0.01890 -6.30265e-01
 10 -0.01922  5.37043e-02 | 11 -0.04256 -2.81618e+00 | 12 -0.04610 -2.29023e+00
 13  0.00619  9.34106e+00 | 14 -0.08127 -5.46130e+00 | 15 -0.07508 -2.19131e+00
 16 -0.06366  3.24554e+00 | 17 -0.11282 -4.46955e+00 | 18 -0.13553 -6.32565e+00
 19 -0.13749 -3.17121e+00 | 20 -0.14444 -7.19263e-01 | 21 -0.17078 -3.60729e+00
 22 -0.18500 -3.76480e+00 | 23 -0.18134  1.71535e-01 | 24 -0.19068 -1.68664e+00
 25 -0.18528 -9.70004e-01 | 26 -0.16304  2.46631e+00 | 27 -0.14358 -3.94133e+00
 28 -0.04696 -1.23320e+01 | 29  0.14896 -1.10270e+01 | 30 -0.01549 -4.35283e+01
 31 -0.00638 -1.70452e+01 | 32 -0.15938 -9.73409e+00 | 33  0.11265 -1.64524e+01
 34 -0.14392 -7.11130e+00 | 35  0.11690 -5.14184e+01 | 36  0.00147  1.08255e+01
 37 -0.06500  1.10662e+01 | 38 -0.21119 -1.66340e-01 | 39 -0.11197 -5.10179e+00
 40  0.03949  9.03621e+00 | 41  0.02948  2.98811e+01 | 42  0.01840 -1.89215e+01
 43  0.11951 -9.74933e+01 | 44  0.06798 -9.13326e+01 | 45 -0.08570 -1.99990e+01
 46 -0.05143 -2.19784e+01 | 47  0.05672 -5.08976e+01 | 48  0.01182 -6.62343e+01
 49 -0.05414 -3.26925e+01 | 50  0.06146 -5.00164e+01 | 51  0.08467 -9.67202e+01
 52 -0.08190 -2.67729e+01 | 53 -0.00740 -5.25430e+01 | 54 -0.05476 -6.39202e+01
 55 -0.06389 -7.53934e+01 | 56 -0.02834 -9.90479e+01 | 57  0.07374 -4.50177e+01
 58 -0.04914 -7.96067e+00 | 59  0.13115  4.34851e+01 | 60 -0.02150 -9.85428e+00
 61  0.09380  1.54214e+01 | 62  0.12886  4.10561e+01 | 63  0.04665 -7.27110e+00
 64  0.14856 -5.24029e+01 | 65 -0.05418 -1.29913e+01 | 66 -0.04138 -5.63892e+00
 67 -0.12493 -5.98760e+00 | 68 -0.09412 -3.95094e+00 | 69  0.04361 -4.90015e-01
 70  0.61032 -1.15423e+02 | 71 -0.83848 -1.21145e-02 | 72  0.41535  1.07779e+03
 73 -0.81659 -1.05990e-02 | 74  0.46192 -6.63561e-01 | 75 -0.76995 -2.13162e+02
 76  0.28436 -1.02564e-01 | 77 -0.60102  8.47668e+00 | 78  0.69263 -5.29165e-02
78 variables; iteration 60; function evaluation 69; phase 4
Function value 3.3605547e+02; maximum gradient component mag 8.7245e+02
Var    Value     Gradient |Var    Value     Gradient |Var    Value     Gradient
  1 -0.77161  9.92754e+01 |  2  0.32503 -6.13455e+01 |  3 -0.07000 -4.23950e+02
  4 -0.46527 -7.58143e+02 |  5 -0.53351 -5.36758e+02 |  6 -0.43801 -6.03383e+02
  7  0.07101 -6.20907e+01 |  8 -0.02852  1.36670e+00 |  9 -0.02159 -9.19286e-01
 10 -0.01369  1.13304e+00 | 11 -0.05557 -4.72580e+00 | 12 -0.04664 -2.10599e+00
 13 -0.01369  5.83718e+00 | 14 -0.06425 -1.86100e+00 | 15 -0.06260  9.90354e-01
 16 -0.08501 -8.34353e-01 | 17 -0.08575  2.71735e+00 | 18 -0.09197  5.56979e+00
 19 -0.13122 -4.42356e-01 | 20 -0.15830 -3.23659e+00 | 21 -0.16146  4.06495e-01
 22 -0.17453  7.39835e-01 | 23 -0.20325 -4.98208e+00 | 24 -0.19631 -2.15821e+00
 25 -0.18918 -1.27171e+00 | 26 -0.17507 -1.38486e+00 | 27 -0.12728 -3.24826e+00
 28 -0.06863  2.95154e+01 | 29  0.13762  4.51981e+01 | 30  0.04197  3.35787e+01
 31 -0.02136  4.39949e+01 | 32 -0.15692  3.80651e+01 | 33  0.11326 -2.13060e-02
 34 -0.14358  3.75549e+01 | 35  0.11669 -7.11923e+01 | 36  0.00316  3.57313e+01
 37 -0.07129  2.93628e+01 | 38 -0.20347  4.24030e+01 | 39 -0.10996  2.86970e+01
 40  0.03666 -3.28168e+01 | 41  0.02568  5.58494e+00 | 42  0.01915 -1.10562e+01
 43  0.12115 -1.13319e+02 | 44  0.06968 -9.23709e+01 | 45 -0.08088  9.68048e+00
 46 -0.06204 -1.30720e+01 | 47  0.05686 -6.93591e+01 | 48  0.01310 -4.90420e+01
 49 -0.05429  3.65874e+00 | 50  0.06602  1.61805e-01 | 51  0.08562 -7.24069e+01
 52 -0.08699  1.01278e+01 | 53 -0.00367 -4.53649e+00 | 54 -0.05446 -1.19377e+01
 55 -0.06022 -1.51373e+01 | 56 -0.02080 -1.60235e+01 | 57  0.07502 -1.54821e+00
 58 -0.04555  3.42585e+01 | 59  0.13015  4.44024e+00 | 60 -0.02045  1.08785e+01
 61  0.09367 -8.01675e+00 | 62  0.12654 -1.41860e+01 | 63  0.04257 -1.06868e+01
 64  0.15088 -4.17812e+01 | 65 -0.04474  4.60385e+01 | 66 -0.04087  3.12503e+01
 67 -0.12335  3.65918e+01 | 68 -0.09744  3.70016e+01 | 69  0.04364  4.80330e+01
 70  0.61918 -1.01899e+02 | 71 -0.82537 -1.13234e-02 | 72  0.41327  8.72450e+02
 73 -0.80224 -9.78409e-03 | 74  0.43809 -8.63149e-01 | 75 -0.76176 -1.87029e+02
 76  0.48250  1.25590e-04 | 77 -0.53672  1.57197e+01 | 78  0.78339 -1.53613e-03
78 variables; iteration 80; function evaluation 100; phase 4
Function value 3.0650145e+02; maximum gradient component mag -7.9374e+02
Var    Value     Gradient |Var    Value     Gradient |Var    Value     Gradient
  1 -0.74446  6.91477e+01 |  2  0.26389  1.12070e+01 |  3  0.00372 -9.45825e+01
  4 -0.51768 -2.47922e+02 |  5 -0.51384 -1.99329e+02 |  6 -0.40654 -7.93742e+02
  7  0.06725 -1.94092e+02 |  8  0.05917  1.79937e+01 |  9 -0.24120 -3.01698e+01
 10  0.04603  1.09067e+01 | 11 -0.16017 -2.02015e+01 | 12  0.07790  2.15152e+01
 13 -0.10510 -1.09048e+01 | 14 -0.03835  2.71923e+00 | 15  0.06729  3.41968e+01
 16 -0.00776  1.75777e+01 | 17 -0.31983 -3.53663e+01 | 18 -0.26179 -2.81910e+01
 19 -0.09981  6.76577e+00 | 20 -0.26078 -2.52231e+01 | 21 -0.10257  1.74590e+01
 22 -0.25390 -2.06594e+01 | 23 -0.25980 -2.07257e+01 | 24 -0.12868  1.51158e+01
 25 -0.31411 -3.05038e+01 | 26 -0.12037  5.00769e+00 | 27 -0.15558 -2.09607e+01
 28  0.04374  2.05404e+01 | 29  0.09159 -1.24325e+01 | 30  0.06438 -3.89262e+01
 31 -0.10778 -8.01345e+00 | 32 -0.13789  1.41830e+01 | 33  0.11437 -1.16114e+02
 34 -0.11248  2.22977e+01 | 35  0.11310 -2.03374e+02 | 36 -0.00634 -1.86407e+01
 37 -0.09850 -5.29058e+00 | 38 -0.24431  2.07724e+01 | 39 -0.08507  2.56463e+01
 40  0.04364 -7.10897e+01 | 41  0.02874 -3.47968e+00 | 42  0.01626  1.00354e+01
 43  0.13921 -2.31066e+01 | 44  0.02974  2.14178e+01 | 45 -0.04820  6.66643e+01
 46 -0.08583  1.69237e+01 | 47  0.07067 -3.20710e+01 | 48 -0.00229 -6.73648e+00
 49 -0.05542  1.84075e+01 | 50  0.07849 -2.40476e+01 | 51  0.06933 -2.53202e+01
 52 -0.06811  2.87771e+01 | 53 -0.02046 -1.20629e+01 | 54 -0.03946 -3.24804e+00
 55 -0.07896 -2.80115e+01 | 56 -0.00305 -5.19775e+01 | 57  0.07061 -2.20210e+01
 58 -0.04715  9.55582e+00 | 59  0.13752 -7.66994e+01 | 60 -0.04981  1.79230e+01
 61  0.09970  2.98321e+00 | 62  0.12350  4.02136e+01 | 63  0.04728 -4.62096e-01
 64  0.14139 -1.96004e+01 | 65 -0.07033  1.93392e+01 | 66 -0.04052  4.68735e+01
 67 -0.12110  3.02840e+01 | 68 -0.05684  6.50210e+01 | 69  0.04428  5.32416e+01
 70  0.54957 -6.95630e+01 | 71 -0.62496 -4.70188e-03 | 72  0.40167  2.53090e+02
 73 -0.59903 -4.31016e-03 | 74  0.93388  2.67522e-02 | 75 -0.59973 -9.69279e+01
 76  0.29731 -1.02611e-01 | 77 -0.29751 -5.97214e+01 | 78  0.65577 -7.66848e-02
Maximum number of function evaluations exceeded

 - final statistics:
78 variables; iteration 81; function evaluation 100
Function value 3.0650e+02; maximum gradient component mag -7.9374e+02
Exit code = 3;  converg criter 1.0000e+00
Var    Value     Gradient |Var    Value     Gradient |Var    Value     Gradient
  1 -0.74446  6.91477e+01 |  2  0.26389  1.12070e+01 |  3  0.00372 -9.45825e+01
  4 -0.51768 -2.47922e+02 |  5 -0.51384 -1.99329e+02 |  6 -0.40654 -7.93742e+02
  7  0.06725 -1.94092e+02 |  8  0.05917  1.79937e+01 |  9 -0.24120 -3.01698e+01
 10  0.04603  1.09067e+01 | 11 -0.16017 -2.02015e+01 | 12  0.07790  2.15152e+01
 13 -0.10510 -1.09048e+01 | 14 -0.03835  2.71923e+00 | 15  0.06729  3.41968e+01
 16 -0.00776  1.75777e+01 | 17 -0.31983 -3.53663e+01 | 18 -0.26179 -2.81910e+01
 19 -0.09981  6.76577e+00 | 20 -0.26078 -2.52231e+01 | 21 -0.10257  1.74590e+01
 22 -0.25390 -2.06594e+01 | 23 -0.25980 -2.07257e+01 | 24 -0.12868  1.51158e+01
 25 -0.31411 -3.05038e+01 | 26 -0.12037  5.00769e+00 | 27 -0.15558 -2.09607e+01
 28  0.04374  2.05404e+01 | 29  0.09159 -1.24325e+01 | 30  0.06438 -3.89262e+01
 31 -0.10778 -8.01345e+00 | 32 -0.13789  1.41830e+01 | 33  0.11437 -1.16114e+02
 34 -0.11248  2.22977e+01 | 35  0.11310 -2.03374e+02 | 36 -0.00634 -1.86407e+01
 37 -0.09850 -5.29058e+00 | 38 -0.24431  2.07724e+01 | 39 -0.08507  2.56463e+01
 40  0.04364 -7.10897e+01 | 41  0.02874 -3.47968e+00 | 42  0.01626  1.00354e+01
 43  0.13921 -2.31066e+01 | 44  0.02974  2.14178e+01 | 45 -0.04820  6.66643e+01
 46 -0.08583  1.69237e+01 | 47  0.07067 -3.20710e+01 | 48 -0.00229 -6.73648e+00
 49 -0.05542  1.84075e+01 | 50  0.07849 -2.40476e+01 | 51  0.06933 -2.53202e+01
 52 -0.06811  2.87771e+01 | 53 -0.02046 -1.20629e+01 | 54 -0.03946 -3.24804e+00
 55 -0.07896 -2.80115e+01 | 56 -0.00305 -5.19775e+01 | 57  0.07061 -2.20210e+01
 58 -0.04715  9.55582e+00 | 59  0.13752 -7.66994e+01 | 60 -0.04981  1.79230e+01
 61  0.09970  2.98321e+00 | 62  0.12350  4.02136e+01 | 63  0.04728 -4.62096e-01
 64  0.14139 -1.96004e+01 | 65 -0.07033  1.93392e+01 | 66 -0.04052  4.68735e+01
 67 -0.12110  3.02840e+01 | 68 -0.05684  6.50210e+01 | 69  0.04428  5.32416e+01
 70  0.54957 -6.95630e+01 | 71 -0.62496 -4.70188e-03 | 72  0.40167  2.53090e+02
 73 -0.59903 -4.31016e-03 | 74  0.93388  2.67522e-02 | 75 -0.59973 -9.69279e+01
 76  0.29731 -1.02611e-01 | 77 -0.29751 -5.97214e+01 | 78  0.65577 -7.66848e-02

Initial statistics: 78 variables; iteration 0; function evaluation 0; phase 5
Function value 3.0647489e+02; maximum gradient component mag -7.9374e+02
Var    Value     Gradient |Var    Value     Gradient |Var    Value     Gradient
  1 -0.74446  6.91477e+01 |  2  0.26389  1.12070e+01 |  3  0.00372 -9.45825e+01
  4 -0.51768 -2.47922e+02 |  5 -0.51384 -1.99329e+02 |  6 -0.40654 -7.93742e+02
  7  0.06725 -1.94092e+02 |  8  0.05917  1.79937e+01 |  9 -0.24120 -3.01698e+01
 10  0.04603  1.09067e+01 | 11 -0.16017 -2.02015e+01 | 12  0.07790  2.15152e+01
 13 -0.10510 -1.09048e+01 | 14 -0.03835  2.71923e+00 | 15  0.06729  3.41968e+01
 16 -0.00776  1.75777e+01 | 17 -0.31983 -3.53663e+01 | 18 -0.26179 -2.81910e+01
 19 -0.09981  6.76577e+00 | 20 -0.26078 -2.52231e+01 | 21 -0.10257  1.74590e+01
 22 -0.25390 -2.06594e+01 | 23 -0.25980 -2.07257e+01 | 24 -0.12868  1.51158e+01
 25 -0.31411 -3.05038e+01 | 26 -0.12037  5.00769e+00 | 27 -0.15558 -2.09607e+01
 28  0.04395  2.66204e+01 | 29  0.09180 -6.40027e+00 | 30  0.06459 -3.28613e+01
 31 -0.10757 -2.00581e+00 | 32 -0.13767  2.01370e+01 | 33  0.11458 -1.10110e+02
 34 -0.11227  2.82993e+01 | 35  0.11331 -1.97363e+02 | 36 -0.00613 -1.25461e+01
 37 -0.09829  7.31539e-01 | 38 -0.24408  2.64278e+01 | 39 -0.08486  3.16882e+01
 40  0.04385 -6.50077e+01 | 41  0.02895  2.60896e+00 | 42  0.01647  1.61282e+01
 43  0.13942 -1.71555e+01 | 44  0.02995  2.75056e+01 | 45 -0.04799  7.27435e+01
 46 -0.08562  2.29643e+01 | 47  0.07088 -2.60127e+01 | 48 -0.00209 -6.41624e-01
 49 -0.05521  2.44800e+01 | 50  0.07870 -1.79983e+01 | 51  0.06954 -1.92607e+01
 52 -0.06790  3.48383e+01 | 53 -0.02025 -5.97122e+00 | 54 -0.03925  2.83521e+00
 55 -0.07876 -2.19644e+01 | 56 -0.00284 -4.58827e+01 | 57  0.07082 -1.59629e+01
 58 -0.04694  1.56344e+01 | 59  0.13773 -7.07410e+01 | 60 -0.04960  2.39998e+01
 61  0.09991  9.00305e+00 | 62  0.12372  4.61912e+01 | 63  0.04748  5.61586e+00
 64  0.14160 -1.36542e+01 | 65 -0.07013  2.53978e+01 | 66 -0.04031  5.29572e+01
 67 -0.12089  3.62712e+01 | 68 -0.05663  7.10937e+01 | 69  0.04449  5.93204e+01
 70  0.54957 -6.95630e+01 | 71 -0.62496 -4.70188e-03 | 72  0.40167  2.53090e+02
 73 -0.59903 -4.31016e-03 | 74  0.93388  2.67522e-02 | 75 -0.59973 -9.69279e+01
 76  0.29731 -1.02611e-01 | 77 -0.29751 -5.97214e+01 | 78  0.65577 -7.66848e-02

Intermediate statistics: 78 variables; iteration 20; function evaluation 24; phase 5
Function value 2.6267647e+02; maximum gradient component mag 1.0668e+03
Var    Value     Gradient |Var    Value     Gradient |Var    Value     Gradient
  1 -0.59219  3.36813e+01 |  2  0.28237  8.53101e+01 |  3 -0.00424 -3.37923e+02
  4 -0.51482 -9.24820e+02 |  5 -0.51848 -7.90072e+02 |  6 -0.36409 -2.55501e+02
  7  0.07184  1.80359e+02 |  8 -0.02886  6.32637e-01 |  9 -0.05756 -6.54320e+00
 10 -0.01260  1.09085e+00 | 11 -0.04482 -3.17800e+00 | 12 -0.02840  8.48670e-01
 13 -0.04797 -9.89695e-01 | 14 -0.05361  4.14499e-03 | 15 -0.07258 -1.26735e+00
 16 -0.08416 -7.38179e-01 | 17 -0.11134 -3.35514e+00 | 18 -0.11395 -1.21877e-01
 19 -0.13149 -2.12900e-01 | 20 -0.14200  1.78755e+00 | 21 -0.16760 -7.71598e-01
 22 -0.17063  2.84131e+00 | 23 -0.17975  3.36140e+00 | 24 -0.19364  3.59444e-01
 25 -0.17859  4.94239e+00 | 26 -0.18148  6.33621e-01 | 27 -0.12369  6.37403e+00
 28  0.04767  4.21013e+01 | 29  0.09107  3.72937e+01 | 30  0.04602  2.84781e+01
 31 -0.06982  4.00163e+01 | 32 -0.11929  4.36512e+01 | 33  0.11299  7.58312e+01
 34 -0.09004  5.61229e+01 | 35  0.11390 -8.49558e+00 | 36 -0.01588  1.87491e+01
 37 -0.10406  7.82776e+00 | 38 -0.22288  2.66029e+01 | 39 -0.08467  2.32708e+01
 40  0.04292 -6.16050e+01 | 41  0.02285 -1.82819e+00 | 42  0.01755  4.10499e+01
 43  0.14968  1.24939e+02 | 44  0.00364  3.68951e+01 | 45 -0.05888  5.64365e+01
 46 -0.06229  4.50012e+01 | 47  0.07261  1.06592e+01 | 48 -0.01147 -1.10377e+01
 49 -0.06294  3.52488e+00 | 50  0.08405 -1.83144e+01 | 51  0.06162  1.74358e+00
 52 -0.05903  3.05137e+01 | 53 -0.02478 -2.21703e+01 | 54 -0.04439 -3.41737e+01
 55 -0.08477 -4.77028e+01 | 56  0.00466 -8.50111e+01 | 57  0.05516 -7.63391e+01
 58 -0.03191  2.06660e+01 | 59  0.13759 -2.91335e+01 | 60 -0.05353  2.11084e+01
 61  0.10201  3.76270e+01 | 62  0.11687  5.62778e+01 | 63  0.05310  3.16861e+00
 64  0.12763 -7.45458e+01 | 65 -0.07326  8.49029e+00 | 66 -0.04763  2.60492e+01
 67 -0.10524  3.42222e+01 | 68 -0.05171  4.87955e+01 | 69  0.03347  3.64638e+01
 70  0.55363 -2.10585e+02 | 71 -0.62492 -4.70591e-03 | 72  0.40426  1.06679e+03
 73 -0.59899 -4.30963e-03 | 74  0.93363  2.64037e-02 | 75 -0.51432 -3.08953e+02
 76  0.29718 -1.99704e-04 | 77 -0.17294  1.58737e+02 | 78  0.65565  3.68194e-03
78 variables; iteration 40; function evaluation 44; phase 5
Function value 2.5472302e+02; maximum gradient component mag -6.8814e+02
Var    Value     Gradient |Var    Value     Gradient |Var    Value     Gradient
  1 -0.53615  3.87534e+01 |  2  0.26538 -3.18808e+01 |  3 -0.00571 -2.80672e+02
  4 -0.52008 -6.88138e+02 |  5 -0.51054 -5.26166e+02 |  6 -0.35022 -3.40828e+02
  7  0.07220 -4.34665e+01 |  8 -0.03440 -1.01110e+00 |  9 -0.00873  6.16966e-01
 10 -0.01889 -2.75489e-01 | 11 -0.02086  3.22130e-01 | 12 -0.03737 -1.26087e+00
 13 -0.03559  5.90167e-01 | 14 -0.05077 -2.76882e-01 | 15 -0.06696 -1.07164e+00
 16 -0.07615 -1.21160e-01 | 17 -0.06857  5.56169e+00 | 18 -0.10443  7.67224e-01
 19 -0.12398  1.04381e-01 | 20 -0.15323 -3.19037e+00 | 21 -0.17093 -3.74742e+00
 22 -0.17913 -2.35221e+00 | 23 -0.18592 -1.88052e+00 | 24 -0.22612 -1.21982e+01
 25 -0.18961 -3.82873e+00 | 26 -0.20307 -1.04289e+01 | 27 -0.11437  1.11519e+00
 28  0.03466  2.32659e+01 | 29  0.10476  1.87809e+01 | 30  0.02952  6.68713e+00
 31 -0.05965  3.17861e+01 | 32 -0.10551  3.95244e+01 | 33  0.10887  5.61508e+00
 34 -0.09852  2.26008e+01 | 35  0.11560 -3.16094e+00 | 36 -0.01695  1.82880e+01
 37 -0.09827  1.80894e+01 | 38 -0.20516  3.14592e+01 | 39 -0.09643  1.94600e+00
 40  0.05501 -9.11919e+00 | 41  0.01867 -1.60144e+01 | 42  0.02651  7.14349e+00
 43  0.13977 -4.98243e+01 | 44  0.00512 -1.01073e+01 | 45 -0.07383  1.14083e+01
 46 -0.05218  2.53449e+01 | 47  0.06626 -4.97047e+01 | 48 -0.01072 -1.59586e+01
 49 -0.05079  1.13776e+01 | 50  0.08442 -4.29391e+01 | 51  0.05212 -3.60617e+01
 52 -0.05987  1.87903e+01 | 53 -0.02398 -2.65780e+00 | 54 -0.03757 -2.83069e+00
 55 -0.09271 -3.36359e+01 | 56  0.02063 -9.15034e-01 | 57  0.05162 -3.61262e+01
 58 -0.04000 -1.01729e+01 | 59  0.13732 -4.51292e+01 | 60 -0.04745  1.41277e+01
 61  0.09933 -6.23890e+00 | 62  0.10548 -1.07378e+01 | 63  0.06485  3.07664e+01
 64  0.12972 -1.08903e+01 | 65 -0.06763  1.92710e+01 | 66 -0.04556  2.61582e+01
 67 -0.12189 -6.77961e+00 | 68 -0.07964  9.61668e+00 | 69  0.03389  2.60183e+01
 70  0.57788 -9.18039e+01 | 71 -0.61984 -4.62072e-03 | 72  0.40554  4.93387e+02
 73 -0.59531 -4.25769e-03 | 74  0.90811  1.72500e-02 | 75 -0.50452  2.76667e+01
 76  0.27486 -6.44783e-03 | 77 -0.17126 -2.99446e+01 | 78  0.63713 -1.00571e-03
78 variables; iteration 60; function evaluation 68; phase 5
Function value 2.5148663e+02; maximum gradient component mag -7.0475e+02
Var    Value     Gradient |Var    Value     Gradient |Var    Value     Gradient
  1 -0.48942  9.11452e+01 |  2  0.26392 -8.11098e+01 |  3 -0.00171 -2.95970e+02
  4 -0.51902 -7.04745e+02 |  5 -0.51118 -5.05706e+02 |  6 -0.33770 -5.67182e+02
  7  0.07088 -1.76038e+02 |  8 -0.04095 -2.65689e+00 |  9  0.00104  1.85373e+00
 10 -0.01787 -4.30493e-01 | 11 -0.00834  1.94277e+00 | 12 -0.04578 -3.13707e+00
 13 -0.02454  1.90353e+00 | 14 -0.04955 -8.30329e-01 | 15 -0.06189 -9.83813e-01
 16 -0.07977 -1.97239e+00 | 17 -0.10397 -4.03968e+00 | 18 -0.10471 -7.30650e-01
 19 -0.13481 -4.07882e+00 | 20 -0.12704  2.39430e+00 | 21 -0.16983 -4.89859e+00
 22 -0.16291  9.01028e-01 | 23 -0.18634 -3.33552e+00 | 24 -0.19852 -6.14114e+00
 25 -0.18891 -4.71520e+00 | 26 -0.20575 -1.19004e+01 | 27 -0.13623 -5.52476e+00
 28  0.08202  3.49080e+01 | 29  0.06587  1.70016e+01 | 30  0.05655  1.05528e+01
 31 -0.07661  2.99160e+01 | 32 -0.10960  3.65251e+01 | 33  0.10489 -4.33913e+01
 34 -0.09084  2.74429e+01 | 35  0.11397 -4.95430e+01 | 36 -0.02277 -2.66220e+00
 37 -0.09066  2.52611e+01 | 38 -0.22510  2.75997e+01 | 39 -0.08996  1.01450e+01
 40  0.05129 -2.86604e+01 | 41  0.02471 -1.89849e+01 | 42  0.01544 -2.33332e+01
 43  0.13922 -1.11786e+02 | 44  0.00472 -2.17247e+01 | 45 -0.07731 -1.64042e+00
 46 -0.06872  5.15051e+00 | 47  0.07004 -4.97076e+01 | 48 -0.01455 -1.20611e+01
 49 -0.05091  1.58631e+01 | 50  0.08313 -5.32524e+01 | 51  0.05106 -4.22543e+01
 52 -0.07056  7.40132e+00 | 53 -0.02308  2.72129e+00 | 54 -0.04337  9.01540e+00
 55 -0.07555  1.41396e+01 | 56  0.01667  6.25815e+00 | 57  0.04882 -2.75378e+01
 58 -0.03626  6.26562e+00 | 59  0.13478 -5.26855e+01 | 60 -0.04818  2.01998e+01
 61  0.09676 -1.00682e+01 | 62  0.10500 -6.70953e+00 | 63  0.05936  1.78373e+01
 64  0.12955  1.09226e+01 | 65 -0.06880  3.32345e+01 | 66 -0.05089  2.81985e+01
 67 -0.11244  1.94002e+01 | 68 -0.07063  2.82731e+01 | 69  0.05853  4.14784e+01
 70  0.56774 -9.24026e+01 | 71 -0.61460 -4.54438e-03 | 72  0.40333  3.92546e+02
 73 -0.59021 -4.18712e-03 | 74  0.88697  1.07753e-02 | 75 -0.49322  1.55204e+02
 76  0.26836 -4.22745e-02 | 77 -0.15835 -8.50031e+01 | 78  0.62696 -2.73800e-02
78 variables; iteration 80; function evaluation 98; phase 5
Function value 2.4431478e+02; maximum gradient component mag -4.0785e+02
Var    Value     Gradient |Var    Value     Gradient |Var    Value     Gradient
  1 -0.30909  8.00413e+01 |  2  0.26527 -7.17401e+01 |  3  0.01179 -1.51811e+02
  4 -0.51301 -3.64852e+02 |  5 -0.51590 -2.49971e+02 |  6 -0.30245 -4.07845e+02
  7  0.07629 -8.12273e+01 |  8 -0.04257 -4.02733e+00 |  9 -0.01247 -6.92353e-01
 10  0.00575  2.53020e+00 | 11 -0.03147 -2.53642e+00 | 12 -0.01166  1.45851e+00
 13 -0.04415 -2.73474e+00 | 14 -0.01988  3.08435e+00 | 15 -0.06112 -2.48571e+00
 16 -0.06568 -9.68008e-01 | 17 -0.07311  6.58281e-01 | 18 -0.10619 -3.15598e+00
 19 -0.12709 -4.15259e+00 | 20 -0.12354  1.28521e+00 | 21 -0.15823 -3.24560e+00
 22 -0.19060 -7.63703e+00 | 23 -0.18469 -2.84491e+00 | 24 -0.18153 -9.18904e-02
 25 -0.16220  5.84264e+00 | 26 -0.16705 -1.97397e-01 | 27 -0.14501 -9.39893e+00
 28  0.00435  1.48023e+01 | 29  0.11339  1.03904e+01 | 30  0.05001  9.11510e+00
 31 -0.07271  1.75261e+01 | 32 -0.12168  1.44544e+01 | 33  0.10869 -1.32967e+01
 34 -0.09725  1.12495e+01 | 35  0.11590 -2.68768e+01 | 36 -0.01106  6.75879e+00
 37 -0.09240  1.07597e+01 | 38 -0.22199  2.08421e+01 | 39 -0.08254  1.14966e+01
 40  0.04924 -2.49184e+01 | 41  0.02552 -1.35646e+01 | 42  0.01963 -1.29909e+01
 43  0.14043 -7.43972e+01 | 44  0.00134 -1.27220e+01 | 45 -0.06525  6.83130e+00
 46 -0.06750  1.01436e+01 | 47  0.06773 -3.07820e+01 | 48 -0.00398 -1.28839e+00
 49 -0.06513 -1.82880e-01 | 50  0.08750 -3.44476e+01 | 51  0.05288 -1.35974e+01
 52 -0.06223  1.40851e+01 | 53 -0.02353  2.69835e+00 | 54 -0.04200  1.87753e+00
 55 -0.07534  7.38293e+00 | 56  0.01430 -1.60530e+01 | 57  0.04747 -1.87174e+01
 58 -0.03183  9.39272e+00 | 59  0.13278 -4.37884e+01 | 60 -0.04161  1.61922e+01
 61  0.09690 -7.96006e+00 | 62  0.10525 -2.44892e+00 | 63  0.06243  9.83609e+00
 64  0.12919  2.57988e+00 | 65 -0.07037  2.14623e+01 | 66 -0.05360  1.66214e+01
 67 -0.10352  2.36703e+01 | 68 -0.05090  3.22050e+01 | 69  0.02945  2.85173e+01
 70  0.57549 -5.30205e+01 | 71 -0.55995 -3.79818e-03 | 72  0.40361  2.32497e+02
 73 -0.53712 -3.53108e-03 | 74  0.76325 -8.96165e-03 | 75 -0.46713  1.74650e+02
 76  0.26616 -4.69867e-02 | 77 -0.13307 -7.87499e+01 | 78  0.58559 -3.55487e-02
Maximum number of function evaluations exceeded

 - final statistics:
78 variables; iteration 83; function evaluation 100
Function value 2.4296e+02; maximum gradient component mag -2.4102e+02
Exit code = 3;  converg criter 1.0000e+00
Var    Value     Gradient |Var    Value     Gradient |Var    Value     Gradient
  1 -0.26508  4.80717e+01 |  2  0.26325 -4.43360e+01 |  3  0.01486 -8.17483e+01
  4 -0.50975 -2.04346e+02 |  5 -0.51875 -1.43891e+02 |  6 -0.29157 -2.41023e+02
  7  0.07776 -7.09530e+01 |  8 -0.02524 -1.63797e+00 |  9 -0.00274  6.16526e-01
 10 -0.01551 -8.61617e-01 | 11 -0.05016 -5.54255e+00 | 12 -0.04210 -3.67218e+00
 13 -0.03771 -2.00170e+00 | 14 -0.02673  1.33599e+00 | 15 -0.03314  2.25095e+00
 16 -0.06927 -2.28225e+00 | 17 -0.07100  3.70892e-01 | 18 -0.10494 -3.59671e+00
 19 -0.11841 -2.87410e+00 | 20 -0.12459  1.10753e-01 | 21 -0.16101 -4.74389e+00
 22 -0.18851 -7.78810e+00 | 23 -0.18741 -4.40933e+00 | 24 -0.18198 -1.25040e+00
 25 -0.16931  1.90682e+00 | 26 -0.17218 -4.00445e+00 | 27 -0.15919 -1.70585e+01
 28  0.02606 -5.98262e+00 | 29  0.09271 -2.78067e+01 | 30  0.06135 -1.99057e+01
 31 -0.07837  1.76029e+00 | 32 -0.11711  5.54236e+00 | 33  0.10756 -2.86534e+01
 34 -0.09184  4.00639e+00 | 35  0.11529 -3.10554e+01 | 36 -0.00960  1.83406e+00
 37 -0.09051  5.42809e+00 | 38 -0.22093  1.28958e+01 | 39 -0.08283  5.30503e+00
 40  0.04868 -1.69109e+01 | 41  0.02483 -7.53961e+00 | 42  0.02000 -4.45047e+00
 43  0.14014 -3.11109e+01 | 44  0.00283 -1.13645e+00 | 45 -0.06461  7.72521e+00
 46 -0.06901  9.39818e+00 | 47  0.06792 -9.41032e+00 | 48 -0.00610  3.86029e+00
 49 -0.06061  5.28665e+00 | 50  0.08657 -9.24356e+00 | 51  0.05397  4.65367e+00
 52 -0.06279  1.26326e+01 | 53 -0.02326  7.18639e+00 | 54 -0.04163  4.92687e+00
 55 -0.07732  4.90039e+00 | 56  0.01409 -3.68224e+00 | 57  0.04707 -1.37736e+00
 58 -0.03362  8.87215e+00 | 59  0.13263 -1.33388e+01 | 60 -0.04301  1.25673e+01
 61  0.09713  3.20776e+00 | 62  0.10508  6.98127e+00 | 63  0.06282  1.06156e+01
 64  0.12917  8.17608e+00 | 65 -0.07035  1.49980e+01 | 66 -0.05327  1.32780e+01
 67 -0.10478  1.34988e+01 | 68 -0.05498  1.89053e+01 | 69  0.01951  1.65682e+01
 70  0.57985 -2.49769e+01 | 71 -0.53618 -3.52673e-03 | 72  0.40398  1.14716e+02
 73 -0.51439 -3.28694e-03 | 74  0.73755 -9.42891e-03 | 75 -0.46906  1.15509e+02
 76  0.28180 -2.74882e-02 | 77 -0.13759 -5.12720e+01 | 78  0.58524 -2.32249e-02

Initial statistics: 80 variables; iteration 0; function evaluation 0; phase 6
Function value 2.4296385e+02; maximum gradient component mag -7.3470e+02
Var    Value     Gradient |Var    Value     Gradient |Var    Value     Gradient
  1 -0.26508  4.80717e+01 |  2  0.26325 -4.43360e+01 |  3  0.01486 -8.17483e+01
  4 -0.50975 -2.04346e+02 |  5 -0.51875 -1.43891e+02 |  6 -0.29157 -2.41023e+02
  7  0.07776 -7.09530e+01 |  8 -0.02524 -1.63797e+00 |  9 -0.00274  6.16526e-01
 10 -0.01551 -8.61617e-01 | 11 -0.05016 -5.54255e+00 | 12 -0.04210 -3.67218e+00
 13 -0.03771 -2.00170e+00 | 14 -0.02673  1.33599e+00 | 15 -0.03314  2.25095e+00
 16 -0.06927 -2.28225e+00 | 17 -0.07100  3.70892e-01 | 18 -0.10494 -3.59671e+00
 19 -0.11841 -2.87410e+00 | 20 -0.12459  1.10753e-01 | 21 -0.16101 -4.74389e+00
 22 -0.18851 -7.78810e+00 | 23 -0.18741 -4.40933e+00 | 24 -0.18198 -1.25040e+00
 25 -0.16931  1.90682e+00 | 26 -0.17218 -4.00445e+00 | 27 -0.15919 -1.70585e+01
 28  0.02605 -6.29030e+00 | 29  0.09270 -2.81115e+01 | 30  0.06134 -2.02123e+01
 31 -0.07838  1.45468e+00 | 32 -0.11712  5.23960e+00 | 33  0.10755 -2.89570e+01
 34 -0.09185  3.70164e+00 | 35  0.11528 -3.13584e+01 | 36 -0.00961  1.52616e+00
 37 -0.09052  5.12324e+00 | 38 -0.22094  1.26062e+01 | 39 -0.08284  4.99968e+00
 40  0.04867 -1.72180e+01 | 41  0.02482 -7.84732e+00 | 42  0.01999 -4.75826e+00
 43  0.14013 -3.14115e+01 | 44  0.00282 -1.44439e+00 | 45 -0.06462  7.41885e+00
 46 -0.06902  9.09203e+00 | 47  0.06791 -9.71653e+00 | 48 -0.00611  3.55236e+00
 49 -0.06062  4.98010e+00 | 50  0.08656 -9.54868e+00 | 51  0.05396  4.34684e+00
 52 -0.06280  1.23261e+01 | 53 -0.02327  6.87865e+00 | 54 -0.04164  4.61958e+00
 55 -0.07733  4.59471e+00 | 56  0.01408 -3.99011e+00 | 57  0.04706 -1.68446e+00
 58 -0.03363  8.56463e+00 | 59  0.13262 -1.36402e+01 | 60 -0.04302  1.22600e+01
 61  0.09712  2.90341e+00 | 62  0.10507  6.67753e+00 | 63  0.06281  1.03092e+01
 64  0.12916  7.87448e+00 | 65 -0.07036  1.46919e+01 | 66 -0.05329  1.29711e+01
 67 -0.10479  1.31950e+01 | 68 -0.05499  1.85985e+01 | 69  0.01950  1.62604e+01
 70 -0.87818 -7.34700e+02 | 71  0.09839 -1.73626e+01 | 72  0.57985 -2.49769e+01
 73 -0.53618 -3.52673e-03 | 74  0.40398  1.14716e+02 | 75 -0.51439 -3.28694e-03
 76  0.73755 -9.42891e-03 | 77 -0.46906  1.15509e+02 | 78  0.28180 -2.74882e-02
 79 -0.13759 -5.12720e+01 | 80  0.58524 -2.32249e-02 |

Intermediate statistics: 80 variables; iteration 20; function evaluation 28; phase 6
Function value 2.2238550e+02; maximum gradient component mag -6.0292e+02
Var    Value     Gradient |Var    Value     Gradient |Var    Value     Gradient
  1 -0.27485 -1.01327e+01 |  2  0.26419 -2.32432e+01 |  3  0.02468 -3.37037e+01
  4 -0.52112 -8.59812e+01 |  5 -0.51266 -5.07720e+01 |  6 -0.28949  8.21978e+00
  7  0.04137 -2.62224e+02 |  8 -0.01304 -6.04021e-01 |  9 -0.00224  2.86952e-01
 10 -0.00824 -3.22245e-01 | 11 -0.02386 -2.26697e+00 | 12 -0.02132 -1.41449e+00
 13 -0.02078 -6.42268e-01 | 14 -0.01795  8.01768e-01 | 15 -0.02319  1.30454e+00
 16 -0.04156 -2.08651e-01 | 17 -0.04641  1.14878e+00 | 18 -0.06509  7.58650e-02
 19 -0.07610  9.07207e-01 | 20 -0.08477  2.70893e+00 | 21 -0.10519  1.68158e+00
 22 -0.12087  1.45215e+00 | 23 -0.12289  4.13472e+00 | 24 -0.11886  7.28818e+00
 25 -0.10868  1.09912e+01 | 26 -0.10364  1.06446e+01 | 27 -0.07732  8.72224e+00
 28  0.05025  4.10865e+00 | 29  0.09578  2.04540e+01 | 30  0.07022  3.32154e+01
 31 -0.08245  3.37513e+00 | 32 -0.12004 -4.30002e-01 | 33  0.11590  1.22174e+02
 34 -0.09273  4.53855e+00 | 35  0.11498  1.53437e+01 | 36 -0.01442 -1.35605e+01
 37 -0.09339 -1.45756e+01 | 38 -0.22489 -9.52383e+00 | 39 -0.08519 -1.02474e+01
 40  0.05032  9.35843e+00 | 41  0.02382  1.42753e+01 | 42  0.01930  3.07569e+01
 43  0.14604  1.54540e+02 | 44  0.00570  4.35032e+01 | 45 -0.06685  7.88584e+00
 46 -0.07073 -2.05690e+00 | 47  0.06935 -9.08994e+00 | 48 -0.00753 -1.76357e+01
 49 -0.06182 -2.49163e+01 | 50  0.08471 -7.27774e+01 | 51  0.05307 -5.23112e+01
 52 -0.06617 -3.03247e+01 | 53 -0.02568 -4.70435e+01 | 54 -0.04338 -4.45226e+01
 55 -0.07765 -3.73267e+01 | 56  0.01315 -6.02755e+01 | 57  0.04890 -5.36201e+01
 58 -0.03714 -4.23522e+01 | 59  0.13094 -1.22589e+02 | 60 -0.04816 -2.82451e+01
 61  0.09787 -3.18682e+01 | 62  0.10693 -1.33487e+00 | 63  0.06144 -4.67373e+00
 64  0.13317  3.53727e+01 | 65 -0.07166 -8.49742e+00 | 66 -0.05468 -1.45963e+01
 67 -0.10597 -1.20584e+01 | 68 -0.06123 -1.01409e+01 | 69  0.00863 -9.93153e+00
 70 -0.83681 -6.02917e+02 | 71  0.07507  2.80264e+01 | 72  0.59420  4.43535e+00
 73 -0.53616 -3.57459e-03 | 74  0.40589  4.70786e+01 | 75 -0.51437 -3.28676e-03
 76  0.73750 -4.79151e-03 | 77 -0.47842  1.31982e+02 | 78  0.28194  2.95116e-02
 79 -0.15244 -8.91718e+01 | 80  0.58536  3.01973e-02 |
80 variables; iteration 40; function evaluation 49; phase 6
Function value 2.2026149e+02; maximum gradient component mag -4.8150e+02
Var    Value     Gradient |Var    Value     Gradient |Var    Value     Gradient
  1 -0.09271  3.17150e+01 |  2  0.26166 -1.52618e+01 |  3  0.01331 -9.82521e+01
  4 -0.51671 -2.57813e+02 |  5 -0.51359 -1.92568e+02 |  6 -0.21022 -1.03931e+02
  7  0.04703 -1.25098e+02 |  8 -0.01070 -8.42080e-01 |  9 -0.00005  3.40367e-01
 10 -0.00704 -4.91289e-01 | 11 -0.02634 -3.04341e+00 | 12 -0.02026 -1.84846e+00
 13 -0.01633 -7.87124e-01 | 14 -0.00946  9.99301e-01 | 15 -0.01186  1.69575e+00
 16 -0.02699  5.85091e-01 | 17 -0.02774  2.43471e+00 | 18 -0.04148  2.30492e+00
 19 -0.05012  3.67966e+00 | 20 -0.06011  5.32740e+00 | 21 -0.07989  4.76587e+00
 22 -0.09744  4.40292e+00 | 23 -0.10876  4.77575e+00 | 24 -0.11348  5.48535e+00
 25 -0.10795  7.84289e+00 | 26 -0.10034  8.96018e+00 | 27 -0.06736  9.44201e+00
 28  0.06252  1.29094e+01 | 29  0.10285  2.36606e+01 | 30  0.06885  3.13294e+01
 31 -0.07861  1.41822e+01 | 32 -0.11708  1.05807e+01 | 33  0.11500  1.11406e+02
 34 -0.08816  1.24523e+01 | 35  0.11612  2.33242e+00 | 36 -0.01136 -1.31244e+01
 37 -0.09126 -1.22759e+01 | 38 -0.22416 -2.97371e+00 | 39 -0.08639 -9.14915e+00
 40  0.04963  6.94297e+00 | 41  0.02206  1.08256e+01 | 42  0.01649  2.22265e+01
 43  0.14561  1.13220e+02 | 44 -0.00004  2.47690e+01 | 45 -0.06500  8.08107e+00
 46 -0.07214 -8.18288e-01 | 47  0.06780 -2.40073e+01 | 48 -0.01096 -2.18786e+01
 49 -0.06143 -1.64619e+01 | 50  0.08460 -6.84721e+01 | 51  0.05006 -5.78532e+01
 52 -0.06549 -2.44969e+01 | 53 -0.02879 -5.02516e+01 | 54 -0.04584 -4.68450e+01
 55 -0.08028 -3.32548e+01 | 56  0.01335 -4.91531e+01 | 57  0.04479 -5.12882e+01
 58 -0.03746 -3.05686e+01 | 59  0.12834 -1.18669e+02 | 60 -0.05316 -2.30654e+01
 61  0.09761 -3.23048e+01 | 62  0.10135 -1.70743e+01 | 63  0.06276  5.24951e+00
 64  0.13243  3.95563e+01 | 65 -0.07334 -7.63785e-01 | 66 -0.05385  3.70041e+00
 67 -0.10555  9.76175e-01 | 68 -0.06065  7.75797e-01 | 69  0.01890  1.22953e+00
 70 -0.84100 -4.81501e+02 | 71 -0.09942  1.15712e+01 | 72  0.57846 -4.19446e+01
 73 -0.53562 -3.51803e-03 | 74  0.40364  2.34576e+02 | 75 -0.51402 -3.28316e-03
 76  0.73648 -5.56174e-03 | 77 -0.47784  9.91819e+01 | 78  0.28535 -1.07210e-02
 79 -0.15556 -7.86510e+01 | 80  0.58825 -7.54194e-03 |
80 variables; iteration 60; function evaluation 74; phase 6
Function value 2.0674977e+02; maximum gradient component mag -4.5846e+02
Var    Value     Gradient |Var    Value     Gradient |Var    Value     Gradient
  1 -0.07570  4.57137e+00 |  2  0.25366 -8.58432e+00 |  3  0.00528 -2.11841e+01
  4 -0.51453 -3.50915e+01 |  5 -0.51398 -2.98606e+01 |  6 -0.19254  3.79177e+00
  7  0.00415 -4.58459e+02 |  8 -0.01323 -1.62702e+00 |  9 -0.00304 -3.00923e-01
 10 -0.00999 -1.21661e+00 | 11 -0.02329 -3.00543e+00 | 12 -0.01373 -1.52332e+00
 13 -0.00775 -4.61678e-01 | 14 -0.00726 -8.27985e-02 | 15 -0.00710  4.01744e-01
 16  0.00561  3.06002e+00 | 17 -0.00626  2.19330e+00 | 18 -0.00794  3.25877e+00
 19 -0.02147  2.57576e+00 | 20 -0.04500  1.47174e-01 | 21 -0.05991 -7.43762e-01
 22 -0.08243 -3.54138e+00 | 23 -0.09240 -4.74165e+00 | 24 -0.07505 -1.78677e+00
 25 -0.05077  1.57956e+00 | 26 -0.05769 -1.82815e+00 | 27 -0.01461 -8.54542e-01
 28  0.10218 -3.45026e+00 | 29  0.10257 -2.65720e+00 | 30  0.06693 -9.54554e+00
 31 -0.08504 -9.74739e+00 | 32 -0.11367 -5.50029e+00 | 33  0.10679 -5.38640e+01
 34 -0.09721 -1.30168e+01 | 35  0.11910  8.49639e+00 | 36 -0.00486  2.50635e+01
 37 -0.08746  1.14740e+01 | 38 -0.22579  1.41637e+00 | 39 -0.08048  8.69281e+00
 40  0.04786 -3.82601e+00 | 41  0.01987 -1.28271e+01 | 42  0.01750 -1.23633e+01
 43  0.13833 -5.45011e+01 | 44 -0.00453 -3.69900e+01 | 45 -0.07080 -2.52980e+01
 46 -0.08388 -1.94022e+01 | 47  0.07121  2.68063e+01 | 48 -0.00903  1.77327e+01
 49 -0.06703  4.19093e+00 | 50  0.08602  3.70277e+01 | 51  0.05270  3.55529e+01
 52 -0.06919  1.08759e+01 | 53 -0.02242  2.82712e+01 | 54 -0.04142  2.81508e+01
 55 -0.08035  1.34951e+01 | 56  0.01327  2.97456e+01 | 57  0.04306  2.32771e+01
 58 -0.03684  1.75339e+01 | 59  0.13067  5.93069e+01 | 60 -0.04430  1.70084e+01
 61  0.09398  1.40483e+01 | 62  0.10338  1.16227e+01 | 63  0.05963 -4.72651e+00
 64  0.12762 -2.06324e+01 | 65 -0.07294 -4.55991e+00 | 66 -0.05300  4.65314e+00
 67 -0.10905 -3.92747e+00 | 68 -0.06398 -9.75804e-01 | 69  0.02357  1.73012e+00
 70 -0.77170 -3.10467e+02 | 71 -0.15654 -7.47511e-02 | 72  0.59642  4.99811e+01
 73 -0.52002 -3.35664e-03 | 74  0.40535 -2.10114e+02 | 75 -0.50195 -3.16098e-03
 76  0.70479  4.04621e-03 | 77 -0.47785 -4.66975e+01 | 78  0.37574 -1.65286e-03
 79 -0.14776  4.12889e+01 | 80  0.67325 -2.42303e-03 |
80 variables; iteration 80; function evaluation 105; phase 6
Function value 1.9795437e+02; maximum gradient component mag -2.1604e+02
Var    Value     Gradient |Var    Value     Gradient |Var    Value     Gradient
  1 -0.26717  3.99973e+01 |  2  0.25984 -1.41693e+01 |  3  0.05498 -7.94691e+01
  4 -0.53268 -2.16035e+02 |  5 -0.51173 -1.69026e+02 |  6 -0.29222 -1.25438e+02
  7 -0.02782 -7.42040e+01 |  8 -0.00148 -2.89027e-02 |  9  0.00164  3.24603e-01
 10  0.00570  9.45887e-01 | 11 -0.00859 -9.93380e-01 | 12 -0.00566 -4.72573e-01
 13 -0.00332  2.57287e-02 | 14 -0.00932 -5.99120e-01 | 15 -0.00623  2.06036e-01
 16 -0.00845  3.89967e-01 | 17 -0.02733 -1.80959e+00 | 18 -0.01999  2.66768e-01
 19 -0.03934 -1.76330e+00 | 20 -0.04542 -1.44149e+00 | 21 -0.04550  7.74826e-02
 22 -0.05089  3.46550e-01 | 23 -0.05777 -6.98287e-01 | 24 -0.05855 -2.11725e+00
 25 -0.03725 -4.72282e-01 | 26 -0.03293 -1.46886e+00 | 27 -0.01772 -3.21221e+00
 28  0.13097  4.73125e-01 | 29  0.06109 -1.40819e+00 | 30  0.07789  9.50517e-01
 31 -0.08772  4.35041e+00 | 32 -0.11693  5.01881e+00 | 33  0.11097 -5.04779e+00
 34 -0.09672  3.26644e+00 | 35  0.11839 -1.29286e+01 | 36 -0.01352 -1.78319e+00
 37 -0.09123  2.30564e+00 | 38 -0.22827  4.51927e+00 | 39 -0.08390  1.95805e+00
 40  0.05037 -4.60848e+00 | 41  0.02366 -1.61952e+00 | 42  0.01803 -1.06185e+00
 43  0.14048 -1.15035e+01 | 44  0.00346  3.43943e-01 | 45 -0.06568  5.10787e+00
 46 -0.07257  2.95490e+00 | 47  0.06939 -6.70302e+00 | 48 -0.00888 -1.97427e+00
 49 -0.06072  2.09648e+00 | 50  0.08646 -1.00313e+01 | 51  0.05375 -5.89181e+00
 52 -0.06681  2.16811e+00 | 53 -0.02321 -1.18275e-01 | 54 -0.04285  5.05709e-02
 55 -0.07695  1.82666e+00 | 56  0.01352 -3.38764e+00 | 57  0.04760 -4.49166e+00
 58 -0.03762  1.37476e+00 | 59  0.13394 -1.21637e+01 | 60 -0.05195  1.79125e+00
 61  0.09855 -2.53483e+00 | 62  0.10491  1.61695e-01 | 63  0.06136  4.32900e+00
 64  0.13014  3.91035e+00 | 65 -0.07178  6.19717e+00 | 66 -0.05347  5.51051e+00
 67 -0.10515  7.89508e+00 | 68 -0.06651  6.21500e+00 | 69 -0.01401  6.96630e+00
 70 -0.66288 -3.44655e+01 | 71  0.09564 -1.14636e+01 | 72  0.61843 -2.11675e+01
 73 -0.45071 -1.35537e-02 | 74  0.40735  1.16193e+02 | 75 -0.43329 -5.11481e-03
 76  0.46076  4.01207e-02 | 77 -0.48345  1.81198e+01 | 78  0.46281  2.10382e-03
 79 -0.15360 -1.18345e+01 | 80  0.75649  4.54670e-03 |
80 variables; iteration 100; function evaluation 132; phase 6
Function value 1.9693254e+02; maximum gradient component mag -8.5946e+00
Var    Value     Gradient |Var    Value     Gradient |Var    Value     Gradient
  1 -0.27875  1.35749e+00 |  2  0.26005 -4.66654e-01 |  3  0.06540 -2.88329e+00
  4 -0.53401 -8.59458e+00 |  5 -0.51260 -5.99385e+00 |  6 -0.29634 -3.94609e+00
  7 -0.03973 -7.04418e+00 |  8 -0.00102 -2.54682e-02 |  9  0.00098  2.03335e-01
 10 -0.00114 -5.95856e-02 | 11 -0.00064  6.55092e-02 | 12 -0.00168  7.76757e-04
 13 -0.00235  3.25404e-02 | 14 -0.00321  9.79384e-02 | 15 -0.00583 -1.15147e-03
 16 -0.00884 -3.70850e-02 | 17 -0.01266 -2.56809e-02 | 18 -0.01693  1.03057e-01
 19 -0.02330  1.20773e-01 | 20 -0.03189 -2.97418e-02 | 21 -0.04015 -6.28441e-02
 22 -0.04652 -2.11171e-02 | 23 -0.04783  3.57641e-02 | 24 -0.04106  5.06942e-03
 25 -0.02866 -3.08441e-02 | 26 -0.01894  1.53282e-01 | 27  0.00228 -2.91295e-02
 28  0.12463  5.97554e-01 | 29  0.07618  1.61567e-01 | 30  0.07242  3.85712e-01
 31 -0.08370  3.36656e-01 | 32 -0.11736  1.54032e-01 | 33  0.11061  2.05107e-01
 34 -0.09607  8.44520e-02 | 35  0.11832 -1.26234e-01 | 36 -0.01302 -1.12481e-01
 37 -0.09162  3.71687e-02 | 38 -0.22776  1.89388e-01 | 39 -0.08404  4.89001e-02
 40  0.04991 -2.94102e-01 | 41  0.02358 -2.42295e-01 | 42  0.01816 -2.66732e-01
 43  0.14004 -1.06735e+00 | 44  0.00397 -1.55009e-01 | 45 -0.06777 -1.40633e-01
 46 -0.07226  1.18132e-01 | 47  0.06867 -6.28150e-01 | 48 -0.00815 -1.39124e-01
 49 -0.06150 -1.99215e-02 | 50  0.08628 -3.56333e-01 | 51  0.05382 -2.07555e-01
 52 -0.06679  5.03735e-02 | 53 -0.02351 -4.42715e-02 | 54 -0.04297 -2.27216e-02
 55 -0.07733  6.53420e-02 | 56  0.01318 -9.18349e-02 | 57  0.04734 -7.95435e-02
 58 -0.03778  2.49440e-02 | 59  0.13357 -5.10843e-02 | 60 -0.05055  3.54198e-02
 61  0.09808  1.65014e-01 | 62  0.10487  8.14257e-02 | 63  0.06101  1.16781e-01
 64  0.12978  1.02407e-01 | 65 -0.07199  1.58084e-01 | 66 -0.05366  1.23781e-01
 67 -0.10671  6.99995e-02 | 68 -0.06602  2.69565e-01 | 69 -0.01528  8.63029e-02
 70 -0.60474 -1.78738e+00 | 71  0.10814 -7.69351e-02 | 72  0.63182 -2.76204e+00
 73 -0.96306 -5.37491e-02 | 74  0.40871  3.93906e+00 | 75 -0.41454 -2.39400e-03
 76  0.15849  1.91851e-01 | 77 -0.48306  9.15409e-01 | 78  0.38950 -2.46394e-04
 79 -0.15289 -5.68839e-01 | 80  0.68376 -1.30835e-04 |
80 variables; iteration 120; function evaluation 171; phase 6
Function value 1.9691111e+02; maximum gradient component mag -1.7236e+00
Var    Value     Gradient |Var    Value     Gradient |Var    Value     Gradient
  1 -0.27929  2.66786e-01 |  2  0.26002 -9.10655e-02 |  3  0.06723 -6.33802e-01
  4 -0.53497 -1.72365e+00 |  5 -0.51225 -1.33823e+00 |  6 -0.29658 -7.89291e-01
  7 -0.03981 -3.29031e-01 |  8 -0.00084 -2.37949e-04 |  9 -0.00047  5.23934e-05
 10 -0.00072 -8.62348e-04 | 11 -0.00111 -9.52435e-04 | 12 -0.00169 -6.11259e-04
 13 -0.00258 -1.88637e-03 | 14 -0.00388 -5.65809e-04 | 15 -0.00582 -1.49436e-03
 16 -0.00856  2.19737e-04 | 17 -0.01247 -2.21269e-03 | 18 -0.01754 -1.16240e-03
 19 -0.02399 -3.68150e-03 | 20 -0.03167 -2.67720e-03 | 21 -0.03976 -1.65555e-03
 22 -0.04635 -7.91946e-04 | 23 -0.04796 -3.22482e-03 | 24 -0.04097 -4.52541e-03
 25 -0.02822 -3.05223e-03 | 26 -0.01945 -8.20440e-03 | 27  0.00325 -8.82852e-03
 28  0.12405  4.34906e-02 | 29  0.07715  2.21358e-02 | 30  0.07203  4.21672e-02
 31 -0.08383  4.20650e-02 | 32 -0.11733  4.15007e-02 | 33  0.11063 -4.05904e-03
 34 -0.09605  3.46367e-02 | 35  0.11833 -4.20974e-02 | 36 -0.01305  1.22007e-02
 37 -0.09168  2.71226e-02 | 38 -0.22789  3.57299e-02 | 39 -0.08402  1.88192e-02
 40  0.04993 -3.96204e-02 | 41  0.02356 -2.38883e-02 | 42  0.01815 -2.38224e-02
 43  0.14007 -1.41896e-01 | 44  0.00389 -2.24936e-02 | 45 -0.06766  8.48207e-03
 46 -0.07246  5.54994e-03 | 47  0.06874 -7.45064e-02 | 48 -0.00822 -1.96311e-02
 49 -0.06151  6.48196e-03 | 50  0.08629 -7.74702e-02 | 51  0.05382 -4.29678e-02
 52 -0.06682  1.34599e-02 | 53 -0.02351 -2.65302e-03 | 54 -0.04298  7.36383e-04
 55 -0.07734  9.07170e-03 | 56  0.01319 -2.89053e-02 | 57  0.04733 -3.99721e-02
 58 -0.03777  6.90883e-03 | 59  0.13355 -8.27954e-02 | 60 -0.05047  2.28937e-02
 61  0.09806 -1.32179e-02 | 62  0.10486  3.50690e-03 | 63  0.06099  2.77518e-02
 64  0.12978  2.57353e-02 | 65 -0.07198  4.30158e-02 | 66 -0.05366  3.77989e-02
 67 -0.10667  4.26736e-02 | 68 -0.06620  4.37383e-02 | 69 -0.01472  4.83871e-02
 70 -0.60219 -4.58776e-02 | 71  0.10874 -5.30557e-02 | 72  0.63855 -3.49342e-01
 73 -0.30664 -2.68894e-03 | 74  0.40943  1.29161e+00 | 75 -0.52241 -3.37247e-03
 76  0.14968 -7.92033e-02 | 77 -0.48312  8.75893e-02 | 78  0.40279  2.64686e-04
 79 -0.15293 -5.21142e-02 | 80  0.68153 -1.00584e-04 |
80 variables; iteration 140; function evaluation 193; phase 6
Function value 1.9691051e+02; maximum gradient component mag -5.2178e-02
Var    Value     Gradient |Var    Value     Gradient |Var    Value     Gradient
  1 -0.27956  6.30508e-03 |  2  0.26001 -4.32662e-04 |  3  0.06752 -3.16976e-02
  4 -0.53515 -5.18006e-02 |  5 -0.51217 -4.42433e-02 |  6 -0.29671 -1.03074e-02
  7 -0.03980 -4.27681e-02 |  8 -0.00084 -4.14166e-04 |  9 -0.00046  1.51026e-03
 10 -0.00072 -5.44567e-04 | 11 -0.00111 -6.88071e-04 | 12 -0.00169 -9.34586e-04
 13 -0.00258 -4.64413e-04 | 14 -0.00387  1.17898e-03 | 15 -0.00582 -7.38154e-04
 16 -0.00857  3.30153e-04 | 17 -0.01247  8.69905e-05 | 18 -0.01755 -6.22560e-04
 19 -0.02400 -4.84934e-04 | 20 -0.03168 -4.12744e-04 | 21 -0.03978 -6.98188e-05
 22 -0.04638  1.58751e-04 | 23 -0.04798 -3.76268e-04 | 24 -0.04098 -1.28871e-04
 25 -0.02824  1.20408e-04 | 26 -0.01943 -7.61372e-04 | 27  0.00331  4.14695e-04
 28  0.12399  2.67695e-03 | 29  0.07724  1.85929e-03 | 30  0.07197  4.16002e-03
 31 -0.08382  1.50182e-03 | 32 -0.11734  1.03083e-03 | 33  0.11063  2.49905e-03
 34 -0.09606  1.29418e-03 | 35  0.11833  4.18291e-03 | 36 -0.01306  3.25620e-03
 37 -0.09170  1.83537e-03 | 38 -0.22790  7.78401e-05 | 39 -0.08402 -6.59632e-04
 40  0.04994 -6.76365e-04 | 41  0.02356  2.37654e-04 | 42  0.01815  4.38139e-04
 43  0.14007  1.98336e-04 | 44  0.00390  1.25659e-04 | 45 -0.06767 -7.52075e-05
 46 -0.07246 -3.46842e-04 | 47  0.06875 -8.51109e-04 | 48 -0.00822 -8.19497e-05
 49 -0.06151 -4.94162e-04 | 50  0.08629 -2.16131e-03 | 51  0.05382 -1.19648e-03
 52 -0.06682 -4.36054e-04 | 53 -0.02351 -5.71185e-04 | 54 -0.04298 -1.00916e-03
 55 -0.07734 -8.70155e-04 | 56  0.01320 -2.00328e-03 | 57  0.04733 -1.77979e-03
 58 -0.03777 -5.77397e-04 | 59  0.13356 -3.24291e-03 | 60 -0.05047  1.82142e-04
 61  0.09807 -2.44264e-03 | 62  0.10487 -1.29855e-03 | 63  0.06099 -6.05754e-04
 64  0.12979 -1.52373e-03 | 65 -0.07198 -2.67766e-04 | 66 -0.05366 -2.19530e-04
 67 -0.10666  2.72065e-04 | 68 -0.06620 -6.15261e-04 | 69 -0.01473 -6.19243e-04
 70 -0.60220 -1.30364e-02 | 71  0.10900  1.40775e-03 | 72  0.63895  4.62123e-02
 73 -0.33286  6.12798e-03 | 74  0.40947 -5.21784e-02 | 75 -0.25696  9.22902e-04
 76  0.14971  7.02581e-03 | 77 -0.48313 -8.64724e-03 | 78  0.39774  9.07580e-05
 79 -0.15294  5.55228e-03 | 80  0.68280 -6.20814e-05 |
80 variables; iteration 160; function evaluation 214; phase 6
Function value 1.9691048e+02; maximum gradient component mag -1.6724e-03
Var    Value     Gradient |Var    Value     Gradient |Var    Value     Gradient
  1 -0.27961  2.54333e-04 |  2  0.26001 -9.66070e-05 |  3  0.06760 -6.79387e-04
  4 -0.53519 -6.91304e-04 |  5 -0.51215 -6.52683e-04 |  6 -0.29673 -6.57654e-04
  7 -0.03980 -5.11936e-04 |  8 -0.00084 -1.04740e-05 |  9 -0.00047  3.35068e-05
 10 -0.00072 -1.42412e-05 | 11 -0.00110 -2.53139e-05 | 12 -0.00169 -2.72938e-05
 13 -0.00258 -2.07629e-05 | 14 -0.00388  2.55648e-05 | 15 -0.00581 -2.36964e-05
 16 -0.00857  6.48137e-06 | 17 -0.01247 -1.05984e-05 | 18 -0.01755 -2.67275e-05
 19 -0.02400 -3.06908e-05 | 20 -0.03168 -1.91195e-05 | 21 -0.03978  2.28621e-07
 22 -0.04638  1.17204e-05 | 23 -0.04798 -2.13528e-05 | 24 -0.04098 -2.88016e-05
 25 -0.02823 -1.88322e-05 | 26 -0.01942 -5.62597e-05 | 27  0.00331 -5.53944e-06
 28  0.12399  7.43586e-05 | 29  0.07725 -6.43875e-05 | 30  0.07196  6.46541e-05
 31 -0.08382  1.35359e-05 | 32 -0.11734  3.43367e-05 | 33  0.11063 -5.36429e-05
 34 -0.09606  2.11419e-05 | 35  0.11833 -4.91398e-05 | 36 -0.01307  3.61882e-05
 37 -0.09170  2.91596e-05 | 38 -0.22790  1.77274e-06 | 39 -0.08402 -2.58660e-05
 40  0.04994 -3.98286e-05 | 41  0.02356  2.41386e-05 | 42  0.01815  4.13297e-05
 43  0.14007  6.54460e-05 | 44  0.00390  3.87958e-05 | 45 -0.06767  4.99618e-05
 46 -0.07246  1.44556e-05 | 47  0.06875  1.55006e-05 | 48 -0.00822  1.16264e-05
 49 -0.06151  1.47362e-05 | 50  0.08630 -4.48739e-05 | 51  0.05382 -1.44018e-05
 52 -0.06682  7.64035e-06 | 53 -0.02351  1.89641e-07 | 54 -0.04298 -1.84743e-05
 55 -0.07733 -1.09070e-05 | 56  0.01320 -5.75800e-05 | 57  0.04733 -3.60667e-05
 58 -0.03777  6.56150e-07 | 59  0.13356 -1.07127e-04 | 60 -0.05047  2.17306e-05
 61  0.09807 -7.40815e-05 | 62  0.10487 -3.19923e-05 | 63  0.06099 -3.65822e-06
 64  0.12979 -4.72415e-05 | 65 -0.07198  1.92873e-05 | 66 -0.05366  1.13322e-05
 67 -0.10666  3.48723e-05 | 68 -0.06620  1.01435e-06 | 69 -0.01472  1.68617e-05
 70 -0.60217 -7.22632e-05 | 71  0.10904 -1.27041e-04 | 72  0.63898  3.08983e-04
 73 -0.35768  6.46136e-06 | 74  0.40947 -1.67241e-03 | 75 -0.20321 -3.46307e-06
 76  0.14968  3.32030e-04 | 77 -0.48313  6.68557e-05 | 78  0.39471 -1.03617e-05
 79 -0.15294 -4.36031e-05 | 80  0.68422  4.04124e-06 |

 - final statistics:
80 variables; iteration 170; function evaluation 224
Function value 1.9691e+02; maximum gradient component mag -8.0204e-06
Exit code = 1;  converg criter 1.0000e-04
Var    Value     Gradient |Var    Value     Gradient |Var    Value     Gradient
  1 -0.27961  4.05095e-07 |  2  0.26001 -1.54933e-08 |  3  0.06760 -8.68461e-07
  4 -0.53519  1.62851e-06 |  5 -0.51215  9.18646e-07 |  6 -0.29673 -3.60651e-07
  7 -0.03980 -1.46074e-06 |  8 -0.00084 -5.24487e-08 |  9 -0.00047  9.96660e-08
 10 -0.00072 -4.67565e-08 | 11 -0.00110 -9.48755e-08 | 12 -0.00169 -1.04301e-07
 13 -0.00258 -9.41591e-08 | 14 -0.00388  7.18914e-08 | 15 -0.00581 -7.89479e-08
 16 -0.00857  3.76753e-09 | 17 -0.01247 -1.43122e-08 | 18 -0.01755 -1.43686e-07
 19 -0.02400 -1.17418e-07 | 20 -0.03168 -5.98809e-08 | 21 -0.03978  1.92869e-08
 22 -0.04638  7.99903e-08 | 23 -0.04798 -6.34955e-08 | 24 -0.04098 -7.62555e-08
 25 -0.02823 -4.96563e-08 | 26 -0.01942 -1.68394e-07 | 27  0.00331  1.56910e-07
 28  0.12399  5.66354e-07 | 29  0.07725 -3.56353e-08 | 30  0.07196  4.63960e-07
 31 -0.08382 -4.18761e-08 | 32 -0.11734  8.67177e-08 | 33  0.11063  1.18917e-07
 34 -0.09606  4.26213e-08 | 35  0.11833  1.68341e-07 | 36 -0.01307  1.62525e-07
 37 -0.09170  4.56313e-08 | 38 -0.22790 -1.12261e-07 | 39 -0.08402 -1.35521e-07
 40  0.04994  3.49713e-09 | 41  0.02356  1.59689e-07 | 42  0.01815  2.01275e-07
 43  0.14007  5.88099e-07 | 44  0.00390  1.22066e-07 | 45 -0.06767  1.39595e-07
 46 -0.07246 -5.17270e-08 | 47  0.06875  1.95601e-07 | 48 -0.00822  2.06489e-09
 49 -0.06151 -1.98922e-08 | 50  0.08630 -1.00924e-07 | 51  0.05382 -7.43066e-08
 52 -0.06682 -7.96767e-08 | 53 -0.02351 -7.15241e-08 | 54 -0.04298 -1.43630e-07
 55 -0.07733 -1.35220e-07 | 56  0.01320 -2.26968e-07 | 57  0.04733 -1.34050e-07
 58 -0.03777 -6.79205e-08 | 59  0.13356 -3.51678e-07 | 60 -0.05047  3.66164e-08
 61  0.09807 -3.48455e-07 | 62  0.10487 -2.09826e-07 | 63  0.06099 -1.41538e-07
 64  0.12979 -2.95428e-07 | 65 -0.07198 -5.38716e-08 | 66 -0.05366 -8.60977e-08
 67 -0.10666 -1.50171e-08 | 68 -0.06620 -1.55525e-07 | 69 -0.01472 -4.25683e-08
 70 -0.60217 -3.17878e-07 | 71  0.10904 -2.27391e-07 | 72  0.63898  9.84658e-07
 73 -0.35789 -7.05377e-08 | 74  0.40947 -8.02042e-06 | 75 -0.20291 -3.54251e-08
 76  0.14967  1.19831e-06 | 77 -0.48313 -2.76226e-07 | 78  0.39500  9.75576e-09
 79 -0.15294  1.45819e-07 | 80  0.68411 -1.85226e-08 |
Estimating row 1 out of 80 for hessian
Estimating row 2 out of 80 for hessian
Estimating row 3 out of 80 for hessian
Estimating row 4 out of 80 for hessian
Estimating row 5 out of 80 for hessian
Estimating row 6 out of 80 for hessian
Estimating row 7 out of 80 for hessian
Estimating row 8 out of 80 for hessian
Estimating row 9 out of 80 for hessian
Estimating row 10 out of 80 for hessian
Estimating row 11 out of 80 for hessian
Estimating row 12 out of 80 for hessian
Estimating row 13 out of 80 for hessian
Estimating row 14 out of 80 for hessian
Estimating row 15 out of 80 for hessian
Estimating row 16 out of 80 for hessian
Estimating row 17 out of 80 for hessian
Estimating row 18 out of 80 for hessian
Estimating row 19 out of 80 for hessian
Estimating row 20 out of 80 for hessian
Estimating row 21 out of 80 for hessian
Estimating row 22 out of 80 for hessian
Estimating row 23 out of 80 for hessian
Estimating row 24 out of 80 for hessian
Estimating row 25 out of 80 for hessian
Estimating row 26 out of 80 for hessian
Estimating row 27 out of 80 for hessian
Estimating row 28 out of 80 for hessian
Estimating row 29 out of 80 for hessian
Estimating row 30 out of 80 for hessian
Estimating row 31 out of 80 for hessian
Estimating row 32 out of 80 for hessian
Estimating row 33 out of 80 for hessian
Estimating row 34 out of 80 for hessian
Estimating row 35 out of 80 for hessian
Estimating row 36 out of 80 for hessian
Estimating row 37 out of 80 for hessian
Estimating row 38 out of 80 for hessian
Estimating row 39 out of 80 for hessian
Estimating row 40 out of 80 for hessian
Estimating row 41 out of 80 for hessian
Estimating row 42 out of 80 for hessian
Estimating row 43 out of 80 for hessian
Estimating row 44 out of 80 for hessian
Estimating row 45 out of 80 for hessian
Estimating row 46 out of 80 for hessian
Estimating row 47 out of 80 for hessian
Estimating row 48 out of 80 for hessian
Estimating row 49 out of 80 for hessian
Estimating row 50 out of 80 for hessian
Estimating row 51 out of 80 for hessian
Estimating row 52 out of 80 for hessian
Estimating row 53 out of 80 for hessian
Estimating row 54 out of 80 for hessian
Estimating row 55 out of 80 for hessian
Estimating row 56 out of 80 for hessian
Estimating row 57 out of 80 for hessian
Estimating row 58 out of 80 for hessian
Estimating row 59 out of 80 for hessian
Estimating row 60 out of 80 for hessian
Estimating row 61 out of 80 for hessian
Estimating row 62 out of 80 for hessian
Estimating row 63 out of 80 for hessian
Estimating row 64 out of 80 for hessian
Estimating row 65 out of 80 for hessian
Estimating row 66 out of 80 for hessian
Estimating row 67 out of 80 for hessian
Estimating row 68 out of 80 for hessian
Estimating row 69 out of 80 for hessian
Estimating row 70 out of 80 for hessian
Estimating row 71 out of 80 for hessian
Estimating row 72 out of 80 for hessian
Estimating row 73 out of 80 for hessian
Estimating row 74 out of 80 for hessian
Estimating row 75 out of 80 for hessian
Estimating row 76 out of 80 for hessian
Estimating row 77 out of 80 for hessian
Estimating row 78 out of 80 for hessian
Estimating row 79 out of 80 for hessian
Estimating row 80 out of 80 for hessian
size of file gradfil1.tmp = 0
size of file gradfil2.tmp = 0
size of file varssave.tmp = 0
size of file cmpdiff.tmp = 0
