
Initial statistics: 66 variables; iteration 0; function evaluation 0; phase 1
Function value 9.0474991e+03; maximum gradient component mag -1.4498e+05
Var    Value     Gradient |Var    Value     Gradient |Var    Value     Gradient
  1 -0.49172 -1.44979e+05 |  2 -0.04756 -1.15076e+04 |  3  0.00000 -8.35906e+00
  4  0.00000 -4.07652e+00 |  5  0.00000 -6.03300e+00 |  6  0.00000 -8.92872e+00
  7  0.00000 -1.31920e+01 |  8  0.00000 -1.94058e+01 |  9  0.00000 -2.84532e+01
 10  0.00000 -4.14685e+01 | 11  0.00000 -6.00385e+01 | 12  0.00000 -8.62612e+01
 13  0.00000 -1.22335e+02 | 14  0.00000 -1.70463e+02 | 15  0.00000 -2.34240e+02
 16  0.00000 -3.16442e+02 | 17  0.00000 -4.17921e+02 | 18  0.00000 -5.36455e+02
 19  0.00000 -6.68155e+02 | 20  0.00000 -8.12514e+02 | 21  0.00000 -9.75456e+02
 22  0.00000 -1.16415e+03 | 23  0.00000  8.47373e+03 | 24  0.00000  8.02413e+03
 25  0.00000  7.63218e+03 | 26  0.00000  7.37523e+03 | 27  0.00000  6.93663e+03
 28  0.00000  5.75369e+03 | 29  0.00000  5.54178e+03 | 30  0.00000  4.67719e+03
 31  0.00000  4.84317e+03 | 32  0.00000  4.90306e+03 | 33  0.00000  4.70085e+03
 34  0.00000  3.70855e+03 | 35  0.00000  2.33187e+03 | 36  0.00000  1.56572e+03
 37  0.00000  1.03161e+03 | 38  0.00000  6.02677e+02 | 39  0.00000  1.37904e+03
 40  0.00000  2.76026e+03 | 41  0.00000  3.72032e+03 | 42  0.00000  4.18972e+03
 43  0.00000  5.15097e+03 | 44  0.00000  6.10240e+03 | 45  0.00000  5.16245e+03
 46  0.00000  1.65927e+03 | 47  0.00000 -5.08287e+02 | 48  0.00000 -3.05073e+03
 49  0.00000 -9.11139e+03 | 50  0.00000 -9.95486e+03 | 51  0.00000 -7.67872e+03
 52  0.00000 -6.33520e+03 | 53  0.00000 -6.81988e+03 | 54  0.00000 -1.25597e+04
 55  0.00000 -1.69510e+04 | 56  0.00000 -1.85207e+04 | 57  0.00000 -1.89175e+04
 58  0.00000 -1.90731e+04 | 59  0.00000 -1.66373e+04 | 60  0.00000 -8.55750e+03
 61  0.00000 -6.84638e+02 | 62  0.00000  5.75869e+03 | 63  0.00000  9.04981e+03
 64  0.00000  9.94858e+03 | 65  0.00000  1.11291e+04 | 66  0.00000  1.12477e+04

Intermediate statistics: 66 variables; iteration 20; function evaluation 35; phase 1
Function value 7.5290518e+02; maximum gradient component mag 1.1591e+04
Var    Value     Gradient |Var    Value     Gradient |Var    Value     Gradient
  1 -0.40974  1.15908e+04 |  2 -0.03924  1.79063e+03 |  3 -0.00259  9.68844e-01
  4 -0.00128  4.77525e-01 |  5 -0.00189  7.04383e-01 |  6 -0.00278  1.03702e+00
  7 -0.00408  1.52015e+00 |  8 -0.00595  2.21064e+00 |  9 -0.00857  3.18975e+00
 10 -0.01218  4.54888e+00 | 11 -0.01691  6.40950e+00 | 12 -0.02285  8.92397e+00
 13 -0.02957  1.22860e+01 | 14 -0.03622  1.68017e+01 | 15 -0.04160  2.31542e+01
 16 -0.04382  3.23678e+01 | 17 -0.04141  4.55892e+01 | 18 -0.03424  6.32317e+01
 19 -0.02442  8.38433e+01 | 20 -0.01531  1.04815e+02 | 21 -0.00740  1.25223e+02
 22  0.00362  1.45352e+02 | 23  0.01720 -4.85777e+02 | 24  0.02514 -4.23332e+02
 25  0.00783 -3.62480e+02 | 26 -0.03404 -2.81643e+02 | 27 -0.05064 -2.25075e+02
 28  0.03581 -1.20196e+02 | 29 -0.02069 -1.05156e+02 | 30  0.03666 -2.20697e+01
 31 -0.01712  4.20038e+01 | 32 -0.05151  1.54598e+02 | 33 -0.07954  1.78022e+02
 34 -0.05129  1.72214e+02 | 35  0.00605  2.14068e+02 | 36  0.01175  1.84237e+02
 37  0.02615  1.76328e+02 | 38  0.06586  2.34584e+02 | 39  0.01689  1.81811e+02
 40 -0.02706  1.02271e+02 | 41 -0.03141  1.96945e+01 | 42  0.01235 -1.08702e+01
 43 -0.01742 -1.30734e+02 | 44 -0.04319 -2.56905e+02 | 45  0.01820 -3.04070e+02
 46  0.01514 -1.88063e+02 | 47 -0.03595 -5.30473e+01 | 48 -0.02671  1.22273e+02
 49 -0.01229  4.71400e+02 | 50 -0.01962  5.63302e+02 | 51 -0.00504  3.20613e+02
 52  0.01132  1.36819e+02 | 53 -0.00393  8.00033e+01 | 54  0.06420  2.01410e+02
 55  0.05043  4.24680e+02 | 56  0.08228  4.65762e+02 | 57  0.09734  4.68652e+02
 58  0.09209  5.01538e+02 | 59  0.11047  4.26489e+02 | 60  0.02124  2.53986e+02
 61 -0.02253 -5.12713e+01 | 62 -0.07930 -3.88815e+02 | 63 -0.08138 -6.45088e+02
 64  0.07072 -5.89213e+02 | 65 -0.11409 -7.36023e+02 | 66 -0.07105 -7.40911e+02
66 variables; iteration 40; function evaluation 56; phase 1
Function value 5.9686054e+02; maximum gradient component mag 5.2592e+03
Var    Value     Gradient |Var    Value     Gradient |Var    Value     Gradient
  1 -0.44033  5.25920e+03 |  2 -0.05356  2.53079e+02 |  3 -0.03312 -4.27161e+00
  4 -0.01745 -2.24585e+00 |  5 -0.02487 -3.20325e+00 |  6 -0.03495 -4.50751e+00
  7 -0.04812 -6.20874e+00 |  8 -0.06443 -8.30615e+00 |  9 -0.08257 -1.05991e+01
 10 -0.09909 -1.25855e+01 | 11 -0.10534 -1.30245e+01 | 12 -0.09055 -1.01798e+01
 13 -0.05674 -3.61257e+00 | 14 -0.04189  8.76176e-01 | 15 -0.05737  1.76901e-01
 16 -0.05002  4.54227e+00 | 17 -0.01223  1.79856e+01 | 18  0.00926  2.87912e+01
 19 -0.00757  2.48238e+01 | 20  0.00305  2.85412e+01 | 21  0.02284  3.42441e+01
 22  0.04976  3.48273e+01 | 23  0.05091 -3.45319e+02 | 24  0.03475 -3.83112e+02
 25  0.01175 -3.82841e+02 | 26 -0.06552 -3.19924e+02 | 27 -0.07066 -2.48740e+02
 28  0.04351 -5.05105e+02 | 29 -0.02626 -2.59179e+02 | 30  0.05887 -5.36911e+02
 31 -0.03390 -3.59723e+02 | 32 -0.08939 -2.59198e+02 | 33 -0.14375 -1.77740e+02
 34 -0.07175 -1.76763e+02 | 35  0.00794 -3.67352e+02 | 36  0.00869 -3.49186e+02
 37  0.01483 -3.62734e+02 | 38  0.09369 -4.67220e+02 | 39  0.02659 -2.22231e+02
 40 -0.04363 -1.88464e+02 | 41 -0.05021 -2.55039e+02 | 42  0.01469 -4.71420e+02
 43 -0.02328 -3.86486e+02 | 44 -0.04434 -3.21061e+02 | 45  0.02559 -4.61070e+02
 46  0.03340 -1.30503e+02 | 47 -0.02012  1.77937e+02 | 48 -0.02677  2.05800e+02
 49 -0.03699  2.66726e+02 | 50 -0.03188  4.58275e+02 | 51 -0.00304  3.95465e+02
 52  0.02395  4.15531e+02 | 53  0.00992  5.04154e+02 | 54  0.08720  8.44646e+02
 55  0.07657  1.13520e+03 | 56  0.10678  1.20908e+03 | 57  0.12214  1.21340e+03
 58  0.11259  1.13227e+03 | 59  0.13174  1.05115e+03 | 60  0.02787  6.03664e+02
 61 -0.03621  1.24275e+02 | 62 -0.09373 -1.24106e+02 | 63 -0.07173 -3.03884e+02
 64  0.04906 -5.45160e+02 | 65 -0.11859 -3.98302e+02 | 66 -0.06778 -4.01683e+02
66 variables; iteration 60; function evaluation 82; phase 1
Function value 4.5502108e+02; maximum gradient component mag 6.3718e+03
Var    Value     Gradient |Var    Value     Gradient |Var    Value     Gradient
  1 -0.45765  6.37183e+03 |  2 -0.05265  4.77377e+02 |  3 -0.02621 -3.14672e+00
  4 -0.03079 -4.04969e+00 |  5 -0.03162 -4.05169e+00 |  6 -0.02360 -2.73528e+00
  7 -0.00129  7.97801e-01 |  8  0.03601  6.94422e+00 |  9  0.07086  1.35213e+01
 10  0.04200  1.02145e+01 | 11 -0.14463 -1.80299e+01 | 12 -0.15887 -1.93700e+01
 13 -0.26579 -3.17595e+01 | 14  0.01741  1.77126e+01 | 15  0.05717  3.65960e+01
 16 -0.02384  1.70885e+01 | 17  0.10529  8.52474e+01 | 18 -0.07007  1.18949e+01
 19 -0.13340 -3.77403e+00 | 20  0.00347  4.51303e+01 | 21  0.01483  5.19725e+01
 22  0.00999  4.39913e+01 | 23  0.04132 -3.63159e+02 | 24  0.01892 -3.79646e+02
 25  0.04589 -2.88016e+02 | 26 -0.06554 -3.29457e+02 | 27 -0.10806 -3.28197e+02
 28  0.07716 -3.02518e+01 | 29 -0.04742 -1.91676e+02 | 30  0.08460  1.41044e+01
 31 -0.01538 -1.91179e+02 | 32 -0.13151 -3.66550e+02 | 33 -0.15376 -2.56962e+02
 34 -0.10143 -2.65622e+02 | 35  0.02283 -5.07754e+01 | 36  0.02069  4.52645e+01
 37  0.04637  1.69986e+02 | 38  0.10123  2.58066e+02 | 39  0.03373  1.16632e+02
 40 -0.07328 -1.76337e+02 | 41 -0.03042 -3.43397e+01 | 42  0.04194  2.50018e+01
 43 -0.02574 -2.18306e+02 | 44 -0.06937 -2.55754e+02 | 45  0.06864  1.54612e+02
 46  0.03589  7.37276e+01 | 47 -0.03712  1.37380e+01 | 48 -0.03413  8.52100e+01
 49  0.00502  5.71385e+02 | 50 -0.04191  2.89476e+02 | 51  0.00250  2.97735e+02
 52  0.02282  2.10136e+02 | 53  0.01669  3.33998e+02 | 54  0.08574  4.33910e+02
 55  0.06236  5.78991e+02 | 56  0.09240  5.65061e+02 | 57  0.11068  6.05406e+02
 58  0.11112  7.13958e+02 | 59  0.12208  4.53620e+02 | 60  0.00161  1.24097e+02
 61 -0.04499 -1.46629e+02 | 62 -0.10659 -3.20136e+02 | 63 -0.06590 -4.08591e+02
 64  0.08924 -4.63776e+02 | 65 -0.13829 -5.02505e+02 | 66 -0.07146 -5.28856e+02
Maximum number of function evaluations exceeded

 - final statistics:
66 variables; iteration 72; function evaluation 100
Function value 2.8595e+02; maximum gradient component mag 1.0412e+03
Exit code = 3;  converg criter 1.0000e+01
Var    Value     Gradient |Var    Value     Gradient |Var    Value     Gradient
  1 -0.48723  1.04124e+03 |  2 -0.05239 -3.74623e+01 |  3 -0.05449 -7.30205e+00
  4  0.00651  1.11155e+00 |  5 -0.05396 -7.30104e+00 |  6 -0.00800 -7.15301e-01
  7 -0.00620 -2.64416e-01 |  8  0.04740  7.93224e+00 |  9  0.02531  5.19147e+00
 10 -0.03514 -3.37471e+00 | 11  0.00404  3.56059e+00 | 12 -0.04801 -3.80494e+00
 13 -0.07684 -7.38142e+00 | 14  0.02729  1.40009e+01 | 15 -0.11444 -1.11312e+01
 16 -0.01169  1.15470e+01 | 17 -0.02473  1.08857e+01 | 18 -0.29019 -3.32332e+01
 19 -0.04502  5.92146e+00 | 20 -0.08972 -4.50436e+00 | 21  0.02652  2.39242e+01
 22 -0.02837  6.22978e+00 | 23  0.09959 -3.07625e+01 | 24  0.02577 -6.35799e+01
 25  0.06501 -3.78049e+01 | 26 -0.07740 -5.26108e+01 | 27 -0.15150 -7.58973e+01
 28  0.09097  3.04084e+01 | 29 -0.07514  7.06353e+00 | 30  0.10743  6.68525e+01
 31 -0.01605 -4.21610e+01 | 32 -0.12547 -1.12412e+02 | 33 -0.21481 -5.80885e+01
 34 -0.10014 -5.67108e+01 | 35  0.04009 -4.64320e+00 | 36  0.01467  2.21794e+01
 37  0.04927  1.22343e+02 | 38  0.12370  7.96231e+01 | 39  0.02879  4.31332e+01
 40 -0.08486 -3.57593e+01 | 41 -0.04562  2.35868e+01 | 42  0.06055  5.38099e+01
 43 -0.00576 -8.18873e+00 | 44 -0.05629 -1.25958e+01 | 45  0.08249  6.05396e+01
 46  0.05592  2.27824e+01 | 47 -0.05218 -1.66079e+01 | 48 -0.04438 -4.53090e+01
 49 -0.01623  1.12352e+02 | 50 -0.07525  2.42669e+01 | 51  0.00448  2.08101e+01
 52  0.03934  2.06655e+01 | 53  0.00110  1.23741e+02 | 54  0.11570  8.49390e+01
 55  0.02471  9.13088e+01 | 56  0.07992 -2.83550e+01 | 57  0.10311  7.45562e+00
 58  0.08569  1.15245e+02 | 59  0.12775 -5.07216e-01 | 60 -0.05065 -2.65238e+01
 61 -0.04920 -5.73523e+01 | 62 -0.11771 -9.37625e+01 | 63 -0.03359 -5.15624e+01
 64  0.11426 -2.47805e+01 | 65 -0.10576 -8.10429e+01 | 66 -0.04490 -8.74599e+01

Initial statistics: 71 variables; iteration 0; function evaluation 0; phase 2
Function value 2.8595261e+02; maximum gradient component mag 1.0412e+03
Var    Value     Gradient |Var    Value     Gradient |Var    Value     Gradient
  1 -1.00000 -2.16579e-06 |  2  0.44731 -1.27406e+01 |  3  0.11252 -6.76324e+01
  4 -0.53984 -2.28390e+02 |  5 -0.52389 -2.09048e+02 |  6 -0.48723  1.04124e+03
  7 -0.05239 -3.74623e+01 |  8 -0.05449 -7.30205e+00 |  9  0.00651  1.11155e+00
 10 -0.05396 -7.30104e+00 | 11 -0.00800 -7.15301e-01 | 12 -0.00620 -2.64416e-01
 13  0.04740  7.93224e+00 | 14  0.02531  5.19147e+00 | 15 -0.03514 -3.37471e+00
 16  0.00404  3.56059e+00 | 17 -0.04801 -3.80494e+00 | 18 -0.07684 -7.38142e+00
 19  0.02729  1.40009e+01 | 20 -0.11444 -1.11312e+01 | 21 -0.01169  1.15470e+01
 22 -0.02473  1.08857e+01 | 23 -0.29019 -3.32332e+01 | 24 -0.04502  5.92146e+00
 25 -0.08972 -4.50436e+00 | 26  0.02652  2.39242e+01 | 27 -0.02837  6.22978e+00
 28  0.09958 -3.12468e+01 | 29  0.02576 -6.40697e+01 | 30  0.06499 -3.82926e+01
 31 -0.07742 -5.30972e+01 | 32 -0.15151 -7.63731e+01 | 33  0.09095  2.99234e+01
 34 -0.07515  6.57676e+00 | 35  0.10742  6.63696e+01 | 36 -0.01606 -4.26510e+01
 37 -0.12549 -1.12892e+02 | 38 -0.21483 -5.85505e+01 | 39 -0.10016 -5.71947e+01
 40  0.04007 -5.13240e+00 | 41  0.01465  2.16894e+01 | 42  0.04925  1.21855e+02
 43  0.12368  7.91426e+01 | 44  0.02877  4.26436e+01 | 45 -0.08487 -3.62450e+01
 46 -0.04563  2.30979e+01 | 47  0.06053  5.33221e+01 | 48 -0.00578 -8.67887e+00
 49 -0.05631 -1.30840e+01 | 50  0.08247  6.00538e+01 | 51  0.05590  2.22942e+01
 52 -0.05220 -1.70964e+01 | 53 -0.04440 -4.57979e+01 | 54 -0.01625  1.11862e+02
 55 -0.07527  2.37801e+01 | 56  0.00446  2.03200e+01 | 57  0.03932  2.01764e+01
 58  0.00108  1.23250e+02 | 59  0.11568  8.44574e+01 | 60  0.02469  9.08191e+01
 61  0.07990 -2.88415e+01 | 62  0.10310  6.97190e+00 | 63  0.08567  1.14760e+02
 64  0.12773 -9.87551e-01 | 65 -0.05067 -2.70124e+01 | 66 -0.04922 -5.78409e+01
 67 -0.11773 -9.42438e+01 | 68 -0.03361 -5.20518e+01 | 69  0.11424 -2.52629e+01
 70 -0.10578 -8.15260e+01 | 71 -0.04491 -8.79487e+01 |

Intermediate statistics: 71 variables; iteration 20; function evaluation 24; phase 2
Function value 2.6857450e+02; maximum gradient component mag 9.8032e+02
Var    Value     Gradient |Var    Value     Gradient |Var    Value     Gradient
  1 -1.06313  2.20034e+01 |  2  0.44784 -1.56914e+01 |  3  0.10751 -9.65589e+00
  4 -0.53292 -1.12368e+02 |  5 -0.52959 -1.87922e+02 |  6 -0.49121  9.80320e+02
  7 -0.04911  1.01553e+02 |  8 -0.01224 -1.23612e+00 |  9  0.00018  2.78787e-01
 10 -0.01166 -1.28491e+00 | 11 -0.00373  1.72719e-02 | 12 -0.00445  1.69833e-01
 13  0.00327  1.69522e+00 | 14 -0.00298  1.31548e+00 | 15 -0.01582  8.39164e-02
 16 -0.01413  1.39503e+00 | 17 -0.02670  6.69232e-01 | 18 -0.03671  6.40360e-01
 19 -0.03505  3.20080e+00 | 20 -0.05632  1.43888e+00 | 21 -0.05863  3.73723e+00
 22 -0.06735  4.29377e+00 | 23 -0.09562 -9.99125e-01 | 24 -0.06542  6.26225e+00
 25 -0.06248  6.17391e+00 | 26 -0.03596  1.35761e+01 | 27 -0.03380  1.27163e+01
 28  0.08950  1.12183e+01 | 29  0.03991 -1.45562e+01 | 30  0.07010  5.05130e+01
 31 -0.07656 -2.53407e+01 | 32 -0.14047 -5.37652e+01 | 33  0.09582  1.91870e+02
 34 -0.09919  1.11569e+00 | 35  0.11271  2.89906e+02 | 36 -0.01992  4.21207e+01
 37 -0.09540 -2.56843e+01 | 38 -0.22925 -5.49497e+01 | 39 -0.09933 -2.13514e+01
 40  0.04435  1.23763e+02 | 41  0.01408  7.68165e+01 | 42  0.03819  1.58847e+02
 43  0.13350  3.15775e+02 | 44  0.02683  1.18946e+02 | 45 -0.07714 -1.49602e+01
 46 -0.05759  4.85150e+00 | 47  0.06105  6.16042e+01 | 48 -0.00208  7.04639e-01
 49 -0.06130 -2.45720e+01 | 50  0.08611  7.82669e+01 | 51  0.06114  1.68485e+01
 52 -0.06035 -6.47414e+01 | 53 -0.03600 -9.89537e+01 | 54 -0.03304 -4.47767e+01
 55 -0.08059 -6.60738e+01 | 56  0.00578 -7.34269e+01 | 57  0.04667 -7.70311e+01
 58 -0.02067 -4.16204e+01 | 59  0.12275 -1.47559e+02 | 60 -0.01065 -6.53889e+01
 61  0.09778 -1.16667e+02 | 62  0.10427 -1.34283e+02 | 63  0.07138 -1.05654e+02
 64  0.12498 -2.58009e+02 | 65 -0.06107 -1.14788e+02 | 66 -0.04952 -1.22693e+02
 67 -0.10176 -1.04843e+02 | 68 -0.03739 -9.90948e+01 | 69  0.11432 -8.61530e+01
 70 -0.09943 -8.83515e+01 | 71 -0.04055 -9.07784e+01 |
71 variables; iteration 40; function evaluation 45; phase 2
Function value 2.5890622e+02; maximum gradient component mag 3.2979e+02
Var    Value     Gradient |Var    Value     Gradient |Var    Value     Gradient
  1 -1.08130  4.33230e+00 |  2  0.45035  6.79958e+00 |  3  0.11246  5.82068e+01
  4 -0.53058  1.64447e+02 |  5 -0.52959  1.08258e+02 |  6 -0.50040  3.29792e+02
  7 -0.04781  5.59410e+01 |  8 -0.00437 -2.21971e-01 |  9 -0.00122  2.33833e-02
 10 -0.00281 -1.08950e-01 | 11 -0.00293  1.08951e-02 | 12 -0.00415  3.71797e-02
 13 -0.00136  7.41197e-01 | 14 -0.00472  6.75765e-01 | 15 -0.01530 -3.31623e-01
 16 -0.01449  6.19710e-01 | 17 -0.02648 -2.14639e-01 | 18 -0.03536 -3.09470e-01
 19 -0.04235  1.91334e-01 | 20 -0.05165  5.18544e-01 | 21 -0.05843  1.44052e+00
 22 -0.06347  2.44016e+00 | 23 -0.07471  9.02065e-01 | 24 -0.06926  1.33348e+00
 25 -0.07352 -1.20931e+00 | 26 -0.03327  6.92754e+00 | 27 -0.03700  3.10594e+00
 28  0.09275  7.82400e+00 | 29  0.03410 -1.60559e+01 | 30  0.07179  7.25563e+00
 31 -0.06954 -1.86942e+00 | 32 -0.14253 -2.20857e+01 | 33  0.09549  3.91113e+01
 34 -0.09988  1.23994e+01 | 35  0.11402  7.21194e+01 | 36 -0.02460 -1.59667e+01
 37 -0.08450 -1.91617e+01 | 38 -0.25338 -2.82207e+01 | 39 -0.09127 -4.71892e+00
 40  0.04385  1.40977e+01 | 41  0.01918  5.50614e+00 | 42  0.02817  2.63644e+01
 43  0.13487  2.02077e+01 | 44  0.02052  1.09141e+01 | 45 -0.06555 -8.06713e+00
 46 -0.06664 -5.49080e+00 | 47  0.06286 -3.85354e+00 | 48  0.00296 -1.08411e+01
 49 -0.07016 -2.13559e+01 | 50  0.08658  1.20814e+01 | 51  0.06096 -2.57814e+00
 52 -0.06070 -1.39219e+01 | 53 -0.02237 -1.56720e+01 | 54 -0.03940 -1.08236e+01
 55 -0.07689 -8.76785e+00 | 56  0.01074  7.33934e+00 | 57  0.04882 -3.79661e+00
 58 -0.03335  6.14339e+00 | 59  0.13458  3.74187e+01 | 60 -0.03439 -8.24970e+00
 61  0.10157 -5.04220e+00 | 62  0.10767  3.86466e+00 | 63  0.06774  4.71265e+00
 64  0.13586 -2.39614e+00 | 65 -0.05456 -6.31550e+00 | 66 -0.04709 -2.25086e+01
 67 -0.09012 -3.97855e+00 | 68 -0.03992 -2.59447e+01 | 69  0.11649 -6.19042e+00
 70 -0.09820 -2.26213e+01 | 71 -0.03153 -6.09361e+00 |
71 variables; iteration 60; function evaluation 72; phase 2
Function value 2.5735925e+02; maximum gradient component mag 2.3177e+02
Var    Value     Gradient |Var    Value     Gradient |Var    Value     Gradient
  1 -1.08197 -3.65477e+00 |  2  0.44938  8.54626e+00 |  3  0.10220  7.46545e+01
  4 -0.52352  2.31767e+02 |  5 -0.53275  1.80292e+02 |  6 -0.50296  1.00216e+02
  7 -0.04859  6.24713e+00 |  8  0.00043  4.19262e-01 |  9 -0.00183 -8.33292e-02
 10  0.00185  5.21285e-01 | 11 -0.00238  4.55249e-02 | 12 -0.00382  2.17580e-02
 13 -0.00591 -1.70547e-02 | 14 -0.00766  1.05144e-01 | 15 -0.01223 -4.14630e-02
 16 -0.01556  1.92303e-01 | 17 -0.02351 -6.11869e-02 | 18 -0.03240 -2.36980e-01
 19 -0.03776  4.63006e-01 | 20 -0.05171 -2.03530e-01 | 21 -0.05962  3.11604e-01
 22 -0.06610  7.97500e-01 | 23 -0.07760 -9.03548e-01 | 24 -0.06613  5.30921e-01
 25 -0.05918 -1.78199e-01 | 26 -0.04481  1.29656e+00 | 27 -0.02782  9.37725e-01
 28  0.07648  3.65685e+00 | 29  0.05739 -7.48729e+00 | 30  0.06918 -1.19030e+00
 31 -0.07698 -4.89780e+00 | 32 -0.13593 -7.37988e+00 | 33  0.09681 -1.71551e+00
 34 -0.11640  1.48983e-01 | 35  0.11250  2.89704e+00 | 36 -0.01791 -2.90122e+00
 37 -0.08427 -6.37559e+00 | 38 -0.23339 -4.00168e+00 | 39 -0.09745 -7.21840e+00
 40  0.04413  7.08542e-01 | 41  0.02209  3.75150e+00 | 42  0.02092  9.42678e+00
 43  0.13835  9.38392e+00 | 44  0.01696  5.56780e+00 | 45 -0.06447 -1.37658e+00
 46 -0.06965  2.51979e+00 | 47  0.06450  7.91300e+00 | 48  0.00172  2.23405e+00
 49 -0.06381 -8.65186e-01 | 50  0.08460  8.15852e+00 | 51  0.06277  6.82029e+00
 52 -0.06243 -2.22706e+00 | 53 -0.02116 -9.75900e-01 | 54 -0.03765  4.88638e+00
 55 -0.07726 -4.17075e-03 | 56  0.00878  1.67787e+00 | 57  0.05162  5.80556e+00
 58 -0.03740  4.28936e+00 | 59  0.13414  9.96019e+00 | 60 -0.03436  2.84573e+00
 61  0.10312  3.89003e+00 | 62  0.10759  4.08079e+00 | 63  0.06582  3.01662e+00
 64  0.13788  8.36193e+00 | 65 -0.05820 -1.97384e+00 | 66 -0.04404 -4.05272e+00
 67 -0.09809 -6.16184e+00 | 68 -0.03352 -1.50402e+00 | 69  0.11594 -4.88553e+00
 70 -0.09444 -5.59872e+00 | 71 -0.03595 -1.06328e+01 |
Maximum number of function evaluations exceeded

 - final statistics:
71 variables; iteration 77; function evaluation 100
Function value 2.5690e+02; maximum gradient component mag 3.9420e+01
Exit code = 3;  converg criter 1.0000e+01
Var    Value     Gradient |Var    Value     Gradient |Var    Value     Gradient
  1 -1.05956 -6.33312e+00 |  2  0.44903  1.50739e+00 |  3  0.11556  1.13230e+01
  4 -0.53099  3.94200e+01 |  5 -0.52913  3.35448e+01 |  6 -0.50574  1.07160e+01
  7 -0.04828 -8.10107e+00 |  8 -0.00561 -4.40280e-01 |  9  0.00743  1.34709e+00
 10 -0.00084  1.30836e-01 | 11 -0.00129  2.02262e-01 | 12  0.00402  1.25800e+00
 13 -0.01083 -7.91940e-01 | 14 -0.00724  1.98126e-01 | 15 -0.01586 -6.42830e-01
 16 -0.01324  5.66814e-01 | 17 -0.01796  7.59483e-01 | 18 -0.02871  3.26718e-01
 19 -0.04232 -5.92146e-01 | 20 -0.05277 -6.26727e-01 | 21 -0.06001 -9.65001e-02
 22 -0.07148 -7.97319e-01 | 23 -0.07117 -1.92249e-02 | 24 -0.06232  6.87384e-01
 25 -0.05611 -6.13378e-01 | 26 -0.04301 -2.62241e-01 | 27 -0.01572 -1.93922e-01
 28  0.04664 -2.07241e+00 | 29  0.09065 -2.28658e+00 | 30  0.05557 -1.57307e+00
 31 -0.07180 -1.67720e+00 | 32 -0.13437 -1.48601e+00 | 33  0.09848 -5.55131e+00
 34 -0.12583 -3.49751e+00 | 35  0.11387 -1.01193e+01 | 36 -0.01840 -4.13953e+00
 37 -0.08299 -3.13009e+00 | 38 -0.23769 -1.34385e+00 | 39 -0.09524 -1.14239e+00
 40  0.04485 -1.86136e+00 | 41  0.02280 -1.04147e+00 | 42  0.01903  1.99931e+00
 43  0.14044  3.76074e-01 | 44  0.01560  1.04925e+00 | 45 -0.06276 -6.01852e-01
 46 -0.07174  1.25420e+00 | 47  0.06592  3.77328e+00 | 48  0.00182  1.39720e+00
 49 -0.06357  1.33487e+00 | 50  0.08559  4.25934e+00 | 51  0.06309  2.73712e+00
 52 -0.06146  1.41323e+00 | 53 -0.02034  8.06075e-01 | 54 -0.03777  4.11228e+00
 55 -0.07689  2.00963e+00 | 56  0.00984  3.47565e+00 | 57  0.05225  3.79499e+00
 58 -0.03805  4.04074e+00 | 59  0.13543  5.55411e+00 | 60 -0.03607  3.87146e+00
 61  0.10411  5.80990e-01 | 62  0.10813  9.95477e-01 | 63  0.06631  1.33909e+00
 64  0.13813 -2.62711e+00 | 65 -0.05852 -1.05039e+00 | 66 -0.04351 -1.47296e+00
 67 -0.09677 -1.08240e+00 | 68 -0.03457 -1.29707e+00 | 69  0.11693 -2.50249e+00
 70 -0.09579 -1.31471e+00 | 71 -0.03410 -1.27829e+00 |

Initial statistics: 79 variables; iteration 0; function evaluation 0; phase 3
Function value 2.5689780e+02; maximum gradient component mag -1.8008e+03
Var    Value     Gradient |Var    Value     Gradient |Var    Value     Gradient
  1 -0.94044  6.40994e+00 |  2  0.44903  9.49892e-01 |  3  0.11556  6.65603e+00
  4 -0.53099  2.45425e+01 |  5 -0.52913  2.18413e+01 |  6 -0.50574  4.69632e+00
  7 -0.04828 -8.22335e+00 |  8 -0.00561 -4.48586e-01 |  9  0.00743  1.21591e+00
 10 -0.00084  1.32688e-01 | 11 -0.00129  1.89493e-01 | 12  0.00402  1.13232e+00
 13 -0.01083 -7.56381e-01 | 14 -0.00724  1.31726e-01 | 15 -0.01586 -6.46315e-01
 16 -0.01324  4.81835e-01 | 17 -0.01796  7.44772e-01 | 18 -0.02871  2.55329e-01
 19 -0.04232 -5.59577e-01 | 20 -0.05277 -6.52315e-01 | 21 -0.06001 -9.13925e-02
 22 -0.07148 -7.53020e-01 | 23 -0.07117 -2.91883e-02 | 24 -0.06232  6.46433e-01
 25 -0.05611 -6.37818e-01 | 26 -0.04301 -2.87071e-01 | 27 -0.01572 -1.77354e-01
 28  0.04664 -1.66363e+00 | 29  0.09065 -1.52618e+00 | 30  0.05557 -1.09038e+00
 31 -0.07179 -1.06979e+00 | 32 -0.13437 -9.72511e-01 | 33  0.09848 -5.32988e+00
 34 -0.12583 -2.93743e+00 | 35  0.11387 -1.00456e+01 | 36 -0.01840 -3.81758e+00
 37 -0.08299 -2.71876e+00 | 38 -0.23769 -8.92059e-01 | 39 -0.09524 -8.91567e-01
 40  0.04485 -2.10338e+00 | 41  0.02281 -1.21699e+00 | 42  0.01903  1.77737e+00
 43  0.14044 -9.48526e-01 | 44  0.01560  8.31905e-01 | 45 -0.06276 -3.65662e-01
 46 -0.07173  1.43067e+00 | 47  0.06592  3.04775e+00 | 48  0.00182  1.21053e+00
 49 -0.06357  1.42748e+00 | 50  0.08559  3.39220e+00 | 51  0.06310  2.30413e+00
 52 -0.06145  1.52327e+00 | 53 -0.02033  7.69041e-01 | 54 -0.03777  4.09493e+00
 55 -0.07689  2.17859e+00 | 56  0.00985  3.30428e+00 | 57  0.05225  3.35923e+00
 58 -0.03805  4.21754e+00 | 59  0.13543  4.73693e+00 | 60 -0.03607  4.13617e+00
 61  0.10412  5.13911e-01 | 62  0.10813  9.22778e-01 | 63  0.06631  1.49224e+00
 64  0.13813 -2.36412e+00 | 65 -0.05852 -4.89038e-01 | 66 -0.04351 -1.00396e+00
 67 -0.09677 -5.82565e-01 | 68 -0.03456 -7.58065e-01 | 69  0.11693 -2.00448e+00
 70 -0.09578 -7.20857e-01 | 71 -0.03410 -8.44463e-01 | 72  0.67144  1.85904e+00
 73  0.04599 -1.67640e-01 | 74  0.41188 -1.38005e+01 | 75  0.25223 -3.39353e-02
 76  0.03259 -4.36368e-02 | 77 -0.40526 -1.80083e+03 | 78  0.08356  2.65641e+01
 79 -0.82419  1.26396e+01 |

Intermediate statistics: 79 variables; iteration 20; function evaluation 23; phase 3
Function value 2.5638197e+02; maximum gradient component mag -1.1147e+03
Var    Value     Gradient |Var    Value     Gradient |Var    Value     Gradient
  1 -0.97552  4.84351e+00 |  2  0.44726 -1.08973e+01 |  3  0.11456 -9.06218e+01
  4 -0.53668 -2.80596e+02 |  5 -0.52479 -2.17415e+02 |  6 -0.49918 -1.44008e+02
  7 -0.04729  6.98092e+00 |  8 -0.00288 -7.01905e-02 |  9  0.00007  1.74371e-01
 10 -0.00163  1.39870e-02 | 11 -0.00242  1.90274e-02 | 12 -0.00277  1.40535e-01
 13 -0.00624 -1.11752e-01 | 14 -0.00796 -7.58144e-03 | 15 -0.01194 -9.75147e-02
 16 -0.01592 -6.66353e-03 | 17 -0.02204 -2.09895e-02 | 18 -0.02987 -7.38394e-02
 19 -0.03882 -9.87030e-02 | 20 -0.04867 -9.94855e-02 | 21 -0.05875 -1.42602e-01
 22 -0.06645 -1.03775e-01 | 23 -0.06949 -1.97400e-01 | 24 -0.06378 -2.87758e-01
 25 -0.05061 -2.53820e-01 | 26 -0.03906 -4.27952e-01 | 27 -0.01250 -8.28274e-01
 28  0.05580  8.23697e+00 | 29  0.08956  6.11858e+00 | 30  0.05680  8.27851e+00
 31 -0.07350  1.25416e+01 | 32 -0.13086  1.24817e+01 | 33  0.09729 -5.09824e-01
 34 -0.11699  1.19373e+01 | 35  0.11342 -9.69298e+00 | 36 -0.01818  3.98442e+00
 37 -0.08367  6.82687e+00 | 38 -0.23907  1.08978e+01 | 39 -0.09387  1.27311e+01
 40  0.04522  9.79480e+00 | 41  0.02271  5.43857e+00 | 42  0.01707  1.30729e+00
 43  0.14152 -2.97641e+01 | 44  0.01045 -8.61757e+00 | 45 -0.05961  1.75129e+00
 46 -0.07487  2.49997e+00 | 47  0.06691 -1.42796e+01 | 48 -0.00017 -4.42117e+00
 49 -0.06582  5.64539e+00 | 50  0.08778 -8.03758e+00 | 51  0.05984 -1.50886e+01
 52 -0.06183  3.98354e+00 | 53 -0.02035  2.80833e+00 | 54 -0.03841  5.21331e+00
 55 -0.07797  1.08397e+01 | 56  0.01349  1.53019e+01 | 57  0.05036  2.85033e+00
 58 -0.03800  8.08360e+00 | 59  0.13634 -5.20273e+00 | 60 -0.04178  5.35484e+00
 61  0.10623 -1.71261e+01 | 62  0.10483 -2.46475e+01 | 63  0.06680 -1.36466e+01
 64  0.13678 -4.11727e+01 | 65 -0.05921  3.00087e+00 | 66 -0.04423  5.02752e+00
 67 -0.09605  1.09060e+01 | 68 -0.03261  1.36235e+01 | 69  0.11901  1.21877e+01
 70 -0.09773  1.24375e+01 | 71 -0.03402  1.45296e+01 | 72  0.67338 -2.77857e+01
 73  0.04647 -5.19308e-01 | 74  0.41218  1.83295e+02 | 75  0.25232 -1.06300e-01
 76  0.03270 -1.48950e-01 | 77 -0.40503 -1.11468e+03 | 78  0.06944 -3.49236e+01
 79 -0.82238  7.65410e+00 |
79 variables; iteration 40; function evaluation 43; phase 3
Function value 2.5622528e+02; maximum gradient component mag -7.4032e+02
Var    Value     Gradient |Var    Value     Gradient |Var    Value     Gradient
  1 -0.97943  3.08024e+00 |  2  0.44696 -7.16020e+00 |  3  0.11172 -5.57524e+01
  4 -0.53490 -1.70510e+02 |  5 -0.52578 -1.32149e+02 |  6 -0.49896 -7.15615e+01
  7 -0.04783 -1.84667e+00 |  8 -0.00348 -1.55005e-01 |  9  0.00165  3.97547e-01
 10 -0.00147  3.79226e-02 | 11 -0.00219  5.36523e-02 | 12 -0.00131  3.53702e-01
 13 -0.00726 -2.55038e-01 | 14 -0.00785  1.46370e-02 | 15 -0.01268 -2.01334e-01
 16 -0.01563  4.90633e-02 | 17 -0.02195  8.49554e-03 | 18 -0.03009 -9.34092e-02
 19 -0.03821  3.40601e-02 | 20 -0.04747  1.56363e-01 | 21 -0.05879 -1.19102e-01
 22 -0.06471  2.95768e-01 | 23 -0.07052 -3.88222e-01 | 24 -0.06787 -1.10632e+00
 25 -0.05180 -4.24210e-01 | 26 -0.03965 -2.78861e-01 | 27 -0.01387 -4.13304e-01
 28  0.05848  4.45420e+00 | 29  0.08808  2.83655e+00 | 30  0.05697  3.28880e+00
 31 -0.07443  5.71018e+00 | 32 -0.13171  5.41467e+00 | 33  0.09743 -1.21827e+00
 34 -0.11801  5.65434e+00 | 35  0.11348 -6.32124e+00 | 36 -0.01869  6.76604e-01
 37 -0.08298  4.30305e+00 | 38 -0.23873  5.51642e+00 | 39 -0.09394  6.49266e+00
 40  0.04490  2.09288e+00 | 41  0.02199 -2.26451e+00 | 42  0.01682 -2.43629e+00
 43  0.14138 -1.65186e+01 | 44  0.01185 -2.82371e+00 | 45 -0.06040  1.27755e+00
 46 -0.07335  2.23246e+00 | 47  0.06662 -7.02301e+00 | 48  0.00073 -2.78123e+00
 49 -0.06769  2.09012e-01 | 50  0.08770 -5.33162e+00 | 51  0.06005 -9.03128e+00
 52 -0.06146  2.06802e+00 | 53 -0.02045  1.32894e+00 | 54 -0.03814  2.14599e+00
 55 -0.07864  3.66338e+00 | 56  0.01255  4.60965e+00 | 57  0.05034 -2.14211e-01
 58 -0.03776  3.65585e+00 | 59  0.13571 -3.33027e+00 | 60 -0.03993  4.09159e+00
 61  0.10582 -6.89100e+00 | 62  0.10547 -9.27112e+00 | 63  0.06707 -3.56749e+00
 64  0.13753 -1.31733e+01 | 65 -0.05815  4.70481e+00 | 66 -0.04481  2.06917e+00
 67 -0.09652  5.56198e+00 | 68 -0.03313  7.01270e+00 | 69  0.11870  6.10032e+00
 70 -0.09838  5.11900e+00 | 71 -0.03434  6.51899e+00 | 72  0.66981 -1.72870e+01
 73  0.05009 -2.87926e-01 | 74  0.41183  1.04326e+02 | 75  0.25212 -5.86621e-02
 76  0.03044 -1.00137e-01 | 77 -0.40478 -7.40320e+02 | 78  0.07028 -9.24678e+00
 79 -0.79524  6.19183e+00 |
79 variables; iteration 60; function evaluation 64; phase 3
Function value 2.5616277e+02; maximum gradient component mag -1.7916e+02
Var    Value     Gradient |Var    Value     Gradient |Var    Value     Gradient
  1 -0.98186  2.25113e+00 |  2  0.44682 -3.66697e+00 |  3  0.11330 -3.14123e+01
  4 -0.53612 -9.41798e+01 |  5 -0.52505 -7.10416e+01 |  6 -0.49902 -4.02268e+01
  7 -0.04804 -7.47534e+00 |  8 -0.00259 -2.72284e-02 |  9 -0.00050  9.64420e-02
 10 -0.00169  8.13811e-03 | 11 -0.00251  8.83862e-03 | 12 -0.00352  3.81437e-02
 13 -0.00559 -9.64107e-03 | 14 -0.00804 -9.56178e-03 | 15 -0.01115  3.59607e-02
 16 -0.01637 -6.03944e-02 | 17 -0.02261 -9.21098e-02 | 18 -0.02982 -3.86063e-02
 19 -0.03891 -8.41637e-02 | 20 -0.04937 -1.98570e-01 | 21 -0.05875 -1.02224e-01
 22 -0.06793 -3.64105e-01 | 23 -0.06926 -8.36217e-02 | 24 -0.06188  2.00950e-01
 25 -0.05121 -2.11869e-01 | 26 -0.04031 -3.41251e-01 | 27 -0.01411 -3.55629e-01
 28  0.05912  1.89579e+00 | 29  0.08771  4.31426e-01 | 30  0.05686  5.93339e-01
 31 -0.07514  2.39946e+00 | 32 -0.13098  2.80046e+00 | 33  0.09758 -2.79848e+00
 34 -0.11884  1.88381e+00 | 35  0.11348 -4.96503e+00 | 36 -0.01780  1.16652e+00
 37 -0.08381  1.12984e+00 | 38 -0.23894  2.23131e+00 | 39 -0.09461  4.48726e-01
 40  0.04467 -4.38633e+00 | 41  0.02245 -3.79297e+00 | 42  0.01640 -3.42439e+00
 43  0.14197 -7.45941e+00 | 44  0.01110 -2.60050e+00 | 45 -0.06103 -8.50374e-01
 46 -0.07296  1.48080e+00 | 47  0.06703 -2.98370e+00 | 48 -0.00007 -2.48726e+00
 49 -0.06584  3.52908e-01 | 50  0.08714 -5.03237e+00 | 51  0.06080 -2.93063e+00
 52 -0.06183  4.02389e-01 | 53 -0.02072 -6.21929e-01 | 54 -0.03786  8.00726e-01
 55 -0.07857  9.60666e-01 | 56  0.01222 -1.96187e+00 | 57  0.05028 -2.49874e+00
 58 -0.03750  8.79561e-01 | 59  0.13563 -4.83327e+00 | 60 -0.04111  1.71199e+00
 61  0.10635  1.10042e+00 | 62  0.10582  1.88938e+00 | 63  0.06748  3.45978e+00
 64  0.13810  3.52349e+00 | 65 -0.05898  2.68309e+00 | 66 -0.04444  2.64767e+00
 67 -0.09693  2.11088e+00 | 68 -0.03332  2.47227e+00 | 69  0.11847  1.10782e+00
 70 -0.09768  3.39192e+00 | 71 -0.03440  2.63274e+00 | 72  0.67254 -8.56736e+00
 73  0.05138 -1.52572e-01 | 74  0.41205  5.27426e+01 | 75  0.25223 -2.99131e-02
 76  0.03049 -6.39048e-02 | 77 -0.40490 -1.79160e+02 | 78  0.07085  3.09058e-01
 79 -0.82032  1.23577e+00 |
79 variables; iteration 80; function evaluation 95; phase 3
Function value 2.5613065e+02; maximum gradient component mag 6.4215e+01
Var    Value     Gradient |Var    Value     Gradient |Var    Value     Gradient
  1 -0.99744  2.46806e-01 |  2  0.44649 -4.77515e-01 |  3  0.11677 -3.28942e+00
  4 -0.53839 -1.02253e+01 |  5 -0.52393 -7.71646e+00 |  6 -0.49836 -7.39853e+00
  7 -0.04780 -5.33544e-01 |  8 -0.00267 -3.27743e-02 |  9 -0.00110  1.43386e-02
 10 -0.00171  8.65360e-03 | 11 -0.00249  1.71283e-02 | 12 -0.00408 -3.54450e-02
 13 -0.00509  7.24087e-02 | 14 -0.00808 -2.26577e-03 | 15 -0.01185 -5.18895e-02
 16 -0.01645 -4.72725e-02 | 17 -0.02201  4.09835e-02 | 18 -0.03011 -4.26109e-02
 19 -0.03882 -8.19172e-03 | 20 -0.04879 -1.58718e-02 | 21 -0.05808  1.14299e-01
 22 -0.06662 -2.65621e-03 | 23 -0.06996 -1.40735e-01 | 24 -0.06378 -9.13364e-02
 25 -0.05020  1.07488e-01 | 26 -0.04034 -2.22525e-01 | 27 -0.01268 -1.02349e-02
 28  0.05800  2.01002e-01 | 29  0.08902  2.26997e-02 | 30  0.05664  1.81266e-01
 31 -0.07583  4.00902e-01 | 32 -0.13104  4.07746e-01 | 33  0.09764 -4.46037e-01
 34 -0.11820  3.55119e-01 | 35  0.11359 -7.16917e-01 | 36 -0.01828  7.41798e-02
 37 -0.08389  2.50719e-01 | 38 -0.23927  4.48332e-01 | 39 -0.09416  3.07231e-01
 40  0.04474 -3.58473e-01 | 41  0.02248 -1.48959e-01 | 42  0.01706 -1.20613e-01
 43  0.14164 -1.40373e+00 | 44  0.01098 -8.79570e-02 | 45 -0.05996  2.05889e-01
 46 -0.07396  1.59710e-01 | 47  0.06704 -5.88313e-01 | 48  0.00018 -1.46160e-02
 49 -0.06628  1.78023e-01 | 50  0.08748 -6.37550e-01 | 51  0.06038 -2.90970e-01
 52 -0.06172  7.92573e-02 | 53 -0.02062  2.19817e-01 | 54 -0.03804  5.20377e-02
 55 -0.07873  2.84061e-01 | 56  0.01283 -5.98403e-02 | 57  0.05002 -1.17462e-01
 58 -0.03720  2.23983e-01 | 59  0.13575 -5.74111e-01 | 60 -0.04125  2.80437e-01
 61  0.10639 -3.20733e-01 | 62  0.10558 -2.41581e-01 | 63  0.06749 -6.26173e-02
 64  0.13789 -3.84386e-01 | 65 -0.05893  4.06213e-01 | 66 -0.04455  3.59244e-01
 67 -0.09647  4.64293e-01 | 68 -0.03305  3.91768e-01 | 69  0.11886  2.77309e-01
 70 -0.09857  4.67929e-01 | 71 -0.03422  5.19225e-01 | 72  0.67423 -9.60916e-01
 73  0.04617  1.02420e-02 | 74  0.41219  6.45773e+00 | 75  0.25175  6.48300e-03
 76  0.03626  1.91157e-02 | 77 -0.40472  6.42146e+01 | 78  0.06967 -1.65291e+00
 79 -0.80472 -4.93508e-01 |
Maximum number of function evaluations exceeded

 - final statistics:
79 variables; iteration 85; function evaluation 100
Function value 2.5613e+02; maximum gradient component mag 2.4308e+01
Exit code = 3;  converg criter 1.0000e+00
Var    Value     Gradient |Var    Value     Gradient |Var    Value     Gradient
  1 -0.99902  8.32251e-02 |  2  0.44660 -1.81019e-01 |  3  0.11664 -1.32360e+00
  4 -0.53828 -4.07008e+00 |  5 -0.52399 -3.08352e+00 |  6 -0.49840 -3.04622e+00
  7 -0.04781 -2.28211e-01 |  8 -0.00245 -9.34638e-04 |  9 -0.00127 -1.01404e-02
 10 -0.00189 -1.74985e-02 | 11 -0.00258  4.29883e-03 | 12 -0.00383  5.88928e-04
 13 -0.00491  9.92671e-02 | 14 -0.00765  6.09876e-02 | 15 -0.01181 -4.50749e-02
 16 -0.01617 -7.20551e-04 | 17 -0.02191  6.15173e-02 | 18 -0.02997 -1.37106e-02
 19 -0.03886 -1.02691e-02 | 20 -0.04881 -1.03751e-02 | 21 -0.05844  5.29211e-02
 22 -0.06671 -6.20556e-03 | 23 -0.06961 -4.81469e-02 | 24 -0.06355 -1.96914e-02
 25 -0.05069  4.38901e-02 | 26 -0.03977 -7.76502e-02 | 27 -0.01300 -7.01582e-03
 28  0.05788  7.56765e-02 | 29  0.08916  1.35361e-02 | 30  0.05654  6.48578e-02
 31 -0.07575  1.65149e-01 | 32 -0.13106  1.70739e-01 | 33  0.09765 -1.95716e-01
 34 -0.11825  1.49726e-01 | 35  0.11359 -3.19195e-01 | 36 -0.01827  2.69159e-02
 37 -0.08386  1.00674e-01 | 38 -0.23924  1.84269e-01 | 39 -0.09421  1.27085e-01
 40  0.04474 -1.34045e-01 | 41  0.02247 -6.02516e-02 | 42  0.01705 -5.16938e-02
 43  0.14165 -5.59573e-01 | 44  0.01101 -4.26278e-02 | 45 -0.06000  8.20410e-02
 46 -0.07393  7.28511e-02 | 47  0.06704 -2.23850e-01 | 48  0.00018 -1.20324e-02
 49 -0.06625  8.19408e-02 | 50  0.08746 -2.48715e-01 | 51  0.06039 -1.18729e-01
 52 -0.06166  4.33642e-02 | 53 -0.02066  8.74839e-02 | 54 -0.03802  3.42235e-02
 55 -0.07874  1.22843e-01 | 56  0.01279 -9.27409e-03 | 57  0.05004 -3.31971e-02
 58 -0.03723  9.99977e-02 | 59  0.13575 -2.19555e-01 | 60 -0.04124  1.15555e-01
 61  0.10639 -1.35694e-01 | 62  0.10560 -1.13162e-01 | 63  0.06748 -3.37147e-02
 64  0.13791 -1.83557e-01 | 65 -0.05892  1.60053e-01 | 66 -0.04454  1.41513e-01
 67 -0.09650  1.86972e-01 | 68 -0.03307  1.64719e-01 | 69  0.11884  1.09521e-01
 70 -0.09850  2.03834e-01 | 71 -0.03424  2.09882e-01 | 72  0.67412 -3.86228e-01
 73  0.04625 -1.56783e-03 | 74  0.41218  2.55963e+00 | 75  0.25213  1.22311e-03
 76  0.03230  6.47353e-03 | 77 -0.40471  2.43084e+01 | 78  0.06971 -7.25379e-01
 79 -0.80239 -1.89137e-01 |

Initial statistics: 80 variables; iteration 0; function evaluation 0; phase 4
Function value 2.5612984e+02; maximum gradient component mag 2.4308e+01
Var    Value     Gradient |Var    Value     Gradient |Var    Value     Gradient
  1 -0.99902  8.32251e-02 |  2  0.44660 -1.81019e-01 |  3  0.11664 -1.32360e+00
  4 -0.53828 -4.07008e+00 |  5 -0.52399 -3.08352e+00 |  6 -0.49840 -3.04622e+00
  7 -0.04781 -2.28211e-01 |  8 -0.00245 -9.34638e-04 |  9 -0.00127 -1.01404e-02
 10 -0.00189 -1.74985e-02 | 11 -0.00258  4.29883e-03 | 12 -0.00383  5.88928e-04
 13 -0.00491  9.92671e-02 | 14 -0.00765  6.09876e-02 | 15 -0.01181 -4.50749e-02
 16 -0.01617 -7.20551e-04 | 17 -0.02191  6.15173e-02 | 18 -0.02997 -1.37106e-02
 19 -0.03886 -1.02691e-02 | 20 -0.04881 -1.03751e-02 | 21 -0.05844  5.29211e-02
 22 -0.06671 -6.20556e-03 | 23 -0.06961 -4.81469e-02 | 24 -0.06355 -1.96914e-02
 25 -0.05069  4.38901e-02 | 26 -0.03977 -7.76502e-02 | 27 -0.01300 -7.01582e-03
 28  0.05788  6.89584e-02 | 29  0.08916  6.85617e-03 | 30  0.05654  5.81384e-02
 31 -0.07575  1.58451e-01 | 32 -0.13106  1.64136e-01 | 33  0.09765 -2.02383e-01
 34 -0.11825  1.43096e-01 | 35  0.11359 -3.25834e-01 | 36 -0.01827  2.01727e-02
 37 -0.08386  9.39860e-02 | 38 -0.23924  1.77993e-01 | 39 -0.09421  1.20413e-01
 40  0.04474 -1.40774e-01 | 41  0.02247 -6.69933e-02 | 42  0.01705 -5.84374e-02
 43  0.14164 -5.66153e-01 | 44  0.01101 -4.93727e-02 | 45 -0.06000  7.53250e-02
 46 -0.07393  6.61505e-02 | 47  0.06704 -2.30559e-01 | 48  0.00018 -1.87784e-02
 49 -0.06625  7.52313e-02 | 50  0.08746 -2.55397e-01 | 51  0.06039 -1.25445e-01
 52 -0.06166  3.66498e-02 | 53 -0.02066  8.07415e-02 | 54 -0.03802  2.74896e-02
 55 -0.07874  1.16148e-01 | 56  0.01279 -1.60187e-02 | 57  0.05004 -3.99223e-02
 58 -0.03723  9.32633e-02 | 59  0.13575 -2.26149e-01 | 60 -0.04124  1.08823e-01
 61  0.10639 -1.42346e-01 | 62  0.10560 -1.19815e-01 | 63  0.06748 -4.04228e-02
 64  0.13791 -1.90146e-01 | 65 -0.05892  1.53336e-01 | 66 -0.04454  1.34783e-01
 67 -0.09650  1.80304e-01 | 68 -0.03307  1.57982e-01 | 69  0.11884  1.02892e-01
 70 -0.09850  1.97169e-01 | 71 -0.03424  2.03146e-01 | 72  0.67412 -3.86228e-01
 73  0.04625 -1.56783e-03 | 74  0.41218  2.55963e+00 | 75  0.25213  1.22311e-03
 76  0.03230  6.47353e-03 | 77 -0.40471  2.43084e+01 | 78  0.06971 -7.25379e-01
 79 -0.80239 -1.89137e-01 | 80 -0.03798 -5.55969e-01 |

Intermediate statistics: 80 variables; iteration 20; function evaluation 26; phase 4
Function value 2.5612969e+02; maximum gradient component mag -5.7552e+00
Var    Value     Gradient |Var    Value     Gradient |Var    Value     Gradient
  1 -0.99949  2.75499e-02 |  2  0.44659 -5.65579e-02 |  3  0.11664  2.46664e-01
  4 -0.53827  7.32039e-01 |  5 -0.52400  5.23976e-01 |  6 -0.49840  1.19940e+00
  7 -0.04781  1.05386e-01 |  8 -0.00245  4.05332e-06 |  9 -0.00122 -2.52354e-03
 10 -0.00180 -4.35182e-03 | 11 -0.00260  1.33344e-03 | 12 -0.00383  4.89146e-04
 13 -0.00543  2.48480e-02 | 14 -0.00797  1.51757e-02 | 15 -0.01159 -9.27399e-03
 16 -0.01617  1.15019e-03 | 17 -0.02222  1.37902e-02 | 18 -0.02992 -2.13809e-04
 19 -0.03883  1.11854e-03 | 20 -0.04879  1.84335e-03 | 21 -0.05870  9.98250e-03
 22 -0.06672  3.72053e-03 | 23 -0.06946  2.56174e-04 | 24 -0.06352  4.05427e-03
 25 -0.05097  1.42142e-02 | 26 -0.03953  1.11651e-03 | 27 -0.01317  2.19073e-02
 28  0.05789  3.50222e-03 | 29  0.08919  7.87167e-02 | 30  0.05653  9.05970e-02
 31 -0.07572 -7.37135e-04 | 32 -0.13107 -2.55500e-02 | 33  0.09765  2.08338e-01
 34 -0.11827 -1.35536e-02 | 35  0.11361  3.02526e-01 | 36 -0.01828  5.32175e-04
 37 -0.08387 -6.19915e-02 | 38 -0.23923 -5.81304e-02 | 39 -0.09421  2.23824e-03
 40  0.04473  2.33254e-02 | 41  0.02246  1.67589e-02 | 42  0.01704  2.18961e-02
 43  0.14165  1.37480e-01 | 44  0.01102 -3.11630e-02 | 45 -0.06001 -2.38973e-02
 46 -0.07392 -2.85178e-02 | 47  0.06704  9.95270e-02 | 48  0.00017 -2.35296e-02
 49 -0.06626 -5.27953e-02 | 50  0.08745  8.53901e-02 | 51  0.06041  5.24995e-02
 52 -0.06166 -8.23579e-02 | 53 -0.02065  1.70429e-02 | 54 -0.03803 -9.08669e-02
 55 -0.07874 -5.18697e-02 | 56  0.01279  7.86375e-03 | 57  0.05003 -1.25856e-01
 58 -0.03724 -6.93632e-02 | 59  0.13573 -8.12414e-02 | 60 -0.04124 -7.09550e-02
 61  0.10639  3.38576e-02 | 62  0.10561  8.35575e-02 | 63  0.06749  9.81021e-02
 64  0.13792  1.78737e-01 | 65 -0.05892 -1.62842e-02 | 66 -0.04454  3.17317e-02
 67 -0.09649  2.57855e-02 | 68 -0.03307  3.58703e-02 | 69  0.11884  5.96248e-02
 70 -0.09850 -1.05272e-01 | 71 -0.03425 -3.56642e-02 | 72  0.67410  4.26244e-02
 73  0.04618  9.92145e-03 | 74  0.41218 -1.17403e-01 | 75  0.25210  3.63231e-03
 76  0.03222  1.02757e-02 | 77 -0.40471 -5.75519e+00 | 78  0.06963  4.13251e-01
 79 -0.80241  4.79309e-02 | 80 -0.03787  2.82042e-01 |
80 variables; iteration 40; function evaluation 46; phase 4
Function value 2.5612960e+02; maximum gradient component mag -1.0457e+01
Var    Value     Gradient |Var    Value     Gradient |Var    Value     Gradient
  1 -0.99946  3.11899e-02 |  2  0.44660  3.76726e-02 |  3  0.11700  7.92205e-01
  4 -0.53847  2.41720e+00 |  5 -0.52390  1.88735e+00 |  6 -0.49841  2.92469e+00
  7 -0.04780  3.43478e-01 |  8 -0.00245  2.13096e-04 |  9 -0.00121 -1.36819e-03
 10 -0.00179 -2.22904e-03 | 11 -0.00261  1.01547e-03 | 12 -0.00383  7.22155e-04
 13 -0.00554  8.56546e-03 | 14 -0.00806  3.46423e-03 | 15 -0.01152  2.44738e-03
 16 -0.01618  2.27615e-03 | 17 -0.02235 -5.17453e-03 | 18 -0.02991  5.74643e-03
 19 -0.03883  6.08066e-03 | 20 -0.04879  6.95792e-03 | 21 -0.05866  2.58836e-02
 22 -0.06671  1.48319e-02 | 23 -0.06951 -4.91842e-04 | 24 -0.06343  4.06082e-02
 25 -0.05082  6.99565e-02 | 26 -0.03933  6.72188e-02 | 27 -0.01315  5.75242e-02
 28  0.05789 -2.81666e-02 | 29  0.08917  9.39075e-02 | 30  0.05654  1.34092e-01
 31 -0.07574 -6.27510e-02 | 32 -0.13109 -1.27591e-01 | 33  0.09765  3.50557e-01
 34 -0.11830 -1.11777e-01 | 35  0.11361  5.35889e-01 | 36 -0.01827  4.71634e-02
 37 -0.08386 -5.58020e-02 | 38 -0.23925 -1.53302e-01 | 39 -0.09419 -1.82170e-02
 40  0.04472  5.46970e-02 | 41  0.02247  5.00753e-02 | 42  0.01704  2.93186e-02
 43  0.14165  4.12309e-01 | 44  0.01102 -1.63502e-02 | 45 -0.06002 -8.47932e-02
 46 -0.07392 -1.01500e-01 | 47  0.06704  1.37203e-01 | 48  0.00017 -1.67392e-02
 49 -0.06623 -7.19207e-02 | 50  0.08745  1.69113e-01 | 51  0.06041  9.19367e-02
 52 -0.06163 -9.19179e-02 | 53 -0.02067 -1.11746e-02 | 54 -0.03802 -8.77698e-02
 55 -0.07873 -8.48923e-02 | 56  0.01277 -1.71208e-02 | 57  0.05004 -4.01119e-02
 58 -0.03724 -1.16712e-01 | 59  0.13574  1.13959e-01 | 60 -0.04122 -1.19235e-01
 61  0.10639  5.91128e-02 | 62  0.10560  9.77667e-03 | 63  0.06749  4.63180e-02
 64  0.13793  2.57391e-01 | 65 -0.05893 -1.46473e-01 | 66 -0.04452 -1.25353e-02
 67 -0.09651 -1.28890e-01 | 68 -0.03309 -1.29224e-01 | 69  0.11885  4.95728e-02
 70 -0.09850 -2.08413e-01 | 71 -0.03425 -1.73750e-01 | 72  0.67425  2.44539e-01
 73  0.04605 -1.36363e-02 | 74  0.41219 -1.35652e+00 | 75  0.25151 -3.90554e-03
 76  0.02933 -2.09886e-03 | 77 -0.40472 -1.04573e+01 | 78  0.06563  1.09522e+00
 79 -0.80324  8.55422e-02 | 80 -0.03244  7.98839e-01 |
80 variables; iteration 60; function evaluation 68; phase 4
Function value 2.5612951e+02; maximum gradient component mag -8.3131e+00
Var    Value     Gradient |Var    Value     Gradient |Var    Value     Gradient
  1 -0.99972 -8.97358e-03 |  2  0.44666  9.51811e-02 |  3  0.11678  7.69379e-01
  4 -0.53832  2.36909e+00 |  5 -0.52398  1.80497e+00 |  6 -0.49842  2.47287e+00
  7 -0.04780  3.17986e-01 |  8 -0.00245  3.44037e-04 |  9 -0.00120  4.11301e-04
 10 -0.00177  5.24616e-04 | 11 -0.00261  3.35413e-04 | 12 -0.00383  5.32377e-04
 13 -0.00557  3.98769e-03 | 14 -0.00805  4.50302e-03 | 15 -0.01155 -1.67509e-03
 16 -0.01617  2.21817e-03 | 17 -0.02229  4.33406e-03 | 18 -0.02991  4.69940e-03
 19 -0.03883  6.11685e-03 | 20 -0.04878  7.26437e-03 | 21 -0.05877  1.83805e-03
 22 -0.06673  8.64365e-03 | 23 -0.06951 -2.45196e-03 | 24 -0.06351  1.71903e-02
 25 -0.05104  1.32989e-02 | 26 -0.03942  3.95449e-02 | 27 -0.01326  3.05486e-02
 28  0.05791 -2.65249e-02 | 29  0.08917  6.34638e-02 | 30  0.05651  5.75767e-02
 31 -0.07571 -7.25406e-02 | 32 -0.13107 -1.05962e-01 | 33  0.09765  2.35068e-01
 34 -0.11829 -9.95905e-02 | 35  0.11360  3.83010e-01 | 36 -0.01827  3.60729e-02
 37 -0.08385 -4.39665e-02 | 38 -0.23924 -1.48305e-01 | 39 -0.09423 -8.62999e-02
 40  0.04474  9.86617e-02 | 41  0.02246  2.49841e-02 | 42  0.01705  2.62781e-02
 43  0.14164  3.61404e-01 | 44  0.01105  4.19458e-02 | 45 -0.06002 -5.17651e-02
 46 -0.07391 -8.01199e-02 | 47  0.06703  1.13326e-01 | 48  0.00018 -1.46419e-02
 49 -0.06624 -8.36758e-02 | 50  0.08744  1.47647e-01 | 51  0.06040  6.75759e-02
 52 -0.06163 -8.83509e-02 | 53 -0.02068 -4.50374e-02 | 54 -0.03801 -4.42449e-02
 55 -0.07874 -8.27512e-02 | 56  0.01277  2.32176e-02 | 57  0.05005  5.46956e-02
 58 -0.03725 -8.28932e-02 | 59  0.13574  1.83067e-01 | 60 -0.04123 -1.04431e-01
 61  0.10639  7.16296e-02 | 62  0.10561  1.51670e-02 | 63  0.06747 -3.83798e-02
 64  0.13792  9.43008e-02 | 65 -0.05892 -1.24832e-01 | 66 -0.04454 -1.23007e-01
 67 -0.09650 -1.18118e-01 | 68 -0.03311 -1.66855e-01 | 69  0.11884  7.57622e-03
 70 -0.09847 -1.68234e-01 | 71 -0.03426 -1.58493e-01 | 72  0.67414  2.39048e-01
 73  0.04675  1.00163e-02 | 74  0.41218 -1.54182e+00 | 75  0.25220  9.76530e-04
 76  0.02852  3.08943e-05 | 77 -0.40473 -8.31313e+00 | 78  0.06366  9.87709e-01
 79 -0.80472  6.77537e-02 | 80 -0.02976  7.25360e-01 |

 - final statistics:
80 variables; iteration 76; function evaluation 94
Function value 2.5613e+02; maximum gradient component mag 6.4335e-01
Exit code = 1;  converg criter 1.0000e+00
Var    Value     Gradient |Var    Value     Gradient |Var    Value     Gradient
  1 -0.99969 -2.95529e-03 |  2  0.44663 -5.83756e-03 |  3  0.11679  1.22030e-01
  4 -0.53834  3.61448e-01 |  5 -0.52397  2.83309e-01 |  6 -0.49841  3.96397e-01
  7 -0.04780  5.43204e-02 |  8 -0.00244  2.54728e-04 |  9 -0.00135 -2.08807e-02
 10 -0.00180 -3.41450e-03 | 11 -0.00265 -5.66448e-03 | 12 -0.00385 -2.11980e-03
 13 -0.00573 -1.93621e-02 | 14 -0.00780  4.08041e-02 | 15 -0.01159 -9.45654e-03
 16 -0.01617  7.59210e-04 | 17 -0.02230  1.05630e-03 | 18 -0.02989  4.28436e-03
 19 -0.03875  1.53591e-02 | 20 -0.04876  6.85996e-03 | 21 -0.05869  1.24540e-02
 22 -0.06665  1.69460e-02 | 23 -0.06941  9.87732e-03 | 24 -0.06335  3.92483e-02
 25 -0.05106 -5.71483e-03 | 26 -0.03954 -6.28608e-03 | 27 -0.01309  2.43128e-02
 28  0.05786 -7.58719e-03 | 29  0.08920  2.15647e-02 | 30  0.05650  2.97554e-02
 31 -0.07572  3.26013e-03 | 32 -0.13107 -6.68911e-03 | 33  0.09765  6.66860e-02
 34 -0.11828 -1.19072e-02 | 35  0.11360  1.07615e-01 | 36 -0.01827  8.57539e-03
 37 -0.08385 -9.30471e-03 | 38 -0.23926 -3.53291e-02 | 39 -0.09422  1.82561e-03
 40  0.04473 -2.27080e-02 | 41  0.02247  1.94449e-02 | 42  0.01704  6.62963e-03
 43  0.14164  3.54246e-02 | 44  0.01104  1.38788e-02 | 45 -0.06001  1.84579e-02
 46 -0.07390  1.75649e-02 | 47  0.06704  2.52238e-02 | 48  0.00016 -5.10043e-02
 49 -0.06624 -1.20585e-02 | 50  0.08745  2.59506e-02 | 51  0.06040  8.65654e-03
 52 -0.06163 -1.46307e-02 | 53 -0.02068  3.58908e-03 | 54 -0.03800 -8.07953e-03
 55 -0.07875 -3.08841e-02 | 56  0.01277 -2.50022e-02 | 57  0.05004 -3.09634e-02
 58 -0.03724 -2.69452e-02 | 59  0.13574 -1.65459e-02 | 60 -0.04123 -1.94687e-02
 61  0.10639 -6.11204e-03 | 62  0.10561  1.97392e-02 | 63  0.06747  6.49843e-04
 64  0.13792  7.81259e-02 | 65 -0.05892 -8.08068e-03 | 66 -0.04453  1.50608e-02
 67 -0.09651 -1.33477e-02 | 68 -0.03308 -4.18644e-04 | 69  0.11883 -5.24531e-06
 70 -0.09848 -2.63509e-02 | 71 -0.03425  1.92753e-03 | 72  0.67414  2.97203e-02
 73  0.04585 -3.76419e-03 | 74  0.41218 -1.47844e-01 | 75  0.25417  1.44376e-03
 76  0.03033  4.04809e-03 | 77 -0.40479  6.43345e-01 | 78  0.05164  1.82657e-01
 79 -0.81296 -3.64227e-03 | 80 -0.01415  1.29850e-01 |

 - final statistics:
80 variables; iteration 0; function evaluation 0
Function value 2.5613e+02; maximum gradient component mag 6.4335e-01
Exit code = 0;  converg criter 1.0000e+00
Var    Value     Gradient |Var    Value     Gradient |Var    Value     Gradient
  1 -0.99969 -2.95529e-03 |  2  0.44663 -5.83756e-03 |  3  0.11679  1.22030e-01
  4 -0.53834  3.61448e-01 |  5 -0.52397  2.83309e-01 |  6 -0.49841  3.96397e-01
  7 -0.04780  5.43204e-02 |  8 -0.00244  2.54728e-04 |  9 -0.00135 -2.08807e-02
 10 -0.00180 -3.41450e-03 | 11 -0.00265 -5.66448e-03 | 12 -0.00385 -2.11980e-03
 13 -0.00573 -1.93621e-02 | 14 -0.00780  4.08041e-02 | 15 -0.01159 -9.45654e-03
 16 -0.01617  7.59210e-04 | 17 -0.02230  1.05630e-03 | 18 -0.02989  4.28436e-03
 19 -0.03875  1.53591e-02 | 20 -0.04876  6.85996e-03 | 21 -0.05869  1.24540e-02
 22 -0.06665  1.69460e-02 | 23 -0.06941  9.87732e-03 | 24 -0.06335  3.92483e-02
 25 -0.05106 -5.71483e-03 | 26 -0.03954 -6.28608e-03 | 27 -0.01309  2.43128e-02
 28  0.05786 -1.09391e-02 | 29  0.08920  1.82319e-02 | 30  0.05650  2.64029e-02
 31 -0.07572 -8.18666e-05 | 32 -0.13107 -9.98380e-03 | 33  0.09765  6.33597e-02
 34 -0.11828 -1.52150e-02 | 35  0.11360  1.04303e-01 | 36 -0.01827  5.21100e-03
 37 -0.08385 -1.26413e-02 | 38 -0.23926 -3.84600e-02 | 39 -0.09422 -1.50337e-03
 40  0.04473 -2.60655e-02 | 41  0.02247  1.60813e-02 | 42  0.01704  3.26506e-03
 43  0.14164  3.21418e-02 | 44  0.01104  1.05135e-02 | 45 -0.06001  1.51071e-02
 46 -0.07390  1.42218e-02 | 47  0.06704  2.18767e-02 | 48  0.00016 -5.43700e-02
 49 -0.06624 -1.54061e-02 | 50  0.08745  2.26165e-02 | 51  0.06040  5.30590e-03
 52 -0.06163 -1.79807e-02 | 53 -0.02068  2.25081e-04 | 54 -0.03800 -1.14393e-02
 55 -0.07875 -3.42242e-02 | 56  0.01277 -2.83673e-02 | 57  0.05004 -3.43187e-02
 58 -0.03724 -3.03052e-02 | 59  0.13574 -1.98355e-02 | 60 -0.04123 -2.28275e-02
 61  0.10638 -9.43093e-03 | 62  0.10561  1.64196e-02 | 63  0.06747 -2.69705e-03
 64  0.13792  7.48388e-02 | 65 -0.05892 -1.14320e-02 | 66 -0.04453  1.17032e-02
 67 -0.09651 -1.66749e-02 | 68 -0.03308 -3.77988e-03 | 69  0.11883 -3.31255e-03
 70 -0.09848 -2.96765e-02 | 71 -0.03425 -1.43337e-03 | 72  0.67414  2.97203e-02
 73  0.04585 -3.76419e-03 | 74  0.41218 -1.47844e-01 | 75  0.25417  1.44376e-03
 76  0.03033  4.04809e-03 | 77 -0.40479  6.43345e-01 | 78  0.05164  1.82657e-01
 79 -0.81296 -3.64227e-03 | 80 -0.01415  1.29850e-01 |

Initial statistics: 81 variables; iteration 0; function evaluation 0; phase 6
Function value 2.5612928e+02; maximum gradient component mag 6.4335e-01
Var    Value     Gradient |Var    Value     Gradient |Var    Value     Gradient
  1 -0.99969 -2.95529e-03 |  2  0.44663 -5.83756e-03 |  3  0.11679  1.22030e-01
  4 -0.53834  3.61448e-01 |  5 -0.52397  2.83309e-01 |  6 -0.49841  3.96397e-01
  7 -0.04780  5.43204e-02 |  8 -0.00244  2.54728e-04 |  9 -0.00135 -2.08807e-02
 10 -0.00180 -3.41450e-03 | 11 -0.00265 -5.66448e-03 | 12 -0.00385 -2.11980e-03
 13 -0.00573 -1.93621e-02 | 14 -0.00780  4.08041e-02 | 15 -0.01159 -9.45654e-03
 16 -0.01617  7.59210e-04 | 17 -0.02230  1.05630e-03 | 18 -0.02989  4.28436e-03
 19 -0.03875  1.53591e-02 | 20 -0.04876  6.85996e-03 | 21 -0.05869  1.24540e-02
 22 -0.06665  1.69460e-02 | 23 -0.06941  9.87732e-03 | 24 -0.06335  3.92483e-02
 25 -0.05106 -5.71483e-03 | 26 -0.03954 -6.28608e-03 | 27 -0.01309  2.43128e-02
 28  0.05786 -1.09391e-02 | 29  0.08920  1.82319e-02 | 30  0.05650  2.64029e-02
 31 -0.07572 -8.18666e-05 | 32 -0.13107 -9.98380e-03 | 33  0.09765  6.33597e-02
 34 -0.11828 -1.52150e-02 | 35  0.11360  1.04303e-01 | 36 -0.01827  5.21100e-03
 37 -0.08385 -1.26413e-02 | 38 -0.23926 -3.84600e-02 | 39 -0.09422 -1.50337e-03
 40  0.04473 -2.60655e-02 | 41  0.02247  1.60813e-02 | 42  0.01704  3.26506e-03
 43  0.14164  3.21418e-02 | 44  0.01104  1.05135e-02 | 45 -0.06001  1.51071e-02
 46 -0.07390  1.42218e-02 | 47  0.06704  2.18767e-02 | 48  0.00016 -5.43700e-02
 49 -0.06624 -1.54061e-02 | 50  0.08745  2.26165e-02 | 51  0.06040  5.30590e-03
 52 -0.06163 -1.79807e-02 | 53 -0.02068  2.25081e-04 | 54 -0.03800 -1.14393e-02
 55 -0.07875 -3.42242e-02 | 56  0.01277 -2.83673e-02 | 57  0.05004 -3.43187e-02
 58 -0.03724 -3.03052e-02 | 59  0.13574 -1.98355e-02 | 60 -0.04123 -2.28275e-02
 61  0.10638 -9.43093e-03 | 62  0.10561  1.64196e-02 | 63  0.06747 -2.69705e-03
 64  0.13792  7.48388e-02 | 65 -0.05892 -1.14320e-02 | 66 -0.04453  1.17032e-02
 67 -0.09651 -1.66749e-02 | 68 -0.03308 -3.77988e-03 | 69  0.11883 -3.31255e-03
 70 -0.09848 -2.96765e-02 | 71 -0.03425 -1.43337e-03 | 72 -0.56763 -6.38490e-01
 73  0.67414  2.97203e-02 | 74  0.04585 -3.76419e-03 | 75  0.41218 -1.47844e-01
 76  0.25417  1.44376e-03 | 77  0.03033  4.04809e-03 | 78 -0.40479  6.43345e-01
 79  0.05164  1.82657e-01 | 80 -0.81296 -3.64227e-03 | 81 -0.01415  1.29850e-01

Intermediate statistics: 81 variables; iteration 20; function evaluation 27; phase 6
Function value 2.5612827e+02; maximum gradient component mag -1.5353e+00
Var    Value     Gradient |Var    Value     Gradient |Var    Value     Gradient
  1 -0.99967  1.38969e-04 |  2  0.44665 -4.55939e-02 |  3  0.11699 -1.55914e-01
  4 -0.53838 -4.01455e-01 |  5 -0.52398 -3.61787e-01 |  6 -0.49844 -6.50678e-01
  7 -0.04826  2.20916e-01 |  8 -0.00239 -2.46038e-03 |  9 -0.00118 -1.87796e-03
 10 -0.00174 -1.52954e-03 | 11 -0.00257 -2.07759e-03 | 12 -0.00377 -2.52256e-03
 13 -0.00551 -3.67858e-03 | 14 -0.00795 -2.89164e-03 | 15 -0.01138 -4.46320e-03
 16 -0.01598 -4.45028e-03 | 17 -0.02206 -3.84229e-03 | 18 -0.02962 -2.12822e-03
 19 -0.03850  7.50686e-04 | 20 -0.04841  5.92015e-03 | 21 -0.05834  1.23827e-02
 22 -0.06630  2.09661e-02 | 23 -0.06898  3.33901e-02 | 24 -0.06300  4.99767e-02
 25 -0.05041  7.56542e-02 | 26 -0.03891  1.01198e-01 | 27 -0.01279  1.52069e-01
 28  0.05845  7.04223e-01 | 29  0.08909  1.01557e+00 | 30  0.05659  9.66912e-01
 31 -0.07564  5.23542e-01 | 32 -0.13109  3.15739e-01 | 33  0.09767  1.20078e+00
 34 -0.11837  2.39296e-01 | 35  0.11361  1.01494e+00 | 36 -0.01829  3.40458e-01
 37 -0.08386  1.91193e-01 | 38 -0.23929  5.58517e-02 | 39 -0.09427 -6.24556e-02
 40  0.04467 -4.84433e-01 | 41  0.02248 -4.02581e-02 | 42  0.01704 -1.91124e-02
 43  0.14160 -3.41275e-01 | 44  0.01106  4.95761e-02 | 45 -0.06001  1.71109e-01
 46 -0.07389  1.64846e-01 | 47  0.06704  4.89648e-02 | 48  0.00010 -2.47612e-01
 49 -0.06625 -3.02058e-02 | 50  0.08745  1.20991e-01 | 51  0.06041 -1.95779e-03
 52 -0.06164  4.03218e-02 | 53 -0.02067  3.29715e-02 | 54 -0.03801 -1.85941e-02
 55 -0.07875 -9.61950e-02 | 56  0.01273 -5.10450e-01 | 57  0.05001 -9.67908e-01
 58 -0.03726 -3.32845e-01 | 59  0.13571 -1.53527e+00 | 60 -0.04126 -3.11404e-01
 61  0.10634 -9.67896e-01 | 62  0.10560 -7.11508e-01 | 63  0.06744 -3.18817e-01
 64  0.13791 -2.96093e-01 | 65 -0.05891  6.96394e-02 | 66 -0.04451  1.28663e-01
 67 -0.09651  6.31899e-02 | 68 -0.03311  4.43268e-03 | 69  0.11880 -1.06278e-01
 70 -0.09848  5.37929e-02 | 71 -0.03424  1.59677e-01 | 72 -0.56420 -2.14418e-01
 73  0.67425  9.53084e-02 | 74  0.04583  1.15029e-02 | 75  0.41218 -1.09997e+00
 76  0.25414  4.54179e-03 | 77  0.03027  8.24635e-03 | 78 -0.40479 -4.40912e-01
 79  0.05163  5.99183e-01 | 80 -0.81297  5.10411e-03 | 81 -0.01399  4.57947e-01
81 variables; iteration 40; function evaluation 47; phase 6
Function value 2.5612818e+02; maximum gradient component mag -1.0934e+00
Var    Value     Gradient |Var    Value     Gradient |Var    Value     Gradient
  1 -0.99967 -7.11474e-06 |  2  0.44664 -3.88532e-02 |  3  0.11761 -1.54639e-01
  4 -0.53868 -5.63544e-01 |  5 -0.52386 -5.31775e-01 |  6 -0.49846 -5.70019e-01
  7 -0.04827  1.81046e-01 |  8 -0.00238 -1.51582e-03 |  9 -0.00117 -8.10376e-04
 10 -0.00173 -8.11568e-04 | 11 -0.00256 -1.06628e-03 | 12 -0.00376 -1.33960e-03
 13 -0.00549 -1.54598e-03 | 14 -0.00794 -2.47104e-03 | 15 -0.01134 -1.58842e-03
 16 -0.01594 -1.03195e-03 | 17 -0.02201  1.23075e-03 | 18 -0.02956  5.69714e-03
 19 -0.03841  1.28403e-02 | 20 -0.04830  2.28818e-02 | 21 -0.05821  3.35494e-02
 22 -0.06617  4.22081e-02 | 23 -0.06889  4.47778e-02 | 24 -0.06295  4.93359e-02
 25 -0.05044  5.16500e-02 | 26 -0.03895  6.84824e-02 | 27 -0.01282  1.11217e-01
 28  0.05843  5.42755e-01 | 29  0.08914  8.25703e-01 | 30  0.05658  7.76744e-01
 31 -0.07575  3.55166e-01 | 32 -0.13110  2.34367e-01 | 33  0.09769  1.02141e+00
 34 -0.11841  1.67808e-01 | 35  0.11362  8.17920e-01 | 36 -0.01831  2.54715e-01
 37 -0.08389  1.48927e-01 | 38 -0.23919  9.87953e-02 | 39 -0.09427 -1.70057e-02
 40  0.04469 -3.64096e-01 | 41  0.02249  3.52888e-02 | 42  0.01705  5.61638e-04
 43  0.14160 -4.12296e-01 | 44  0.01104 -4.02651e-02 | 45 -0.06001  1.21545e-01
 46 -0.07392  1.06234e-01 | 47  0.06704  1.29240e-01 | 48  0.00016 -5.95230e-02
 49 -0.06630 -5.21715e-02 | 50  0.08745  8.27897e-02 | 51  0.06042  1.28773e-02
 52 -0.06164 -6.87413e-03 | 53 -0.02069 -8.29448e-02 | 54 -0.03801 -8.84471e-02
 55 -0.07874 -1.25066e-01 | 56  0.01273 -5.90147e-01 | 57  0.05000 -1.00872e+00
 58 -0.03726 -2.74280e-01 | 59  0.13573 -1.09335e+00 | 60 -0.04127 -2.65738e-01
 61  0.10634 -8.72249e-01 | 62  0.10560 -6.58284e-01 | 63  0.06744 -3.26245e-01
 64  0.13791 -2.99055e-01 | 65 -0.05889  1.23090e-01 | 66 -0.04450  1.83096e-01
 67 -0.09653  3.61039e-02 | 68 -0.03306  1.03074e-01 | 69  0.11880 -9.15808e-03
 70 -0.09850  3.96864e-02 | 71 -0.03424  1.29528e-01 | 72 -0.56400 -1.82972e-01
 73  0.67449  9.61363e-02 | 74  0.04521 -2.40474e-02 | 75  0.41219 -7.93053e-01
 76  0.25363 -2.55380e-03 | 77  0.02918  7.77130e-04 | 78 -0.40479 -7.01290e-01
 79  0.05056  5.81506e-01 | 80 -0.81307  6.93003e-03 | 81 -0.01259  4.45890e-01
81 variables; iteration 60; function evaluation 70; phase 6
Function value 2.5612795e+02; maximum gradient component mag -8.9539e+00
Var    Value     Gradient |Var    Value     Gradient |Var    Value     Gradient
  1 -0.99967 -2.81307e-04 |  2  0.44666  1.20576e-01 |  3  0.11751  8.70256e-01
  4 -0.53864  2.64979e+00 |  5 -0.52387  2.02600e+00 |  6 -0.49844  2.80708e+00
  7 -0.04830  3.82824e-01 |  8 -0.00235  8.47070e-04 |  9 -0.00117 -5.74141e-04
 10 -0.00172  4.16055e-04 | 11 -0.00253  5.13024e-04 | 12 -0.00373  8.98394e-04
 13 -0.00546  4.19808e-04 | 14 -0.00788  2.56842e-03 | 15 -0.01130  8.57176e-04
 16 -0.01590  4.28070e-04 | 17 -0.02197 -3.23291e-04 | 18 -0.02954 -7.03431e-05
 19 -0.03840  2.67604e-03 | 20 -0.04829  1.14073e-02 | 21 -0.05820  2.00380e-02
 22 -0.06617  2.48255e-02 | 23 -0.06889  2.47275e-02 | 24 -0.06295  2.55029e-02
 25 -0.05041  2.97310e-02 | 26 -0.03891  4.10054e-02 | 27 -0.01281  6.44556e-02
 28  0.05846  7.07215e-02 | 29  0.08909  2.18220e-01 | 30  0.05655  1.64076e-01
 31 -0.07578 -6.59715e-02 | 32 -0.13110 -1.05282e-01 | 33  0.09767  4.15375e-01
 34 -0.11833 -6.92145e-02 | 35  0.11361  5.70531e-01 | 36 -0.01828  8.68498e-02
 37 -0.08390 -8.74545e-02 | 38 -0.23927 -1.65935e-01 | 39 -0.09424 -9.65933e-02
 40  0.04474  7.02664e-02 | 41  0.02245  8.07339e-05 | 42  0.01706  5.03979e-02
 43  0.14163  3.62972e-01 | 44  0.01105  4.19274e-02 | 45 -0.06004 -6.18921e-02
 46 -0.07395 -1.14029e-01 | 47  0.06703  1.51616e-01 | 48  0.00017 -8.42068e-03
 49 -0.06627 -1.16352e-01 | 50  0.08744  1.74150e-01 | 51  0.06041  9.28889e-02
 52 -0.06167 -1.40580e-01 | 53 -0.02068 -5.57574e-02 | 54 -0.03801 -3.83128e-02
 55 -0.07877 -1.64453e-01 | 56  0.01276 -4.85120e-02 | 57  0.05004 -8.09514e-02
 58 -0.03728 -1.64846e-01 | 59  0.13573  5.17466e-02 | 60 -0.04120 -9.98567e-02
 61  0.10636 -5.22170e-02 | 62  0.10562 -5.40861e-02 | 63  0.06745 -8.90716e-02
 64  0.13791  9.50337e-02 | 65 -0.05892 -9.29127e-02 | 66 -0.04454 -1.19952e-01
 67 -0.09652 -1.49106e-01 | 68 -0.03310 -1.44226e-01 | 69  0.11882 -3.59237e-03
 70 -0.09848 -1.45413e-01 | 71 -0.03426 -1.29236e-01 | 72 -0.56364 -4.28539e-02
 73  0.67439  2.68350e-01 | 74  0.04639  1.42836e-02 | 75  0.41219 -1.86202e+00
 76  0.25283  7.13094e-04 | 77  0.02686 -1.58817e-03 | 78 -0.40480 -8.95394e+00
 79  0.04687  1.14974e+00 | 80 -0.81357  6.73746e-02 | 81 -0.00797  9.08067e-01
81 variables; iteration 80; function evaluation 101; phase 6
Function value 2.5612767e+02; maximum gradient component mag -7.9224e+00
Var    Value     Gradient |Var    Value     Gradient |Var    Value     Gradient
  1 -0.99914  6.73398e-02 |  2  0.44665  1.06392e-01 |  3  0.11735  8.70675e-01
  4 -0.53856  2.67384e+00 |  5 -0.52390  2.03117e+00 |  6 -0.49844  2.74735e+00
  7 -0.04830  4.02614e-01 |  8 -0.00213  3.29026e-02 |  9 -0.00112  6.86656e-03
 10 -0.00165  9.29226e-03 | 11 -0.00242  1.73457e-02 | 12 -0.00355  2.62827e-02
 13 -0.00550 -4.98623e-03 | 14 -0.00803 -1.86767e-02 | 15 -0.01121  1.46417e-02
 16 -0.01579  1.81455e-02 | 17 -0.02193  6.23292e-03 | 18 -0.02961 -1.20344e-02
 19 -0.03845 -5.27804e-03 | 20 -0.04820  2.96557e-02 | 21 -0.05826  7.76953e-03
 22 -0.06602  5.71650e-02 | 23 -0.06909 -1.72784e-02 | 24 -0.06293  3.12989e-02
 25 -0.05026  6.13516e-02 | 26 -0.03885  5.20255e-02 | 27 -0.01293  4.11520e-02
 28  0.05835  6.73109e-02 | 29  0.08919  2.62710e-01 | 30  0.05649  1.93937e-01
 31 -0.07572 -2.19472e-02 | 32 -0.13110 -8.62594e-02 | 33  0.09767  4.60335e-01
 34 -0.11832 -5.84442e-02 | 35  0.11361  6.08006e-01 | 36 -0.01828  9.55791e-02
 37 -0.08389 -6.32090e-02 | 38 -0.23926 -1.51744e-01 | 39 -0.09424 -9.63331e-02
 40  0.04473  4.49335e-02 | 41  0.02246  2.02899e-02 | 42  0.01704  2.19831e-02
 43  0.14163  3.52424e-01 | 44  0.01104  3.01692e-02 | 45 -0.06004 -5.17585e-02
 46 -0.07393 -8.40186e-02 | 47  0.06703  1.50939e-01 | 48  0.00018 -8.91482e-03
 49 -0.06627 -1.14370e-01 | 50  0.08744  1.73569e-01 | 51  0.06041  9.51571e-02
 52 -0.06167 -1.44387e-01 | 53 -0.02068 -4.94633e-02 | 54 -0.03802 -6.12839e-02
 55 -0.07876 -1.46742e-01 | 56  0.01275 -8.74535e-02 | 57  0.05004 -1.26320e-01
 58 -0.03727 -1.72067e-01 | 59  0.13574 -2.58751e-03 | 60 -0.04123 -1.36456e-01
 61  0.10636 -8.34644e-02 | 62  0.10562 -8.55060e-02 | 63  0.06745 -9.85926e-02
 64  0.13791  8.30837e-02 | 65 -0.05892 -1.02015e-01 | 66 -0.04454 -1.05625e-01
 67 -0.09652 -1.49821e-01 | 68 -0.03310 -1.40988e-01 | 69  0.11882 -3.22628e-03
 70 -0.09848 -1.52254e-01 | 71 -0.03426 -1.35282e-01 | 72 -0.56368 -4.87971e-02
 73  0.67436  2.80349e-01 | 74  0.04590  1.00959e-02 | 75  0.41219 -1.90903e+00
 76  0.25308  2.41496e-03 | 77  0.02914  5.16498e-03 | 78 -0.40481 -7.92243e+00
 79  0.03461  1.12635e+00 | 80 -0.81590  5.86954e-02 | 81  0.00687  9.30914e-01
81 variables; iteration 100; function evaluation 129; phase 6
Function value 2.5612490e+02; maximum gradient component mag -1.7144e+01
Var    Value     Gradient |Var    Value     Gradient |Var    Value     Gradient
  1 -0.99790  1.88724e-01 |  2  0.44664  8.98580e-02 |  3  0.11740  9.81469e-01
  4 -0.53860  2.98233e+00 |  5 -0.52388  2.24381e+00 |  6 -0.49842  3.32415e+00
  7 -0.04830  3.71905e-01 |  8 -0.00240 -6.34311e-03 |  9 -0.00121 -5.94849e-03
 10 -0.00197 -3.61071e-02 | 11 -0.00265 -1.57349e-02 | 12 -0.00395 -3.21020e-02
 13 -0.00527  2.66597e-02 | 14 -0.00777  1.75048e-02 | 15 -0.01137 -1.15758e-02
 16 -0.01591 -3.47969e-03 | 17 -0.02194  3.34225e-03 | 18 -0.02947  9.03474e-03
 19 -0.03836  6.23453e-03 | 20 -0.04835 -5.02367e-03 | 21 -0.05817  2.02558e-02
 22 -0.06631 -1.19126e-02 | 23 -0.06877  4.08822e-02 | 24 -0.06299  6.86657e-03
 25 -0.05048  2.30930e-03 | 26 -0.03904  3.68535e-03 | 27 -0.01262  8.00518e-02
 28  0.05859 -4.78498e-02 | 29  0.08891  1.24393e-02 | 30  0.05667  3.26111e-02
 31 -0.07584 -1.52713e-01 | 32 -0.13109 -1.62805e-01 | 33  0.09767  2.72441e-01
 34 -0.11835 -1.41947e-01 | 35  0.11362  4.36679e-01 | 36 -0.01830  1.20997e-02
 37 -0.08387 -7.74547e-02 | 38 -0.23928 -1.95190e-01 | 39 -0.09424 -9.25376e-02
 40  0.04474  1.81383e-01 | 41  0.02246  6.49586e-02 | 42  0.01703  3.88041e-02
 43  0.14164  5.06255e-01 | 44  0.01103  1.95454e-02 | 45 -0.06005 -9.03643e-02
 46 -0.07393 -1.15277e-01 | 47  0.06703  1.64103e-01 | 48  0.00017 -9.08412e-03
 49 -0.06626 -1.09235e-01 | 50  0.08744  2.22936e-01 | 51  0.06040  8.34027e-02
 52 -0.06165 -1.15175e-01 | 53 -0.02069 -5.09406e-02 | 54 -0.03802 -5.19526e-02
 55 -0.07875 -9.34567e-02 | 56  0.01276  9.93853e-02 | 57  0.05005  1.09041e-01
 58 -0.03727 -7.68910e-02 | 59  0.13574  3.18639e-01 | 60 -0.04126 -1.24880e-01
 61  0.10638  1.18277e-01 | 62  0.10561  3.27661e-02 | 63  0.06746 -2.72441e-02
 64  0.13791  1.02552e-01 | 65 -0.05894 -1.79259e-01 | 66 -0.04455 -1.56331e-01
 67 -0.09653 -1.81223e-01 | 68 -0.03310 -1.50281e-01 | 69  0.11883  4.90400e-03
 70 -0.09850 -2.27779e-01 | 71 -0.03427 -1.99028e-01 | 72 -0.56357 -5.15404e-03
 73  0.67441  2.97123e-01 | 74  0.04625  1.69663e-02 | 75  0.41219 -1.89181e+00
 76  0.25254  2.31596e-03 | 77  0.02839  3.31097e-03 | 78 -0.40484 -1.71445e+01
 79 -0.00317  9.25582e-01 | 80 -0.81910  1.20425e-01 | 81  0.04655  8.60209e-01
81 variables; iteration 120; function evaluation 152; phase 6
Function value 2.5611012e+02; maximum gradient component mag -3.7436e+01
Var    Value     Gradient |Var    Value     Gradient |Var    Value     Gradient
  1 -0.99756  2.13430e-01 |  2  0.44663  3.62402e-01 |  3  0.11751  3.74347e+00
  4 -0.53870  1.14384e+01 |  5 -0.52383  8.64134e+00 |  6 -0.49835  8.28733e+00
  7 -0.04829  8.00278e-01 |  8 -0.00256 -2.83320e-02 |  9 -0.00120 -4.37518e-03
 10 -0.00214 -5.94266e-02 | 11 -0.00280 -3.70811e-02 | 12 -0.00420 -6.73281e-02
 13 -0.00539  1.02430e-02 | 14 -0.00758  4.69130e-02 | 15 -0.01143 -1.83415e-02
 16 -0.01595 -7.55824e-03 | 17 -0.02192  1.00552e-02 | 18 -0.02944  1.86859e-02
 19 -0.03834  1.66570e-02 | 20 -0.04841 -9.43747e-03 | 21 -0.05808  4.68744e-02
 22 -0.06642 -2.49740e-02 | 23 -0.06859  9.18669e-02 | 24 -0.06304  1.05765e-02
 25 -0.05062 -7.17500e-03 | 26 -0.03906  2.96548e-02 | 27 -0.01251  1.47700e-01
 28  0.05879 -2.25961e-01 | 29  0.08877 -1.27128e-01 | 30  0.05677 -9.59705e-02
 31 -0.07591 -4.50020e-01 | 32 -0.13108 -4.53001e-01 | 33  0.09767  4.69201e-01
 34 -0.11835 -3.99419e-01 | 35  0.11362  8.18278e-01 | 36 -0.01830 -6.91939e-02
 37 -0.08387 -2.74171e-01 | 38 -0.23930 -4.97958e-01 | 39 -0.09424 -2.25772e-01
 40  0.04475  5.41726e-01 | 41  0.02245  2.80828e-01 | 42  0.01703  2.20810e-01
 43  0.14164  1.50549e+00 | 44  0.01103  1.28507e-01 | 45 -0.06005 -1.77513e-01
 46 -0.07393 -2.30312e-01 | 47  0.06703  6.08086e-01 | 48  0.00017  9.37821e-02
 49 -0.06628 -1.99475e-01 | 50  0.08744  7.78530e-01 | 51  0.06040  3.88944e-01
 52 -0.06166 -2.35966e-01 | 53 -0.02069 -5.29865e-02 | 54 -0.03802 -7.83051e-02
 55 -0.07876 -2.11519e-01 | 56  0.01277  2.76999e-01 | 57  0.05004  3.31765e-01
 58 -0.03727 -1.67897e-01 | 59  0.13574  8.88990e-01 | 60 -0.04127 -2.99976e-01
 61  0.10639  2.49771e-01 | 62  0.10560  6.31143e-02 | 63  0.06746 -1.32791e-01
 64  0.13792  9.17415e-02 | 65 -0.05894 -4.80105e-01 | 66 -0.04455 -4.27609e-01
 67 -0.09653 -4.73724e-01 | 68 -0.03310 -4.22248e-01 | 69  0.11884 -2.02464e-01
 70 -0.09851 -5.94720e-01 | 71 -0.03428 -5.20267e-01 | 72 -0.56359 -5.15510e-03
 73  0.67445  1.07854e+00 | 74  0.04516  1.27700e-02 | 75  0.41220 -6.98657e+00
 76  0.25532  5.90434e-03 | 77  0.02843  9.86109e-03 | 78 -0.40484 -3.74356e+01
 79 -0.07592  7.85434e-01 | 80 -0.81974  2.60831e-01 | 81  0.09560  1.33525e+00
81 variables; iteration 140; function evaluation 174; phase 6
Function value 2.5610702e+02; maximum gradient component mag -1.3842e-01
Var    Value     Gradient |Var    Value     Gradient |Var    Value     Gradient
  1 -1.00033  9.06595e-05 |  2  0.44664  6.79060e-04 |  3  0.11732  7.66093e-03
  4 -0.53861  2.33111e-02 |  5 -0.52386  1.74444e-02 |  6 -0.49836  2.20336e-02
  7 -0.04829  2.09247e-03 |  8 -0.00236 -3.03168e-05 |  9 -0.00116 -7.48324e-06
 10 -0.00172 -7.47738e-05 | 11 -0.00254 -6.49842e-05 | 12 -0.00373 -9.00360e-05
 13 -0.00545  3.20323e-05 | 14 -0.00789  6.68779e-05 | 15 -0.01129 -2.21097e-05
 16 -0.01588 -8.19720e-06 | 17 -0.02194  1.90599e-05 | 18 -0.02949  4.51908e-05
 19 -0.03836  4.33934e-05 | 20 -0.04829  4.27872e-06 | 21 -0.05822  7.96329e-05
 22 -0.06620 -1.25955e-05 | 23 -0.06889  1.63423e-04 | 24 -0.06293  6.69233e-05
 25 -0.05037  5.34100e-05 | 26 -0.03887  1.24442e-04 | 27 -0.01278  3.15614e-04
 28  0.05855 -6.26376e-04 | 29  0.08905 -2.18331e-04 | 30  0.05659 -2.20731e-04
 31 -0.07580 -1.12424e-03 | 32 -0.13109 -1.14996e-03 | 33  0.09767  1.45406e-03
 34 -0.11834 -9.82718e-04 | 35  0.11362  2.30293e-03 | 36 -0.01830 -1.55965e-04
 37 -0.08387 -6.79890e-04 | 38 -0.23927 -1.29345e-03 | 39 -0.09425 -5.47468e-04
 40  0.04474  1.45063e-03 | 41  0.02245  7.03088e-04 | 42  0.01702  4.53832e-04
 43  0.14164  3.61170e-03 | 44  0.01103  1.13051e-04 | 45 -0.06005 -5.68644e-04
 46 -0.07393 -6.82167e-04 | 47  0.06703  1.39080e-03 | 48  0.00017  7.60206e-05
 49 -0.06627 -5.88653e-04 | 50  0.08744  1.89742e-03 | 51  0.06040  7.22905e-04
 52 -0.06165 -6.65106e-04 | 53 -0.02069 -2.35021e-04 | 54 -0.03802 -2.31112e-04
 55 -0.07875 -5.27860e-04 | 56  0.01277  9.00204e-04 | 57  0.05004  8.52699e-04
 58 -0.03727 -3.66144e-04 | 59  0.13574  2.42222e-03 | 60 -0.04127 -8.04335e-04
 61  0.10639  7.00744e-04 | 62  0.10560  1.21802e-04 | 63  0.06746 -2.69542e-04
 64  0.13792  2.75168e-04 | 65 -0.05894 -1.26169e-03 | 66 -0.04455 -1.07149e-03
 67 -0.09653 -1.16585e-03 | 68 -0.03310 -9.52028e-04 | 69  0.11884 -1.88348e-04
 70 -0.09850 -1.55848e-03 | 71 -0.03428 -1.28735e-03 | 72 -0.56366 -2.79943e-05
 73  0.67439  2.27687e-03 | 74  0.04595  6.83728e-05 | 75  0.41219 -1.46912e-02
 76  0.25357  1.59500e-05 | 77  0.02857  2.42493e-05 | 78 -0.40482 -1.38418e-01
 79 -0.10224  1.49646e-03 | 80 -0.81745  9.32000e-04 | 81  0.10570  4.33124e-03
  ic > imax  in fminim is answer attained ?
Var    Value     Gradient |Var    Value     Gradient |Var    Value     Gradient
  1 -1.00033  1.22980e-06 |  2  0.44664 -2.29014e-06 |  3  0.11732 -2.77200e-05
  4 -0.53861 -8.42495e-05 |  5 -0.52386 -6.27647e-05 |  6 -0.49836 -8.55781e-05
  7 -0.04829 -6.53922e-06 |  8 -0.00236 -3.19892e-07 |  9 -0.00116  5.16189e-08
 10 -0.00172 -1.78620e-07 | 11 -0.00253  2.21680e-07 | 12 -0.00373 -2.90471e-07
 13 -0.00545  5.74635e-07 | 14 -0.00789  2.52916e-07 | 15 -0.01129 -2.23400e-07
 16 -0.01588  1.67838e-07 | 17 -0.02194  8.47706e-08 | 18 -0.02949 -4.95558e-07
 19 -0.03836 -4.78600e-07 | 20 -0.04829 -1.06369e-07 | 21 -0.05822  5.08371e-07
 22 -0.06620  6.20155e-08 | 23 -0.06889  1.92257e-07 | 24 -0.06293 -5.89266e-07
 25 -0.05037 -3.20919e-07 | 26 -0.03887 -1.42054e-06 | 27 -0.01278  9.88397e-07
 28  0.05855  6.60978e-06 | 29  0.08905  4.53379e-06 | 30  0.05659  6.07344e-06
 31 -0.07580  5.92682e-06 | 32 -0.13109  5.90116e-06 | 33  0.09767 -1.04345e-07
 34 -0.11834  5.17741e-06 | 35  0.11362 -3.65190e-06 | 36 -0.01830  2.75026e-06
 37 -0.08387  1.85129e-06 | 38 -0.23927  4.94664e-06 | 39 -0.09425  1.87087e-06
 40  0.04474 -7.50759e-06 | 41  0.02245 -3.45017e-06 | 42  0.01702 -1.09460e-06
 43  0.14164 -1.56083e-05 | 44  0.01103 -1.67984e-07 | 45 -0.06005  2.77742e-06
 46 -0.07393  2.77935e-06 | 47  0.06703 -4.78117e-06 | 48  0.00017 -7.84357e-08
 49 -0.06627  1.65947e-06 | 50  0.08744 -7.20150e-06 | 51  0.06040 -1.99954e-06
 52 -0.06165  7.73538e-07 | 53 -0.02069  1.01574e-06 | 54 -0.03802  7.71602e-07
 55 -0.07875  1.63002e-07 | 56  0.01277 -7.11441e-06 | 57  0.05004 -8.46148e-06
 58 -0.03727 -1.25610e-06 | 59  0.13574 -1.54577e-05 | 60 -0.04127  2.72502e-06
 61  0.10639 -7.62383e-06 | 62  0.10560 -3.45013e-06 | 63  0.06746 -1.16756e-06
 64  0.13792 -1.96313e-06 | 65 -0.05894  6.15599e-06 | 66 -0.04455  4.68540e-06
 67 -0.09653  4.54521e-06 | 68 -0.03310  3.36977e-06 | 69  0.11884  2.19582e-07
 70 -0.09850  6.98518e-06 | 71 -0.03428  6.17443e-06 | 72 -0.56366 -9.29725e-07
 73  0.67439 -7.76293e-06 | 74  0.04595 -4.00831e-07 | 75  0.41219  4.76653e-05
 76  0.25357 -1.63653e-07 | 77  0.02857 -4.19413e-08 | 78 -0.40482  6.13151e-04
 79 -0.10225 -4.65027e-06 | 80 -0.81713 -4.19005e-06 | 81  0.10571 -1.35589e-05
Function minimizer not making progress ... is minimum attained?
Minimprove criterion = 0.0000e+00
Warning: the following parameters had issues
  MGparm[1] is within 0.1% of lower bound: 3.0000e-01 < 3.0000e-01 < 5.0000e-01


 - final statistics:
81 variables; iteration 145; function evaluation 208
Function value 2.5611e+02; maximum gradient component mag 6.1315e-04
Exit code = 1;  converg criter 1.0000e-04
Var    Value     Gradient |Var    Value     Gradient |Var    Value     Gradient
  1 -1.00033  1.22980e-06 |  2  0.44664 -2.29014e-06 |  3  0.11732 -2.77200e-05
  4 -0.53861 -8.42495e-05 |  5 -0.52386 -6.27647e-05 |  6 -0.49836 -8.55781e-05
  7 -0.04829 -6.53922e-06 |  8 -0.00236 -3.19892e-07 |  9 -0.00116  5.16189e-08
 10 -0.00172 -1.78620e-07 | 11 -0.00253  2.21680e-07 | 12 -0.00373 -2.90471e-07
 13 -0.00545  5.74635e-07 | 14 -0.00789  2.52916e-07 | 15 -0.01129 -2.23400e-07
 16 -0.01588  1.67838e-07 | 17 -0.02194  8.47706e-08 | 18 -0.02949 -4.95558e-07
 19 -0.03836 -4.78600e-07 | 20 -0.04829 -1.06369e-07 | 21 -0.05822  5.08371e-07
 22 -0.06620  6.20155e-08 | 23 -0.06889  1.92257e-07 | 24 -0.06293 -5.89266e-07
 25 -0.05037 -3.20919e-07 | 26 -0.03887 -1.42054e-06 | 27 -0.01278  9.88397e-07
 28  0.05855  6.60978e-06 | 29  0.08905  4.53379e-06 | 30  0.05659  6.07344e-06
 31 -0.07580  5.92682e-06 | 32 -0.13109  5.90116e-06 | 33  0.09767 -1.04345e-07
 34 -0.11834  5.17741e-06 | 35  0.11362 -3.65190e-06 | 36 -0.01830  2.75026e-06
 37 -0.08387  1.85129e-06 | 38 -0.23927  4.94664e-06 | 39 -0.09425  1.87087e-06
 40  0.04474 -7.50759e-06 | 41  0.02245 -3.45017e-06 | 42  0.01702 -1.09460e-06
 43  0.14164 -1.56083e-05 | 44  0.01103 -1.67984e-07 | 45 -0.06005  2.77742e-06
 46 -0.07393  2.77935e-06 | 47  0.06703 -4.78117e-06 | 48  0.00017 -7.84357e-08
 49 -0.06627  1.65947e-06 | 50  0.08744 -7.20150e-06 | 51  0.06040 -1.99954e-06
 52 -0.06165  7.73538e-07 | 53 -0.02069  1.01574e-06 | 54 -0.03802  7.71602e-07
 55 -0.07875  1.63002e-07 | 56  0.01277 -7.11441e-06 | 57  0.05004 -8.46148e-06
 58 -0.03727 -1.25610e-06 | 59  0.13574 -1.54577e-05 | 60 -0.04127  2.72502e-06
 61  0.10639 -7.62383e-06 | 62  0.10560 -3.45013e-06 | 63  0.06746 -1.16756e-06
 64  0.13792 -1.96313e-06 | 65 -0.05894  6.15599e-06 | 66 -0.04455  4.68540e-06
 67 -0.09653  4.54521e-06 | 68 -0.03310  3.36977e-06 | 69  0.11884  2.19582e-07
 70 -0.09850  6.98518e-06 | 71 -0.03428  6.17443e-06 | 72 -0.56366 -9.29725e-07
 73  0.67439 -7.76293e-06 | 74  0.04595 -4.00831e-07 | 75  0.41219  4.76653e-05
 76  0.25357 -1.63653e-07 | 77  0.02857 -4.19413e-08 | 78 -0.40482  6.13151e-04
 79 -0.10225 -4.65027e-06 | 80 -0.81713 -4.19005e-06 | 81  0.10571 -1.35589e-05
Estimating row 1 out of 81 for hessian
Estimating row 2 out of 81 for hessian
Estimating row 3 out of 81 for hessian
Estimating row 4 out of 81 for hessian
Estimating row 5 out of 81 for hessian
Estimating row 6 out of 81 for hessian
Estimating row 7 out of 81 for hessian
Estimating row 8 out of 81 for hessian
Estimating row 9 out of 81 for hessian
Estimating row 10 out of 81 for hessian
Estimating row 11 out of 81 for hessian
Estimating row 12 out of 81 for hessian
Estimating row 13 out of 81 for hessian
Estimating row 14 out of 81 for hessian
Estimating row 15 out of 81 for hessian
Estimating row 16 out of 81 for hessian
Estimating row 17 out of 81 for hessian
Estimating row 18 out of 81 for hessian
Estimating row 19 out of 81 for hessian
Estimating row 20 out of 81 for hessian
Estimating row 21 out of 81 for hessian
Estimating row 22 out of 81 for hessian
Estimating row 23 out of 81 for hessian
Estimating row 24 out of 81 for hessian
Estimating row 25 out of 81 for hessian
Estimating row 26 out of 81 for hessian
Estimating row 27 out of 81 for hessian
Estimating row 28 out of 81 for hessian
Estimating row 29 out of 81 for hessian
Estimating row 30 out of 81 for hessian
Estimating row 31 out of 81 for hessian
Estimating row 32 out of 81 for hessian
Estimating row 33 out of 81 for hessian
Estimating row 34 out of 81 for hessian
Estimating row 35 out of 81 for hessian
Estimating row 36 out of 81 for hessian
Estimating row 37 out of 81 for hessian
Estimating row 38 out of 81 for hessian
Estimating row 39 out of 81 for hessian
Estimating row 40 out of 81 for hessian
Estimating row 41 out of 81 for hessian
Estimating row 42 out of 81 for hessian
Estimating row 43 out of 81 for hessian
Estimating row 44 out of 81 for hessian
Estimating row 45 out of 81 for hessian
Estimating row 46 out of 81 for hessian
Estimating row 47 out of 81 for hessian
Estimating row 48 out of 81 for hessian
Estimating row 49 out of 81 for hessian
Estimating row 50 out of 81 for hessian
Estimating row 51 out of 81 for hessian
Estimating row 52 out of 81 for hessian
Estimating row 53 out of 81 for hessian
Estimating row 54 out of 81 for hessian
Estimating row 55 out of 81 for hessian
Estimating row 56 out of 81 for hessian
Estimating row 57 out of 81 for hessian
Estimating row 58 out of 81 for hessian
Estimating row 59 out of 81 for hessian
Estimating row 60 out of 81 for hessian
Estimating row 61 out of 81 for hessian
Estimating row 62 out of 81 for hessian
Estimating row 63 out of 81 for hessian
Estimating row 64 out of 81 for hessian
Estimating row 65 out of 81 for hessian
Estimating row 66 out of 81 for hessian
Estimating row 67 out of 81 for hessian
Estimating row 68 out of 81 for hessian
Estimating row 69 out of 81 for hessian
Estimating row 70 out of 81 for hessian
Estimating row 71 out of 81 for hessian
Estimating row 72 out of 81 for hessian
Estimating row 73 out of 81 for hessian
Estimating row 74 out of 81 for hessian
Estimating row 75 out of 81 for hessian
Estimating row 76 out of 81 for hessian
Estimating row 77 out of 81 for hessian
Estimating row 78 out of 81 for hessian
Estimating row 79 out of 81 for hessian
Estimating row 80 out of 81 for hessian
Estimating row 81 out of 81 for hessian
size of file gradfil1.tmp = 0
size of file gradfil2.tmp = 0
size of file varssave.tmp = 0
size of file cmpdiff.tmp = 0
