
Initial statistics: 61 variables; iteration 0; function evaluation 0; phase 1
Function value 2.0440582e+03; maximum gradient component mag -5.3682e+04
Var    Value     Gradient |Var    Value     Gradient |Var    Value     Gradient
  1 -0.32528 -5.36817e+04 |  2 -0.03910 -2.43611e+03 |  3  0.00000 -9.56617e-01
  4  0.00000 -5.11118e-01 |  5  0.00000 -7.75027e-01 |  6  0.00000 -1.17318e+00
  7  0.00000 -1.76923e+00 |  8  0.00000 -2.64656e+00 |  9  0.00000 -3.94410e+00
 10  0.00000 -5.83073e+00 | 11  0.00000 -8.56554e+00 | 12  0.00000 -1.24848e+01
 13  0.00000 -1.79998e+01 | 14  0.00000 -2.55678e+01 | 15  0.00000 -3.59601e+01
 16  0.00000 -5.01048e+01 | 17  0.00000 -6.90872e+01 | 18  0.00000 -9.42732e+01
 19  0.00000 -1.27354e+02 | 20  0.00000 -1.70388e+02 | 21  0.00000 -2.27114e+02
 22  0.00000 -3.04118e+02 | 23  0.00000  3.17408e+03 | 24  0.00000  3.01035e+03
 25  0.00000  2.91157e+03 | 26  0.00000  2.94404e+03 | 27  0.00000  2.80460e+03
 28  0.00000  1.99294e+03 | 29  0.00000  2.16702e+03 | 30  0.00000  1.76572e+03
 31  0.00000  2.34790e+03 | 32  0.00000  2.84471e+03 | 33  0.00000  3.00721e+03
 34  0.00000  2.38924e+03 | 35  0.00000  1.41357e+03 | 36  0.00000  9.36665e+02
 37  0.00000  4.76115e+02 | 38  0.00000 -3.76826e+01 | 39  0.00000  4.05148e+02
 40  0.00000  1.07957e+03 | 41  0.00000  1.13585e+03 | 42  0.00000  6.91796e+02
 43  0.00000  7.03053e+02 | 44  0.00000  5.63187e+02 | 45  0.00000 -2.08858e+01
 46  0.00000  1.00652e+02 | 47  0.00000  7.46465e+02 | 48  0.00000  7.25189e+02
 49  0.00000  5.43617e+02 | 50  0.00000  1.66112e+02 | 51  0.00000 -8.24886e+02
 52  0.00000 -1.65289e+03 | 53  0.00000 -2.11365e+03 | 54  0.00000 -2.98164e+03
 55  0.00000 -2.58096e+03 | 56  0.00000 -2.61556e+03 | 57  0.00000 -4.46752e+03
 58  0.00000 -9.54258e+03 | 59  0.00000 -1.10387e+04 | 60  0.00000 -4.65922e+03
 61  0.00000  1.48973e+03 |

Intermediate statistics: 61 variables; iteration 20; function evaluation 32; phase 1
Function value 2.3126605e+02; maximum gradient component mag 2.4974e+03
Var    Value     Gradient |Var    Value     Gradient |Var    Value     Gradient
  1 -0.31193  2.49743e+03 |  2 -0.02150  9.91483e+02 |  3 -0.00070  2.72339e-01
  4 -0.00037  1.46201e-01 |  5 -0.00057  2.22165e-01 |  6 -0.00086  3.37110e-01
  7 -0.00131  5.09638e-01 |  8 -0.00198  7.65624e-01 |  9 -0.00295  1.14258e+00
 10 -0.00440  1.69253e+00 | 11 -0.00643  2.48033e+00 | 12 -0.00930  3.59553e+00
 13 -0.01307  5.12013e+00 | 14 -0.01769  7.13704e+00 | 15 -0.02292  9.79659e+00
 16 -0.02777  1.32739e+01 | 17 -0.03041  1.78430e+01 | 18 -0.02820  2.39350e+01
 19 -0.01930  3.21483e+01 | 20 -0.00551  4.30194e+01 | 21  0.01077  5.69537e+01
 22  0.03457  7.48226e+01 | 23  0.09264  7.84240e+00 | 24  0.08499  3.22512e+01
 25  0.04093  2.33852e+01 | 26 -0.04707 -1.54913e+00 | 27 -0.06766  1.87652e+01
 28  0.08622  1.32620e+02 | 29 -0.01554  9.96980e+01 | 30  0.08946  1.51330e+02
 31  0.00904  9.99135e+01 | 32 -0.10663 -7.57256e+01 | 33 -0.30277 -1.57559e+02
 34 -0.07140 -6.61157e+00 | 35  0.05112  2.28680e+02 | 36  0.03268  1.86633e+02
 37  0.04679  1.67453e+02 | 38  0.10353  1.33840e+02 | 39  0.03784  1.92483e+02
 40 -0.04897  5.73313e+01 | 41 -0.05830  8.29246e+00 | 42  0.06350  1.49902e+02
 43 -0.00294  2.71913e+01 | 44 -0.05122 -5.87495e+01 | 45  0.07252 -5.88215e+01
 46  0.05102 -7.28316e+01 | 47 -0.08605 -1.53270e+02 | 48 -0.02422 -1.03490e+02
 49 -0.04644 -1.16264e+02 | 50 -0.10175 -1.57718e+02 | 51  0.02124  3.49593e+01
 52  0.04996  9.44040e+01 | 53 -0.01713  3.51852e+00 | 54  0.13155  1.20134e+02
 55 -0.03255 -1.07337e+02 | 56  0.08644 -1.57785e+02 | 57  0.09512 -1.62108e+02
 58  0.01146 -1.76522e+02 | 59  0.17036 -3.85185e+01 | 60 -0.26152 -2.13710e+02
 61 -0.10360 -1.81588e+02 |
61 variables; iteration 40; function evaluation 55; phase 1
Function value 1.9160577e+02; maximum gradient component mag 4.7375e+02
Var    Value     Gradient |Var    Value     Gradient |Var    Value     Gradient
  1 -0.30845  4.73746e+02 |  2 -0.03563  2.28002e+02 |  3  0.00093  3.48087e-01
  4  0.00056  1.94576e-01 |  5  0.00077  2.85134e-01 |  6  0.00102  4.11519e-01
  7  0.00120  5.77063e-01 |  8  0.00110  7.73985e-01 |  9  0.00022  9.55620e-01
 10 -0.00245  1.01720e+00 | 11 -0.00849  7.39883e-01 | 12 -0.02015 -2.14959e-01
 13 -0.03854 -2.10042e+00 | 14 -0.06074 -4.52996e+00 | 15 -0.07649 -5.79650e+00
 16 -0.06938 -2.84826e+00 | 17 -0.03718  5.79743e+00 | 18 -0.00699  1.49084e+01
 19 -0.00394  1.56904e+01 | 20 -0.01679  1.06015e+01 | 21 -0.01173  9.29827e+00
 22  0.02185  1.05100e+01 | 23  0.09109 -1.15967e+01 | 24  0.06809 -1.21108e+01
 25  0.04230  6.51751e+00 | 26 -0.06356  2.50997e+01 | 27 -0.08580  4.99649e+01
 28  0.09032  3.79869e+01 | 29 -0.03856  8.01607e+01 | 30  0.09460  3.93432e+01
 31  0.00139  7.28381e+01 | 32 -0.11109 -6.22220e+00 | 33 -0.23876 -2.13516e+01
 34 -0.09646 -2.20325e+01 | 35  0.04478  3.72270e+01 | 36  0.02235  6.63697e+01
 37  0.02507  6.71820e+01 | 38  0.12460  1.01014e+02 | 39  0.01764  8.63635e+01
 40 -0.07582  1.58630e+01 | 41 -0.07749 -6.16485e+00 | 42  0.05685 -8.41387e+00
 43 -0.01317  2.34276e+01 | 44 -0.04558  4.18651e+01 | 45  0.07794  3.98566e+01
 46  0.04778  1.44778e+01 | 47 -0.06666 -9.40997e+00 | 48 -0.03809 -4.30968e+01
 49 -0.05006 -3.10272e+01 | 50 -0.08168 -1.87941e+01 | 51  0.01348  4.37119e+00
 52  0.03879 -2.21852e+01 | 53 -0.02713  5.68587e+00 | 54  0.12060 -4.30698e+01
 55 -0.01291  2.15639e+01 | 56  0.08797 -4.95100e+01 | 57  0.09779 -7.74827e+01
 58 -0.01572 -1.15010e+02 | 59  0.14471 -1.07848e+02 | 60 -0.19243 -7.57727e+01
 61  0.02108 -2.37500e+01 |
61 variables; iteration 60; function evaluation 87; phase 1
Function value 1.7732198e+02; maximum gradient component mag -1.5283e+02
Var    Value     Gradient |Var    Value     Gradient |Var    Value     Gradient
  1 -0.32426 -1.52828e+02 |  2 -0.03919 -1.60220e+01 |  3 -0.00488 -5.16090e-01
  4 -0.00683 -8.65247e-01 |  5 -0.00609 -7.17417e-01 |  6 -0.00280 -1.84329e-01
  7  0.00256  6.83297e-01 |  8  0.00475  1.16649e+00 |  9 -0.00441  8.99595e-02
 10 -0.01661 -1.35393e+00 | 11 -0.00617  6.87710e-01 | 12 -0.01195  5.17745e-01
 13 -0.02821 -1.14228e+00 | 14 -0.02254  9.78714e-01 | 15 -0.03799 -2.86412e-01
 16 -0.04852 -7.57034e-01 | 17 -0.05258 -4.04208e-01 | 18 -0.05120  1.80135e-03
 19 -0.04730 -6.78462e-01 | 20 -0.03350 -5.15448e-01 | 21 -0.01073  1.36796e+00
 22 -0.00329 -1.24309e+00 | 23  0.11635  1.09664e+01 | 24  0.08075  1.32854e+01
 25  0.05330  1.10955e+01 | 26 -0.07986  1.18997e+01 | 27 -0.12725  9.21041e+00
 28  0.10744  1.41353e+01 | 29 -0.09951  1.32311e+01 | 30  0.11637  1.42578e+01
 31 -0.01850  2.97904e+00 | 32 -0.09732  6.99702e+00 | 33 -0.23815  5.56925e+00
 34 -0.08549  4.70019e+00 | 35  0.05230  3.89598e+00 | 36  0.02098  8.84240e-01
 37  0.01807  6.94572e+00 | 38  0.14008  5.70585e+00 | 39  0.00040  3.19728e+00
 40 -0.07114  1.99792e+00 | 41 -0.08031 -1.81404e+00 | 42  0.07124  4.52093e-01
 43 -0.01133 -1.53481e+00 | 44 -0.06777 -1.75272e+00 | 45  0.08783 -4.45403e-01
 46  0.05195 -1.02446e-01 | 47 -0.07144  5.66465e-01 | 48 -0.02392 -4.62331e-04
 49 -0.04365 -2.42399e+00 | 50 -0.07917 -4.43653e+00 | 51  0.01518 -7.04977e+00
 52  0.04874 -5.22791e+00 | 53 -0.04277 -7.79109e+00 | 54  0.13837 -7.04181e+00
 55 -0.07192 -8.08118e+00 | 56  0.10546 -5.66473e+00 | 57  0.09922 -1.34261e+01
 58  0.01508 -3.05588e+01 | 59  0.14844 -3.82527e+01 | 60 -0.10727 -1.68811e+01
 61 -0.07327  2.22503e+00 |
Maximum number of function evaluations exceeded

 - final statistics:
61 variables; iteration 69; function evaluation 100
Function value 1.7703e+02; maximum gradient component mag -1.1688e+02
Exit code = 3;  converg criter 1.0000e+01
Var    Value     Gradient |Var    Value     Gradient |Var    Value     Gradient
  1 -0.32398 -1.16879e+02 |  2 -0.03860  6.76631e+00 |  3 -0.00191 -9.46181e-02
  4  0.00547  8.59602e-01 |  5  0.00027  1.79832e-01 |  6 -0.00313 -2.26461e-01
  7 -0.00359 -1.82529e-01 |  8 -0.00645 -4.27038e-01 |  9 -0.00198  4.58564e-01
 10 -0.01031 -4.06869e-01 | 11 -0.00965  1.92747e-01 | 12 -0.01773 -3.40371e-01
 13 -0.01924  3.73796e-01 | 14 -0.02957 -1.35380e-01 | 15 -0.03702  5.12698e-03
 16 -0.04395  2.54936e-01 | 17 -0.04930  4.49644e-01 | 18 -0.05290 -3.54430e-02
 19 -0.04245  6.26791e-01 | 20 -0.03308  4.58932e-02 | 21 -0.02583 -3.83549e-01
 22  0.00301  8.08143e-01 | 23  0.12538  1.26950e+01 | 24  0.06401  9.99159e+00
 25  0.06267  1.03636e+01 | 26 -0.08895  5.48673e+00 | 27 -0.12759  5.68315e+00
 28  0.10840  1.04637e+01 | 29 -0.11141  8.94578e-01 | 30  0.11633  1.00215e+01
 31 -0.01528  1.08797e+01 | 32 -0.09922  5.68577e+00 | 33 -0.23788  4.25673e+00
 34 -0.08474  5.52676e+00 | 35  0.05155  5.72649e+00 | 36  0.02357  5.85161e+00
 37  0.01388  3.65800e-02 | 38  0.14076  7.76750e+00 | 39 -0.00058  1.83989e+00
 40 -0.07307  2.26180e+00 | 41 -0.07405  5.70627e+00 | 42  0.07009  8.21868e+00
 43 -0.01059  3.51901e+00 | 44 -0.06608  1.56385e+00 | 45  0.08734  2.70494e+00
 46  0.05192  4.61581e-01 | 47 -0.07181 -1.27439e+00 | 48 -0.02440 -1.32685e+00
 49 -0.04349 -9.76483e-01 | 50 -0.07849 -2.03867e+00 | 51  0.01551 -2.85889e+00
 52  0.04812 -5.66519e+00 | 53 -0.04162 -6.65242e+00 | 54  0.13794 -6.37799e+00
 55 -0.06960 -8.63173e+00 | 56  0.10461 -8.73359e+00 | 57  0.09940 -1.36760e+01
 58  0.01520 -3.11307e+01 | 59  0.14894 -3.54405e+01 | 60 -0.10383 -1.77900e+01
 61 -0.06529  1.07470e+00 |

Initial statistics: 66 variables; iteration 0; function evaluation 0; phase 2
Function value 1.7702738e+02; maximum gradient component mag 1.0609e+03
Var    Value     Gradient |Var    Value     Gradient |Var    Value     Gradient
  1 -0.38041 -4.77573e+01 |  2  0.29696 -1.65852e+02 |  3  0.11318  3.12734e+02
  4 -0.56978  1.06089e+03 |  5 -0.49467  9.21781e+02 |  6 -0.32398 -1.16879e+02
  7 -0.03860  6.76631e+00 |  8 -0.00191 -9.46181e-02 |  9  0.00547  8.59602e-01
 10  0.00027  1.79832e-01 | 11 -0.00313 -2.26461e-01 | 12 -0.00359 -1.82529e-01
 13 -0.00645 -4.27038e-01 | 14 -0.00198  4.58564e-01 | 15 -0.01031 -4.06869e-01
 16 -0.00965  1.92747e-01 | 17 -0.01773 -3.40371e-01 | 18 -0.01924  3.73796e-01
 19 -0.02957 -1.35380e-01 | 20 -0.03702  5.12698e-03 | 21 -0.04395  2.54936e-01
 22 -0.04930  4.49644e-01 | 23 -0.05290 -3.54430e-02 | 24 -0.04245  6.26791e-01
 25 -0.03308  4.58932e-02 | 26 -0.02583 -3.83549e-01 | 27  0.00301  8.08143e-01
 28  0.12539  1.27961e+01 | 29  0.06401  1.00943e+01 | 30  0.06268  1.04663e+01
 31 -0.08895  5.58891e+00 | 32 -0.12758  5.78427e+00 | 33  0.10840  1.05654e+01
 34 -0.11140  9.96189e-01 | 35  0.11633  1.01230e+01 | 36 -0.01527  1.09828e+01
 37 -0.09922  5.78771e+00 | 38 -0.23788  4.35280e+00 | 39 -0.08474  5.62904e+00
 40  0.05155  5.82934e+00 | 41  0.02358  5.95473e+00 | 42  0.01388  1.39742e-01
 43  0.14076  7.86816e+00 | 44 -0.00058  1.94307e+00 | 45 -0.07306  2.36430e+00
 46 -0.07405  5.80876e+00 | 47  0.07009  8.32124e+00 | 48 -0.01059  3.62218e+00
 49 -0.06608  1.66648e+00 | 50  0.08735  2.80715e+00 | 51  0.05193  5.64424e-01
 52 -0.07181 -1.17187e+00 | 53 -0.02439 -1.22374e+00 | 54 -0.04349 -8.73538e-01
 55 -0.07848 -1.93627e+00 | 56  0.01551 -2.75573e+00 | 57  0.04813 -5.56230e+00
 58 -0.04162 -6.54946e+00 | 59  0.13795 -6.27721e+00 | 60 -0.06959 -8.52917e+00
 61  0.10461 -8.63179e+00 | 62  0.09940 -1.35741e+01 | 63  0.01520 -3.10275e+01
 64  0.14894 -3.53400e+01 | 65 -0.10383 -1.76882e+01 | 66 -0.06528  1.17734e+00

Intermediate statistics: 66 variables; iteration 20; function evaluation 26; phase 2
Function value 1.6587632e+02; maximum gradient component mag 1.4458e+02
Var    Value     Gradient |Var    Value     Gradient |Var    Value     Gradient
  1 -0.27398 -4.80993e+00 |  2  0.34660 -9.58534e+01 |  3  0.10324  3.93326e+00
  4 -0.55622  4.22573e+01 |  5 -0.50786  8.07224e+01 |  6 -0.29289 -1.24964e+01
  7 -0.04252 -1.31108e+02 |  8 -0.00122 -5.58361e-02 |  9  0.00122  2.34382e-01
 10 -0.00049  3.00671e-02 | 11 -0.00178 -9.76619e-02 | 12 -0.00237 -1.00091e-01
 13 -0.00389 -1.91069e-01 | 14 -0.00366  2.67955e-02 | 15 -0.00753 -2.56451e-01
 16 -0.00954 -1.51796e-01 | 17 -0.01481 -3.68283e-01 | 18 -0.01934 -2.83940e-01
 19 -0.02712 -5.22212e-01 | 20 -0.03505 -6.23866e-01 | 21 -0.04303 -7.28364e-01
 22 -0.04931 -8.87151e-01 | 23 -0.05126 -1.25660e+00 | 24 -0.04395 -1.55701e+00
 25 -0.03267 -2.22927e+00 | 26 -0.02346 -2.72959e+00 | 27  0.00093 -2.98594e+00
 28  0.11719 -1.59703e+01 | 29  0.06954 -9.06012e+00 | 30  0.06085 -1.70588e+00
 31 -0.09269 -3.25419e+00 | 32 -0.13188 -2.15790e+00 | 33  0.10510  6.02689e+01
 34 -0.11153  1.44477e+01 | 35  0.12072  1.44576e+02 | 36 -0.01691  4.22426e+01
 37 -0.09557  1.27619e+01 | 38 -0.23690 -2.35608e+00 | 39 -0.08840 -4.37606e+00
 40  0.04621 -2.84700e+01 | 41  0.01873 -2.92462e+01 | 42  0.01204 -3.22291e+01
 43  0.13591 -6.84325e+01 | 44  0.00073 -2.43380e+01 | 45 -0.07281 -1.42498e+01
 46 -0.07554 -1.14102e+01 | 47  0.06486 -1.81148e+01 | 48 -0.01084 -1.96445e+00
 49 -0.06698  5.90758e+00 | 50  0.08798  6.74953e+01 | 51  0.05291  3.62178e+01
 52 -0.07199 -1.08024e+00 | 53 -0.02720 -4.70307e+00 | 54 -0.04673 -5.39146e+00
 55 -0.08123 -3.81903e+00 | 56  0.01101  5.23837e+00 | 57  0.04536  1.89335e+00
 58 -0.04458 -1.20878e+01 | 59  0.13167 -2.64280e+01 | 60 -0.06726 -1.84717e+01
 61  0.10112 -1.72773e+01 | 62  0.09144 -3.44350e+01 | 63  0.01630 -3.62629e+01
 64  0.13945 -6.01921e+01 | 65 -0.06884 -1.57094e+01 | 66 -0.02766 -6.07756e+00
66 variables; iteration 40; function evaluation 49; phase 2
Function value 1.6153118e+02; maximum gradient component mag -2.7287e+01
Var    Value     Gradient |Var    Value     Gradient |Var    Value     Gradient
  1 -0.25086  6.21678e+00 |  2  0.39218 -2.10063e+01 |  3  0.09507  1.33846e+00
  4 -0.54617  1.18338e+01 |  5 -0.51825  2.55939e+01 |  6 -0.28462 -2.72873e+01
  7 -0.03857 -1.58635e+01 |  8 -0.00110 -4.05480e-02 |  9 -0.00080 -4.79626e-02
 10 -0.00097 -3.78116e-02 | 11 -0.00135 -3.65090e-02 | 12 -0.00207 -5.56761e-02
 13 -0.00302 -6.38511e-02 | 14 -0.00500 -1.56870e-01 | 15 -0.00667 -1.13183e-01
 16 -0.01017 -2.13817e-01 | 17 -0.01373 -1.47214e-01 | 18 -0.01990 -2.76959e-01
 19 -0.02560 -1.15656e-01 | 20 -0.03331 -7.66639e-02 | 21 -0.04147 -7.16144e-02
 22 -0.04775 -4.14352e-02 | 23 -0.04731  2.82182e-01 | 24 -0.03961  3.01985e-01
 25 -0.02735 -1.18339e-01 | 26 -0.02776 -2.36008e+00 | 27 -0.02281 -4.94508e+00
 28  0.11613 -2.97262e+00 | 29  0.08159  2.40651e+00 | 30  0.05393  2.20906e+00
 31 -0.08970  1.74179e+00 | 32 -0.13416 -1.64189e+00 | 33  0.10341  4.94989e+00
 34 -0.12897 -4.54460e+00 | 35  0.11699  1.11037e+01 | 36 -0.02430  6.94374e-02
 37 -0.09012  2.98210e+00 | 38 -0.24659 -5.79105e+00 | 39 -0.09081 -2.38216e+00
 40  0.04687 -6.13153e-01 | 41  0.01813 -3.28888e+00 | 42  0.01127 -6.62620e+00
 43  0.13698 -5.55913e+00 | 44 -0.00151 -4.25790e+00 | 45 -0.07223 -5.72249e-01
 46 -0.07472  4.37010e-01 | 47  0.06283 -6.86368e+00 | 48 -0.00811  6.81839e+00
 49 -0.07100 -1.24081e+00 | 50  0.08353  2.47173e+00 | 51  0.04918 -5.94813e+00
 52 -0.07185  2.30688e-01 | 53 -0.02629  6.94502e+00 | 54 -0.04456  7.17603e+00
 55 -0.08447 -6.22792e+00 | 56  0.00708 -8.95786e+00 | 57  0.04422  6.59672e+00
 58 -0.04276  4.79829e+00 | 59  0.12968  2.48560e+00 | 60 -0.06022 -3.24533e+00
 61  0.09758  1.90901e+00 | 62  0.09173  2.27233e+00 | 63  0.02164 -1.65787e+00
 64  0.14239 -5.40646e+00 | 65 -0.04546  4.00949e+00 | 66 -0.01115  1.47114e+00

 - final statistics:
66 variables; iteration 54; function evaluation 70
Function value 1.6107e+02; maximum gradient component mag -7.4201e+00
Exit code = 1;  converg criter 1.0000e+01
Var    Value     Gradient |Var    Value     Gradient |Var    Value     Gradient
  1 -0.25286  1.99232e+00 |  2  0.40717 -1.96722e-01 |  3  0.08438 -2.81777e+00
  4 -0.53927 -7.42011e+00 |  5 -0.52380 -4.33901e+00 |  6 -0.28361 -6.38642e+00
  7 -0.03847 -6.42073e-01 |  8 -0.00062  2.76751e-02 |  9  0.00048  1.31511e-01
 10 -0.00033  5.37916e-02 | 11 -0.00107  4.57560e-03 | 12 -0.00158  1.74656e-02
 13 -0.00282 -2.81206e-02 | 14 -0.00298  1.43341e-01 | 15 -0.00657 -8.48712e-02
 16 -0.00906 -2.68563e-02 | 17 -0.01423 -1.93240e-01 | 18 -0.01938 -1.48764e-01
 19 -0.02505  4.04802e-02 | 20 -0.03246  1.62082e-01 | 21 -0.04154  3.68493e-02
 22 -0.04771  1.24795e-01 | 23 -0.04666  6.18629e-01 | 24 -0.04519 -3.95517e-01
 25 -0.03075  2.59301e-02 | 26 -0.02125 -1.55097e-02 | 27  0.00368  1.57960e-01
 28  0.11795 -5.35841e-01 | 29  0.07286 -1.35019e+00 | 30  0.05541 -2.00806e+00
 31 -0.09190  5.61048e-01 | 32 -0.13069  7.19095e-02 | 33  0.10169 -3.60262e+00
 34 -0.12025 -2.72751e-01 | 35  0.11483 -5.10793e+00 | 36 -0.02395 -1.52092e+00
 37 -0.09337 -5.26020e-01 | 38 -0.23313  6.38407e-01 | 39 -0.09134  4.54921e-01
 40  0.04597 -3.96668e-01 | 41  0.01748  6.37108e-01 | 42  0.01339  1.01799e+00
 43  0.13556  5.82179e-01 | 44 -0.00019  1.16942e+00 | 45 -0.07312  1.80395e-01
 46 -0.07631  8.52975e-01 | 47  0.06439  8.25280e-01 | 48 -0.01291 -2.76142e-01
 49 -0.06706  2.02848e-01 | 50  0.08189 -2.26666e-01 | 51  0.04993  5.56533e-01
 52 -0.07189  2.26213e-01 | 53 -0.02800 -5.84074e-01 | 54 -0.04772 -5.50548e-01
 55 -0.08168  1.36014e+00 | 56  0.00834  2.05711e+00 | 57  0.04254 -2.99917e-02
 58 -0.04371  3.18992e-01 | 59  0.12879  7.60716e-01 | 60 -0.05511  1.07994e+00
 61  0.09608  5.09176e-01 | 62  0.09089  4.93021e-01 | 63  0.02193  4.47911e-01
 64  0.14348  1.81628e+00 | 65 -0.05204  1.28927e-02 | 66 -0.01167  2.43589e-01

Initial statistics: 74 variables; iteration 0; function evaluation 0; phase 3
Function value 1.6106872e+02; maximum gradient component mag 4.5212e+02
Var    Value     Gradient |Var    Value     Gradient |Var    Value     Gradient
  1 -0.25286  1.99232e+00 |  2  0.40717 -1.96722e-01 |  3  0.08438 -2.81777e+00
  4 -0.53927 -7.42011e+00 |  5 -0.52380 -4.33901e+00 |  6 -0.28361 -6.38642e+00
  7 -0.03847 -6.42073e-01 |  8 -0.00062  2.76751e-02 |  9  0.00048  1.31511e-01
 10 -0.00033  5.37916e-02 | 11 -0.00107  4.57560e-03 | 12 -0.00158  1.74656e-02
 13 -0.00282 -2.81206e-02 | 14 -0.00298  1.43341e-01 | 15 -0.00657 -8.48712e-02
 16 -0.00906 -2.68563e-02 | 17 -0.01423 -1.93240e-01 | 18 -0.01938 -1.48764e-01
 19 -0.02505  4.04802e-02 | 20 -0.03246  1.62082e-01 | 21 -0.04154  3.68493e-02
 22 -0.04771  1.24795e-01 | 23 -0.04666  6.18629e-01 | 24 -0.04519 -3.95517e-01
 25 -0.03075  2.59301e-02 | 26 -0.02125 -1.55097e-02 | 27  0.00368  1.57960e-01
 28  0.11795 -5.38183e-01 | 29  0.07286 -1.35256e+00 | 30  0.05541 -2.01043e+00
 31 -0.09190  5.58690e-01 | 32 -0.13069  6.95763e-02 | 33  0.10169 -3.60497e+00
 34 -0.12025 -2.75092e-01 | 35  0.11483 -5.11028e+00 | 36 -0.02395 -1.52330e+00
 37 -0.09337 -5.28378e-01 | 38 -0.23313  6.36181e-01 | 39 -0.09134  4.52562e-01
 40  0.04597 -3.99045e-01 | 41  0.01748  6.34726e-01 | 42  0.01339  1.01561e+00
 43  0.13556  5.79849e-01 | 44 -0.00019  1.16704e+00 | 45 -0.07312  1.78028e-01
 46 -0.07631  8.50608e-01 | 47  0.06439  8.22909e-01 | 48 -0.01291 -2.78525e-01
 49 -0.06706  2.00478e-01 | 50  0.08189 -2.29029e-01 | 51  0.04993  5.54157e-01
 52 -0.07189  2.23845e-01 | 53 -0.02800 -5.86455e-01 | 54 -0.04772 -5.52924e-01
 55 -0.08168  1.35778e+00 | 56  0.00834  2.05473e+00 | 57  0.04254 -3.23697e-02
 58 -0.04371  3.16615e-01 | 59  0.12879  7.58381e-01 | 60 -0.05511  1.07757e+00
 61  0.09608  5.06820e-01 | 62  0.09089  4.90662e-01 | 63  0.02193  4.45529e-01
 64  0.14348  1.81396e+00 | 65 -0.05204  1.05174e-02 | 66 -0.01168  2.41206e-01
 67  0.65940  3.72467e+01 | 68  0.11821 -2.26459e-02 | 69  0.41078 -1.88450e+02
 70 -0.09439 -9.22965e-04 | 71  0.11191 -3.96320e-02 | 72 -0.34908  4.52122e+02
 73  0.26198  1.35870e-03 | 74 -0.20514 -1.82984e+02 |

Intermediate statistics: 74 variables; iteration 20; function evaluation 23; phase 3
Function value 1.6009281e+02; maximum gradient component mag -3.0169e+02
Var    Value     Gradient |Var    Value     Gradient |Var    Value     Gradient
  1 -0.29017  5.41970e+01 |  2  0.41008 -1.10169e+01 |  3  0.06034 -1.04998e+02
  4 -0.52378 -3.01694e+02 |  5 -0.53177 -2.21905e+02 |  6 -0.29506 -1.66866e+02
  7 -0.04049 -2.43356e+01 |  8 -0.00080  1.45327e-03 |  9 -0.00030  2.15502e-02
 10 -0.00066  5.81597e-03 | 11 -0.00111 -5.54207e-03 | 12 -0.00170 -7.10886e-03
 13 -0.00267 -2.10828e-02 | 14 -0.00383 -1.53882e-03 | 15 -0.00610 -5.37436e-02
 16 -0.00892 -6.59296e-02 | 17 -0.01315 -1.19762e-01 | 18 -0.01854 -1.55147e-01
 19 -0.02523 -1.93138e-01 | 20 -0.03327 -2.63334e-01 | 21 -0.04177 -3.73667e-01
 22 -0.04863 -5.08481e-01 | 23 -0.05051 -6.98534e-01 | 24 -0.04433 -1.02523e+00
 25 -0.03252 -1.45164e+00 | 26 -0.02334 -2.00508e+00 | 27 -0.00020 -2.94986e+00
 28  0.11126 -2.37141e+00 | 29  0.07592 -8.97910e-01 | 30  0.05688 -2.81126e+00
 31 -0.08939  6.67706e+00 | 32 -0.13232  8.83899e+00 | 33  0.10153 -2.06153e+01
 34 -0.12552  8.81299e+00 | 35  0.11702 -7.79910e+00 | 36 -0.02372  2.57425e+00
 37 -0.09196  4.71605e+00 | 38 -0.23308  1.00926e+01 | 39 -0.09300  1.09826e+01
 40  0.04666  6.21955e+00 | 41  0.01857  2.88454e+00 | 42  0.01352 -3.96419e+00
 43  0.13512 -5.51073e+01 | 44  0.00174 -1.96753e+01 | 45 -0.07522 -4.40117e+00
 46 -0.07569 -2.55898e-01 | 47  0.06412 -2.06335e+01 | 48 -0.01250 -9.04632e+00
 49 -0.06726  4.26047e+00 | 50  0.08228  4.66526e+00 | 51  0.05109 -7.41537e+00
 52 -0.07299  6.51622e+00 | 53 -0.02655  6.30367e+00 | 54 -0.04779  9.07024e+00
 55 -0.08019  1.37806e+01 | 56  0.00870  2.33746e+01 | 57  0.04343 -7.33874e+00
 58 -0.04524  6.27031e+00 | 59  0.12899 -1.03227e+01 | 60 -0.05473  9.53511e+00
 61  0.09568  7.49902e+00 | 62  0.09232  1.19716e+01 | 63  0.02036  1.53032e+01
 64  0.14565  1.39380e+01 | 65 -0.05408  1.27388e+01 | 66 -0.01087  1.28902e+01
 67  0.61038 -3.34626e+01 | 68  0.11996 -1.64226e-01 | 69  0.40684  1.93009e+02
 70 -0.09436 -2.22199e-03 | 71  0.11224 -7.90047e-02 | 72 -0.35531 -3.71940e+01
 73  0.26197  1.34482e-03 | 74 -0.21625  1.33130e+01 |
74 variables; iteration 40; function evaluation 45; phase 3
Function value 1.5985182e+02; maximum gradient component mag -1.2969e+02
Var    Value     Gradient |Var    Value     Gradient |Var    Value     Gradient
  1 -0.29109  1.97174e+01 |  2  0.41183 -2.46341e+00 |  3  0.05651 -4.18678e+01
  4 -0.52064 -1.29689e+02 |  5 -0.53345 -9.85770e+01 |  6 -0.29455 -5.85320e+01
  7 -0.04078 -6.40487e+00 |  8 -0.00056  4.02604e-02 |  9  0.00019  9.27185e-02
 10 -0.00038  4.84950e-02 | 11 -0.00095  2.42493e-02 | 12 -0.00143  4.05549e-02
 13 -0.00245  2.50531e-02 | 14 -0.00302  1.36095e-01 | 15 -0.00576  2.85435e-02
 16 -0.00827  7.87312e-02 | 17 -0.01260  3.26583e-02 | 18 -0.01770  7.48931e-02
 19 -0.02415  1.21408e-01 | 20 -0.03225  9.99919e-02 | 21 -0.04093  3.57398e-02
 22 -0.04796 -2.50393e-02 | 23 -0.04987 -6.46705e-02 | 24 -0.04291 -1.37924e-02
 25 -0.03031  5.85789e-03 | 26 -0.02214 -4.00011e-01 | 27  0.00174 -7.27156e-01
 28  0.10952 -8.04959e-01 | 29  0.07456  1.11141e+00 | 30  0.06041  2.59210e+00
 31 -0.09154  2.02300e+00 | 32 -0.13223  3.79760e+00 | 33  0.10217 -1.84331e+00
 34 -0.12460  3.61462e+00 | 35  0.11543 -6.17596e+00 | 36 -0.02187  3.86012e+00
 37 -0.09016  2.95663e+00 | 38 -0.23564  9.75172e-01 | 39 -0.09640 -3.66299e+00
 40  0.04596 -2.75165e+00 | 41  0.01834 -4.25443e-01 | 42  0.01148 -4.02304e+00
 43  0.13562 -1.34847e+01 | 44  0.00369 -2.39978e+00 | 45 -0.07354  1.46816e+00
 46 -0.07567  1.42853e+00 | 47  0.06352 -6.41404e+00 | 48 -0.01101 -3.24812e+00
 49 -0.06705  3.79947e-01 | 50  0.08029 -4.62473e+00 | 51  0.05206 -4.18360e+00
 52 -0.07202  2.92542e+00 | 53 -0.02760 -1.44918e+00 | 54 -0.04746  1.34582e+00
 55 -0.08065  2.13562e+00 | 56  0.00534  2.52572e-01 | 57  0.04505 -2.07073e+00
 58 -0.04461  4.88244e+00 | 59  0.12888 -3.58375e+00 | 60 -0.05512  2.76036e+00
 61  0.09567  2.68585e+00 | 62  0.09207  3.39471e+00 | 63  0.01959  4.77270e+00
 64  0.14503  3.53527e+00 | 65 -0.05335  4.36258e+00 | 66 -0.00708  4.70491e+00
 67  0.60671 -1.71252e+01 | 68  0.16949  2.86381e-02 | 69  0.40668  1.14925e+02
 70 -0.09295  3.66465e-04 | 71  0.15292 -2.31286e-02 | 72 -0.35469  2.34014e+01
 73  0.26061  1.34475e-03 | 74 -0.21474 -8.42444e+00 |
74 variables; iteration 60; function evaluation 72; phase 3
Function value 1.5975875e+02; maximum gradient component mag -2.2725e+01
Var    Value     Gradient |Var    Value     Gradient |Var    Value     Gradient
  1 -0.29533  2.06063e+00 |  2  0.41054 -1.31542e+00 |  3  0.03914 -7.54807e+00
  4 -0.51003 -2.27254e+01 |  5 -0.53836 -1.73905e+01 |  6 -0.29533 -5.10673e+00
  7 -0.04112 -6.08596e-01 |  8 -0.00138 -7.49470e-02 |  9 -0.00166 -1.65837e-01
 10 -0.00139 -9.27438e-02 | 11 -0.00148 -5.05816e-02 | 12 -0.00253 -1.13970e-01
 13 -0.00334 -1.01277e-01 | 14 -0.00772 -5.38020e-01 | 15 -0.00742 -2.11536e-01
 16 -0.01090 -3.10223e-01 | 17 -0.01312 -4.30578e-02 | 18 -0.01539  4.50924e-01
 19 -0.02114  6.37225e-01 | 20 -0.03493 -3.44672e-01 | 21 -0.04382 -4.49889e-01
 22 -0.04582  4.66928e-01 | 23 -0.05454 -8.23540e-01 | 24 -0.03948  8.40718e-01
 25 -0.03187  4.62673e-02 | 26 -0.02278  4.68161e-03 | 27 -0.00013 -1.02925e-01
 28  0.10898  2.82276e-01 | 29  0.07521  9.86386e-01 | 30  0.05947  1.01281e+00
 31 -0.08837  2.56678e-01 | 32 -0.13284  5.47453e-01 | 33  0.10216  1.00608e+00
 34 -0.12607  3.33834e-02 | 35  0.11577  9.16284e-02 | 36 -0.02290 -5.80237e-01
 37 -0.09068 -7.48378e-02 | 38 -0.23137  1.03326e+00 | 39 -0.09382  1.08999e+00
 40  0.04519 -1.70681e+00 | 41  0.01743 -1.75840e+00 | 42  0.01312  6.23713e-01
 43  0.13530 -4.67222e-01 | 44  0.00411 -7.38908e-02 | 45 -0.07378  1.03169e-01
 46 -0.07608 -1.92624e-01 | 47  0.06332 -5.97182e-01 | 48 -0.01032  1.13129e-01
 49 -0.06652  2.15391e-01 | 50  0.07953 -2.38575e+00 | 51  0.05269 -3.74248e-01
 52 -0.07354 -2.75346e-01 | 53 -0.02646  2.62337e-01 | 54 -0.04794 -6.44457e-01
 55 -0.08079 -7.13266e-01 | 56  0.00475 -1.85771e+00 | 57  0.04569 -3.12862e-01
 58 -0.04643 -8.62564e-01 | 59  0.12915  2.11706e-01 | 60 -0.05473  3.58059e-01
 61  0.09534  2.78870e-01 | 62  0.09239  5.82542e-01 | 63  0.01900  4.16261e-02
 64  0.14522  1.46208e-01 | 65 -0.05433  1.27132e-01 | 66 -0.00964  5.23447e-01
 67  0.59879 -2.04276e+00 | 68  0.14956 -1.62113e-02 | 69  0.40586  1.33710e+01
 70 -0.09114 -7.42074e-04 | 71  0.19761 -9.55608e-03 | 72 -0.35551  3.47924e+00
 73  0.25539  1.31481e-03 | 74 -0.21683 -1.19966e+00 |

 - final statistics:
74 variables; iteration 72; function evaluation 94
Function value 1.5974e+02; maximum gradient component mag -3.7501e-01
Exit code = 1;  converg criter 1.0000e+00
Var    Value     Gradient |Var    Value     Gradient |Var    Value     Gradient
  1 -0.29480  6.42372e-02 |  2  0.41096 -1.07282e-02 |  3  0.03432 -1.79446e-01
  4 -0.50675 -3.73778e-01 |  5 -0.53997 -2.48374e-01 |  6 -0.29530 -1.91797e-01
  7 -0.04120 -1.11824e-01 |  8 -0.00085 -8.34972e-04 |  9 -0.00038  1.23436e-02
 10 -0.00071  1.14510e-03 | 11 -0.00113 -2.69911e-03 | 12 -0.00178 -9.96893e-03
 13 -0.00266 -7.31528e-03 | 14 -0.00391  5.50607e-03 | 15 -0.00583  1.34265e-02
 16 -0.00879 -4.67321e-03 | 17 -0.01273  5.42292e-03 | 18 -0.01818 -9.44976e-03
 19 -0.02491 -1.05191e-02 | 20 -0.03280  6.05904e-03 | 21 -0.04125  1.53066e-03
 22 -0.04817 -1.16563e-03 | 23 -0.05013  2.73699e-03 | 24 -0.04384 -1.34547e-02
 25 -0.03201 -9.81560e-03 | 26 -0.02307 -7.64771e-03 | 27 -0.00002 -8.28848e-03
 28  0.10915 -4.04719e-02 | 29  0.07413 -4.80663e-02 | 30  0.05994 -5.22492e-02
 31 -0.08769 -6.13220e-03 | 32 -0.13295 -8.19503e-04 | 33  0.10208 -6.49577e-02
 34 -0.12544 -2.20437e-04 | 35  0.11568 -6.28516e-02 | 36 -0.02239 -4.37068e-03
 37 -0.09019 -1.11995e-04 | 38 -0.23241  1.39538e-03 | 39 -0.09414  2.95470e-03
 40  0.04527  8.65676e-04 | 41  0.01796  3.16784e-03 | 42  0.01260 -1.65260e-02
 43  0.13535 -5.04001e-02 | 44  0.00417 -1.09309e-02 | 45 -0.07378  3.53528e-03
 46 -0.07590 -8.85562e-05 | 47  0.06325 -2.08056e-03 | 48 -0.01023  4.93371e-03
 49 -0.06679  1.13781e-02 | 50  0.07974  3.28917e-02 | 51  0.05253  5.21629e-03
 52 -0.07319  2.17003e-02 | 53 -0.02666  1.29187e-02 | 54 -0.04778  2.16136e-02
 55 -0.08071  2.31511e-02 | 56  0.00493  4.88065e-02 | 57  0.04556  2.27792e-02
 58 -0.04599  3.19075e-02 | 59  0.12906  2.61988e-02 | 60 -0.05464  1.31810e-02
 61  0.09536  2.57123e-02 | 62  0.09236  1.94580e-02 | 63  0.01919  2.70662e-02
 64  0.14522  1.62396e-02 | 65 -0.05402  2.09871e-02 | 66 -0.01137  1.32587e-02
 67  0.59630 -4.30675e-02 | 68  0.15497  2.45090e-03 | 69  0.40564  5.51349e-02
 70 -0.08817 -2.37063e-04 | 71  0.24467 -3.98299e-03 | 72 -0.35573 -3.75007e-01
 73  0.24853  1.27208e-03 | 74 -0.21745  1.68451e-01 |

 - final statistics:
75 variables; iteration 0; function evaluation 0
Function value 1.5974e+02; maximum gradient component mag -3.7501e-01
Exit code = 0;  converg criter 1.0000e+00
Var    Value     Gradient |Var    Value     Gradient |Var    Value     Gradient
  1 -0.29480  6.42372e-02 |  2  0.41096 -1.07282e-02 |  3  0.03432 -1.79446e-01
  4 -0.50675 -3.73778e-01 |  5 -0.53997 -2.48374e-01 |  6 -0.29530 -1.91797e-01
  7 -0.04120 -1.11824e-01 |  8 -0.00085 -8.34972e-04 |  9 -0.00038  1.23436e-02
 10 -0.00071  1.14510e-03 | 11 -0.00113 -2.69911e-03 | 12 -0.00178 -9.96893e-03
 13 -0.00266 -7.31528e-03 | 14 -0.00391  5.50607e-03 | 15 -0.00583  1.34265e-02
 16 -0.00879 -4.67321e-03 | 17 -0.01273  5.42292e-03 | 18 -0.01818 -9.44976e-03
 19 -0.02491 -1.05191e-02 | 20 -0.03280  6.05904e-03 | 21 -0.04125  1.53066e-03
 22 -0.04817 -1.16563e-03 | 23 -0.05013  2.73699e-03 | 24 -0.04384 -1.34547e-02
 25 -0.03201 -9.81560e-03 | 26 -0.02307 -7.64771e-03 | 27 -0.00002 -8.28848e-03
 28  0.10915 -4.17196e-02 | 29  0.07413 -4.93240e-02 | 30  0.05994 -5.35099e-02
 31 -0.08769 -7.38646e-03 | 32 -0.13295 -2.05824e-03 | 33  0.10208 -6.62077e-02
 34 -0.12544 -1.46218e-03 | 35  0.11568 -6.40970e-02 | 36 -0.02239 -5.63615e-03
 37 -0.09019 -1.36556e-03 | 38 -0.23241  2.12581e-04 | 39 -0.09414  1.70227e-03
 40  0.04527 -3.97371e-04 | 41  0.01796  1.90210e-03 | 42  0.01260 -1.77920e-02
 43  0.13535 -5.16378e-02 | 44  0.00417 -1.21971e-02 | 45 -0.07378  2.27752e-03
 46 -0.07590 -1.34581e-03 | 47  0.06325 -3.34056e-03 | 48 -0.01023  3.66762e-03
 49 -0.06679  1.01189e-02 | 50  0.07974  3.16354e-02 | 51  0.05253  3.95435e-03
 52 -0.07319  2.04424e-02 | 53 -0.02666  1.16536e-02 | 54 -0.04778  2.03509e-02
 55 -0.08071  2.18950e-02 | 56  0.00493  4.75403e-02 | 57  0.04556  2.15162e-02
 58 -0.04599  3.06445e-02 | 59  0.12906  2.49585e-02 | 60 -0.05464  1.19194e-02
 61  0.09536  2.44602e-02 | 62  0.09236  1.82051e-02 | 63  0.01919  2.58005e-02
 64  0.14522  1.50062e-02 | 65 -0.05402  1.97254e-02 | 66 -0.01137  1.19926e-02
 67  0.59630 -4.30675e-02 | 68  0.15497  2.45090e-03 | 69  0.40564  5.51349e-02
 70 -0.08817 -2.37063e-04 | 71  0.24467 -3.98299e-03 | 72 -0.35573 -3.75007e-01
 73  0.24853  1.27208e-03 | 74 -0.21745  1.68451e-01 | 75  0.88668  1.74472e-02

 - final statistics:
75 variables; iteration 0; function evaluation 0
Function value 1.5974e+02; maximum gradient component mag -3.7501e-01
Exit code = 0;  converg criter 1.0000e+00
Var    Value     Gradient |Var    Value     Gradient |Var    Value     Gradient
  1 -0.29480  6.42372e-02 |  2  0.41096 -1.07282e-02 |  3  0.03432 -1.79446e-01
  4 -0.50675 -3.73778e-01 |  5 -0.53997 -2.48374e-01 |  6 -0.29530 -1.91797e-01
  7 -0.04120 -1.11824e-01 |  8 -0.00085 -8.34972e-04 |  9 -0.00038  1.23436e-02
 10 -0.00071  1.14510e-03 | 11 -0.00113 -2.69911e-03 | 12 -0.00178 -9.96893e-03
 13 -0.00266 -7.31528e-03 | 14 -0.00391  5.50607e-03 | 15 -0.00583  1.34265e-02
 16 -0.00879 -4.67321e-03 | 17 -0.01273  5.42292e-03 | 18 -0.01818 -9.44976e-03
 19 -0.02491 -1.05191e-02 | 20 -0.03280  6.05904e-03 | 21 -0.04125  1.53066e-03
 22 -0.04817 -1.16563e-03 | 23 -0.05013  2.73699e-03 | 24 -0.04384 -1.34547e-02
 25 -0.03201 -9.81560e-03 | 26 -0.02307 -7.64771e-03 | 27 -0.00002 -8.28848e-03
 28  0.10915 -4.17196e-02 | 29  0.07413 -4.93240e-02 | 30  0.05994 -5.35099e-02
 31 -0.08769 -7.38646e-03 | 32 -0.13295 -2.05824e-03 | 33  0.10208 -6.62077e-02
 34 -0.12544 -1.46218e-03 | 35  0.11568 -6.40970e-02 | 36 -0.02239 -5.63615e-03
 37 -0.09019 -1.36556e-03 | 38 -0.23241  2.12581e-04 | 39 -0.09414  1.70227e-03
 40  0.04527 -3.97371e-04 | 41  0.01796  1.90210e-03 | 42  0.01260 -1.77920e-02
 43  0.13535 -5.16378e-02 | 44  0.00417 -1.21971e-02 | 45 -0.07378  2.27752e-03
 46 -0.07590 -1.34581e-03 | 47  0.06325 -3.34056e-03 | 48 -0.01023  3.66762e-03
 49 -0.06679  1.01189e-02 | 50  0.07974  3.16354e-02 | 51  0.05253  3.95435e-03
 52 -0.07319  2.04424e-02 | 53 -0.02666  1.16536e-02 | 54 -0.04778  2.03509e-02
 55 -0.08071  2.18950e-02 | 56  0.00493  4.75403e-02 | 57  0.04556  2.15162e-02
 58 -0.04599  3.06445e-02 | 59  0.12906  2.49585e-02 | 60 -0.05464  1.19194e-02
 61  0.09536  2.44602e-02 | 62  0.09236  1.82051e-02 | 63  0.01919  2.58005e-02
 64  0.14522  1.50062e-02 | 65 -0.05402  1.97254e-02 | 66 -0.01137  1.19926e-02
 67  0.59630 -4.30675e-02 | 68  0.15497  2.45090e-03 | 69  0.40564  5.51349e-02
 70 -0.08817 -2.37063e-04 | 71  0.24467 -3.98299e-03 | 72 -0.35573 -3.75007e-01
 73  0.24853  1.27208e-03 | 74 -0.21745  1.68451e-01 | 75  0.88668  1.74472e-02

Initial statistics: 77 variables; iteration 0; function evaluation 0; phase 6
Function value 1.5974308e+02; maximum gradient component mag 7.4500e+00
Var    Value     Gradient |Var    Value     Gradient |Var    Value     Gradient
  1 -0.29480  6.42372e-02 |  2  0.41096 -1.07282e-02 |  3  0.03432 -1.79446e-01
  4 -0.50675 -3.73778e-01 |  5 -0.53997 -2.48374e-01 |  6 -0.29530 -1.91797e-01
  7 -0.04120 -1.11824e-01 |  8 -0.00085 -8.34972e-04 |  9 -0.00038  1.23436e-02
 10 -0.00071  1.14510e-03 | 11 -0.00113 -2.69911e-03 | 12 -0.00178 -9.96893e-03
 13 -0.00266 -7.31528e-03 | 14 -0.00391  5.50607e-03 | 15 -0.00583  1.34265e-02
 16 -0.00879 -4.67321e-03 | 17 -0.01273  5.42292e-03 | 18 -0.01818 -9.44976e-03
 19 -0.02491 -1.05191e-02 | 20 -0.03280  6.05904e-03 | 21 -0.04125  1.53066e-03
 22 -0.04817 -1.16563e-03 | 23 -0.05013  2.73699e-03 | 24 -0.04384 -1.34547e-02
 25 -0.03201 -9.81560e-03 | 26 -0.02307 -7.64771e-03 | 27 -0.00002 -8.28848e-03
 28  0.10915 -4.17196e-02 | 29  0.07413 -4.93240e-02 | 30  0.05994 -5.35099e-02
 31 -0.08769 -7.38646e-03 | 32 -0.13295 -2.05824e-03 | 33  0.10208 -6.62077e-02
 34 -0.12544 -1.46218e-03 | 35  0.11568 -6.40970e-02 | 36 -0.02239 -5.63615e-03
 37 -0.09019 -1.36556e-03 | 38 -0.23241  2.12581e-04 | 39 -0.09414  1.70227e-03
 40  0.04527 -3.97371e-04 | 41  0.01796  1.90210e-03 | 42  0.01260 -1.77920e-02
 43  0.13535 -5.16378e-02 | 44  0.00417 -1.21971e-02 | 45 -0.07378  2.27752e-03
 46 -0.07590 -1.34581e-03 | 47  0.06325 -3.34056e-03 | 48 -0.01023  3.66762e-03
 49 -0.06679  1.01189e-02 | 50  0.07974  3.16354e-02 | 51  0.05253  3.95435e-03
 52 -0.07319  2.04424e-02 | 53 -0.02666  1.16536e-02 | 54 -0.04778  2.03509e-02
 55 -0.08071  2.18950e-02 | 56  0.00493  4.75403e-02 | 57  0.04556  2.15162e-02
 58 -0.04599  3.06445e-02 | 59  0.12906  2.49585e-02 | 60 -0.05464  1.19194e-02
 61  0.09536  2.44602e-02 | 62  0.09236  1.82051e-02 | 63  0.01919  2.58005e-02
 64  0.14522  1.50062e-02 | 65 -0.05402  1.97254e-02 | 66 -0.01137  1.19926e-02
 67 -0.61351 -3.74190e-01 | 68  0.11808  7.44998e+00 | 69  0.59630 -4.30675e-02
 70  0.15497  2.45090e-03 | 71  0.40564  5.51349e-02 | 72 -0.08817 -2.37063e-04
 73  0.24467 -3.98299e-03 | 74 -0.35573 -3.75007e-01 | 75  0.24853  1.27208e-03
 76 -0.21745  1.68451e-01 | 77  0.88668  1.74472e-02 |

Intermediate statistics: 77 variables; iteration 20; function evaluation 24; phase 6
Function value 1.5945449e+02; maximum gradient component mag 8.7147e+01
Var    Value     Gradient |Var    Value     Gradient |Var    Value     Gradient
  1 -0.23453  1.99427e+01 |  2  0.41100 -4.54286e-01 |  3  0.03139 -2.99874e+01
  4 -0.50918 -7.04113e+01 |  5 -0.53668 -3.76269e+01 |  6 -0.26922 -6.71039e+01
  7 -0.03931 -4.94283e+00 |  8 -0.00079 -9.20139e-03 |  9 -0.00047 -8.80121e-03
 10 -0.00068 -7.37099e-03 | 11 -0.00104 -9.37865e-03 | 12 -0.00159 -1.16902e-02
 13 -0.00246 -1.92038e-02 | 14 -0.00376 -3.22284e-02 | 15 -0.00566 -4.66085e-02
 16 -0.00832 -5.54075e-02 | 17 -0.01216 -7.58414e-02 | 18 -0.01724 -8.88901e-02
 19 -0.02366 -1.01961e-01 | 20 -0.03130 -1.08763e-01 | 21 -0.03923 -8.92493e-02
 22 -0.04559 -3.99875e-02 | 23 -0.04702  3.57407e-02 | 24 -0.04021  1.08393e-01
 25 -0.02816  1.26103e-01 | 26 -0.01900  7.75066e-02 | 27  0.00351 -2.41985e-01
 28  0.11510 -3.15553e-01 | 29  0.07129 -2.73798e-01 | 30  0.06365  1.42947e+00
 31 -0.08937  1.55552e+00 | 32 -0.13380  1.11993e+00 | 33  0.10234 -4.42867e+00
 34 -0.12440  2.27704e+00 | 35  0.11665 -3.50924e+00 | 36 -0.02150 -7.35268e-01
 37 -0.08940 -6.57763e-02 | 38 -0.23207  2.25138e+00 | 39 -0.09429 -2.76193e-01
 40  0.04519 -6.96387e+00 | 41  0.01713 -6.26786e+00 | 42  0.01184 -5.13057e+00
 43  0.13544 -1.36406e+01 | 44  0.00376 -2.92567e+00 | 45 -0.07389  2.06626e-01
 46 -0.07624  6.19281e-01 | 47  0.06335 -3.16621e+00 | 48 -0.01076 -1.33229e+00
 49 -0.06772  5.13564e-01 | 50  0.07993 -3.83673e+00 | 51  0.05197 -4.81253e+00
 52 -0.07348 -1.64733e-01 | 53 -0.02737 -3.52115e+00 | 54 -0.04810 -2.64181e+00
 55 -0.08124 -1.85388e+00 | 56  0.00433 -7.47752e+00 | 57  0.04455 -6.77356e+00
 58 -0.04646  1.71681e+00 | 59  0.12894  6.10353e+00 | 60 -0.05478  4.11760e+00
 61  0.09509  2.06225e+00 | 62  0.09174  1.14802e+00 | 63  0.01898  2.31686e+00
 64  0.14475  2.90381e+00 | 65 -0.05385  3.55902e+00 | 66 -0.01134  3.40542e+00
 67 -0.62292 -1.43595e+00 | 68  0.05537 -3.95880e+00 | 69  0.59428 -1.53320e+01
 70  0.15492  2.00419e-03 | 71  0.40551  8.71473e+01 | 72 -0.08816 -3.07941e-04
 73  0.24477 -4.99955e-03 | 74 -0.35646  8.02743e+01 | 75  0.24850  1.26199e-03
 76 -0.22042 -2.78330e+01 | 77  0.88626  1.73800e-02 |
77 variables; iteration 40; function evaluation 47; phase 6
Function value 1.5937445e+02; maximum gradient component mag -7.2095e+01
Var    Value     Gradient |Var    Value     Gradient |Var    Value     Gradient
  1 -0.21308  1.54759e+01 |  2  0.41153 -1.06664e+00 |  3  0.02888 -2.87935e+01
  4 -0.50756 -7.20950e+01 |  5 -0.53793 -4.67015e+01 |  6 -0.25904 -4.39368e+01
  7 -0.03994 -3.93967e+00 |  8 -0.00049  2.17150e-02 |  9 -0.00015  3.11206e-02
 10 -0.00044  1.85572e-02 | 11 -0.00075  1.99046e-02 | 12 -0.00125  1.89333e-02
 13 -0.00188  3.65603e-02 | 14 -0.00278  7.08060e-02 | 15 -0.00430  9.79825e-02
 16 -0.00684  8.89794e-02 | 17 -0.01029  1.05951e-01 | 18 -0.01530  8.13598e-02
 19 -0.02168  4.94368e-02 | 20 -0.02937  6.48931e-03 | 21 -0.03761 -5.45643e-02
 22 -0.04436 -1.10689e-01 | 23 -0.04625 -1.72779e-01 | 24 -0.03997 -2.75848e-01
 25 -0.02803 -3.55702e-01 | 26 -0.01828 -3.06520e-01 | 27  0.00552 -3.47979e-01
 28  0.11451 -9.94627e-01 | 29  0.07715  4.98726e-01 | 30  0.06114  3.61387e-01
 31 -0.08867  9.89655e-01 | 32 -0.13238  1.83214e+00 | 33  0.10206 -5.28175e+00
 34 -0.12448  1.53956e+00 | 35  0.11674 -2.10390e+00 | 36 -0.02141 -3.29768e-01
 37 -0.08934 -1.71676e-01 | 38 -0.23227  1.68624e+00 | 39 -0.09349  1.78833e+00
 40  0.04453 -4.24709e+00 | 41  0.01759 -1.80832e+00 | 42  0.01094 -3.98988e+00
 43  0.13526 -1.06978e+01 | 44  0.00325 -3.79374e+00 | 45 -0.07471 -8.81885e-01
 46 -0.07544  6.57198e-01 | 47  0.06250 -5.01724e+00 | 48 -0.01071 -1.03696e+00
 49 -0.06794  4.84200e-01 | 50  0.07939 -3.60195e+00 | 51  0.05185 -3.85973e+00
 52 -0.07483 -1.05079e+00 | 53 -0.02668 -2.95974e-01 | 54 -0.04913 -2.09869e+00
 55 -0.08085  9.32747e-01 | 56  0.00432 -2.20812e+00 | 57  0.04385 -4.14598e+00
 58 -0.04527  5.27313e+00 | 59  0.12814  2.30572e+00 | 60 -0.05719  1.02427e+00
 61  0.09533  3.44305e+00 | 62  0.09162  3.48973e+00 | 63  0.01855  2.04684e+00
 64  0.14445  2.72985e+00 | 65 -0.05452  2.43172e+00 | 66 -0.00720  2.88910e+00
 67 -0.61983  3.84236e-01 | 68  0.03214 -9.77820e-01 | 69  0.59112 -1.35223e+01
 70  0.15381  2.14942e-03 | 71  0.40503  6.95313e+01 | 72 -0.08801 -3.46996e-04
 73  0.24714 -4.78874e-03 | 74 -0.35884 -7.85713e+00 | 75  0.24785  1.25561e-03
 76 -0.22751  2.60289e+00 | 77  0.87738  1.60917e-02 |
77 variables; iteration 60; function evaluation 77; phase 6
Function value 1.5931138e+02; maximum gradient component mag -2.7439e+01
Var    Value     Gradient |Var    Value     Gradient |Var    Value     Gradient
  1 -0.19392  4.85404e+00 |  2  0.41098 -1.12483e+00 |  3  0.02470 -1.06974e+01
  4 -0.50619 -2.74385e+01 |  5 -0.53850 -2.05702e+01 |  6 -0.24853 -1.52015e+01
  7 -0.03899 -1.76451e+00 |  8 -0.00087 -3.27679e-02 |  9 -0.00054 -2.53711e-02
 10 -0.00075 -2.55618e-02 | 11 -0.00112 -3.44673e-02 | 12 -0.00170 -4.72139e-02
 13 -0.00259 -6.72632e-02 | 14 -0.00379 -7.97629e-02 | 15 -0.00540 -6.90786e-02
 16 -0.00779 -6.23674e-02 | 17 -0.01072  2.76139e-02 | 18 -0.01556  2.06869e-02
 19 -0.02246 -1.04079e-01 | 20 -0.03058 -2.31073e-01 | 21 -0.03676  6.14995e-02
 22 -0.04262  1.77983e-01 | 23 -0.04604 -1.58709e-01 | 24 -0.03791  1.03176e-01
 25 -0.02930 -4.89780e-01 | 26 -0.01659  1.61540e-01 | 27  0.00231 -3.47527e-01
 28  0.11972  2.73452e-01 | 29  0.07420  3.95842e-01 | 30  0.06208  4.69004e-01
 31 -0.08859  9.39951e-01 | 32 -0.13252  8.60411e-01 | 33  0.10254 -3.05787e-01
 34 -0.12422  7.32088e-01 | 35  0.11670 -1.47436e+00 | 36 -0.02118  2.13209e-01
 37 -0.08890  4.24525e-01 | 38 -0.23169  9.47117e-01 | 39 -0.09406  4.92344e-01
 40  0.04487 -7.44497e-01 | 41  0.01683 -3.73999e-01 | 42  0.01157 -5.94038e-01
 43  0.13496 -3.38079e+00 | 44  0.00325 -8.79700e-01 | 45 -0.07422  1.68488e-01
 46 -0.07650  2.93249e-02 | 47  0.06278 -1.57112e+00 | 48 -0.01131 -5.34106e-01
 49 -0.06817  1.46179e-01 | 50  0.07926 -1.67341e+00 | 51  0.05152 -1.02620e+00
 52 -0.07425  3.10301e-01 | 53 -0.02726  1.83891e-01 | 54 -0.04857  1.37222e-01
 55 -0.08150  5.90573e-01 | 56  0.00441  2.02656e-02 | 57  0.04415 -4.25906e-01
 58 -0.04674  9.96587e-01 | 59  0.12776 -8.54433e-01 | 60 -0.05599  9.02398e-01
 61  0.09488  5.24010e-01 | 62  0.09143  9.84285e-01 | 63  0.01876  7.98495e-01
 64  0.14426  9.54424e-01 | 65 -0.05411  1.19154e+00 | 66 -0.00869  1.20677e+00
 67 -0.62553 -2.48694e-01 | 68  0.00327 -1.06836e+00 | 69  0.58966 -3.57768e+00
 70  0.15500  1.77080e-03 | 71  0.40481  1.79264e+01 | 72 -0.08716 -3.36357e-04
 73  0.25703 -3.94899e-03 | 74 -0.35911  1.89868e+00 | 75  0.24493  1.23174e-03
 76 -0.22861 -5.95376e-01 | 77  0.84284  1.24500e-02 |
77 variables; iteration 80; function evaluation 110; phase 6
Function value 1.5930446e+02; maximum gradient component mag 5.2383e-01
Var    Value     Gradient |Var    Value     Gradient |Var    Value     Gradient
  1 -0.18697 -6.09410e-02 |  2  0.41096  3.76673e-02 |  3  0.02446  1.62841e-01
  4 -0.50624  5.23833e-01 |  5 -0.53832  4.68137e-01 |  6 -0.24541  2.74851e-01
  7 -0.03895  2.32016e-02 |  8 -0.00079 -2.43319e-02 |  9 -0.00027  1.16565e-02
 10 -0.00069 -1.83187e-02 | 11 -0.00093 -9.08949e-03 | 12 -0.00109  3.63781e-02
 13 -0.00209 -6.47194e-04 | 14 -0.00331 -1.73353e-02 | 15 -0.00482  6.14860e-03
 16 -0.00741 -1.88405e-02 | 17 -0.01094 -2.40325e-02 | 18 -0.01542  2.11230e-02
 19 -0.02167 -3.26880e-03 | 20 -0.02900  5.44666e-03 | 21 -0.03689  1.10290e-03
 22 -0.04333  6.74734e-03 | 23 -0.04505 -3.07243e-04 | 24 -0.03845  4.90635e-03
 25 -0.02657  1.18668e-03 | 26 -0.01796 -2.16470e-03 | 27  0.00391 -9.47978e-03
 28  0.12003 -2.09356e-02 | 29  0.07460 -2.44956e-02 | 30  0.06219 -3.11837e-02
 31 -0.08862 -2.57361e-02 | 32 -0.13241 -2.08869e-02 | 33  0.10256 -3.78810e-02
 34 -0.12399 -2.30786e-02 | 35  0.11681  4.08849e-02 | 36 -0.02105 -1.88478e-02
 37 -0.08868 -3.21888e-02 | 38 -0.23191 -2.05658e-02 | 39 -0.09397 -4.99780e-03
 40  0.04487  1.57211e-03 | 41  0.01676 -5.13974e-03 | 42  0.01163 -6.27287e-03
 43  0.13497  3.89610e-02 | 44  0.00333 -1.44625e-02 | 45 -0.07432 -8.44840e-03
 46 -0.07638 -4.41118e-03 | 47  0.06275  2.38097e-02 | 48 -0.01126  8.02770e-03
 49 -0.06826 -4.28177e-04 | 50  0.07931  4.49046e-02 | 51  0.05150  2.78709e-03
 52 -0.07418 -2.76516e-02 | 53 -0.02730 -1.39441e-02 | 54 -0.04850 -2.57016e-02
 55 -0.08162 -1.64560e-02 | 56  0.00441 -1.50131e-02 | 57  0.04412 -2.14660e-02
 58 -0.04695  2.22195e-02 | 59  0.12779  7.34426e-02 | 60 -0.05621 -1.51680e-02
 61  0.09494  1.07140e-02 | 62  0.09134 -7.01999e-03 | 63  0.01894 -2.61547e-02
 64  0.14419 -1.17503e-02 | 65 -0.05435 -2.78154e-02 | 66 -0.00967 -2.50040e-02
 67 -0.62578 -1.73486e-03 | 68 -0.00433  4.65452e-02 | 69  0.58923  1.97521e-02
 70  0.19891  8.00092e-04 | 71  0.40475 -9.09261e-02 | 72 -0.06926 -3.58124e-04
 73  0.36930  9.86600e-04 | 74 -0.35958 -5.16885e-01 | 75  0.19654 -1.85860e-03
 76 -0.23025  1.87326e-01 | 77  0.45242  8.20517e-04 |
77 variables; iteration 100; function evaluation 140; phase 6
Function value 1.5930420e+02; maximum gradient component mag -4.4351e-01
Var    Value     Gradient |Var    Value     Gradient |Var    Value     Gradient
  1 -0.18710 -2.21101e-02 |  2  0.41095 -6.80061e-03 |  3  0.02459  1.73431e-03
  4 -0.50633 -1.94766e-02 |  5 -0.53829 -3.50993e-02 |  6 -0.24545  1.13492e-01
  7 -0.03895  2.99964e-03 |  8 -0.00062 -7.59225e-04 |  9 -0.00036 -1.75771e-04
 10 -0.00056 -9.57340e-04 | 11 -0.00087 -1.77014e-04 | 12 -0.00134  6.23474e-04
 13 -0.00207  1.47722e-03 | 14 -0.00320 -1.77747e-03 | 15 -0.00484  2.33213e-03
 16 -0.00730 -2.64776e-03 | 17 -0.01079 -1.19975e-03 | 18 -0.01555  7.78364e-04
 19 -0.02165  1.67112e-05 | 20 -0.02902  1.31083e-03 | 21 -0.03690 -2.08950e-04
 22 -0.04337 -7.84671e-04 | 23 -0.04504  2.23287e-05 | 24 -0.03847  2.60580e-04
 25 -0.02657  3.65800e-04 | 26 -0.01793  6.44255e-04 | 27  0.00401  2.82246e-03
 28  0.12004 -2.28232e-03 | 29  0.07460 -1.39331e-03 | 30  0.06219 -4.78638e-04
 31 -0.08864 -2.74840e-03 | 32 -0.13242 -3.10118e-03 | 33  0.10257  1.54552e-02
 34 -0.12400 -2.89917e-03 | 35  0.11681  2.39906e-03 | 36 -0.02105  2.37609e-04
 37 -0.08868 -6.01736e-05 | 38 -0.23191 -5.01748e-03 | 39 -0.09398 -2.77060e-03
 40  0.04488  1.34459e-02 | 41  0.01676  7.72676e-03 | 42  0.01163  4.71831e-03
 43  0.13497  1.47649e-02 | 44  0.00334  1.42182e-03 | 45 -0.07432 -4.17794e-03
 46 -0.07638 -3.93301e-03 | 47  0.06275  6.40686e-03 | 48 -0.01126 -1.43565e-03
 49 -0.06826 -2.85858e-03 | 50  0.07931  6.72568e-03 | 51  0.05150  1.32573e-03
 52 -0.07417  2.02533e-03 | 53 -0.02730  1.89923e-03 | 54 -0.04849  5.36329e-03
 55 -0.08162  1.61223e-03 | 56  0.00442  1.57833e-02 | 57  0.04413  1.24277e-02
 58 -0.04697 -5.77920e-03 | 59  0.12779  6.76778e-03 | 60 -0.05621 -4.16468e-03
 61  0.09494 -4.27807e-04 | 62  0.09134 -2.65653e-03 | 63  0.01894 -1.82725e-03
 64  0.14419 -5.61239e-03 | 65 -0.05434 -5.18935e-03 | 66 -0.00967 -5.76517e-03
 67 -0.62572  3.56594e-03 | 68 -0.00428  2.21521e-02 | 69  0.58929  8.06298e-03
 70  0.14712 -9.26407e-04 | 71  0.40476 -4.90199e-02 | 72 -0.00600 -3.51295e-05
 73  0.32662 -2.10050e-04 | 74 -0.36052 -4.43509e-01 | 75  0.27375 -1.40936e-04
 76 -0.23318  1.58397e-01 | 77  0.36476 -1.56572e-04 |
77 variables; iteration 120; function evaluation 161; phase 6
Function value 1.5930410e+02; maximum gradient component mag -1.0690e+00
Var    Value     Gradient |Var    Value     Gradient |Var    Value     Gradient
  1 -0.18713 -5.12531e-02 |  2  0.41096  8.91358e-04 |  3  0.02456  2.84058e-02
  4 -0.50631  7.60339e-02 |  5 -0.53829  5.49119e-02 |  6 -0.24547  2.70839e-01
  7 -0.03895  1.21765e-02 |  8 -0.00062  3.14795e-04 |  9 -0.00036  3.97951e-05
 10 -0.00055  3.89199e-04 | 11 -0.00086  5.27438e-05 | 12 -0.00135 -2.58735e-04
 13 -0.00209 -4.47371e-04 | 14 -0.00318  8.68171e-04 | 15 -0.00487 -7.55782e-04
 16 -0.00728  8.86810e-04 | 17 -0.01078  7.59673e-04 | 18 -0.01556 -4.17639e-04
 19 -0.02165  2.40019e-04 | 20 -0.02903 -3.03008e-04 | 21 -0.03690  3.66367e-04
 22 -0.04337  5.40131e-04 | 23 -0.04505  2.81567e-04 | 24 -0.03848  1.50118e-04
 25 -0.02658  2.77537e-04 | 26 -0.01794  6.57432e-04 | 27  0.00398  7.36492e-04
 28  0.12004 -8.49370e-03 | 29  0.07460 -9.17852e-03 | 30  0.06219 -7.90402e-03
 31 -0.08863 -1.33829e-02 | 32 -0.13242 -1.15305e-02 | 33  0.10257  1.59483e-02
 34 -0.12400 -1.02040e-02 | 35  0.11681  2.54049e-02 | 36 -0.02105 -3.95038e-03
 37 -0.08868 -1.04486e-02 | 38 -0.23191 -1.39560e-02 | 39 -0.09398 -3.28802e-03
 40  0.04487  2.00069e-02 | 41  0.01676  8.05836e-03 | 42  0.01163  3.00318e-03
 43  0.13497  2.97340e-02 | 44  0.00334 -7.11990e-03 | 45 -0.07432 -9.37833e-03
 46 -0.07638 -8.68147e-03 | 47  0.06275  1.28696e-02 | 48 -0.01126 -2.57536e-03
 49 -0.06826 -6.07640e-03 | 50  0.07931  2.09790e-02 | 51  0.05150 -1.05109e-03
 52 -0.07417 -1.01530e-02 | 53 -0.02730 -4.35913e-03 | 54 -0.04849 -2.91983e-03
 55 -0.08162 -3.97012e-03 | 56  0.00442  1.66584e-02 | 57  0.04413  8.91318e-03
 58 -0.04696  9.51031e-04 | 59  0.12779  3.61830e-02 | 60 -0.05621 -9.54167e-03
 61  0.09494  5.50913e-03 | 62  0.09134 -4.89967e-03 | 63  0.01894 -1.05974e-02
 64  0.14419 -1.07638e-02 | 65 -0.05435 -1.75826e-02 | 66 -0.00968 -1.92759e-02
 67 -0.62574 -3.43454e-04 | 68 -0.00425  5.93419e-02 | 69  0.58928  9.52451e-03
 70  0.13311 -2.10437e-04 | 71  0.40476 -4.90317e-02 | 72  0.14919  6.27348e-04
 73  0.32808 -2.27873e-04 | 74 -0.36344 -1.06898e+00 | 75  0.27196 -1.16526e-04
 76 -0.24282  3.23796e-01 | 77  0.37036 -9.87752e-07 |
77 variables; iteration 140; function evaluation 185; phase 6
Function value 1.5930398e+02; maximum gradient component mag -1.9099e-01
Var    Value     Gradient |Var    Value     Gradient |Var    Value     Gradient
  1 -0.18715 -6.24266e-03 |  2  0.41096 -2.78994e-03 |  3  0.02458 -4.88980e-03
  4 -0.50632 -1.93291e-02 |  5 -0.53829 -2.13378e-02 |  6 -0.24548  3.67552e-02
  7 -0.03895 -9.87624e-04 |  8 -0.00062 -2.11655e-04 |  9 -0.00036 -1.02105e-04
 10 -0.00056 -2.74723e-04 | 11 -0.00086  8.56651e-06 | 12 -0.00134  1.99675e-04
 13 -0.00208  6.41477e-04 | 14 -0.00319 -2.21508e-04 | 15 -0.00486  6.23664e-04
 16 -0.00729 -1.08000e-03 | 17 -0.01079 -1.42358e-04 | 18 -0.01555 -4.39857e-05
 19 -0.02166  5.94260e-05 | 20 -0.02903  1.74023e-04 | 21 -0.03690  8.07396e-05
 22 -0.04337 -1.82591e-05 | 23 -0.04505  1.05957e-04 | 24 -0.03848 -1.26474e-04
 25 -0.02658 -1.58199e-04 | 26 -0.01794  4.11946e-04 | 27  0.00399  7.91327e-04
 28  0.12004 -9.67941e-04 | 29  0.07459 -6.50952e-04 | 30  0.06219 -2.79559e-05
 31 -0.08864 -1.18261e-03 | 32 -0.13242 -6.88160e-04 | 33  0.10257  5.26594e-03
 34 -0.12400 -6.22254e-04 | 35  0.11681  5.13891e-04 | 36 -0.02105 -1.08999e-04
 37 -0.08868 -2.51827e-04 | 38 -0.23191 -1.50861e-03 | 39 -0.09398 -4.04679e-04
 40  0.04488  4.41429e-03 | 41  0.01676  2.39842e-03 | 42  0.01163  1.39199e-03
 43  0.13497  3.73108e-03 | 44  0.00334 -6.67320e-04 | 45 -0.07432 -1.47552e-03
 46 -0.07638 -1.45349e-03 | 47  0.06275  1.71623e-03 | 48 -0.01126 -1.00629e-03
 49 -0.06826 -1.04996e-03 | 50  0.07931  1.96754e-03 | 51  0.05150 -4.35868e-06
 52 -0.07417  2.61909e-04 | 53 -0.02730  7.09946e-04 | 54 -0.04849  1.87765e-03
 55 -0.08162  8.35228e-04 | 56  0.00442  5.66005e-03 | 57  0.04413  4.24184e-03
 58 -0.04696 -1.05317e-03 | 59  0.12779  2.90051e-03 | 60 -0.05621 -9.24847e-04
 61  0.09494  3.07307e-04 | 62  0.09134 -6.67543e-04 | 63  0.01894 -3.07379e-04
 64  0.14419 -1.31454e-03 | 65 -0.05434 -1.57431e-03 | 66 -0.00968 -1.87211e-03
 67 -0.62573  3.93280e-04 | 68 -0.00424  8.57615e-03 | 69  0.58929  1.58612e-03
 70  0.15017 -2.30594e-05 | 71  0.40476 -9.74903e-03 | 72 -0.02729 -8.80323e-05
 73  0.34045  2.92717e-04 | 74 -0.36538 -1.90989e-01 | 75  0.28103  9.41097e-05
 76 -0.24968  6.08582e-02 | 77  0.36572 -6.21275e-06 |
77 variables; iteration 160; function evaluation 209; phase 6
Function value 1.5930393e+02; maximum gradient component mag -1.8294e+00
Var    Value     Gradient |Var    Value     Gradient |Var    Value     Gradient
  1 -0.18716 -7.72378e-02 |  2  0.41096 -1.37382e-03 |  3  0.02457  3.67304e-02
  4 -0.50632  8.75344e-02 |  5 -0.53829  5.56003e-02 |  6 -0.24548  4.02731e-01
  7 -0.03895  1.59599e-02 |  8 -0.00062  2.21181e-05 |  9 -0.00036  6.47257e-08
 10 -0.00055  2.42226e-05 | 11 -0.00086  1.47170e-05 | 12 -0.00134 -4.39403e-07
 13 -0.00208  1.74021e-05 | 14 -0.00319  1.10652e-04 | 15 -0.00486 -4.92075e-07
 16 -0.00729  6.34327e-05 | 17 -0.01079  1.58601e-04 | 18 -0.01556  6.10393e-05
 19 -0.02166  1.92430e-04 | 20 -0.02903  1.85459e-04 | 21 -0.03690  3.35060e-04
 22 -0.04337  4.44240e-04 | 23 -0.04505  5.59820e-04 | 24 -0.03848  7.29701e-04
 25 -0.02658  1.06720e-03 | 26 -0.01794  1.58000e-03 | 27  0.00399  2.40648e-03
 28  0.12004 -1.26518e-02 | 29  0.07459 -1.37012e-02 | 30  0.06219 -1.05841e-02
 31 -0.08864 -2.00723e-02 | 32 -0.13242 -1.70014e-02 | 33  0.10257  2.70681e-02
 34 -0.12400 -1.38184e-02 | 35  0.11681  3.36362e-02 | 36 -0.02105 -5.18786e-03
 37 -0.08868 -1.34809e-02 | 38 -0.23191 -1.99259e-02 | 39 -0.09398 -3.74290e-03
 40  0.04487  3.14649e-02 | 41  0.01676  1.32819e-02 | 42  0.01163  6.21088e-03
 43  0.13497  4.43779e-02 | 44  0.00334 -9.45729e-03 | 45 -0.07432 -1.33387e-02
 46 -0.07638 -1.27723e-02 | 47  0.06275  1.91784e-02 | 48 -0.01126 -4.28209e-03
 49 -0.06826 -9.21393e-03 | 50  0.07931  2.98439e-02 | 51  0.05150 -4.60093e-04
 52 -0.07417 -1.32041e-02 | 53 -0.02730 -5.14567e-03 | 54 -0.04849 -1.67877e-03
 55 -0.08162 -4.45911e-03 | 56  0.00442  2.79358e-02 | 57  0.04413  1.70763e-02
 58 -0.04696 -4.44480e-04 | 59  0.12779  5.01620e-02 | 60 -0.05621 -1.30005e-02
 61  0.09494  7.19799e-03 | 62  0.09134 -7.64954e-03 | 63  0.01894 -1.39669e-02
 64  0.14419 -1.58283e-02 | 65 -0.05435 -2.50474e-02 | 66 -0.00968 -2.76684e-02
 67 -0.62573 -3.41941e-04 | 68 -0.00424  8.73563e-02 | 69  0.58929  1.65174e-02
 70  0.14957  5.63090e-05 | 71  0.40476 -8.17931e-02 | 72 -0.00924  1.57629e-05
 73  0.33235  2.43703e-05 | 74 -0.36786 -1.82941e+00 | 75  0.27747 -7.67086e-07
 76 -0.25898  4.72635e-01 | 77  0.36804 -1.22623e-07 |
77 variables; iteration 180; function evaluation 231; phase 6
Function value 1.5930392e+02; maximum gradient component mag -1.7028e-03
Var    Value     Gradient |Var    Value     Gradient |Var    Value     Gradient
  1 -0.18717 -8.25393e-05 |  2  0.41096 -3.16365e-06 |  3  0.02457  5.73550e-05
  4 -0.50632  1.21041e-04 |  5 -0.53829  6.71432e-05 |  6 -0.24548  3.94731e-04
  7 -0.03895  1.46823e-05 |  8 -0.00062 -8.97482e-07 |  9 -0.00036 -3.18698e-08
 10 -0.00055 -1.00673e-06 | 11 -0.00086 -2.39970e-07 | 12 -0.00134  6.64250e-07
 13 -0.00208  7.70953e-07 | 14 -0.00319 -2.90183e-06 | 15 -0.00486  2.03107e-06
 16 -0.00729 -1.43086e-06 | 17 -0.01079 -2.40320e-06 | 18 -0.01555  2.05763e-06
 19 -0.02166 -4.18639e-07 | 20 -0.02903  1.94389e-06 | 21 -0.03690 -4.44097e-07
 22 -0.04337 -7.76950e-07 | 23 -0.04505  3.93640e-07 | 24 -0.03848  2.07762e-06
 25 -0.02658  2.63662e-06 | 26 -0.01794  1.75900e-06 | 27  0.00399  4.86543e-06
 28  0.12004 -1.10121e-05 | 29  0.07459 -1.17191e-05 | 30  0.06219 -8.02945e-06
 31 -0.08864 -1.92706e-05 | 32 -0.13242 -1.57617e-05 | 33  0.10257  3.05764e-05
 34 -0.12400 -1.28541e-05 | 35  0.11681  2.65347e-05 | 36 -0.02105 -4.22599e-06
 37 -0.08868 -9.78940e-06 | 38 -0.23191 -1.89708e-05 | 39 -0.09398 -4.09709e-06
 40  0.04487  3.32611e-05 | 41  0.01676  1.55289e-05 | 42  0.01163  1.03745e-05
 43  0.13497  5.00285e-05 | 44  0.00334 -3.24866e-06 | 45 -0.07432 -1.19624e-05
 46 -0.07638 -1.13987e-05 | 47  0.06275  2.23735e-05 | 48 -0.01126 -2.92948e-06
 49 -0.06826 -8.75810e-06 | 50  0.07931  2.91852e-05 | 51  0.05150  4.12079e-06
 52 -0.07417 -8.13985e-06 | 53 -0.02730 -1.98738e-06 | 54 -0.04849  2.98516e-06
 55 -0.08162 -2.97044e-06 | 56  0.00442  3.06465e-05 | 57  0.04413  2.24766e-05
 58 -0.04696 -6.79459e-06 | 59  0.12779  3.95064e-05 | 60 -0.05621 -1.36734e-05
 61  0.09494  2.39693e-06 | 62  0.09134 -1.04680e-05 | 63  0.01894 -1.24637e-05
 64  0.14419 -1.68246e-05 | 65 -0.05434 -2.32662e-05 | 66 -0.00968 -2.57966e-05
 67 -0.62573  1.80014e-06 | 68 -0.00423  7.69144e-05 | 69  0.58929  2.92462e-05
 70  0.14962 -5.67422e-08 | 71  0.40476 -1.49578e-04 | 72 -0.01219 -2.95549e-07
 73  0.33150 -4.97254e-07 | 74 -0.36935 -1.70285e-03 | 75  0.27782  1.97234e-07
 76 -0.26494  4.23155e-04 | 77  0.36816  9.54016e-08 |

 - final statistics:
77 variables; iteration 181; function evaluation 232
Function value 1.5930e+02; maximum gradient component mag -2.1275e-05
Exit code = 1;  converg criter 1.0000e-04
Var    Value     Gradient |Var    Value     Gradient |Var    Value     Gradient
  1 -0.18717 -3.07095e-06 |  2  0.41096 -8.62386e-07 |  3  0.02457  5.61485e-06
  4 -0.50632  8.22720e-06 |  5 -0.53829  1.40882e-06 |  6 -0.24548  6.70790e-06
  7 -0.03895 -4.15418e-07 |  8 -0.00062 -2.70062e-07 |  9 -0.00036 -2.09818e-08
 10 -0.00055 -3.13249e-07 | 11 -0.00086 -6.74964e-08 | 12 -0.00134  2.04430e-07
 13 -0.00208  2.89384e-07 | 14 -0.00319 -8.70583e-07 | 15 -0.00486  6.43480e-07
 16 -0.00729 -5.41473e-07 | 17 -0.01079 -7.33607e-07 | 18 -0.01555  5.51707e-07
 19 -0.02166 -1.66810e-07 | 20 -0.02903  5.12229e-07 | 21 -0.03690 -2.02559e-07
 22 -0.04337 -3.36371e-07 | 23 -0.04505 -3.14557e-08 | 24 -0.03848  3.57773e-07
 25 -0.02658  4.14628e-07 | 26 -0.01794  1.01062e-07 | 27  0.00399  7.98693e-07
 28  0.12004  1.95757e-07 | 29  0.07459  3.34904e-07 | 30  0.06219  5.81083e-07
 31 -0.08864 -1.26615e-07 | 32 -0.13242  1.00884e-07 | 33  0.10257  1.89083e-06
 34 -0.12400  1.28482e-08 | 35  0.11681 -1.57859e-06 | 36 -0.02105  1.71316e-07
 37 -0.08868  8.26436e-07 | 38 -0.23191 -1.55449e-07 | 39 -0.09398 -2.31016e-07
 40  0.04487  1.38370e-06 | 41  0.01676  1.06407e-06 | 42  0.01163  1.39558e-06
 43  0.13497  2.53436e-06 | 44  0.00334  1.54668e-06 | 45 -0.07432  3.01502e-08
 46 -0.07638  6.00712e-08 | 47  0.06275  1.34913e-06 | 48 -0.01126  2.16346e-07
 49 -0.06826 -9.65431e-08 | 50  0.07931  4.37005e-07 | 51  0.05150  1.28550e-06
 52 -0.07417  1.32432e-06 | 53 -0.02730  9.34933e-07 | 54 -0.04849  1.53059e-06
 55 -0.08162  4.74107e-07 | 56  0.00442  1.79590e-06 | 57  0.04413  2.23135e-06
 58 -0.04696 -1.91240e-06 | 59  0.12779 -2.01525e-06 | 60 -0.05621 -4.82661e-07
 61  0.09494 -1.21902e-06 | 62  0.09134 -9.58619e-07 | 63  0.01894  2.13022e-07
 64  0.14419 -6.24208e-07 | 65 -0.05434  2.50905e-08 | 66 -0.00968 -1.66892e-08
 67 -0.62573  6.48423e-07 | 68 -0.00423 -9.15624e-07 | 69  0.58929  3.97474e-06
 70  0.14962  4.60468e-07 | 71  0.40476 -2.12754e-05 | 72 -0.01214 -6.55643e-08
 73  0.33151 -1.18466e-07 | 74 -0.36936  2.26378e-06 | 75  0.27782  6.62636e-08
 76 -0.26495 -2.34064e-07 | 77  0.36816  2.76064e-08 |
Estimating row 1 out of 77 for hessian
Estimating row 2 out of 77 for hessian
Estimating row 3 out of 77 for hessian
Estimating row 4 out of 77 for hessian
Estimating row 5 out of 77 for hessian
Estimating row 6 out of 77 for hessian
Estimating row 7 out of 77 for hessian
Estimating row 8 out of 77 for hessian
Estimating row 9 out of 77 for hessian
Estimating row 10 out of 77 for hessian
Estimating row 11 out of 77 for hessian
Estimating row 12 out of 77 for hessian
Estimating row 13 out of 77 for hessian
Estimating row 14 out of 77 for hessian
Estimating row 15 out of 77 for hessian
Estimating row 16 out of 77 for hessian
Estimating row 17 out of 77 for hessian
Estimating row 18 out of 77 for hessian
Estimating row 19 out of 77 for hessian
Estimating row 20 out of 77 for hessian
Estimating row 21 out of 77 for hessian
Estimating row 22 out of 77 for hessian
Estimating row 23 out of 77 for hessian
Estimating row 24 out of 77 for hessian
Estimating row 25 out of 77 for hessian
Estimating row 26 out of 77 for hessian
Estimating row 27 out of 77 for hessian
Estimating row 28 out of 77 for hessian
Estimating row 29 out of 77 for hessian
Estimating row 30 out of 77 for hessian
Estimating row 31 out of 77 for hessian
Estimating row 32 out of 77 for hessian
Estimating row 33 out of 77 for hessian
Estimating row 34 out of 77 for hessian
Estimating row 35 out of 77 for hessian
Estimating row 36 out of 77 for hessian
Estimating row 37 out of 77 for hessian
Estimating row 38 out of 77 for hessian
Estimating row 39 out of 77 for hessian
Estimating row 40 out of 77 for hessian
Estimating row 41 out of 77 for hessian
Estimating row 42 out of 77 for hessian
Estimating row 43 out of 77 for hessian
Estimating row 44 out of 77 for hessian
Estimating row 45 out of 77 for hessian
Estimating row 46 out of 77 for hessian
Estimating row 47 out of 77 for hessian
Estimating row 48 out of 77 for hessian
Estimating row 49 out of 77 for hessian
Estimating row 50 out of 77 for hessian
Estimating row 51 out of 77 for hessian
Estimating row 52 out of 77 for hessian
Estimating row 53 out of 77 for hessian
Estimating row 54 out of 77 for hessian
Estimating row 55 out of 77 for hessian
Estimating row 56 out of 77 for hessian
Estimating row 57 out of 77 for hessian
Estimating row 58 out of 77 for hessian
Estimating row 59 out of 77 for hessian
Estimating row 60 out of 77 for hessian
Estimating row 61 out of 77 for hessian
Estimating row 62 out of 77 for hessian
Estimating row 63 out of 77 for hessian
Estimating row 64 out of 77 for hessian
Estimating row 65 out of 77 for hessian
Estimating row 66 out of 77 for hessian
Estimating row 67 out of 77 for hessian
Estimating row 68 out of 77 for hessian
Estimating row 69 out of 77 for hessian
Estimating row 70 out of 77 for hessian
Estimating row 71 out of 77 for hessian
Estimating row 72 out of 77 for hessian
Estimating row 73 out of 77 for hessian
Estimating row 74 out of 77 for hessian
Estimating row 75 out of 77 for hessian
Estimating row 76 out of 77 for hessian
Estimating row 77 out of 77 for hessian
size of file gradfil1.tmp = 0
size of file gradfil2.tmp = 0
size of file varssave.tmp = 0
size of file cmpdiff.tmp = 0
